

================================================================
== Vitis HLS Report for 'axis_to_word'
================================================================
* Date:           Tue Jun 30 20:57:55 2026

* Version:        2023.2 (Build 4023990 on Oct 11 2023)
* Project:        mdf_fft_hls
* Solution:       solution1 (Vivado IP Flow Target)
* Product family: artix7
* Target device:  xc7a200t-fbg676-2


================================================================
== Performance Estimates
================================================================
+ Timing: 
    * Summary: 
    +--------+----------+----------+------------+
    |  Clock |  Target  | Estimated| Uncertainty|
    +--------+----------+----------+------------+
    |ap_clk  |  10.00 ns|  4.382 ns|     2.70 ns|
    +--------+----------+----------+------------+

+ Latency: 
    * Summary: 
    +---------+---------+----------+----------+-----+-----+---------+
    |  Latency (cycles) |  Latency (absolute) |  Interval | Pipeline|
    |   min   |   max   |    min   |    max   | min | max |   Type  |
    +---------+---------+----------+----------+-----+-----+---------+
    |      258|      258|  2.580 us|  2.580 us|  258|  258|       no|
    +---------+---------+----------+----------+-----+-----+---------+

    + Detail: 
        * Instance: 
        N/A

        * Loop: 
        +--------------------+---------+---------+----------+-----------+-----------+------+----------+
        |                    |  Latency (cycles) | Iteration|  Initiation Interval  | Trip |          |
        |      Loop Name     |   min   |   max   |  Latency |  achieved |   target  | Count| Pipelined|
        +--------------------+---------+---------+----------+-----------+-----------+------+----------+
        |- VITIS_LOOP_301_1  |      256|      256|         2|          1|          1|   256|  yes(flp)|
        +--------------------+---------+---------+----------+-----------+-----------+------+----------+



================================================================
== Utilization Estimates
================================================================
* Summary: 
+-----------------+---------+-----+--------+--------+-----+
|       Name      | BRAM_18K| DSP |   FF   |   LUT  | URAM|
+-----------------+---------+-----+--------+--------+-----+
|DSP              |        -|    -|       -|       -|    -|
|Expression       |        -|    -|       0|      39|    -|
|FIFO             |        -|    -|       -|       -|    -|
|Instance         |        -|    -|       -|       -|    -|
|Memory           |        -|    -|       -|       -|    -|
|Multiplexer      |        -|    -|       -|      76|    -|
|Register         |        -|    -|     145|       -|    -|
+-----------------+---------+-----+--------+--------+-----+
|Total            |        0|    0|     145|     115|    0|
+-----------------+---------+-----+--------+--------+-----+
|Available        |      730|  740|  269200|  134600|    0|
+-----------------+---------+-----+--------+--------+-----+
|Utilization (%)  |        0|    0|      ~0|      ~0|    0|
+-----------------+---------+-----+--------+--------+-----+

+ Detail: 
    * Instance: 
    N/A

    * DSP: 
    N/A

    * Memory: 
    N/A

    * FIFO: 
    N/A

    * Expression: 
    +----------------------------------+----------+----+---+----+------------+------------+
    |           Variable Name          | Operation| DSP| FF| LUT| Bitwidth P0| Bitwidth P1|
    +----------------------------------+----------+----+---+----+------------+------------+
    |i_4_fu_101_p2                     |         +|   0|  0|  16|           9|           1|
    |ap_block_state2_pp0_stage0_iter1  |       and|   0|  0|   2|           1|           1|
    |ap_condition_77                   |       and|   0|  0|   2|           1|           1|
    |icmp_ln301_fu_95_p2               |      icmp|   0|  0|  17|           9|          10|
    |ap_block_state1_pp0_stage0_iter0  |        or|   0|  0|   2|           1|           1|
    +----------------------------------+----------+----+---+----+------------+------------+
    |Total                             |          |   0|  0|  39|          21|          14|
    +----------------------------------+----------+----+---+----+------------+------------+

    * Multiplexer: 
    +----------------------------------+----+-----------+-----+-----------+
    |               Name               | LUT| Input Size| Bits| Total Bits|
    +----------------------------------+----+-----------+-----+-----------+
    |ap_NS_iter1_fsm                   |  13|          3|    2|          6|
    |ap_done_int                       |   9|          2|    1|          2|
    |ap_loop_exit_ready_pp0_iter1_reg  |   9|          2|    1|          2|
    |ap_sig_allocacmp_i_3              |   9|          2|    9|         18|
    |i_fu_58                           |   9|          2|    9|         18|
    |real_start                        |   9|          2|    1|          2|
    |s_in_TDATA_blk_n                  |   9|          2|    1|          2|
    |w_in_blk_n                        |   9|          2|    1|          2|
    +----------------------------------+----+-----------+-----+-----------+
    |Total                             |  76|         17|   25|         52|
    +----------------------------------+----+-----------+-----+-----------+

    * Register: 
    +----------------------------------+-----+----+-----+-----------+
    |               Name               |  FF | LUT| Bits| Const Bits|
    +----------------------------------+-----+----+-----+-----------+
    |ap_CS_iter0_fsm                   |    1|   0|    1|          0|
    |ap_CS_iter1_fsm                   |    2|   0|    2|          0|
    |ap_done_reg                       |    1|   0|    1|          0|
    |ap_loop_exit_ready_pp0_iter1_reg  |    1|   0|    1|          0|
    |i_fu_58                           |    9|   0|    9|          0|
    |icmp_ln301_reg_134                |    1|   0|    1|          0|
    |start_once_reg                    |    1|   0|    1|          0|
    |x_data_reg_138                    |  128|   0|  128|          0|
    |x_last_reg_143                    |    1|   0|    1|          0|
    +----------------------------------+-----+----+-----+-----------+
    |Total                             |  145|   0|  145|          0|
    +----------------------------------+-----+----+-----+-----------+



================================================================
== Interface
================================================================
* Summary: 
+---------------------+-----+-----+------------+---------------+--------------+
|      RTL Ports      | Dir | Bits|  Protocol  | Source Object |    C Type    |
+---------------------+-----+-----+------------+---------------+--------------+
|ap_clk               |   in|    1|  ap_ctrl_hs|   axis_to_word|  return value|
|ap_rst               |   in|    1|  ap_ctrl_hs|   axis_to_word|  return value|
|ap_start             |   in|    1|  ap_ctrl_hs|   axis_to_word|  return value|
|start_full_n         |   in|    1|  ap_ctrl_hs|   axis_to_word|  return value|
|ap_done              |  out|    1|  ap_ctrl_hs|   axis_to_word|  return value|
|ap_continue          |   in|    1|  ap_ctrl_hs|   axis_to_word|  return value|
|ap_idle              |  out|    1|  ap_ctrl_hs|   axis_to_word|  return value|
|ap_ready             |  out|    1|  ap_ctrl_hs|   axis_to_word|  return value|
|start_out            |  out|    1|  ap_ctrl_hs|   axis_to_word|  return value|
|start_write          |  out|    1|  ap_ctrl_hs|   axis_to_word|  return value|
|s_in_TVALID          |   in|    1|        axis|  s_in_V_dest_V|       pointer|
|s_in_TREADY          |  out|    1|        axis|  s_in_V_dest_V|       pointer|
|s_in_TDEST           |   in|    1|        axis|  s_in_V_dest_V|       pointer|
|w_in_din             |  out|  129|     ap_fifo|           w_in|       pointer|
|w_in_num_data_valid  |   in|   10|     ap_fifo|           w_in|       pointer|
|w_in_fifo_cap        |   in|   10|     ap_fifo|           w_in|       pointer|
|w_in_full_n          |   in|    1|     ap_fifo|           w_in|       pointer|
|w_in_write           |  out|    1|     ap_fifo|           w_in|       pointer|
|s_in_TDATA           |   in|  128|        axis|  s_in_V_data_V|       pointer|
|s_in_TKEEP           |   in|   16|        axis|  s_in_V_keep_V|       pointer|
|s_in_TSTRB           |   in|   16|        axis|  s_in_V_strb_V|       pointer|
|s_in_TUSER           |   in|    1|        axis|  s_in_V_user_V|       pointer|
|s_in_TLAST           |   in|    1|        axis|  s_in_V_last_V|       pointer|
|s_in_TID             |   in|    1|        axis|    s_in_V_id_V|       pointer|
+---------------------+-----+-----+------------+---------------+--------------+

