

================================================================
== Vitis HLS Report for 'Block_ZL8stage_nfILi1EEvRN3hls6streamI10mdf_word_tLi0EEES4_exit_proc20'
================================================================
* Date:           Tue Jun 30 20:58:04 2026

* Version:        2023.2 (Build 4023990 on Oct 11 2023)
* Project:        mdf_fft_hls
* Solution:       solution1 (Vivado IP Flow Target)
* Product family: artix7
* Target device:  xc7a200t-fbg676-2


================================================================
== Performance Estimates
================================================================
+ Timing: 
    * Summary: 
    +--------+----------+----------+------------+
    |  Clock |  Target  | Estimated| Uncertainty|
    +--------+----------+----------+------------+
    |ap_clk  |  10.00 ns|  6.168 ns|     2.70 ns|
    +--------+----------+----------+------------+

+ Latency: 
    * Summary: 
    +---------+---------+----------+----------+-----+-----+---------+
    |  Latency (cycles) |  Latency (absolute) |  Interval | Pipeline|
    |   min   |   max   |    min   |    max   | min | max |   Type  |
    +---------+---------+----------+----------+-----+-----+---------+
    |      259|      259|  2.590 us|  2.590 us|  259|  259|       no|
    +---------+---------+----------+----------+-----+-----+---------+

    + Detail: 
        * Instance: 
        +------------------------------------------------------------------------------------------+--------------------------------------------------------------------------------+---------+---------+----------+----------+-----+-----+---------+
        |                                                                                          |                                                                                |  Latency (cycles) |  Latency (absolute) |  Interval | Pipeline|
        |                                         Instance                                         |                                     Module                                     |   min   |   max   |    min   |    max   | min | max |   Type  |
        +------------------------------------------------------------------------------------------+--------------------------------------------------------------------------------+---------+---------+----------+----------+-----+-----+---------+
        |grp_Block_ZL8stage_nfILi1EEvRN3hls6streamI10mdf_word_tLi0EEES4_exit_proc20_Pipelin_fu_26  |Block_ZL8stage_nfILi1EEvRN3hls6streamI10mdf_word_tLi0EEES4_exit_proc20_Pipelin  |      258|      258|  2.580 us|  2.580 us|  258|  258|       no|
        +------------------------------------------------------------------------------------------+--------------------------------------------------------------------------------+---------+---------+----------+----------+-----+-----+---------+

        * Loop: 
        N/A



================================================================
== Utilization Estimates
================================================================
* Summary: 
+-----------------+---------+-----+--------+--------+-----+
|       Name      | BRAM_18K| DSP |   FF   |   LUT  | URAM|
+-----------------+---------+-----+--------+--------+-----+
|DSP              |        -|    -|       -|       -|    -|
|Expression       |        -|    -|       0|      41|    -|
|FIFO             |        -|    -|       -|       -|    -|
|Instance         |        -|    -|      44|     192|    -|
|Memory           |        -|    -|       -|       -|    -|
|Multiplexer      |        -|    -|       -|      31|    -|
|Register         |        -|    -|      37|       -|    -|
+-----------------+---------+-----+--------+--------+-----+
|Total            |        0|    0|      81|     264|    0|
+-----------------+---------+-----+--------+--------+-----+
|Available        |      730|  740|  269200|  134600|    0|
+-----------------+---------+-----+--------+--------+-----+
|Utilization (%)  |        0|    0|      ~0|      ~0|    0|
+-----------------+---------+-----+--------+--------+-----+

+ Detail: 
    * Instance: 
    +------------------------------------------------------------------------------------------+--------------------------------------------------------------------------------+---------+----+----+-----+-----+
    |                                         Instance                                         |                                     Module                                     | BRAM_18K| DSP| FF | LUT | URAM|
    +------------------------------------------------------------------------------------------+--------------------------------------------------------------------------------+---------+----+----+-----+-----+
    |grp_Block_ZL8stage_nfILi1EEvRN3hls6streamI10mdf_word_tLi0EEES4_exit_proc20_Pipelin_fu_26  |Block_ZL8stage_nfILi1EEvRN3hls6streamI10mdf_word_tLi0EEES4_exit_proc20_Pipelin  |        0|   0|  44|  192|    0|
    +------------------------------------------------------------------------------------------+--------------------------------------------------------------------------------+---------+----+----+-----+-----+
    |Total                                                                                     |                                                                                |        0|   0|  44|  192|    0|
    +------------------------------------------------------------------------------------------+--------------------------------------------------------------------------------+---------+----+----+-----+-----+

    * DSP: 
    N/A

    * Memory: 
    N/A

    * FIFO: 
    N/A

    * Expression: 
    +--------------------+----------+----+---+----+------------+------------+
    |    Variable Name   | Operation| DSP| FF| LUT| Bitwidth P0| Bitwidth P1|
    +--------------------+----------+----+---+----+------------+------------+
    |sub_ln268_fu_48_p2  |         -|   0|  0|  39|           1|          32|
    |ap_block_state1     |        or|   0|  0|   2|           1|           1|
    +--------------------+----------+----+---+----+------------+------------+
    |Total               |          |   0|  0|  41|           2|          33|
    +--------------------+----------+----+---+----+------------+------------+

    * Multiplexer: 
    +-----------+----+-----------+-----+-----------+
    |    Name   | LUT| Input Size| Bits| Total Bits|
    +-----------+----+-----------+-----+-----------+
    |ap_NS_fsm  |  13|          3|    1|          3|
    |ap_done    |   9|          2|    1|          2|
    |s9_read    |   9|          2|    1|          2|
    +-----------+----+-----------+-----+-----------+
    |Total      |  31|          7|    3|          7|
    +-----------+----+-----------+-----+-----------+

    * Register: 
    +-------------------------------------------------------------------------------------------------------+----+----+-----+-----------+
    |                                                  Name                                                 | FF | LUT| Bits| Const Bits|
    +-------------------------------------------------------------------------------------------------------+----+----+-----+-----------+
    |ap_CS_fsm                                                                                              |   2|   0|    2|          0|
    |ap_done_reg                                                                                            |   1|   0|    1|          0|
    |empty_reg_60                                                                                           |   1|   0|    1|          0|
    |grp_Block_ZL8stage_nfILi1EEvRN3hls6streamI10mdf_word_tLi0EEES4_exit_proc20_Pipelin_fu_26_ap_start_reg  |   1|   0|    1|          0|
    |wr_bank                                                                                                |  32|   0|   32|          0|
    +-------------------------------------------------------------------------------------------------------+----+----+-----+-----------+
    |Total                                                                                                  |  37|   0|   37|          0|
    +-------------------------------------------------------------------------------------------------------+----+----+-----+-----------+



================================================================
== Interface
================================================================
* Summary: 
+-------------------------------------------------------------------------+-----+-----+------------+--------------------------------------------------------------------------+--------------+
|                                RTL Ports                                | Dir | Bits|  Protocol  |                               Source Object                              |    C Type    |
+-------------------------------------------------------------------------+-----+-----+------------+--------------------------------------------------------------------------+--------------+
|ap_clk                                                                   |   in|    1|  ap_ctrl_hs|  Block__ZL8stage_nfILi1EEvRN3hls6streamI10mdf_word_tLi0EEES4_.exit_proc20|  return value|
|ap_rst                                                                   |   in|    1|  ap_ctrl_hs|  Block__ZL8stage_nfILi1EEvRN3hls6streamI10mdf_word_tLi0EEES4_.exit_proc20|  return value|
|ap_start                                                                 |   in|    1|  ap_ctrl_hs|  Block__ZL8stage_nfILi1EEvRN3hls6streamI10mdf_word_tLi0EEES4_.exit_proc20|  return value|
|ap_done                                                                  |  out|    1|  ap_ctrl_hs|  Block__ZL8stage_nfILi1EEvRN3hls6streamI10mdf_word_tLi0EEES4_.exit_proc20|  return value|
|ap_continue                                                              |   in|    1|  ap_ctrl_hs|  Block__ZL8stage_nfILi1EEvRN3hls6streamI10mdf_word_tLi0EEES4_.exit_proc20|  return value|
|ap_idle                                                                  |  out|    1|  ap_ctrl_hs|  Block__ZL8stage_nfILi1EEvRN3hls6streamI10mdf_word_tLi0EEES4_.exit_proc20|  return value|
|ap_ready                                                                 |  out|    1|  ap_ctrl_hs|  Block__ZL8stage_nfILi1EEvRN3hls6streamI10mdf_word_tLi0EEES4_.exit_proc20|  return value|
|ap_return                                                                |  out|    1|  ap_ctrl_hs|  Block__ZL8stage_nfILi1EEvRN3hls6streamI10mdf_word_tLi0EEES4_.exit_proc20|  return value|
|s9_dout                                                                  |   in|  129|     ap_fifo|                                                                        s9|       pointer|
|s9_num_data_valid                                                        |   in|   10|     ap_fifo|                                                                        s9|       pointer|
|s9_fifo_cap                                                              |   in|   10|     ap_fifo|                                                                        s9|       pointer|
|s9_empty_n                                                               |   in|    1|     ap_fifo|                                                                        s9|       pointer|
|s9_read                                                                  |  out|    1|     ap_fifo|                                                                        s9|       pointer|
|bit_reverse_buf_stream_mdf_word_t_0_stream_mdf_word_t_0_bank_address0    |  out|    8|   ap_memory|              bit_reverse_buf_stream_mdf_word_t_0_stream_mdf_word_t_0_bank|         array|
|bit_reverse_buf_stream_mdf_word_t_0_stream_mdf_word_t_0_bank_ce0         |  out|    1|   ap_memory|              bit_reverse_buf_stream_mdf_word_t_0_stream_mdf_word_t_0_bank|         array|
|bit_reverse_buf_stream_mdf_word_t_0_stream_mdf_word_t_0_bank_we0         |  out|    1|   ap_memory|              bit_reverse_buf_stream_mdf_word_t_0_stream_mdf_word_t_0_bank|         array|
|bit_reverse_buf_stream_mdf_word_t_0_stream_mdf_word_t_0_bank_d0          |  out|  128|   ap_memory|              bit_reverse_buf_stream_mdf_word_t_0_stream_mdf_word_t_0_bank|         array|
|bit_reverse_buf_stream_mdf_word_t_0_stream_mdf_word_t_0_bank_1_address0  |  out|    8|   ap_memory|            bit_reverse_buf_stream_mdf_word_t_0_stream_mdf_word_t_0_bank_1|         array|
|bit_reverse_buf_stream_mdf_word_t_0_stream_mdf_word_t_0_bank_1_ce0       |  out|    1|   ap_memory|            bit_reverse_buf_stream_mdf_word_t_0_stream_mdf_word_t_0_bank_1|         array|
|bit_reverse_buf_stream_mdf_word_t_0_stream_mdf_word_t_0_bank_1_we0       |  out|    1|   ap_memory|            bit_reverse_buf_stream_mdf_word_t_0_stream_mdf_word_t_0_bank_1|         array|
|bit_reverse_buf_stream_mdf_word_t_0_stream_mdf_word_t_0_bank_1_d0        |  out|  128|   ap_memory|            bit_reverse_buf_stream_mdf_word_t_0_stream_mdf_word_t_0_bank_1|         array|
+-------------------------------------------------------------------------+-----+-----+------------+--------------------------------------------------------------------------+--------------+

