================================================================
== Design Size Report
================================================================

* Total Instructions per Compilation Phase
+---------------+-----------------------------+--------------+----------------------------------------------------------------------------------------+
| Phase         | Step                        | Instructions | Description                                                                            |
+---------------+-----------------------------+--------------+----------------------------------------------------------------------------------------+
| Compile/Link  |                             | 33,026       | After all functions are compiled and linked into a single design                       |
|               |                             |              |                                                                                        |
| Unroll/Inline |                             |              | After user unroll and inline pragmas are applied                                       |
|               | (1) unroll                  |  8,509       | user unroll pragmas are applied                                                        |
|               | (2) simplification          |  5,460       | simplification of applied user unroll pragmas                                          |
|               | (3) inline                  |  5,426       | user inline pragmas are applied                                                        |
|               | (4) simplification          |  5,267       | simplification of applied user inline pragmas                                          |
|               |                             |              |                                                                                        |
| Array/Struct  |                             |              | After user array partition and struct aggregate/disaggregate pragmas are applied       |
|               | (1) array partition         |  5,510       | user array partition pragmas are applied                                               |
|               | (2) simplification          |  5,340       | simplification of applied user array partition & struct aggregate/disaggregate pragmas |
|               | (3) aggregate/disaggregate  |  5,364       | user struct aggregate/disaggregate pragmas are applied                                 |
|               | (4) array reshape           |  5,650       | apply array reshape pragmas                                                            |
|               | (5) access patterns         |  5,712       | array access pattern optmizations                                                      |
|               |                             |              |                                                                                        |
| Performance   |                             |              | After transformations are applied to meet performance pragma targets                   |
|               | (1) loop simplification     |  5,716       | loop and instruction simplification                                                    |
|               | (2) parallelization         |  5,712       | loops are unrolled or pipelined to meet performance targets                            |
|               | (3) array partition         |  5,670       | arrays are partitioned to meet performance targets                                     |
|               | (4) simplification          |  5,670       | simplification of design after performance transformations                             |
|               |                             |              |                                                                                        |
| HW Transforms |                             |              | After hardware transfomations                                                          |
|               | (1) lowering                |  5,617       | initial conversion to HW specific instructions                                         |
|               | (2) optimizations           |  5,624       | high level synthesis optimizations                                                     |
+---------------+-----------------------------+--------------+----------------------------------------------------------------------------------------+

* Instructions per Function for each Compilation Phase
+---------------------+------------------+-----------------+---------------+--------------+-------------+---------------+
| Function            | Location         | Compile/Link    | Unroll/Inline | Array/Struct | Performance | HW Transforms |
+---------------------+------------------+-----------------+---------------+--------------+-------------+---------------+
| + fft_mdf           | fft_mdf.cpp:328  | 33,026          | 5,267         | 5,712        | 5,670       | 5,624         |
|    axis_to_word     | fft_mdf.cpp:299  |   120           |   55          |   57         |   41        |   34          |
|  + stage_fb<0, 128> | fft_mdf.cpp:86   | 3,378           |               |              |             |               |
|     unpack          | fft_mdf.cpp:28   |   135           |               |              |             |               |
|   + mdf_twiddle_get | twiddle_rom.h:45 |    53           |               |              |             |               |
|      twiddle_get    | twiddle_rom.h:19 |    48           |               |              |             |               |
|     cmult           | fft_mdf.cpp:60   | 1,049           |               |              |             |               |
|     rte_shr1        | fft_mdf.cpp:51   | 1,012 (4 calls) |               |              |             |               |
|     pack            | fft_mdf.cpp:37   |   163           |               |              |             |               |
|  + stage_fb<1, 64>  | fft_mdf.cpp:86   | 3,378           |               |              |             |               |
|     unpack          | fft_mdf.cpp:28   |   135           |               |              |             |               |
|   + mdf_twiddle_get | twiddle_rom.h:45 |    53           |               |              |             |               |
|      twiddle_get    | twiddle_rom.h:19 |    48           |               |              |             |               |
|     cmult           | fft_mdf.cpp:60   | 1,049           |               |              |             |               |
|     rte_shr1        | fft_mdf.cpp:51   | 1,012 (4 calls) |               |              |             |               |
|     pack            | fft_mdf.cpp:37   |   163           |               |              |             |               |
|  + stage_fb<2, 32>  | fft_mdf.cpp:86   | 3,378           |               |              |             |               |
|     unpack          | fft_mdf.cpp:28   |   135           |               |              |             |               |
|   + mdf_twiddle_get | twiddle_rom.h:45 |    53           |               |              |             |               |
|      twiddle_get    | twiddle_rom.h:19 |    48           |               |              |             |               |
|     cmult           | fft_mdf.cpp:60   | 1,049           |               |              |             |               |
|     rte_shr1        | fft_mdf.cpp:51   | 1,012 (4 calls) |               |              |             |               |
|     pack            | fft_mdf.cpp:37   |   163           |               |              |             |               |
|  + stage_fb<3, 16>  | fft_mdf.cpp:86   | 3,378           |               |              |             |               |
|     unpack          | fft_mdf.cpp:28   |   135           |               |              |             |               |
|   + mdf_twiddle_get | twiddle_rom.h:45 |    53           |               |              |             |               |
|      twiddle_get    | twiddle_rom.h:19 |    48           |               |              |             |               |
|     cmult           | fft_mdf.cpp:60   | 1,049           |               |              |             |               |
|     rte_shr1        | fft_mdf.cpp:51   | 1,012 (4 calls) |               |              |             |               |
|     pack            | fft_mdf.cpp:37   |   163           |               |              |             |               |
|  + stage_fb<4, 8>   | fft_mdf.cpp:86   | 3,378           |               |              |             |               |
|     unpack          | fft_mdf.cpp:28   |   135           |               |              |             |               |
|   + mdf_twiddle_get | twiddle_rom.h:45 |    53           |               |              |             |               |
|      twiddle_get    | twiddle_rom.h:19 |    48           |               |              |             |               |
|     cmult           | fft_mdf.cpp:60   | 1,049           |               |              |             |               |
|     rte_shr1        | fft_mdf.cpp:51   | 1,012 (4 calls) |               |              |             |               |
|     pack            | fft_mdf.cpp:37   |   163           |               |              |             |               |
|  + stage_fb<5, 4>   | fft_mdf.cpp:86   | 3,378           |               |              |             |               |
|     unpack          | fft_mdf.cpp:28   |   135           |               |              |             |               |
|   + mdf_twiddle_get | twiddle_rom.h:45 |    53           |               |              |             |               |
|      twiddle_get    | twiddle_rom.h:19 |    48           |               |              |             |               |
|     cmult           | fft_mdf.cpp:60   | 1,049           |               |              |             |               |
|     rte_shr1        | fft_mdf.cpp:51   | 1,012 (4 calls) |               |              |             |               |
|     pack            | fft_mdf.cpp:37   |   163           |               |              |             |               |
|  + stage_fb<6, 2>   | fft_mdf.cpp:86   | 3,378           |               |              |             |               |
|     unpack          | fft_mdf.cpp:28   |   135           |               |              |             |               |
|   + mdf_twiddle_get | twiddle_rom.h:45 |    53           |               |              |             |               |
|      twiddle_get    | twiddle_rom.h:19 |    48           |               |              |             |               |
|     cmult           | fft_mdf.cpp:60   | 1,049           |               |              |             |               |
|     rte_shr1        | fft_mdf.cpp:51   | 1,012 (4 calls) |               |              |             |               |
|     pack            | fft_mdf.cpp:37   |   163           |               |              |             |               |
|  + stage_fb<7, 1>   | fft_mdf.cpp:86   | 3,378           |               |              |             |               |
|     unpack          | fft_mdf.cpp:28   |   135           |               |              |             |               |
|   + mdf_twiddle_get | twiddle_rom.h:45 |    53           |               |              |             |               |
|      twiddle_get    | twiddle_rom.h:19 |    48           |               |              |             |               |
|     cmult           | fft_mdf.cpp:60   | 1,049           |               |              |             |               |
|     rte_shr1        | fft_mdf.cpp:51   | 1,012 (4 calls) |               |              |             |               |
|     pack            | fft_mdf.cpp:37   |   163           |               |              |             |               |
|  + stage_nf<0>      | fft_mdf.cpp:164  | 2,553           |               |              |             |               |
|     unpack          | fft_mdf.cpp:28   |   135           |               |              |             |               |
|     rte_shr1        | fft_mdf.cpp:51   |   506 (2 calls) |               |              |             |               |
|     pack            | fft_mdf.cpp:37   |   163           |               |              |             |               |
|  + stage_nf<1>      | fft_mdf.cpp:164  | 2,400           |               |              |             |               |
|     unpack          | fft_mdf.cpp:28   |   135           |               |              |             |               |
|     rte_shr1        | fft_mdf.cpp:51   |   506 (2 calls) |               |              |             |               |
|     pack            | fft_mdf.cpp:37   |   163           |               |              |             |               |
|    bit_reverse_buf  | fft_mdf.cpp:244  |   596           |               |              |             |               |
|    word_to_axis     | fft_mdf.cpp:311  |   188           |   30          |   80         |   54        |   39          |
+---------------------+------------------+-----------------+---------------+--------------+-------------+---------------+

* Design Size Message Settings
+---------------------------------------------+--------+------------------------------------------------------------------+
| Message Setting                             | Value  | Description                                                      |
+---------------------------------------------+--------+------------------------------------------------------------------+
| config_compile -design_size_maximum_warning | 100000 | Show a warning when total design instructions exceeds this value |
+---------------------------------------------+--------+------------------------------------------------------------------+


