

================================================================
== Vitis HLS Report for 'fft_mdf'
================================================================
* Date:           Tue Jun 30 20:58:05 2026

* Version:        2023.2 (Build 4023990 on Oct 11 2023)
* Project:        mdf_fft_hls
* Solution:       solution1 (Vivado IP Flow Target)
* Product family: artix7
* Target device:  xc7a200t-fbg676-2


================================================================
== Performance Estimates
================================================================
+ Timing: 
    * Summary: 
    +--------+----------+----------+------------+
    |  Clock |  Target  | Estimated| Uncertainty|
    +--------+----------+----------+------------+
    |ap_clk  |  10.00 ns|  6.886 ns|     2.70 ns|
    +--------+----------+----------+------------+

+ Latency: 
    * Summary: 
    +---------+---------+----------+----------+-----+-----+----------+
    |  Latency (cycles) |  Latency (absolute) |  Interval | Pipeline |
    |   min   |   max   |    min   |    max   | min | max |   Type   |
    +---------+---------+----------+----------+-----+-----+----------+
    |      573|      573|  5.730 us|  5.730 us|  263|  263|  dataflow|
    +---------+---------+----------+----------+-----+-----+----------+

    + Detail: 
        * Instance: 
        +---------------------------------------------------------------------------+------------------------------------------------------------------------+---------+---------+----------+----------+-----+-----+---------+
        |                                                                           |                                                                        |  Latency (cycles) |  Latency (absolute) |  Interval | Pipeline|
        |                                  Instance                                 |                                 Module                                 |   min   |   max   |    min   |    max   | min | max |   Type  |
        +---------------------------------------------------------------------------+------------------------------------------------------------------------+---------+---------+----------+----------+-----+-----+---------+
        |axis_to_word_U0                                                            |axis_to_word                                                            |      258|      258|  2.580 us|  2.580 us|  258|  258|       no|
        |Loop_VITIS_LOOP_95_1_proc10_U0                                             |Loop_VITIS_LOOP_95_1_proc10                                             |      262|      262|  2.620 us|  2.620 us|  262|  262|       no|
        |Loop_VITIS_LOOP_95_1_proc111_U0                                            |Loop_VITIS_LOOP_95_1_proc111                                            |      262|      262|  2.620 us|  2.620 us|  262|  262|       no|
        |Loop_VITIS_LOOP_95_1_proc212_U0                                            |Loop_VITIS_LOOP_95_1_proc212                                            |      262|      262|  2.620 us|  2.620 us|  262|  262|       no|
        |Loop_VITIS_LOOP_95_1_proc313_U0                                            |Loop_VITIS_LOOP_95_1_proc313                                            |      262|      262|  2.620 us|  2.620 us|  262|  262|       no|
        |Loop_VITIS_LOOP_95_1_proc414_U0                                            |Loop_VITIS_LOOP_95_1_proc414                                            |      262|      262|  2.620 us|  2.620 us|  262|  262|       no|
        |Loop_VITIS_LOOP_95_1_proc515_U0                                            |Loop_VITIS_LOOP_95_1_proc515                                            |      262|      262|  2.620 us|  2.620 us|  262|  262|       no|
        |Loop_VITIS_LOOP_95_1_proc616_U0                                            |Loop_VITIS_LOOP_95_1_proc616                                            |      262|      262|  2.620 us|  2.620 us|  262|  262|       no|
        |Loop_VITIS_LOOP_95_1_proc717_U0                                            |Loop_VITIS_LOOP_95_1_proc717                                            |      261|      261|  2.610 us|  2.610 us|  261|  261|       no|
        |Loop_VITIS_LOOP_168_1_proc18_U0                                            |Loop_VITIS_LOOP_168_1_proc18                                            |      259|      259|  2.590 us|  2.590 us|  259|  259|       no|
        |Loop_VITIS_LOOP_168_1_proc819_U0                                           |Loop_VITIS_LOOP_168_1_proc819                                           |      259|      259|  2.590 us|  2.590 us|  259|  259|       no|
        |Block_ZL8stage_nfILi1EEvRN3hls6streamI10mdf_word_tLi0EEES4_exit_proc20_U0  |Block_ZL8stage_nfILi1EEvRN3hls6streamI10mdf_word_tLi0EEES4_exit_proc20  |      259|      259|  2.590 us|  2.590 us|  259|  259|       no|
        |Loop_read_loop_proc_U0                                                     |Loop_read_loop_proc                                                     |      259|      259|  2.590 us|  2.590 us|  259|  259|       no|
        |word_to_axis_U0                                                            |word_to_axis                                                            |      259|      259|  2.590 us|  2.590 us|  259|  259|       no|
        +---------------------------------------------------------------------------+------------------------------------------------------------------------+---------+---------+----------+----------+-----+-----+---------+

        * Loop: 
        N/A



================================================================
== Utilization Estimates
================================================================
* Summary: 
+-----------------+---------+-----+--------+--------+-----+
|       Name      | BRAM_18K| DSP |   FF   |   LUT  | URAM|
+-----------------+---------+-----+--------+--------+-----+
|DSP              |        -|    -|       -|       -|    -|
|Expression       |        -|    -|       0|      16|    -|
|FIFO             |       96|    -|    2007|    1004|    -|
|Instance         |       40|  114|   15683|   16106|    0|
|Memory           |        8|    -|       0|       0|    0|
|Multiplexer      |        -|    -|       -|      27|    -|
|Register         |        -|    -|       3|       -|    -|
+-----------------+---------+-----+--------+--------+-----+
|Total            |      144|  114|   17693|   17153|    0|
+-----------------+---------+-----+--------+--------+-----+
|Available        |      730|  740|  269200|  134600|    0|
+-----------------+---------+-----+--------+--------+-----+
|Utilization (%)  |       19|   15|       6|      12|    0|
+-----------------+---------+-----+--------+--------+-----+

+ Detail: 
    * Instance: 
    +---------------------------------------------------------------------------+------------------------------------------------------------------------+---------+----+------+------+-----+
    |                                  Instance                                 |                                 Module                                 | BRAM_18K| DSP|  FF  |  LUT | URAM|
    +---------------------------------------------------------------------------+------------------------------------------------------------------------+---------+----+------+------+-----+
    |Block_ZL8stage_nfILi1EEvRN3hls6streamI10mdf_word_tLi0EEES4_exit_proc20_U0  |Block_ZL8stage_nfILi1EEvRN3hls6streamI10mdf_word_tLi0EEES4_exit_proc20  |        0|   0|    81|   264|    0|
    |Loop_VITIS_LOOP_168_1_proc18_U0                                            |Loop_VITIS_LOOP_168_1_proc18                                            |        0|   0|   165|   594|    0|
    |Loop_VITIS_LOOP_168_1_proc819_U0                                           |Loop_VITIS_LOOP_168_1_proc819                                           |        0|   0|   165|   594|    0|
    |Loop_VITIS_LOOP_95_1_proc10_U0                                             |Loop_VITIS_LOOP_95_1_proc10                                             |       12|  16|  1909|  1843|    0|
    |Loop_VITIS_LOOP_95_1_proc111_U0                                            |Loop_VITIS_LOOP_95_1_proc111                                            |       12|  16|  1893|  1833|    0|
    |Loop_VITIS_LOOP_95_1_proc212_U0                                            |Loop_VITIS_LOOP_95_1_proc212                                            |        4|  16|  2101|  1897|    0|
    |Loop_VITIS_LOOP_95_1_proc313_U0                                            |Loop_VITIS_LOOP_95_1_proc313                                            |        4|  16|  2085|  1865|    0|
    |Loop_VITIS_LOOP_95_1_proc414_U0                                            |Loop_VITIS_LOOP_95_1_proc414                                            |        4|  16|  2003|  1849|    0|
    |Loop_VITIS_LOOP_95_1_proc515_U0                                            |Loop_VITIS_LOOP_95_1_proc515                                            |        4|  16|  1983|  1678|    0|
    |Loop_VITIS_LOOP_95_1_proc616_U0                                            |Loop_VITIS_LOOP_95_1_proc616                                            |        0|  12|  1859|  1642|    0|
    |Loop_VITIS_LOOP_95_1_proc717_U0                                            |Loop_VITIS_LOOP_95_1_proc717                                            |        0|   6|  1124|  1544|    0|
    |Loop_read_loop_proc_U0                                                     |Loop_read_loop_proc                                                     |        0|   0|   151|   263|    0|
    |axis_to_word_U0                                                            |axis_to_word                                                            |        0|   0|   145|   115|    0|
    |word_to_axis_U0                                                            |word_to_axis                                                            |        0|   0|    19|   125|    0|
    +---------------------------------------------------------------------------+------------------------------------------------------------------------+---------+----+------+------+-----+
    |Total                                                                      |                                                                        |       40| 114| 15683| 16106|    0|
    +---------------------------------------------------------------------------+------------------------------------------------------------------------+---------+----+------+------+-----+

    * DSP: 
    N/A

    * Memory: 
    +------------------------------------------------------------------+----------------------------------------------------------------------------+---------+---+----+-----+------+-----+------+-------------+
    |                              Memory                              |                                   Module                                   | BRAM_18K| FF| LUT| URAM| Words| Bits| Banks| W*Bits*Banks|
    +------------------------------------------------------------------+----------------------------------------------------------------------------+---------+---+----+-----+------+-----+------+-------------+
    |bit_reverse_buf_stream_mdf_word_t_0_stream_mdf_word_t_0_bank_U    |bit_reverse_buf_stream_mdf_word_t_0_stream_mdf_word_t_0_bank_RAM_AUTO_1R1W  |        4|  0|   0|    0|   256|  128|     1|        32768|
    |bit_reverse_buf_stream_mdf_word_t_0_stream_mdf_word_t_0_bank_1_U  |bit_reverse_buf_stream_mdf_word_t_0_stream_mdf_word_t_0_bank_RAM_AUTO_1R1W  |        4|  0|   0|    0|   256|  128|     1|        32768|
    +------------------------------------------------------------------+----------------------------------------------------------------------------+---------+---+----+-----+------+-----+------+-------------+
    |Total                                                             |                                                                            |        8|  0|   0|    0|   512|  256|     2|        65536|
    +------------------------------------------------------------------+----------------------------------------------------------------------------+---------+---+----+-----+------+-----+------+-------------+

    * FIFO: 
    +----------------------------+---------+-----+----+-----+------+-----+---------+
    |            Name            | BRAM_18K|  FF | LUT| URAM| Depth| Bits| Size:D*B|
    +----------------------------+---------+-----+----+-----+------+-----+---------+
    |rd_bank_cast_loc_channel_U  |        0|   99|   0|    -|     2|    1|        2|
    |s0_U                        |        8|  159|   0|    -|   260|  129|    33540|
    |s1_U                        |        8|  159|   0|    -|   260|  129|    33540|
    |s2_U                        |        8|  159|   0|    -|   260|  129|    33540|
    |s3_U                        |        8|  159|   0|    -|   260|  129|    33540|
    |s4_U                        |        8|  159|   0|    -|   260|  129|    33540|
    |s5_U                        |        8|  159|   0|    -|   260|  129|    33540|
    |s6_U                        |        8|  159|   0|    -|   260|  129|    33540|
    |s7_U                        |        8|  159|   0|    -|   260|  129|    33540|
    |s8_U                        |        8|  159|   0|    -|   260|  129|    33540|
    |s9_U                        |        8|  159|   0|    -|   260|  129|    33540|
    |w_in_U                      |        8|  159|   0|    -|   260|  129|    33540|
    |w_out_U                     |        8|  159|   0|    -|   260|  129|    33540|
    +----------------------------+---------+-----+----+-----+------+-----+---------+
    |Total                       |       96| 2007|   0|    0|  3122| 1549|   402482|
    +----------------------------+---------+-----+----+-----+------+-----+---------+

    * Expression: 
    +---------------------------------------------------------------------------------------+----------+----+---+----+------------+------------+
    |                                     Variable Name                                     | Operation| DSP| FF| LUT| Bitwidth P0| Bitwidth P1|
    +---------------------------------------------------------------------------------------+----------+----+---+----+------------+------------+
    |Block_ZL8stage_nfILi1EEvRN3hls6streamI10mdf_word_tLi0EEES4_exit_proc20_U0_ap_continue  |       and|   0|  0|   2|           1|           1|
    |Loop_read_loop_proc_U0_ap_start                                                        |       and|   0|  0|   2|           1|           1|
    |ap_channel_done_bit_reverse_buf_stream_mdf_word_t_0_stream_mdf_word_t_0_bank           |       and|   0|  0|   2|           1|           1|
    |ap_channel_done_bit_reverse_buf_stream_mdf_word_t_0_stream_mdf_word_t_0_bank_1         |       and|   0|  0|   2|           1|           1|
    |ap_channel_done_rd_bank_cast_loc_channel                                               |       and|   0|  0|   2|           1|           1|
    |ap_sync_channel_write_bit_reverse_buf_stream_mdf_word_t_0_stream_mdf_word_t_0_bank     |        or|   0|  0|   2|           1|           1|
    |ap_sync_channel_write_bit_reverse_buf_stream_mdf_word_t_0_stream_mdf_word_t_0_bank_1   |        or|   0|  0|   2|           1|           1|
    |ap_sync_channel_write_rd_bank_cast_loc_channel                                         |        or|   0|  0|   2|           1|           1|
    +---------------------------------------------------------------------------------------+----------+----+---+----+------------+------------+
    |Total                                                                                  |          |   0|  0|  16|           8|           8|
    +---------------------------------------------------------------------------------------+----------+----+---+----+------------+------------+

    * Multiplexer: 
    +------------------------------------------------------------------------------------------+----+-----------+-----+-----------+
    |                                           Name                                           | LUT| Input Size| Bits| Total Bits|
    +------------------------------------------------------------------------------------------+----+-----------+-----+-----------+
    |ap_sync_reg_channel_write_bit_reverse_buf_stream_mdf_word_t_0_stream_mdf_word_t_0_bank    |   9|          2|    1|          2|
    |ap_sync_reg_channel_write_bit_reverse_buf_stream_mdf_word_t_0_stream_mdf_word_t_0_bank_1  |   9|          2|    1|          2|
    |ap_sync_reg_channel_write_rd_bank_cast_loc_channel                                        |   9|          2|    1|          2|
    +------------------------------------------------------------------------------------------+----+-----------+-----+-----------+
    |Total                                                                                     |  27|          6|    3|          6|
    +------------------------------------------------------------------------------------------+----+-----------+-----+-----------+

    * Register: 
    +------------------------------------------------------------------------------------------+---+----+-----+-----------+
    |                                           Name                                           | FF| LUT| Bits| Const Bits|
    +------------------------------------------------------------------------------------------+---+----+-----+-----------+
    |ap_sync_reg_channel_write_bit_reverse_buf_stream_mdf_word_t_0_stream_mdf_word_t_0_bank    |  1|   0|    1|          0|
    |ap_sync_reg_channel_write_bit_reverse_buf_stream_mdf_word_t_0_stream_mdf_word_t_0_bank_1  |  1|   0|    1|          0|
    |ap_sync_reg_channel_write_rd_bank_cast_loc_channel                                        |  1|   0|    1|          0|
    +------------------------------------------------------------------------------------------+---+----+-----+-----------+
    |Total                                                                                     |  3|   0|    3|          0|
    +------------------------------------------------------------------------------------------+---+----+-----+-----------+



================================================================
== Interface
================================================================
* Summary: 
+--------------+-----+-----+--------------+----------------+--------------+
|   RTL Ports  | Dir | Bits|   Protocol   |  Source Object |    C Type    |
+--------------+-----+-----+--------------+----------------+--------------+
|s_in_TDATA    |   in|  128|          axis|   s_in_V_data_V|       pointer|
|s_in_TKEEP    |   in|   16|          axis|   s_in_V_keep_V|       pointer|
|s_in_TSTRB    |   in|   16|          axis|   s_in_V_strb_V|       pointer|
|s_in_TUSER    |   in|    1|          axis|   s_in_V_user_V|       pointer|
|s_in_TLAST    |   in|    1|          axis|   s_in_V_last_V|       pointer|
|s_in_TID      |   in|    1|          axis|     s_in_V_id_V|       pointer|
|s_in_TDEST    |   in|    1|          axis|   s_in_V_dest_V|       pointer|
|s_in_TVALID   |   in|    1|          axis|   s_in_V_dest_V|       pointer|
|s_in_TREADY   |  out|    1|          axis|   s_in_V_dest_V|       pointer|
|s_out_TDATA   |  out|  128|          axis|  s_out_V_data_V|       pointer|
|s_out_TKEEP   |  out|   16|          axis|  s_out_V_keep_V|       pointer|
|s_out_TSTRB   |  out|   16|          axis|  s_out_V_strb_V|       pointer|
|s_out_TUSER   |  out|    1|          axis|  s_out_V_user_V|       pointer|
|s_out_TLAST   |  out|    1|          axis|  s_out_V_last_V|       pointer|
|s_out_TID     |  out|    1|          axis|    s_out_V_id_V|       pointer|
|s_out_TDEST   |  out|    1|          axis|  s_out_V_dest_V|       pointer|
|s_out_TVALID  |  out|    1|          axis|  s_out_V_dest_V|       pointer|
|s_out_TREADY  |   in|    1|          axis|  s_out_V_dest_V|       pointer|
|ap_clk        |   in|    1|  ap_ctrl_none|         fft_mdf|  return value|
|ap_rst_n      |   in|    1|  ap_ctrl_none|         fft_mdf|  return value|
+--------------+-----+-----+--------------+----------------+--------------+

