

================================================================
== Vitis HLS Report for 'Loop_VITIS_LOOP_95_1_proc10'
================================================================
* Date:           Tue Jun 30 20:57:55 2026

* Version:        2023.2 (Build 4023990 on Oct 11 2023)
* Project:        mdf_fft_hls
* Solution:       solution1 (Vivado IP Flow Target)
* Product family: artix7
* Target device:  xc7a200t-fbg676-2


================================================================
== Performance Estimates
================================================================
+ Timing: 
    * Summary: 
    +--------+----------+----------+------------+
    |  Clock |  Target  | Estimated| Uncertainty|
    +--------+----------+----------+------------+
    |ap_clk  |  10.00 ns|  6.480 ns|     2.70 ns|
    +--------+----------+----------+------------+

+ Latency: 
    * Summary: 
    +---------+---------+----------+----------+-----+-----+---------+
    |  Latency (cycles) |  Latency (absolute) |  Interval | Pipeline|
    |   min   |   max   |    min   |    max   | min | max |   Type  |
    +---------+---------+----------+----------+-----+-----+---------+
    |      262|      262|  2.620 us|  2.620 us|  262|  262|       no|
    +---------+---------+----------+----------+-----+-----+---------+

    + Detail: 
        * Instance: 
        N/A

        * Loop: 
        +-------------------+---------+---------+----------+-----------+-----------+------+----------+
        |                   |  Latency (cycles) | Iteration|  Initiation Interval  | Trip |          |
        |     Loop Name     |   min   |   max   |  Latency |  achieved |   target  | Count| Pipelined|
        +-------------------+---------+---------+----------+-----------+-----------+------+----------+
        |- VITIS_LOOP_95_1  |      260|      260|         6|          1|          1|   256|  yes(flp)|
        +-------------------+---------+---------+----------+-----------+-----------+------+----------+



================================================================
== Utilization Estimates
================================================================
* Summary: 
+-----------------+---------+-----+--------+--------+-----+
|       Name      | BRAM_18K| DSP |   FF   |   LUT  | URAM|
+-----------------+---------+-----+--------+--------+-----+
|DSP              |        -|    8|       -|       -|    -|
|Expression       |        -|    -|       0|    1523|    -|
|FIFO             |        -|    -|       -|       -|    -|
|Instance         |        -|    8|       0|      48|    -|
|Memory           |       12|    -|       0|       0|    0|
|Multiplexer      |        -|    -|       -|     272|    -|
|Register         |        -|    -|    1909|       -|    -|
+-----------------+---------+-----+--------+--------+-----+
|Total            |       12|   16|    1909|    1843|    0|
+-----------------+---------+-----+--------+--------+-----+
|Available        |      730|  740|  269200|  134600|    0|
+-----------------+---------+-----+--------+--------+-----+
|Utilization (%)  |        1|    2|      ~0|       1|    0|
+-----------------+---------+-----+--------+--------+-----+

+ Detail: 
    * Instance: 
    +------------------------+--------------------+---------+----+---+----+-----+
    |        Instance        |       Module       | BRAM_18K| DSP| FF| LUT| URAM|
    +------------------------+--------------------+---------+----+---+----+-----+
    |mul_16s_16s_31_1_1_U16  |mul_16s_16s_31_1_1  |        0|   1|  0|   6|    0|
    |mul_16s_16s_31_1_1_U17  |mul_16s_16s_31_1_1  |        0|   1|  0|   6|    0|
    |mul_16s_16s_31_1_1_U18  |mul_16s_16s_31_1_1  |        0|   1|  0|   6|    0|
    |mul_16s_16s_31_1_1_U19  |mul_16s_16s_31_1_1  |        0|   1|  0|   6|    0|
    |mul_16s_16s_31_1_1_U20  |mul_16s_16s_31_1_1  |        0|   1|  0|   6|    0|
    |mul_16s_16s_31_1_1_U21  |mul_16s_16s_31_1_1  |        0|   1|  0|   6|    0|
    |mul_16s_16s_31_1_1_U22  |mul_16s_16s_31_1_1  |        0|   1|  0|   6|    0|
    |mul_16s_16s_31_1_1_U23  |mul_16s_16s_31_1_1  |        0|   1|  0|   6|    0|
    +------------------------+--------------------+---------+----+---+----+-----+
    |Total                   |                    |        0|   8|  0|  48|    0|
    +------------------------+--------------------+---------+----+---+----+-----+

    * DSP: 
    +-----------------------------------+-------------------------------+--------------+
    |              Instance             |             Module            |  Expression  |
    +-----------------------------------+-------------------------------+--------------+
    |mac_muladd_16s_16s_31s_31_4_1_U24  |mac_muladd_16s_16s_31s_31_4_1  |  i0 + i1 * i2|
    |mac_muladd_16s_16s_31s_31_4_1_U26  |mac_muladd_16s_16s_31s_31_4_1  |  i0 + i1 * i2|
    |mac_muladd_16s_16s_31s_31_4_1_U28  |mac_muladd_16s_16s_31s_31_4_1  |  i0 + i1 * i2|
    |mac_muladd_16s_16s_31s_31_4_1_U30  |mac_muladd_16s_16s_31s_31_4_1  |  i0 + i1 * i2|
    |mac_mulsub_16s_16s_31s_31_4_1_U25  |mac_mulsub_16s_16s_31s_31_4_1  |  i0 - i1 * i2|
    |mac_mulsub_16s_16s_31s_31_4_1_U27  |mac_mulsub_16s_16s_31s_31_4_1  |  i0 - i1 * i2|
    |mac_mulsub_16s_16s_31s_31_4_1_U29  |mac_mulsub_16s_16s_31s_31_4_1  |  i0 - i1 * i2|
    |mac_mulsub_16s_16s_31s_31_4_1_U31  |mac_mulsub_16s_16s_31s_31_4_1  |  i0 - i1 * i2|
    +-----------------------------------+-------------------------------+--------------+

    * Memory: 
    +---------------------------------------------------------------------------+----------------------------------------------------------------------------------+---------+---+----+-----+------+-----+------+-------------+
    |                                   Memory                                  |                                      Module                                      | BRAM_18K| FF| LUT| URAM| Words| Bits| Banks| W*Bits*Banks|
    +---------------------------------------------------------------------------+----------------------------------------------------------------------------------+---------+---+----+-----+------+-----+------+-------------+
    |TW_COS_LUT25_U                                                             |Loop_VITIS_LOOP_95_1_proc10_TW_COS_LUT25_ROM_AUTO_1R                              |        2|  0|   0|    0|   129|   15|     1|         1935|
    |TW_SIN_LUT30_U                                                             |Loop_VITIS_LOOP_95_1_proc10_TW_SIN_LUT30_ROM_AUTO_1R                              |        2|  0|   0|    0|   129|   15|     1|         1935|
    |void_stage_fb_0_128_stream_mdf_word_t_0_stream_mdf_word_t_0_delay_re_U     |Loop_VITIS_LOOP_95_1_proc10_void_stage_fb_0_128_stream_mdf_word_t_0_stream_mdbkb  |        1|  0|   0|    0|   128|   16|     1|         2048|
    |void_stage_fb_0_128_stream_mdf_word_t_0_stream_mdf_word_t_0_delay_re_44_U  |Loop_VITIS_LOOP_95_1_proc10_void_stage_fb_0_128_stream_mdf_word_t_0_stream_mdbkb  |        1|  0|   0|    0|   128|   16|     1|         2048|
    |void_stage_fb_0_128_stream_mdf_word_t_0_stream_mdf_word_t_0_delay_re_45_U  |Loop_VITIS_LOOP_95_1_proc10_void_stage_fb_0_128_stream_mdf_word_t_0_stream_mdbkb  |        1|  0|   0|    0|   128|   16|     1|         2048|
    |void_stage_fb_0_128_stream_mdf_word_t_0_stream_mdf_word_t_0_delay_re_46_U  |Loop_VITIS_LOOP_95_1_proc10_void_stage_fb_0_128_stream_mdf_word_t_0_stream_mdbkb  |        1|  0|   0|    0|   128|   16|     1|         2048|
    |void_stage_fb_0_128_stream_mdf_word_t_0_stream_mdf_word_t_0_delay_im_U     |Loop_VITIS_LOOP_95_1_proc10_void_stage_fb_0_128_stream_mdf_word_t_0_stream_mdbkb  |        1|  0|   0|    0|   128|   16|     1|         2048|
    |void_stage_fb_0_128_stream_mdf_word_t_0_stream_mdf_word_t_0_delay_im_47_U  |Loop_VITIS_LOOP_95_1_proc10_void_stage_fb_0_128_stream_mdf_word_t_0_stream_mdbkb  |        1|  0|   0|    0|   128|   16|     1|         2048|
    |void_stage_fb_0_128_stream_mdf_word_t_0_stream_mdf_word_t_0_delay_im_48_U  |Loop_VITIS_LOOP_95_1_proc10_void_stage_fb_0_128_stream_mdf_word_t_0_stream_mdbkb  |        1|  0|   0|    0|   128|   16|     1|         2048|
    |void_stage_fb_0_128_stream_mdf_word_t_0_stream_mdf_word_t_0_delay_im_49_U  |Loop_VITIS_LOOP_95_1_proc10_void_stage_fb_0_128_stream_mdf_word_t_0_stream_mdbkb  |        1|  0|   0|    0|   128|   16|     1|         2048|
    +---------------------------------------------------------------------------+----------------------------------------------------------------------------------+---------+---+----+-----+------+-----+------+-------------+
    |Total                                                                      |                                                                                  |       12|  0|   0|    0|  1282|  158|    10|        20254|
    +---------------------------------------------------------------------------+----------------------------------------------------------------------------------+---------+---+----+-----+------+-----+------+-------------+

    * FIFO: 
    N/A

    * Expression: 
    +-----------------------------------+----------+----+---+----+------------+------------+
    |           Variable Name           | Operation| DSP| FF| LUT| Bitwidth P0| Bitwidth P1|
    +-----------------------------------+----------+----+---+----+------------+------------+
    |add_ln53_10_fu_1546_p2             |         +|   0|  0|  24|          17|          17|
    |add_ln53_11_fu_1564_p2             |         +|   0|  0|  24|          17|          17|
    |add_ln53_12_fu_1582_p2             |         +|   0|  0|  24|          17|          17|
    |add_ln53_13_fu_1601_p2             |         +|   0|  0|  24|          17|          17|
    |add_ln53_14_fu_1620_p2             |         +|   0|  0|  24|          17|          17|
    |add_ln53_15_fu_1638_p2             |         +|   0|  0|  24|          17|          17|
    |add_ln53_1_fu_1379_p2              |         +|   0|  0|  24|          17|          17|
    |add_ln53_2_fu_1398_p2              |         +|   0|  0|  24|          17|          17|
    |add_ln53_3_fu_1416_p2              |         +|   0|  0|  24|          17|          17|
    |add_ln53_4_fu_1434_p2              |         +|   0|  0|  24|          17|          17|
    |add_ln53_5_fu_1453_p2              |         +|   0|  0|  24|          17|          17|
    |add_ln53_6_fu_1472_p2              |         +|   0|  0|  24|          17|          17|
    |add_ln53_7_fu_1490_p2              |         +|   0|  0|  24|          17|          17|
    |add_ln53_8_fu_1508_p2              |         +|   0|  0|  24|          17|          17|
    |add_ln53_9_fu_1527_p2              |         +|   0|  0|  24|          17|          17|
    |add_ln53_fu_1360_p2                |         +|   0|  0|  24|          17|          17|
    |cyc_13_fu_471_p2                   |         +|   0|  0|  16|           9|           1|
    |sum_im_22_fu_858_p2                |         +|   0|  0|  24|          17|          17|
    |sum_im_23_fu_936_p2                |         +|   0|  0|  24|          17|          17|
    |sum_im_24_fu_1014_p2               |         +|   0|  0|  24|          17|          17|
    |sum_im_fu_780_p2                   |         +|   0|  0|  24|          17|          17|
    |sum_re_22_fu_831_p2                |         +|   0|  0|  24|          17|          17|
    |sum_re_23_fu_909_p2                |         +|   0|  0|  24|          17|          17|
    |sum_re_24_fu_987_p2                |         +|   0|  0|  24|          17|          17|
    |sum_re_fu_753_p2                   |         +|   0|  0|  24|          17|          17|
    |diff_im_22_fu_848_p2               |         -|   0|  0|  24|          17|          17|
    |diff_im_23_fu_926_p2               |         -|   0|  0|  24|          17|          17|
    |diff_im_24_fu_1004_p2              |         -|   0|  0|  24|          17|          17|
    |diff_im_fu_770_p2                  |         -|   0|  0|  24|          17|          17|
    |diff_re_22_fu_821_p2               |         -|   0|  0|  24|          17|          17|
    |diff_re_23_fu_899_p2               |         -|   0|  0|  24|          17|          17|
    |diff_re_24_fu_977_p2               |         -|   0|  0|  24|          17|          17|
    |diff_re_fu_743_p2                  |         -|   0|  0|  24|          17|          17|
    |sub_ln23_2_fu_656_p2               |         -|   0|  0|  16|           9|           8|
    |sub_ln23_5_fu_686_p2               |         -|   0|  0|  16|           9|           8|
    |sub_ln23_9_fu_716_p2               |         -|   0|  0|  16|           9|           8|
    |sub_ln23_fu_626_p2                 |         -|   0|  0|  16|           9|           8|
    |ap_block_pp0                       |       and|   0|  0|   2|           1|           1|
    |ap_block_state4_pp0_stage0_iter3   |       and|   0|  0|   2|           1|           1|
    |ap_block_state5_pp0_stage0_iter4   |       and|   0|  0|   2|           1|           1|
    |ap_block_state6_pp0_stage0_iter5   |       and|   0|  0|   2|           1|           1|
    |ap_condition_147                   |       and|   0|  0|   2|           1|           1|
    |ap_condition_345                   |       and|   0|  0|   2|           1|           1|
    |ap_enable_state2_pp0_iter1_stage0  |       and|   0|  0|   2|           1|           1|
    |ap_enable_state3_pp0_iter2_stage0  |       and|   0|  0|   2|           1|           1|
    |ap_enable_state4_pp0_iter3_stage0  |       and|   0|  0|   2|           1|           1|
    |ap_predicate_op283_store_state4    |       and|   0|  0|   2|           1|           1|
    |ap_predicate_op53_store_state2     |       and|   0|  0|   2|           1|           1|
    |icmp_ln28_11_fu_1079_p2            |      icmp|   0|  0|  10|           2|           1|
    |icmp_ln28_12_fu_1092_p2            |      icmp|   0|  0|  10|           2|           1|
    |icmp_ln28_fu_1056_p2               |      icmp|   0|  0|  11|           2|           3|
    |icmp_ln53_10_fu_958_p2             |      icmp|   0|  0|  10|           2|           2|
    |icmp_ln53_11_fu_964_p2             |      icmp|   0|  0|  10|           2|           2|
    |icmp_ln53_12_fu_1024_p2            |      icmp|   0|  0|  10|           2|           2|
    |icmp_ln53_13_fu_1030_p2            |      icmp|   0|  0|  10|           2|           2|
    |icmp_ln53_14_fu_1036_p2            |      icmp|   0|  0|  10|           2|           2|
    |icmp_ln53_15_fu_1042_p2            |      icmp|   0|  0|  10|           2|           2|
    |icmp_ln53_1_fu_796_p2              |      icmp|   0|  0|  10|           2|           2|
    |icmp_ln53_2_fu_802_p2              |      icmp|   0|  0|  10|           2|           2|
    |icmp_ln53_3_fu_808_p2              |      icmp|   0|  0|  10|           2|           2|
    |icmp_ln53_4_fu_868_p2              |      icmp|   0|  0|  10|           2|           2|
    |icmp_ln53_5_fu_874_p2              |      icmp|   0|  0|  10|           2|           2|
    |icmp_ln53_6_fu_880_p2              |      icmp|   0|  0|  10|           2|           2|
    |icmp_ln53_7_fu_886_p2              |      icmp|   0|  0|  10|           2|           2|
    |icmp_ln53_8_fu_946_p2              |      icmp|   0|  0|  10|           2|           2|
    |icmp_ln53_9_fu_952_p2              |      icmp|   0|  0|  10|           2|           2|
    |icmp_ln53_fu_790_p2                |      icmp|   0|  0|  10|           2|           2|
    |icmp_ln95_fu_465_p2                |      icmp|   0|  0|  17|           9|          10|
    |is_bfly_fu_569_p2                  |      icmp|   0|  0|  10|           2|           1|
    |ap_block_pp0_stage0_subdone        |        or|   0|  0|   2|           1|           1|
    |ap_block_state1_pp0_stage0_iter0   |        or|   0|  0|   2|           1|           1|
    |offset_13_fu_646_p2                |        or|   0|  0|   7|           7|           1|
    |offset_14_fu_676_p2                |        or|   0|  0|   7|           7|           2|
    |offset_15_fu_706_p2                |        or|   0|  0|   7|           7|           2|
    |or_ln28_fu_1105_p2                 |        or|   0|  0|   2|           1|           1|
    |rom_addr_13_fu_662_p3              |    select|   0|  0|   8|           1|           8|
    |rom_addr_14_fu_692_p3              |    select|   0|  0|   8|           1|           8|
    |rom_addr_15_fu_722_p3              |    select|   0|  0|   8|           1|           8|
    |rom_addr_fu_632_p3                 |    select|   0|  0|   8|           1|           8|
    |select_ln28_73_fu_1149_p3          |    select|   0|  0|  15|           1|          15|
    |select_ln28_77_fu_1221_p3          |    select|   0|  0|  15|           1|          15|
    |select_ln28_81_fu_1293_p3          |    select|   0|  0|  15|           1|          15|
    |select_ln28_fu_1061_p3             |    select|   0|  0|  15|           1|          15|
    |w_re_133_fu_1084_p3                |    select|   0|  0|  16|           1|          16|
    |w_re_134_fu_1111_p3                |    select|   0|  0|  15|           1|          15|
    |w_re_138_fu_1167_p3                |    select|   0|  0|  16|           1|          16|
    |w_re_139_fu_1175_p3                |    select|   0|  0|  16|           1|          16|
    |w_re_140_fu_1183_p3                |    select|   0|  0|  15|           1|          15|
    |w_re_144_fu_1239_p3                |    select|   0|  0|  16|           1|          16|
    |w_re_145_fu_1247_p3                |    select|   0|  0|  16|           1|          16|
    |w_re_146_fu_1255_p3                |    select|   0|  0|  15|           1|          15|
    |w_re_150_fu_1311_p3                |    select|   0|  0|  16|           1|          16|
    |w_re_151_fu_1319_p3                |    select|   0|  0|  16|           1|          16|
    |w_re_152_fu_1327_p3                |    select|   0|  0|  15|           1|          15|
    |w_re_fu_1097_p3                    |    select|   0|  0|  16|           1|          16|
    |w_im_16_fu_1199_p2                 |       xor|   0|  0|  16|          16|           2|
    |w_im_17_fu_1271_p2                 |       xor|   0|  0|  16|          16|           2|
    |w_im_18_fu_1343_p2                 |       xor|   0|  0|  16|          16|           2|
    |w_im_fu_1127_p2                    |       xor|   0|  0|  16|          16|           2|
    |w_re_132_fu_1073_p2                |       xor|   0|  0|  16|          16|           2|
    |w_re_137_fu_1161_p2                |       xor|   0|  0|  16|          16|           2|
    |w_re_143_fu_1233_p2                |       xor|   0|  0|  16|          16|           2|
    |w_re_149_fu_1305_p2                |       xor|   0|  0|  16|          16|           2|
    +-----------------------------------+----------+----+---+----+------------+------------+
    |Total                              |          |   0|  0|1523|         821|         940|
    +-----------------------------------+----------+----+---+----+------------+------------+

    * Multiplexer: 
    +----------------------------------------+----+-----------+-----+-----------+
    |                  Name                  | LUT| Input Size| Bits| Total Bits|
    +----------------------------------------+----+-----------+-----+-----------+
    |ap_NS_iter1_fsm                         |  13|          3|    2|          6|
    |ap_NS_iter2_fsm                         |  13|          3|    2|          6|
    |ap_NS_iter3_fsm                         |  13|          3|    2|          6|
    |ap_NS_iter4_fsm                         |  13|          3|    2|          6|
    |ap_NS_iter5_fsm                         |  13|          3|    2|          6|
    |ap_done_int                             |   9|          2|    1|          2|
    |ap_loop_exit_ready_pp0_iter5_reg        |   9|          2|    1|          2|
    |ap_phi_mux_out_im_30_phi_fu_451_p4      |   9|          2|   16|         32|
    |ap_phi_mux_out_im_31_phi_fu_442_p4      |   9|          2|   16|         32|
    |ap_phi_mux_out_im_32_phi_fu_433_p4      |   9|          2|   16|         32|
    |ap_phi_mux_out_im_33_phi_fu_424_p4      |   9|          2|   16|         32|
    |ap_phi_mux_out_re_30_phi_fu_415_p4      |   9|          2|   16|         32|
    |ap_phi_mux_out_re_31_phi_fu_406_p4      |   9|          2|   16|         32|
    |ap_phi_mux_out_re_32_phi_fu_397_p4      |   9|          2|   16|         32|
    |ap_phi_mux_out_re_33_phi_fu_388_p4      |   9|          2|   16|         32|
    |ap_phi_reg_pp0_iter4_out_im_30_reg_448  |   9|          2|   16|         32|
    |ap_phi_reg_pp0_iter4_out_im_31_reg_439  |   9|          2|   16|         32|
    |ap_phi_reg_pp0_iter4_out_im_32_reg_430  |   9|          2|   16|         32|
    |ap_phi_reg_pp0_iter4_out_im_33_reg_421  |   9|          2|   16|         32|
    |ap_phi_reg_pp0_iter4_out_re_30_reg_412  |   9|          2|   16|         32|
    |ap_phi_reg_pp0_iter4_out_re_31_reg_403  |   9|          2|   16|         32|
    |ap_phi_reg_pp0_iter4_out_re_32_reg_394  |   9|          2|   16|         32|
    |ap_phi_reg_pp0_iter4_out_re_33_reg_385  |   9|          2|   16|         32|
    |ap_sig_allocacmp_cyc_12                 |   9|          2|    9|         18|
    |cyc_fu_134                              |   9|          2|    9|         18|
    |real_start                              |   9|          2|    1|          2|
    |s0_blk_n                                |   9|          2|    1|          2|
    |w_in_blk_n                              |   9|          2|    1|          2|
    +----------------------------------------+----+-----------+-----+-----------+
    |Total                                   | 272|         61|  289|        588|
    +----------------------------------------+----+-----------+-----+-----------+

    * Register: 
    +-----------------------------------------------------------------------------------------------+----+----+-----+-----------+
    |                                              Name                                             | FF | LUT| Bits| Const Bits|
    +-----------------------------------------------------------------------------------------------+----+----+-----+-----------+
    |ap_CS_iter0_fsm                                                                                |   1|   0|    1|          0|
    |ap_CS_iter1_fsm                                                                                |   2|   0|    2|          0|
    |ap_CS_iter2_fsm                                                                                |   2|   0|    2|          0|
    |ap_CS_iter3_fsm                                                                                |   2|   0|    2|          0|
    |ap_CS_iter4_fsm                                                                                |   2|   0|    2|          0|
    |ap_CS_iter5_fsm                                                                                |   2|   0|    2|          0|
    |ap_done_reg                                                                                    |   1|   0|    1|          0|
    |ap_enable_reg_pp0_iter1                                                                        |   0|   0|    1|          1|
    |ap_enable_reg_pp0_iter2                                                                        |   0|   0|    1|          1|
    |ap_enable_reg_pp0_iter3                                                                        |   0|   0|    1|          1|
    |ap_loop_exit_ready_pp0_iter1_reg                                                               |   1|   0|    1|          0|
    |ap_loop_exit_ready_pp0_iter2_reg                                                               |   1|   0|    1|          0|
    |ap_loop_exit_ready_pp0_iter3_reg                                                               |   1|   0|    1|          0|
    |ap_loop_exit_ready_pp0_iter4_reg                                                               |   1|   0|    1|          0|
    |ap_loop_exit_ready_pp0_iter5_reg                                                               |   1|   0|    1|          0|
    |ap_phi_reg_pp0_iter1_out_im_30_reg_448                                                         |  16|   0|   16|          0|
    |ap_phi_reg_pp0_iter1_out_im_31_reg_439                                                         |  16|   0|   16|          0|
    |ap_phi_reg_pp0_iter1_out_im_32_reg_430                                                         |  16|   0|   16|          0|
    |ap_phi_reg_pp0_iter1_out_im_33_reg_421                                                         |  16|   0|   16|          0|
    |ap_phi_reg_pp0_iter1_out_re_30_reg_412                                                         |  16|   0|   16|          0|
    |ap_phi_reg_pp0_iter1_out_re_31_reg_403                                                         |  16|   0|   16|          0|
    |ap_phi_reg_pp0_iter1_out_re_32_reg_394                                                         |  16|   0|   16|          0|
    |ap_phi_reg_pp0_iter1_out_re_33_reg_385                                                         |  16|   0|   16|          0|
    |ap_phi_reg_pp0_iter2_out_im_30_reg_448                                                         |  16|   0|   16|          0|
    |ap_phi_reg_pp0_iter2_out_im_31_reg_439                                                         |  16|   0|   16|          0|
    |ap_phi_reg_pp0_iter2_out_im_32_reg_430                                                         |  16|   0|   16|          0|
    |ap_phi_reg_pp0_iter2_out_im_33_reg_421                                                         |  16|   0|   16|          0|
    |ap_phi_reg_pp0_iter2_out_re_30_reg_412                                                         |  16|   0|   16|          0|
    |ap_phi_reg_pp0_iter2_out_re_31_reg_403                                                         |  16|   0|   16|          0|
    |ap_phi_reg_pp0_iter2_out_re_32_reg_394                                                         |  16|   0|   16|          0|
    |ap_phi_reg_pp0_iter2_out_re_33_reg_385                                                         |  16|   0|   16|          0|
    |ap_phi_reg_pp0_iter3_out_im_30_reg_448                                                         |  16|   0|   16|          0|
    |ap_phi_reg_pp0_iter3_out_im_31_reg_439                                                         |  16|   0|   16|          0|
    |ap_phi_reg_pp0_iter3_out_im_32_reg_430                                                         |  16|   0|   16|          0|
    |ap_phi_reg_pp0_iter3_out_im_33_reg_421                                                         |  16|   0|   16|          0|
    |ap_phi_reg_pp0_iter3_out_re_30_reg_412                                                         |  16|   0|   16|          0|
    |ap_phi_reg_pp0_iter3_out_re_31_reg_403                                                         |  16|   0|   16|          0|
    |ap_phi_reg_pp0_iter3_out_re_32_reg_394                                                         |  16|   0|   16|          0|
    |ap_phi_reg_pp0_iter3_out_re_33_reg_385                                                         |  16|   0|   16|          0|
    |ap_phi_reg_pp0_iter4_out_im_30_reg_448                                                         |  16|   0|   16|          0|
    |ap_phi_reg_pp0_iter4_out_im_31_reg_439                                                         |  16|   0|   16|          0|
    |ap_phi_reg_pp0_iter4_out_im_32_reg_430                                                         |  16|   0|   16|          0|
    |ap_phi_reg_pp0_iter4_out_im_33_reg_421                                                         |  16|   0|   16|          0|
    |ap_phi_reg_pp0_iter4_out_re_30_reg_412                                                         |  16|   0|   16|          0|
    |ap_phi_reg_pp0_iter4_out_re_31_reg_403                                                         |  16|   0|   16|          0|
    |ap_phi_reg_pp0_iter4_out_re_32_reg_394                                                         |  16|   0|   16|          0|
    |ap_phi_reg_pp0_iter4_out_re_33_reg_385                                                         |  16|   0|   16|          0|
    |ap_phi_reg_pp0_iter5_out_im_30_reg_448                                                         |  16|   0|   16|          0|
    |ap_phi_reg_pp0_iter5_out_im_31_reg_439                                                         |  16|   0|   16|          0|
    |ap_phi_reg_pp0_iter5_out_im_32_reg_430                                                         |  16|   0|   16|          0|
    |ap_phi_reg_pp0_iter5_out_im_33_reg_421                                                         |  16|   0|   16|          0|
    |ap_phi_reg_pp0_iter5_out_re_30_reg_412                                                         |  16|   0|   16|          0|
    |ap_phi_reg_pp0_iter5_out_re_31_reg_403                                                         |  16|   0|   16|          0|
    |ap_phi_reg_pp0_iter5_out_re_32_reg_394                                                         |  16|   0|   16|          0|
    |ap_phi_reg_pp0_iter5_out_re_33_reg_385                                                         |  16|   0|   16|          0|
    |cyc_12_reg_1878                                                                                |   9|   0|    9|          0|
    |cyc_fu_134                                                                                     |   9|   0|    9|          0|
    |diff_im_22_reg_2112                                                                            |  17|   0|   17|          0|
    |diff_im_23_reg_2152                                                                            |  17|   0|   17|          0|
    |diff_im_24_reg_2192                                                                            |  17|   0|   17|          0|
    |diff_im_reg_2072                                                                               |  17|   0|   17|          0|
    |diff_re_22_reg_2102                                                                            |  17|   0|   17|          0|
    |diff_re_23_reg_2142                                                                            |  17|   0|   17|          0|
    |diff_re_24_reg_2182                                                                            |  17|   0|   17|          0|
    |diff_re_reg_2062                                                                               |  17|   0|   17|          0|
    |dl_re_40_reg_2047                                                                              |  16|   0|   16|          0|
    |dl_re_41_reg_2052                                                                              |  16|   0|   16|          0|
    |dl_re_42_reg_2057                                                                              |  16|   0|   16|          0|
    |dl_re_reg_2042                                                                                 |  16|   0|   16|          0|
    |icmp_ln53_10_reg_2172                                                                          |   1|   0|    1|          0|
    |icmp_ln53_11_reg_2177                                                                          |   1|   0|    1|          0|
    |icmp_ln53_12_reg_2202                                                                          |   1|   0|    1|          0|
    |icmp_ln53_13_reg_2207                                                                          |   1|   0|    1|          0|
    |icmp_ln53_14_reg_2212                                                                          |   1|   0|    1|          0|
    |icmp_ln53_15_reg_2217                                                                          |   1|   0|    1|          0|
    |icmp_ln53_1_reg_2087                                                                           |   1|   0|    1|          0|
    |icmp_ln53_2_reg_2092                                                                           |   1|   0|    1|          0|
    |icmp_ln53_3_reg_2097                                                                           |   1|   0|    1|          0|
    |icmp_ln53_4_reg_2122                                                                           |   1|   0|    1|          0|
    |icmp_ln53_5_reg_2127                                                                           |   1|   0|    1|          0|
    |icmp_ln53_6_reg_2132                                                                           |   1|   0|    1|          0|
    |icmp_ln53_7_reg_2137                                                                           |   1|   0|    1|          0|
    |icmp_ln53_8_reg_2162                                                                           |   1|   0|    1|          0|
    |icmp_ln53_9_reg_2167                                                                           |   1|   0|    1|          0|
    |icmp_ln53_reg_2082                                                                             |   1|   0|    1|          0|
    |icmp_ln95_reg_1886                                                                             |   1|   0|    1|          0|
    |icmp_ln95_reg_1886_pp0_iter1_reg                                                               |   1|   0|    1|          0|
    |icmp_ln95_reg_1886_pp0_iter2_reg                                                               |   1|   0|    1|          0|
    |icmp_ln95_reg_1886_pp0_iter3_reg                                                               |   1|   0|    1|          0|
    |icmp_ln95_reg_1886_pp0_iter4_reg                                                               |   1|   0|    1|          0|
    |in_im_1_reg_1913                                                                               |  16|   0|   16|          0|
    |in_im_1_reg_1913_pp0_iter1_reg                                                                 |  16|   0|   16|          0|
    |in_im_2_reg_1925                                                                               |  16|   0|   16|          0|
    |in_im_2_reg_1925_pp0_iter1_reg                                                                 |  16|   0|   16|          0|
    |in_im_3_reg_1937                                                                               |  16|   0|   16|          0|
    |in_im_3_reg_1937_pp0_iter1_reg                                                                 |  16|   0|   16|          0|
    |in_im_reg_1901                                                                                 |  16|   0|   16|          0|
    |in_im_reg_1901_pp0_iter1_reg                                                                   |  16|   0|   16|          0|
    |in_re_1_reg_1907                                                                               |  16|   0|   16|          0|
    |in_re_1_reg_1907_pp0_iter1_reg                                                                 |  16|   0|   16|          0|
    |in_re_2_reg_1919                                                                               |  16|   0|   16|          0|
    |in_re_2_reg_1919_pp0_iter1_reg                                                                 |  16|   0|   16|          0|
    |in_re_3_reg_1931                                                                               |  16|   0|   16|          0|
    |in_re_3_reg_1931_pp0_iter1_reg                                                                 |  16|   0|   16|          0|
    |in_re_reg_1895                                                                                 |  16|   0|   16|          0|
    |in_re_reg_1895_pp0_iter1_reg                                                                   |  16|   0|   16|          0|
    |is_bfly_reg_1943                                                                               |   1|   0|    1|          0|
    |is_bfly_reg_1943_pp0_iter1_reg                                                                 |   1|   0|    1|          0|
    |is_bfly_reg_1943_pp0_iter2_reg                                                                 |   1|   0|    1|          0|
    |is_bfly_reg_1943_pp0_iter3_reg                                                                 |   1|   0|    1|          0|
    |is_bfly_reg_1943_pp0_iter4_reg                                                                 |   1|   0|    1|          0|
    |mul_ln63_44_reg_2349                                                                           |  31|   0|   31|          0|
    |mul_ln63_46_reg_2359                                                                           |  31|   0|   31|          0|
    |mul_ln63_48_reg_2369                                                                           |  31|   0|   31|          0|
    |mul_ln63_reg_2339                                                                              |  31|   0|   31|          0|
    |mul_ln64_44_reg_2344                                                                           |  31|   0|   31|          0|
    |mul_ln64_46_reg_2354                                                                           |  31|   0|   31|          0|
    |mul_ln64_48_reg_2364                                                                           |  31|   0|   31|          0|
    |mul_ln64_reg_2334                                                                              |  31|   0|   31|          0|
    |sext_ln63_101_reg_2276                                                                         |  31|   0|   31|          0|
    |sext_ln63_102_reg_2282                                                                         |  31|   0|   31|          0|
    |sext_ln63_90_reg_2228                                                                          |  31|   0|   31|          0|
    |sext_ln63_93_reg_2240                                                                          |  31|   0|   31|          0|
    |sext_ln63_94_reg_2246                                                                          |  31|   0|   31|          0|
    |sext_ln63_97_reg_2258                                                                          |  31|   0|   31|          0|
    |sext_ln63_98_reg_2264                                                                          |  31|   0|   31|          0|
    |sext_ln63_reg_2222                                                                             |  31|   0|   31|          0|
    |start_once_reg                                                                                 |   1|   0|    1|          0|
    |sum_im_22_reg_2117                                                                             |  17|   0|   17|          0|
    |sum_im_23_reg_2157                                                                             |  17|   0|   17|          0|
    |sum_im_24_reg_2197                                                                             |  17|   0|   17|          0|
    |sum_im_reg_2077                                                                                |  17|   0|   17|          0|
    |sum_re_22_reg_2107                                                                             |  17|   0|   17|          0|
    |sum_re_23_reg_2147                                                                             |  17|   0|   17|          0|
    |sum_re_24_reg_2187                                                                             |  17|   0|   17|          0|
    |sum_re_reg_2067                                                                                |  17|   0|   17|          0|
    |trunc_ln21_5_reg_1995                                                                          |   2|   0|    2|          0|
    |void_stage_fb_stream_mdf_word_t_0_stream_mdf_word_t_0_delay_im_47_addr_reg_1977                |   7|   0|    7|          0|
    |void_stage_fb_stream_mdf_word_t_0_stream_mdf_word_t_0_delay_im_47_addr_reg_1977_pp0_iter2_reg  |   7|   0|    7|          0|
    |void_stage_fb_stream_mdf_word_t_0_stream_mdf_word_t_0_delay_im_48_addr_reg_1983                |   7|   0|    7|          0|
    |void_stage_fb_stream_mdf_word_t_0_stream_mdf_word_t_0_delay_im_48_addr_reg_1983_pp0_iter2_reg  |   7|   0|    7|          0|
    |void_stage_fb_stream_mdf_word_t_0_stream_mdf_word_t_0_delay_im_49_addr_reg_1989                |   7|   0|    7|          0|
    |void_stage_fb_stream_mdf_word_t_0_stream_mdf_word_t_0_delay_im_49_addr_reg_1989_pp0_iter2_reg  |   7|   0|    7|          0|
    |void_stage_fb_stream_mdf_word_t_0_stream_mdf_word_t_0_delay_im_addr_reg_1971                   |   7|   0|    7|          0|
    |void_stage_fb_stream_mdf_word_t_0_stream_mdf_word_t_0_delay_im_addr_reg_1971_pp0_iter2_reg     |   7|   0|    7|          0|
    |void_stage_fb_stream_mdf_word_t_0_stream_mdf_word_t_0_delay_re_44_addr_reg_1953                |   7|   0|    7|          0|
    |void_stage_fb_stream_mdf_word_t_0_stream_mdf_word_t_0_delay_re_44_addr_reg_1953_pp0_iter2_reg  |   7|   0|    7|          0|
    |void_stage_fb_stream_mdf_word_t_0_stream_mdf_word_t_0_delay_re_45_addr_reg_1959                |   7|   0|    7|          0|
    |void_stage_fb_stream_mdf_word_t_0_stream_mdf_word_t_0_delay_re_45_addr_reg_1959_pp0_iter2_reg  |   7|   0|    7|          0|
    |void_stage_fb_stream_mdf_word_t_0_stream_mdf_word_t_0_delay_re_46_addr_reg_1965                |   7|   0|    7|          0|
    |void_stage_fb_stream_mdf_word_t_0_stream_mdf_word_t_0_delay_re_46_addr_reg_1965_pp0_iter2_reg  |   7|   0|    7|          0|
    |void_stage_fb_stream_mdf_word_t_0_stream_mdf_word_t_0_delay_re_addr_reg_1947                   |   7|   0|    7|          0|
    |void_stage_fb_stream_mdf_word_t_0_stream_mdf_word_t_0_delay_re_addr_reg_1947_pp0_iter2_reg     |   7|   0|    7|          0|
    |y_last_reg_1890                                                                                |   1|   0|    1|          0|
    |y_last_reg_1890_pp0_iter1_reg                                                                  |   1|   0|    1|          0|
    |y_last_reg_1890_pp0_iter2_reg                                                                  |   1|   0|    1|          0|
    |y_last_reg_1890_pp0_iter3_reg                                                                  |   1|   0|    1|          0|
    |y_last_reg_1890_pp0_iter4_reg                                                                  |   1|   0|    1|          0|
    +-----------------------------------------------------------------------------------------------+----+----+-----+-----------+
    |Total                                                                                          |1909|   0| 1912|          3|
    +-----------------------------------------------------------------------------------------------+----+----+-----+-----------+



================================================================
== Interface
================================================================
* Summary: 
+---------------------+-----+-----+------------+-----------------------------+--------------+
|      RTL Ports      | Dir | Bits|  Protocol  |        Source Object        |    C Type    |
+---------------------+-----+-----+------------+-----------------------------+--------------+
|ap_clk               |   in|    1|  ap_ctrl_hs|  Loop_VITIS_LOOP_95_1_proc10|  return value|
|ap_rst               |   in|    1|  ap_ctrl_hs|  Loop_VITIS_LOOP_95_1_proc10|  return value|
|ap_start             |   in|    1|  ap_ctrl_hs|  Loop_VITIS_LOOP_95_1_proc10|  return value|
|start_full_n         |   in|    1|  ap_ctrl_hs|  Loop_VITIS_LOOP_95_1_proc10|  return value|
|ap_done              |  out|    1|  ap_ctrl_hs|  Loop_VITIS_LOOP_95_1_proc10|  return value|
|ap_continue          |   in|    1|  ap_ctrl_hs|  Loop_VITIS_LOOP_95_1_proc10|  return value|
|ap_idle              |  out|    1|  ap_ctrl_hs|  Loop_VITIS_LOOP_95_1_proc10|  return value|
|ap_ready             |  out|    1|  ap_ctrl_hs|  Loop_VITIS_LOOP_95_1_proc10|  return value|
|start_out            |  out|    1|  ap_ctrl_hs|  Loop_VITIS_LOOP_95_1_proc10|  return value|
|start_write          |  out|    1|  ap_ctrl_hs|  Loop_VITIS_LOOP_95_1_proc10|  return value|
|w_in_dout            |   in|  129|     ap_fifo|                         w_in|       pointer|
|w_in_num_data_valid  |   in|   10|     ap_fifo|                         w_in|       pointer|
|w_in_fifo_cap        |   in|   10|     ap_fifo|                         w_in|       pointer|
|w_in_empty_n         |   in|    1|     ap_fifo|                         w_in|       pointer|
|w_in_read            |  out|    1|     ap_fifo|                         w_in|       pointer|
|s0_din               |  out|  129|     ap_fifo|                           s0|       pointer|
|s0_num_data_valid    |   in|   10|     ap_fifo|                           s0|       pointer|
|s0_fifo_cap          |   in|   10|     ap_fifo|                           s0|       pointer|
|s0_full_n            |   in|    1|     ap_fifo|                           s0|       pointer|
|s0_write             |  out|    1|     ap_fifo|                           s0|       pointer|
+---------------------+-----+-----+------------+-----------------------------+--------------+

