

================================================================
== Vitis HLS Report for 'Loop_VITIS_LOOP_95_1_proc313'
================================================================
* Date:           Tue Jun 30 20:57:58 2026

* Version:        2023.2 (Build 4023990 on Oct 11 2023)
* Project:        mdf_fft_hls
* Solution:       solution1 (Vivado IP Flow Target)
* Product family: artix7
* Target device:  xc7a200t-fbg676-2


================================================================
== Performance Estimates
================================================================
+ Timing: 
    * Summary: 
    +--------+----------+----------+------------+
    |  Clock |  Target  | Estimated| Uncertainty|
    +--------+----------+----------+------------+
    |ap_clk  |  10.00 ns|  6.658 ns|     2.70 ns|
    +--------+----------+----------+------------+

+ Latency: 
    * Summary: 
    +---------+---------+----------+----------+-----+-----+---------+
    |  Latency (cycles) |  Latency (absolute) |  Interval | Pipeline|
    |   min   |   max   |    min   |    max   | min | max |   Type  |
    +---------+---------+----------+----------+-----+-----+---------+
    |      262|      262|  2.620 us|  2.620 us|  262|  262|       no|
    +---------+---------+----------+----------+-----+-----+---------+

    + Detail: 
        * Instance: 
        N/A

        * Loop: 
        +-------------------+---------+---------+----------+-----------+-----------+------+----------+
        |                   |  Latency (cycles) | Iteration|  Initiation Interval  | Trip |          |
        |     Loop Name     |   min   |   max   |  Latency |  achieved |   target  | Count| Pipelined|
        +-------------------+---------+---------+----------+-----------+-----------+------+----------+
        |- VITIS_LOOP_95_1  |      260|      260|         6|          1|          1|   256|  yes(flp)|
        +-------------------+---------+---------+----------+-----------+-----------+------+----------+



================================================================
== Utilization Estimates
================================================================
* Summary: 
+-----------------+---------+-----+--------+--------+-----+
|       Name      | BRAM_18K| DSP |   FF   |   LUT  | URAM|
+-----------------+---------+-----+--------+--------+-----+
|DSP              |        -|    8|       -|       -|    -|
|Expression       |        -|    -|       0|    1513|    -|
|FIFO             |        -|    -|       -|       -|    -|
|Instance         |        -|    8|       0|      48|    -|
|Memory           |        4|    -|     256|      32|    0|
|Multiplexer      |        -|    -|       -|     272|    -|
|Register         |        -|    -|    1829|       -|    -|
+-----------------+---------+-----+--------+--------+-----+
|Total            |        4|   16|    2085|    1865|    0|
+-----------------+---------+-----+--------+--------+-----+
|Available        |      730|  740|  269200|  134600|    0|
+-----------------+---------+-----+--------+--------+-----+
|Utilization (%)  |       ~0|    2|      ~0|       1|    0|
+-----------------+---------+-----+--------+--------+-----+

+ Detail: 
    * Instance: 
    +------------------------+--------------------+---------+----+---+----+-----+
    |        Instance        |       Module       | BRAM_18K| DSP| FF| LUT| URAM|
    +------------------------+--------------------+---------+----+---+----+-----+
    |mul_16s_16s_31_1_1_U78  |mul_16s_16s_31_1_1  |        0|   1|  0|   6|    0|
    |mul_16s_16s_31_1_1_U79  |mul_16s_16s_31_1_1  |        0|   1|  0|   6|    0|
    |mul_16s_16s_31_1_1_U80  |mul_16s_16s_31_1_1  |        0|   1|  0|   6|    0|
    |mul_16s_16s_31_1_1_U81  |mul_16s_16s_31_1_1  |        0|   1|  0|   6|    0|
    |mul_16s_16s_31_1_1_U82  |mul_16s_16s_31_1_1  |        0|   1|  0|   6|    0|
    |mul_16s_16s_31_1_1_U83  |mul_16s_16s_31_1_1  |        0|   1|  0|   6|    0|
    |mul_16s_16s_31_1_1_U84  |mul_16s_16s_31_1_1  |        0|   1|  0|   6|    0|
    |mul_16s_16s_31_1_1_U85  |mul_16s_16s_31_1_1  |        0|   1|  0|   6|    0|
    +------------------------+--------------------+---------+----+---+----+-----+
    |Total                   |                    |        0|   8|  0|  48|    0|
    +------------------------+--------------------+---------+----+---+----+-----+

    * DSP: 
    +-----------------------------------+-------------------------------+--------------+
    |              Instance             |             Module            |  Expression  |
    +-----------------------------------+-------------------------------+--------------+
    |mac_muladd_16s_16s_31s_31_4_1_U86  |mac_muladd_16s_16s_31s_31_4_1  |  i0 + i1 * i2|
    |mac_muladd_16s_16s_31s_31_4_1_U88  |mac_muladd_16s_16s_31s_31_4_1  |  i0 + i1 * i2|
    |mac_muladd_16s_16s_31s_31_4_1_U90  |mac_muladd_16s_16s_31s_31_4_1  |  i0 + i1 * i2|
    |mac_muladd_16s_16s_31s_31_4_1_U92  |mac_muladd_16s_16s_31s_31_4_1  |  i0 + i1 * i2|
    |mac_mulsub_16s_16s_31s_31_4_1_U87  |mac_mulsub_16s_16s_31s_31_4_1  |  i0 - i1 * i2|
    |mac_mulsub_16s_16s_31s_31_4_1_U89  |mac_mulsub_16s_16s_31s_31_4_1  |  i0 - i1 * i2|
    |mac_mulsub_16s_16s_31s_31_4_1_U91  |mac_mulsub_16s_16s_31s_31_4_1  |  i0 - i1 * i2|
    |mac_mulsub_16s_16s_31s_31_4_1_U93  |mac_mulsub_16s_16s_31s_31_4_1  |  i0 - i1 * i2|
    +-----------------------------------+-------------------------------+--------------+

    * Memory: 
    +--------------------------------------------------------------------------+----------------------------------------------------------------------------------+---------+----+----+-----+------+-----+------+-------------+
    |                                  Memory                                  |                                      Module                                      | BRAM_18K| FF | LUT| URAM| Words| Bits| Banks| W*Bits*Banks|
    +--------------------------------------------------------------------------+----------------------------------------------------------------------------------+---------+----+----+-----+------+-----+------+-------------+
    |TW_COS_LUT22_U                                                            |Loop_VITIS_LOOP_95_1_proc10_TW_COS_LUT25_ROM_AUTO_1R                              |        2|   0|   0|    0|   129|   15|     1|         1935|
    |TW_SIN_LUT27_U                                                            |Loop_VITIS_LOOP_95_1_proc10_TW_SIN_LUT30_ROM_AUTO_1R                              |        2|   0|   0|    0|   129|   15|     1|         1935|
    |void_stage_fb_3_16_stream_mdf_word_t_0_stream_mdf_word_t_0_delay_re_U     |Loop_VITIS_LOOP_95_1_proc313_void_stage_fb_3_16_stream_mdf_word_t_0_stream_mdzec  |        0|  32|   4|    0|    16|   16|     1|          256|
    |void_stage_fb_3_16_stream_mdf_word_t_0_stream_mdf_word_t_0_delay_re_26_U  |Loop_VITIS_LOOP_95_1_proc313_void_stage_fb_3_16_stream_mdf_word_t_0_stream_mdzec  |        0|  32|   4|    0|    16|   16|     1|          256|
    |void_stage_fb_3_16_stream_mdf_word_t_0_stream_mdf_word_t_0_delay_re_27_U  |Loop_VITIS_LOOP_95_1_proc313_void_stage_fb_3_16_stream_mdf_word_t_0_stream_mdzec  |        0|  32|   4|    0|    16|   16|     1|          256|
    |void_stage_fb_3_16_stream_mdf_word_t_0_stream_mdf_word_t_0_delay_re_28_U  |Loop_VITIS_LOOP_95_1_proc313_void_stage_fb_3_16_stream_mdf_word_t_0_stream_mdzec  |        0|  32|   4|    0|    16|   16|     1|          256|
    |void_stage_fb_3_16_stream_mdf_word_t_0_stream_mdf_word_t_0_delay_im_U     |Loop_VITIS_LOOP_95_1_proc313_void_stage_fb_3_16_stream_mdf_word_t_0_stream_mdzec  |        0|  32|   4|    0|    16|   16|     1|          256|
    |void_stage_fb_3_16_stream_mdf_word_t_0_stream_mdf_word_t_0_delay_im_29_U  |Loop_VITIS_LOOP_95_1_proc313_void_stage_fb_3_16_stream_mdf_word_t_0_stream_mdzec  |        0|  32|   4|    0|    16|   16|     1|          256|
    |void_stage_fb_3_16_stream_mdf_word_t_0_stream_mdf_word_t_0_delay_im_30_U  |Loop_VITIS_LOOP_95_1_proc313_void_stage_fb_3_16_stream_mdf_word_t_0_stream_mdzec  |        0|  32|   4|    0|    16|   16|     1|          256|
    |void_stage_fb_3_16_stream_mdf_word_t_0_stream_mdf_word_t_0_delay_im_31_U  |Loop_VITIS_LOOP_95_1_proc313_void_stage_fb_3_16_stream_mdf_word_t_0_stream_mdzec  |        0|  32|   4|    0|    16|   16|     1|          256|
    +--------------------------------------------------------------------------+----------------------------------------------------------------------------------+---------+----+----+-----+------+-----+------+-------------+
    |Total                                                                     |                                                                                  |        4| 256|  32|    0|   386|  158|    10|         5918|
    +--------------------------------------------------------------------------+----------------------------------------------------------------------------------+---------+----+----+-----+------+-----+------+-------------+

    * FIFO: 
    N/A

    * Expression: 
    +-----------------------------------+----------+----+---+----+------------+------------+
    |           Variable Name           | Operation| DSP| FF| LUT| Bitwidth P0| Bitwidth P1|
    +-----------------------------------+----------+----+---+----+------------+------------+
    |add_ln53_48_fu_1151_p2             |         +|   0|  0|  24|          17|          17|
    |add_ln53_49_fu_1178_p2             |         +|   0|  0|  24|          17|          17|
    |add_ln53_50_fu_1205_p2             |         +|   0|  0|  24|          17|          17|
    |add_ln53_51_fu_1231_p2             |         +|   0|  0|  24|          17|          17|
    |add_ln53_52_fu_1309_p2             |         +|   0|  0|  24|          17|          17|
    |add_ln53_53_fu_1336_p2             |         +|   0|  0|  24|          17|          17|
    |add_ln53_54_fu_1363_p2             |         +|   0|  0|  24|          17|          17|
    |add_ln53_55_fu_1389_p2             |         +|   0|  0|  24|          17|          17|
    |add_ln53_56_fu_1467_p2             |         +|   0|  0|  24|          17|          17|
    |add_ln53_57_fu_1494_p2             |         +|   0|  0|  24|          17|          17|
    |add_ln53_58_fu_1521_p2             |         +|   0|  0|  24|          17|          17|
    |add_ln53_59_fu_1547_p2             |         +|   0|  0|  24|          17|          17|
    |add_ln53_60_fu_1625_p2             |         +|   0|  0|  24|          17|          17|
    |add_ln53_61_fu_1679_p2             |         +|   0|  0|  24|          17|          17|
    |add_ln53_62_fu_1705_p2             |         +|   0|  0|  24|          17|          17|
    |add_ln53_fu_1652_p2                |         +|   0|  0|  24|          17|          17|
    |cyc_9_fu_471_p2                    |         +|   0|  0|  16|           9|           1|
    |sum_im_13_fu_1289_p2               |         +|   0|  0|  24|          17|          17|
    |sum_im_14_fu_1447_p2               |         +|   0|  0|  24|          17|          17|
    |sum_im_15_fu_1605_p2               |         +|   0|  0|  24|          17|          17|
    |sum_im_fu_1131_p2                  |         +|   0|  0|  24|          17|          17|
    |sum_re_13_fu_1263_p2               |         +|   0|  0|  24|          17|          17|
    |sum_re_14_fu_1421_p2               |         +|   0|  0|  24|          17|          17|
    |sum_re_15_fu_1579_p2               |         +|   0|  0|  24|          17|          17|
    |sum_re_fu_1105_p2                  |         +|   0|  0|  24|          17|          17|
    |diff_im_13_fu_1279_p2              |         -|   0|  0|  24|          17|          17|
    |diff_im_14_fu_1437_p2              |         -|   0|  0|  24|          17|          17|
    |diff_im_15_fu_1595_p2              |         -|   0|  0|  24|          17|          17|
    |diff_im_fu_1121_p2                 |         -|   0|  0|  24|          17|          17|
    |diff_re_13_fu_1253_p2              |         -|   0|  0|  24|          17|          17|
    |diff_re_14_fu_1411_p2              |         -|   0|  0|  24|          17|          17|
    |diff_re_15_fu_1569_p2              |         -|   0|  0|  24|          17|          17|
    |diff_re_fu_1095_p2                 |         -|   0|  0|  24|          17|          17|
    |sub_ln23_4_fu_648_p2               |         -|   0|  0|  16|           9|           8|
    |sub_ln23_5_fu_678_p2               |         -|   0|  0|  16|           9|           8|
    |sub_ln23_6_fu_708_p2               |         -|   0|  0|  16|           9|           8|
    |sub_ln23_fu_618_p2                 |         -|   0|  0|  16|           9|           8|
    |ap_block_pp0                       |       and|   0|  0|   2|           1|           1|
    |ap_block_state4_pp0_stage0_iter3   |       and|   0|  0|   2|           1|           1|
    |ap_block_state5_pp0_stage0_iter4   |       and|   0|  0|   2|           1|           1|
    |ap_block_state6_pp0_stage0_iter5   |       and|   0|  0|   2|           1|           1|
    |ap_condition_147                   |       and|   0|  0|   2|           1|           1|
    |ap_condition_345                   |       and|   0|  0|   2|           1|           1|
    |ap_enable_state2_pp0_iter1_stage0  |       and|   0|  0|   2|           1|           1|
    |ap_enable_state3_pp0_iter2_stage0  |       and|   0|  0|   2|           1|           1|
    |ap_enable_state4_pp0_iter3_stage0  |       and|   0|  0|   2|           1|           1|
    |ap_predicate_op299_store_state4    |       and|   0|  0|   2|           1|           1|
    |ap_predicate_op52_store_state2     |       and|   0|  0|   2|           1|           1|
    |icmp_ln28_5_fu_741_p2              |      icmp|   0|  0|  11|           2|           3|
    |icmp_ln28_6_fu_786_p2              |      icmp|   0|  0|  10|           2|           1|
    |icmp_ln28_fu_736_p2                |      icmp|   0|  0|  10|           2|           1|
    |icmp_ln53_48_fu_1141_p2            |      icmp|   0|  0|  10|           2|           2|
    |icmp_ln53_49_fu_1168_p2            |      icmp|   0|  0|  10|           2|           2|
    |icmp_ln53_50_fu_1195_p2            |      icmp|   0|  0|  10|           2|           2|
    |icmp_ln53_51_fu_1221_p2            |      icmp|   0|  0|  10|           2|           2|
    |icmp_ln53_52_fu_1299_p2            |      icmp|   0|  0|  10|           2|           2|
    |icmp_ln53_53_fu_1326_p2            |      icmp|   0|  0|  10|           2|           2|
    |icmp_ln53_54_fu_1353_p2            |      icmp|   0|  0|  10|           2|           2|
    |icmp_ln53_55_fu_1379_p2            |      icmp|   0|  0|  10|           2|           2|
    |icmp_ln53_56_fu_1457_p2            |      icmp|   0|  0|  10|           2|           2|
    |icmp_ln53_57_fu_1484_p2            |      icmp|   0|  0|  10|           2|           2|
    |icmp_ln53_58_fu_1511_p2            |      icmp|   0|  0|  10|           2|           2|
    |icmp_ln53_59_fu_1537_p2            |      icmp|   0|  0|  10|           2|           2|
    |icmp_ln53_60_fu_1615_p2            |      icmp|   0|  0|  10|           2|           2|
    |icmp_ln53_61_fu_1669_p2            |      icmp|   0|  0|  10|           2|           2|
    |icmp_ln53_62_fu_1695_p2            |      icmp|   0|  0|  10|           2|           2|
    |icmp_ln53_fu_1642_p2               |      icmp|   0|  0|  10|           2|           2|
    |icmp_ln95_fu_465_p2                |      icmp|   0|  0|  17|           9|          10|
    |ap_block_pp0_stage0_subdone        |        or|   0|  0|   2|           1|           1|
    |ap_block_state1_pp0_stage0_iter0   |        or|   0|  0|   2|           1|           1|
    |offset_4_fu_638_p2                 |        or|   0|  0|   7|           7|           4|
    |offset_5_fu_668_p2                 |        or|   0|  0|   7|           7|           5|
    |offset_6_fu_698_p2                 |        or|   0|  0|   7|           7|           5|
    |or_ln28_fu_746_p2                  |        or|   0|  0|   2|           1|           1|
    |rom_addr_4_fu_654_p3               |    select|   0|  0|   8|           1|           8|
    |rom_addr_5_fu_684_p3               |    select|   0|  0|   8|           1|           8|
    |rom_addr_6_fu_714_p3               |    select|   0|  0|   8|           1|           8|
    |rom_addr_fu_624_p3                 |    select|   0|  0|   8|           1|           8|
    |select_ln28_30_fu_837_p3           |    select|   0|  0|  15|           1|          15|
    |select_ln28_34_fu_909_p3           |    select|   0|  0|  15|           1|          15|
    |select_ln28_38_fu_981_p3           |    select|   0|  0|  15|           1|          15|
    |select_ln28_fu_760_p3              |    select|   0|  0|  15|           1|          15|
    |w_re_51_fu_752_p3                  |    select|   0|  0|  15|           1|          15|
    |w_re_53_fu_778_p3                  |    select|   0|  0|  16|           1|          16|
    |w_re_56_fu_829_p3                  |    select|   0|  0|  15|           1|          15|
    |w_re_58_fu_855_p3                  |    select|   0|  0|  16|           1|          16|
    |w_re_59_fu_863_p3                  |    select|   0|  0|  16|           1|          16|
    |w_re_62_fu_901_p3                  |    select|   0|  0|  15|           1|          15|
    |w_re_64_fu_927_p3                  |    select|   0|  0|  16|           1|          16|
    |w_re_65_fu_935_p3                  |    select|   0|  0|  16|           1|          16|
    |w_re_68_fu_973_p3                  |    select|   0|  0|  15|           1|          15|
    |w_re_70_fu_999_p3                  |    select|   0|  0|  16|           1|          16|
    |w_re_71_fu_1007_p3                 |    select|   0|  0|  16|           1|          16|
    |w_re_fu_791_p3                     |    select|   0|  0|  16|           1|          16|
    |w_im_7_fu_875_p2                   |       xor|   0|  0|  16|          16|           2|
    |w_im_8_fu_947_p2                   |       xor|   0|  0|  16|          16|           2|
    |w_im_9_fu_1019_p2                  |       xor|   0|  0|  16|          16|           2|
    |w_im_fu_803_p2                     |       xor|   0|  0|  16|          16|           2|
    |w_re_52_fu_772_p2                  |       xor|   0|  0|  16|          16|           2|
    |w_re_57_fu_849_p2                  |       xor|   0|  0|  16|          16|           2|
    |w_re_63_fu_921_p2                  |       xor|   0|  0|  16|          16|           2|
    |w_re_69_fu_993_p2                  |       xor|   0|  0|  16|          16|           2|
    +-----------------------------------+----------+----+---+----+------------+------------+
    |Total                              |          |   0|  0|1513|         819|         948|
    +-----------------------------------+----------+----+---+----+------------+------------+

    * Multiplexer: 
    +----------------------------------------+----+-----------+-----+-----------+
    |                  Name                  | LUT| Input Size| Bits| Total Bits|
    +----------------------------------------+----+-----------+-----+-----------+
    |ap_NS_iter1_fsm                         |  13|          3|    2|          6|
    |ap_NS_iter2_fsm                         |  13|          3|    2|          6|
    |ap_NS_iter3_fsm                         |  13|          3|    2|          6|
    |ap_NS_iter4_fsm                         |  13|          3|    2|          6|
    |ap_NS_iter5_fsm                         |  13|          3|    2|          6|
    |ap_done_int                             |   9|          2|    1|          2|
    |ap_loop_exit_ready_pp0_iter5_reg        |   9|          2|    1|          2|
    |ap_phi_mux_out_im_52_phi_fu_415_p4      |   9|          2|   16|         32|
    |ap_phi_mux_out_im_53_phi_fu_406_p4      |   9|          2|   16|         32|
    |ap_phi_mux_out_im_54_phi_fu_397_p4      |   9|          2|   16|         32|
    |ap_phi_mux_out_im_55_phi_fu_388_p4      |   9|          2|   16|         32|
    |ap_phi_mux_out_re_52_phi_fu_451_p4      |   9|          2|   16|         32|
    |ap_phi_mux_out_re_53_phi_fu_442_p4      |   9|          2|   16|         32|
    |ap_phi_mux_out_re_54_phi_fu_433_p4      |   9|          2|   16|         32|
    |ap_phi_mux_out_re_55_phi_fu_424_p4      |   9|          2|   16|         32|
    |ap_phi_reg_pp0_iter4_out_im_52_reg_412  |   9|          2|   16|         32|
    |ap_phi_reg_pp0_iter4_out_im_53_reg_403  |   9|          2|   16|         32|
    |ap_phi_reg_pp0_iter4_out_im_54_reg_394  |   9|          2|   16|         32|
    |ap_phi_reg_pp0_iter4_out_im_55_reg_385  |   9|          2|   16|         32|
    |ap_phi_reg_pp0_iter4_out_re_52_reg_448  |   9|          2|   16|         32|
    |ap_phi_reg_pp0_iter4_out_re_53_reg_439  |   9|          2|   16|         32|
    |ap_phi_reg_pp0_iter4_out_re_54_reg_430  |   9|          2|   16|         32|
    |ap_phi_reg_pp0_iter4_out_re_55_reg_421  |   9|          2|   16|         32|
    |ap_sig_allocacmp_cyc                    |   9|          2|    9|         18|
    |cyc_3_fu_134                            |   9|          2|    9|         18|
    |real_start                              |   9|          2|    1|          2|
    |s2_blk_n                                |   9|          2|    1|          2|
    |s3_blk_n                                |   9|          2|    1|          2|
    +----------------------------------------+----+-----------+-----+-----------+
    |Total                                   | 272|         61|  289|        588|
    +----------------------------------------+----+-----------+-----+-----------+

    * Register: 
    +-----------------------------------------------------------------------------------------------+----+----+-----+-----------+
    |                                              Name                                             | FF | LUT| Bits| Const Bits|
    +-----------------------------------------------------------------------------------------------+----+----+-----+-----------+
    |ap_CS_iter0_fsm                                                                                |   1|   0|    1|          0|
    |ap_CS_iter1_fsm                                                                                |   2|   0|    2|          0|
    |ap_CS_iter2_fsm                                                                                |   2|   0|    2|          0|
    |ap_CS_iter3_fsm                                                                                |   2|   0|    2|          0|
    |ap_CS_iter4_fsm                                                                                |   2|   0|    2|          0|
    |ap_CS_iter5_fsm                                                                                |   2|   0|    2|          0|
    |ap_done_reg                                                                                    |   1|   0|    1|          0|
    |ap_enable_reg_pp0_iter1                                                                        |   0|   0|    1|          1|
    |ap_enable_reg_pp0_iter2                                                                        |   0|   0|    1|          1|
    |ap_enable_reg_pp0_iter3                                                                        |   0|   0|    1|          1|
    |ap_loop_exit_ready_pp0_iter1_reg                                                               |   1|   0|    1|          0|
    |ap_loop_exit_ready_pp0_iter2_reg                                                               |   1|   0|    1|          0|
    |ap_loop_exit_ready_pp0_iter3_reg                                                               |   1|   0|    1|          0|
    |ap_loop_exit_ready_pp0_iter4_reg                                                               |   1|   0|    1|          0|
    |ap_loop_exit_ready_pp0_iter5_reg                                                               |   1|   0|    1|          0|
    |ap_phi_reg_pp0_iter1_out_im_52_reg_412                                                         |  16|   0|   16|          0|
    |ap_phi_reg_pp0_iter1_out_im_53_reg_403                                                         |  16|   0|   16|          0|
    |ap_phi_reg_pp0_iter1_out_im_54_reg_394                                                         |  16|   0|   16|          0|
    |ap_phi_reg_pp0_iter1_out_im_55_reg_385                                                         |  16|   0|   16|          0|
    |ap_phi_reg_pp0_iter1_out_re_52_reg_448                                                         |  16|   0|   16|          0|
    |ap_phi_reg_pp0_iter1_out_re_53_reg_439                                                         |  16|   0|   16|          0|
    |ap_phi_reg_pp0_iter1_out_re_54_reg_430                                                         |  16|   0|   16|          0|
    |ap_phi_reg_pp0_iter1_out_re_55_reg_421                                                         |  16|   0|   16|          0|
    |ap_phi_reg_pp0_iter2_out_im_52_reg_412                                                         |  16|   0|   16|          0|
    |ap_phi_reg_pp0_iter2_out_im_53_reg_403                                                         |  16|   0|   16|          0|
    |ap_phi_reg_pp0_iter2_out_im_54_reg_394                                                         |  16|   0|   16|          0|
    |ap_phi_reg_pp0_iter2_out_im_55_reg_385                                                         |  16|   0|   16|          0|
    |ap_phi_reg_pp0_iter2_out_re_52_reg_448                                                         |  16|   0|   16|          0|
    |ap_phi_reg_pp0_iter2_out_re_53_reg_439                                                         |  16|   0|   16|          0|
    |ap_phi_reg_pp0_iter2_out_re_54_reg_430                                                         |  16|   0|   16|          0|
    |ap_phi_reg_pp0_iter2_out_re_55_reg_421                                                         |  16|   0|   16|          0|
    |ap_phi_reg_pp0_iter3_out_im_52_reg_412                                                         |  16|   0|   16|          0|
    |ap_phi_reg_pp0_iter3_out_im_53_reg_403                                                         |  16|   0|   16|          0|
    |ap_phi_reg_pp0_iter3_out_im_54_reg_394                                                         |  16|   0|   16|          0|
    |ap_phi_reg_pp0_iter3_out_im_55_reg_385                                                         |  16|   0|   16|          0|
    |ap_phi_reg_pp0_iter3_out_re_52_reg_448                                                         |  16|   0|   16|          0|
    |ap_phi_reg_pp0_iter3_out_re_53_reg_439                                                         |  16|   0|   16|          0|
    |ap_phi_reg_pp0_iter3_out_re_54_reg_430                                                         |  16|   0|   16|          0|
    |ap_phi_reg_pp0_iter3_out_re_55_reg_421                                                         |  16|   0|   16|          0|
    |ap_phi_reg_pp0_iter4_out_im_52_reg_412                                                         |  16|   0|   16|          0|
    |ap_phi_reg_pp0_iter4_out_im_53_reg_403                                                         |  16|   0|   16|          0|
    |ap_phi_reg_pp0_iter4_out_im_54_reg_394                                                         |  16|   0|   16|          0|
    |ap_phi_reg_pp0_iter4_out_im_55_reg_385                                                         |  16|   0|   16|          0|
    |ap_phi_reg_pp0_iter4_out_re_52_reg_448                                                         |  16|   0|   16|          0|
    |ap_phi_reg_pp0_iter4_out_re_53_reg_439                                                         |  16|   0|   16|          0|
    |ap_phi_reg_pp0_iter4_out_re_54_reg_430                                                         |  16|   0|   16|          0|
    |ap_phi_reg_pp0_iter4_out_re_55_reg_421                                                         |  16|   0|   16|          0|
    |ap_phi_reg_pp0_iter5_out_im_52_reg_412                                                         |  16|   0|   16|          0|
    |ap_phi_reg_pp0_iter5_out_im_53_reg_403                                                         |  16|   0|   16|          0|
    |ap_phi_reg_pp0_iter5_out_im_54_reg_394                                                         |  16|   0|   16|          0|
    |ap_phi_reg_pp0_iter5_out_im_55_reg_385                                                         |  16|   0|   16|          0|
    |ap_phi_reg_pp0_iter5_out_re_52_reg_448                                                         |  16|   0|   16|          0|
    |ap_phi_reg_pp0_iter5_out_re_53_reg_439                                                         |  16|   0|   16|          0|
    |ap_phi_reg_pp0_iter5_out_re_54_reg_430                                                         |  16|   0|   16|          0|
    |ap_phi_reg_pp0_iter5_out_re_55_reg_421                                                         |  16|   0|   16|          0|
    |cyc_3_fu_134                                                                                   |   9|   0|    9|          0|
    |cyc_reg_1894                                                                                   |   9|   0|    9|          0|
    |dl_im_22_reg_2073                                                                              |  16|   0|   16|          0|
    |dl_im_23_reg_2083                                                                              |  16|   0|   16|          0|
    |dl_im_24_reg_2093                                                                              |  16|   0|   16|          0|
    |dl_im_reg_2063                                                                                 |  16|   0|   16|          0|
    |dl_re_22_reg_2068                                                                              |  16|   0|   16|          0|
    |dl_re_23_reg_2078                                                                              |  16|   0|   16|          0|
    |dl_re_24_reg_2088                                                                              |  16|   0|   16|          0|
    |dl_re_reg_2058                                                                                 |  16|   0|   16|          0|
    |icmp_ln95_reg_1902                                                                             |   1|   0|    1|          0|
    |icmp_ln95_reg_1902_pp0_iter1_reg                                                               |   1|   0|    1|          0|
    |icmp_ln95_reg_1902_pp0_iter2_reg                                                               |   1|   0|    1|          0|
    |icmp_ln95_reg_1902_pp0_iter3_reg                                                               |   1|   0|    1|          0|
    |icmp_ln95_reg_1902_pp0_iter4_reg                                                               |   1|   0|    1|          0|
    |in_im_13_reg_1929                                                                              |  16|   0|   16|          0|
    |in_im_13_reg_1929_pp0_iter1_reg                                                                |  16|   0|   16|          0|
    |in_im_13_reg_1929_pp0_iter2_reg                                                                |  16|   0|   16|          0|
    |in_im_14_reg_1941                                                                              |  16|   0|   16|          0|
    |in_im_14_reg_1941_pp0_iter1_reg                                                                |  16|   0|   16|          0|
    |in_im_14_reg_1941_pp0_iter2_reg                                                                |  16|   0|   16|          0|
    |in_im_15_reg_1953                                                                              |  16|   0|   16|          0|
    |in_im_15_reg_1953_pp0_iter1_reg                                                                |  16|   0|   16|          0|
    |in_im_15_reg_1953_pp0_iter2_reg                                                                |  16|   0|   16|          0|
    |in_im_reg_1917                                                                                 |  16|   0|   16|          0|
    |in_im_reg_1917_pp0_iter1_reg                                                                   |  16|   0|   16|          0|
    |in_im_reg_1917_pp0_iter2_reg                                                                   |  16|   0|   16|          0|
    |in_re_13_reg_1923                                                                              |  16|   0|   16|          0|
    |in_re_13_reg_1923_pp0_iter1_reg                                                                |  16|   0|   16|          0|
    |in_re_13_reg_1923_pp0_iter2_reg                                                                |  16|   0|   16|          0|
    |in_re_14_reg_1935                                                                              |  16|   0|   16|          0|
    |in_re_14_reg_1935_pp0_iter1_reg                                                                |  16|   0|   16|          0|
    |in_re_14_reg_1935_pp0_iter2_reg                                                                |  16|   0|   16|          0|
    |in_re_15_reg_1947                                                                              |  16|   0|   16|          0|
    |in_re_15_reg_1947_pp0_iter1_reg                                                                |  16|   0|   16|          0|
    |in_re_15_reg_1947_pp0_iter2_reg                                                                |  16|   0|   16|          0|
    |in_re_reg_1911                                                                                 |  16|   0|   16|          0|
    |in_re_reg_1911_pp0_iter1_reg                                                                   |  16|   0|   16|          0|
    |in_re_reg_1911_pp0_iter2_reg                                                                   |  16|   0|   16|          0|
    |is_bfly_reg_1959                                                                               |   1|   0|    1|          0|
    |is_bfly_reg_1959_pp0_iter1_reg                                                                 |   1|   0|    1|          0|
    |is_bfly_reg_1959_pp0_iter2_reg                                                                 |   1|   0|    1|          0|
    |is_bfly_reg_1959_pp0_iter3_reg                                                                 |   1|   0|    1|          0|
    |is_bfly_reg_1959_pp0_iter4_reg                                                                 |   1|   0|    1|          0|
    |mul_ln63_23_reg_2200                                                                           |  31|   0|   31|          0|
    |mul_ln63_25_reg_2210                                                                           |  31|   0|   31|          0|
    |mul_ln63_27_reg_2220                                                                           |  31|   0|   31|          0|
    |mul_ln63_reg_2190                                                                              |  31|   0|   31|          0|
    |mul_ln64_22_reg_2195                                                                           |  31|   0|   31|          0|
    |mul_ln64_24_reg_2205                                                                           |  31|   0|   31|          0|
    |mul_ln64_26_reg_2215                                                                           |  31|   0|   31|          0|
    |mul_ln64_28_reg_2225                                                                           |  31|   0|   31|          0|
    |sext_ln63_46_reg_2109                                                                          |  31|   0|   31|          0|
    |sext_ln63_47_reg_2115                                                                          |  31|   0|   31|          0|
    |sext_ln63_50_reg_2132                                                                          |  31|   0|   31|          0|
    |sext_ln63_51_reg_2138                                                                          |  31|   0|   31|          0|
    |sext_ln63_54_reg_2155                                                                          |  31|   0|   31|          0|
    |sext_ln63_55_reg_2161                                                                          |  31|   0|   31|          0|
    |sext_ln63_58_reg_2178                                                                          |  31|   0|   31|          0|
    |sext_ln63_59_reg_2184                                                                          |  31|   0|   31|          0|
    |start_once_reg                                                                                 |   1|   0|    1|          0|
    |trunc_ln21_2_reg_2011                                                                          |   2|   0|    2|          0|
    |void_stage_fb_stream_mdf_word_t_0_stream_mdf_word_t_0_delay_im_29_addr_reg_1993                |   4|   0|    4|          0|
    |void_stage_fb_stream_mdf_word_t_0_stream_mdf_word_t_0_delay_im_29_addr_reg_1993_pp0_iter2_reg  |   4|   0|    4|          0|
    |void_stage_fb_stream_mdf_word_t_0_stream_mdf_word_t_0_delay_im_30_addr_reg_1999                |   4|   0|    4|          0|
    |void_stage_fb_stream_mdf_word_t_0_stream_mdf_word_t_0_delay_im_30_addr_reg_1999_pp0_iter2_reg  |   4|   0|    4|          0|
    |void_stage_fb_stream_mdf_word_t_0_stream_mdf_word_t_0_delay_im_31_addr_reg_2005                |   4|   0|    4|          0|
    |void_stage_fb_stream_mdf_word_t_0_stream_mdf_word_t_0_delay_im_31_addr_reg_2005_pp0_iter2_reg  |   4|   0|    4|          0|
    |void_stage_fb_stream_mdf_word_t_0_stream_mdf_word_t_0_delay_im_addr_reg_1987                   |   4|   0|    4|          0|
    |void_stage_fb_stream_mdf_word_t_0_stream_mdf_word_t_0_delay_im_addr_reg_1987_pp0_iter2_reg     |   4|   0|    4|          0|
    |void_stage_fb_stream_mdf_word_t_0_stream_mdf_word_t_0_delay_re_26_addr_reg_1969                |   4|   0|    4|          0|
    |void_stage_fb_stream_mdf_word_t_0_stream_mdf_word_t_0_delay_re_26_addr_reg_1969_pp0_iter2_reg  |   4|   0|    4|          0|
    |void_stage_fb_stream_mdf_word_t_0_stream_mdf_word_t_0_delay_re_27_addr_reg_1975                |   4|   0|    4|          0|
    |void_stage_fb_stream_mdf_word_t_0_stream_mdf_word_t_0_delay_re_27_addr_reg_1975_pp0_iter2_reg  |   4|   0|    4|          0|
    |void_stage_fb_stream_mdf_word_t_0_stream_mdf_word_t_0_delay_re_28_addr_reg_1981                |   4|   0|    4|          0|
    |void_stage_fb_stream_mdf_word_t_0_stream_mdf_word_t_0_delay_re_28_addr_reg_1981_pp0_iter2_reg  |   4|   0|    4|          0|
    |void_stage_fb_stream_mdf_word_t_0_stream_mdf_word_t_0_delay_re_addr_reg_1963                   |   4|   0|    4|          0|
    |void_stage_fb_stream_mdf_word_t_0_stream_mdf_word_t_0_delay_re_addr_reg_1963_pp0_iter2_reg     |   4|   0|    4|          0|
    |w_re_59_reg_2121                                                                               |  16|   0|   16|          0|
    |w_re_65_reg_2144                                                                               |  16|   0|   16|          0|
    |w_re_71_reg_2167                                                                               |  16|   0|   16|          0|
    |w_re_reg_2098                                                                                  |  16|   0|   16|          0|
    |y_last_reg_1906                                                                                |   1|   0|    1|          0|
    |y_last_reg_1906_pp0_iter1_reg                                                                  |   1|   0|    1|          0|
    |y_last_reg_1906_pp0_iter2_reg                                                                  |   1|   0|    1|          0|
    |y_last_reg_1906_pp0_iter3_reg                                                                  |   1|   0|    1|          0|
    |y_last_reg_1906_pp0_iter4_reg                                                                  |   1|   0|    1|          0|
    +-----------------------------------------------------------------------------------------------+----+----+-----+-----------+
    |Total                                                                                          |1829|   0| 1832|          3|
    +-----------------------------------------------------------------------------------------------+----+----+-----+-----------+



================================================================
== Interface
================================================================
* Summary: 
+-------------------+-----+-----+------------+------------------------------+--------------+
|     RTL Ports     | Dir | Bits|  Protocol  |         Source Object        |    C Type    |
+-------------------+-----+-----+------------+------------------------------+--------------+
|ap_clk             |   in|    1|  ap_ctrl_hs|  Loop_VITIS_LOOP_95_1_proc313|  return value|
|ap_rst             |   in|    1|  ap_ctrl_hs|  Loop_VITIS_LOOP_95_1_proc313|  return value|
|ap_start           |   in|    1|  ap_ctrl_hs|  Loop_VITIS_LOOP_95_1_proc313|  return value|
|start_full_n       |   in|    1|  ap_ctrl_hs|  Loop_VITIS_LOOP_95_1_proc313|  return value|
|ap_done            |  out|    1|  ap_ctrl_hs|  Loop_VITIS_LOOP_95_1_proc313|  return value|
|ap_continue        |   in|    1|  ap_ctrl_hs|  Loop_VITIS_LOOP_95_1_proc313|  return value|
|ap_idle            |  out|    1|  ap_ctrl_hs|  Loop_VITIS_LOOP_95_1_proc313|  return value|
|ap_ready           |  out|    1|  ap_ctrl_hs|  Loop_VITIS_LOOP_95_1_proc313|  return value|
|start_out          |  out|    1|  ap_ctrl_hs|  Loop_VITIS_LOOP_95_1_proc313|  return value|
|start_write        |  out|    1|  ap_ctrl_hs|  Loop_VITIS_LOOP_95_1_proc313|  return value|
|s2_dout            |   in|  129|     ap_fifo|                            s2|       pointer|
|s2_num_data_valid  |   in|   10|     ap_fifo|                            s2|       pointer|
|s2_fifo_cap        |   in|   10|     ap_fifo|                            s2|       pointer|
|s2_empty_n         |   in|    1|     ap_fifo|                            s2|       pointer|
|s2_read            |  out|    1|     ap_fifo|                            s2|       pointer|
|s3_din             |  out|  129|     ap_fifo|                            s3|       pointer|
|s3_num_data_valid  |   in|   10|     ap_fifo|                            s3|       pointer|
|s3_fifo_cap        |   in|   10|     ap_fifo|                            s3|       pointer|
|s3_full_n          |   in|    1|     ap_fifo|                            s3|       pointer|
|s3_write           |  out|    1|     ap_fifo|                            s3|       pointer|
+-------------------+-----+-----+------------+------------------------------+--------------+

