

================================================================
== Vitis HLS Report for 'Loop_VITIS_LOOP_168_1_proc819'
================================================================
* Date:           Tue Jun 30 20:58:03 2026

* Version:        2023.2 (Build 4023990 on Oct 11 2023)
* Project:        mdf_fft_hls
* Solution:       solution1 (Vivado IP Flow Target)
* Product family: artix7
* Target device:  xc7a200t-fbg676-2


================================================================
== Performance Estimates
================================================================
+ Timing: 
    * Summary: 
    +--------+----------+----------+------------+
    |  Clock |  Target  | Estimated| Uncertainty|
    +--------+----------+----------+------------+
    |ap_clk  |  10.00 ns|  6.438 ns|     2.70 ns|
    +--------+----------+----------+------------+

+ Latency: 
    * Summary: 
    +---------+---------+----------+----------+-----+-----+---------+
    |  Latency (cycles) |  Latency (absolute) |  Interval | Pipeline|
    |   min   |   max   |    min   |    max   | min | max |   Type  |
    +---------+---------+----------+----------+-----+-----+---------+
    |      259|      259|  2.590 us|  2.590 us|  259|  259|       no|
    +---------+---------+----------+----------+-----+-----+---------+

    + Detail: 
        * Instance: 
        N/A

        * Loop: 
        +--------------------+---------+---------+----------+-----------+-----------+------+----------+
        |                    |  Latency (cycles) | Iteration|  Initiation Interval  | Trip |          |
        |      Loop Name     |   min   |   max   |  Latency |  achieved |   target  | Count| Pipelined|
        +--------------------+---------+---------+----------+-----------+-----------+------+----------+
        |- VITIS_LOOP_168_1  |      257|      257|         3|          1|          1|   256|  yes(flp)|
        +--------------------+---------+---------+----------+-----------+-----------+------+----------+



================================================================
== Utilization Estimates
================================================================
* Summary: 
+-----------------+---------+-----+--------+--------+-----+
|       Name      | BRAM_18K| DSP |   FF   |   LUT  | URAM|
+-----------------+---------+-----+--------+--------+-----+
|DSP              |        -|    -|       -|       -|    -|
|Expression       |        -|    -|       0|     505|    -|
|FIFO             |        -|    -|       -|       -|    -|
|Instance         |        -|    -|       -|       -|    -|
|Memory           |        -|    -|       -|       -|    -|
|Multiplexer      |        -|    -|       -|      89|    -|
|Register         |        -|    -|     165|       -|    -|
+-----------------+---------+-----+--------+--------+-----+
|Total            |        0|    0|     165|     594|    0|
+-----------------+---------+-----+--------+--------+-----+
|Available        |      730|  740|  269200|  134600|    0|
+-----------------+---------+-----+--------+--------+-----+
|Utilization (%)  |        0|    0|      ~0|      ~0|    0|
+-----------------+---------+-----+--------+--------+-----+

+ Detail: 
    * Instance: 
    N/A

    * DSP: 
    N/A

    * Memory: 
    N/A

    * FIFO: 
    N/A

    * Expression: 
    +----------------------------------+----------+----+---+----+------------+------------+
    |           Variable Name          | Operation| DSP| FF| LUT| Bitwidth P0| Bitwidth P1|
    +----------------------------------+----------+----+---+----+------------+------------+
    |add_ln53_63_fu_381_p2             |         +|   0|  0|  24|          17|          17|
    |add_ln53_64_fu_399_p2             |         +|   0|  0|  24|          17|          17|
    |add_ln53_65_fu_417_p2             |         +|   0|  0|  24|          17|          17|
    |add_ln53_66_fu_435_p2             |         +|   0|  0|  24|          17|          17|
    |add_ln53_67_fu_453_p2             |         +|   0|  0|  24|          17|          17|
    |add_ln53_68_fu_471_p2             |         +|   0|  0|  24|          17|          17|
    |add_ln53_69_fu_489_p2             |         +|   0|  0|  24|          17|          17|
    |add_ln53_fu_363_p2                |         +|   0|  0|  24|          17|          17|
    |cyc_15_fu_107_p2                  |         +|   0|  0|  16|           9|           1|
    |sum_im_A_fu_206_p2                |         +|   0|  0|  24|          17|          17|
    |sum_im_B_fu_302_p2                |         +|   0|  0|  24|          17|          17|
    |sum_re_A_fu_172_p2                |         +|   0|  0|  24|          17|          17|
    |sum_re_B_fu_268_p2                |         +|   0|  0|  24|          17|          17|
    |diff_im_A_fu_196_p2               |         -|   0|  0|  24|          17|          17|
    |diff_im_B_fu_292_p2               |         -|   0|  0|  24|          17|          17|
    |diff_re_A_fu_162_p2               |         -|   0|  0|  24|          17|          17|
    |diff_re_B_fu_258_p2               |         -|   0|  0|  24|          17|          17|
    |ap_block_state2_pp0_stage0_iter1  |       and|   0|  0|   2|           1|           1|
    |ap_block_state3_pp0_stage0_iter2  |       and|   0|  0|   2|           1|           1|
    |ap_condition_100                  |       and|   0|  0|   2|           1|           1|
    |icmp_ln168_fu_101_p2              |      icmp|   0|  0|  17|           9|          10|
    |icmp_ln53_63_fu_318_p2            |      icmp|   0|  0|  10|           2|           2|
    |icmp_ln53_64_fu_324_p2            |      icmp|   0|  0|  10|           2|           2|
    |icmp_ln53_65_fu_330_p2            |      icmp|   0|  0|  10|           2|           2|
    |icmp_ln53_66_fu_336_p2            |      icmp|   0|  0|  10|           2|           2|
    |icmp_ln53_67_fu_342_p2            |      icmp|   0|  0|  10|           2|           2|
    |icmp_ln53_68_fu_348_p2            |      icmp|   0|  0|  10|           2|           2|
    |icmp_ln53_69_fu_354_p2            |      icmp|   0|  0|  10|           2|           2|
    |icmp_ln53_fu_312_p2               |      icmp|   0|  0|  10|           2|           2|
    |ap_block_state1_pp0_stage0_iter0  |        or|   0|  0|   2|           1|           1|
    +----------------------------------+----------+----+---+----+------------+------------+
    |Total                             |          |   0|  0| 505|         310|         303|
    +----------------------------------+----------+----+---+----+------------+------------+

    * Multiplexer: 
    +----------------------------------+----+-----------+-----+-----------+
    |               Name               | LUT| Input Size| Bits| Total Bits|
    +----------------------------------+----+-----------+-----+-----------+
    |ap_NS_iter1_fsm                   |  13|          3|    2|          6|
    |ap_NS_iter2_fsm                   |  13|          3|    2|          6|
    |ap_done_int                       |   9|          2|    1|          2|
    |ap_loop_exit_ready_pp0_iter2_reg  |   9|          2|    1|          2|
    |ap_sig_allocacmp_cyc_14           |   9|          2|    9|         18|
    |cyc_fu_76                         |   9|          2|    9|         18|
    |real_start                        |   9|          2|    1|          2|
    |s8_blk_n                          |   9|          2|    1|          2|
    |s9_blk_n                          |   9|          2|    1|          2|
    +----------------------------------+----+-----------+-----+-----------+
    |Total                             |  89|         20|   27|         58|
    +----------------------------------+----+-----------+-----+-----------+

    * Register: 
    +----------------------------------+----+----+-----+-----------+
    |               Name               | FF | LUT| Bits| Const Bits|
    +----------------------------------+----+----+-----+-----------+
    |ap_CS_iter0_fsm                   |   1|   0|    1|          0|
    |ap_CS_iter1_fsm                   |   2|   0|    2|          0|
    |ap_CS_iter2_fsm                   |   2|   0|    2|          0|
    |ap_done_reg                       |   1|   0|    1|          0|
    |ap_loop_exit_ready_pp0_iter1_reg  |   1|   0|    1|          0|
    |ap_loop_exit_ready_pp0_iter2_reg  |   1|   0|    1|          0|
    |cyc_fu_76                         |   9|   0|    9|          0|
    |diff_im_A_reg_552                 |  17|   0|   17|          0|
    |diff_im_B_reg_572                 |  17|   0|   17|          0|
    |diff_re_A_reg_542                 |  17|   0|   17|          0|
    |diff_re_B_reg_562                 |  17|   0|   17|          0|
    |icmp_ln168_reg_533                |   1|   0|    1|          0|
    |icmp_ln168_reg_533_pp0_iter1_reg  |   1|   0|    1|          0|
    |icmp_ln53_63_reg_587              |   1|   0|    1|          0|
    |icmp_ln53_64_reg_592              |   1|   0|    1|          0|
    |icmp_ln53_65_reg_597              |   1|   0|    1|          0|
    |icmp_ln53_66_reg_602              |   1|   0|    1|          0|
    |icmp_ln53_67_reg_607              |   1|   0|    1|          0|
    |icmp_ln53_68_reg_612              |   1|   0|    1|          0|
    |icmp_ln53_69_reg_617              |   1|   0|    1|          0|
    |icmp_ln53_reg_582                 |   1|   0|    1|          0|
    |start_once_reg                    |   1|   0|    1|          0|
    |sum_im_A_reg_557                  |  17|   0|   17|          0|
    |sum_im_B_reg_577                  |  17|   0|   17|          0|
    |sum_re_A_reg_547                  |  17|   0|   17|          0|
    |sum_re_B_reg_567                  |  17|   0|   17|          0|
    |tmp_reg_537                       |   1|   0|    1|          0|
    +----------------------------------+----+----+-----+-----------+
    |Total                             | 165|   0|  165|          0|
    +----------------------------------+----+----+-----+-----------+



================================================================
== Interface
================================================================
* Summary: 
+-------------------+-----+-----+------------+-------------------------------+--------------+
|     RTL Ports     | Dir | Bits|  Protocol  |         Source Object         |    C Type    |
+-------------------+-----+-----+------------+-------------------------------+--------------+
|ap_clk             |   in|    1|  ap_ctrl_hs|  Loop_VITIS_LOOP_168_1_proc819|  return value|
|ap_rst             |   in|    1|  ap_ctrl_hs|  Loop_VITIS_LOOP_168_1_proc819|  return value|
|ap_start           |   in|    1|  ap_ctrl_hs|  Loop_VITIS_LOOP_168_1_proc819|  return value|
|start_full_n       |   in|    1|  ap_ctrl_hs|  Loop_VITIS_LOOP_168_1_proc819|  return value|
|ap_done            |  out|    1|  ap_ctrl_hs|  Loop_VITIS_LOOP_168_1_proc819|  return value|
|ap_continue        |   in|    1|  ap_ctrl_hs|  Loop_VITIS_LOOP_168_1_proc819|  return value|
|ap_idle            |  out|    1|  ap_ctrl_hs|  Loop_VITIS_LOOP_168_1_proc819|  return value|
|ap_ready           |  out|    1|  ap_ctrl_hs|  Loop_VITIS_LOOP_168_1_proc819|  return value|
|start_out          |  out|    1|  ap_ctrl_hs|  Loop_VITIS_LOOP_168_1_proc819|  return value|
|start_write        |  out|    1|  ap_ctrl_hs|  Loop_VITIS_LOOP_168_1_proc819|  return value|
|s8_dout            |   in|  129|     ap_fifo|                             s8|       pointer|
|s8_num_data_valid  |   in|   10|     ap_fifo|                             s8|       pointer|
|s8_fifo_cap        |   in|   10|     ap_fifo|                             s8|       pointer|
|s8_empty_n         |   in|    1|     ap_fifo|                             s8|       pointer|
|s8_read            |  out|    1|     ap_fifo|                             s8|       pointer|
|s9_din             |  out|  129|     ap_fifo|                             s9|       pointer|
|s9_num_data_valid  |   in|   10|     ap_fifo|                             s9|       pointer|
|s9_fifo_cap        |   in|   10|     ap_fifo|                             s9|       pointer|
|s9_full_n          |   in|    1|     ap_fifo|                             s9|       pointer|
|s9_write           |  out|    1|     ap_fifo|                             s9|       pointer|
+-------------------+-----+-----+------------+-------------------------------+--------------+

