

================================================================
== Vitis HLS Report for 'Loop_VITIS_LOOP_95_1_proc616'
================================================================
* Date:           Tue Jun 30 20:58:01 2026

* Version:        2023.2 (Build 4023990 on Oct 11 2023)
* Project:        mdf_fft_hls
* Solution:       solution1 (Vivado IP Flow Target)
* Product family: artix7
* Target device:  xc7a200t-fbg676-2


================================================================
== Performance Estimates
================================================================
+ Timing: 
    * Summary: 
    +--------+----------+----------+------------+
    |  Clock |  Target  | Estimated| Uncertainty|
    +--------+----------+----------+------------+
    |ap_clk  |  10.00 ns|  6.886 ns|     2.70 ns|
    +--------+----------+----------+------------+

+ Latency: 
    * Summary: 
    +---------+---------+----------+----------+-----+-----+---------+
    |  Latency (cycles) |  Latency (absolute) |  Interval | Pipeline|
    |   min   |   max   |    min   |    max   | min | max |   Type  |
    +---------+---------+----------+----------+-----+-----+---------+
    |      262|      262|  2.620 us|  2.620 us|  262|  262|       no|
    +---------+---------+----------+----------+-----+-----+---------+

    + Detail: 
        * Instance: 
        N/A

        * Loop: 
        +-------------------+---------+---------+----------+-----------+-----------+------+----------+
        |                   |  Latency (cycles) | Iteration|  Initiation Interval  | Trip |          |
        |     Loop Name     |   min   |   max   |  Latency |  achieved |   target  | Count| Pipelined|
        +-------------------+---------+---------+----------+-----------+-----------+------+----------+
        |- VITIS_LOOP_95_1  |      260|      260|         6|          1|          1|   256|  yes(flp)|
        +-------------------+---------+---------+----------+-----------+-----------+------+----------+



================================================================
== Utilization Estimates
================================================================
* Summary: 
+-----------------+---------+-----+--------+--------+-----+
|       Name      | BRAM_18K| DSP |   FF   |   LUT  | URAM|
+-----------------+---------+-----+--------+--------+-----+
|DSP              |        -|    6|       -|       -|    -|
|Expression       |        -|    -|       0|    1326|    -|
|FIFO             |        -|    -|       -|       -|    -|
|Instance         |        -|    6|       0|      36|    -|
|Memory           |        0|    -|     256|       8|    0|
|Multiplexer      |        -|    -|       -|     272|    -|
|Register         |        -|    -|    1603|       -|    -|
+-----------------+---------+-----+--------+--------+-----+
|Total            |        0|   12|    1859|    1642|    0|
+-----------------+---------+-----+--------+--------+-----+
|Available        |      730|  740|  269200|  134600|    0|
+-----------------+---------+-----+--------+--------+-----+
|Utilization (%)  |        0|    1|      ~0|       1|    0|
+-----------------+---------+-----+--------+--------+-----+

+ Detail: 
    * Instance: 
    +--------------------------+---------------------+---------+----+---+----+-----+
    |         Instance         |        Module       | BRAM_18K| DSP| FF| LUT| URAM|
    +--------------------------+---------------------+---------+----+---+----+-----+
    |mul_16s_16ns_31_1_1_U146  |mul_16s_16ns_31_1_1  |        0|   1|  0|   6|    0|
    |mul_16s_16s_31_1_1_U141   |mul_16s_16s_31_1_1   |        0|   1|  0|   6|    0|
    |mul_16s_16s_31_1_1_U142   |mul_16s_16s_31_1_1   |        0|   1|  0|   6|    0|
    |mul_16s_16s_31_1_1_U143   |mul_16s_16s_31_1_1   |        0|   1|  0|   6|    0|
    |mul_16s_16s_31_1_1_U144   |mul_16s_16s_31_1_1   |        0|   1|  0|   6|    0|
    |mul_16s_16s_31_1_1_U145   |mul_16s_16s_31_1_1   |        0|   1|  0|   6|    0|
    +--------------------------+---------------------+---------+----+---+----+-----+
    |Total                     |                     |        0|   6|  0|  36|    0|
    +--------------------------+---------------------+---------+----+---+----+-----+

    * DSP: 
    +------------------------------------+-------------------------------+--------------+
    |              Instance              |             Module            |  Expression  |
    +------------------------------------+-------------------------------+--------------+
    |mac_muladd_16s_16s_31s_31_4_1_U147  |mac_muladd_16s_16s_31s_31_4_1  |  i0 + i1 * i2|
    |mac_muladd_16s_16s_31s_31_4_1_U149  |mac_muladd_16s_16s_31s_31_4_1  |  i0 + i1 * i2|
    |mac_muladd_16s_16s_31s_31_4_1_U150  |mac_muladd_16s_16s_31s_31_4_1  |  i0 + i1 * i2|
    |mac_muladd_16s_16s_31s_31_4_1_U151  |mac_muladd_16s_16s_31s_31_4_1  |  i0 + i1 * i2|
    |mac_mulsub_16s_16s_31s_31_4_1_U148  |mac_mulsub_16s_16s_31s_31_4_1  |  i0 - i1 * i2|
    |mac_mulsub_16s_16s_31s_31_4_1_U152  |mac_mulsub_16s_16s_31s_31_4_1  |  i0 - i1 * i2|
    +------------------------------------+-------------------------------+--------------+

    * Memory: 
    +-------------------------------------------------------------------------+----------------------------------------------------------------------------------+---------+----+----+-----+------+-----+------+-------------+
    |                                  Memory                                 |                                      Module                                      | BRAM_18K| FF | LUT| URAM| Words| Bits| Banks| W*Bits*Banks|
    +-------------------------------------------------------------------------+----------------------------------------------------------------------------------+---------+----+----+-----+------+-----+------+-------------+
    |void_stage_fb_6_2_stream_mdf_word_t_0_stream_mdf_word_t_0_delay_re_U     |Loop_VITIS_LOOP_95_1_proc616_void_stage_fb_6_2_stream_mdf_word_t_0_stream_mdfXh4  |        0|  32|   1|    0|     2|   16|     1|           32|
    |void_stage_fb_6_2_stream_mdf_word_t_0_stream_mdf_word_t_0_delay_re_8_U   |Loop_VITIS_LOOP_95_1_proc616_void_stage_fb_6_2_stream_mdf_word_t_0_stream_mdfXh4  |        0|  32|   1|    0|     2|   16|     1|           32|
    |void_stage_fb_6_2_stream_mdf_word_t_0_stream_mdf_word_t_0_delay_re_9_U   |Loop_VITIS_LOOP_95_1_proc616_void_stage_fb_6_2_stream_mdf_word_t_0_stream_mdfXh4  |        0|  32|   1|    0|     2|   16|     1|           32|
    |void_stage_fb_6_2_stream_mdf_word_t_0_stream_mdf_word_t_0_delay_re_10_U  |Loop_VITIS_LOOP_95_1_proc616_void_stage_fb_6_2_stream_mdf_word_t_0_stream_mdfXh4  |        0|  32|   1|    0|     2|   16|     1|           32|
    |void_stage_fb_6_2_stream_mdf_word_t_0_stream_mdf_word_t_0_delay_im_U     |Loop_VITIS_LOOP_95_1_proc616_void_stage_fb_6_2_stream_mdf_word_t_0_stream_mdfXh4  |        0|  32|   1|    0|     2|   16|     1|           32|
    |void_stage_fb_6_2_stream_mdf_word_t_0_stream_mdf_word_t_0_delay_im_11_U  |Loop_VITIS_LOOP_95_1_proc616_void_stage_fb_6_2_stream_mdf_word_t_0_stream_mdfXh4  |        0|  32|   1|    0|     2|   16|     1|           32|
    |void_stage_fb_6_2_stream_mdf_word_t_0_stream_mdf_word_t_0_delay_im_12_U  |Loop_VITIS_LOOP_95_1_proc616_void_stage_fb_6_2_stream_mdf_word_t_0_stream_mdfXh4  |        0|  32|   1|    0|     2|   16|     1|           32|
    |void_stage_fb_6_2_stream_mdf_word_t_0_stream_mdf_word_t_0_delay_im_13_U  |Loop_VITIS_LOOP_95_1_proc616_void_stage_fb_6_2_stream_mdf_word_t_0_stream_mdfXh4  |        0|  32|   1|    0|     2|   16|     1|           32|
    +-------------------------------------------------------------------------+----------------------------------------------------------------------------------+---------+----+----+-----+------+-----+------+-------------+
    |Total                                                                    |                                                                                  |        0| 256|   8|    0|    16|  128|     8|          256|
    +-------------------------------------------------------------------------+----------------------------------------------------------------------------------+---------+----+----+-----+------+-----+------+-------------+

    * FIFO: 
    N/A

    * Expression: 
    +-----------------------------------+----------+----+---+----+------------+------------+
    |           Variable Name           | Operation| DSP| FF| LUT| Bitwidth P0| Bitwidth P1|
    +-----------------------------------+----------+----+---+----+------------+------------+
    |add_ln53_16_fu_765_p2              |         +|   0|  0|  24|          17|          17|
    |add_ln53_17_fu_792_p2              |         +|   0|  0|  24|          17|          17|
    |add_ln53_18_fu_818_p2              |         +|   0|  0|  24|          17|          17|
    |add_ln53_19_fu_896_p2              |         +|   0|  0|  24|          17|          17|
    |add_ln53_20_fu_923_p2              |         +|   0|  0|  24|          17|          17|
    |add_ln53_21_fu_950_p2              |         +|   0|  0|  24|          17|          17|
    |add_ln53_22_fu_976_p2              |         +|   0|  0|  24|          17|          17|
    |add_ln53_23_fu_1054_p2             |         +|   0|  0|  24|          17|          17|
    |add_ln53_24_fu_1081_p2             |         +|   0|  0|  24|          17|          17|
    |add_ln53_25_fu_1108_p2             |         +|   0|  0|  24|          17|          17|
    |add_ln53_26_fu_1134_p2             |         +|   0|  0|  24|          17|          17|
    |add_ln53_27_fu_1212_p2             |         +|   0|  0|  24|          17|          17|
    |add_ln53_28_fu_1239_p2             |         +|   0|  0|  24|          17|          17|
    |add_ln53_29_fu_1266_p2             |         +|   0|  0|  24|          17|          17|
    |add_ln53_30_fu_1292_p2             |         +|   0|  0|  24|          17|          17|
    |add_ln53_fu_738_p2                 |         +|   0|  0|  24|          17|          17|
    |cyc_4_fu_367_p2                    |         +|   0|  0|  16|           9|           1|
    |pr_fu_624_p2                       |         +|   0|  0|  31|          31|          31|
    |sum_im_4_fu_876_p2                 |         +|   0|  0|  24|          17|          17|
    |sum_im_5_fu_1034_p2                |         +|   0|  0|  24|          17|          17|
    |sum_im_6_fu_1192_p2                |         +|   0|  0|  24|          17|          17|
    |sum_im_fu_718_p2                   |         +|   0|  0|  24|          17|          17|
    |sum_re_4_fu_850_p2                 |         +|   0|  0|  24|          17|          17|
    |sum_re_5_fu_1008_p2                |         +|   0|  0|  24|          17|          17|
    |sum_re_6_fu_1166_p2                |         +|   0|  0|  24|          17|          17|
    |sum_re_fu_692_p2                   |         +|   0|  0|  24|          17|          17|
    |diff_im_4_fu_866_p2                |         -|   0|  0|  24|          17|          17|
    |diff_im_5_fu_1024_p2               |         -|   0|  0|  24|          17|          17|
    |diff_im_6_fu_1182_p2               |         -|   0|  0|  24|          17|          17|
    |diff_im_fu_708_p2                  |         -|   0|  0|  24|          17|          17|
    |diff_re_4_fu_840_p2                |         -|   0|  0|  24|          17|          17|
    |diff_re_5_fu_998_p2                |         -|   0|  0|  24|          17|          17|
    |diff_re_6_fu_1156_p2               |         -|   0|  0|  24|          17|          17|
    |diff_re_fu_682_p2                  |         -|   0|  0|  24|          17|          17|
    |pi_fu_650_p2                       |         -|   0|  0|  31|          31|          31|
    |sub_ln63_fu_604_p2                 |         -|   0|  0|  31|          31|          31|
    |sub_ln64_fu_644_p2                 |         -|   0|  0|  31|          31|          31|
    |ap_block_pp0                       |       and|   0|  0|   2|           1|           1|
    |ap_block_state4_pp0_stage0_iter3   |       and|   0|  0|   2|           1|           1|
    |ap_block_state5_pp0_stage0_iter4   |       and|   0|  0|   2|           1|           1|
    |ap_block_state6_pp0_stage0_iter5   |       and|   0|  0|   2|           1|           1|
    |ap_condition_147                   |       and|   0|  0|   2|           1|           1|
    |ap_condition_303                   |       and|   0|  0|   2|           1|           1|
    |ap_enable_state2_pp0_iter1_stage0  |       and|   0|  0|   2|           1|           1|
    |ap_enable_state3_pp0_iter2_stage0  |       and|   0|  0|   2|           1|           1|
    |ap_enable_state4_pp0_iter3_stage0  |       and|   0|  0|   2|           1|           1|
    |ap_predicate_op211_store_state4    |       and|   0|  0|   2|           1|           1|
    |ap_predicate_op49_store_state2     |       and|   0|  0|   2|           1|           1|
    |icmp_ln28_fu_530_p2                |      icmp|   0|  0|  10|           2|           1|
    |icmp_ln53_16_fu_755_p2             |      icmp|   0|  0|  10|           2|           2|
    |icmp_ln53_17_fu_782_p2             |      icmp|   0|  0|  10|           2|           2|
    |icmp_ln53_18_fu_808_p2             |      icmp|   0|  0|  10|           2|           2|
    |icmp_ln53_19_fu_886_p2             |      icmp|   0|  0|  10|           2|           2|
    |icmp_ln53_20_fu_913_p2             |      icmp|   0|  0|  10|           2|           2|
    |icmp_ln53_21_fu_940_p2             |      icmp|   0|  0|  10|           2|           2|
    |icmp_ln53_22_fu_966_p2             |      icmp|   0|  0|  10|           2|           2|
    |icmp_ln53_23_fu_1044_p2            |      icmp|   0|  0|  10|           2|           2|
    |icmp_ln53_24_fu_1071_p2            |      icmp|   0|  0|  10|           2|           2|
    |icmp_ln53_25_fu_1098_p2            |      icmp|   0|  0|  10|           2|           2|
    |icmp_ln53_26_fu_1124_p2            |      icmp|   0|  0|  10|           2|           2|
    |icmp_ln53_27_fu_1202_p2            |      icmp|   0|  0|  10|           2|           2|
    |icmp_ln53_28_fu_1229_p2            |      icmp|   0|  0|  10|           2|           2|
    |icmp_ln53_29_fu_1256_p2            |      icmp|   0|  0|  10|           2|           2|
    |icmp_ln53_30_fu_1282_p2            |      icmp|   0|  0|  10|           2|           2|
    |icmp_ln53_fu_728_p2                |      icmp|   0|  0|  10|           2|           2|
    |icmp_ln95_fu_361_p2                |      icmp|   0|  0|  17|           9|          10|
    |ap_block_pp0_stage0_subdone        |        or|   0|  0|   2|           1|           1|
    |ap_block_state1_pp0_stage0_iter0   |        or|   0|  0|   2|           1|           1|
    |octant_fu_524_p2                   |        or|   0|  0|   2|           2|           1|
    |grp_fu_1420_p00                    |    select|   0|  0|  16|           1|          15|
    |select_ln63_1_fu_617_p3            |    select|   0|  0|  31|           1|          31|
    |select_ln63_2_fu_483_p3            |    select|   0|  0|  15|           1|          15|
    |select_ln63_3_fu_490_p3            |    select|   0|  0|  16|           1|          16|
    |select_ln63_5_fu_548_p3            |    select|   0|  0|  16|           1|          14|
    |select_ln63_6_fu_556_p3            |    select|   0|  0|  16|           1|          16|
    |select_ln63_fu_597_p3              |    select|   0|  0|  31|           1|           1|
    |select_ln64_1_fu_637_p3            |    select|   0|  0|  31|           1|           1|
    |select_ln64_fu_630_p3              |    select|   0|  0|  31|           1|          31|
    +-----------------------------------+----------+----+---+----+------------+------------+
    |Total                              |          |   0|  0|1326|         744|         866|
    +-----------------------------------+----------+----+---+----+------------+------------+

    * Multiplexer: 
    +----------------------------------------+----+-----------+-----+-----------+
    |                  Name                  | LUT| Input Size| Bits| Total Bits|
    +----------------------------------------+----+-----------+-----+-----------+
    |ap_NS_iter1_fsm                         |  13|          3|    2|          6|
    |ap_NS_iter2_fsm                         |  13|          3|    2|          6|
    |ap_NS_iter3_fsm                         |  13|          3|    2|          6|
    |ap_NS_iter4_fsm                         |  13|          3|    2|          6|
    |ap_NS_iter5_fsm                         |  13|          3|    2|          6|
    |ap_done_int                             |   9|          2|    1|          2|
    |ap_loop_exit_ready_pp0_iter5_reg        |   9|          2|    1|          2|
    |ap_phi_mux_out_im_19_phi_fu_311_p4      |   9|          2|   16|         32|
    |ap_phi_mux_out_im_20_phi_fu_302_p4      |   9|          2|   16|         32|
    |ap_phi_mux_out_im_21_phi_fu_293_p4      |   9|          2|   16|         32|
    |ap_phi_mux_out_im_22_phi_fu_284_p4      |   9|          2|   16|         32|
    |ap_phi_mux_out_re_19_phi_fu_347_p4      |   9|          2|   16|         32|
    |ap_phi_mux_out_re_20_phi_fu_338_p4      |   9|          2|   16|         32|
    |ap_phi_mux_out_re_21_phi_fu_329_p4      |   9|          2|   16|         32|
    |ap_phi_mux_out_re_22_phi_fu_320_p4      |   9|          2|   16|         32|
    |ap_phi_reg_pp0_iter4_out_im_19_reg_308  |   9|          2|   16|         32|
    |ap_phi_reg_pp0_iter4_out_im_20_reg_299  |   9|          2|   16|         32|
    |ap_phi_reg_pp0_iter4_out_im_21_reg_290  |   9|          2|   16|         32|
    |ap_phi_reg_pp0_iter4_out_im_22_reg_281  |   9|          2|   16|         32|
    |ap_phi_reg_pp0_iter4_out_re_19_reg_344  |   9|          2|   16|         32|
    |ap_phi_reg_pp0_iter4_out_re_20_reg_335  |   9|          2|   16|         32|
    |ap_phi_reg_pp0_iter4_out_re_21_reg_326  |   9|          2|   16|         32|
    |ap_phi_reg_pp0_iter4_out_re_22_reg_317  |   9|          2|   16|         32|
    |ap_sig_allocacmp_cyc_3                  |   9|          2|    9|         18|
    |cyc_fu_128                              |   9|          2|    9|         18|
    |real_start                              |   9|          2|    1|          2|
    |s5_blk_n                                |   9|          2|    1|          2|
    |s6_blk_n                                |   9|          2|    1|          2|
    +----------------------------------------+----+-----------+-----+-----------+
    |Total                                   | 272|         61|  289|        588|
    +----------------------------------------+----+-----------+-----+-----------+

    * Register: 
    +------------------------------------------------------------------------------------------------+----+----+-----+-----------+
    |                                              Name                                              | FF | LUT| Bits| Const Bits|
    +------------------------------------------------------------------------------------------------+----+----+-----+-----------+
    |a_im_4_reg_1601                                                                                 |  16|   0|   16|          0|
    |a_im_5_reg_1611                                                                                 |  16|   0|   16|          0|
    |a_im_5_reg_1611_pp0_iter3_reg                                                                   |  16|   0|   16|          0|
    |a_im_6_reg_1622                                                                                 |  16|   0|   16|          0|
    |a_im_reg_1589                                                                                   |  16|   0|   16|          0|
    |a_re_4_reg_1596                                                                                 |  16|   0|   16|          0|
    |a_re_5_reg_1606                                                                                 |  16|   0|   16|          0|
    |a_re_6_reg_1617                                                                                 |  16|   0|   16|          0|
    |a_re_reg_1582                                                                                   |  16|   0|   16|          0|
    |ap_CS_iter0_fsm                                                                                 |   1|   0|    1|          0|
    |ap_CS_iter1_fsm                                                                                 |   2|   0|    2|          0|
    |ap_CS_iter2_fsm                                                                                 |   2|   0|    2|          0|
    |ap_CS_iter3_fsm                                                                                 |   2|   0|    2|          0|
    |ap_CS_iter4_fsm                                                                                 |   2|   0|    2|          0|
    |ap_CS_iter5_fsm                                                                                 |   2|   0|    2|          0|
    |ap_done_reg                                                                                     |   1|   0|    1|          0|
    |ap_enable_reg_pp0_iter1                                                                         |   0|   0|    1|          1|
    |ap_enable_reg_pp0_iter2                                                                         |   0|   0|    1|          1|
    |ap_enable_reg_pp0_iter3                                                                         |   0|   0|    1|          1|
    |ap_loop_exit_ready_pp0_iter1_reg                                                                |   1|   0|    1|          0|
    |ap_loop_exit_ready_pp0_iter2_reg                                                                |   1|   0|    1|          0|
    |ap_loop_exit_ready_pp0_iter3_reg                                                                |   1|   0|    1|          0|
    |ap_loop_exit_ready_pp0_iter4_reg                                                                |   1|   0|    1|          0|
    |ap_loop_exit_ready_pp0_iter5_reg                                                                |   1|   0|    1|          0|
    |ap_phi_reg_pp0_iter1_out_im_19_reg_308                                                          |  16|   0|   16|          0|
    |ap_phi_reg_pp0_iter1_out_im_20_reg_299                                                          |  16|   0|   16|          0|
    |ap_phi_reg_pp0_iter1_out_im_21_reg_290                                                          |  16|   0|   16|          0|
    |ap_phi_reg_pp0_iter1_out_im_22_reg_281                                                          |  16|   0|   16|          0|
    |ap_phi_reg_pp0_iter1_out_re_19_reg_344                                                          |  16|   0|   16|          0|
    |ap_phi_reg_pp0_iter1_out_re_20_reg_335                                                          |  16|   0|   16|          0|
    |ap_phi_reg_pp0_iter1_out_re_21_reg_326                                                          |  16|   0|   16|          0|
    |ap_phi_reg_pp0_iter1_out_re_22_reg_317                                                          |  16|   0|   16|          0|
    |ap_phi_reg_pp0_iter2_out_im_19_reg_308                                                          |  16|   0|   16|          0|
    |ap_phi_reg_pp0_iter2_out_im_20_reg_299                                                          |  16|   0|   16|          0|
    |ap_phi_reg_pp0_iter2_out_im_21_reg_290                                                          |  16|   0|   16|          0|
    |ap_phi_reg_pp0_iter2_out_im_22_reg_281                                                          |  16|   0|   16|          0|
    |ap_phi_reg_pp0_iter2_out_re_19_reg_344                                                          |  16|   0|   16|          0|
    |ap_phi_reg_pp0_iter2_out_re_20_reg_335                                                          |  16|   0|   16|          0|
    |ap_phi_reg_pp0_iter2_out_re_21_reg_326                                                          |  16|   0|   16|          0|
    |ap_phi_reg_pp0_iter2_out_re_22_reg_317                                                          |  16|   0|   16|          0|
    |ap_phi_reg_pp0_iter3_out_im_19_reg_308                                                          |  16|   0|   16|          0|
    |ap_phi_reg_pp0_iter3_out_im_20_reg_299                                                          |  16|   0|   16|          0|
    |ap_phi_reg_pp0_iter3_out_im_21_reg_290                                                          |  16|   0|   16|          0|
    |ap_phi_reg_pp0_iter3_out_im_22_reg_281                                                          |  16|   0|   16|          0|
    |ap_phi_reg_pp0_iter3_out_re_19_reg_344                                                          |  16|   0|   16|          0|
    |ap_phi_reg_pp0_iter3_out_re_20_reg_335                                                          |  16|   0|   16|          0|
    |ap_phi_reg_pp0_iter3_out_re_21_reg_326                                                          |  16|   0|   16|          0|
    |ap_phi_reg_pp0_iter3_out_re_22_reg_317                                                          |  16|   0|   16|          0|
    |ap_phi_reg_pp0_iter4_out_im_19_reg_308                                                          |  16|   0|   16|          0|
    |ap_phi_reg_pp0_iter4_out_im_20_reg_299                                                          |  16|   0|   16|          0|
    |ap_phi_reg_pp0_iter4_out_im_21_reg_290                                                          |  16|   0|   16|          0|
    |ap_phi_reg_pp0_iter4_out_im_22_reg_281                                                          |  16|   0|   16|          0|
    |ap_phi_reg_pp0_iter4_out_re_19_reg_344                                                          |  16|   0|   16|          0|
    |ap_phi_reg_pp0_iter4_out_re_20_reg_335                                                          |  16|   0|   16|          0|
    |ap_phi_reg_pp0_iter4_out_re_21_reg_326                                                          |  16|   0|   16|          0|
    |ap_phi_reg_pp0_iter4_out_re_22_reg_317                                                          |  16|   0|   16|          0|
    |ap_phi_reg_pp0_iter5_out_im_19_reg_308                                                          |  16|   0|   16|          0|
    |ap_phi_reg_pp0_iter5_out_im_20_reg_299                                                          |  16|   0|   16|          0|
    |ap_phi_reg_pp0_iter5_out_im_21_reg_290                                                          |  16|   0|   16|          0|
    |ap_phi_reg_pp0_iter5_out_im_22_reg_281                                                          |  16|   0|   16|          0|
    |ap_phi_reg_pp0_iter5_out_re_19_reg_344                                                          |  16|   0|   16|          0|
    |ap_phi_reg_pp0_iter5_out_re_20_reg_335                                                          |  16|   0|   16|          0|
    |ap_phi_reg_pp0_iter5_out_re_21_reg_326                                                          |  16|   0|   16|          0|
    |ap_phi_reg_pp0_iter5_out_re_22_reg_317                                                          |  16|   0|   16|          0|
    |cyc_fu_128                                                                                      |   9|   0|    9|          0|
    |icmp_ln95_reg_1461                                                                              |   1|   0|    1|          0|
    |icmp_ln95_reg_1461_pp0_iter1_reg                                                                |   1|   0|    1|          0|
    |icmp_ln95_reg_1461_pp0_iter2_reg                                                                |   1|   0|    1|          0|
    |icmp_ln95_reg_1461_pp0_iter3_reg                                                                |   1|   0|    1|          0|
    |icmp_ln95_reg_1461_pp0_iter4_reg                                                                |   1|   0|    1|          0|
    |in_im_4_reg_1500                                                                                |  16|   0|   16|          0|
    |in_im_4_reg_1500_pp0_iter1_reg                                                                  |  16|   0|   16|          0|
    |in_im_4_reg_1500_pp0_iter2_reg                                                                  |  16|   0|   16|          0|
    |in_im_5_reg_1512                                                                                |  16|   0|   16|          0|
    |in_im_5_reg_1512_pp0_iter1_reg                                                                  |  16|   0|   16|          0|
    |in_im_5_reg_1512_pp0_iter2_reg                                                                  |  16|   0|   16|          0|
    |in_im_6_reg_1524                                                                                |  16|   0|   16|          0|
    |in_im_6_reg_1524_pp0_iter1_reg                                                                  |  16|   0|   16|          0|
    |in_im_6_reg_1524_pp0_iter2_reg                                                                  |  16|   0|   16|          0|
    |in_im_reg_1488                                                                                  |  16|   0|   16|          0|
    |in_im_reg_1488_pp0_iter1_reg                                                                    |  16|   0|   16|          0|
    |in_im_reg_1488_pp0_iter2_reg                                                                    |  16|   0|   16|          0|
    |in_re_4_reg_1494                                                                                |  16|   0|   16|          0|
    |in_re_4_reg_1494_pp0_iter1_reg                                                                  |  16|   0|   16|          0|
    |in_re_4_reg_1494_pp0_iter2_reg                                                                  |  16|   0|   16|          0|
    |in_re_5_reg_1506                                                                                |  16|   0|   16|          0|
    |in_re_5_reg_1506_pp0_iter1_reg                                                                  |  16|   0|   16|          0|
    |in_re_5_reg_1506_pp0_iter2_reg                                                                  |  16|   0|   16|          0|
    |in_re_6_reg_1518                                                                                |  16|   0|   16|          0|
    |in_re_6_reg_1518_pp0_iter1_reg                                                                  |  16|   0|   16|          0|
    |in_re_6_reg_1518_pp0_iter2_reg                                                                  |  16|   0|   16|          0|
    |in_re_reg_1482                                                                                  |  16|   0|   16|          0|
    |in_re_reg_1482_pp0_iter1_reg                                                                    |  16|   0|   16|          0|
    |in_re_reg_1482_pp0_iter2_reg                                                                    |  16|   0|   16|          0|
    |is_bfly_reg_1530                                                                                |   1|   0|    1|          0|
    |is_bfly_reg_1530_pp0_iter1_reg                                                                  |   1|   0|    1|          0|
    |is_bfly_reg_1530_pp0_iter2_reg                                                                  |   1|   0|    1|          0|
    |is_bfly_reg_1530_pp0_iter3_reg                                                                  |   1|   0|    1|          0|
    |is_bfly_reg_1530_pp0_iter4_reg                                                                  |   1|   0|    1|          0|
    |mul_ln63_6_reg_1676                                                                             |  31|   0|   31|          0|
    |mul_ln63_6_reg_1676_pp0_iter3_reg                                                               |  31|   0|   31|          0|
    |mul_ln63_reg_1638                                                                               |  31|   0|   31|          0|
    |mul_ln63_reg_1638_pp0_iter3_reg                                                                 |  31|   0|   31|          0|
    |mul_ln64_3_reg_1648                                                                             |  31|   0|   31|          0|
    |mul_ln64_3_reg_1648_pp0_iter3_reg                                                               |  31|   0|   31|          0|
    |mul_ln64_7_reg_1686                                                                             |  31|   0|   31|          0|
    |mul_ln64_7_reg_1686_pp0_iter3_reg                                                               |  31|   0|   31|          0|
    |out_im_15_reg_1696                                                                              |  16|   0|   16|          0|
    |out_im_15_reg_1696_pp0_iter4_reg                                                                |  16|   0|   16|          0|
    |out_re_15_reg_1691                                                                              |  16|   0|   16|          0|
    |out_re_15_reg_1691_pp0_iter4_reg                                                                |  16|   0|   16|          0|
    |ptr_reg_1465                                                                                    |   1|   0|    1|          0|
    |ptr_reg_1465_pp0_iter1_reg                                                                      |   1|   0|    1|          0|
    |ptr_reg_1465_pp0_iter2_reg                                                                      |   1|   0|    1|          0|
    |select_ln63_4_reg_1653                                                                          |  31|   0|   31|          0|
    |select_ln63_4_reg_1653_pp0_iter3_reg                                                            |  31|   0|   31|          0|
    |start_once_reg                                                                                  |   1|   0|    1|          0|
    |void_stage_fb_6_2_stream_mdf_word_t_0_stream_mdf_word_t_0_delay_im_addr_reg_1558                |   1|   0|    1|          0|
    |void_stage_fb_6_2_stream_mdf_word_t_0_stream_mdf_word_t_0_delay_im_addr_reg_1558_pp0_iter2_reg  |   1|   0|    1|          0|
    |void_stage_fb_6_2_stream_mdf_word_t_0_stream_mdf_word_t_0_delay_re_addr_reg_1534                |   1|   0|    1|          0|
    |void_stage_fb_6_2_stream_mdf_word_t_0_stream_mdf_word_t_0_delay_re_addr_reg_1534_pp0_iter2_reg  |   1|   0|    1|          0|
    |void_stage_fb_stream_mdf_word_t_0_stream_mdf_word_t_0_delay_im_11_addr_reg_1564                 |   1|   0|    1|          0|
    |void_stage_fb_stream_mdf_word_t_0_stream_mdf_word_t_0_delay_im_11_addr_reg_1564_pp0_iter2_reg   |   1|   0|    1|          0|
    |void_stage_fb_stream_mdf_word_t_0_stream_mdf_word_t_0_delay_im_12_addr_reg_1570                 |   1|   0|    1|          0|
    |void_stage_fb_stream_mdf_word_t_0_stream_mdf_word_t_0_delay_im_12_addr_reg_1570_pp0_iter2_reg   |   1|   0|    1|          0|
    |void_stage_fb_stream_mdf_word_t_0_stream_mdf_word_t_0_delay_im_13_addr_reg_1576                 |   1|   0|    1|          0|
    |void_stage_fb_stream_mdf_word_t_0_stream_mdf_word_t_0_delay_im_13_addr_reg_1576_pp0_iter2_reg   |   1|   0|    1|          0|
    |void_stage_fb_stream_mdf_word_t_0_stream_mdf_word_t_0_delay_re_10_addr_reg_1552                 |   1|   0|    1|          0|
    |void_stage_fb_stream_mdf_word_t_0_stream_mdf_word_t_0_delay_re_10_addr_reg_1552_pp0_iter2_reg   |   1|   0|    1|          0|
    |void_stage_fb_stream_mdf_word_t_0_stream_mdf_word_t_0_delay_re_8_addr_reg_1540                  |   1|   0|    1|          0|
    |void_stage_fb_stream_mdf_word_t_0_stream_mdf_word_t_0_delay_re_8_addr_reg_1540_pp0_iter2_reg    |   1|   0|    1|          0|
    |void_stage_fb_stream_mdf_word_t_0_stream_mdf_word_t_0_delay_re_9_addr_reg_1546                  |   1|   0|    1|          0|
    |void_stage_fb_stream_mdf_word_t_0_stream_mdf_word_t_0_delay_re_9_addr_reg_1546_pp0_iter2_reg    |   1|   0|    1|          0|
    |y_last_reg_1477                                                                                 |   1|   0|    1|          0|
    |y_last_reg_1477_pp0_iter1_reg                                                                   |   1|   0|    1|          0|
    |y_last_reg_1477_pp0_iter2_reg                                                                   |   1|   0|    1|          0|
    |y_last_reg_1477_pp0_iter3_reg                                                                   |   1|   0|    1|          0|
    |y_last_reg_1477_pp0_iter4_reg                                                                   |   1|   0|    1|          0|
    +------------------------------------------------------------------------------------------------+----+----+-----+-----------+
    |Total                                                                                           |1603|   0| 1606|          3|
    +------------------------------------------------------------------------------------------------+----+----+-----+-----------+



================================================================
== Interface
================================================================
* Summary: 
+-------------------+-----+-----+------------+------------------------------+--------------+
|     RTL Ports     | Dir | Bits|  Protocol  |         Source Object        |    C Type    |
+-------------------+-----+-----+------------+------------------------------+--------------+
|ap_clk             |   in|    1|  ap_ctrl_hs|  Loop_VITIS_LOOP_95_1_proc616|  return value|
|ap_rst             |   in|    1|  ap_ctrl_hs|  Loop_VITIS_LOOP_95_1_proc616|  return value|
|ap_start           |   in|    1|  ap_ctrl_hs|  Loop_VITIS_LOOP_95_1_proc616|  return value|
|start_full_n       |   in|    1|  ap_ctrl_hs|  Loop_VITIS_LOOP_95_1_proc616|  return value|
|ap_done            |  out|    1|  ap_ctrl_hs|  Loop_VITIS_LOOP_95_1_proc616|  return value|
|ap_continue        |   in|    1|  ap_ctrl_hs|  Loop_VITIS_LOOP_95_1_proc616|  return value|
|ap_idle            |  out|    1|  ap_ctrl_hs|  Loop_VITIS_LOOP_95_1_proc616|  return value|
|ap_ready           |  out|    1|  ap_ctrl_hs|  Loop_VITIS_LOOP_95_1_proc616|  return value|
|start_out          |  out|    1|  ap_ctrl_hs|  Loop_VITIS_LOOP_95_1_proc616|  return value|
|start_write        |  out|    1|  ap_ctrl_hs|  Loop_VITIS_LOOP_95_1_proc616|  return value|
|s5_dout            |   in|  129|     ap_fifo|                            s5|       pointer|
|s5_num_data_valid  |   in|   10|     ap_fifo|                            s5|       pointer|
|s5_fifo_cap        |   in|   10|     ap_fifo|                            s5|       pointer|
|s5_empty_n         |   in|    1|     ap_fifo|                            s5|       pointer|
|s5_read            |  out|    1|     ap_fifo|                            s5|       pointer|
|s6_din             |  out|  129|     ap_fifo|                            s6|       pointer|
|s6_num_data_valid  |   in|   10|     ap_fifo|                            s6|       pointer|
|s6_fifo_cap        |   in|   10|     ap_fifo|                            s6|       pointer|
|s6_full_n          |   in|    1|     ap_fifo|                            s6|       pointer|
|s6_write           |  out|    1|     ap_fifo|                            s6|       pointer|
+-------------------+-----+-----+------------+------------------------------+--------------+

