

================================================================
== Vitis HLS Report for 'Loop_VITIS_LOOP_95_1_proc111'
================================================================
* Date:           Tue Jun 30 20:57:56 2026

* Version:        2023.2 (Build 4023990 on Oct 11 2023)
* Project:        mdf_fft_hls
* Solution:       solution1 (Vivado IP Flow Target)
* Product family: artix7
* Target device:  xc7a200t-fbg676-2


================================================================
== Performance Estimates
================================================================
+ Timing: 
    * Summary: 
    +--------+----------+----------+------------+
    |  Clock |  Target  | Estimated| Uncertainty|
    +--------+----------+----------+------------+
    |ap_clk  |  10.00 ns|  6.480 ns|     2.70 ns|
    +--------+----------+----------+------------+

+ Latency: 
    * Summary: 
    +---------+---------+----------+----------+-----+-----+---------+
    |  Latency (cycles) |  Latency (absolute) |  Interval | Pipeline|
    |   min   |   max   |    min   |    max   | min | max |   Type  |
    +---------+---------+----------+----------+-----+-----+---------+
    |      262|      262|  2.620 us|  2.620 us|  262|  262|       no|
    +---------+---------+----------+----------+-----+-----+---------+

    + Detail: 
        * Instance: 
        N/A

        * Loop: 
        +-------------------+---------+---------+----------+-----------+-----------+------+----------+
        |                   |  Latency (cycles) | Iteration|  Initiation Interval  | Trip |          |
        |     Loop Name     |   min   |   max   |  Latency |  achieved |   target  | Count| Pipelined|
        +-------------------+---------+---------+----------+-----------+-----------+------+----------+
        |- VITIS_LOOP_95_1  |      260|      260|         6|          1|          1|   256|  yes(flp)|
        +-------------------+---------+---------+----------+-----------+-----------+------+----------+



================================================================
== Utilization Estimates
================================================================
* Summary: 
+-----------------+---------+-----+--------+--------+-----+
|       Name      | BRAM_18K| DSP |   FF   |   LUT  | URAM|
+-----------------+---------+-----+--------+--------+-----+
|DSP              |        -|    8|       -|       -|    -|
|Expression       |        -|    -|       0|    1513|    -|
|FIFO             |        -|    -|       -|       -|    -|
|Instance         |        -|    8|       0|      48|    -|
|Memory           |       12|    -|       0|       0|    0|
|Multiplexer      |        -|    -|       -|     272|    -|
|Register         |        -|    -|    1893|       -|    -|
+-----------------+---------+-----+--------+--------+-----+
|Total            |       12|   16|    1893|    1833|    0|
+-----------------+---------+-----+--------+--------+-----+
|Available        |      730|  740|  269200|  134600|    0|
+-----------------+---------+-----+--------+--------+-----+
|Utilization (%)  |        1|    2|      ~0|       1|    0|
+-----------------+---------+-----+--------+--------+-----+

+ Detail: 
    * Instance: 
    +------------------------+--------------------+---------+----+---+----+-----+
    |        Instance        |       Module       | BRAM_18K| DSP| FF| LUT| URAM|
    +------------------------+--------------------+---------+----+---+----+-----+
    |mul_16s_16s_31_1_1_U40  |mul_16s_16s_31_1_1  |        0|   1|  0|   6|    0|
    |mul_16s_16s_31_1_1_U41  |mul_16s_16s_31_1_1  |        0|   1|  0|   6|    0|
    |mul_16s_16s_31_1_1_U42  |mul_16s_16s_31_1_1  |        0|   1|  0|   6|    0|
    |mul_16s_16s_31_1_1_U43  |mul_16s_16s_31_1_1  |        0|   1|  0|   6|    0|
    |mul_16s_16s_31_1_1_U44  |mul_16s_16s_31_1_1  |        0|   1|  0|   6|    0|
    |mul_16s_16s_31_1_1_U45  |mul_16s_16s_31_1_1  |        0|   1|  0|   6|    0|
    |mul_16s_16s_31_1_1_U46  |mul_16s_16s_31_1_1  |        0|   1|  0|   6|    0|
    |mul_16s_16s_31_1_1_U47  |mul_16s_16s_31_1_1  |        0|   1|  0|   6|    0|
    +------------------------+--------------------+---------+----+---+----+-----+
    |Total                   |                    |        0|   8|  0|  48|    0|
    +------------------------+--------------------+---------+----+---+----+-----+

    * DSP: 
    +-----------------------------------+-------------------------------+--------------+
    |              Instance             |             Module            |  Expression  |
    +-----------------------------------+-------------------------------+--------------+
    |mac_muladd_16s_16s_31s_31_4_1_U48  |mac_muladd_16s_16s_31s_31_4_1  |  i0 + i1 * i2|
    |mac_muladd_16s_16s_31s_31_4_1_U50  |mac_muladd_16s_16s_31s_31_4_1  |  i0 + i1 * i2|
    |mac_muladd_16s_16s_31s_31_4_1_U52  |mac_muladd_16s_16s_31s_31_4_1  |  i0 + i1 * i2|
    |mac_muladd_16s_16s_31s_31_4_1_U54  |mac_muladd_16s_16s_31s_31_4_1  |  i0 + i1 * i2|
    |mac_mulsub_16s_16s_31s_31_4_1_U49  |mac_mulsub_16s_16s_31s_31_4_1  |  i0 - i1 * i2|
    |mac_mulsub_16s_16s_31s_31_4_1_U51  |mac_mulsub_16s_16s_31s_31_4_1  |  i0 - i1 * i2|
    |mac_mulsub_16s_16s_31s_31_4_1_U53  |mac_mulsub_16s_16s_31s_31_4_1  |  i0 - i1 * i2|
    |mac_mulsub_16s_16s_31s_31_4_1_U55  |mac_mulsub_16s_16s_31s_31_4_1  |  i0 - i1 * i2|
    +-----------------------------------+-------------------------------+--------------+

    * Memory: 
    +--------------------------------------------------------------------------+----------------------------------------------------------------------------------+---------+---+----+-----+------+-----+------+-------------+
    |                                  Memory                                  |                                      Module                                      | BRAM_18K| FF| LUT| URAM| Words| Bits| Banks| W*Bits*Banks|
    +--------------------------------------------------------------------------+----------------------------------------------------------------------------------+---------+---+----+-----+------+-----+------+-------------+
    |TW_COS_LUT24_U                                                            |Loop_VITIS_LOOP_95_1_proc10_TW_COS_LUT25_ROM_AUTO_1R                              |        2|  0|   0|    0|   129|   15|     1|         1935|
    |TW_SIN_LUT29_U                                                            |Loop_VITIS_LOOP_95_1_proc10_TW_SIN_LUT30_ROM_AUTO_1R                              |        2|  0|   0|    0|   129|   15|     1|         1935|
    |void_stage_fb_1_64_stream_mdf_word_t_0_stream_mdf_word_t_0_delay_re_U     |Loop_VITIS_LOOP_95_1_proc111_void_stage_fb_1_64_stream_mdf_word_t_0_stream_mdjbC  |        1|  0|   0|    0|    64|   16|     1|         1024|
    |void_stage_fb_1_64_stream_mdf_word_t_0_stream_mdf_word_t_0_delay_re_38_U  |Loop_VITIS_LOOP_95_1_proc111_void_stage_fb_1_64_stream_mdf_word_t_0_stream_mdjbC  |        1|  0|   0|    0|    64|   16|     1|         1024|
    |void_stage_fb_1_64_stream_mdf_word_t_0_stream_mdf_word_t_0_delay_re_39_U  |Loop_VITIS_LOOP_95_1_proc111_void_stage_fb_1_64_stream_mdf_word_t_0_stream_mdjbC  |        1|  0|   0|    0|    64|   16|     1|         1024|
    |void_stage_fb_1_64_stream_mdf_word_t_0_stream_mdf_word_t_0_delay_re_40_U  |Loop_VITIS_LOOP_95_1_proc111_void_stage_fb_1_64_stream_mdf_word_t_0_stream_mdjbC  |        1|  0|   0|    0|    64|   16|     1|         1024|
    |void_stage_fb_1_64_stream_mdf_word_t_0_stream_mdf_word_t_0_delay_im_U     |Loop_VITIS_LOOP_95_1_proc111_void_stage_fb_1_64_stream_mdf_word_t_0_stream_mdjbC  |        1|  0|   0|    0|    64|   16|     1|         1024|
    |void_stage_fb_1_64_stream_mdf_word_t_0_stream_mdf_word_t_0_delay_im_41_U  |Loop_VITIS_LOOP_95_1_proc111_void_stage_fb_1_64_stream_mdf_word_t_0_stream_mdjbC  |        1|  0|   0|    0|    64|   16|     1|         1024|
    |void_stage_fb_1_64_stream_mdf_word_t_0_stream_mdf_word_t_0_delay_im_42_U  |Loop_VITIS_LOOP_95_1_proc111_void_stage_fb_1_64_stream_mdf_word_t_0_stream_mdjbC  |        1|  0|   0|    0|    64|   16|     1|         1024|
    |void_stage_fb_1_64_stream_mdf_word_t_0_stream_mdf_word_t_0_delay_im_43_U  |Loop_VITIS_LOOP_95_1_proc111_void_stage_fb_1_64_stream_mdf_word_t_0_stream_mdjbC  |        1|  0|   0|    0|    64|   16|     1|         1024|
    +--------------------------------------------------------------------------+----------------------------------------------------------------------------------+---------+---+----+-----+------+-----+------+-------------+
    |Total                                                                     |                                                                                  |       12|  0|   0|    0|   770|  158|    10|        12062|
    +--------------------------------------------------------------------------+----------------------------------------------------------------------------------+---------+---+----+-----+------+-----+------+-------------+

    * FIFO: 
    N/A

    * Expression: 
    +-----------------------------------+----------+----+---+----+------------+------------+
    |           Variable Name           | Operation| DSP| FF| LUT| Bitwidth P0| Bitwidth P1|
    +-----------------------------------+----------+----+---+----+------------+------------+
    |add_ln53_16_fu_1404_p2             |         +|   0|  0|  24|          17|          17|
    |add_ln53_17_fu_1423_p2             |         +|   0|  0|  24|          17|          17|
    |add_ln53_18_fu_1442_p2             |         +|   0|  0|  24|          17|          17|
    |add_ln53_19_fu_1460_p2             |         +|   0|  0|  24|          17|          17|
    |add_ln53_20_fu_1478_p2             |         +|   0|  0|  24|          17|          17|
    |add_ln53_21_fu_1497_p2             |         +|   0|  0|  24|          17|          17|
    |add_ln53_22_fu_1516_p2             |         +|   0|  0|  24|          17|          17|
    |add_ln53_23_fu_1534_p2             |         +|   0|  0|  24|          17|          17|
    |add_ln53_24_fu_1552_p2             |         +|   0|  0|  24|          17|          17|
    |add_ln53_25_fu_1571_p2             |         +|   0|  0|  24|          17|          17|
    |add_ln53_26_fu_1590_p2             |         +|   0|  0|  24|          17|          17|
    |add_ln53_27_fu_1608_p2             |         +|   0|  0|  24|          17|          17|
    |add_ln53_28_fu_1626_p2             |         +|   0|  0|  24|          17|          17|
    |add_ln53_29_fu_1645_p2             |         +|   0|  0|  24|          17|          17|
    |add_ln53_30_fu_1664_p2             |         +|   0|  0|  24|          17|          17|
    |add_ln53_31_fu_1682_p2             |         +|   0|  0|  24|          17|          17|
    |cyc_11_fu_471_p2                   |         +|   0|  0|  16|           9|           1|
    |sum_im_19_fu_1159_p2               |         +|   0|  0|  24|          17|          17|
    |sum_im_20_fu_1237_p2               |         +|   0|  0|  24|          17|          17|
    |sum_im_21_fu_1315_p2               |         +|   0|  0|  24|          17|          17|
    |sum_im_fu_1081_p2                  |         +|   0|  0|  24|          17|          17|
    |sum_re_19_fu_1132_p2               |         +|   0|  0|  24|          17|          17|
    |sum_re_20_fu_1210_p2               |         +|   0|  0|  24|          17|          17|
    |sum_re_21_fu_1288_p2               |         +|   0|  0|  24|          17|          17|
    |sum_re_fu_1054_p2                  |         +|   0|  0|  24|          17|          17|
    |diff_im_19_fu_1149_p2              |         -|   0|  0|  24|          17|          17|
    |diff_im_20_fu_1227_p2              |         -|   0|  0|  24|          17|          17|
    |diff_im_21_fu_1305_p2              |         -|   0|  0|  24|          17|          17|
    |diff_im_fu_1071_p2                 |         -|   0|  0|  24|          17|          17|
    |diff_re_19_fu_1122_p2              |         -|   0|  0|  24|          17|          17|
    |diff_re_20_fu_1200_p2              |         -|   0|  0|  24|          17|          17|
    |diff_re_21_fu_1278_p2              |         -|   0|  0|  24|          17|          17|
    |diff_re_fu_1044_p2                 |         -|   0|  0|  24|          17|          17|
    |sub_ln23_1_fu_618_p2               |         -|   0|  0|  16|           9|           8|
    |sub_ln23_4_fu_648_p2               |         -|   0|  0|  16|           9|           8|
    |sub_ln23_8_fu_678_p2               |         -|   0|  0|  16|           9|           8|
    |sub_ln23_fu_708_p2                 |         -|   0|  0|  16|           9|           8|
    |ap_block_pp0                       |       and|   0|  0|   2|           1|           1|
    |ap_block_state4_pp0_stage0_iter3   |       and|   0|  0|   2|           1|           1|
    |ap_block_state5_pp0_stage0_iter4   |       and|   0|  0|   2|           1|           1|
    |ap_block_state6_pp0_stage0_iter5   |       and|   0|  0|   2|           1|           1|
    |ap_condition_147                   |       and|   0|  0|   2|           1|           1|
    |ap_condition_345                   |       and|   0|  0|   2|           1|           1|
    |ap_enable_state2_pp0_iter1_stage0  |       and|   0|  0|   2|           1|           1|
    |ap_enable_state3_pp0_iter2_stage0  |       and|   0|  0|   2|           1|           1|
    |ap_enable_state4_pp0_iter3_stage0  |       and|   0|  0|   2|           1|           1|
    |ap_predicate_op302_store_state4    |       and|   0|  0|   2|           1|           1|
    |ap_predicate_op52_store_state2     |       and|   0|  0|   2|           1|           1|
    |icmp_ln28_10_fu_772_p2             |      icmp|   0|  0|  10|           2|           1|
    |icmp_ln28_9_fu_759_p2              |      icmp|   0|  0|  10|           2|           1|
    |icmp_ln28_fu_736_p2                |      icmp|   0|  0|  11|           2|           3|
    |icmp_ln53_16_fu_1091_p2            |      icmp|   0|  0|  10|           2|           2|
    |icmp_ln53_17_fu_1097_p2            |      icmp|   0|  0|  10|           2|           2|
    |icmp_ln53_18_fu_1103_p2            |      icmp|   0|  0|  10|           2|           2|
    |icmp_ln53_19_fu_1109_p2            |      icmp|   0|  0|  10|           2|           2|
    |icmp_ln53_20_fu_1169_p2            |      icmp|   0|  0|  10|           2|           2|
    |icmp_ln53_21_fu_1175_p2            |      icmp|   0|  0|  10|           2|           2|
    |icmp_ln53_22_fu_1181_p2            |      icmp|   0|  0|  10|           2|           2|
    |icmp_ln53_23_fu_1187_p2            |      icmp|   0|  0|  10|           2|           2|
    |icmp_ln53_24_fu_1247_p2            |      icmp|   0|  0|  10|           2|           2|
    |icmp_ln53_25_fu_1253_p2            |      icmp|   0|  0|  10|           2|           2|
    |icmp_ln53_26_fu_1259_p2            |      icmp|   0|  0|  10|           2|           2|
    |icmp_ln53_27_fu_1265_p2            |      icmp|   0|  0|  10|           2|           2|
    |icmp_ln53_28_fu_1325_p2            |      icmp|   0|  0|  10|           2|           2|
    |icmp_ln53_29_fu_1331_p2            |      icmp|   0|  0|  10|           2|           2|
    |icmp_ln53_30_fu_1337_p2            |      icmp|   0|  0|  10|           2|           2|
    |icmp_ln53_31_fu_1343_p2            |      icmp|   0|  0|  10|           2|           2|
    |icmp_ln95_fu_465_p2                |      icmp|   0|  0|  17|           9|          10|
    |ap_block_pp0_stage0_subdone        |        or|   0|  0|   2|           1|           1|
    |ap_block_state1_pp0_stage0_iter0   |        or|   0|  0|   2|           1|           1|
    |offset_10_fu_638_p2                |        or|   0|  0|   7|           7|           2|
    |offset_11_fu_668_p2                |        or|   0|  0|   7|           7|           3|
    |offset_12_fu_698_p2                |        or|   0|  0|   7|           7|           3|
    |or_ln28_fu_785_p2                  |        or|   0|  0|   2|           1|           1|
    |rom_addr_10_fu_654_p3              |    select|   0|  0|   8|           1|           8|
    |rom_addr_11_fu_684_p3              |    select|   0|  0|   8|           1|           8|
    |rom_addr_12_fu_714_p3              |    select|   0|  0|   8|           1|           8|
    |rom_addr_fu_624_p3                 |    select|   0|  0|   8|           1|           8|
    |select_ln28_58_fu_829_p3           |    select|   0|  0|  15|           1|          15|
    |select_ln28_62_fu_901_p3           |    select|   0|  0|  15|           1|          15|
    |select_ln28_66_fu_973_p3           |    select|   0|  0|  15|           1|          15|
    |select_ln28_fu_741_p3              |    select|   0|  0|  15|           1|          15|
    |w_re_106_fu_764_p3                 |    select|   0|  0|  16|           1|          16|
    |w_re_107_fu_791_p3                 |    select|   0|  0|  15|           1|          15|
    |w_re_111_fu_847_p3                 |    select|   0|  0|  16|           1|          16|
    |w_re_112_fu_855_p3                 |    select|   0|  0|  16|           1|          16|
    |w_re_113_fu_863_p3                 |    select|   0|  0|  15|           1|          15|
    |w_re_117_fu_919_p3                 |    select|   0|  0|  16|           1|          16|
    |w_re_118_fu_927_p3                 |    select|   0|  0|  16|           1|          16|
    |w_re_119_fu_935_p3                 |    select|   0|  0|  15|           1|          15|
    |w_re_123_fu_991_p3                 |    select|   0|  0|  16|           1|          16|
    |w_re_124_fu_999_p3                 |    select|   0|  0|  16|           1|          16|
    |w_re_125_fu_1007_p3                |    select|   0|  0|  15|           1|          15|
    |w_re_fu_777_p3                     |    select|   0|  0|  16|           1|          16|
    |w_im_13_fu_879_p2                  |       xor|   0|  0|  16|          16|           2|
    |w_im_14_fu_951_p2                  |       xor|   0|  0|  16|          16|           2|
    |w_im_15_fu_1023_p2                 |       xor|   0|  0|  16|          16|           2|
    |w_im_fu_807_p2                     |       xor|   0|  0|  16|          16|           2|
    |w_re_105_fu_753_p2                 |       xor|   0|  0|  16|          16|           2|
    |w_re_110_fu_841_p2                 |       xor|   0|  0|  16|          16|           2|
    |w_re_116_fu_913_p2                 |       xor|   0|  0|  16|          16|           2|
    |w_re_122_fu_985_p2                 |       xor|   0|  0|  16|          16|           2|
    +-----------------------------------+----------+----+---+----+------------+------------+
    |Total                              |          |   0|  0|1513|         819|         942|
    +-----------------------------------+----------+----+---+----+------------+------------+

    * Multiplexer: 
    +----------------------------------------+----+-----------+-----+-----------+
    |                  Name                  | LUT| Input Size| Bits| Total Bits|
    +----------------------------------------+----+-----------+-----+-----------+
    |ap_NS_iter1_fsm                         |  13|          3|    2|          6|
    |ap_NS_iter2_fsm                         |  13|          3|    2|          6|
    |ap_NS_iter3_fsm                         |  13|          3|    2|          6|
    |ap_NS_iter4_fsm                         |  13|          3|    2|          6|
    |ap_NS_iter5_fsm                         |  13|          3|    2|          6|
    |ap_done_int                             |   9|          2|    1|          2|
    |ap_loop_exit_ready_pp0_iter5_reg        |   9|          2|    1|          2|
    |ap_phi_mux_out_im_42_phi_fu_451_p4      |   9|          2|   16|         32|
    |ap_phi_mux_out_im_43_phi_fu_442_p4      |   9|          2|   16|         32|
    |ap_phi_mux_out_im_44_phi_fu_433_p4      |   9|          2|   16|         32|
    |ap_phi_mux_out_im_45_phi_fu_424_p4      |   9|          2|   16|         32|
    |ap_phi_mux_out_re_42_phi_fu_415_p4      |   9|          2|   16|         32|
    |ap_phi_mux_out_re_43_phi_fu_406_p4      |   9|          2|   16|         32|
    |ap_phi_mux_out_re_44_phi_fu_397_p4      |   9|          2|   16|         32|
    |ap_phi_mux_out_re_45_phi_fu_388_p4      |   9|          2|   16|         32|
    |ap_phi_reg_pp0_iter4_out_im_42_reg_448  |   9|          2|   16|         32|
    |ap_phi_reg_pp0_iter4_out_im_43_reg_439  |   9|          2|   16|         32|
    |ap_phi_reg_pp0_iter4_out_im_44_reg_430  |   9|          2|   16|         32|
    |ap_phi_reg_pp0_iter4_out_im_45_reg_421  |   9|          2|   16|         32|
    |ap_phi_reg_pp0_iter4_out_re_42_reg_412  |   9|          2|   16|         32|
    |ap_phi_reg_pp0_iter4_out_re_43_reg_403  |   9|          2|   16|         32|
    |ap_phi_reg_pp0_iter4_out_re_44_reg_394  |   9|          2|   16|         32|
    |ap_phi_reg_pp0_iter4_out_re_45_reg_385  |   9|          2|   16|         32|
    |ap_sig_allocacmp_cyc                    |   9|          2|    9|         18|
    |cyc_1_fu_134                            |   9|          2|    9|         18|
    |real_start                              |   9|          2|    1|          2|
    |s0_blk_n                                |   9|          2|    1|          2|
    |s1_blk_n                                |   9|          2|    1|          2|
    +----------------------------------------+----+-----------+-----+-----------+
    |Total                                   | 272|         61|  289|        588|
    +----------------------------------------+----+-----------+-----+-----------+

    * Register: 
    +-----------------------------------------------------------------------------------------------+----+----+-----+-----------+
    |                                              Name                                             | FF | LUT| Bits| Const Bits|
    +-----------------------------------------------------------------------------------------------+----+----+-----+-----------+
    |ap_CS_iter0_fsm                                                                                |   1|   0|    1|          0|
    |ap_CS_iter1_fsm                                                                                |   2|   0|    2|          0|
    |ap_CS_iter2_fsm                                                                                |   2|   0|    2|          0|
    |ap_CS_iter3_fsm                                                                                |   2|   0|    2|          0|
    |ap_CS_iter4_fsm                                                                                |   2|   0|    2|          0|
    |ap_CS_iter5_fsm                                                                                |   2|   0|    2|          0|
    |ap_done_reg                                                                                    |   1|   0|    1|          0|
    |ap_enable_reg_pp0_iter1                                                                        |   0|   0|    1|          1|
    |ap_enable_reg_pp0_iter2                                                                        |   0|   0|    1|          1|
    |ap_enable_reg_pp0_iter3                                                                        |   0|   0|    1|          1|
    |ap_loop_exit_ready_pp0_iter1_reg                                                               |   1|   0|    1|          0|
    |ap_loop_exit_ready_pp0_iter2_reg                                                               |   1|   0|    1|          0|
    |ap_loop_exit_ready_pp0_iter3_reg                                                               |   1|   0|    1|          0|
    |ap_loop_exit_ready_pp0_iter4_reg                                                               |   1|   0|    1|          0|
    |ap_loop_exit_ready_pp0_iter5_reg                                                               |   1|   0|    1|          0|
    |ap_phi_reg_pp0_iter1_out_im_42_reg_448                                                         |  16|   0|   16|          0|
    |ap_phi_reg_pp0_iter1_out_im_43_reg_439                                                         |  16|   0|   16|          0|
    |ap_phi_reg_pp0_iter1_out_im_44_reg_430                                                         |  16|   0|   16|          0|
    |ap_phi_reg_pp0_iter1_out_im_45_reg_421                                                         |  16|   0|   16|          0|
    |ap_phi_reg_pp0_iter1_out_re_42_reg_412                                                         |  16|   0|   16|          0|
    |ap_phi_reg_pp0_iter1_out_re_43_reg_403                                                         |  16|   0|   16|          0|
    |ap_phi_reg_pp0_iter1_out_re_44_reg_394                                                         |  16|   0|   16|          0|
    |ap_phi_reg_pp0_iter1_out_re_45_reg_385                                                         |  16|   0|   16|          0|
    |ap_phi_reg_pp0_iter2_out_im_42_reg_448                                                         |  16|   0|   16|          0|
    |ap_phi_reg_pp0_iter2_out_im_43_reg_439                                                         |  16|   0|   16|          0|
    |ap_phi_reg_pp0_iter2_out_im_44_reg_430                                                         |  16|   0|   16|          0|
    |ap_phi_reg_pp0_iter2_out_im_45_reg_421                                                         |  16|   0|   16|          0|
    |ap_phi_reg_pp0_iter2_out_re_42_reg_412                                                         |  16|   0|   16|          0|
    |ap_phi_reg_pp0_iter2_out_re_43_reg_403                                                         |  16|   0|   16|          0|
    |ap_phi_reg_pp0_iter2_out_re_44_reg_394                                                         |  16|   0|   16|          0|
    |ap_phi_reg_pp0_iter2_out_re_45_reg_385                                                         |  16|   0|   16|          0|
    |ap_phi_reg_pp0_iter3_out_im_42_reg_448                                                         |  16|   0|   16|          0|
    |ap_phi_reg_pp0_iter3_out_im_43_reg_439                                                         |  16|   0|   16|          0|
    |ap_phi_reg_pp0_iter3_out_im_44_reg_430                                                         |  16|   0|   16|          0|
    |ap_phi_reg_pp0_iter3_out_im_45_reg_421                                                         |  16|   0|   16|          0|
    |ap_phi_reg_pp0_iter3_out_re_42_reg_412                                                         |  16|   0|   16|          0|
    |ap_phi_reg_pp0_iter3_out_re_43_reg_403                                                         |  16|   0|   16|          0|
    |ap_phi_reg_pp0_iter3_out_re_44_reg_394                                                         |  16|   0|   16|          0|
    |ap_phi_reg_pp0_iter3_out_re_45_reg_385                                                         |  16|   0|   16|          0|
    |ap_phi_reg_pp0_iter4_out_im_42_reg_448                                                         |  16|   0|   16|          0|
    |ap_phi_reg_pp0_iter4_out_im_43_reg_439                                                         |  16|   0|   16|          0|
    |ap_phi_reg_pp0_iter4_out_im_44_reg_430                                                         |  16|   0|   16|          0|
    |ap_phi_reg_pp0_iter4_out_im_45_reg_421                                                         |  16|   0|   16|          0|
    |ap_phi_reg_pp0_iter4_out_re_42_reg_412                                                         |  16|   0|   16|          0|
    |ap_phi_reg_pp0_iter4_out_re_43_reg_403                                                         |  16|   0|   16|          0|
    |ap_phi_reg_pp0_iter4_out_re_44_reg_394                                                         |  16|   0|   16|          0|
    |ap_phi_reg_pp0_iter4_out_re_45_reg_385                                                         |  16|   0|   16|          0|
    |ap_phi_reg_pp0_iter5_out_im_42_reg_448                                                         |  16|   0|   16|          0|
    |ap_phi_reg_pp0_iter5_out_im_43_reg_439                                                         |  16|   0|   16|          0|
    |ap_phi_reg_pp0_iter5_out_im_44_reg_430                                                         |  16|   0|   16|          0|
    |ap_phi_reg_pp0_iter5_out_im_45_reg_421                                                         |  16|   0|   16|          0|
    |ap_phi_reg_pp0_iter5_out_re_42_reg_412                                                         |  16|   0|   16|          0|
    |ap_phi_reg_pp0_iter5_out_re_43_reg_403                                                         |  16|   0|   16|          0|
    |ap_phi_reg_pp0_iter5_out_re_44_reg_394                                                         |  16|   0|   16|          0|
    |ap_phi_reg_pp0_iter5_out_re_45_reg_385                                                         |  16|   0|   16|          0|
    |cyc_1_fu_134                                                                                   |   9|   0|    9|          0|
    |cyc_reg_1870                                                                                   |   9|   0|    9|          0|
    |diff_im_19_reg_2176                                                                            |  17|   0|   17|          0|
    |diff_im_20_reg_2216                                                                            |  17|   0|   17|          0|
    |diff_im_21_reg_2256                                                                            |  17|   0|   17|          0|
    |diff_im_reg_2136                                                                               |  17|   0|   17|          0|
    |diff_re_19_reg_2166                                                                            |  17|   0|   17|          0|
    |diff_re_20_reg_2206                                                                            |  17|   0|   17|          0|
    |diff_re_21_reg_2246                                                                            |  17|   0|   17|          0|
    |diff_re_reg_2126                                                                               |  17|   0|   17|          0|
    |dl_re_34_reg_2039                                                                              |  16|   0|   16|          0|
    |dl_re_35_reg_2044                                                                              |  16|   0|   16|          0|
    |dl_re_36_reg_2049                                                                              |  16|   0|   16|          0|
    |dl_re_reg_2034                                                                                 |  16|   0|   16|          0|
    |icmp_ln53_16_reg_2146                                                                          |   1|   0|    1|          0|
    |icmp_ln53_17_reg_2151                                                                          |   1|   0|    1|          0|
    |icmp_ln53_18_reg_2156                                                                          |   1|   0|    1|          0|
    |icmp_ln53_19_reg_2161                                                                          |   1|   0|    1|          0|
    |icmp_ln53_20_reg_2186                                                                          |   1|   0|    1|          0|
    |icmp_ln53_21_reg_2191                                                                          |   1|   0|    1|          0|
    |icmp_ln53_22_reg_2196                                                                          |   1|   0|    1|          0|
    |icmp_ln53_23_reg_2201                                                                          |   1|   0|    1|          0|
    |icmp_ln53_24_reg_2226                                                                          |   1|   0|    1|          0|
    |icmp_ln53_25_reg_2231                                                                          |   1|   0|    1|          0|
    |icmp_ln53_26_reg_2236                                                                          |   1|   0|    1|          0|
    |icmp_ln53_27_reg_2241                                                                          |   1|   0|    1|          0|
    |icmp_ln53_28_reg_2266                                                                          |   1|   0|    1|          0|
    |icmp_ln53_29_reg_2271                                                                          |   1|   0|    1|          0|
    |icmp_ln53_30_reg_2276                                                                          |   1|   0|    1|          0|
    |icmp_ln53_31_reg_2281                                                                          |   1|   0|    1|          0|
    |icmp_ln95_reg_1878                                                                             |   1|   0|    1|          0|
    |icmp_ln95_reg_1878_pp0_iter1_reg                                                               |   1|   0|    1|          0|
    |icmp_ln95_reg_1878_pp0_iter2_reg                                                               |   1|   0|    1|          0|
    |icmp_ln95_reg_1878_pp0_iter3_reg                                                               |   1|   0|    1|          0|
    |icmp_ln95_reg_1878_pp0_iter4_reg                                                               |   1|   0|    1|          0|
    |in_im_4_reg_1893                                                                               |  16|   0|   16|          0|
    |in_im_4_reg_1893_pp0_iter1_reg                                                                 |  16|   0|   16|          0|
    |in_im_5_reg_1905                                                                               |  16|   0|   16|          0|
    |in_im_5_reg_1905_pp0_iter1_reg                                                                 |  16|   0|   16|          0|
    |in_im_6_reg_1917                                                                               |  16|   0|   16|          0|
    |in_im_6_reg_1917_pp0_iter1_reg                                                                 |  16|   0|   16|          0|
    |in_im_7_reg_1929                                                                               |  16|   0|   16|          0|
    |in_im_7_reg_1929_pp0_iter1_reg                                                                 |  16|   0|   16|          0|
    |in_re_5_reg_1899                                                                               |  16|   0|   16|          0|
    |in_re_5_reg_1899_pp0_iter1_reg                                                                 |  16|   0|   16|          0|
    |in_re_6_reg_1911                                                                               |  16|   0|   16|          0|
    |in_re_6_reg_1911_pp0_iter1_reg                                                                 |  16|   0|   16|          0|
    |in_re_7_reg_1923                                                                               |  16|   0|   16|          0|
    |in_re_7_reg_1923_pp0_iter1_reg                                                                 |  16|   0|   16|          0|
    |in_re_reg_1887                                                                                 |  16|   0|   16|          0|
    |in_re_reg_1887_pp0_iter1_reg                                                                   |  16|   0|   16|          0|
    |is_bfly_reg_1935                                                                               |   1|   0|    1|          0|
    |is_bfly_reg_1935_pp0_iter1_reg                                                                 |   1|   0|    1|          0|
    |is_bfly_reg_1935_pp0_iter2_reg                                                                 |   1|   0|    1|          0|
    |is_bfly_reg_1935_pp0_iter3_reg                                                                 |   1|   0|    1|          0|
    |is_bfly_reg_1935_pp0_iter4_reg                                                                 |   1|   0|    1|          0|
    |mul_ln63_37_reg_2301                                                                           |  31|   0|   31|          0|
    |mul_ln63_39_reg_2311                                                                           |  31|   0|   31|          0|
    |mul_ln63_41_reg_2321                                                                           |  31|   0|   31|          0|
    |mul_ln63_reg_2291                                                                              |  31|   0|   31|          0|
    |mul_ln64_37_reg_2296                                                                           |  31|   0|   31|          0|
    |mul_ln64_39_reg_2306                                                                           |  31|   0|   31|          0|
    |mul_ln64_41_reg_2316                                                                           |  31|   0|   31|          0|
    |mul_ln64_reg_2286                                                                              |  31|   0|   31|          0|
    |sext_ln63_75_reg_2060                                                                          |  31|   0|   31|          0|
    |sext_ln63_78_reg_2072                                                                          |  31|   0|   31|          0|
    |sext_ln63_79_reg_2078                                                                          |  31|   0|   31|          0|
    |sext_ln63_82_reg_2090                                                                          |  31|   0|   31|          0|
    |sext_ln63_83_reg_2096                                                                          |  31|   0|   31|          0|
    |sext_ln63_86_reg_2108                                                                          |  31|   0|   31|          0|
    |sext_ln63_87_reg_2114                                                                          |  31|   0|   31|          0|
    |sext_ln63_reg_2054                                                                             |  31|   0|   31|          0|
    |start_once_reg                                                                                 |   1|   0|    1|          0|
    |sum_im_19_reg_2181                                                                             |  17|   0|   17|          0|
    |sum_im_20_reg_2221                                                                             |  17|   0|   17|          0|
    |sum_im_21_reg_2261                                                                             |  17|   0|   17|          0|
    |sum_im_reg_2141                                                                                |  17|   0|   17|          0|
    |sum_re_19_reg_2171                                                                             |  17|   0|   17|          0|
    |sum_re_20_reg_2211                                                                             |  17|   0|   17|          0|
    |sum_re_21_reg_2251                                                                             |  17|   0|   17|          0|
    |sum_re_reg_2131                                                                                |  17|   0|   17|          0|
    |trunc_ln21_4_reg_1987                                                                          |   2|   0|    2|          0|
    |void_stage_fb_stream_mdf_word_t_0_stream_mdf_word_t_0_delay_im_41_addr_reg_1969                |   6|   0|    6|          0|
    |void_stage_fb_stream_mdf_word_t_0_stream_mdf_word_t_0_delay_im_41_addr_reg_1969_pp0_iter2_reg  |   6|   0|    6|          0|
    |void_stage_fb_stream_mdf_word_t_0_stream_mdf_word_t_0_delay_im_42_addr_reg_1975                |   6|   0|    6|          0|
    |void_stage_fb_stream_mdf_word_t_0_stream_mdf_word_t_0_delay_im_42_addr_reg_1975_pp0_iter2_reg  |   6|   0|    6|          0|
    |void_stage_fb_stream_mdf_word_t_0_stream_mdf_word_t_0_delay_im_43_addr_reg_1981                |   6|   0|    6|          0|
    |void_stage_fb_stream_mdf_word_t_0_stream_mdf_word_t_0_delay_im_43_addr_reg_1981_pp0_iter2_reg  |   6|   0|    6|          0|
    |void_stage_fb_stream_mdf_word_t_0_stream_mdf_word_t_0_delay_im_addr_reg_1963                   |   6|   0|    6|          0|
    |void_stage_fb_stream_mdf_word_t_0_stream_mdf_word_t_0_delay_im_addr_reg_1963_pp0_iter2_reg     |   6|   0|    6|          0|
    |void_stage_fb_stream_mdf_word_t_0_stream_mdf_word_t_0_delay_re_38_addr_reg_1945                |   6|   0|    6|          0|
    |void_stage_fb_stream_mdf_word_t_0_stream_mdf_word_t_0_delay_re_38_addr_reg_1945_pp0_iter2_reg  |   6|   0|    6|          0|
    |void_stage_fb_stream_mdf_word_t_0_stream_mdf_word_t_0_delay_re_39_addr_reg_1951                |   6|   0|    6|          0|
    |void_stage_fb_stream_mdf_word_t_0_stream_mdf_word_t_0_delay_re_39_addr_reg_1951_pp0_iter2_reg  |   6|   0|    6|          0|
    |void_stage_fb_stream_mdf_word_t_0_stream_mdf_word_t_0_delay_re_40_addr_reg_1957                |   6|   0|    6|          0|
    |void_stage_fb_stream_mdf_word_t_0_stream_mdf_word_t_0_delay_re_40_addr_reg_1957_pp0_iter2_reg  |   6|   0|    6|          0|
    |void_stage_fb_stream_mdf_word_t_0_stream_mdf_word_t_0_delay_re_addr_reg_1939                   |   6|   0|    6|          0|
    |void_stage_fb_stream_mdf_word_t_0_stream_mdf_word_t_0_delay_re_addr_reg_1939_pp0_iter2_reg     |   6|   0|    6|          0|
    |y_last_reg_1882                                                                                |   1|   0|    1|          0|
    |y_last_reg_1882_pp0_iter1_reg                                                                  |   1|   0|    1|          0|
    |y_last_reg_1882_pp0_iter2_reg                                                                  |   1|   0|    1|          0|
    |y_last_reg_1882_pp0_iter3_reg                                                                  |   1|   0|    1|          0|
    |y_last_reg_1882_pp0_iter4_reg                                                                  |   1|   0|    1|          0|
    +-----------------------------------------------------------------------------------------------+----+----+-----+-----------+
    |Total                                                                                          |1893|   0| 1896|          3|
    +-----------------------------------------------------------------------------------------------+----+----+-----+-----------+



================================================================
== Interface
================================================================
* Summary: 
+-------------------+-----+-----+------------+------------------------------+--------------+
|     RTL Ports     | Dir | Bits|  Protocol  |         Source Object        |    C Type    |
+-------------------+-----+-----+------------+------------------------------+--------------+
|ap_clk             |   in|    1|  ap_ctrl_hs|  Loop_VITIS_LOOP_95_1_proc111|  return value|
|ap_rst             |   in|    1|  ap_ctrl_hs|  Loop_VITIS_LOOP_95_1_proc111|  return value|
|ap_start           |   in|    1|  ap_ctrl_hs|  Loop_VITIS_LOOP_95_1_proc111|  return value|
|start_full_n       |   in|    1|  ap_ctrl_hs|  Loop_VITIS_LOOP_95_1_proc111|  return value|
|ap_done            |  out|    1|  ap_ctrl_hs|  Loop_VITIS_LOOP_95_1_proc111|  return value|
|ap_continue        |   in|    1|  ap_ctrl_hs|  Loop_VITIS_LOOP_95_1_proc111|  return value|
|ap_idle            |  out|    1|  ap_ctrl_hs|  Loop_VITIS_LOOP_95_1_proc111|  return value|
|ap_ready           |  out|    1|  ap_ctrl_hs|  Loop_VITIS_LOOP_95_1_proc111|  return value|
|start_out          |  out|    1|  ap_ctrl_hs|  Loop_VITIS_LOOP_95_1_proc111|  return value|
|start_write        |  out|    1|  ap_ctrl_hs|  Loop_VITIS_LOOP_95_1_proc111|  return value|
|s0_dout            |   in|  129|     ap_fifo|                            s0|       pointer|
|s0_num_data_valid  |   in|   10|     ap_fifo|                            s0|       pointer|
|s0_fifo_cap        |   in|   10|     ap_fifo|                            s0|       pointer|
|s0_empty_n         |   in|    1|     ap_fifo|                            s0|       pointer|
|s0_read            |  out|    1|     ap_fifo|                            s0|       pointer|
|s1_din             |  out|  129|     ap_fifo|                            s1|       pointer|
|s1_num_data_valid  |   in|   10|     ap_fifo|                            s1|       pointer|
|s1_fifo_cap        |   in|   10|     ap_fifo|                            s1|       pointer|
|s1_full_n          |   in|    1|     ap_fifo|                            s1|       pointer|
|s1_write           |  out|    1|     ap_fifo|                            s1|       pointer|
+-------------------+-----+-----+------------+------------------------------+--------------+

