

================================================================
== Vitis HLS Report for 'Loop_VITIS_LOOP_95_1_proc515'
================================================================
* Date:           Tue Jun 30 20:58:00 2026

* Version:        2023.2 (Build 4023990 on Oct 11 2023)
* Project:        mdf_fft_hls
* Solution:       solution1 (Vivado IP Flow Target)
* Product family: artix7
* Target device:  xc7a200t-fbg676-2


================================================================
== Performance Estimates
================================================================
+ Timing: 
    * Summary: 
    +--------+----------+----------+------------+
    |  Clock |  Target  | Estimated| Uncertainty|
    +--------+----------+----------+------------+
    |ap_clk  |  10.00 ns|  6.658 ns|     2.70 ns|
    +--------+----------+----------+------------+

+ Latency: 
    * Summary: 
    +---------+---------+----------+----------+-----+-----+---------+
    |  Latency (cycles) |  Latency (absolute) |  Interval | Pipeline|
    |   min   |   max   |    min   |    max   | min | max |   Type  |
    +---------+---------+----------+----------+-----+-----+---------+
    |      262|      262|  2.620 us|  2.620 us|  262|  262|       no|
    +---------+---------+----------+----------+-----+-----+---------+

    + Detail: 
        * Instance: 
        N/A

        * Loop: 
        +-------------------+---------+---------+----------+-----------+-----------+------+----------+
        |                   |  Latency (cycles) | Iteration|  Initiation Interval  | Trip |          |
        |     Loop Name     |   min   |   max   |  Latency |  achieved |   target  | Count| Pipelined|
        +-------------------+---------+---------+----------+-----------+-----------+------+----------+
        |- VITIS_LOOP_95_1  |      260|      260|         6|          1|          1|   256|  yes(flp)|
        +-------------------+---------+---------+----------+-----------+-----------+------+----------+



================================================================
== Utilization Estimates
================================================================
* Summary: 
+-----------------+---------+-----+--------+--------+-----+
|       Name      | BRAM_18K| DSP |   FF   |   LUT  | URAM|
+-----------------+---------+-----+--------+--------+-----+
|DSP              |        -|    8|       -|       -|    -|
|Expression       |        -|    -|       0|    1324|    -|
|FIFO             |        -|    -|       -|       -|    -|
|Instance         |        -|    8|       0|      74|    -|
|Memory           |        4|    -|     256|       8|    0|
|Multiplexer      |        -|    -|       -|     272|    -|
|Register         |        -|    -|    1727|       -|    -|
+-----------------+---------+-----+--------+--------+-----+
|Total            |        4|   16|    1983|    1678|    0|
+-----------------+---------+-----+--------+--------+-----+
|Available        |      730|  740|  269200|  134600|    0|
+-----------------+---------+-----+--------+--------+-----+
|Utilization (%)  |       ~0|    2|      ~0|       1|    0|
+-----------------+---------+-----+--------+--------+-----+

+ Detail: 
    * Instance: 
    +----------------------------+-----------------------+---------+----+---+----+-----+
    |          Instance          |         Module        | BRAM_18K| DSP| FF| LUT| URAM|
    +----------------------------+-----------------------+---------+----+---+----+-----+
    |mul_16s_16s_31_1_1_U118     |mul_16s_16s_31_1_1     |        0|   1|  0|   6|    0|
    |mul_16s_16s_31_1_1_U119     |mul_16s_16s_31_1_1     |        0|   1|  0|   6|    0|
    |mul_16s_16s_31_1_1_U120     |mul_16s_16s_31_1_1     |        0|   1|  0|   6|    0|
    |mul_16s_16s_31_1_1_U121     |mul_16s_16s_31_1_1     |        0|   1|  0|   6|    0|
    |mul_16s_16s_31_1_1_U122     |mul_16s_16s_31_1_1     |        0|   1|  0|   6|    0|
    |mul_16s_16s_31_1_1_U123     |mul_16s_16s_31_1_1     |        0|   1|  0|   6|    0|
    |mul_16s_16s_31_1_1_U124     |mul_16s_16s_31_1_1     |        0|   1|  0|   6|    0|
    |mul_16s_16s_31_1_1_U125     |mul_16s_16s_31_1_1     |        0|   1|  0|   6|    0|
    |sparsemux_7_32_16_1_1_U116  |sparsemux_7_32_16_1_1  |        0|   0|  0|  13|    0|
    |sparsemux_7_32_16_1_1_U117  |sparsemux_7_32_16_1_1  |        0|   0|  0|  13|    0|
    +----------------------------+-----------------------+---------+----+---+----+-----+
    |Total                       |                       |        0|   8|  0|  74|    0|
    +----------------------------+-----------------------+---------+----+---+----+-----+

    * DSP: 
    +------------------------------------+-------------------------------+--------------+
    |              Instance              |             Module            |  Expression  |
    +------------------------------------+-------------------------------+--------------+
    |mac_muladd_16s_16s_31s_31_4_1_U126  |mac_muladd_16s_16s_31s_31_4_1  |  i0 + i1 * i2|
    |mac_muladd_16s_16s_31s_31_4_1_U128  |mac_muladd_16s_16s_31s_31_4_1  |  i0 + i1 * i2|
    |mac_muladd_16s_16s_31s_31_4_1_U130  |mac_muladd_16s_16s_31s_31_4_1  |  i0 + i1 * i2|
    |mac_muladd_16s_16s_31s_31_4_1_U132  |mac_muladd_16s_16s_31s_31_4_1  |  i0 + i1 * i2|
    |mac_mulsub_16s_16s_31s_31_4_1_U127  |mac_mulsub_16s_16s_31s_31_4_1  |  i0 - i1 * i2|
    |mac_mulsub_16s_16s_31s_31_4_1_U129  |mac_mulsub_16s_16s_31s_31_4_1  |  i0 - i1 * i2|
    |mac_mulsub_16s_16s_31s_31_4_1_U131  |mac_mulsub_16s_16s_31s_31_4_1  |  i0 - i1 * i2|
    |mac_mulsub_16s_16s_31s_31_4_1_U133  |mac_mulsub_16s_16s_31s_31_4_1  |  i0 - i1 * i2|
    +------------------------------------+-------------------------------+--------------+

    * Memory: 
    +-------------------------------------------------------------------------+----------------------------------------------------------------------------------+---------+----+----+-----+------+-----+------+-------------+
    |                                  Memory                                 |                                      Module                                      | BRAM_18K| FF | LUT| URAM| Words| Bits| Banks| W*Bits*Banks|
    +-------------------------------------------------------------------------+----------------------------------------------------------------------------------+---------+----+----+-----+------+-----+------+-------------+
    |TW_COS_LUT_U                                                             |Loop_VITIS_LOOP_95_1_proc515_TW_COS_LUT_ROM_AUTO_1R                               |        2|   0|   0|    0|   129|   15|     1|         1935|
    |TW_SIN_LUT_U                                                             |Loop_VITIS_LOOP_95_1_proc515_TW_SIN_LUT_ROM_AUTO_1R                               |        2|   0|   0|    0|   129|   15|     1|         1935|
    |void_stage_fb_5_4_stream_mdf_word_t_0_stream_mdf_word_t_0_delay_re_U     |Loop_VITIS_LOOP_95_1_proc515_void_stage_fb_5_4_stream_mdf_word_t_0_stream_mdfPgM  |        0|  32|   1|    0|     4|   16|     1|           64|
    |void_stage_fb_5_4_stream_mdf_word_t_0_stream_mdf_word_t_0_delay_re_14_U  |Loop_VITIS_LOOP_95_1_proc515_void_stage_fb_5_4_stream_mdf_word_t_0_stream_mdfPgM  |        0|  32|   1|    0|     4|   16|     1|           64|
    |void_stage_fb_5_4_stream_mdf_word_t_0_stream_mdf_word_t_0_delay_re_15_U  |Loop_VITIS_LOOP_95_1_proc515_void_stage_fb_5_4_stream_mdf_word_t_0_stream_mdfPgM  |        0|  32|   1|    0|     4|   16|     1|           64|
    |void_stage_fb_5_4_stream_mdf_word_t_0_stream_mdf_word_t_0_delay_re_16_U  |Loop_VITIS_LOOP_95_1_proc515_void_stage_fb_5_4_stream_mdf_word_t_0_stream_mdfPgM  |        0|  32|   1|    0|     4|   16|     1|           64|
    |void_stage_fb_5_4_stream_mdf_word_t_0_stream_mdf_word_t_0_delay_im_U     |Loop_VITIS_LOOP_95_1_proc515_void_stage_fb_5_4_stream_mdf_word_t_0_stream_mdfPgM  |        0|  32|   1|    0|     4|   16|     1|           64|
    |void_stage_fb_5_4_stream_mdf_word_t_0_stream_mdf_word_t_0_delay_im_17_U  |Loop_VITIS_LOOP_95_1_proc515_void_stage_fb_5_4_stream_mdf_word_t_0_stream_mdfPgM  |        0|  32|   1|    0|     4|   16|     1|           64|
    |void_stage_fb_5_4_stream_mdf_word_t_0_stream_mdf_word_t_0_delay_im_18_U  |Loop_VITIS_LOOP_95_1_proc515_void_stage_fb_5_4_stream_mdf_word_t_0_stream_mdfPgM  |        0|  32|   1|    0|     4|   16|     1|           64|
    |void_stage_fb_5_4_stream_mdf_word_t_0_stream_mdf_word_t_0_delay_im_19_U  |Loop_VITIS_LOOP_95_1_proc515_void_stage_fb_5_4_stream_mdf_word_t_0_stream_mdfPgM  |        0|  32|   1|    0|     4|   16|     1|           64|
    +-------------------------------------------------------------------------+----------------------------------------------------------------------------------+---------+----+----+-----+------+-----+------+-------------+
    |Total                                                                    |                                                                                  |        4| 256|   8|    0|   290|  158|    10|         4382|
    +-------------------------------------------------------------------------+----------------------------------------------------------------------------------+---------+----+----+-----+------+-----+------+-------------+

    * FIFO: 
    N/A

    * Expression: 
    +-----------------------------------+----------+----+---+----+------------+------------+
    |           Variable Name           | Operation| DSP| FF| LUT| Bitwidth P0| Bitwidth P1|
    +-----------------------------------+----------+----+---+----+------------+------------+
    |add_ln53_31_fu_1025_p2             |         +|   0|  0|  24|          17|          17|
    |add_ln53_32_fu_1052_p2             |         +|   0|  0|  24|          17|          17|
    |add_ln53_33_fu_1078_p2             |         +|   0|  0|  24|          17|          17|
    |add_ln53_34_fu_1156_p2             |         +|   0|  0|  24|          17|          17|
    |add_ln53_35_fu_1183_p2             |         +|   0|  0|  24|          17|          17|
    |add_ln53_36_fu_1210_p2             |         +|   0|  0|  24|          17|          17|
    |add_ln53_37_fu_1236_p2             |         +|   0|  0|  24|          17|          17|
    |add_ln53_38_fu_1314_p2             |         +|   0|  0|  24|          17|          17|
    |add_ln53_39_fu_1341_p2             |         +|   0|  0|  24|          17|          17|
    |add_ln53_40_fu_1368_p2             |         +|   0|  0|  24|          17|          17|
    |add_ln53_41_fu_1394_p2             |         +|   0|  0|  24|          17|          17|
    |add_ln53_42_fu_1472_p2             |         +|   0|  0|  24|          17|          17|
    |add_ln53_43_fu_1499_p2             |         +|   0|  0|  24|          17|          17|
    |add_ln53_44_fu_1526_p2             |         +|   0|  0|  24|          17|          17|
    |add_ln53_45_fu_1552_p2             |         +|   0|  0|  24|          17|          17|
    |add_ln53_fu_998_p2                 |         +|   0|  0|  24|          17|          17|
    |cyc_6_fu_445_p2                    |         +|   0|  0|  16|           9|           1|
    |sum_im_7_fu_1136_p2                |         +|   0|  0|  24|          17|          17|
    |sum_im_8_fu_1294_p2                |         +|   0|  0|  24|          17|          17|
    |sum_im_9_fu_1452_p2                |         +|   0|  0|  24|          17|          17|
    |sum_im_fu_978_p2                   |         +|   0|  0|  24|          17|          17|
    |sum_re_7_fu_1110_p2                |         +|   0|  0|  24|          17|          17|
    |sum_re_8_fu_1268_p2                |         +|   0|  0|  24|          17|          17|
    |sum_re_9_fu_1426_p2                |         +|   0|  0|  24|          17|          17|
    |sum_re_fu_952_p2                   |         +|   0|  0|  24|          17|          17|
    |diff_im_7_fu_1126_p2               |         -|   0|  0|  24|          17|          17|
    |diff_im_8_fu_1284_p2               |         -|   0|  0|  24|          17|          17|
    |diff_im_9_fu_1442_p2               |         -|   0|  0|  24|          17|          17|
    |diff_im_fu_968_p2                  |         -|   0|  0|  24|          17|          17|
    |diff_re_7_fu_1100_p2               |         -|   0|  0|  24|          17|          17|
    |diff_re_8_fu_1258_p2               |         -|   0|  0|  24|          17|          17|
    |diff_re_9_fu_1416_p2               |         -|   0|  0|  24|          17|          17|
    |diff_re_fu_942_p2                  |         -|   0|  0|  24|          17|          17|
    |ap_block_pp0                       |       and|   0|  0|   2|           1|           1|
    |ap_block_state4_pp0_stage0_iter3   |       and|   0|  0|   2|           1|           1|
    |ap_block_state5_pp0_stage0_iter4   |       and|   0|  0|   2|           1|           1|
    |ap_block_state6_pp0_stage0_iter5   |       and|   0|  0|   2|           1|           1|
    |ap_condition_147                   |       and|   0|  0|   2|           1|           1|
    |ap_condition_333                   |       and|   0|  0|   2|           1|           1|
    |ap_enable_state2_pp0_iter1_stage0  |       and|   0|  0|   2|           1|           1|
    |ap_enable_state3_pp0_iter2_stage0  |       and|   0|  0|   2|           1|           1|
    |ap_enable_state4_pp0_iter3_stage0  |       and|   0|  0|   2|           1|           1|
    |ap_predicate_op267_store_state4    |       and|   0|  0|   2|           1|           1|
    |ap_predicate_op50_store_state2     |       and|   0|  0|   2|           1|           1|
    |icmp_ln28_1_fu_626_p2              |      icmp|   0|  0|  10|           2|           1|
    |icmp_ln28_2_fu_639_p2              |      icmp|   0|  0|  10|           2|           1|
    |icmp_ln28_fu_603_p2                |      icmp|   0|  0|  11|           2|           3|
    |icmp_ln53_31_fu_1015_p2            |      icmp|   0|  0|  10|           2|           2|
    |icmp_ln53_32_fu_1042_p2            |      icmp|   0|  0|  10|           2|           2|
    |icmp_ln53_33_fu_1068_p2            |      icmp|   0|  0|  10|           2|           2|
    |icmp_ln53_34_fu_1146_p2            |      icmp|   0|  0|  10|           2|           2|
    |icmp_ln53_35_fu_1173_p2            |      icmp|   0|  0|  10|           2|           2|
    |icmp_ln53_36_fu_1200_p2            |      icmp|   0|  0|  10|           2|           2|
    |icmp_ln53_37_fu_1226_p2            |      icmp|   0|  0|  10|           2|           2|
    |icmp_ln53_38_fu_1304_p2            |      icmp|   0|  0|  10|           2|           2|
    |icmp_ln53_39_fu_1331_p2            |      icmp|   0|  0|  10|           2|           2|
    |icmp_ln53_40_fu_1358_p2            |      icmp|   0|  0|  10|           2|           2|
    |icmp_ln53_41_fu_1384_p2            |      icmp|   0|  0|  10|           2|           2|
    |icmp_ln53_42_fu_1462_p2            |      icmp|   0|  0|  10|           2|           2|
    |icmp_ln53_43_fu_1489_p2            |      icmp|   0|  0|  10|           2|           2|
    |icmp_ln53_44_fu_1516_p2            |      icmp|   0|  0|  10|           2|           2|
    |icmp_ln53_45_fu_1542_p2            |      icmp|   0|  0|  10|           2|           2|
    |icmp_ln53_fu_988_p2                |      icmp|   0|  0|  10|           2|           2|
    |icmp_ln95_fu_439_p2                |      icmp|   0|  0|  17|           9|          10|
    |ap_block_pp0_stage0_subdone        |        or|   0|  0|   2|           1|           1|
    |ap_block_state1_pp0_stage0_iter0   |        or|   0|  0|   2|           1|           1|
    |or_ln28_fu_652_p2                  |        or|   0|  0|   2|           1|           1|
    |select_ln25_1_fu_574_p3            |    select|   0|  0|   7|           1|           7|
    |select_ln25_2_fu_583_p3            |    select|   0|  0|   7|           1|           6|
    |select_ln25_fu_565_p3              |    select|   0|  0|   8|           1|           8|
    |select_ln28_4_fu_696_p3            |    select|   0|  0|  15|           1|          15|
    |select_ln28_8_fu_820_p3            |    select|   0|  0|  15|           1|          15|
    |select_ln28_fu_608_p3              |    select|   0|  0|  15|           1|          15|
    |w_re_10_fu_722_p3                  |    select|   0|  0|  16|           1|          16|
    |w_re_11_fu_730_p3                  |    select|   0|  0|  15|           1|          15|
    |w_re_16_fu_838_p3                  |    select|   0|  0|  16|           1|          16|
    |w_re_17_fu_846_p3                  |    select|   0|  0|  16|           1|          16|
    |w_re_18_fu_854_p3                  |    select|   0|  0|  15|           1|          15|
    |w_re_4_fu_631_p3                   |    select|   0|  0|  16|           1|          16|
    |w_re_5_fu_658_p3                   |    select|   0|  0|  15|           1|          15|
    |w_re_9_fu_714_p3                   |    select|   0|  0|  16|           1|          16|
    |w_re_fu_644_p3                     |    select|   0|  0|  16|           1|          16|
    |w_im_1_fu_746_p2                   |       xor|   0|  0|  16|          16|           2|
    |w_im_3_fu_870_p2                   |       xor|   0|  0|  16|          16|           2|
    |w_im_fu_674_p2                     |       xor|   0|  0|  16|          16|           2|
    |w_re_15_fu_832_p2                  |       xor|   0|  0|  16|          16|           2|
    |w_re_3_fu_620_p2                   |       xor|   0|  0|  16|          16|           2|
    |w_re_8_fu_708_p2                   |       xor|   0|  0|  16|          16|           2|
    +-----------------------------------+----------+----+---+----+------------+------------+
    |Total                              |          |   0|  0|1324|         725|         825|
    +-----------------------------------+----------+----+---+----+------------+------------+

    * Multiplexer: 
    +----------------------------------------+----+-----------+-----+-----------+
    |                  Name                  | LUT| Input Size| Bits| Total Bits|
    +----------------------------------------+----+-----------+-----+-----------+
    |ap_NS_iter1_fsm                         |  13|          3|    2|          6|
    |ap_NS_iter2_fsm                         |  13|          3|    2|          6|
    |ap_NS_iter3_fsm                         |  13|          3|    2|          6|
    |ap_NS_iter4_fsm                         |  13|          3|    2|          6|
    |ap_NS_iter5_fsm                         |  13|          3|    2|          6|
    |ap_done_int                             |   9|          2|    1|          2|
    |ap_loop_exit_ready_pp0_iter5_reg        |   9|          2|    1|          2|
    |ap_phi_mux_out_im_30_phi_fu_389_p4      |   9|          2|   16|         32|
    |ap_phi_mux_out_im_31_phi_fu_380_p4      |   9|          2|   16|         32|
    |ap_phi_mux_out_im_32_phi_fu_371_p4      |   9|          2|   16|         32|
    |ap_phi_mux_out_im_33_phi_fu_362_p4      |   9|          2|   16|         32|
    |ap_phi_mux_out_re_30_phi_fu_425_p4      |   9|          2|   16|         32|
    |ap_phi_mux_out_re_31_phi_fu_416_p4      |   9|          2|   16|         32|
    |ap_phi_mux_out_re_32_phi_fu_407_p4      |   9|          2|   16|         32|
    |ap_phi_mux_out_re_33_phi_fu_398_p4      |   9|          2|   16|         32|
    |ap_phi_reg_pp0_iter4_out_im_30_reg_386  |   9|          2|   16|         32|
    |ap_phi_reg_pp0_iter4_out_im_31_reg_377  |   9|          2|   16|         32|
    |ap_phi_reg_pp0_iter4_out_im_32_reg_368  |   9|          2|   16|         32|
    |ap_phi_reg_pp0_iter4_out_im_33_reg_359  |   9|          2|   16|         32|
    |ap_phi_reg_pp0_iter4_out_re_30_reg_422  |   9|          2|   16|         32|
    |ap_phi_reg_pp0_iter4_out_re_31_reg_413  |   9|          2|   16|         32|
    |ap_phi_reg_pp0_iter4_out_re_32_reg_404  |   9|          2|   16|         32|
    |ap_phi_reg_pp0_iter4_out_re_33_reg_395  |   9|          2|   16|         32|
    |ap_sig_allocacmp_cyc_5                  |   9|          2|    9|         18|
    |cyc_fu_132                              |   9|          2|    9|         18|
    |real_start                              |   9|          2|    1|          2|
    |s4_blk_n                                |   9|          2|    1|          2|
    |s5_blk_n                                |   9|          2|    1|          2|
    +----------------------------------------+----+-----------+-----+-----------+
    |Total                                   | 272|         61|  289|        588|
    +----------------------------------------+----+-----------+-----+-----------+

    * Register: 
    +------------------------------------------------------------------------------------------------+----+----+-----+-----------+
    |                                              Name                                              | FF | LUT| Bits| Const Bits|
    +------------------------------------------------------------------------------------------------+----+----+-----+-----------+
    |ap_CS_iter0_fsm                                                                                 |   1|   0|    1|          0|
    |ap_CS_iter1_fsm                                                                                 |   2|   0|    2|          0|
    |ap_CS_iter2_fsm                                                                                 |   2|   0|    2|          0|
    |ap_CS_iter3_fsm                                                                                 |   2|   0|    2|          0|
    |ap_CS_iter4_fsm                                                                                 |   2|   0|    2|          0|
    |ap_CS_iter5_fsm                                                                                 |   2|   0|    2|          0|
    |ap_done_reg                                                                                     |   1|   0|    1|          0|
    |ap_enable_reg_pp0_iter1                                                                         |   0|   0|    1|          1|
    |ap_enable_reg_pp0_iter2                                                                         |   0|   0|    1|          1|
    |ap_enable_reg_pp0_iter3                                                                         |   0|   0|    1|          1|
    |ap_loop_exit_ready_pp0_iter1_reg                                                                |   1|   0|    1|          0|
    |ap_loop_exit_ready_pp0_iter2_reg                                                                |   1|   0|    1|          0|
    |ap_loop_exit_ready_pp0_iter3_reg                                                                |   1|   0|    1|          0|
    |ap_loop_exit_ready_pp0_iter4_reg                                                                |   1|   0|    1|          0|
    |ap_loop_exit_ready_pp0_iter5_reg                                                                |   1|   0|    1|          0|
    |ap_phi_reg_pp0_iter1_out_im_30_reg_386                                                          |  16|   0|   16|          0|
    |ap_phi_reg_pp0_iter1_out_im_31_reg_377                                                          |  16|   0|   16|          0|
    |ap_phi_reg_pp0_iter1_out_im_32_reg_368                                                          |  16|   0|   16|          0|
    |ap_phi_reg_pp0_iter1_out_im_33_reg_359                                                          |  16|   0|   16|          0|
    |ap_phi_reg_pp0_iter1_out_re_30_reg_422                                                          |  16|   0|   16|          0|
    |ap_phi_reg_pp0_iter1_out_re_31_reg_413                                                          |  16|   0|   16|          0|
    |ap_phi_reg_pp0_iter1_out_re_32_reg_404                                                          |  16|   0|   16|          0|
    |ap_phi_reg_pp0_iter1_out_re_33_reg_395                                                          |  16|   0|   16|          0|
    |ap_phi_reg_pp0_iter2_out_im_30_reg_386                                                          |  16|   0|   16|          0|
    |ap_phi_reg_pp0_iter2_out_im_31_reg_377                                                          |  16|   0|   16|          0|
    |ap_phi_reg_pp0_iter2_out_im_32_reg_368                                                          |  16|   0|   16|          0|
    |ap_phi_reg_pp0_iter2_out_im_33_reg_359                                                          |  16|   0|   16|          0|
    |ap_phi_reg_pp0_iter2_out_re_30_reg_422                                                          |  16|   0|   16|          0|
    |ap_phi_reg_pp0_iter2_out_re_31_reg_413                                                          |  16|   0|   16|          0|
    |ap_phi_reg_pp0_iter2_out_re_32_reg_404                                                          |  16|   0|   16|          0|
    |ap_phi_reg_pp0_iter2_out_re_33_reg_395                                                          |  16|   0|   16|          0|
    |ap_phi_reg_pp0_iter3_out_im_30_reg_386                                                          |  16|   0|   16|          0|
    |ap_phi_reg_pp0_iter3_out_im_31_reg_377                                                          |  16|   0|   16|          0|
    |ap_phi_reg_pp0_iter3_out_im_32_reg_368                                                          |  16|   0|   16|          0|
    |ap_phi_reg_pp0_iter3_out_im_33_reg_359                                                          |  16|   0|   16|          0|
    |ap_phi_reg_pp0_iter3_out_re_30_reg_422                                                          |  16|   0|   16|          0|
    |ap_phi_reg_pp0_iter3_out_re_31_reg_413                                                          |  16|   0|   16|          0|
    |ap_phi_reg_pp0_iter3_out_re_32_reg_404                                                          |  16|   0|   16|          0|
    |ap_phi_reg_pp0_iter3_out_re_33_reg_395                                                          |  16|   0|   16|          0|
    |ap_phi_reg_pp0_iter4_out_im_30_reg_386                                                          |  16|   0|   16|          0|
    |ap_phi_reg_pp0_iter4_out_im_31_reg_377                                                          |  16|   0|   16|          0|
    |ap_phi_reg_pp0_iter4_out_im_32_reg_368                                                          |  16|   0|   16|          0|
    |ap_phi_reg_pp0_iter4_out_im_33_reg_359                                                          |  16|   0|   16|          0|
    |ap_phi_reg_pp0_iter4_out_re_30_reg_422                                                          |  16|   0|   16|          0|
    |ap_phi_reg_pp0_iter4_out_re_31_reg_413                                                          |  16|   0|   16|          0|
    |ap_phi_reg_pp0_iter4_out_re_32_reg_404                                                          |  16|   0|   16|          0|
    |ap_phi_reg_pp0_iter4_out_re_33_reg_395                                                          |  16|   0|   16|          0|
    |ap_phi_reg_pp0_iter5_out_im_30_reg_386                                                          |  16|   0|   16|          0|
    |ap_phi_reg_pp0_iter5_out_im_31_reg_377                                                          |  16|   0|   16|          0|
    |ap_phi_reg_pp0_iter5_out_im_32_reg_368                                                          |  16|   0|   16|          0|
    |ap_phi_reg_pp0_iter5_out_im_33_reg_359                                                          |  16|   0|   16|          0|
    |ap_phi_reg_pp0_iter5_out_re_30_reg_422                                                          |  16|   0|   16|          0|
    |ap_phi_reg_pp0_iter5_out_re_31_reg_413                                                          |  16|   0|   16|          0|
    |ap_phi_reg_pp0_iter5_out_re_32_reg_404                                                          |  16|   0|   16|          0|
    |ap_phi_reg_pp0_iter5_out_re_33_reg_395                                                          |  16|   0|   16|          0|
    |cyc_fu_132                                                                                      |   9|   0|    9|          0|
    |dl_im_10_reg_1913                                                                               |  16|   0|   16|          0|
    |dl_im_11_reg_1924                                                                               |  16|   0|   16|          0|
    |dl_im_12_reg_1935                                                                               |  16|   0|   16|          0|
    |dl_im_reg_1902                                                                                  |  16|   0|   16|          0|
    |dl_re_10_reg_1907                                                                               |  16|   0|   16|          0|
    |dl_re_11_reg_1918                                                                               |  16|   0|   16|          0|
    |dl_re_12_reg_1929                                                                               |  16|   0|   16|          0|
    |dl_re_reg_1896                                                                                  |  16|   0|   16|          0|
    |icmp_ln95_reg_1741                                                                              |   1|   0|    1|          0|
    |icmp_ln95_reg_1741_pp0_iter1_reg                                                                |   1|   0|    1|          0|
    |icmp_ln95_reg_1741_pp0_iter2_reg                                                                |   1|   0|    1|          0|
    |icmp_ln95_reg_1741_pp0_iter3_reg                                                                |   1|   0|    1|          0|
    |icmp_ln95_reg_1741_pp0_iter4_reg                                                                |   1|   0|    1|          0|
    |in_im_7_reg_1784                                                                                |  16|   0|   16|          0|
    |in_im_7_reg_1784_pp0_iter1_reg                                                                  |  16|   0|   16|          0|
    |in_im_7_reg_1784_pp0_iter2_reg                                                                  |  16|   0|   16|          0|
    |in_im_8_reg_1796                                                                                |  16|   0|   16|          0|
    |in_im_8_reg_1796_pp0_iter1_reg                                                                  |  16|   0|   16|          0|
    |in_im_8_reg_1796_pp0_iter2_reg                                                                  |  16|   0|   16|          0|
    |in_im_9_reg_1808                                                                                |  16|   0|   16|          0|
    |in_im_9_reg_1808_pp0_iter1_reg                                                                  |  16|   0|   16|          0|
    |in_im_9_reg_1808_pp0_iter2_reg                                                                  |  16|   0|   16|          0|
    |in_im_reg_1772                                                                                  |  16|   0|   16|          0|
    |in_im_reg_1772_pp0_iter1_reg                                                                    |  16|   0|   16|          0|
    |in_im_reg_1772_pp0_iter2_reg                                                                    |  16|   0|   16|          0|
    |in_re_7_reg_1778                                                                                |  16|   0|   16|          0|
    |in_re_7_reg_1778_pp0_iter1_reg                                                                  |  16|   0|   16|          0|
    |in_re_7_reg_1778_pp0_iter2_reg                                                                  |  16|   0|   16|          0|
    |in_re_8_reg_1790                                                                                |  16|   0|   16|          0|
    |in_re_8_reg_1790_pp0_iter1_reg                                                                  |  16|   0|   16|          0|
    |in_re_8_reg_1790_pp0_iter2_reg                                                                  |  16|   0|   16|          0|
    |in_re_9_reg_1802                                                                                |  16|   0|   16|          0|
    |in_re_9_reg_1802_pp0_iter1_reg                                                                  |  16|   0|   16|          0|
    |in_re_9_reg_1802_pp0_iter2_reg                                                                  |  16|   0|   16|          0|
    |in_re_reg_1766                                                                                  |  16|   0|   16|          0|
    |in_re_reg_1766_pp0_iter1_reg                                                                    |  16|   0|   16|          0|
    |in_re_reg_1766_pp0_iter2_reg                                                                    |  16|   0|   16|          0|
    |is_bfly_reg_1814                                                                                |   1|   0|    1|          0|
    |is_bfly_reg_1814_pp0_iter1_reg                                                                  |   1|   0|    1|          0|
    |is_bfly_reg_1814_pp0_iter2_reg                                                                  |   1|   0|    1|          0|
    |is_bfly_reg_1814_pp0_iter3_reg                                                                  |   1|   0|    1|          0|
    |is_bfly_reg_1814_pp0_iter4_reg                                                                  |   1|   0|    1|          0|
    |mul_ln63_11_reg_2037                                                                            |  31|   0|   31|          0|
    |mul_ln63_13_reg_2047                                                                            |  31|   0|   31|          0|
    |mul_ln63_9_reg_2027                                                                             |  31|   0|   31|          0|
    |mul_ln63_reg_2017                                                                               |  31|   0|   31|          0|
    |mul_ln64_11_reg_2032                                                                            |  31|   0|   31|          0|
    |mul_ln64_13_reg_2042                                                                            |  31|   0|   31|          0|
    |mul_ln64_9_reg_2022                                                                             |  31|   0|   31|          0|
    |mul_ln64_reg_2012                                                                               |  31|   0|   31|          0|
    |ptr_reg_1745                                                                                    |   2|   0|    2|          0|
    |ptr_reg_1745_pp0_iter1_reg                                                                      |   2|   0|    2|          0|
    |sext_ln63_15_reg_1946                                                                           |  31|   0|   31|          0|
    |sext_ln63_18_reg_1958                                                                           |  31|   0|   31|          0|
    |sext_ln63_19_reg_1964                                                                           |  31|   0|   31|          0|
    |sext_ln63_22_reg_1976                                                                           |  31|   0|   31|          0|
    |sext_ln63_23_reg_1982                                                                           |  31|   0|   31|          0|
    |sext_ln63_26_reg_1994                                                                           |  31|   0|   31|          0|
    |sext_ln63_27_reg_2000                                                                           |  31|   0|   31|          0|
    |sext_ln63_reg_1940                                                                              |  31|   0|   31|          0|
    |start_once_reg                                                                                  |   1|   0|    1|          0|
    |trunc_ln95_1_reg_1754                                                                           |   1|   0|    1|          0|
    |void_stage_fb_5_4_stream_mdf_word_t_0_stream_mdf_word_t_0_delay_im_addr_reg_1842                |   2|   0|    2|          0|
    |void_stage_fb_5_4_stream_mdf_word_t_0_stream_mdf_word_t_0_delay_im_addr_reg_1842_pp0_iter2_reg  |   2|   0|    2|          0|
    |void_stage_fb_5_4_stream_mdf_word_t_0_stream_mdf_word_t_0_delay_re_addr_reg_1818                |   2|   0|    2|          0|
    |void_stage_fb_5_4_stream_mdf_word_t_0_stream_mdf_word_t_0_delay_re_addr_reg_1818_pp0_iter2_reg  |   2|   0|    2|          0|
    |void_stage_fb_stream_mdf_word_t_0_stream_mdf_word_t_0_delay_im_17_addr_reg_1848                 |   2|   0|    2|          0|
    |void_stage_fb_stream_mdf_word_t_0_stream_mdf_word_t_0_delay_im_17_addr_reg_1848_pp0_iter2_reg   |   2|   0|    2|          0|
    |void_stage_fb_stream_mdf_word_t_0_stream_mdf_word_t_0_delay_im_18_addr_reg_1854                 |   2|   0|    2|          0|
    |void_stage_fb_stream_mdf_word_t_0_stream_mdf_word_t_0_delay_im_18_addr_reg_1854_pp0_iter2_reg   |   2|   0|    2|          0|
    |void_stage_fb_stream_mdf_word_t_0_stream_mdf_word_t_0_delay_im_19_addr_reg_1860                 |   2|   0|    2|          0|
    |void_stage_fb_stream_mdf_word_t_0_stream_mdf_word_t_0_delay_im_19_addr_reg_1860_pp0_iter2_reg   |   2|   0|    2|          0|
    |void_stage_fb_stream_mdf_word_t_0_stream_mdf_word_t_0_delay_re_14_addr_reg_1824                 |   2|   0|    2|          0|
    |void_stage_fb_stream_mdf_word_t_0_stream_mdf_word_t_0_delay_re_14_addr_reg_1824_pp0_iter2_reg   |   2|   0|    2|          0|
    |void_stage_fb_stream_mdf_word_t_0_stream_mdf_word_t_0_delay_re_15_addr_reg_1830                 |   2|   0|    2|          0|
    |void_stage_fb_stream_mdf_word_t_0_stream_mdf_word_t_0_delay_re_15_addr_reg_1830_pp0_iter2_reg   |   2|   0|    2|          0|
    |void_stage_fb_stream_mdf_word_t_0_stream_mdf_word_t_0_delay_re_16_addr_reg_1836                 |   2|   0|    2|          0|
    |void_stage_fb_stream_mdf_word_t_0_stream_mdf_word_t_0_delay_re_16_addr_reg_1836_pp0_iter2_reg   |   2|   0|    2|          0|
    |y_last_reg_1761                                                                                 |   1|   0|    1|          0|
    |y_last_reg_1761_pp0_iter1_reg                                                                   |   1|   0|    1|          0|
    |y_last_reg_1761_pp0_iter2_reg                                                                   |   1|   0|    1|          0|
    |y_last_reg_1761_pp0_iter3_reg                                                                   |   1|   0|    1|          0|
    |y_last_reg_1761_pp0_iter4_reg                                                                   |   1|   0|    1|          0|
    +------------------------------------------------------------------------------------------------+----+----+-----+-----------+
    |Total                                                                                           |1727|   0| 1730|          3|
    +------------------------------------------------------------------------------------------------+----+----+-----+-----------+



================================================================
== Interface
================================================================
* Summary: 
+-------------------+-----+-----+------------+------------------------------+--------------+
|     RTL Ports     | Dir | Bits|  Protocol  |         Source Object        |    C Type    |
+-------------------+-----+-----+------------+------------------------------+--------------+
|ap_clk             |   in|    1|  ap_ctrl_hs|  Loop_VITIS_LOOP_95_1_proc515|  return value|
|ap_rst             |   in|    1|  ap_ctrl_hs|  Loop_VITIS_LOOP_95_1_proc515|  return value|
|ap_start           |   in|    1|  ap_ctrl_hs|  Loop_VITIS_LOOP_95_1_proc515|  return value|
|start_full_n       |   in|    1|  ap_ctrl_hs|  Loop_VITIS_LOOP_95_1_proc515|  return value|
|ap_done            |  out|    1|  ap_ctrl_hs|  Loop_VITIS_LOOP_95_1_proc515|  return value|
|ap_continue        |   in|    1|  ap_ctrl_hs|  Loop_VITIS_LOOP_95_1_proc515|  return value|
|ap_idle            |  out|    1|  ap_ctrl_hs|  Loop_VITIS_LOOP_95_1_proc515|  return value|
|ap_ready           |  out|    1|  ap_ctrl_hs|  Loop_VITIS_LOOP_95_1_proc515|  return value|
|start_out          |  out|    1|  ap_ctrl_hs|  Loop_VITIS_LOOP_95_1_proc515|  return value|
|start_write        |  out|    1|  ap_ctrl_hs|  Loop_VITIS_LOOP_95_1_proc515|  return value|
|s4_dout            |   in|  129|     ap_fifo|                            s4|       pointer|
|s4_num_data_valid  |   in|   10|     ap_fifo|                            s4|       pointer|
|s4_fifo_cap        |   in|   10|     ap_fifo|                            s4|       pointer|
|s4_empty_n         |   in|    1|     ap_fifo|                            s4|       pointer|
|s4_read            |  out|    1|     ap_fifo|                            s4|       pointer|
|s5_din             |  out|  129|     ap_fifo|                            s5|       pointer|
|s5_num_data_valid  |   in|   10|     ap_fifo|                            s5|       pointer|
|s5_fifo_cap        |   in|   10|     ap_fifo|                            s5|       pointer|
|s5_full_n          |   in|    1|     ap_fifo|                            s5|       pointer|
|s5_write           |  out|    1|     ap_fifo|                            s5|       pointer|
+-------------------+-----+-----+------------+------------------------------+--------------+

