

================================================================
== Vitis HLS Report for 'Loop_VITIS_LOOP_95_1_proc717'
================================================================
* Date:           Tue Jun 30 20:58:02 2026

* Version:        2023.2 (Build 4023990 on Oct 11 2023)
* Project:        mdf_fft_hls
* Solution:       solution1 (Vivado IP Flow Target)
* Product family: artix7
* Target device:  xc7a200t-fbg676-2


================================================================
== Performance Estimates
================================================================
+ Timing: 
    * Summary: 
    +--------+----------+----------+------------+
    |  Clock |  Target  | Estimated| Uncertainty|
    +--------+----------+----------+------------+
    |ap_clk  |  10.00 ns|  6.480 ns|     2.70 ns|
    +--------+----------+----------+------------+

+ Latency: 
    * Summary: 
    +---------+---------+----------+----------+-----+-----+---------+
    |  Latency (cycles) |  Latency (absolute) |  Interval | Pipeline|
    |   min   |   max   |    min   |    max   | min | max |   Type  |
    +---------+---------+----------+----------+-----+-----+---------+
    |      261|      261|  2.610 us|  2.610 us|  261|  261|       no|
    +---------+---------+----------+----------+-----+-----+---------+

    + Detail: 
        * Instance: 
        N/A

        * Loop: 
        +-------------------+---------+---------+----------+-----------+-----------+------+----------+
        |                   |  Latency (cycles) | Iteration|  Initiation Interval  | Trip |          |
        |     Loop Name     |   min   |   max   |  Latency |  achieved |   target  | Count| Pipelined|
        +-------------------+---------+---------+----------+-----------+-----------+------+----------+
        |- VITIS_LOOP_95_1  |      259|      259|         5|          1|          1|   256|  yes(flp)|
        +-------------------+---------+---------+----------+-----------+-----------+------+----------+



================================================================
== Utilization Estimates
================================================================
* Summary: 
+-----------------+---------+-----+--------+--------+-----+
|       Name      | BRAM_18K| DSP |   FF   |   LUT  | URAM|
+-----------------+---------+-----+--------+--------+-----+
|DSP              |        -|    4|       -|       -|    -|
|Expression       |        -|    -|       0|    1201|    -|
|FIFO             |        -|    -|       -|       -|    -|
|Instance         |        -|    2|       0|      12|    -|
|Memory           |        -|    -|       -|       -|    -|
|Multiplexer      |        -|    -|       -|     331|    -|
|Register         |        -|    -|    1124|       -|    -|
+-----------------+---------+-----+--------+--------+-----+
|Total            |        0|    6|    1124|    1544|    0|
+-----------------+---------+-----+--------+--------+-----+
|Available        |      730|  740|  269200|  134600|    0|
+-----------------+---------+-----+--------+--------+-----+
|Utilization (%)  |        0|   ~0|      ~0|       1|    0|
+-----------------+---------+-----+--------+--------+-----+

+ Detail: 
    * Instance: 
    +--------------------------+---------------------+---------+----+---+----+-----+
    |         Instance         |        Module       | BRAM_18K| DSP| FF| LUT| URAM|
    +--------------------------+---------------------+---------+----+---+----+-----+
    |mul_16s_16ns_31_1_1_U157  |mul_16s_16ns_31_1_1  |        0|   1|  0|   6|    0|
    |mul_16s_16ns_31_1_1_U158  |mul_16s_16ns_31_1_1  |        0|   1|  0|   6|    0|
    +--------------------------+---------------------+---------+----+---+----+-----+
    |Total                     |                     |        0|   2|  0|  12|    0|
    +--------------------------+---------------------+---------+----+---+----+-----+

    * DSP: 
    +-------------------------------------+--------------------------------+----------------+
    |               Instance              |             Module             |   Expression   |
    +-------------------------------------+--------------------------------+----------------+
    |am_addmul_16s_16s_16s_31_4_1_U161    |am_addmul_16s_16s_16s_31_4_1    |  (i0 + i1) * i2|
    |am_submul_16s_16s_16s_31_4_1_U162    |am_submul_16s_16s_16s_31_4_1    |  (i0 - i1) * i2|
    |mac_muladd_16s_15ns_31s_31_4_1_U159  |mac_muladd_16s_15ns_31s_31_4_1  |    i0 + i1 * i2|
    |mac_muladd_16s_16s_31s_31_4_1_U160   |mac_muladd_16s_16s_31s_31_4_1   |    i0 + i1 * i2|
    +-------------------------------------+--------------------------------+----------------+

    * Memory: 
    N/A

    * FIFO: 
    N/A

    * Expression: 
    +----------------------------------+----------+----+---+----+------------+------------+
    |           Variable Name          | Operation| DSP| FF| LUT| Bitwidth P0| Bitwidth P1|
    +----------------------------------+----------+----+---+----+------------+------------+
    |add_ln53_10_fu_1148_p2            |         +|   0|  0|  24|          17|          17|
    |add_ln53_11_fu_1174_p2            |         +|   0|  0|  24|          17|          17|
    |add_ln53_12_fu_492_p2             |         +|   0|  0|  24|          17|          17|
    |add_ln53_13_fu_530_p2             |         +|   0|  0|  24|          17|          17|
    |add_ln53_14_fu_562_p2             |         +|   0|  0|  24|          17|          17|
    |add_ln53_15_fu_588_p2             |         +|   0|  0|  24|          17|          17|
    |add_ln53_1_fu_885_p2              |         +|   0|  0|  24|          17|          17|
    |add_ln53_2_fu_911_p2              |         +|   0|  0|  24|          17|          17|
    |add_ln53_3_fu_937_p2              |         +|   0|  0|  24|          17|          17|
    |add_ln53_4_fu_386_p2              |         +|   0|  0|  24|          17|          17|
    |add_ln53_5_fu_990_p2              |         +|   0|  0|  24|          17|          17|
    |add_ln53_6_fu_412_p2              |         +|   0|  0|  24|          17|          17|
    |add_ln53_7_fu_1016_p2             |         +|   0|  0|  24|          17|          17|
    |add_ln53_8_fu_1096_p2             |         +|   0|  0|  24|          17|          17|
    |add_ln53_9_fu_1122_p2             |         +|   0|  0|  24|          17|          17|
    |add_ln53_fu_859_p2                |         +|   0|  0|  24|          17|          17|
    |cyc_2_fu_213_p2                   |         +|   0|  0|  16|           9|           1|
    |pr_fu_646_p2                      |         +|   0|  0|  31|          31|          31|
    |sum_im_1_fu_970_p2                |         +|   0|  0|  24|          17|          17|
    |sum_im_2_fu_1076_p2               |         +|   0|  0|  24|          17|          17|
    |sum_im_3_fu_472_p2                |         +|   0|  0|  24|          17|          17|
    |sum_im_fu_839_p2                  |         +|   0|  0|  24|          17|          17|
    |sum_re_1_fu_366_p2                |         +|   0|  0|  24|          17|          17|
    |sum_re_2_fu_1049_p2               |         +|   0|  0|  24|          17|          17|
    |sum_re_3_fu_445_p2                |         +|   0|  0|  24|          17|          17|
    |sum_re_fu_812_p2                  |         +|   0|  0|  24|          17|          17|
    |diff_im_1_fu_960_p2               |         -|   0|  0|  24|          17|          17|
    |diff_im_2_fu_1066_p2              |         -|   0|  0|  24|          17|          17|
    |diff_im_3_fu_462_p2               |         -|   0|  0|  24|          17|          17|
    |diff_im_fu_829_p2                 |         -|   0|  0|  24|          17|          17|
    |diff_re_1_fu_356_p2               |         -|   0|  0|  24|          17|          17|
    |diff_re_2_fu_1039_p2              |         -|   0|  0|  24|          17|          17|
    |diff_re_3_fu_435_p2               |         -|   0|  0|  24|          17|          17|
    |diff_re_fu_802_p2                 |         -|   0|  0|  24|          17|          17|
    |pi_2_fu_744_p2                    |         -|   0|  0|  31|          31|          31|
    |pi_fu_666_p2                      |         -|   0|  0|  31|          31|          31|
    |pr_2_fu_724_p2                    |         -|   0|  0|  38|          31|          31|
    |sub_ln63_1_fu_640_p2              |         -|   0|  0|  31|          31|          31|
    |sub_ln64_2_fu_738_p2              |         -|   0|  0|  31|           1|          31|
    |sub_ln64_fu_660_p2                |         -|   0|  0|  31|          31|          31|
    |ap_block_state3_pp0_stage0_iter2  |       and|   0|  0|   2|           1|           1|
    |ap_block_state4_pp0_stage0_iter3  |       and|   0|  0|   2|           1|           1|
    |ap_block_state5_pp0_stage0_iter4  |       and|   0|  0|   2|           1|           1|
    |ap_condition_1164                 |       and|   0|  0|   2|           1|           1|
    |ap_condition_1167                 |       and|   0|  0|   2|           1|           1|
    |ap_condition_134                  |       and|   0|  0|   2|           1|           1|
    |ap_condition_196                  |       and|   0|  0|   2|           1|           1|
    |icmp_ln53_10_fu_1138_p2           |      icmp|   0|  0|  10|           2|           2|
    |icmp_ln53_11_fu_1164_p2           |      icmp|   0|  0|  10|           2|           2|
    |icmp_ln53_12_fu_482_p2            |      icmp|   0|  0|  10|           2|           2|
    |icmp_ln53_13_fu_520_p2            |      icmp|   0|  0|  10|           2|           2|
    |icmp_ln53_14_fu_552_p2            |      icmp|   0|  0|  10|           2|           2|
    |icmp_ln53_15_fu_578_p2            |      icmp|   0|  0|  10|           2|           2|
    |icmp_ln53_1_fu_875_p2             |      icmp|   0|  0|  10|           2|           2|
    |icmp_ln53_2_fu_901_p2             |      icmp|   0|  0|  10|           2|           2|
    |icmp_ln53_3_fu_927_p2             |      icmp|   0|  0|  10|           2|           2|
    |icmp_ln53_4_fu_376_p2             |      icmp|   0|  0|  10|           2|           2|
    |icmp_ln53_5_fu_980_p2             |      icmp|   0|  0|  10|           2|           2|
    |icmp_ln53_6_fu_402_p2             |      icmp|   0|  0|  10|           2|           2|
    |icmp_ln53_7_fu_1006_p2            |      icmp|   0|  0|  10|           2|           2|
    |icmp_ln53_8_fu_1086_p2            |      icmp|   0|  0|  10|           2|           2|
    |icmp_ln53_9_fu_1112_p2            |      icmp|   0|  0|  10|           2|           2|
    |icmp_ln53_fu_849_p2               |      icmp|   0|  0|  10|           2|           2|
    |icmp_ln95_fu_207_p2               |      icmp|   0|  0|  17|           9|          10|
    |ap_block_state1_pp0_stage0_iter0  |        or|   0|  0|   2|           1|           1|
    +----------------------------------+----------+----+---+----+------------+------------+
    |Total                             |          |   0|  0|1201|         789|         812|
    +----------------------------------+----------+----+---+----+------------+------------+

    * Multiplexer: 
    +------------------------------------------------------------------------+----+-----------+-----+-----------+
    |                                  Name                                  | LUT| Input Size| Bits| Total Bits|
    +------------------------------------------------------------------------+----+-----------+-----+-----------+
    |ap_NS_iter1_fsm                                                         |  13|          3|    2|          6|
    |ap_NS_iter2_fsm                                                         |  13|          3|    2|          6|
    |ap_NS_iter3_fsm                                                         |  13|          3|    2|          6|
    |ap_NS_iter4_fsm                                                         |  13|          3|    2|          6|
    |ap_done_int                                                             |   9|          2|    1|          2|
    |ap_loop_exit_ready_pp0_iter4_reg                                        |   9|          2|    1|          2|
    |ap_phi_mux_out_im_10_phi_fu_139_p4                                      |   9|          2|   16|         32|
    |ap_phi_mux_out_im_11_phi_fu_130_p4                                      |   9|          2|   16|         32|
    |ap_phi_mux_out_im_8_phi_fu_157_p4                                       |   9|          2|   16|         32|
    |ap_phi_mux_out_im_9_phi_fu_148_p4                                       |   9|          2|   16|         32|
    |ap_phi_mux_out_re_10_phi_fu_175_p4                                      |   9|          2|   16|         32|
    |ap_phi_mux_out_re_11_phi_fu_166_p4                                      |   9|          2|   16|         32|
    |ap_phi_mux_out_re_8_phi_fu_193_p4                                       |   9|          2|   16|         32|
    |ap_phi_mux_out_re_9_phi_fu_184_p4                                       |   9|          2|   16|         32|
    |ap_phi_reg_pp0_iter4_out_im_10_reg_136                                  |   9|          2|   16|         32|
    |ap_phi_reg_pp0_iter4_out_im_11_reg_127                                  |   9|          2|   16|         32|
    |ap_phi_reg_pp0_iter4_out_im_8_reg_154                                   |   9|          2|   16|         32|
    |ap_phi_reg_pp0_iter4_out_im_9_reg_145                                   |   9|          2|   16|         32|
    |ap_phi_reg_pp0_iter4_out_re_10_reg_172                                  |   9|          2|   16|         32|
    |ap_phi_reg_pp0_iter4_out_re_11_reg_163                                  |   9|          2|   16|         32|
    |ap_phi_reg_pp0_iter4_out_re_8_reg_190                                   |   9|          2|   16|         32|
    |ap_phi_reg_pp0_iter4_out_re_9_reg_181                                   |   9|          2|   16|         32|
    |ap_sig_allocacmp_cyc_1                                                  |   9|          2|    9|         18|
    |cyc_fu_110                                                              |   9|          2|    9|         18|
    |real_start                                                              |   9|          2|    1|          2|
    |s6_blk_n                                                                |   9|          2|    1|          2|
    |s7_blk_n                                                                |   9|          2|    1|          2|
    |void_stage_fb_7_1_stream_mdf_word_t_0_stream_mdf_word_t_0_delay_im_0    |   9|          2|   16|         32|
    |void_stage_fb_7_1_stream_mdf_word_t_0_stream_mdf_word_t_0_delay_im_5_0  |   9|          2|   16|         32|
    |void_stage_fb_7_1_stream_mdf_word_t_0_stream_mdf_word_t_0_delay_im_6_0  |   9|          2|   16|         32|
    |void_stage_fb_7_1_stream_mdf_word_t_0_stream_mdf_word_t_0_delay_im_7_0  |   9|          2|   16|         32|
    |void_stage_fb_7_1_stream_mdf_word_t_0_stream_mdf_word_t_0_delay_re_0    |   9|          2|   16|         32|
    |void_stage_fb_7_1_stream_mdf_word_t_0_stream_mdf_word_t_0_delay_re_2_0  |   9|          2|   16|         32|
    |void_stage_fb_7_1_stream_mdf_word_t_0_stream_mdf_word_t_0_delay_re_3_0  |   9|          2|   16|         32|
    |void_stage_fb_7_1_stream_mdf_word_t_0_stream_mdf_word_t_0_delay_re_4_0  |   9|          2|   16|         32|
    +------------------------------------------------------------------------+----+-----------+-----+-----------+
    |Total                                                                   | 331|         74|  415|        838|
    +------------------------------------------------------------------------+----+-----------+-----+-----------+

    * Register: 
    +------------------------------------------------------------------------+----+----+-----+-----------+
    |                                  Name                                  | FF | LUT| Bits| Const Bits|
    +------------------------------------------------------------------------+----+----+-----+-----------+
    |ap_CS_iter0_fsm                                                         |   1|   0|    1|          0|
    |ap_CS_iter1_fsm                                                         |   2|   0|    2|          0|
    |ap_CS_iter2_fsm                                                         |   2|   0|    2|          0|
    |ap_CS_iter3_fsm                                                         |   2|   0|    2|          0|
    |ap_CS_iter4_fsm                                                         |   2|   0|    2|          0|
    |ap_done_reg                                                             |   1|   0|    1|          0|
    |ap_loop_exit_ready_pp0_iter1_reg                                        |   1|   0|    1|          0|
    |ap_loop_exit_ready_pp0_iter2_reg                                        |   1|   0|    1|          0|
    |ap_loop_exit_ready_pp0_iter3_reg                                        |   1|   0|    1|          0|
    |ap_loop_exit_ready_pp0_iter4_reg                                        |   1|   0|    1|          0|
    |ap_phi_reg_pp0_iter1_out_im_10_reg_136                                  |  16|   0|   16|          0|
    |ap_phi_reg_pp0_iter1_out_im_11_reg_127                                  |  16|   0|   16|          0|
    |ap_phi_reg_pp0_iter1_out_im_8_reg_154                                   |  16|   0|   16|          0|
    |ap_phi_reg_pp0_iter1_out_im_9_reg_145                                   |  16|   0|   16|          0|
    |ap_phi_reg_pp0_iter1_out_re_10_reg_172                                  |  16|   0|   16|          0|
    |ap_phi_reg_pp0_iter1_out_re_11_reg_163                                  |  16|   0|   16|          0|
    |ap_phi_reg_pp0_iter1_out_re_8_reg_190                                   |  16|   0|   16|          0|
    |ap_phi_reg_pp0_iter1_out_re_9_reg_181                                   |  16|   0|   16|          0|
    |ap_phi_reg_pp0_iter2_out_im_10_reg_136                                  |  16|   0|   16|          0|
    |ap_phi_reg_pp0_iter2_out_im_11_reg_127                                  |  16|   0|   16|          0|
    |ap_phi_reg_pp0_iter2_out_im_8_reg_154                                   |  16|   0|   16|          0|
    |ap_phi_reg_pp0_iter2_out_im_9_reg_145                                   |  16|   0|   16|          0|
    |ap_phi_reg_pp0_iter2_out_re_10_reg_172                                  |  16|   0|   16|          0|
    |ap_phi_reg_pp0_iter2_out_re_11_reg_163                                  |  16|   0|   16|          0|
    |ap_phi_reg_pp0_iter2_out_re_8_reg_190                                   |  16|   0|   16|          0|
    |ap_phi_reg_pp0_iter2_out_re_9_reg_181                                   |  16|   0|   16|          0|
    |ap_phi_reg_pp0_iter3_out_im_10_reg_136                                  |  16|   0|   16|          0|
    |ap_phi_reg_pp0_iter3_out_im_11_reg_127                                  |  16|   0|   16|          0|
    |ap_phi_reg_pp0_iter3_out_im_8_reg_154                                   |  16|   0|   16|          0|
    |ap_phi_reg_pp0_iter3_out_im_9_reg_145                                   |  16|   0|   16|          0|
    |ap_phi_reg_pp0_iter3_out_re_10_reg_172                                  |  16|   0|   16|          0|
    |ap_phi_reg_pp0_iter3_out_re_11_reg_163                                  |  16|   0|   16|          0|
    |ap_phi_reg_pp0_iter3_out_re_8_reg_190                                   |  16|   0|   16|          0|
    |ap_phi_reg_pp0_iter3_out_re_9_reg_181                                   |  16|   0|   16|          0|
    |ap_phi_reg_pp0_iter4_out_im_10_reg_136                                  |  16|   0|   16|          0|
    |ap_phi_reg_pp0_iter4_out_im_11_reg_127                                  |  16|   0|   16|          0|
    |ap_phi_reg_pp0_iter4_out_im_8_reg_154                                   |  16|   0|   16|          0|
    |ap_phi_reg_pp0_iter4_out_im_9_reg_145                                   |  16|   0|   16|          0|
    |ap_phi_reg_pp0_iter4_out_re_10_reg_172                                  |  16|   0|   16|          0|
    |ap_phi_reg_pp0_iter4_out_re_11_reg_163                                  |  16|   0|   16|          0|
    |ap_phi_reg_pp0_iter4_out_re_8_reg_190                                   |  16|   0|   16|          0|
    |ap_phi_reg_pp0_iter4_out_re_9_reg_181                                   |  16|   0|   16|          0|
    |cyc_fu_110                                                              |   9|   0|    9|          0|
    |icmp_ln95_reg_1325                                                      |   1|   0|    1|          0|
    |icmp_ln95_reg_1325_pp0_iter1_reg                                        |   1|   0|    1|          0|
    |icmp_ln95_reg_1325_pp0_iter2_reg                                        |   1|   0|    1|          0|
    |icmp_ln95_reg_1325_pp0_iter3_reg                                        |   1|   0|    1|          0|
    |in_im_1_reg_1356                                                        |  16|   0|   16|          0|
    |in_im_1_reg_1356_pp0_iter1_reg                                          |  16|   0|   16|          0|
    |in_im_1_reg_1356_pp0_iter2_reg                                          |  16|   0|   16|          0|
    |in_im_2_reg_1368                                                        |  16|   0|   16|          0|
    |in_im_2_reg_1368_pp0_iter1_reg                                          |  16|   0|   16|          0|
    |in_im_2_reg_1368_pp0_iter2_reg                                          |  16|   0|   16|          0|
    |in_im_3_reg_1380                                                        |  16|   0|   16|          0|
    |in_im_reg_1344                                                          |  16|   0|   16|          0|
    |in_im_reg_1344_pp0_iter1_reg                                            |  16|   0|   16|          0|
    |in_im_reg_1344_pp0_iter2_reg                                            |  16|   0|   16|          0|
    |in_re_1_reg_1350                                                        |  16|   0|   16|          0|
    |in_re_2_reg_1362                                                        |  16|   0|   16|          0|
    |in_re_2_reg_1362_pp0_iter1_reg                                          |  16|   0|   16|          0|
    |in_re_2_reg_1362_pp0_iter2_reg                                          |  16|   0|   16|          0|
    |in_re_3_reg_1374                                                        |  16|   0|   16|          0|
    |in_re_reg_1338                                                          |  16|   0|   16|          0|
    |in_re_reg_1338_pp0_iter1_reg                                            |  16|   0|   16|          0|
    |in_re_reg_1338_pp0_iter2_reg                                            |  16|   0|   16|          0|
    |out_im_3_reg_1402                                                       |  16|   0|   16|          0|
    |out_im_3_reg_1402_pp0_iter2_reg                                         |  16|   0|   16|          0|
    |out_im_4_reg_1412                                                       |  16|   0|   16|          0|
    |out_im_6_reg_1432                                                       |  16|   0|   16|          0|
    |out_re_1_reg_1392                                                       |  16|   0|   16|          0|
    |out_re_1_reg_1392_pp0_iter2_reg                                         |  16|   0|   16|          0|
    |out_re_3_reg_1397                                                       |  16|   0|   16|          0|
    |out_re_3_reg_1397_pp0_iter2_reg                                         |  16|   0|   16|          0|
    |out_re_4_reg_1407                                                       |  16|   0|   16|          0|
    |out_re_6_reg_1427                                                       |  16|   0|   16|          0|
    |start_once_reg                                                          |   1|   0|    1|          0|
    |trunc_ln95_reg_1329                                                     |   1|   0|    1|          0|
    |trunc_ln95_reg_1329_pp0_iter1_reg                                       |   1|   0|    1|          0|
    |trunc_ln95_reg_1329_pp0_iter2_reg                                       |   1|   0|    1|          0|
    |trunc_ln95_reg_1329_pp0_iter3_reg                                       |   1|   0|    1|          0|
    |void_stage_fb_7_1_stream_mdf_word_t_0_stream_mdf_word_t_0_delay_im_0    |  16|   0|   16|          0|
    |void_stage_fb_7_1_stream_mdf_word_t_0_stream_mdf_word_t_0_delay_im_5_0  |  16|   0|   16|          0|
    |void_stage_fb_7_1_stream_mdf_word_t_0_stream_mdf_word_t_0_delay_im_6_0  |  16|   0|   16|          0|
    |void_stage_fb_7_1_stream_mdf_word_t_0_stream_mdf_word_t_0_delay_im_7_0  |  16|   0|   16|          0|
    |void_stage_fb_7_1_stream_mdf_word_t_0_stream_mdf_word_t_0_delay_re_0    |  16|   0|   16|          0|
    |void_stage_fb_7_1_stream_mdf_word_t_0_stream_mdf_word_t_0_delay_re_2_0  |  16|   0|   16|          0|
    |void_stage_fb_7_1_stream_mdf_word_t_0_stream_mdf_word_t_0_delay_re_3_0  |  16|   0|   16|          0|
    |void_stage_fb_7_1_stream_mdf_word_t_0_stream_mdf_word_t_0_delay_re_4_0  |  16|   0|   16|          0|
    |y_last_reg_1333                                                         |   1|   0|    1|          0|
    |y_last_reg_1333_pp0_iter1_reg                                           |   1|   0|    1|          0|
    |y_last_reg_1333_pp0_iter2_reg                                           |   1|   0|    1|          0|
    |y_last_reg_1333_pp0_iter3_reg                                           |   1|   0|    1|          0|
    +------------------------------------------------------------------------+----+----+-----+-----------+
    |Total                                                                   |1124|   0| 1124|          0|
    +------------------------------------------------------------------------+----+----+-----+-----------+



================================================================
== Interface
================================================================
* Summary: 
+-------------------+-----+-----+------------+------------------------------+--------------+
|     RTL Ports     | Dir | Bits|  Protocol  |         Source Object        |    C Type    |
+-------------------+-----+-----+------------+------------------------------+--------------+
|ap_clk             |   in|    1|  ap_ctrl_hs|  Loop_VITIS_LOOP_95_1_proc717|  return value|
|ap_rst             |   in|    1|  ap_ctrl_hs|  Loop_VITIS_LOOP_95_1_proc717|  return value|
|ap_start           |   in|    1|  ap_ctrl_hs|  Loop_VITIS_LOOP_95_1_proc717|  return value|
|start_full_n       |   in|    1|  ap_ctrl_hs|  Loop_VITIS_LOOP_95_1_proc717|  return value|
|ap_done            |  out|    1|  ap_ctrl_hs|  Loop_VITIS_LOOP_95_1_proc717|  return value|
|ap_continue        |   in|    1|  ap_ctrl_hs|  Loop_VITIS_LOOP_95_1_proc717|  return value|
|ap_idle            |  out|    1|  ap_ctrl_hs|  Loop_VITIS_LOOP_95_1_proc717|  return value|
|ap_ready           |  out|    1|  ap_ctrl_hs|  Loop_VITIS_LOOP_95_1_proc717|  return value|
|start_out          |  out|    1|  ap_ctrl_hs|  Loop_VITIS_LOOP_95_1_proc717|  return value|
|start_write        |  out|    1|  ap_ctrl_hs|  Loop_VITIS_LOOP_95_1_proc717|  return value|
|s6_dout            |   in|  129|     ap_fifo|                            s6|       pointer|
|s6_num_data_valid  |   in|   10|     ap_fifo|                            s6|       pointer|
|s6_fifo_cap        |   in|   10|     ap_fifo|                            s6|       pointer|
|s6_empty_n         |   in|    1|     ap_fifo|                            s6|       pointer|
|s6_read            |  out|    1|     ap_fifo|                            s6|       pointer|
|s7_din             |  out|  129|     ap_fifo|                            s7|       pointer|
|s7_num_data_valid  |   in|   10|     ap_fifo|                            s7|       pointer|
|s7_fifo_cap        |   in|   10|     ap_fifo|                            s7|       pointer|
|s7_full_n          |   in|    1|     ap_fifo|                            s7|       pointer|
|s7_write           |  out|    1|     ap_fifo|                            s7|       pointer|
+-------------------+-----+-----+------------+------------------------------+--------------+

