

================================================================
== Vitis HLS Report for 'word_to_axis'
================================================================
* Date:           Tue Jun 30 20:58:04 2026

* Version:        2023.2 (Build 4023990 on Oct 11 2023)
* Project:        mdf_fft_hls
* Solution:       solution1 (Vivado IP Flow Target)
* Product family: artix7
* Target device:  xc7a200t-fbg676-2


================================================================
== Performance Estimates
================================================================
+ Timing: 
    * Summary: 
    +--------+----------+----------+------------+
    |  Clock |  Target  | Estimated| Uncertainty|
    +--------+----------+----------+------------+
    |ap_clk  |  10.00 ns|  4.396 ns|     2.70 ns|
    +--------+----------+----------+------------+

+ Latency: 
    * Summary: 
    +---------+---------+----------+----------+-----+-----+---------+
    |  Latency (cycles) |  Latency (absolute) |  Interval | Pipeline|
    |   min   |   max   |    min   |    max   | min | max |   Type  |
    +---------+---------+----------+----------+-----+-----+---------+
    |      259|      259|  2.590 us|  2.590 us|  259|  259|       no|
    +---------+---------+----------+----------+-----+-----+---------+

    + Detail: 
        * Instance: 
        N/A

        * Loop: 
        +--------------------+---------+---------+----------+-----------+-----------+------+----------+
        |                    |  Latency (cycles) | Iteration|  Initiation Interval  | Trip |          |
        |      Loop Name     |   min   |   max   |  Latency |  achieved |   target  | Count| Pipelined|
        +--------------------+---------+---------+----------+-----------+-----------+------+----------+
        |- VITIS_LOOP_313_1  |      257|      257|         3|          1|          1|   256|  yes(flp)|
        +--------------------+---------+---------+----------+-----------+-----------+------+----------+



================================================================
== Utilization Estimates
================================================================
* Summary: 
+-----------------+---------+-----+--------+--------+-----+
|       Name      | BRAM_18K| DSP |   FF   |   LUT  | URAM|
+-----------------+---------+-----+--------+--------+-----+
|DSP              |        -|    -|       -|       -|    -|
|Expression       |        -|    -|       0|      45|    -|
|FIFO             |        -|    -|       -|       -|    -|
|Instance         |        -|    -|       -|       -|    -|
|Memory           |        -|    -|       -|       -|    -|
|Multiplexer      |        -|    -|       -|      80|    -|
|Register         |        -|    -|      19|       -|    -|
+-----------------+---------+-----+--------+--------+-----+
|Total            |        0|    0|      19|     125|    0|
+-----------------+---------+-----+--------+--------+-----+
|Available        |      730|  740|  269200|  134600|    0|
+-----------------+---------+-----+--------+--------+-----+
|Utilization (%)  |        0|    0|      ~0|      ~0|    0|
+-----------------+---------+-----+--------+--------+-----+

+ Detail: 
    * Instance: 
    N/A

    * DSP: 
    N/A

    * Memory: 
    N/A

    * FIFO: 
    N/A

    * Expression: 
    +----------------------------------+----------+----+---+----+------------+------------+
    |           Variable Name          | Operation| DSP| FF| LUT| Bitwidth P0| Bitwidth P1|
    +----------------------------------+----------+----+---+----+------------+------------+
    |i_2_fu_118_p2                     |         +|   0|  0|  16|           9|           1|
    |ap_block_state2_io                |       and|   0|  0|   2|           1|           1|
    |ap_block_state3_io                |       and|   0|  0|   2|           1|           1|
    |ap_condition_94                   |       and|   0|  0|   2|           1|           1|
    |icmp_ln313_fu_112_p2              |      icmp|   0|  0|  17|           9|          10|
    |ap_block_state1_pp0_stage0_iter0  |        or|   0|  0|   2|           1|           1|
    |ap_block_state2_pp0_stage0_iter1  |        or|   0|  0|   2|           1|           1|
    |ap_block_state3_pp0_stage0_iter2  |        or|   0|  0|   2|           1|           1|
    +----------------------------------+----------+----+---+----+------------+------------+
    |Total                             |          |   0|  0|  45|          24|          17|
    +----------------------------------+----------+----+---+----+------------+------------+

    * Multiplexer: 
    +----------------------------------+----+-----------+-----+-----------+
    |               Name               | LUT| Input Size| Bits| Total Bits|
    +----------------------------------+----+-----------+-----+-----------+
    |ap_NS_iter1_fsm                   |  13|          3|    2|          6|
    |ap_NS_iter2_fsm                   |  13|          3|    2|          6|
    |ap_done_int                       |   9|          2|    1|          2|
    |ap_loop_exit_ready_pp0_iter2_reg  |   9|          2|    1|          2|
    |ap_sig_allocacmp_i_1              |   9|          2|    9|         18|
    |i_fu_64                           |   9|          2|    9|         18|
    |s_out_TDATA_blk_n                 |   9|          2|    1|          2|
    |w_out_blk_n                       |   9|          2|    1|          2|
    +----------------------------------+----+-----------+-----+-----------+
    |Total                             |  80|         18|   26|         56|
    +----------------------------------+----+-----------+-----+-----------+

    * Register: 
    +----------------------------------+---+----+-----+-----------+
    |               Name               | FF| LUT| Bits| Const Bits|
    +----------------------------------+---+----+-----+-----------+
    |ap_CS_iter0_fsm                   |  1|   0|    1|          0|
    |ap_CS_iter1_fsm                   |  2|   0|    2|          0|
    |ap_CS_iter2_fsm                   |  2|   0|    2|          0|
    |ap_done_reg                       |  1|   0|    1|          0|
    |ap_loop_exit_ready_pp0_iter1_reg  |  1|   0|    1|          0|
    |ap_loop_exit_ready_pp0_iter2_reg  |  1|   0|    1|          0|
    |i_fu_64                           |  9|   0|    9|          0|
    |icmp_ln313_reg_150                |  1|   0|    1|          0|
    |icmp_ln313_reg_150_pp0_iter1_reg  |  1|   0|    1|          0|
    +----------------------------------+---+----+-----+-----------+
    |Total                             | 19|   0|   19|          0|
    +----------------------------------+---+----+-----+-----------+



================================================================
== Interface
================================================================
* Summary: 
+----------------------+-----+-----+------------+----------------+--------------+
|       RTL Ports      | Dir | Bits|  Protocol  |  Source Object |    C Type    |
+----------------------+-----+-----+------------+----------------+--------------+
|ap_clk                |   in|    1|  ap_ctrl_hs|    word_to_axis|  return value|
|ap_rst                |   in|    1|  ap_ctrl_hs|    word_to_axis|  return value|
|ap_start              |   in|    1|  ap_ctrl_hs|    word_to_axis|  return value|
|ap_done               |  out|    1|  ap_ctrl_hs|    word_to_axis|  return value|
|ap_continue           |   in|    1|  ap_ctrl_hs|    word_to_axis|  return value|
|ap_idle               |  out|    1|  ap_ctrl_hs|    word_to_axis|  return value|
|ap_ready              |  out|    1|  ap_ctrl_hs|    word_to_axis|  return value|
|w_out_dout            |   in|  129|     ap_fifo|           w_out|       pointer|
|w_out_num_data_valid  |   in|   10|     ap_fifo|           w_out|       pointer|
|w_out_fifo_cap        |   in|   10|     ap_fifo|           w_out|       pointer|
|w_out_empty_n         |   in|    1|     ap_fifo|           w_out|       pointer|
|w_out_read            |  out|    1|     ap_fifo|           w_out|       pointer|
|s_out_TREADY          |   in|    1|        axis|  s_out_V_dest_V|       pointer|
|s_out_TVALID          |  out|    1|        axis|  s_out_V_dest_V|       pointer|
|s_out_TDEST           |  out|    1|        axis|  s_out_V_dest_V|       pointer|
|s_out_TDATA           |  out|  128|        axis|  s_out_V_data_V|       pointer|
|s_out_TKEEP           |  out|   16|        axis|  s_out_V_keep_V|       pointer|
|s_out_TSTRB           |  out|   16|        axis|  s_out_V_strb_V|       pointer|
|s_out_TUSER           |  out|    1|        axis|  s_out_V_user_V|       pointer|
|s_out_TLAST           |  out|    1|        axis|  s_out_V_last_V|       pointer|
|s_out_TID             |  out|    1|        axis|    s_out_V_id_V|       pointer|
+----------------------+-----+-----+------------+----------------+--------------+

