================================================================
== Vivado Place & Route Results
================================================================
+ General Information:
    * Date:            Tue Jun 30 21:06:05 +0300 2026
    * Version:         2023.2 (Build 4023990 on Oct 11 2023)
    * Project:         mdf_fft_hls
    * Solution:        solution1 (Vivado IP Flow Target)
    * Product family:  artix7
    * Target device:   xc7a200t-fbg676-2


================================================================
== Run Constraints & Options
================================================================
+ Design Constraints & Options:
    * Place & Route target clock:  10 ns
    * C-Synthesis target clock:    10 ns
    * C-Synthesis uncertainty:     27%

+ RTL Synthesis Options:
    * config_export -vivado_synth_strategy:     default
    * config_export -vivado_synth_design_args:  -directive sdx_optimization_effort_high

+ Place & Route Options:
    * config_export -vivado_impl_strategy:  default
    * config_export -vivado_phys_opt:       none

+ Reporting Options:
    * config_export -vivado_report_level:      2
    * config_export -vivado_max_timing_paths:  10


================================================================
== Place & Route Resource Summary
================================================================
LUT:              5477
FF:               7348
DSP:              114
BRAM:             144
URAM:             0
SRL:              0


================================================================
== Place & Route Timing Summary
================================================================
* Timing was met
+----------------+-------------+
| Timing         | Period (ns) |
+----------------+-------------+
| Target         | 10.000      |
| Post-Synthesis | 5.666       |
| Post-Route     | 6.847       |
+----------------+-------------+


================================================================
== Place & Route Resources
================================================================
+--------------------------------------------------------------------------------------------------+------+------+-----+------+------+-----+--------+------+---------+----------+--------+
| Name                                                                                             | LUT  | FF   | DSP | BRAM | URAM | SRL | Pragma | Impl | Latency | Variable | Source |
+--------------------------------------------------------------------------------------------------+------+------+-----+------+------+-----+--------+------+---------+----------+--------+
| inst                                                                                             | 5477 | 7348 | 114 | 144  |      |     |        |      |         |          |        |
|   (inst)                                                                                         |      | 3    |     | 2    |      |     |        |      |         |          |        |
|   Block_ZL8stage_nfILi1EEvRN3hls6streamI10mdf_word_tLi0EEES4_exit_proc20_U0                      | 35   | 50   |     |      |      |     |        |      |         |          |        |
|     (Block_ZL8stage_nfILi1EEvRN3hls6streamI10mdf_word_tLi0EEES4_exit_proc20_U0)                  | 1    | 6    |     |      |      |     |        |      |         |          |        |
|     grp_Block_ZL8stage_nfILi1EEvRN3hls6streamI10mdf_word_tLi0EEES4_exit_proc20_Pipelin_fu_26     | 34   | 44   |     |      |      |     |        |      |         |          |        |
|       (grp_Block_ZL8stage_nfILi1EEvRN3hls6streamI10mdf_word_tLi0EEES4_exit_proc20_Pipelin_fu_26) | 15   | 42   |     |      |      |     |        |      |         |          |        |
|       flow_control_loop_pipe_sequential_init_U                                                   | 19   | 2    |     |      |      |     |        |      |         |          |        |
|   Loop_VITIS_LOOP_168_1_proc18_U0                                                                | 39   | 160  |     |      |      |     |        |      |         |          |        |
|     (Loop_VITIS_LOOP_168_1_proc18_U0)                                                            | 25   | 159  |     |      |      |     |        |      |         |          |        |
|     flow_control_loop_pipe_U                                                                     | 15   | 1    |     |      |      |     |        |      |         |          |        |
|   Loop_VITIS_LOOP_168_1_proc819_U0                                                               | 39   | 160  |     |      |      |     |        |      |         |          |        |
|     (Loop_VITIS_LOOP_168_1_proc819_U0)                                                           | 25   | 159  |     |      |      |     |        |      |         |          |        |
|     flow_control_loop_pipe_U                                                                     | 15   | 1    |     |      |      |     |        |      |         |          |        |
|   Loop_VITIS_LOOP_95_1_proc10_U0                                                                 | 529  | 738  | 16  | 12   |      |     |        |      |         |          |        |
|     (Loop_VITIS_LOOP_95_1_proc10_U0)                                                             | 26   | 735  | 4   |      |      |     |        |      |         |          |        |
|     TW_COS_LUT25_U                                                                               | 64   | 2    |     | 2    |      |     |        |      |         |          |        |
|     TW_SIN_LUT30_U                                                                               | 72   |      |     | 2    |      |     |        |      |         |          |        |
|     flow_control_loop_pipe_U                                                                     | 20   | 1    |     |      |      |     |        |      |         |          |        |
|     mac_muladd_16s_16s_31s_31_4_1_U24                                                            | 16   |      | 2   |      |      |     |        |      |         |          |        |
|     mac_muladd_16s_16s_31s_31_4_1_U26                                                            | 16   |      | 2   |      |      |     |        |      |         |          |        |
|     mac_muladd_16s_16s_31s_31_4_1_U28                                                            | 16   |      | 2   |      |      |     |        |      |         |          |        |
|     mac_muladd_16s_16s_31s_31_4_1_U30                                                            | 18   |      | 2   |      |      |     |        |      |         |          |        |
|     mac_mulsub_16s_16s_31s_31_4_1_U25                                                            | 16   |      | 1   |      |      |     |        |      |         |          |        |
|     mac_mulsub_16s_16s_31s_31_4_1_U27                                                            | 16   |      | 1   |      |      |     |        |      |         |          |        |
|     mac_mulsub_16s_16s_31s_31_4_1_U29                                                            | 16   |      | 1   |      |      |     |        |      |         |          |        |
|     mac_mulsub_16s_16s_31s_31_4_1_U31                                                            | 16   |      | 1   |      |      |     |        |      |         |          |        |
|     void_stage_fb_0_128_stream_mdf_word_t_0_stream_mdf_word_t_0_delay_im_47_U                    | 35   |      |     | 1    |      |     |        |      |         |          |        |
|     void_stage_fb_0_128_stream_mdf_word_t_0_stream_mdf_word_t_0_delay_im_48_U                    | 35   |      |     | 1    |      |     |        |      |         |          |        |
|     void_stage_fb_0_128_stream_mdf_word_t_0_stream_mdf_word_t_0_delay_im_49_U                    | 39   |      |     | 1    |      |     |        |      |         |          |        |
|     void_stage_fb_0_128_stream_mdf_word_t_0_stream_mdf_word_t_0_delay_im_U                       | 35   |      |     | 1    |      |     |        |      |         |          |        |
|     void_stage_fb_0_128_stream_mdf_word_t_0_stream_mdf_word_t_0_delay_re_44_U                    | 35   |      |     | 1    |      |     |        |      |         |          |        |
|     void_stage_fb_0_128_stream_mdf_word_t_0_stream_mdf_word_t_0_delay_re_45_U                    | 35   |      |     | 1    |      |     |        |      |         |          |        |
|     void_stage_fb_0_128_stream_mdf_word_t_0_stream_mdf_word_t_0_delay_re_46_U                    | 35   |      |     | 1    |      |     |        |      |         |          |        |
|     void_stage_fb_0_128_stream_mdf_word_t_0_stream_mdf_word_t_0_delay_re_U                       | 35   |      |     | 1    |      |     |        |      |         |          |        |
|   Loop_VITIS_LOOP_95_1_proc111_U0                                                                | 527  | 735  | 16  | 12   |      |     |        |      |         |          |        |
|     (Loop_VITIS_LOOP_95_1_proc111_U0)                                                            | 26   | 732  | 4   |      |      |     |        |      |         |          |        |
|     TW_COS_LUT24_U                                                                               | 64   | 2    |     | 2    |      |     |        |      |         |          |        |
|     TW_SIN_LUT29_U                                                                               | 70   |      |     | 2    |      |     |        |      |         |          |        |
|     flow_control_loop_pipe_U                                                                     | 19   | 1    |     |      |      |     |        |      |         |          |        |
|     mac_muladd_16s_16s_31s_31_4_1_U48                                                            | 16   |      | 2   |      |      |     |        |      |         |          |        |
|     mac_muladd_16s_16s_31s_31_4_1_U50                                                            | 16   |      | 2   |      |      |     |        |      |         |          |        |
|     mac_muladd_16s_16s_31s_31_4_1_U52                                                            | 16   |      | 2   |      |      |     |        |      |         |          |        |
|     mac_muladd_16s_16s_31s_31_4_1_U54                                                            | 18   |      | 2   |      |      |     |        |      |         |          |        |
|     mac_mulsub_16s_16s_31s_31_4_1_U49                                                            | 16   |      | 1   |      |      |     |        |      |         |          |        |
|     mac_mulsub_16s_16s_31s_31_4_1_U51                                                            | 16   |      | 1   |      |      |     |        |      |         |          |        |
|     mac_mulsub_16s_16s_31s_31_4_1_U53                                                            | 16   |      | 1   |      |      |     |        |      |         |          |        |
|     mac_mulsub_16s_16s_31s_31_4_1_U55                                                            | 16   |      | 1   |      |      |     |        |      |         |          |        |
|     void_stage_fb_1_64_stream_mdf_word_t_0_stream_mdf_word_t_0_delay_im_41_U                     | 35   |      |     | 1    |      |     |        |      |         |          |        |
|     void_stage_fb_1_64_stream_mdf_word_t_0_stream_mdf_word_t_0_delay_im_42_U                     | 35   |      |     | 1    |      |     |        |      |         |          |        |
|     void_stage_fb_1_64_stream_mdf_word_t_0_stream_mdf_word_t_0_delay_im_43_U                     | 39   |      |     | 1    |      |     |        |      |         |          |        |
|     void_stage_fb_1_64_stream_mdf_word_t_0_stream_mdf_word_t_0_delay_im_U                        | 35   |      |     | 1    |      |     |        |      |         |          |        |
|     void_stage_fb_1_64_stream_mdf_word_t_0_stream_mdf_word_t_0_delay_re_38_U                     | 35   |      |     | 1    |      |     |        |      |         |          |        |
|     void_stage_fb_1_64_stream_mdf_word_t_0_stream_mdf_word_t_0_delay_re_39_U                     | 35   |      |     | 1    |      |     |        |      |         |          |        |
|     void_stage_fb_1_64_stream_mdf_word_t_0_stream_mdf_word_t_0_delay_re_40_U                     | 35   |      |     | 1    |      |     |        |      |         |          |        |
|     void_stage_fb_1_64_stream_mdf_word_t_0_stream_mdf_word_t_0_delay_re_U                        | 35   |      |     | 1    |      |     |        |      |         |          |        |
|   Loop_VITIS_LOOP_95_1_proc212_U0                                                                | 510  | 700  | 16  | 12   |      |     |        |      |         |          |        |
|     (Loop_VITIS_LOOP_95_1_proc212_U0)                                                            | 145  | 697  | 4   |      |      |     |        |      |         |          |        |
|     TW_COS_LUT23_U                                                                               | 64   | 2    |     | 2    |      |     |        |      |         |          |        |
|     TW_SIN_LUT28_U                                                                               | 69   |      |     | 2    |      |     |        |      |         |          |        |
|     flow_control_loop_pipe_U                                                                     | 19   | 1    |     |      |      |     |        |      |         |          |        |
|     mac_muladd_16s_16s_31s_31_4_1_U67                                                            | 16   |      | 2   |      |      |     |        |      |         |          |        |
|     mac_muladd_16s_16s_31s_31_4_1_U69                                                            | 16   |      | 2   |      |      |     |        |      |         |          |        |
|     mac_muladd_16s_16s_31s_31_4_1_U71                                                            | 16   |      | 2   |      |      |     |        |      |         |          |        |
|     mac_muladd_16s_16s_31s_31_4_1_U73                                                            | 18   |      | 2   |      |      |     |        |      |         |          |        |
|     mac_mulsub_16s_16s_31s_31_4_1_U68                                                            | 16   |      | 1   |      |      |     |        |      |         |          |        |
|     mac_mulsub_16s_16s_31s_31_4_1_U70                                                            | 16   |      | 1   |      |      |     |        |      |         |          |        |
|     mac_mulsub_16s_16s_31s_31_4_1_U72                                                            | 16   |      | 1   |      |      |     |        |      |         |          |        |
|     mac_mulsub_16s_16s_31s_31_4_1_U74                                                            | 16   |      | 1   |      |      |     |        |      |         |          |        |
|     void_stage_fb_2_32_stream_mdf_word_t_0_stream_mdf_word_t_0_delay_im_35_U                     | 18   |      |     | 1    |      |     |        |      |         |          |        |
|     void_stage_fb_2_32_stream_mdf_word_t_0_stream_mdf_word_t_0_delay_im_36_U                     | 18   |      |     | 1    |      |     |        |      |         |          |        |
|     void_stage_fb_2_32_stream_mdf_word_t_0_stream_mdf_word_t_0_delay_im_37_U                     | 22   |      |     | 1    |      |     |        |      |         |          |        |
|     void_stage_fb_2_32_stream_mdf_word_t_0_stream_mdf_word_t_0_delay_im_U                        | 18   |      |     | 1    |      |     |        |      |         |          |        |
|     void_stage_fb_2_32_stream_mdf_word_t_0_stream_mdf_word_t_0_delay_re_32_U                     | 18   |      |     | 1    |      |     |        |      |         |          |        |
|     void_stage_fb_2_32_stream_mdf_word_t_0_stream_mdf_word_t_0_delay_re_33_U                     | 18   |      |     | 1    |      |     |        |      |         |          |        |
|     void_stage_fb_2_32_stream_mdf_word_t_0_stream_mdf_word_t_0_delay_re_34_U                     | 18   |      |     | 1    |      |     |        |      |         |          |        |
|     void_stage_fb_2_32_stream_mdf_word_t_0_stream_mdf_word_t_0_delay_re_U                        | 18   |      |     | 1    |      |     |        |      |         |          |        |
|   Loop_VITIS_LOOP_95_1_proc313_U0                                                                | 509  | 697  | 16  | 12   |      |     |        |      |         |          |        |
|     (Loop_VITIS_LOOP_95_1_proc313_U0)                                                            | 145  | 694  | 4   |      |      |     |        |      |         |          |        |
|     TW_COS_LUT22_U                                                                               | 64   | 2    |     | 2    |      |     |        |      |         |          |        |
|     TW_SIN_LUT27_U                                                                               | 68   |      |     | 2    |      |     |        |      |         |          |        |
|     flow_control_loop_pipe_U                                                                     | 19   | 1    |     |      |      |     |        |      |         |          |        |
|     mac_muladd_16s_16s_31s_31_4_1_U86                                                            | 16   |      | 2   |      |      |     |        |      |         |          |        |
|     mac_muladd_16s_16s_31s_31_4_1_U88                                                            | 16   |      | 2   |      |      |     |        |      |         |          |        |
|     mac_muladd_16s_16s_31s_31_4_1_U90                                                            | 16   |      | 2   |      |      |     |        |      |         |          |        |
|     mac_muladd_16s_16s_31s_31_4_1_U92                                                            | 18   |      | 2   |      |      |     |        |      |         |          |        |
|     mac_mulsub_16s_16s_31s_31_4_1_U87                                                            | 16   |      | 1   |      |      |     |        |      |         |          |        |
|     mac_mulsub_16s_16s_31s_31_4_1_U89                                                            | 16   |      | 1   |      |      |     |        |      |         |          |        |
|     mac_mulsub_16s_16s_31s_31_4_1_U91                                                            | 16   |      | 1   |      |      |     |        |      |         |          |        |
|     mac_mulsub_16s_16s_31s_31_4_1_U93                                                            | 16   |      | 1   |      |      |     |        |      |         |          |        |
|     void_stage_fb_3_16_stream_mdf_word_t_0_stream_mdf_word_t_0_delay_im_29_U                     | 18   |      |     | 1    |      |     |        |      |         |          |        |
|     void_stage_fb_3_16_stream_mdf_word_t_0_stream_mdf_word_t_0_delay_im_30_U                     | 18   |      |     | 1    |      |     |        |      |         |          |        |
|     void_stage_fb_3_16_stream_mdf_word_t_0_stream_mdf_word_t_0_delay_im_31_U                     | 22   |      |     | 1    |      |     |        |      |         |          |        |
|     void_stage_fb_3_16_stream_mdf_word_t_0_stream_mdf_word_t_0_delay_im_U                        | 18   |      |     | 1    |      |     |        |      |         |          |        |
|     void_stage_fb_3_16_stream_mdf_word_t_0_stream_mdf_word_t_0_delay_re_26_U                     | 18   |      |     | 1    |      |     |        |      |         |          |        |
|     void_stage_fb_3_16_stream_mdf_word_t_0_stream_mdf_word_t_0_delay_re_27_U                     | 18   |      |     | 1    |      |     |        |      |         |          |        |
|     void_stage_fb_3_16_stream_mdf_word_t_0_stream_mdf_word_t_0_delay_re_28_U                     | 18   |      |     | 1    |      |     |        |      |         |          |        |
|     void_stage_fb_3_16_stream_mdf_word_t_0_stream_mdf_word_t_0_delay_re_U                        | 18   |      |     | 1    |      |     |        |      |         |          |        |
|   Loop_VITIS_LOOP_95_1_proc414_U0                                                                | 506  | 694  | 16  | 12   |      |     |        |      |         |          |        |
|     (Loop_VITIS_LOOP_95_1_proc414_U0)                                                            | 145  | 691  | 4   |      |      |     |        |      |         |          |        |
|     TW_COS_LUT21_U                                                                               | 65   | 2    |     | 2    |      |     |        |      |         |          |        |
|     TW_SIN_LUT26_U                                                                               | 67   |      |     | 2    |      |     |        |      |         |          |        |
|     flow_control_loop_pipe_U                                                                     | 18   | 1    |     |      |      |     |        |      |         |          |        |
|     mac_muladd_16s_16s_31s_31_4_1_U105                                                           | 16   |      | 2   |      |      |     |        |      |         |          |        |
|     mac_muladd_16s_16s_31s_31_4_1_U107                                                           | 16   |      | 2   |      |      |     |        |      |         |          |        |
|     mac_muladd_16s_16s_31s_31_4_1_U109                                                           | 16   |      | 2   |      |      |     |        |      |         |          |        |
|     mac_muladd_16s_16s_31s_31_4_1_U111                                                           | 18   |      | 2   |      |      |     |        |      |         |          |        |
|     mac_mulsub_16s_16s_31s_31_4_1_U106                                                           | 16   |      | 1   |      |      |     |        |      |         |          |        |
|     mac_mulsub_16s_16s_31s_31_4_1_U108                                                           | 16   |      | 1   |      |      |     |        |      |         |          |        |
|     mac_mulsub_16s_16s_31s_31_4_1_U110                                                           | 16   |      | 1   |      |      |     |        |      |         |          |        |
|     mac_mulsub_16s_16s_31s_31_4_1_U112                                                           | 16   |      | 1   |      |      |     |        |      |         |          |        |
|     void_stage_fb_4_8_stream_mdf_word_t_0_stream_mdf_word_t_0_delay_im_23_U                      | 18   |      |     | 1    |      |     |        |      |         |          |        |
|     void_stage_fb_4_8_stream_mdf_word_t_0_stream_mdf_word_t_0_delay_im_24_U                      | 18   |      |     | 1    |      |     |        |      |         |          |        |
|     void_stage_fb_4_8_stream_mdf_word_t_0_stream_mdf_word_t_0_delay_im_25_U                      | 22   |      |     | 1    |      |     |        |      |         |          |        |
|     void_stage_fb_4_8_stream_mdf_word_t_0_stream_mdf_word_t_0_delay_im_U                         | 18   |      |     | 1    |      |     |        |      |         |          |        |
|     void_stage_fb_4_8_stream_mdf_word_t_0_stream_mdf_word_t_0_delay_re_20_U                      | 18   |      |     | 1    |      |     |        |      |         |          |        |
|     void_stage_fb_4_8_stream_mdf_word_t_0_stream_mdf_word_t_0_delay_re_21_U                      | 18   |      |     | 1    |      |     |        |      |         |          |        |
|     void_stage_fb_4_8_stream_mdf_word_t_0_stream_mdf_word_t_0_delay_re_22_U                      | 18   |      |     | 1    |      |     |        |      |         |          |        |
|     void_stage_fb_4_8_stream_mdf_word_t_0_stream_mdf_word_t_0_delay_re_U                         | 18   |      |     | 1    |      |     |        |      |         |          |        |
|   Loop_VITIS_LOOP_95_1_proc515_U0                                                                | 495  | 697  | 16  | 10   |      |     |        |      |         |          |        |
|     (Loop_VITIS_LOOP_95_1_proc515_U0)                                                            | 151  | 694  | 4   |      |      |     |        |      |         |          |        |
|     TW_COS_LUT_U                                                                                 | 32   | 2    |     | 1    |      |     |        |      |         |          |        |
|     TW_SIN_LUT_U                                                                                 | 34   |      |     | 1    |      |     |        |      |         |          |        |
|     flow_control_loop_pipe_U                                                                     | 18   | 1    |     |      |      |     |        |      |         |          |        |
|     mac_muladd_16s_16s_31s_31_4_1_U126                                                           | 31   |      | 2   |      |      |     |        |      |         |          |        |
|     mac_muladd_16s_16s_31s_31_4_1_U128                                                           | 16   |      | 2   |      |      |     |        |      |         |          |        |
|     mac_muladd_16s_16s_31s_31_4_1_U130                                                           | 18   |      | 2   |      |      |     |        |      |         |          |        |
|     mac_muladd_16s_16s_31s_31_4_1_U132                                                           | 18   |      | 2   |      |      |     |        |      |         |          |        |
|     mac_mulsub_16s_16s_31s_31_4_1_U127                                                           | 31   |      | 1   |      |      |     |        |      |         |          |        |
|     mac_mulsub_16s_16s_31s_31_4_1_U129                                                           | 16   |      | 1   |      |      |     |        |      |         |          |        |
|     mac_mulsub_16s_16s_31s_31_4_1_U131                                                           | 16   |      | 1   |      |      |     |        |      |         |          |        |
|     mac_mulsub_16s_16s_31s_31_4_1_U133                                                           | 16   |      | 1   |      |      |     |        |      |         |          |        |
|     void_stage_fb_5_4_stream_mdf_word_t_0_stream_mdf_word_t_0_delay_im_17_U                      | 18   |      |     | 1    |      |     |        |      |         |          |        |
|     void_stage_fb_5_4_stream_mdf_word_t_0_stream_mdf_word_t_0_delay_im_18_U                      | 18   |      |     | 1    |      |     |        |      |         |          |        |
|     void_stage_fb_5_4_stream_mdf_word_t_0_stream_mdf_word_t_0_delay_im_19_U                      | 22   |      |     | 1    |      |     |        |      |         |          |        |
|     void_stage_fb_5_4_stream_mdf_word_t_0_stream_mdf_word_t_0_delay_im_U                         | 18   |      |     | 1    |      |     |        |      |         |          |        |
|     void_stage_fb_5_4_stream_mdf_word_t_0_stream_mdf_word_t_0_delay_re_14_U                      | 18   |      |     | 1    |      |     |        |      |         |          |        |
|     void_stage_fb_5_4_stream_mdf_word_t_0_stream_mdf_word_t_0_delay_re_15_U                      | 18   |      |     | 1    |      |     |        |      |         |          |        |
|     void_stage_fb_5_4_stream_mdf_word_t_0_stream_mdf_word_t_0_delay_re_16_U                      | 18   |      |     | 1    |      |     |        |      |         |          |        |
|     void_stage_fb_5_4_stream_mdf_word_t_0_stream_mdf_word_t_0_delay_re_U                         | 18   |      |     | 1    |      |     |        |      |         |          |        |
|   Loop_VITIS_LOOP_95_1_proc616_U0                                                                | 525  | 719  | 12  | 8    |      |     |        |      |         |          |        |
|     (Loop_VITIS_LOOP_95_1_proc616_U0)                                                            | 141  | 718  | 4   |      |      |     |        |      |         |          |        |
|     flow_control_loop_pipe_U                                                                     | 17   | 1    |     |      |      |     |        |      |         |          |        |
|     mac_muladd_16s_16s_31s_31_4_1_U147                                                           | 16   |      | 1   |      |      |     |        |      |         |          |        |
|     mac_muladd_16s_16s_31s_31_4_1_U149                                                           | 17   |      | 2   |      |      |     |        |      |         |          |        |
|     mac_muladd_16s_16s_31s_31_4_1_U150                                                           | 18   |      | 2   |      |      |     |        |      |         |          |        |
|     mac_muladd_16s_16s_31s_31_4_1_U151                                                           | 16   |      | 1   |      |      |     |        |      |         |          |        |
|     mac_mulsub_16s_16s_31s_31_4_1_U148                                                           | 16   |      | 1   |      |      |     |        |      |         |          |        |
|     mac_mulsub_16s_16s_31s_31_4_1_U152                                                           | 16   |      | 1   |      |      |     |        |      |         |          |        |
|     void_stage_fb_6_2_stream_mdf_word_t_0_stream_mdf_word_t_0_delay_im_11_U                      | 18   |      |     | 1    |      |     |        |      |         |          |        |
|     void_stage_fb_6_2_stream_mdf_word_t_0_stream_mdf_word_t_0_delay_im_12_U                      | 18   |      |     | 1    |      |     |        |      |         |          |        |
|     void_stage_fb_6_2_stream_mdf_word_t_0_stream_mdf_word_t_0_delay_im_13_U                      | 22   |      |     | 1    |      |     |        |      |         |          |        |
|     void_stage_fb_6_2_stream_mdf_word_t_0_stream_mdf_word_t_0_delay_im_U                         | 95   |      |     | 1    |      |     |        |      |         |          |        |
|     void_stage_fb_6_2_stream_mdf_word_t_0_stream_mdf_word_t_0_delay_re_10_U                      | 18   |      |     | 1    |      |     |        |      |         |          |        |
|     void_stage_fb_6_2_stream_mdf_word_t_0_stream_mdf_word_t_0_delay_re_8_U                       | 18   |      |     | 1    |      |     |        |      |         |          |        |
|     void_stage_fb_6_2_stream_mdf_word_t_0_stream_mdf_word_t_0_delay_re_9_U                       | 18   |      |     | 1    |      |     |        |      |         |          |        |
|     void_stage_fb_6_2_stream_mdf_word_t_0_stream_mdf_word_t_0_delay_re_U                         | 93   |      |     | 1    |      |     |        |      |         |          |        |
|   Loop_VITIS_LOOP_95_1_proc717_U0                                                                | 571  | 602  | 6   |      |      |     |        |      |         |          |        |
|     (Loop_VITIS_LOOP_95_1_proc717_U0)                                                            | 386  | 601  |     |      |      |     |        |      |         |          |        |
|     am_addmul_16s_16s_16s_31_4_1_U161                                                            | 67   |      | 1   |      |      |     |        |      |         |          |        |
|     am_submul_16s_16s_16s_31_4_1_U162                                                            | 17   |      | 1   |      |      |     |        |      |         |          |        |
|     flow_control_loop_pipe_U                                                                     | 19   | 1    |     |      |      |     |        |      |         |          |        |
|     mac_muladd_16s_15ns_31s_31_4_1_U159                                                          | 16   |      | 2   |      |      |     |        |      |         |          |        |
|     mac_muladd_16s_16s_31s_31_4_1_U160                                                           | 68   |      | 2   |      |      |     |        |      |         |          |        |
|   Loop_read_loop_proc_U0                                                                         | 93   | 146  |     |      |      |     |        |      |         |          |        |
|     (Loop_read_loop_proc_U0)                                                                     | 72   | 145  |     |      |      |     |        |      |         |          |        |
|     flow_control_loop_pipe_U                                                                     | 21   | 1    |     |      |      |     |        |      |         |          |        |
|   axis_to_word_U0                                                                                | 94   | 408  |     |      |      |     |        |      |         |          |        |
|     (axis_to_word_U0)                                                                            | 2    | 141  |     |      |      |     |        |      |         |          |        |
|     flow_control_loop_pipe_U                                                                     | 15   | 1    |     |      |      |     |        |      |         |          |        |
|     regslice_both_s_in_V_data_V_U                                                                | 70   | 260  |     |      |      |     |        |      |         |          |        |
|     regslice_both_s_in_V_last_V_U                                                                | 7    | 6    |     |      |      |     |        |      |         |          |        |
|   bit_reverse_buf_stream_mdf_word_t_0_stream_mdf_word_t_0_bank_1_U                               | 5    | 6    |     | 8    |      |     |        |      |         |          |        |
|   bit_reverse_buf_stream_mdf_word_t_0_stream_mdf_word_t_0_bank_U                                 | 9    | 6    |     | 8    |      |     |        |      |         |          |        |
|   rd_bank_cast_loc_channel_U                                                                     | 10   | 7    |     |      |      |     |        |      |         |          |        |
|   s0_U                                                                                           | 45   | 41   |     | 4    |      |     |        |      |         |          |        |
|   s1_U                                                                                           | 45   | 41   |     | 4    |      |     |        |      |         |          |        |
|   s2_U                                                                                           | 45   | 41   |     | 4    |      |     |        |      |         |          |        |
|   s3_U                                                                                           | 45   | 41   |     | 4    |      |     |        |      |         |          |        |
|   s4_U                                                                                           | 45   | 41   |     | 4    |      |     |        |      |         |          |        |
|   s5_U                                                                                           | 46   | 41   |     | 4    |      |     |        |      |         |          |        |
|   s6_U                                                                                           | 93   | 41   |     | 4    |      |     |        |      |         |          |        |
|   s7_U                                                                                           | 172  | 41   |     | 4    |      |     |        |      |         |          |        |
|   s8_U                                                                                           | 172  | 41   |     | 4    |      |     |        |      |         |          |        |
|   s9_U                                                                                           | 46   | 41   |     | 4    |      |     |        |      |         |          |        |
|   start_for_Block_ZL8stage_nfILi1EEvRN3hls6streamI10mdf_word_tLi0EEES4_exit_pro5jm_U             | 4    | 4    |     |      |      |     |        |      |         |          |        |
|   start_for_Loop_VITIS_LOOP_168_1_proc18_U0_U                                                    | 5    | 4    |     |      |      |     |        |      |         |          |        |
|   start_for_Loop_VITIS_LOOP_168_1_proc819_U0_U                                                   | 5    | 4    |     |      |      |     |        |      |         |          |        |
|   start_for_Loop_VITIS_LOOP_95_1_proc10_U0_U                                                     | 7    | 4    |     |      |      |     |        |      |         |          |        |
|   start_for_Loop_VITIS_LOOP_95_1_proc111_U0_U                                                    | 5    | 4    |     |      |      |     |        |      |         |          |        |
|   start_for_Loop_VITIS_LOOP_95_1_proc212_U0_U                                                    | 5    | 4    |     |      |      |     |        |      |         |          |        |
|   start_for_Loop_VITIS_LOOP_95_1_proc313_U0_U                                                    | 5    | 4    |     |      |      |     |        |      |         |          |        |
|   start_for_Loop_VITIS_LOOP_95_1_proc414_U0_U                                                    | 5    | 4    |     |      |      |     |        |      |         |          |        |
|   start_for_Loop_VITIS_LOOP_95_1_proc515_U0_U                                                    | 5    | 4    |     |      |      |     |        |      |         |          |        |
|   start_for_Loop_VITIS_LOOP_95_1_proc616_U0_U                                                    | 5    | 4    |     |      |      |     |        |      |         |          |        |
|   start_for_Loop_VITIS_LOOP_95_1_proc717_U0_U                                                    | 4    | 4    |     |      |      |     |        |      |         |          |        |
|   start_for_word_to_axis_U0_U                                                                    | 4    | 4    |     |      |      |     |        |      |         |          |        |
|   w_in_U                                                                                         | 45   | 41   |     | 4    |      |     |        |      |         |          |        |
|   w_out_U                                                                                        | 46   | 41   |     | 4    |      |     |        |      |         |          |        |
|   word_to_axis_U0                                                                                | 91   | 280  |     |      |      |     |        |      |         |          |        |
|     (word_to_axis_U0)                                                                            |      | 13   |     |      |      |     |        |      |         |          |        |
+--------------------------------------------------------------------------------------------------+------+------+-----+------+------+-----+--------+------+---------+----------+--------+


================================================================
== Place & Route Fail Fast
================================================================
+-----------------------------------------------------------+-----------+--------+--------+
| Criteria                                                  | Guideline | Actual | Status |
+-----------------------------------------------------------+-----------+--------+--------+
| LUT                                                       | 70%       | 4.07%  | OK     |
| FD                                                        | 50%       | 2.73%  | OK     |
| LUTRAM+SRL                                                | 25%       | 0.00%  | OK     |
| MUXF7                                                     | 15%       | 0.00%  | OK     |
| DSP                                                       | 80%       | 15.41% | OK     |
| RAMB/FIFO                                                 | 80%       | 19.73% | OK     |
| DSP+RAMB+URAM (Avg)                                       | 70%       | 17.57% | OK     |
| BUFGCE* + BUFGCTRL                                        | 24        | 0      | OK     |
| DONT_TOUCH (cells/nets)                                   | 0         | 0      | OK     |
| MARK_DEBUG (nets)                                         | 0         | 0      | OK     |
| Control Sets                                              | 2524      | 118    | OK     |
| Average Fanout for modules > 100k cells                   | 4         | 2.14   | OK     |
| Max Average Fanout for modules > 100k cells               | 4         | 0      | OK     |
| Non-FD high fanout nets > 10k loads                       | 0         | 0      | OK     |
+-----------------------------------------------------------+-----------+--------+--------+
| TIMING-6 (No common primary clock between related clocks) | 0         | 0      | OK     |
| TIMING-7 (No common node between related clocks)          | 0         | 0      | OK     |
| TIMING-8 (No common period between related clocks)        | 0         | 0      | OK     |
| TIMING-14 (LUT on the clock tree)                         | 0         | 0      | OK     |
| TIMING-35 (No common node in paths with the same clock)   | 0         | 0      | OK     |
+-----------------------------------------------------------+-----------+--------+--------+
| Number of paths above max LUT budgeting (0.500ns)         | 0         | 0      | OK     |
| Number of paths above max Net budgeting (0.350ns)         | 0         | 0      | OK     |
+-----------------------------------------------------------+-----------+--------+--------+


================================================================
== Place & Route Timing Paths
================================================================
* Timing was met
+-------+-------+----------------------------------------------------------+----------------------------------------------------------------------------------------------------------------------------------+--------------+------------+----------------+----------------+--------------+
| Path  | SLACK | STARTPOINT PIN                                           | ENDPOINT PIN                                                                                                                     | LOGIC LEVELS | MAX FANOUT | DATAPATH DELAY | DATAPATH LOGIC | DATAPATH NET |
|       |       |                                                          |                                                                                                                                  |              |            |                |          DELAY |        DELAY |
+-------+-------+----------------------------------------------------------+----------------------------------------------------------------------------------------------------------------------------------+--------------+------------+----------------+----------------+--------------+
| Path1 | 3.153 | Loop_VITIS_LOOP_95_1_proc515_U0/ap_CS_iter5_fsm_reg[1]/C | Loop_VITIS_LOOP_95_1_proc515_U0/mac_muladd_16s_16s_31s_31_4_1_U126/fft_mdf_mac_muladd_16s_16s_31s_31_4_1_DSP48_0_U/p_reg_reg/CEM |            1 |        160 |          6.567 |          0.538 |        6.029 |
| Path2 | 3.197 | Loop_VITIS_LOOP_95_1_proc515_U0/ap_CS_iter5_fsm_reg[1]/C | Loop_VITIS_LOOP_95_1_proc515_U0/ap_phi_reg_pp0_iter4_out_re_33_reg_395_reg[11]/CE                                                |            1 |        160 |          6.560 |          0.538 |        6.022 |
| Path3 | 3.197 | Loop_VITIS_LOOP_95_1_proc515_U0/ap_CS_iter5_fsm_reg[1]/C | Loop_VITIS_LOOP_95_1_proc515_U0/ap_phi_reg_pp0_iter4_out_re_33_reg_395_reg[12]/CE                                                |            1 |        160 |          6.560 |          0.538 |        6.022 |
| Path4 | 3.197 | Loop_VITIS_LOOP_95_1_proc515_U0/ap_CS_iter5_fsm_reg[1]/C | Loop_VITIS_LOOP_95_1_proc515_U0/ap_phi_reg_pp0_iter4_out_re_33_reg_395_reg[13]/CE                                                |            1 |        160 |          6.560 |          0.538 |        6.022 |
| Path5 | 3.197 | Loop_VITIS_LOOP_95_1_proc515_U0/ap_CS_iter5_fsm_reg[1]/C | Loop_VITIS_LOOP_95_1_proc515_U0/ap_phi_reg_pp0_iter4_out_re_33_reg_395_reg[14]/CE                                                |            1 |        160 |          6.560 |          0.538 |        6.022 |
+-------+-------+----------------------------------------------------------+----------------------------------------------------------------------------------------------------------------------------------+--------------+------------+----------------+----------------+--------------+

    +------------------------------------------------------------------------------------------------------------------------------+----------------------+
    | Path1 Cells                                                                                                                  | Primitive Type       |
    +------------------------------------------------------------------------------------------------------------------------------+----------------------+
    | Loop_VITIS_LOOP_95_1_proc515_U0/ap_CS_iter5_fsm_reg[1]                                                                       | FLOP_LATCH.flop.FDRE |
    | Loop_VITIS_LOOP_95_1_proc515_U0/void_stage_fb_5_4_stream_mdf_word_t_0_stream_mdf_word_t_0_delay_im_19_U/ram_reg_i_9__25      | LUT.others.LUT4      |
    | Loop_VITIS_LOOP_95_1_proc515_U0/mac_muladd_16s_16s_31s_31_4_1_U126/fft_mdf_mac_muladd_16s_16s_31s_31_4_1_DSP48_0_U/p_reg_reg | MULT.dsp.DSP48E1     |
    +------------------------------------------------------------------------------------------------------------------------------+----------------------+

    +-------------------------------------------------------------------------------------------------------------------------+----------------------+
    | Path2 Cells                                                                                                             | Primitive Type       |
    +-------------------------------------------------------------------------------------------------------------------------+----------------------+
    | Loop_VITIS_LOOP_95_1_proc515_U0/ap_CS_iter5_fsm_reg[1]                                                                  | FLOP_LATCH.flop.FDRE |
    | Loop_VITIS_LOOP_95_1_proc515_U0/void_stage_fb_5_4_stream_mdf_word_t_0_stream_mdf_word_t_0_delay_im_19_U/ram_reg_i_9__25 | LUT.others.LUT4      |
    | Loop_VITIS_LOOP_95_1_proc515_U0/ap_phi_reg_pp0_iter4_out_re_33_reg_395_reg[11]                                          | FLOP_LATCH.flop.FDRE |
    +-------------------------------------------------------------------------------------------------------------------------+----------------------+

    +-------------------------------------------------------------------------------------------------------------------------+----------------------+
    | Path3 Cells                                                                                                             | Primitive Type       |
    +-------------------------------------------------------------------------------------------------------------------------+----------------------+
    | Loop_VITIS_LOOP_95_1_proc515_U0/ap_CS_iter5_fsm_reg[1]                                                                  | FLOP_LATCH.flop.FDRE |
    | Loop_VITIS_LOOP_95_1_proc515_U0/void_stage_fb_5_4_stream_mdf_word_t_0_stream_mdf_word_t_0_delay_im_19_U/ram_reg_i_9__25 | LUT.others.LUT4      |
    | Loop_VITIS_LOOP_95_1_proc515_U0/ap_phi_reg_pp0_iter4_out_re_33_reg_395_reg[12]                                          | FLOP_LATCH.flop.FDRE |
    +-------------------------------------------------------------------------------------------------------------------------+----------------------+

    +-------------------------------------------------------------------------------------------------------------------------+----------------------+
    | Path4 Cells                                                                                                             | Primitive Type       |
    +-------------------------------------------------------------------------------------------------------------------------+----------------------+
    | Loop_VITIS_LOOP_95_1_proc515_U0/ap_CS_iter5_fsm_reg[1]                                                                  | FLOP_LATCH.flop.FDRE |
    | Loop_VITIS_LOOP_95_1_proc515_U0/void_stage_fb_5_4_stream_mdf_word_t_0_stream_mdf_word_t_0_delay_im_19_U/ram_reg_i_9__25 | LUT.others.LUT4      |
    | Loop_VITIS_LOOP_95_1_proc515_U0/ap_phi_reg_pp0_iter4_out_re_33_reg_395_reg[13]                                          | FLOP_LATCH.flop.FDRE |
    +-------------------------------------------------------------------------------------------------------------------------+----------------------+

    +-------------------------------------------------------------------------------------------------------------------------+----------------------+
    | Path5 Cells                                                                                                             | Primitive Type       |
    +-------------------------------------------------------------------------------------------------------------------------+----------------------+
    | Loop_VITIS_LOOP_95_1_proc515_U0/ap_CS_iter5_fsm_reg[1]                                                                  | FLOP_LATCH.flop.FDRE |
    | Loop_VITIS_LOOP_95_1_proc515_U0/void_stage_fb_5_4_stream_mdf_word_t_0_stream_mdf_word_t_0_delay_im_19_U/ram_reg_i_9__25 | LUT.others.LUT4      |
    | Loop_VITIS_LOOP_95_1_proc515_U0/ap_phi_reg_pp0_iter4_out_re_33_reg_395_reg[14]                                          | FLOP_LATCH.flop.FDRE |
    +-------------------------------------------------------------------------------------------------------------------------+----------------------+


================================================================
== Place & Route Vivado Reports
================================================================
+--------------------------+-----------------------------------------------------------------+
| Report Type              | Report Location                                                 |
+--------------------------+-----------------------------------------------------------------+
| design_analysis          | impl/verilog/report/fft_mdf_design_analysis_routed.rpt          |
| failfast                 | impl/verilog/report/fft_mdf_failfast_routed.rpt                 |
| status                   | impl/verilog/report/fft_mdf_status_routed.rpt                   |
| timing                   | impl/verilog/report/fft_mdf_timing_routed.rpt                   |
| timing_paths             | impl/verilog/report/fft_mdf_timing_paths_routed.rpt             |
| utilization              | impl/verilog/report/fft_mdf_utilization_routed.rpt              |
| utilization_hierarchical | impl/verilog/report/fft_mdf_utilization_hierarchical_routed.rpt |
+--------------------------+-----------------------------------------------------------------+


