Copyright 1986-2022 Xilinx, Inc. All Rights Reserved. Copyright 2022-2023 Advanced Micro Devices, Inc. All Rights Reserved.
---------------------------------------------------------------------------------------------------------------------------------------------
| Tool Version : Vivado v.2023.2 (win64) Build 4029153 Fri Oct 13 20:14:34 MDT 2023
| Date         : Tue Jun 30 21:05:22 2026
| Host         : CHNtoumas running 64-bit major release  (build 9200)
| Command      : report_drc -file bd_0_wrapper_drc_routed.rpt -pb bd_0_wrapper_drc_routed.pb -rpx bd_0_wrapper_drc_routed.rpx
| Design       : bd_0_wrapper
| Device       : xc7a200tfbg676-2
| Speed File   : -2
| Design State : Fully Routed
---------------------------------------------------------------------------------------------------------------------------------------------

Report DRC

Table of Contents
-----------------
1. REPORT SUMMARY
2. REPORT DETAILS

1. REPORT SUMMARY
-----------------
            Netlist: netlist
          Floorplan: checkpoint_bd_0_wrapper
      Design limits: <entire design considered>
           Ruledeck: default
             Max violations: <unlimited>
             Violations found: 13
+----------+----------+-----------------------------------------------------+------------+
| Rule     | Severity | Description                                         | Violations |
+----------+----------+-----------------------------------------------------+------------+
| CFGBVS-1 | Warning  | Missing CFGBVS and CONFIG_VOLTAGE Design Properties | 1          |
| DPIP-1   | Warning  | Input pipelining                                    | 8          |
| DPOP-2   | Warning  | MREG Output pipelining                              | 4          |
+----------+----------+-----------------------------------------------------+------------+

2. REPORT DETAILS
-----------------
CFGBVS-1#1 Warning
Missing CFGBVS and CONFIG_VOLTAGE Design Properties  
Neither the CFGBVS nor CONFIG_VOLTAGE voltage property is set in the current_design.  Configuration bank voltage select (CFGBVS) must be set to VCCO or GND, and CONFIG_VOLTAGE must be set to the correct configuration voltage, in order to determine the I/O voltage support for the pins in bank 0.  It is suggested to specify these either using the 'Edit Device Properties' function in the GUI or directly in the XDC file using the following syntax:

 set_property CFGBVS value1 [current_design]
 #where value1 is either VCCO or GND

 set_property CONFIG_VOLTAGE value2 [current_design]
 #where value2 is the voltage provided to configuration bank 0

Refer to the device configuration user guide for more information.
Related violations: <none>

DPIP-1#1 Warning
Input pipelining  
DSP bd_0_i/hls_inst/inst/Loop_VITIS_LOOP_95_1_proc616_U0/mul_ln63_6_reg_1676_pp0_iter3_reg_reg input bd_0_i/hls_inst/inst/Loop_VITIS_LOOP_95_1_proc616_U0/mul_ln63_6_reg_1676_pp0_iter3_reg_reg/A[29:0] is not pipelined. Pipelining DSP48 input will improve performance.
Related violations: <none>

DPIP-1#2 Warning
Input pipelining  
DSP bd_0_i/hls_inst/inst/Loop_VITIS_LOOP_95_1_proc616_U0/mul_ln63_6_reg_1676_pp0_iter3_reg_reg input bd_0_i/hls_inst/inst/Loop_VITIS_LOOP_95_1_proc616_U0/mul_ln63_6_reg_1676_pp0_iter3_reg_reg/B[17:0] is not pipelined. Pipelining DSP48 input will improve performance.
Related violations: <none>

DPIP-1#3 Warning
Input pipelining  
DSP bd_0_i/hls_inst/inst/Loop_VITIS_LOOP_95_1_proc616_U0/mul_ln63_reg_1638_pp0_iter3_reg_reg input bd_0_i/hls_inst/inst/Loop_VITIS_LOOP_95_1_proc616_U0/mul_ln63_reg_1638_pp0_iter3_reg_reg/A[29:0] is not pipelined. Pipelining DSP48 input will improve performance.
Related violations: <none>

DPIP-1#4 Warning
Input pipelining  
DSP bd_0_i/hls_inst/inst/Loop_VITIS_LOOP_95_1_proc616_U0/mul_ln63_reg_1638_pp0_iter3_reg_reg input bd_0_i/hls_inst/inst/Loop_VITIS_LOOP_95_1_proc616_U0/mul_ln63_reg_1638_pp0_iter3_reg_reg/B[17:0] is not pipelined. Pipelining DSP48 input will improve performance.
Related violations: <none>

DPIP-1#5 Warning
Input pipelining  
DSP bd_0_i/hls_inst/inst/Loop_VITIS_LOOP_95_1_proc616_U0/mul_ln64_3_reg_1648_pp0_iter3_reg_reg input bd_0_i/hls_inst/inst/Loop_VITIS_LOOP_95_1_proc616_U0/mul_ln64_3_reg_1648_pp0_iter3_reg_reg/A[29:0] is not pipelined. Pipelining DSP48 input will improve performance.
Related violations: <none>

DPIP-1#6 Warning
Input pipelining  
DSP bd_0_i/hls_inst/inst/Loop_VITIS_LOOP_95_1_proc616_U0/mul_ln64_3_reg_1648_pp0_iter3_reg_reg input bd_0_i/hls_inst/inst/Loop_VITIS_LOOP_95_1_proc616_U0/mul_ln64_3_reg_1648_pp0_iter3_reg_reg/B[17:0] is not pipelined. Pipelining DSP48 input will improve performance.
Related violations: <none>

DPIP-1#7 Warning
Input pipelining  
DSP bd_0_i/hls_inst/inst/Loop_VITIS_LOOP_95_1_proc616_U0/mul_ln64_7_reg_1686_pp0_iter3_reg_reg input bd_0_i/hls_inst/inst/Loop_VITIS_LOOP_95_1_proc616_U0/mul_ln64_7_reg_1686_pp0_iter3_reg_reg/A[29:0] is not pipelined. Pipelining DSP48 input will improve performance.
Related violations: <none>

DPIP-1#8 Warning
Input pipelining  
DSP bd_0_i/hls_inst/inst/Loop_VITIS_LOOP_95_1_proc616_U0/mul_ln64_7_reg_1686_pp0_iter3_reg_reg input bd_0_i/hls_inst/inst/Loop_VITIS_LOOP_95_1_proc616_U0/mul_ln64_7_reg_1686_pp0_iter3_reg_reg/B[17:0] is not pipelined. Pipelining DSP48 input will improve performance.
Related violations: <none>

DPOP-2#1 Warning
MREG Output pipelining  
DSP bd_0_i/hls_inst/inst/Loop_VITIS_LOOP_95_1_proc616_U0/mac_muladd_16s_16s_31s_31_4_1_U149/fft_mdf_mac_muladd_16s_16s_31s_31_4_1_DSP48_0_U/p_reg_reg multiplier stage bd_0_i/hls_inst/inst/Loop_VITIS_LOOP_95_1_proc616_U0/mac_muladd_16s_16s_31s_31_4_1_U149/fft_mdf_mac_muladd_16s_16s_31s_31_4_1_DSP48_0_U/p_reg_reg/P[47:0] is not pipelined (MREG=0). Pipelining the multiplier function will improve performance and will save significant power so it is suggested whenever possible to fully pipeline this function.  If this multiplier was inferred, it is suggested to describe an additional register stage after this function.  If there is no registered adder/accumulator following the multiply function, two pipeline stages are suggested to allow both the MREG and PREG registers to be used.  If the DSP48 was instantiated in the design, it is suggested to set both the MREG and PREG attributes to 1 when performing multiply functions.
Related violations: <none>

DPOP-2#2 Warning
MREG Output pipelining  
DSP bd_0_i/hls_inst/inst/Loop_VITIS_LOOP_95_1_proc616_U0/mac_muladd_16s_16s_31s_31_4_1_U150/fft_mdf_mac_muladd_16s_16s_31s_31_4_1_DSP48_0_U/p_reg_reg multiplier stage bd_0_i/hls_inst/inst/Loop_VITIS_LOOP_95_1_proc616_U0/mac_muladd_16s_16s_31s_31_4_1_U150/fft_mdf_mac_muladd_16s_16s_31s_31_4_1_DSP48_0_U/p_reg_reg/P[47:0] is not pipelined (MREG=0). Pipelining the multiplier function will improve performance and will save significant power so it is suggested whenever possible to fully pipeline this function.  If this multiplier was inferred, it is suggested to describe an additional register stage after this function.  If there is no registered adder/accumulator following the multiply function, two pipeline stages are suggested to allow both the MREG and PREG registers to be used.  If the DSP48 was instantiated in the design, it is suggested to set both the MREG and PREG attributes to 1 when performing multiply functions.
Related violations: <none>

DPOP-2#3 Warning
MREG Output pipelining  
DSP bd_0_i/hls_inst/inst/Loop_VITIS_LOOP_95_1_proc717_U0/mac_muladd_16s_15ns_31s_31_4_1_U159/fft_mdf_mac_muladd_16s_15ns_31s_31_4_1_DSP48_2_U/p_reg_reg multiplier stage bd_0_i/hls_inst/inst/Loop_VITIS_LOOP_95_1_proc717_U0/mac_muladd_16s_15ns_31s_31_4_1_U159/fft_mdf_mac_muladd_16s_15ns_31s_31_4_1_DSP48_2_U/p_reg_reg/P[47:0] is not pipelined (MREG=0). Pipelining the multiplier function will improve performance and will save significant power so it is suggested whenever possible to fully pipeline this function.  If this multiplier was inferred, it is suggested to describe an additional register stage after this function.  If there is no registered adder/accumulator following the multiply function, two pipeline stages are suggested to allow both the MREG and PREG registers to be used.  If the DSP48 was instantiated in the design, it is suggested to set both the MREG and PREG attributes to 1 when performing multiply functions.
Related violations: <none>

DPOP-2#4 Warning
MREG Output pipelining  
DSP bd_0_i/hls_inst/inst/Loop_VITIS_LOOP_95_1_proc717_U0/mac_muladd_16s_16s_31s_31_4_1_U160/fft_mdf_mac_muladd_16s_16s_31s_31_4_1_DSP48_0_U/p_reg_reg multiplier stage bd_0_i/hls_inst/inst/Loop_VITIS_LOOP_95_1_proc717_U0/mac_muladd_16s_16s_31s_31_4_1_U160/fft_mdf_mac_muladd_16s_16s_31s_31_4_1_DSP48_0_U/p_reg_reg/P[47:0] is not pipelined (MREG=0). Pipelining the multiplier function will improve performance and will save significant power so it is suggested whenever possible to fully pipeline this function.  If this multiplier was inferred, it is suggested to describe an additional register stage after this function.  If there is no registered adder/accumulator following the multiply function, two pipeline stages are suggested to allow both the MREG and PREG registers to be used.  If the DSP48 was instantiated in the design, it is suggested to set both the MREG and PREG attributes to 1 when performing multiply functions.
Related violations: <none>


