================================================================
== Design Size Report
================================================================

* Total Instructions per Compilation Phase
+---------------+-----------------------------+--------------+----------------------------------------------------------------------------------------+
| Phase         | Step                        | Instructions | Description                                                                            |
+---------------+-----------------------------+--------------+----------------------------------------------------------------------------------------+
| Compile/Link  |                             | 66,105       | After all functions are compiled and linked into a single design                       |
|               |                             |              |                                                                                        |
| Unroll/Inline |                             |              | After user unroll and inline pragmas are applied                                       |
|               | (1) unroll                  |  4,379       | user unroll pragmas are applied                                                        |
|               | (2) simplification          |  3,865       | simplification of applied user unroll pragmas                                          |
|               | (3) inline                  |  3,852       | user inline pragmas are applied                                                        |
|               | (4) simplification          |  3,852       | simplification of applied user inline pragmas                                          |
|               |                             |              |                                                                                        |
| Array/Struct  |                             |              | After user array partition and struct aggregate/disaggregate pragmas are applied       |
|               | (1) array partition         |  4,688       | user array partition pragmas are applied                                               |
|               | (2) simplification          |  4,218       | simplification of applied user array partition & struct aggregate/disaggregate pragmas |
|               | (3) aggregate/disaggregate  |  4,218       | user struct aggregate/disaggregate pragmas are applied                                 |
|               | (4) array reshape           |  4,216       | apply array reshape pragmas                                                            |
|               | (5) access patterns         |  4,232       | array access pattern optmizations                                                      |
|               |                             |              |                                                                                        |
| Performance   |                             |              | After transformations are applied to meet performance pragma targets                   |
|               | (1) loop simplification     |  4,218       | loop and instruction simplification                                                    |
|               | (2) parallelization         |  4,218       | loops are unrolled or pipelined to meet performance targets                            |
|               | (3) array partition         |  4,218       | arrays are partitioned to meet performance targets                                     |
|               | (4) simplification          |  4,218       | simplification of design after performance transformations                             |
|               |                             |              |                                                                                        |
| HW Transforms |                             |              | After hardware transfomations                                                          |
|               | (1) lowering                |  4,228       | initial conversion to HW specific instructions                                         |
|               | (2) optimizations           |  4,313       | high level synthesis optimizations                                                     |
+---------------+-----------------------------+--------------+----------------------------------------------------------------------------------------+

* Instructions per Function for each Compilation Phase
+---------------------+--------------------+------------------+---------------+--------------+-------------+---------------+
| Function            | Location           | Compile/Link     | Unroll/Inline | Array/Struct | Performance | HW Transforms |
+---------------------+--------------------+------------------+---------------+--------------+-------------+---------------+
| + fft_serial        | fft_serial.cpp:199 | 66,105           | 3,852         | 4,232        | 4,218       | 4,313         |
|    bit_rev10        | fft_serial.cpp:92  |    16            |               |              |             |               |
|  + fft_stage_bfp<0> | fft_serial.cpp:119 | 6,574            |               |              |             |               |
|     bfp_shift_16    | fft_serial.cpp:19  | 3,912 (4 calls)  |               |              |             |               |
|     twiddle_get     | twiddle_rom.h:19   |    48            |               |              |             |               |
|     bfp_magnitude   | fft_serial.cpp:64  |   234 (2 calls)  |               |              |             |               |
|     bfp_clz8        | fft_serial.cpp:75  |   203            |               |              |             |               |
|    bfp_exp_delta    | fft_serial.cpp:43  |   120 (10 calls) |               |              |             |               |
|  + fft_stage_bfp<1> | fft_serial.cpp:119 | 6,574            |               |              |             |               |
|     bfp_shift_16    | fft_serial.cpp:19  | 3,912 (4 calls)  |               |              |             |               |
|     twiddle_get     | twiddle_rom.h:19   |    48            |               |              |             |               |
|     bfp_magnitude   | fft_serial.cpp:64  |   234 (2 calls)  |               |              |             |               |
|     bfp_clz8        | fft_serial.cpp:75  |   203            |               |              |             |               |
|  + fft_stage_bfp<2> | fft_serial.cpp:119 | 6,574            |               |              |             |               |
|     bfp_shift_16    | fft_serial.cpp:19  | 3,912 (4 calls)  |               |              |             |               |
|     twiddle_get     | twiddle_rom.h:19   |    48            |               |              |             |               |
|     bfp_magnitude   | fft_serial.cpp:64  |   234 (2 calls)  |               |              |             |               |
|     bfp_clz8        | fft_serial.cpp:75  |   203            |               |              |             |               |
|  + fft_stage_bfp<3> | fft_serial.cpp:119 | 6,574            |               |              |             |               |
|     bfp_shift_16    | fft_serial.cpp:19  | 3,912 (4 calls)  |               |              |             |               |
|     twiddle_get     | twiddle_rom.h:19   |    48            |               |              |             |               |
|     bfp_magnitude   | fft_serial.cpp:64  |   234 (2 calls)  |               |              |             |               |
|     bfp_clz8        | fft_serial.cpp:75  |   203            |               |              |             |               |
|  + fft_stage_bfp<4> | fft_serial.cpp:119 | 6,574            |               |              |             |               |
|     bfp_shift_16    | fft_serial.cpp:19  | 3,912 (4 calls)  |               |              |             |               |
|     twiddle_get     | twiddle_rom.h:19   |    48            |               |              |             |               |
|     bfp_magnitude   | fft_serial.cpp:64  |   234 (2 calls)  |               |              |             |               |
|     bfp_clz8        | fft_serial.cpp:75  |   203            |               |              |             |               |
|  + fft_stage_bfp<5> | fft_serial.cpp:119 | 6,574            |               |              |             |               |
|     bfp_shift_16    | fft_serial.cpp:19  | 3,912 (4 calls)  |               |              |             |               |
|     twiddle_get     | twiddle_rom.h:19   |    48            |               |              |             |               |
|     bfp_magnitude   | fft_serial.cpp:64  |   234 (2 calls)  |               |              |             |               |
|     bfp_clz8        | fft_serial.cpp:75  |   203            |               |              |             |               |
|  + fft_stage_bfp<6> | fft_serial.cpp:119 | 6,574            |               |              |             |               |
|     bfp_shift_16    | fft_serial.cpp:19  | 3,912 (4 calls)  |               |              |             |               |
|     twiddle_get     | twiddle_rom.h:19   |    48            |               |              |             |               |
|     bfp_magnitude   | fft_serial.cpp:64  |   234 (2 calls)  |               |              |             |               |
|     bfp_clz8        | fft_serial.cpp:75  |   203            |               |              |             |               |
|  + fft_stage_bfp<7> | fft_serial.cpp:119 | 6,574            |               |              |             |               |
|     bfp_shift_16    | fft_serial.cpp:19  | 3,912 (4 calls)  |               |              |             |               |
|     twiddle_get     | twiddle_rom.h:19   |    48            |               |              |             |               |
|     bfp_magnitude   | fft_serial.cpp:64  |   234 (2 calls)  |               |              |             |               |
|     bfp_clz8        | fft_serial.cpp:75  |   203            |               |              |             |               |
|  + fft_stage_bfp<8> | fft_serial.cpp:119 | 6,574            |               |              |             |               |
|     bfp_shift_16    | fft_serial.cpp:19  | 3,912 (4 calls)  |               |              |             |               |
|     twiddle_get     | twiddle_rom.h:19   |    48            |               |              |             |               |
|     bfp_magnitude   | fft_serial.cpp:64  |   234 (2 calls)  |               |              |             |               |
|     bfp_clz8        | fft_serial.cpp:75  |   203            |               |              |             |               |
|  + fft_stage_bfp<9> | fft_serial.cpp:119 | 6,574            |               |              |             |               |
|     bfp_shift_16    | fft_serial.cpp:19  | 3,912 (4 calls)  |               |              |             |               |
|     twiddle_get     | twiddle_rom.h:19   |    48            |               |              |             |               |
|     bfp_magnitude   | fft_serial.cpp:64  |   234 (2 calls)  |               |              |             |               |
|     bfp_clz8        | fft_serial.cpp:75  |   203            |               |              |             |               |
+---------------------+--------------------+------------------+---------------+--------------+-------------+---------------+

* Design Size Message Settings
+---------------------------------------------+--------+------------------------------------------------------------------+
| Message Setting                             | Value  | Description                                                      |
+---------------------------------------------+--------+------------------------------------------------------------------+
| config_compile -design_size_maximum_warning | 100000 | Show a warning when total design instructions exceeds this value |
+---------------------------------------------+--------+------------------------------------------------------------------+


