

================================================================
== Vitis HLS Report for 'fft_serial_Pipeline_bfly_loop5'
================================================================
* Date:           Tue Jun 30 20:48:44 2026

* Version:        2023.2 (Build 4023990 on Oct 11 2023)
* Project:        serial_fft_hls
* Solution:       solution1 (Vivado IP Flow Target)
* Product family: artix7
* Target device:  xc7a200t-fbg676-2


================================================================
== Performance Estimates
================================================================
+ Timing: 
    * Summary: 
    +--------+----------+-----------+------------+
    |  Clock |  Target  | Estimated | Uncertainty|
    +--------+----------+-----------+------------+
    |ap_clk  |  10.00 ns|  10.983 ns|     2.70 ns|
    +--------+----------+-----------+------------+

+ Latency: 
    * Summary: 
    +---------+---------+-----------+-----------+------+------+---------+
    |  Latency (cycles) |   Latency (absolute)  |   Interval  | Pipeline|
    |   min   |   max   |    min    |    max    |  min |  max |   Type  |
    +---------+---------+-----------+-----------+------+------+---------+
    |     2562|     2562|  28.139 us|  28.139 us|  2562|  2562|       no|
    +---------+---------+-----------+-----------+------+------+---------+

    + Detail: 
        * Instance: 
        N/A

        * Loop: 
        +-------------+---------+---------+----------+-----------+-----------+------+----------+
        |             |  Latency (cycles) | Iteration|  Initiation Interval  | Trip |          |
        |  Loop Name  |   min   |   max   |  Latency |  achieved |   target  | Count| Pipelined|
        +-------------+---------+---------+----------+-----------+-----------+------+----------+
        |- bfly_loop  |     2560|     2560|         6|          5|          1|   512|       yes|
        +-------------+---------+---------+----------+-----------+-----------+------+----------+



================================================================
== Utilization Estimates
================================================================
* Summary: 
+-----------------+---------+-----+--------+--------+-----+
|       Name      | BRAM_18K| DSP |   FF   |   LUT  | URAM|
+-----------------+---------+-----+--------+--------+-----+
|DSP              |        -|    2|       -|       -|    -|
|Expression       |        -|    -|       0|     895|    -|
|FIFO             |        -|    -|       -|       -|    -|
|Instance         |        -|    2|       0|       0|    -|
|Memory           |        -|    -|       -|       -|    -|
|Multiplexer      |        -|    -|       -|     131|    -|
|Register         |        -|    -|     404|       -|    -|
+-----------------+---------+-----+--------+--------+-----+
|Total            |        0|    4|     404|    1026|    0|
+-----------------+---------+-----+--------+--------+-----+
|Available        |      730|  740|  269200|  134600|    0|
+-----------------+---------+-----+--------+--------+-----+
|Utilization (%)  |        0|   ~0|      ~0|      ~0|    0|
+-----------------+---------+-----+--------+--------+-----+

+ Detail: 
    * Instance: 
    +------------------------+--------------------+---------+----+---+----+-----+
    |        Instance        |       Module       | BRAM_18K| DSP| FF| LUT| URAM|
    +------------------------+--------------------+---------+----+---+----+-----+
    |mul_16s_16s_32_4_1_U55  |mul_16s_16s_32_4_1  |        0|   1|  0|   0|    0|
    |mul_16s_16s_32_4_1_U56  |mul_16s_16s_32_4_1  |        0|   1|  0|   0|    0|
    +------------------------+--------------------+---------+----+---+----+-----+
    |Total                   |                    |        0|   2|  0|   0|    0|
    +------------------------+--------------------+---------+----+---+----+-----+

    * DSP: 
    +-----------------------------------+-------------------------------+--------------+
    |              Instance             |             Module            |  Expression  |
    +-----------------------------------+-------------------------------+--------------+
    |mac_muladd_16s_16s_32s_32_1_1_U58  |mac_muladd_16s_16s_32s_32_1_1  |  i0 + i1 * i2|
    |mac_mulsub_16s_16s_32s_32_1_1_U57  |mac_mulsub_16s_16s_32s_32_1_1  |  i0 - i1 * i2|
    +-----------------------------------+-------------------------------+--------------+

    * Memory: 
    N/A

    * FIFO: 
    N/A

    * Expression: 
    +--------------------------+----------+----+---+----+------------+------------+
    |       Variable Name      | Operation| DSP| FF| LUT| Bitwidth P0| Bitwidth P1|
    +--------------------------+----------+----+---+----+------------+------------+
    |a_im_out_fu_887_p2        |         +|   0|  0|  24|          17|          17|
    |a_re_out_fu_859_p2        |         +|   0|  0|  24|          17|          17|
    |bfly_5_fu_278_p2          |         +|   0|  0|  17|          10|           1|
    |rounded_7_fu_809_p2       |         +|   0|  0|  24|          17|          17|
    |rounded_8_fu_533_p2       |         +|   0|  0|  24|          17|          17|
    |rounded_9_fu_759_p2       |         +|   0|  0|  24|          17|          17|
    |rounded_fu_721_p2         |         +|   0|  0|  24|          17|          17|
    |b_im_out_fu_895_p2        |         -|   0|  0|  24|          17|          17|
    |b_re_out_fu_867_p2        |         -|   0|  0|  24|          17|          17|
    |sub_ln23_fu_480_p2        |         -|   0|  0|  16|           9|           8|
    |icmp_ln132_fu_272_p2      |      icmp|   0|  0|  18|          10|          11|
    |icmp_ln21_15_fu_354_p2    |      icmp|   0|  0|  13|           4|           3|
    |icmp_ln21_16_fu_360_p2    |      icmp|   0|  0|  13|           4|           3|
    |icmp_ln21_17_fu_366_p2    |      icmp|   0|  0|  13|           4|           3|
    |icmp_ln21_18_fu_372_p2    |      icmp|   0|  0|  13|           4|           2|
    |icmp_ln21_19_fu_378_p2    |      icmp|   0|  0|  13|           4|           2|
    |icmp_ln21_20_fu_456_p2    |      icmp|   0|  0|  13|           4|           1|
    |icmp_ln21_21_fu_462_p2    |      icmp|   0|  0|  13|           4|           1|
    |icmp_ln21_fu_348_p2       |      icmp|   0|  0|  13|           4|           3|
    |icmp_ln24_7_fu_799_p2     |      icmp|   0|  0|  10|           2|           2|
    |icmp_ln24_8_fu_523_p2     |      icmp|   0|  0|  10|           2|           2|
    |icmp_ln24_9_fu_679_p2     |      icmp|   0|  0|  10|           2|           2|
    |icmp_ln24_fu_711_p2       |      icmp|   0|  0|  10|           2|           2|
    |icmp_ln28_3_fu_577_p2     |      icmp|   0|  0|  11|           2|           3|
    |icmp_ln28_4_fu_600_p2     |      icmp|   0|  0|  10|           2|           1|
    |icmp_ln28_fu_613_p2       |      icmp|   0|  0|  10|           2|           1|
    |or_ln141_fu_326_p2        |        or|   0|  0|   9|           9|           3|
    |or_ln21_7_fu_406_p2       |        or|   0|  0|   2|           1|           1|
    |or_ln21_8_fu_420_p2       |        or|   0|  0|   2|           1|           1|
    |or_ln21_9_fu_434_p2       |        or|   0|  0|   2|           1|           1|
    |or_ln21_fu_392_p2         |        or|   0|  0|   2|           1|           1|
    |or_ln28_fu_626_p2         |        or|   0|  0|   2|           1|           1|
    |a_im_11_fu_830_p3         |    select|   0|  0|  16|           1|          16|
    |a_im_12_fu_837_p3         |    select|   0|  0|  16|           1|          16|
    |a_re_11_fu_742_p3         |    select|   0|  0|  16|           1|          16|
    |a_re_12_fu_749_p3         |    select|   0|  0|  16|           1|          16|
    |b_im_11_fu_774_p3         |    select|   0|  0|  16|           1|          16|
    |b_im_12_fu_779_p3         |    select|   0|  0|  16|           1|          16|
    |b_re_11_fu_555_p3         |    select|   0|  0|  16|           1|          16|
    |b_re_12_fu_562_p3         |    select|   0|  0|  16|           1|          16|
    |rom_addr_fu_486_p3        |    select|   0|  0|   8|           1|           8|
    |select_ln21_27_fu_398_p3  |    select|   0|  0|   4|           1|           2|
    |select_ln21_28_fu_412_p3  |    select|   0|  0|   3|           1|           3|
    |select_ln21_29_fu_426_p3  |    select|   0|  0|   3|           1|           3|
    |select_ln21_30_fu_440_p3  |    select|   0|  0|   3|           1|           3|
    |select_ln21_31_fu_448_p3  |    select|   0|  0|   3|           1|           3|
    |select_ln21_fu_384_p3     |    select|   0|  0|   2|           1|           1|
    |select_ln28_4_fu_582_p3   |    select|   0|  0|  15|           1|          15|
    |v_16_fu_786_p3            |    select|   0|  0|  17|           1|          17|
    |v_17_fu_508_p3            |    select|   0|  0|  17|           1|          17|
    |v_18_fu_664_p3            |    select|   0|  0|  17|           1|          17|
    |v_fu_698_p3               |    select|   0|  0|  17|           1|          17|
    |w_re_12_fu_605_p3         |    select|   0|  0|  16|           1|          16|
    |w_re_13_fu_618_p3         |    select|   0|  0|  16|           1|          16|
    |w_re_14_fu_632_p3         |    select|   0|  0|  15|           1|          15|
    |a_im_10_fu_825_p2         |       shl|   0|  0|  35|          16|          16|
    |a_re_10_fu_737_p2         |       shl|   0|  0|  35|          16|          16|
    |b_im_10_fu_685_p2         |       shl|   0|  0|  35|          16|          16|
    |b_re_10_fu_549_p2         |       shl|   0|  0|  35|          16|          16|
    |ap_enable_pp0             |       xor|   0|  0|   2|           1|           2|
    |w_im_fu_644_p2            |       xor|   0|  0|  16|          16|           2|
    |w_re_11_fu_594_p2         |       xor|   0|  0|  16|          16|           2|
    +--------------------------+----------+----+---+----+------------+------------+
    |Total                     |          |   0|  0| 895|         345|         546|
    +--------------------------+----------+----+---+----+------------+------------+

    * Multiplexer: 
    +-----------------------------+----+-----------+-----+-----------+
    |             Name            | LUT| Input Size| Bits| Total Bits|
    +-----------------------------+----+-----------+-----+-----------+
    |ap_NS_fsm                    |  25|          6|    1|          6|
    |ap_done_int                  |   9|          2|    1|          2|
    |ap_enable_reg_pp0_iter0      |   9|          2|    1|          2|
    |ap_enable_reg_pp0_iter0_reg  |   9|          2|    1|          2|
    |ap_enable_reg_pp0_iter1      |   9|          2|    1|          2|
    |ap_sig_allocacmp_bfly        |   9|          2|   10|         20|
    |bfly_4_fu_132                |   9|          2|   10|         20|
    |re_1_address0                |  13|          3|    9|         27|
    |re_1_address1                |  13|          3|    9|         27|
    |re_address0                  |  13|          3|    9|         27|
    |re_address1                  |  13|          3|    9|         27|
    +-----------------------------+----+-----------+-----+-----------+
    |Total                        | 131|         30|   61|        162|
    +-----------------------------+----+-----------+-----+-----------+

    * Register: 
    +-----------------------------+----+----+-----+-----------+
    |             Name            | FF | LUT| Bits| Const Bits|
    +-----------------------------+----+----+-----+-----------+
    |a_im_12_reg_1095             |  16|   0|   16|          0|
    |a_re_12_reg_1085             |  16|   0|   16|          0|
    |ap_CS_fsm                    |   5|   0|    5|          0|
    |ap_done_reg                  |   1|   0|    1|          0|
    |ap_enable_reg_pp0_iter0_reg  |   1|   0|    1|          0|
    |ap_enable_reg_pp0_iter1      |   1|   0|    1|          0|
    |b_im_10_reg_1074             |  16|   0|   16|          0|
    |b_im_12_reg_1090             |  16|   0|   16|          0|
    |b_im_9_reg_1064              |  16|   0|   16|          0|
    |bfly_4_fu_132                |  10|   0|   10|          0|
    |icmp_ln132_reg_925           |   1|   0|    1|          0|
    |icmp_ln21_20_reg_959         |   1|   0|    1|          0|
    |icmp_ln21_21_reg_967         |   1|   0|    1|          0|
    |icmp_ln24_9_reg_1069         |   1|   0|    1|          0|
    |im_1_addr_3_reg_1000         |   8|   0|    9|          1|
    |im_1_addr_reg_980            |   8|   0|    9|          1|
    |im_1_load_reg_1054           |  17|   0|   17|          0|
    |im_addr_3_reg_995            |   8|   0|    9|          1|
    |im_addr_reg_975              |   8|   0|    9|          1|
    |im_load_reg_1049             |  17|   0|   17|          0|
    |re_1_addr_3_reg_990          |   8|   0|    9|          1|
    |re_1_addr_reg_949            |   8|   0|    9|          1|
    |re_1_load_reg_1020           |  17|   0|   17|          0|
    |re_addr_3_reg_985            |   8|   0|    9|          1|
    |re_addr_reg_944              |   8|   0|    9|          1|
    |re_load_reg_1015             |  17|   0|   17|          0|
    |select_ln21_31_reg_954       |   3|   0|    3|          0|
    |sext_ln159_3_reg_1043        |  32|   0|   32|          0|
    |sext_ln159_reg_1037          |  32|   0|   32|          0|
    |sext_ln160_3_reg_1079        |  32|   0|   32|          0|
    |sext_ln160_reg_1100          |  32|   0|   32|          0|
    |tmp_8_reg_937                |   2|   0|    2|          0|
    |trunc_ln132_reg_929          |   1|   0|    1|          0|
    |v_18_reg_1059                |  17|   0|   17|          0|
    |w_im_reg_1032                |  16|   0|   16|          0|
    |zext_ln21_reg_1025           |   3|   0|   16|         13|
    +-----------------------------+----+----+-----+-----------+
    |Total                        | 404|   0|  425|         21|
    +-----------------------------+----+----+-----+-----------+



================================================================
== Interface
================================================================
* Summary: 
+---------------------+-----+-----+------------+--------------------------------+--------------+
|      RTL Ports      | Dir | Bits|  Protocol  |          Source Object         |    C Type    |
+---------------------+-----+-----+------------+--------------------------------+--------------+
|ap_clk               |   in|    1|  ap_ctrl_hs|  fft_serial_Pipeline_bfly_loop5|  return value|
|ap_rst               |   in|    1|  ap_ctrl_hs|  fft_serial_Pipeline_bfly_loop5|  return value|
|ap_start             |   in|    1|  ap_ctrl_hs|  fft_serial_Pipeline_bfly_loop5|  return value|
|ap_done              |  out|    1|  ap_ctrl_hs|  fft_serial_Pipeline_bfly_loop5|  return value|
|ap_idle              |  out|    1|  ap_ctrl_hs|  fft_serial_Pipeline_bfly_loop5|  return value|
|ap_ready             |  out|    1|  ap_ctrl_hs|  fft_serial_Pipeline_bfly_loop5|  return value|
|re_address0          |  out|    9|   ap_memory|                              re|         array|
|re_ce0               |  out|    1|   ap_memory|                              re|         array|
|re_we0               |  out|    1|   ap_memory|                              re|         array|
|re_d0                |  out|   17|   ap_memory|                              re|         array|
|re_q0                |   in|   17|   ap_memory|                              re|         array|
|re_address1          |  out|    9|   ap_memory|                              re|         array|
|re_ce1               |  out|    1|   ap_memory|                              re|         array|
|re_we1               |  out|    1|   ap_memory|                              re|         array|
|re_d1                |  out|   17|   ap_memory|                              re|         array|
|re_q1                |   in|   17|   ap_memory|                              re|         array|
|re_1_address0        |  out|    9|   ap_memory|                            re_1|         array|
|re_1_ce0             |  out|    1|   ap_memory|                            re_1|         array|
|re_1_we0             |  out|    1|   ap_memory|                            re_1|         array|
|re_1_d0              |  out|   17|   ap_memory|                            re_1|         array|
|re_1_q0              |   in|   17|   ap_memory|                            re_1|         array|
|re_1_address1        |  out|    9|   ap_memory|                            re_1|         array|
|re_1_ce1             |  out|    1|   ap_memory|                            re_1|         array|
|re_1_we1             |  out|    1|   ap_memory|                            re_1|         array|
|re_1_d1              |  out|   17|   ap_memory|                            re_1|         array|
|re_1_q1              |   in|   17|   ap_memory|                            re_1|         array|
|clz_next_3           |   in|    4|     ap_none|                      clz_next_3|        scalar|
|im_address0          |  out|    9|   ap_memory|                              im|         array|
|im_ce0               |  out|    1|   ap_memory|                              im|         array|
|im_we0               |  out|    1|   ap_memory|                              im|         array|
|im_d0                |  out|   17|   ap_memory|                              im|         array|
|im_q0                |   in|   17|   ap_memory|                              im|         array|
|im_address1          |  out|    9|   ap_memory|                              im|         array|
|im_ce1               |  out|    1|   ap_memory|                              im|         array|
|im_we1               |  out|    1|   ap_memory|                              im|         array|
|im_d1                |  out|   17|   ap_memory|                              im|         array|
|im_q1                |   in|   17|   ap_memory|                              im|         array|
|im_1_address0        |  out|    9|   ap_memory|                            im_1|         array|
|im_1_ce0             |  out|    1|   ap_memory|                            im_1|         array|
|im_1_we0             |  out|    1|   ap_memory|                            im_1|         array|
|im_1_d0              |  out|   17|   ap_memory|                            im_1|         array|
|im_1_q0              |   in|   17|   ap_memory|                            im_1|         array|
|im_1_address1        |  out|    9|   ap_memory|                            im_1|         array|
|im_1_ce1             |  out|    1|   ap_memory|                            im_1|         array|
|im_1_we1             |  out|    1|   ap_memory|                            im_1|         array|
|im_1_d1              |  out|   17|   ap_memory|                            im_1|         array|
|im_1_q1              |   in|   17|   ap_memory|                            im_1|         array|
|TW_COS_LUT_address0  |  out|    8|   ap_memory|                      TW_COS_LUT|         array|
|TW_COS_LUT_ce0       |  out|    1|   ap_memory|                      TW_COS_LUT|         array|
|TW_COS_LUT_q0        |   in|   15|   ap_memory|                      TW_COS_LUT|         array|
|TW_SIN_LUT_address0  |  out|    8|   ap_memory|                      TW_SIN_LUT|         array|
|TW_SIN_LUT_ce0       |  out|    1|   ap_memory|                      TW_SIN_LUT|         array|
|TW_SIN_LUT_q0        |   in|   15|   ap_memory|                      TW_SIN_LUT|         array|
+---------------------+-----+-----+------------+--------------------------------+--------------+

