

================================================================
== Vitis HLS Report for 'fft_serial_Pipeline_bfly_loop1'
================================================================
* Date:           Tue Jun 30 20:48:43 2026

* Version:        2023.2 (Build 4023990 on Oct 11 2023)
* Project:        serial_fft_hls
* Solution:       solution1 (Vivado IP Flow Target)
* Product family: artix7
* Target device:  xc7a200t-fbg676-2


================================================================
== Performance Estimates
================================================================
+ Timing: 
    * Summary: 
    +--------+----------+----------+------------+
    |  Clock |  Target  | Estimated| Uncertainty|
    +--------+----------+----------+------------+
    |ap_clk  |  10.00 ns|  9.098 ns|     2.70 ns|
    +--------+----------+----------+------------+

+ Latency: 
    * Summary: 
    +---------+---------+-----------+-----------+------+------+---------+
    |  Latency (cycles) |   Latency (absolute)  |   Interval  | Pipeline|
    |   min   |   max   |    min    |    max    |  min |  max |   Type  |
    +---------+---------+-----------+-----------+------+------+---------+
    |     3586|     3586|  35.860 us|  35.860 us|  3586|  3586|       no|
    +---------+---------+-----------+-----------+------+------+---------+

    + Detail: 
        * Instance: 
        N/A

        * Loop: 
        +-------------+---------+---------+----------+-----------+-----------+------+----------+
        |             |  Latency (cycles) | Iteration|  Initiation Interval  | Trip |          |
        |  Loop Name  |   min   |   max   |  Latency |  achieved |   target  | Count| Pipelined|
        +-------------+---------+---------+----------+-----------+-----------+------+----------+
        |- bfly_loop  |     3584|     3584|         7|          7|          1|   512|       yes|
        +-------------+---------+---------+----------+-----------+-----------+------+----------+



================================================================
== Utilization Estimates
================================================================
* Summary: 
+-----------------+---------+-----+--------+--------+-----+
|       Name      | BRAM_18K| DSP |   FF   |   LUT  | URAM|
+-----------------+---------+-----+--------+--------+-----+
|DSP              |        -|    2|       -|       -|    -|
|Expression       |        -|    -|       0|     774|    -|
|FIFO             |        -|    -|       -|       -|    -|
|Instance         |        -|    2|       0|       0|    -|
|Memory           |        -|    -|       -|       -|    -|
|Multiplexer      |        -|    -|       -|     164|    -|
|Register         |        -|    -|     300|       -|    -|
+-----------------+---------+-----+--------+--------+-----+
|Total            |        0|    4|     300|     938|    0|
+-----------------+---------+-----+--------+--------+-----+
|Available        |      730|  740|  269200|  134600|    0|
+-----------------+---------+-----+--------+--------+-----+
|Utilization (%)  |        0|   ~0|      ~0|      ~0|    0|
+-----------------+---------+-----+--------+--------+-----+

+ Detail: 
    * Instance: 
    +------------------------+--------------------+---------+----+---+----+-----+
    |        Instance        |       Module       | BRAM_18K| DSP| FF| LUT| URAM|
    +------------------------+--------------------+---------+----+---+----+-----+
    |mul_16s_16s_32_4_1_U20  |mul_16s_16s_32_4_1  |        0|   1|  0|   0|    0|
    |mul_16s_16s_32_4_1_U21  |mul_16s_16s_32_4_1  |        0|   1|  0|   0|    0|
    +------------------------+--------------------+---------+----+---+----+-----+
    |Total                   |                    |        0|   2|  0|   0|    0|
    +------------------------+--------------------+---------+----+---+----+-----+

    * DSP: 
    +-----------------------------------+-------------------------------+--------------+
    |              Instance             |             Module            |  Expression  |
    +-----------------------------------+-------------------------------+--------------+
    |mac_muladd_16s_16s_31s_32_4_1_U23  |mac_muladd_16s_16s_31s_32_4_1  |  i0 + i1 * i2|
    |mac_mulsub_16s_16s_31s_32_4_1_U22  |mac_mulsub_16s_16s_31s_32_4_1  |  i0 - i1 * i2|
    +-----------------------------------+-------------------------------+--------------+

    * Memory: 
    N/A

    * FIFO: 
    N/A

    * Expression: 
    +-------------------------+----------+----+---+----+------------+------------+
    |      Variable Name      | Operation| DSP| FF| LUT| Bitwidth P0| Bitwidth P1|
    +-------------------------+----------+----+---+----+------------+------------+
    |a_im_out_fu_733_p2       |         +|   0|  0|  24|          17|          17|
    |a_re_out_fu_722_p2       |         +|   0|  0|  24|          17|          17|
    |bfly_12_fu_236_p2        |         +|   0|  0|  17|          10|           1|
    |rounded_27_fu_643_p2     |         +|   0|  0|  24|          17|          17|
    |rounded_28_fu_438_p2     |         +|   0|  0|  24|          17|          17|
    |rounded_29_fu_499_p2     |         +|   0|  0|  24|          17|          17|
    |rounded_fu_585_p2        |         +|   0|  0|  24|          17|          17|
    |b_im_out_fu_747_p2       |         -|   0|  0|  24|          17|          17|
    |b_re_out_fu_741_p2       |         -|   0|  0|  24|          17|          17|
    |icmp_ln132_fu_230_p2     |      icmp|   0|  0|  18|          10|          11|
    |icmp_ln21_1_fu_296_p2    |      icmp|   0|  0|  13|           4|           3|
    |icmp_ln21_2_fu_302_p2    |      icmp|   0|  0|  13|           4|           3|
    |icmp_ln21_3_fu_308_p2    |      icmp|   0|  0|  13|           4|           3|
    |icmp_ln21_4_fu_314_p2    |      icmp|   0|  0|  13|           4|           2|
    |icmp_ln21_5_fu_320_p2    |      icmp|   0|  0|  13|           4|           2|
    |icmp_ln21_6_fu_398_p2    |      icmp|   0|  0|  13|           4|           1|
    |icmp_ln21_7_fu_404_p2    |      icmp|   0|  0|  13|           4|           1|
    |icmp_ln21_fu_290_p2      |      icmp|   0|  0|  13|           4|           3|
    |icmp_ln24_1_fu_633_p2    |      icmp|   0|  0|  10|           2|           2|
    |icmp_ln24_2_fu_428_p2    |      icmp|   0|  0|  10|           2|           2|
    |icmp_ln24_3_fu_489_p2    |      icmp|   0|  0|  10|           2|           2|
    |icmp_ln24_fu_575_p2      |      icmp|   0|  0|  10|           2|           2|
    |or_ln141_fu_276_p2       |        or|   0|  0|   9|           9|           1|
    |or_ln21_1_fu_348_p2      |        or|   0|  0|   2|           1|           1|
    |or_ln21_2_fu_362_p2      |        or|   0|  0|   2|           1|           1|
    |or_ln21_3_fu_376_p2      |        or|   0|  0|   2|           1|           1|
    |or_ln21_fu_334_p2        |        or|   0|  0|   2|           1|           1|
    |a_im_36_fu_664_p3        |    select|   0|  0|  16|           1|          16|
    |a_im_37_fu_671_p3        |    select|   0|  0|  16|           1|          16|
    |a_re_36_fu_606_p3        |    select|   0|  0|  16|           1|          16|
    |a_re_37_fu_613_p3        |    select|   0|  0|  16|           1|          16|
    |b_im_36_fu_521_p3        |    select|   0|  0|  16|           1|          16|
    |b_im_37_fu_528_p3        |    select|   0|  0|  16|           1|          16|
    |b_re_36_fu_460_p3        |    select|   0|  0|  16|           1|          16|
    |b_re_37_fu_467_p3        |    select|   0|  0|  16|           1|          16|
    |select_ln159_fu_539_p3   |    select|   0|  0|  15|           1|           2|
    |select_ln160_fu_678_p3   |    select|   0|  0|  17|           1|          17|
    |select_ln21_1_fu_340_p3  |    select|   0|  0|   4|           1|           2|
    |select_ln21_2_fu_354_p3  |    select|   0|  0|   3|           1|           3|
    |select_ln21_3_fu_368_p3  |    select|   0|  0|   3|           1|           3|
    |select_ln21_4_fu_382_p3  |    select|   0|  0|   3|           1|           3|
    |select_ln21_5_fu_390_p3  |    select|   0|  0|   3|           1|           3|
    |select_ln21_fu_326_p3    |    select|   0|  0|   2|           1|           1|
    |v_10_fu_413_p3           |    select|   0|  0|  17|           1|          17|
    |v_11_fu_474_p3           |    select|   0|  0|  17|           1|          17|
    |v_6_fu_562_p3            |    select|   0|  0|  17|           1|          17|
    |v_9_fu_620_p3            |    select|   0|  0|  17|           1|          17|
    |a_im_35_fu_659_p2        |       shl|   0|  0|  35|          16|          16|
    |a_re_35_fu_601_p2        |       shl|   0|  0|  35|          16|          16|
    |b_im_35_fu_515_p2        |       shl|   0|  0|  35|          16|          16|
    |b_re_35_fu_454_p2        |       shl|   0|  0|  35|          16|          16|
    +-------------------------+----------+----+---+----+------------+------------+
    |Total                    |          |   0|  0| 774|         293|         473|
    +-------------------------+----------+----+---+----+------------+------------+

    * Multiplexer: 
    +-----------------------+----+-----------+-----+-----------+
    |          Name         | LUT| Input Size| Bits| Total Bits|
    +-----------------------+----+-----------+-----+-----------+
    |ap_NS_fsm              |  33|          8|    1|          8|
    |ap_done_int            |   9|          2|    1|          2|
    |ap_sig_allocacmp_bfly  |   9|          2|   10|         20|
    |bfly_1_fu_112          |   9|          2|   10|         20|
    |im_1_address0          |  13|          3|    9|         27|
    |im_1_address1          |  13|          3|    9|         27|
    |im_address0            |  13|          3|    9|         27|
    |im_address1            |  13|          3|    9|         27|
    |re_1_address0          |  13|          3|    9|         27|
    |re_1_address1          |  13|          3|    9|         27|
    |re_address0            |  13|          3|    9|         27|
    |re_address1            |  13|          3|    9|         27|
    +-----------------------+----+-----------+-----+-----------+
    |Total                  | 164|         38|   94|        266|
    +-----------------------+----+-----------+-----+-----------+

    * Register: 
    +-----------------------+----+----+-----+-----------+
    |          Name         | FF | LUT| Bits| Const Bits|
    +-----------------------+----+----+-----+-----------+
    |a_im_37_reg_917        |  16|   0|   16|          0|
    |a_re_37_reg_912        |  16|   0|   16|          0|
    |ap_CS_fsm              |   7|   0|    7|          0|
    |ap_done_reg            |   1|   0|    1|          0|
    |b_im_out_reg_944       |  17|   0|   17|          0|
    |b_re_out_reg_938       |  17|   0|   17|          0|
    |bfly_12_reg_784        |  10|   0|   10|          0|
    |bfly_1_fu_112          |  10|   0|   10|          0|
    |icmp_ln132_reg_780     |   1|   0|    1|          0|
    |icmp_ln21_6_reg_816    |   1|   0|    1|          0|
    |icmp_ln21_7_reg_824    |   1|   0|    1|          0|
    |im_1_addr_4_reg_838    |   8|   0|    9|          1|
    |im_1_addr_5_reg_862    |   8|   0|    9|          1|
    |im_1_load_2_reg_889    |  17|   0|   17|          0|
    |im_addr_4_reg_832      |   8|   0|    9|          1|
    |im_addr_5_reg_856      |   8|   0|    9|          1|
    |im_load_2_reg_884      |  17|   0|   17|          0|
    |j_reg_789              |   1|   0|    1|          0|
    |re_1_addr_3_reg_805    |   8|   0|    9|          1|
    |re_1_addr_5_reg_850    |   8|   0|    9|          1|
    |re_1_load_1_reg_873    |  17|   0|   17|          0|
    |re_addr_3_reg_799      |   8|   0|    9|          1|
    |re_addr_5_reg_844      |   8|   0|    9|          1|
    |re_load_1_reg_868      |  17|   0|   17|          0|
    |select_ln21_5_reg_811  |   3|   0|    3|          0|
    |sext_ln159_1_reg_894   |  32|   0|   32|          0|
    |sext_ln160_1_reg_906   |  32|   0|   32|          0|
    |zext_ln21_reg_878      |   3|   0|   16|         13|
    +-----------------------+----+----+-----+-----------+
    |Total                  | 300|   0|  321|         21|
    +-----------------------+----+----+-----+-----------+



================================================================
== Interface
================================================================
* Summary: 
+---------------+-----+-----+------------+--------------------------------+--------------+
|   RTL Ports   | Dir | Bits|  Protocol  |          Source Object         |    C Type    |
+---------------+-----+-----+------------+--------------------------------+--------------+
|ap_clk         |   in|    1|  ap_ctrl_hs|  fft_serial_Pipeline_bfly_loop1|  return value|
|ap_rst         |   in|    1|  ap_ctrl_hs|  fft_serial_Pipeline_bfly_loop1|  return value|
|ap_start       |   in|    1|  ap_ctrl_hs|  fft_serial_Pipeline_bfly_loop1|  return value|
|ap_done        |  out|    1|  ap_ctrl_hs|  fft_serial_Pipeline_bfly_loop1|  return value|
|ap_idle        |  out|    1|  ap_ctrl_hs|  fft_serial_Pipeline_bfly_loop1|  return value|
|ap_ready       |  out|    1|  ap_ctrl_hs|  fft_serial_Pipeline_bfly_loop1|  return value|
|re_address0    |  out|    9|   ap_memory|                              re|         array|
|re_ce0         |  out|    1|   ap_memory|                              re|         array|
|re_we0         |  out|    1|   ap_memory|                              re|         array|
|re_d0          |  out|   17|   ap_memory|                              re|         array|
|re_q0          |   in|   17|   ap_memory|                              re|         array|
|re_address1    |  out|    9|   ap_memory|                              re|         array|
|re_ce1         |  out|    1|   ap_memory|                              re|         array|
|re_we1         |  out|    1|   ap_memory|                              re|         array|
|re_d1          |  out|   17|   ap_memory|                              re|         array|
|re_q1          |   in|   17|   ap_memory|                              re|         array|
|re_1_address0  |  out|    9|   ap_memory|                            re_1|         array|
|re_1_ce0       |  out|    1|   ap_memory|                            re_1|         array|
|re_1_we0       |  out|    1|   ap_memory|                            re_1|         array|
|re_1_d0        |  out|   17|   ap_memory|                            re_1|         array|
|re_1_q0        |   in|   17|   ap_memory|                            re_1|         array|
|re_1_address1  |  out|    9|   ap_memory|                            re_1|         array|
|re_1_ce1       |  out|    1|   ap_memory|                            re_1|         array|
|re_1_we1       |  out|    1|   ap_memory|                            re_1|         array|
|re_1_d1        |  out|   17|   ap_memory|                            re_1|         array|
|re_1_q1        |   in|   17|   ap_memory|                            re_1|         array|
|clz_next_1     |   in|    4|     ap_none|                      clz_next_1|        scalar|
|im_address0    |  out|    9|   ap_memory|                              im|         array|
|im_ce0         |  out|    1|   ap_memory|                              im|         array|
|im_we0         |  out|    1|   ap_memory|                              im|         array|
|im_d0          |  out|   17|   ap_memory|                              im|         array|
|im_q0          |   in|   17|   ap_memory|                              im|         array|
|im_address1    |  out|    9|   ap_memory|                              im|         array|
|im_ce1         |  out|    1|   ap_memory|                              im|         array|
|im_we1         |  out|    1|   ap_memory|                              im|         array|
|im_d1          |  out|   17|   ap_memory|                              im|         array|
|im_q1          |   in|   17|   ap_memory|                              im|         array|
|im_1_address0  |  out|    9|   ap_memory|                            im_1|         array|
|im_1_ce0       |  out|    1|   ap_memory|                            im_1|         array|
|im_1_we0       |  out|    1|   ap_memory|                            im_1|         array|
|im_1_d0        |  out|   17|   ap_memory|                            im_1|         array|
|im_1_q0        |   in|   17|   ap_memory|                            im_1|         array|
|im_1_address1  |  out|    9|   ap_memory|                            im_1|         array|
|im_1_ce1       |  out|    1|   ap_memory|                            im_1|         array|
|im_1_we1       |  out|    1|   ap_memory|                            im_1|         array|
|im_1_d1        |  out|   17|   ap_memory|                            im_1|         array|
|im_1_q1        |   in|   17|   ap_memory|                            im_1|         array|
+---------------+-----+-----+------------+--------------------------------+--------------+

