

================================================================
== Vitis HLS Report for 'fft_serial_Pipeline_bfly_loop15'
================================================================
* Date:           Tue Jun 30 20:48:48 2026

* Version:        2023.2 (Build 4023990 on Oct 11 2023)
* Project:        serial_fft_hls
* Solution:       solution1 (Vivado IP Flow Target)
* Product family: artix7
* Target device:  xc7a200t-fbg676-2


================================================================
== Performance Estimates
================================================================
+ Timing: 
    * Summary: 
    +--------+----------+-----------+------------+
    |  Clock |  Target  | Estimated | Uncertainty|
    +--------+----------+-----------+------------+
    |ap_clk  |  10.00 ns|  10.983 ns|     2.70 ns|
    +--------+----------+-----------+------------+

+ Latency: 
    * Summary: 
    +---------+---------+-----------+-----------+------+------+---------+
    |  Latency (cycles) |   Latency (absolute)  |   Interval  | Pipeline|
    |   min   |   max   |    min    |    max    |  min |  max |   Type  |
    +---------+---------+-----------+-----------+------+------+---------+
    |     2562|     2562|  28.139 us|  28.139 us|  2562|  2562|       no|
    +---------+---------+-----------+-----------+------+------+---------+

    + Detail: 
        * Instance: 
        N/A

        * Loop: 
        +-------------+---------+---------+----------+-----------+-----------+------+----------+
        |             |  Latency (cycles) | Iteration|  Initiation Interval  | Trip |          |
        |  Loop Name  |   min   |   max   |  Latency |  achieved |   target  | Count| Pipelined|
        +-------------+---------+---------+----------+-----------+-----------+------+----------+
        |- bfly_loop  |     2560|     2560|         6|          5|          1|   512|       yes|
        +-------------+---------+---------+----------+-----------+-----------+------+----------+



================================================================
== Utilization Estimates
================================================================
* Summary: 
+-----------------+---------+-----+--------+--------+-----+
|       Name      | BRAM_18K| DSP |   FF   |   LUT  | URAM|
+-----------------+---------+-----+--------+--------+-----+
|DSP              |        -|    2|       -|       -|    -|
|Expression       |        -|    -|       0|     895|    -|
|FIFO             |        -|    -|       -|       -|    -|
|Instance         |        -|    2|       0|       0|    -|
|Memory           |        -|    -|       -|       -|    -|
|Multiplexer      |        -|    -|       -|     131|    -|
|Register         |        -|    -|     404|       -|    -|
+-----------------+---------+-----+--------+--------+-----+
|Total            |        0|    4|     404|    1026|    0|
+-----------------+---------+-----+--------+--------+-----+
|Available        |      730|  740|  269200|  134600|    0|
+-----------------+---------+-----+--------+--------+-----+
|Utilization (%)  |        0|   ~0|      ~0|      ~0|    0|
+-----------------+---------+-----+--------+--------+-----+

+ Detail: 
    * Instance: 
    +-------------------------+--------------------+---------+----+---+----+-----+
    |         Instance        |       Module       | BRAM_18K| DSP| FF| LUT| URAM|
    +-------------------------+--------------------+---------+----+---+----+-----+
    |mul_16s_16s_32_4_1_U135  |mul_16s_16s_32_4_1  |        0|   1|  0|   0|    0|
    |mul_16s_16s_32_4_1_U136  |mul_16s_16s_32_4_1  |        0|   1|  0|   0|    0|
    +-------------------------+--------------------+---------+----+---+----+-----+
    |Total                    |                    |        0|   2|  0|   0|    0|
    +-------------------------+--------------------+---------+----+---+----+-----+

    * DSP: 
    +------------------------------------+-------------------------------+--------------+
    |              Instance              |             Module            |  Expression  |
    +------------------------------------+-------------------------------+--------------+
    |mac_muladd_16s_16s_32s_32_1_1_U138  |mac_muladd_16s_16s_32s_32_1_1  |  i0 + i1 * i2|
    |mac_mulsub_16s_16s_32s_32_1_1_U137  |mac_mulsub_16s_16s_32s_32_1_1  |  i0 - i1 * i2|
    +------------------------------------+-------------------------------+--------------+

    * Memory: 
    N/A

    * FIFO: 
    N/A

    * Expression: 
    +--------------------------+----------+----+---+----+------------+------------+
    |       Variable Name      | Operation| DSP| FF| LUT| Bitwidth P0| Bitwidth P1|
    +--------------------------+----------+----+---+----+------------+------------+
    |a_im_out_fu_897_p2        |         +|   0|  0|  24|          17|          17|
    |a_re_out_fu_869_p2        |         +|   0|  0|  24|          17|          17|
    |bfly_8_fu_276_p2          |         +|   0|  0|  17|          10|           1|
    |rounded_16_fu_819_p2      |         +|   0|  0|  24|          17|          17|
    |rounded_17_fu_543_p2      |         +|   0|  0|  24|          17|          17|
    |rounded_18_fu_769_p2      |         +|   0|  0|  24|          17|          17|
    |rounded_fu_731_p2         |         +|   0|  0|  24|          17|          17|
    |b_im_out_fu_905_p2        |         -|   0|  0|  24|          17|          17|
    |b_re_out_fu_877_p2        |         -|   0|  0|  24|          17|          17|
    |sub_ln23_fu_490_p2        |         -|   0|  0|  16|           9|           8|
    |icmp_ln132_fu_270_p2      |      icmp|   0|  0|  18|          10|          11|
    |icmp_ln21_29_fu_354_p2    |      icmp|   0|  0|  13|           4|           3|
    |icmp_ln21_30_fu_360_p2    |      icmp|   0|  0|  13|           4|           3|
    |icmp_ln21_31_fu_366_p2    |      icmp|   0|  0|  13|           4|           3|
    |icmp_ln21_32_fu_372_p2    |      icmp|   0|  0|  13|           4|           2|
    |icmp_ln21_33_fu_378_p2    |      icmp|   0|  0|  13|           4|           2|
    |icmp_ln21_34_fu_456_p2    |      icmp|   0|  0|  13|           4|           1|
    |icmp_ln21_35_fu_462_p2    |      icmp|   0|  0|  13|           4|           1|
    |icmp_ln21_fu_348_p2       |      icmp|   0|  0|  13|           4|           3|
    |icmp_ln24_13_fu_809_p2    |      icmp|   0|  0|  10|           2|           2|
    |icmp_ln24_14_fu_533_p2    |      icmp|   0|  0|  10|           2|           2|
    |icmp_ln24_15_fu_689_p2    |      icmp|   0|  0|  10|           2|           2|
    |icmp_ln24_fu_721_p2       |      icmp|   0|  0|  10|           2|           2|
    |icmp_ln28_7_fu_610_p2     |      icmp|   0|  0|  10|           2|           1|
    |icmp_ln28_8_fu_623_p2     |      icmp|   0|  0|  10|           2|           1|
    |icmp_ln28_fu_587_p2       |      icmp|   0|  0|  11|           2|           3|
    |or_ln141_fu_322_p2        |        or|   0|  0|   9|           9|           8|
    |or_ln21_13_fu_406_p2      |        or|   0|  0|   2|           1|           1|
    |or_ln21_14_fu_420_p2      |        or|   0|  0|   2|           1|           1|
    |or_ln21_15_fu_434_p2      |        or|   0|  0|   2|           1|           1|
    |or_ln21_fu_392_p2         |        or|   0|  0|   2|           1|           1|
    |or_ln28_fu_636_p2         |        or|   0|  0|   2|           1|           1|
    |a_im_22_fu_840_p3         |    select|   0|  0|  16|           1|          16|
    |a_im_23_fu_847_p3         |    select|   0|  0|  16|           1|          16|
    |a_re_22_fu_752_p3         |    select|   0|  0|  16|           1|          16|
    |a_re_23_fu_759_p3         |    select|   0|  0|  16|           1|          16|
    |b_im_22_fu_784_p3         |    select|   0|  0|  16|           1|          16|
    |b_im_23_fu_789_p3         |    select|   0|  0|  16|           1|          16|
    |b_re_22_fu_565_p3         |    select|   0|  0|  16|           1|          16|
    |b_re_23_fu_572_p3         |    select|   0|  0|  16|           1|          16|
    |rom_addr_fu_496_p3        |    select|   0|  0|   8|           1|           8|
    |select_ln21_61_fu_398_p3  |    select|   0|  0|   4|           1|           2|
    |select_ln21_62_fu_412_p3  |    select|   0|  0|   3|           1|           3|
    |select_ln21_63_fu_426_p3  |    select|   0|  0|   3|           1|           3|
    |select_ln21_64_fu_440_p3  |    select|   0|  0|   3|           1|           3|
    |select_ln21_65_fu_448_p3  |    select|   0|  0|   3|           1|           3|
    |select_ln21_fu_384_p3     |    select|   0|  0|   2|           1|           1|
    |select_ln28_fu_592_p3     |    select|   0|  0|  15|           1|          15|
    |v_22_fu_796_p3            |    select|   0|  0|  17|           1|          17|
    |v_23_fu_518_p3            |    select|   0|  0|  17|           1|          17|
    |v_24_fu_674_p3            |    select|   0|  0|  17|           1|          17|
    |v_fu_708_p3               |    select|   0|  0|  17|           1|          17|
    |w_re_27_fu_615_p3         |    select|   0|  0|  16|           1|          16|
    |w_re_28_fu_628_p3         |    select|   0|  0|  16|           1|          16|
    |w_re_29_fu_642_p3         |    select|   0|  0|  15|           1|          15|
    |a_im_21_fu_835_p2         |       shl|   0|  0|  35|          16|          16|
    |a_re_21_fu_747_p2         |       shl|   0|  0|  35|          16|          16|
    |b_im_21_fu_695_p2         |       shl|   0|  0|  35|          16|          16|
    |b_re_21_fu_559_p2         |       shl|   0|  0|  35|          16|          16|
    |ap_enable_pp0             |       xor|   0|  0|   2|           1|           2|
    |w_im_fu_654_p2            |       xor|   0|  0|  16|          16|           2|
    |w_re_26_fu_604_p2         |       xor|   0|  0|  16|          16|           2|
    +--------------------------+----------+----+---+----+------------+------------+
    |Total                     |          |   0|  0| 895|         345|         551|
    +--------------------------+----------+----+---+----+------------+------------+

    * Multiplexer: 
    +-----------------------------+----+-----------+-----+-----------+
    |             Name            | LUT| Input Size| Bits| Total Bits|
    +-----------------------------+----+-----------+-----+-----------+
    |ap_NS_fsm                    |  25|          6|    1|          6|
    |ap_done_int                  |   9|          2|    1|          2|
    |ap_enable_reg_pp0_iter0      |   9|          2|    1|          2|
    |ap_enable_reg_pp0_iter0_reg  |   9|          2|    1|          2|
    |ap_enable_reg_pp0_iter1      |   9|          2|    1|          2|
    |ap_sig_allocacmp_bfly        |   9|          2|   10|         20|
    |bfly_7_fu_130                |   9|          2|   10|         20|
    |re_1_address0                |  13|          3|    9|         27|
    |re_1_address1                |  13|          3|    9|         27|
    |re_address0                  |  13|          3|    9|         27|
    |re_address1                  |  13|          3|    9|         27|
    +-----------------------------+----+-----------+-----+-----------+
    |Total                        | 131|         30|   61|        162|
    +-----------------------------+----+-----------+-----+-----------+

    * Register: 
    +-----------------------------+----+----+-----+-----------+
    |             Name            | FF | LUT| Bits| Const Bits|
    +-----------------------------+----+----+-----+-----------+
    |a_im_23_reg_1105             |  16|   0|   16|          0|
    |a_re_23_reg_1095             |  16|   0|   16|          0|
    |ap_CS_fsm                    |   5|   0|    5|          0|
    |ap_done_reg                  |   1|   0|    1|          0|
    |ap_enable_reg_pp0_iter0_reg  |   1|   0|    1|          0|
    |ap_enable_reg_pp0_iter1      |   1|   0|    1|          0|
    |b_im_20_reg_1074             |  16|   0|   16|          0|
    |b_im_21_reg_1084             |  16|   0|   16|          0|
    |b_im_23_reg_1100             |  16|   0|   16|          0|
    |bfly_7_fu_130                |  10|   0|   10|          0|
    |icmp_ln132_reg_935           |   1|   0|    1|          0|
    |icmp_ln21_34_reg_962         |   1|   0|    1|          0|
    |icmp_ln21_35_reg_970         |   1|   0|    1|          0|
    |icmp_ln24_15_reg_1079        |   1|   0|    1|          0|
    |im_1_addr_6_reg_1003         |   8|   0|    9|          1|
    |im_1_addr_reg_983            |   8|   0|    9|          1|
    |im_1_load_reg_1064           |  17|   0|   17|          0|
    |im_addr_6_reg_998            |   8|   0|    9|          1|
    |im_addr_reg_978              |   8|   0|    9|          1|
    |im_load_reg_1059             |  17|   0|   17|          0|
    |re_1_addr_6_reg_993          |   8|   0|    9|          1|
    |re_1_addr_reg_952            |   8|   0|    9|          1|
    |re_1_load_reg_1030           |  17|   0|   17|          0|
    |re_addr_6_reg_988            |   8|   0|    9|          1|
    |re_addr_reg_947              |   8|   0|    9|          1|
    |re_load_reg_1025             |  17|   0|   17|          0|
    |select_ln21_65_reg_957       |   3|   0|    3|          0|
    |sext_ln159_5_reg_1053        |  32|   0|   32|          0|
    |sext_ln159_reg_1047          |  32|   0|   32|          0|
    |sext_ln160_5_reg_1089        |  32|   0|   32|          0|
    |sext_ln160_reg_1110          |  32|   0|   32|          0|
    |trunc_ln132_reg_939          |   1|   0|    1|          0|
    |trunc_ln21_s_reg_1008        |   2|   0|    2|          0|
    |v_24_reg_1069                |  17|   0|   17|          0|
    |w_im_reg_1042                |  16|   0|   16|          0|
    |zext_ln21_reg_1035           |   3|   0|   16|         13|
    +-----------------------------+----+----+-----+-----------+
    |Total                        | 404|   0|  425|         21|
    +-----------------------------+----+----+-----+-----------+



================================================================
== Interface
================================================================
* Summary: 
+---------------------+-----+-----+------------+---------------------------------+--------------+
|      RTL Ports      | Dir | Bits|  Protocol  |          Source Object          |    C Type    |
+---------------------+-----+-----+------------+---------------------------------+--------------+
|ap_clk               |   in|    1|  ap_ctrl_hs|  fft_serial_Pipeline_bfly_loop15|  return value|
|ap_rst               |   in|    1|  ap_ctrl_hs|  fft_serial_Pipeline_bfly_loop15|  return value|
|ap_start             |   in|    1|  ap_ctrl_hs|  fft_serial_Pipeline_bfly_loop15|  return value|
|ap_done              |  out|    1|  ap_ctrl_hs|  fft_serial_Pipeline_bfly_loop15|  return value|
|ap_idle              |  out|    1|  ap_ctrl_hs|  fft_serial_Pipeline_bfly_loop15|  return value|
|ap_ready             |  out|    1|  ap_ctrl_hs|  fft_serial_Pipeline_bfly_loop15|  return value|
|re_address0          |  out|    9|   ap_memory|                               re|         array|
|re_ce0               |  out|    1|   ap_memory|                               re|         array|
|re_we0               |  out|    1|   ap_memory|                               re|         array|
|re_d0                |  out|   17|   ap_memory|                               re|         array|
|re_q0                |   in|   17|   ap_memory|                               re|         array|
|re_address1          |  out|    9|   ap_memory|                               re|         array|
|re_ce1               |  out|    1|   ap_memory|                               re|         array|
|re_we1               |  out|    1|   ap_memory|                               re|         array|
|re_d1                |  out|   17|   ap_memory|                               re|         array|
|re_q1                |   in|   17|   ap_memory|                               re|         array|
|re_1_address0        |  out|    9|   ap_memory|                             re_1|         array|
|re_1_ce0             |  out|    1|   ap_memory|                             re_1|         array|
|re_1_we0             |  out|    1|   ap_memory|                             re_1|         array|
|re_1_d0              |  out|   17|   ap_memory|                             re_1|         array|
|re_1_q0              |   in|   17|   ap_memory|                             re_1|         array|
|re_1_address1        |  out|    9|   ap_memory|                             re_1|         array|
|re_1_ce1             |  out|    1|   ap_memory|                             re_1|         array|
|re_1_we1             |  out|    1|   ap_memory|                             re_1|         array|
|re_1_d1              |  out|   17|   ap_memory|                             re_1|         array|
|re_1_q1              |   in|   17|   ap_memory|                             re_1|         array|
|clz_next_8           |   in|    4|     ap_none|                       clz_next_8|        scalar|
|im_address0          |  out|    9|   ap_memory|                               im|         array|
|im_ce0               |  out|    1|   ap_memory|                               im|         array|
|im_we0               |  out|    1|   ap_memory|                               im|         array|
|im_d0                |  out|   17|   ap_memory|                               im|         array|
|im_q0                |   in|   17|   ap_memory|                               im|         array|
|im_address1          |  out|    9|   ap_memory|                               im|         array|
|im_ce1               |  out|    1|   ap_memory|                               im|         array|
|im_we1               |  out|    1|   ap_memory|                               im|         array|
|im_d1                |  out|   17|   ap_memory|                               im|         array|
|im_q1                |   in|   17|   ap_memory|                               im|         array|
|im_1_address0        |  out|    9|   ap_memory|                             im_1|         array|
|im_1_ce0             |  out|    1|   ap_memory|                             im_1|         array|
|im_1_we0             |  out|    1|   ap_memory|                             im_1|         array|
|im_1_d0              |  out|   17|   ap_memory|                             im_1|         array|
|im_1_q0              |   in|   17|   ap_memory|                             im_1|         array|
|im_1_address1        |  out|    9|   ap_memory|                             im_1|         array|
|im_1_ce1             |  out|    1|   ap_memory|                             im_1|         array|
|im_1_we1             |  out|    1|   ap_memory|                             im_1|         array|
|im_1_d1              |  out|   17|   ap_memory|                             im_1|         array|
|im_1_q1              |   in|   17|   ap_memory|                             im_1|         array|
|TW_COS_LUT_address0  |  out|    8|   ap_memory|                       TW_COS_LUT|         array|
|TW_COS_LUT_ce0       |  out|    1|   ap_memory|                       TW_COS_LUT|         array|
|TW_COS_LUT_q0        |   in|   15|   ap_memory|                       TW_COS_LUT|         array|
|TW_SIN_LUT_address0  |  out|    8|   ap_memory|                       TW_SIN_LUT|         array|
|TW_SIN_LUT_ce0       |  out|    1|   ap_memory|                       TW_SIN_LUT|         array|
|TW_SIN_LUT_q0        |   in|   15|   ap_memory|                       TW_SIN_LUT|         array|
+---------------------+-----+-----+------------+---------------------------------+--------------+

