

================================================================
== Vitis HLS Report for 'fft_serial_Pipeline_store_loop'
================================================================
* Date:           Tue Jun 30 20:48:49 2026

* Version:        2023.2 (Build 4023990 on Oct 11 2023)
* Project:        serial_fft_hls
* Solution:       solution1 (Vivado IP Flow Target)
* Product family: artix7
* Target device:  xc7a200t-fbg676-2


================================================================
== Performance Estimates
================================================================
+ Timing: 
    * Summary: 
    +--------+----------+----------+------------+
    |  Clock |  Target  | Estimated| Uncertainty|
    +--------+----------+----------+------------+
    |ap_clk  |  10.00 ns|  7.300 ns|     2.70 ns|
    +--------+----------+----------+------------+

+ Latency: 
    * Summary: 
    +---------+---------+-----------+-----------+------+------+---------+
    |  Latency (cycles) |   Latency (absolute)  |   Interval  | Pipeline|
    |   min   |   max   |    min    |    max    |  min |  max |   Type  |
    +---------+---------+-----------+-----------+------+------+---------+
    |     2056|     2056|  20.560 us|  20.560 us|  2056|  2056|       no|
    +---------+---------+-----------+-----------+------+------+---------+

    + Detail: 
        * Instance: 
        N/A

        * Loop: 
        +--------------+---------+---------+----------+-----------+-----------+------+----------+
        |              |  Latency (cycles) | Iteration|  Initiation Interval  | Trip |          |
        |   Loop Name  |   min   |   max   |  Latency |  achieved |   target  | Count| Pipelined|
        +--------------+---------+---------+----------+-----------+-----------+------+----------+
        |- store_loop  |     2054|     2054|         9|          2|          1|  1024|       yes|
        +--------------+---------+---------+----------+-----------+-----------+------+----------+



================================================================
== Utilization Estimates
================================================================
* Summary: 
+-----------------+---------+-----+--------+--------+-----+
|       Name      | BRAM_18K| DSP |   FF   |   LUT  | URAM|
+-----------------+---------+-----+--------+--------+-----+
|DSP              |        -|    -|       -|       -|    -|
|Expression       |        -|    -|       0|     225|    -|
|FIFO             |        -|    -|       -|       -|    -|
|Instance         |        -|    -|       -|       -|    -|
|Memory           |        -|    -|       -|       -|    -|
|Multiplexer      |        -|    -|       -|     147|    -|
|Register         |        -|    -|     248|      32|    -|
+-----------------+---------+-----+--------+--------+-----+
|Total            |        0|    0|     248|     404|    0|
+-----------------+---------+-----+--------+--------+-----+
|Available        |      730|  740|  269200|  134600|    0|
+-----------------+---------+-----+--------+--------+-----+
|Utilization (%)  |        0|    0|      ~0|      ~0|    0|
+-----------------+---------+-----+--------+--------+-----+

+ Detail: 
    * Instance: 
    N/A

    * DSP: 
    N/A

    * Memory: 
    N/A

    * FIFO: 
    N/A

    * Expression: 
    +---------------------------+----------+----+---+----+------------+------------+
    |       Variable Name       | Operation| DSP| FF| LUT| Bitwidth P0| Bitwidth P1|
    +---------------------------+----------+----+---+----+------------+------------+
    |add_ln273_fu_188_p2        |         +|   0|  0|  18|          11|           1|
    |add_ln275_fu_220_p2        |         +|   0|  0|  71|          64|          64|
    |add_ln276_fu_232_p2        |         +|   0|  0|  71|          64|          64|
    |ap_block_pp0_stage0_01001  |       and|   0|  0|   2|           1|           1|
    |ap_block_pp0_stage1_01001  |       and|   0|  0|   2|           1|           1|
    |ap_block_state2_io         |       and|   0|  0|   2|           1|           1|
    |icmp_ln273_fu_182_p2       |      icmp|   0|  0|  19|          11|          12|
    |ap_block_pp0_stage0_11001  |        or|   0|  0|   2|           1|           1|
    |ap_block_pp0_stage1_11001  |        or|   0|  0|   2|           1|           1|
    |ap_block_state3_io         |        or|   0|  0|   2|           1|           1|
    |select_ln275_fu_257_p3     |    select|   0|  0|  16|           1|          16|
    |select_ln276_fu_272_p3     |    select|   0|  0|  16|           1|          16|
    |ap_enable_pp0              |       xor|   0|  0|   2|           1|           2|
    +---------------------------+----------+----+---+----+------------+------------+
    |Total                      |          |   0|  0| 225|         159|         181|
    +---------------------------+----------+----+---+----+------------+------------+

    * Multiplexer: 
    +----------------------------------+----+-----------+-----+-----------+
    |               Name               | LUT| Input Size| Bits| Total Bits|
    +----------------------------------+----+-----------+-----+-----------+
    |AXI_OUT_blk_n_AW                  |   9|          2|    1|          2|
    |AXI_OUT_blk_n_B                   |   9|          2|    1|          2|
    |AXI_OUT_blk_n_W                   |   9|          2|    1|          2|
    |ap_NS_fsm                         |  13|          3|    1|          3|
    |ap_done_int                       |   9|          2|    1|          2|
    |ap_enable_reg_pp0_iter0           |   9|          2|    1|          2|
    |ap_enable_reg_pp0_iter1           |   9|          2|    1|          2|
    |ap_enable_reg_pp0_iter4           |   9|          2|    1|          2|
    |ap_loop_exit_ready_pp0_iter1_reg  |   9|          2|    1|          2|
    |ap_loop_exit_ready_pp0_iter2_reg  |   9|          2|    1|          2|
    |ap_loop_exit_ready_pp0_iter3_reg  |   9|          2|    1|          2|
    |ap_sig_allocacmp_i_1              |   9|          2|   11|         22|
    |i_fu_66                           |   9|          2|   11|         22|
    |m_axi_AXI_OUT_AWADDR              |  13|          3|   64|        192|
    |m_axi_AXI_OUT_WDATA               |  13|          3|   16|         48|
    +----------------------------------+----+-----------+-----+-----------+
    |Total                             | 147|         33|  113|        307|
    +----------------------------------+----+-----------+-----+-----------+

    * Register: 
    +----------------------------------+----+----+-----+-----------+
    |               Name               | FF | LUT| Bits| Const Bits|
    +----------------------------------+----+----+-----+-----------+
    |AXI_OUT_addr_1_reg_322            |  64|   0|   64|          0|
    |AXI_OUT_addr_reg_306              |  64|   0|   64|          0|
    |ap_CS_fsm                         |   2|   0|    2|          0|
    |ap_done_reg                       |   1|   0|    1|          0|
    |ap_enable_reg_pp0_iter0_reg       |   1|   0|    1|          0|
    |ap_enable_reg_pp0_iter1           |   1|   0|    1|          0|
    |ap_enable_reg_pp0_iter2           |   1|   0|    1|          0|
    |ap_enable_reg_pp0_iter3           |   1|   0|    1|          0|
    |ap_enable_reg_pp0_iter4           |   1|   0|    1|          0|
    |ap_loop_exit_ready_pp0_iter1_reg  |   1|   0|    1|          0|
    |ap_loop_exit_ready_pp0_iter2_reg  |   1|   0|    1|          0|
    |ap_loop_exit_ready_pp0_iter3_reg  |   1|   0|    1|          0|
    |i_fu_66                           |  11|   0|   11|          0|
    |icmp_ln273_reg_286                |   1|   0|    1|          0|
    |select_ln275_reg_328              |  16|   0|   16|          0|
    |select_ln276_reg_333              |  16|   0|   16|          0|
    |trunc_ln273_reg_290               |   1|   0|    1|          0|
    |icmp_ln273_reg_286                |  64|  32|    1|          0|
    +----------------------------------+----+----+-----+-----------+
    |Total                             | 248|  32|  185|          0|
    +----------------------------------+----+----+-----+-----------+



================================================================
== Interface
================================================================
* Summary: 
+------------------------+-----+-----+------------+--------------------------------+--------------+
|        RTL Ports       | Dir | Bits|  Protocol  |          Source Object         |    C Type    |
+------------------------+-----+-----+------------+--------------------------------+--------------+
|ap_clk                  |   in|    1|  ap_ctrl_hs|  fft_serial_Pipeline_store_loop|  return value|
|ap_rst                  |   in|    1|  ap_ctrl_hs|  fft_serial_Pipeline_store_loop|  return value|
|ap_start                |   in|    1|  ap_ctrl_hs|  fft_serial_Pipeline_store_loop|  return value|
|ap_done                 |  out|    1|  ap_ctrl_hs|  fft_serial_Pipeline_store_loop|  return value|
|ap_idle                 |  out|    1|  ap_ctrl_hs|  fft_serial_Pipeline_store_loop|  return value|
|ap_ready                |  out|    1|  ap_ctrl_hs|  fft_serial_Pipeline_store_loop|  return value|
|m_axi_AXI_OUT_AWVALID   |  out|    1|       m_axi|                         AXI_OUT|       pointer|
|m_axi_AXI_OUT_AWREADY   |   in|    1|       m_axi|                         AXI_OUT|       pointer|
|m_axi_AXI_OUT_AWADDR    |  out|   64|       m_axi|                         AXI_OUT|       pointer|
|m_axi_AXI_OUT_AWID      |  out|    1|       m_axi|                         AXI_OUT|       pointer|
|m_axi_AXI_OUT_AWLEN     |  out|   32|       m_axi|                         AXI_OUT|       pointer|
|m_axi_AXI_OUT_AWSIZE    |  out|    3|       m_axi|                         AXI_OUT|       pointer|
|m_axi_AXI_OUT_AWBURST   |  out|    2|       m_axi|                         AXI_OUT|       pointer|
|m_axi_AXI_OUT_AWLOCK    |  out|    2|       m_axi|                         AXI_OUT|       pointer|
|m_axi_AXI_OUT_AWCACHE   |  out|    4|       m_axi|                         AXI_OUT|       pointer|
|m_axi_AXI_OUT_AWPROT    |  out|    3|       m_axi|                         AXI_OUT|       pointer|
|m_axi_AXI_OUT_AWQOS     |  out|    4|       m_axi|                         AXI_OUT|       pointer|
|m_axi_AXI_OUT_AWREGION  |  out|    4|       m_axi|                         AXI_OUT|       pointer|
|m_axi_AXI_OUT_AWUSER    |  out|    1|       m_axi|                         AXI_OUT|       pointer|
|m_axi_AXI_OUT_WVALID    |  out|    1|       m_axi|                         AXI_OUT|       pointer|
|m_axi_AXI_OUT_WREADY    |   in|    1|       m_axi|                         AXI_OUT|       pointer|
|m_axi_AXI_OUT_WDATA     |  out|   16|       m_axi|                         AXI_OUT|       pointer|
|m_axi_AXI_OUT_WSTRB     |  out|    2|       m_axi|                         AXI_OUT|       pointer|
|m_axi_AXI_OUT_WLAST     |  out|    1|       m_axi|                         AXI_OUT|       pointer|
|m_axi_AXI_OUT_WID       |  out|    1|       m_axi|                         AXI_OUT|       pointer|
|m_axi_AXI_OUT_WUSER     |  out|    1|       m_axi|                         AXI_OUT|       pointer|
|m_axi_AXI_OUT_ARVALID   |  out|    1|       m_axi|                         AXI_OUT|       pointer|
|m_axi_AXI_OUT_ARREADY   |   in|    1|       m_axi|                         AXI_OUT|       pointer|
|m_axi_AXI_OUT_ARADDR    |  out|   64|       m_axi|                         AXI_OUT|       pointer|
|m_axi_AXI_OUT_ARID      |  out|    1|       m_axi|                         AXI_OUT|       pointer|
|m_axi_AXI_OUT_ARLEN     |  out|   32|       m_axi|                         AXI_OUT|       pointer|
|m_axi_AXI_OUT_ARSIZE    |  out|    3|       m_axi|                         AXI_OUT|       pointer|
|m_axi_AXI_OUT_ARBURST   |  out|    2|       m_axi|                         AXI_OUT|       pointer|
|m_axi_AXI_OUT_ARLOCK    |  out|    2|       m_axi|                         AXI_OUT|       pointer|
|m_axi_AXI_OUT_ARCACHE   |  out|    4|       m_axi|                         AXI_OUT|       pointer|
|m_axi_AXI_OUT_ARPROT    |  out|    3|       m_axi|                         AXI_OUT|       pointer|
|m_axi_AXI_OUT_ARQOS     |  out|    4|       m_axi|                         AXI_OUT|       pointer|
|m_axi_AXI_OUT_ARREGION  |  out|    4|       m_axi|                         AXI_OUT|       pointer|
|m_axi_AXI_OUT_ARUSER    |  out|    1|       m_axi|                         AXI_OUT|       pointer|
|m_axi_AXI_OUT_RVALID    |   in|    1|       m_axi|                         AXI_OUT|       pointer|
|m_axi_AXI_OUT_RREADY    |  out|    1|       m_axi|                         AXI_OUT|       pointer|
|m_axi_AXI_OUT_RDATA     |   in|   16|       m_axi|                         AXI_OUT|       pointer|
|m_axi_AXI_OUT_RLAST     |   in|    1|       m_axi|                         AXI_OUT|       pointer|
|m_axi_AXI_OUT_RID       |   in|    1|       m_axi|                         AXI_OUT|       pointer|
|m_axi_AXI_OUT_RFIFONUM  |   in|   10|       m_axi|                         AXI_OUT|       pointer|
|m_axi_AXI_OUT_RUSER     |   in|    1|       m_axi|                         AXI_OUT|       pointer|
|m_axi_AXI_OUT_RRESP     |   in|    2|       m_axi|                         AXI_OUT|       pointer|
|m_axi_AXI_OUT_BVALID    |   in|    1|       m_axi|                         AXI_OUT|       pointer|
|m_axi_AXI_OUT_BREADY    |  out|    1|       m_axi|                         AXI_OUT|       pointer|
|m_axi_AXI_OUT_BRESP     |   in|    2|       m_axi|                         AXI_OUT|       pointer|
|m_axi_AXI_OUT_BID       |   in|    1|       m_axi|                         AXI_OUT|       pointer|
|m_axi_AXI_OUT_BUSER     |   in|    1|       m_axi|                         AXI_OUT|       pointer|
|re_address0             |  out|    9|   ap_memory|                              re|         array|
|re_ce0                  |  out|    1|   ap_memory|                              re|         array|
|re_q0                   |   in|   17|   ap_memory|                              re|         array|
|re_1_address0           |  out|    9|   ap_memory|                            re_1|         array|
|re_1_ce0                |  out|    1|   ap_memory|                            re_1|         array|
|re_1_q0                 |   in|   17|   ap_memory|                            re_1|         array|
|sext_ln273              |   in|   63|     ap_none|                      sext_ln273|        scalar|
|im_address0             |  out|    9|   ap_memory|                              im|         array|
|im_ce0                  |  out|    1|   ap_memory|                              im|         array|
|im_q0                   |   in|   17|   ap_memory|                              im|         array|
|im_1_address0           |  out|    9|   ap_memory|                            im_1|         array|
|im_1_ce0                |  out|    1|   ap_memory|                            im_1|         array|
|im_1_q0                 |   in|   17|   ap_memory|                            im_1|         array|
|sext_ln273_1            |   in|   63|     ap_none|                    sext_ln273_1|        scalar|
+------------------------+-----+-----+------------+--------------------------------+--------------+

