

================================================================
== Vitis HLS Report for 'fft_serial_Pipeline_bfly_loop17'
================================================================
* Date:           Tue Jun 30 20:48:48 2026

* Version:        2023.2 (Build 4023990 on Oct 11 2023)
* Project:        serial_fft_hls
* Solution:       solution1 (Vivado IP Flow Target)
* Product family: artix7
* Target device:  xc7a200t-fbg676-2


================================================================
== Performance Estimates
================================================================
+ Timing: 
    * Summary: 
    +--------+----------+-----------+------------+
    |  Clock |  Target  | Estimated | Uncertainty|
    +--------+----------+-----------+------------+
    |ap_clk  |  10.00 ns|  10.983 ns|     2.70 ns|
    +--------+----------+-----------+------------+

+ Latency: 
    * Summary: 
    +---------+---------+-----------+-----------+------+------+---------+
    |  Latency (cycles) |   Latency (absolute)  |   Interval  | Pipeline|
    |   min   |   max   |    min    |    max    |  min |  max |   Type  |
    +---------+---------+-----------+-----------+------+------+---------+
    |     2562|     2562|  28.139 us|  28.139 us|  2562|  2562|       no|
    +---------+---------+-----------+-----------+------+------+---------+

    + Detail: 
        * Instance: 
        N/A

        * Loop: 
        +-------------+---------+---------+----------+-----------+-----------+------+----------+
        |             |  Latency (cycles) | Iteration|  Initiation Interval  | Trip |          |
        |  Loop Name  |   min   |   max   |  Latency |  achieved |   target  | Count| Pipelined|
        +-------------+---------+---------+----------+-----------+-----------+------+----------+
        |- bfly_loop  |     2560|     2560|         6|          5|          1|   512|       yes|
        +-------------+---------+---------+----------+-----------+-----------+------+----------+



================================================================
== Utilization Estimates
================================================================
* Summary: 
+-----------------+---------+-----+--------+--------+-----+
|       Name      | BRAM_18K| DSP |   FF   |   LUT  | URAM|
+-----------------+---------+-----+--------+--------+-----+
|DSP              |        -|    2|       -|       -|    -|
|Expression       |        -|    -|       0|     886|    -|
|FIFO             |        -|    -|       -|       -|    -|
|Instance         |        -|    2|       0|       0|    -|
|Memory           |        -|    -|       -|       -|    -|
|Multiplexer      |        -|    -|       -|     131|    -|
|Register         |        -|    -|     404|       -|    -|
+-----------------+---------+-----+--------+--------+-----+
|Total            |        0|    4|     404|    1017|    0|
+-----------------+---------+-----+--------+--------+-----+
|Available        |      730|  740|  269200|  134600|    0|
+-----------------+---------+-----+--------+--------+-----+
|Utilization (%)  |        0|   ~0|      ~0|      ~0|    0|
+-----------------+---------+-----+--------+--------+-----+

+ Detail: 
    * Instance: 
    +-------------------------+--------------------+---------+----+---+----+-----+
    |         Instance        |       Module       | BRAM_18K| DSP| FF| LUT| URAM|
    +-------------------------+--------------------+---------+----+---+----+-----+
    |mul_16s_16s_32_4_1_U151  |mul_16s_16s_32_4_1  |        0|   1|  0|   0|    0|
    |mul_16s_16s_32_4_1_U152  |mul_16s_16s_32_4_1  |        0|   1|  0|   0|    0|
    +-------------------------+--------------------+---------+----+---+----+-----+
    |Total                    |                    |        0|   2|  0|   0|    0|
    +-------------------------+--------------------+---------+----+---+----+-----+

    * DSP: 
    +------------------------------------+-------------------------------+--------------+
    |              Instance              |             Module            |  Expression  |
    +------------------------------------+-------------------------------+--------------+
    |mac_muladd_16s_16s_32s_32_1_1_U154  |mac_muladd_16s_16s_32s_32_1_1  |  i0 + i1 * i2|
    |mac_mulsub_16s_16s_32s_32_1_1_U153  |mac_mulsub_16s_16s_32s_32_1_1  |  i0 - i1 * i2|
    +------------------------------------+-------------------------------+--------------+

    * Memory: 
    N/A

    * FIFO: 
    N/A

    * Expression: 
    +--------------------------+----------+----+---+----+------------+------------+
    |       Variable Name      | Operation| DSP| FF| LUT| Bitwidth P0| Bitwidth P1|
    +--------------------------+----------+----+---+----+------------+------------+
    |a_im_out_fu_867_p2        |         +|   0|  0|  24|          17|          17|
    |a_re_out_fu_839_p2        |         +|   0|  0|  24|          17|          17|
    |add_ln132_fu_270_p2       |         +|   0|  0|  17|          10|           1|
    |rounded_13_fu_789_p2      |         +|   0|  0|  24|          17|          17|
    |rounded_14_fu_513_p2      |         +|   0|  0|  24|          17|          17|
    |rounded_15_fu_739_p2      |         +|   0|  0|  24|          17|          17|
    |rounded_fu_701_p2         |         +|   0|  0|  24|          17|          17|
    |b_im_out_fu_875_p2        |         -|   0|  0|  24|          17|          17|
    |b_re_out_fu_847_p2        |         -|   0|  0|  24|          17|          17|
    |sub_ln23_fu_460_p2        |         -|   0|  0|  16|           9|           8|
    |icmp_ln132_fu_264_p2      |      icmp|   0|  0|  18|          10|          11|
    |icmp_ln21_22_fu_324_p2    |      icmp|   0|  0|  13|           4|           3|
    |icmp_ln21_23_fu_330_p2    |      icmp|   0|  0|  13|           4|           3|
    |icmp_ln21_24_fu_336_p2    |      icmp|   0|  0|  13|           4|           3|
    |icmp_ln21_25_fu_342_p2    |      icmp|   0|  0|  13|           4|           2|
    |icmp_ln21_26_fu_348_p2    |      icmp|   0|  0|  13|           4|           2|
    |icmp_ln21_27_fu_426_p2    |      icmp|   0|  0|  13|           4|           1|
    |icmp_ln21_28_fu_432_p2    |      icmp|   0|  0|  13|           4|           1|
    |icmp_ln21_fu_318_p2       |      icmp|   0|  0|  13|           4|           3|
    |icmp_ln24_10_fu_779_p2    |      icmp|   0|  0|  10|           2|           2|
    |icmp_ln24_11_fu_503_p2    |      icmp|   0|  0|  10|           2|           2|
    |icmp_ln24_12_fu_659_p2    |      icmp|   0|  0|  10|           2|           2|
    |icmp_ln24_fu_691_p2       |      icmp|   0|  0|  10|           2|           2|
    |icmp_ln28_5_fu_580_p2     |      icmp|   0|  0|  10|           2|           1|
    |icmp_ln28_6_fu_593_p2     |      icmp|   0|  0|  10|           2|           1|
    |icmp_ln28_fu_557_p2       |      icmp|   0|  0|  11|           2|           3|
    |or_ln21_10_fu_376_p2      |        or|   0|  0|   2|           1|           1|
    |or_ln21_11_fu_390_p2      |        or|   0|  0|   2|           1|           1|
    |or_ln21_12_fu_404_p2      |        or|   0|  0|   2|           1|           1|
    |or_ln21_fu_362_p2         |        or|   0|  0|   2|           1|           1|
    |or_ln28_fu_606_p2         |        or|   0|  0|   2|           1|           1|
    |a_im_18_fu_810_p3         |    select|   0|  0|  16|           1|          16|
    |a_im_19_fu_817_p3         |    select|   0|  0|  16|           1|          16|
    |a_re_18_fu_722_p3         |    select|   0|  0|  16|           1|          16|
    |a_re_19_fu_729_p3         |    select|   0|  0|  16|           1|          16|
    |b_im_18_fu_754_p3         |    select|   0|  0|  16|           1|          16|
    |b_im_19_fu_759_p3         |    select|   0|  0|  16|           1|          16|
    |b_re_18_fu_535_p3         |    select|   0|  0|  16|           1|          16|
    |b_re_19_fu_542_p3         |    select|   0|  0|  16|           1|          16|
    |rom_addr_fu_466_p3        |    select|   0|  0|   8|           1|           8|
    |select_ln21_48_fu_368_p3  |    select|   0|  0|   4|           1|           2|
    |select_ln21_49_fu_382_p3  |    select|   0|  0|   3|           1|           3|
    |select_ln21_50_fu_396_p3  |    select|   0|  0|   3|           1|           3|
    |select_ln21_51_fu_410_p3  |    select|   0|  0|   3|           1|           3|
    |select_ln21_52_fu_418_p3  |    select|   0|  0|   3|           1|           3|
    |select_ln21_fu_354_p3     |    select|   0|  0|   2|           1|           1|
    |select_ln28_fu_562_p3     |    select|   0|  0|  15|           1|          15|
    |v_19_fu_766_p3            |    select|   0|  0|  17|           1|          17|
    |v_20_fu_488_p3            |    select|   0|  0|  17|           1|          17|
    |v_21_fu_644_p3            |    select|   0|  0|  17|           1|          17|
    |v_fu_678_p3               |    select|   0|  0|  17|           1|          17|
    |w_re_22_fu_585_p3         |    select|   0|  0|  16|           1|          16|
    |w_re_23_fu_598_p3         |    select|   0|  0|  16|           1|          16|
    |w_re_24_fu_612_p3         |    select|   0|  0|  15|           1|          15|
    |a_im_17_fu_805_p2         |       shl|   0|  0|  35|          16|          16|
    |a_re_17_fu_717_p2         |       shl|   0|  0|  35|          16|          16|
    |b_im_17_fu_665_p2         |       shl|   0|  0|  35|          16|          16|
    |b_re_17_fu_529_p2         |       shl|   0|  0|  35|          16|          16|
    |ap_enable_pp0             |       xor|   0|  0|   2|           1|           2|
    |w_im_fu_624_p2            |       xor|   0|  0|  16|          16|           2|
    |w_re_21_fu_574_p2         |       xor|   0|  0|  16|          16|           2|
    +--------------------------+----------+----+---+----+------------+------------+
    |Total                     |          |   0|  0| 886|         336|         543|
    +--------------------------+----------+----+---+----+------------+------------+

    * Multiplexer: 
    +-----------------------------+----+-----------+-----+-----------+
    |             Name            | LUT| Input Size| Bits| Total Bits|
    +-----------------------------+----+-----------+-----+-----------+
    |ap_NS_fsm                    |  25|          6|    1|          6|
    |ap_done_int                  |   9|          2|    1|          2|
    |ap_enable_reg_pp0_iter0      |   9|          2|    1|          2|
    |ap_enable_reg_pp0_iter0_reg  |   9|          2|    1|          2|
    |ap_enable_reg_pp0_iter1      |   9|          2|    1|          2|
    |ap_sig_allocacmp_bfly        |   9|          2|   10|         20|
    |bfly_18_fu_124               |   9|          2|   10|         20|
    |re_1_address0                |  13|          3|    9|         27|
    |re_1_address1                |  13|          3|    9|         27|
    |re_address0                  |  13|          3|    9|         27|
    |re_address1                  |  13|          3|    9|         27|
    +-----------------------------+----+-----------+-----+-----------+
    |Total                        | 131|         30|   61|        162|
    +-----------------------------+----+-----------+-----+-----------+

    * Register: 
    +-----------------------------+----+----+-----+-----------+
    |             Name            | FF | LUT| Bits| Const Bits|
    +-----------------------------+----+----+-----+-----------+
    |a_im_19_reg_1075             |  16|   0|   16|          0|
    |a_re_19_reg_1065             |  16|   0|   16|          0|
    |ap_CS_fsm                    |   5|   0|    5|          0|
    |ap_done_reg                  |   1|   0|    1|          0|
    |ap_enable_reg_pp0_iter0_reg  |   1|   0|    1|          0|
    |ap_enable_reg_pp0_iter1      |   1|   0|    1|          0|
    |b_im_16_reg_1044             |  16|   0|   16|          0|
    |b_im_17_reg_1054             |  16|   0|   16|          0|
    |b_im_19_reg_1070             |  16|   0|   16|          0|
    |bfly_18_fu_124               |  10|   0|   10|          0|
    |icmp_ln132_reg_905           |   1|   0|    1|          0|
    |icmp_ln21_27_reg_932         |   1|   0|    1|          0|
    |icmp_ln21_28_reg_940         |   1|   0|    1|          0|
    |icmp_ln24_12_reg_1049        |   1|   0|    1|          0|
    |im_1_addr_5_reg_973          |   8|   0|    9|          1|
    |im_1_addr_reg_953            |   8|   0|    9|          1|
    |im_1_load_reg_1034           |  17|   0|   17|          0|
    |im_addr_5_reg_968            |   8|   0|    9|          1|
    |im_addr_reg_948              |   8|   0|    9|          1|
    |im_load_reg_1029             |  17|   0|   17|          0|
    |re_1_addr_5_reg_963          |   8|   0|    9|          1|
    |re_1_addr_reg_922            |   8|   0|    9|          1|
    |re_1_load_reg_1000           |  17|   0|   17|          0|
    |re_addr_5_reg_958            |   8|   0|    9|          1|
    |re_addr_reg_917              |   8|   0|    9|          1|
    |re_load_reg_995              |  17|   0|   17|          0|
    |select_ln21_52_reg_927       |   3|   0|    3|          0|
    |sext_ln159_4_reg_1023        |  32|   0|   32|          0|
    |sext_ln159_reg_1017          |  32|   0|   32|          0|
    |sext_ln160_4_reg_1059        |  32|   0|   32|          0|
    |sext_ln160_reg_1080          |  32|   0|   32|          0|
    |trunc_ln132_reg_909          |   1|   0|    1|          0|
    |trunc_ln21_s_reg_978         |   2|   0|    2|          0|
    |v_21_reg_1039                |  17|   0|   17|          0|
    |w_im_reg_1012                |  16|   0|   16|          0|
    |zext_ln21_reg_1005           |   3|   0|   16|         13|
    +-----------------------------+----+----+-----+-----------+
    |Total                        | 404|   0|  425|         21|
    +-----------------------------+----+----+-----+-----------+



================================================================
== Interface
================================================================
* Summary: 
+---------------------+-----+-----+------------+---------------------------------+--------------+
|      RTL Ports      | Dir | Bits|  Protocol  |          Source Object          |    C Type    |
+---------------------+-----+-----+------------+---------------------------------+--------------+
|ap_clk               |   in|    1|  ap_ctrl_hs|  fft_serial_Pipeline_bfly_loop17|  return value|
|ap_rst               |   in|    1|  ap_ctrl_hs|  fft_serial_Pipeline_bfly_loop17|  return value|
|ap_start             |   in|    1|  ap_ctrl_hs|  fft_serial_Pipeline_bfly_loop17|  return value|
|ap_done              |  out|    1|  ap_ctrl_hs|  fft_serial_Pipeline_bfly_loop17|  return value|
|ap_idle              |  out|    1|  ap_ctrl_hs|  fft_serial_Pipeline_bfly_loop17|  return value|
|ap_ready             |  out|    1|  ap_ctrl_hs|  fft_serial_Pipeline_bfly_loop17|  return value|
|re_address0          |  out|    9|   ap_memory|                               re|         array|
|re_ce0               |  out|    1|   ap_memory|                               re|         array|
|re_we0               |  out|    1|   ap_memory|                               re|         array|
|re_d0                |  out|   17|   ap_memory|                               re|         array|
|re_q0                |   in|   17|   ap_memory|                               re|         array|
|re_address1          |  out|    9|   ap_memory|                               re|         array|
|re_ce1               |  out|    1|   ap_memory|                               re|         array|
|re_we1               |  out|    1|   ap_memory|                               re|         array|
|re_d1                |  out|   17|   ap_memory|                               re|         array|
|re_q1                |   in|   17|   ap_memory|                               re|         array|
|re_1_address0        |  out|    9|   ap_memory|                             re_1|         array|
|re_1_ce0             |  out|    1|   ap_memory|                             re_1|         array|
|re_1_we0             |  out|    1|   ap_memory|                             re_1|         array|
|re_1_d0              |  out|   17|   ap_memory|                             re_1|         array|
|re_1_q0              |   in|   17|   ap_memory|                             re_1|         array|
|re_1_address1        |  out|    9|   ap_memory|                             re_1|         array|
|re_1_ce1             |  out|    1|   ap_memory|                             re_1|         array|
|re_1_we1             |  out|    1|   ap_memory|                             re_1|         array|
|re_1_d1              |  out|   17|   ap_memory|                             re_1|         array|
|re_1_q1              |   in|   17|   ap_memory|                             re_1|         array|
|clz_next_9           |   in|    4|     ap_none|                       clz_next_9|        scalar|
|im_address0          |  out|    9|   ap_memory|                               im|         array|
|im_ce0               |  out|    1|   ap_memory|                               im|         array|
|im_we0               |  out|    1|   ap_memory|                               im|         array|
|im_d0                |  out|   17|   ap_memory|                               im|         array|
|im_q0                |   in|   17|   ap_memory|                               im|         array|
|im_address1          |  out|    9|   ap_memory|                               im|         array|
|im_ce1               |  out|    1|   ap_memory|                               im|         array|
|im_we1               |  out|    1|   ap_memory|                               im|         array|
|im_d1                |  out|   17|   ap_memory|                               im|         array|
|im_q1                |   in|   17|   ap_memory|                               im|         array|
|im_1_address0        |  out|    9|   ap_memory|                             im_1|         array|
|im_1_ce0             |  out|    1|   ap_memory|                             im_1|         array|
|im_1_we0             |  out|    1|   ap_memory|                             im_1|         array|
|im_1_d0              |  out|   17|   ap_memory|                             im_1|         array|
|im_1_q0              |   in|   17|   ap_memory|                             im_1|         array|
|im_1_address1        |  out|    9|   ap_memory|                             im_1|         array|
|im_1_ce1             |  out|    1|   ap_memory|                             im_1|         array|
|im_1_we1             |  out|    1|   ap_memory|                             im_1|         array|
|im_1_d1              |  out|   17|   ap_memory|                             im_1|         array|
|im_1_q1              |   in|   17|   ap_memory|                             im_1|         array|
|TW_COS_LUT_address0  |  out|    8|   ap_memory|                       TW_COS_LUT|         array|
|TW_COS_LUT_ce0       |  out|    1|   ap_memory|                       TW_COS_LUT|         array|
|TW_COS_LUT_q0        |   in|   15|   ap_memory|                       TW_COS_LUT|         array|
|TW_SIN_LUT_address0  |  out|    8|   ap_memory|                       TW_SIN_LUT|         array|
|TW_SIN_LUT_ce0       |  out|    1|   ap_memory|                       TW_SIN_LUT|         array|
|TW_SIN_LUT_q0        |   in|   15|   ap_memory|                       TW_SIN_LUT|         array|
+---------------------+-----+-----+------------+---------------------------------+--------------+

