

================================================================
== Vitis HLS Report for 'fft_serial_Pipeline_load_loop'
================================================================
* Date:           Tue Jun 30 20:48:42 2026

* Version:        2023.2 (Build 4023990 on Oct 11 2023)
* Project:        serial_fft_hls
* Solution:       solution1 (Vivado IP Flow Target)
* Product family: artix7
* Target device:  xc7a200t-fbg676-2


================================================================
== Performance Estimates
================================================================
+ Timing: 
    * Summary: 
    +--------+----------+----------+------------+
    |  Clock |  Target  | Estimated| Uncertainty|
    +--------+----------+----------+------------+
    |ap_clk  |  10.00 ns|  7.300 ns|     2.70 ns|
    +--------+----------+----------+------------+

+ Latency: 
    * Summary: 
    +---------+---------+-----------+-----------+------+------+---------+
    |  Latency (cycles) |   Latency (absolute)  |   Interval  | Pipeline|
    |   min   |   max   |    min    |    max    |  min |  max |   Type  |
    +---------+---------+-----------+-----------+------+------+---------+
    |     2059|     2059|  20.590 us|  20.590 us|  2059|  2059|       no|
    +---------+---------+-----------+-----------+------+------+---------+

    + Detail: 
        * Instance: 
        N/A

        * Loop: 
        +-------------+---------+---------+----------+-----------+-----------+------+----------+
        |             |  Latency (cycles) | Iteration|  Initiation Interval  | Trip |          |
        |  Loop Name  |   min   |   max   |  Latency |  achieved |   target  | Count| Pipelined|
        +-------------+---------+---------+----------+-----------+-----------+------+----------+
        |- load_loop  |     2057|     2057|        12|          2|          1|  1024|       yes|
        +-------------+---------+---------+----------+-----------+-----------+------+----------+



================================================================
== Utilization Estimates
================================================================
* Summary: 
+-----------------+---------+-----+--------+--------+-----+
|       Name      | BRAM_18K| DSP |   FF   |   LUT  | URAM|
+-----------------+---------+-----+--------+--------+-----+
|DSP              |        -|    -|       -|       -|    -|
|Expression       |        -|    -|       0|     187|    -|
|FIFO             |        -|    -|       -|       -|    -|
|Instance         |        -|    -|       -|       -|    -|
|Memory           |        -|    -|       -|       -|    -|
|Multiplexer      |        -|    -|       -|      89|    -|
|Register         |        -|    -|     341|      64|    -|
+-----------------+---------+-----+--------+--------+-----+
|Total            |        0|    0|     341|     340|    0|
+-----------------+---------+-----+--------+--------+-----+
|Available        |      730|  740|  269200|  134600|    0|
+-----------------+---------+-----+--------+--------+-----+
|Utilization (%)  |        0|    0|      ~0|      ~0|    0|
+-----------------+---------+-----+--------+--------+-----+

+ Detail: 
    * Instance: 
    N/A

    * DSP: 
    N/A

    * Memory: 
    N/A

    * FIFO: 
    N/A

    * Expression: 
    +---------------------------+----------+----+---+----+------------+------------+
    |       Variable Name       | Operation| DSP| FF| LUT| Bitwidth P0| Bitwidth P1|
    +---------------------------+----------+----+---+----+------------+------------+
    |add_ln219_fu_178_p2        |         +|   0|  0|  18|          11|           1|
    |add_ln222_fu_198_p2        |         +|   0|  0|  71|          64|          64|
    |add_ln223_fu_218_p2        |         +|   0|  0|  71|          64|          64|
    |ap_block_state2_io         |       and|   0|  0|   2|           1|           1|
    |icmp_ln219_fu_172_p2       |      icmp|   0|  0|  19|          11|          12|
    |ap_block_pp0_stage0_11001  |        or|   0|  0|   2|           1|           1|
    |ap_block_pp0_stage1_11001  |        or|   0|  0|   2|           1|           1|
    |ap_enable_pp0              |       xor|   0|  0|   2|           1|           2|
    +---------------------------+----------+----+---+----+------------+------------+
    |Total                      |          |   0|  0| 187|         154|         146|
    +---------------------------+----------+----+---+----+------------+------------+

    * Multiplexer: 
    +-------------------------+----+-----------+-----+-----------+
    |           Name          | LUT| Input Size| Bits| Total Bits|
    +-------------------------+----+-----------+-----+-----------+
    |AXI_IN_blk_n_AR          |   9|          2|    1|          2|
    |AXI_IN_blk_n_R           |   9|          2|    1|          2|
    |ap_NS_fsm                |  13|          3|    1|          3|
    |ap_done_int              |   9|          2|    1|          2|
    |ap_enable_reg_pp0_iter0  |   9|          2|    1|          2|
    |ap_enable_reg_pp0_iter1  |   9|          2|    1|          2|
    |ap_sig_allocacmp_i_8     |   9|          2|   11|         22|
    |i_fu_66                  |   9|          2|   11|         22|
    |m_axi_AXI_IN_ARADDR      |  13|          3|   64|        192|
    +-------------------------+----+-----------+-----+-----------+
    |Total                    |  89|         20|   92|        249|
    +-------------------------+----+-----------+-----+-----------+

    * Register: 
    +----------------------------------+----+----+-----+-----------+
    |               Name               | FF | LUT| Bits| Const Bits|
    +----------------------------------+----+----+-----+-----------+
    |AXI_IN_addr_1_read_reg_289        |  16|   0|   16|          0|
    |AXI_IN_addr_1_reg_278             |  64|   0|   64|          0|
    |AXI_IN_addr_read_reg_284          |  16|   0|   16|          0|
    |AXI_IN_addr_reg_268               |  64|   0|   64|          0|
    |ap_CS_fsm                         |   2|   0|    2|          0|
    |ap_done_reg                       |   1|   0|    1|          0|
    |ap_enable_reg_pp0_iter0_reg       |   1|   0|    1|          0|
    |ap_enable_reg_pp0_iter1           |   1|   0|    1|          0|
    |ap_enable_reg_pp0_iter2           |   1|   0|    1|          0|
    |ap_enable_reg_pp0_iter3           |   1|   0|    1|          0|
    |ap_enable_reg_pp0_iter4           |   1|   0|    1|          0|
    |ap_enable_reg_pp0_iter5           |   1|   0|    1|          0|
    |ap_loop_exit_ready_pp0_iter1_reg  |   1|   0|    1|          0|
    |ap_loop_exit_ready_pp0_iter2_reg  |   1|   0|    1|          0|
    |ap_loop_exit_ready_pp0_iter3_reg  |   1|   0|    1|          0|
    |ap_loop_exit_ready_pp0_iter4_reg  |   1|   0|    1|          0|
    |i_fu_66                           |  11|   0|   11|          0|
    |icmp_ln219_reg_259                |   1|   0|    1|          0|
    |im_1_addr_reg_299                 |   9|   0|    9|          0|
    |im_addr_reg_294                   |   9|   0|    9|          0|
    |or_ln_reg_263                     |   9|   0|    9|          0|
    |tmp_reg_274                       |   1|   0|    1|          0|
    |or_ln_reg_263                     |  64|  32|    9|          0|
    |tmp_reg_274                       |  64|  32|    1|          0|
    +----------------------------------+----+----+-----+-----------+
    |Total                             | 341|  64|  223|          0|
    +----------------------------------+----+----+-----+-----------+



================================================================
== Interface
================================================================
* Summary: 
+-----------------------+-----+-----+------------+-------------------------------+--------------+
|       RTL Ports       | Dir | Bits|  Protocol  |         Source Object         |    C Type    |
+-----------------------+-----+-----+------------+-------------------------------+--------------+
|ap_clk                 |   in|    1|  ap_ctrl_hs|  fft_serial_Pipeline_load_loop|  return value|
|ap_rst                 |   in|    1|  ap_ctrl_hs|  fft_serial_Pipeline_load_loop|  return value|
|ap_start               |   in|    1|  ap_ctrl_hs|  fft_serial_Pipeline_load_loop|  return value|
|ap_done                |  out|    1|  ap_ctrl_hs|  fft_serial_Pipeline_load_loop|  return value|
|ap_idle                |  out|    1|  ap_ctrl_hs|  fft_serial_Pipeline_load_loop|  return value|
|ap_ready               |  out|    1|  ap_ctrl_hs|  fft_serial_Pipeline_load_loop|  return value|
|m_axi_AXI_IN_AWVALID   |  out|    1|       m_axi|                         AXI_IN|       pointer|
|m_axi_AXI_IN_AWREADY   |   in|    1|       m_axi|                         AXI_IN|       pointer|
|m_axi_AXI_IN_AWADDR    |  out|   64|       m_axi|                         AXI_IN|       pointer|
|m_axi_AXI_IN_AWID      |  out|    1|       m_axi|                         AXI_IN|       pointer|
|m_axi_AXI_IN_AWLEN     |  out|   32|       m_axi|                         AXI_IN|       pointer|
|m_axi_AXI_IN_AWSIZE    |  out|    3|       m_axi|                         AXI_IN|       pointer|
|m_axi_AXI_IN_AWBURST   |  out|    2|       m_axi|                         AXI_IN|       pointer|
|m_axi_AXI_IN_AWLOCK    |  out|    2|       m_axi|                         AXI_IN|       pointer|
|m_axi_AXI_IN_AWCACHE   |  out|    4|       m_axi|                         AXI_IN|       pointer|
|m_axi_AXI_IN_AWPROT    |  out|    3|       m_axi|                         AXI_IN|       pointer|
|m_axi_AXI_IN_AWQOS     |  out|    4|       m_axi|                         AXI_IN|       pointer|
|m_axi_AXI_IN_AWREGION  |  out|    4|       m_axi|                         AXI_IN|       pointer|
|m_axi_AXI_IN_AWUSER    |  out|    1|       m_axi|                         AXI_IN|       pointer|
|m_axi_AXI_IN_WVALID    |  out|    1|       m_axi|                         AXI_IN|       pointer|
|m_axi_AXI_IN_WREADY    |   in|    1|       m_axi|                         AXI_IN|       pointer|
|m_axi_AXI_IN_WDATA     |  out|   16|       m_axi|                         AXI_IN|       pointer|
|m_axi_AXI_IN_WSTRB     |  out|    2|       m_axi|                         AXI_IN|       pointer|
|m_axi_AXI_IN_WLAST     |  out|    1|       m_axi|                         AXI_IN|       pointer|
|m_axi_AXI_IN_WID       |  out|    1|       m_axi|                         AXI_IN|       pointer|
|m_axi_AXI_IN_WUSER     |  out|    1|       m_axi|                         AXI_IN|       pointer|
|m_axi_AXI_IN_ARVALID   |  out|    1|       m_axi|                         AXI_IN|       pointer|
|m_axi_AXI_IN_ARREADY   |   in|    1|       m_axi|                         AXI_IN|       pointer|
|m_axi_AXI_IN_ARADDR    |  out|   64|       m_axi|                         AXI_IN|       pointer|
|m_axi_AXI_IN_ARID      |  out|    1|       m_axi|                         AXI_IN|       pointer|
|m_axi_AXI_IN_ARLEN     |  out|   32|       m_axi|                         AXI_IN|       pointer|
|m_axi_AXI_IN_ARSIZE    |  out|    3|       m_axi|                         AXI_IN|       pointer|
|m_axi_AXI_IN_ARBURST   |  out|    2|       m_axi|                         AXI_IN|       pointer|
|m_axi_AXI_IN_ARLOCK    |  out|    2|       m_axi|                         AXI_IN|       pointer|
|m_axi_AXI_IN_ARCACHE   |  out|    4|       m_axi|                         AXI_IN|       pointer|
|m_axi_AXI_IN_ARPROT    |  out|    3|       m_axi|                         AXI_IN|       pointer|
|m_axi_AXI_IN_ARQOS     |  out|    4|       m_axi|                         AXI_IN|       pointer|
|m_axi_AXI_IN_ARREGION  |  out|    4|       m_axi|                         AXI_IN|       pointer|
|m_axi_AXI_IN_ARUSER    |  out|    1|       m_axi|                         AXI_IN|       pointer|
|m_axi_AXI_IN_RVALID    |   in|    1|       m_axi|                         AXI_IN|       pointer|
|m_axi_AXI_IN_RREADY    |  out|    1|       m_axi|                         AXI_IN|       pointer|
|m_axi_AXI_IN_RDATA     |   in|   16|       m_axi|                         AXI_IN|       pointer|
|m_axi_AXI_IN_RLAST     |   in|    1|       m_axi|                         AXI_IN|       pointer|
|m_axi_AXI_IN_RID       |   in|    1|       m_axi|                         AXI_IN|       pointer|
|m_axi_AXI_IN_RFIFONUM  |   in|   10|       m_axi|                         AXI_IN|       pointer|
|m_axi_AXI_IN_RUSER     |   in|    1|       m_axi|                         AXI_IN|       pointer|
|m_axi_AXI_IN_RRESP     |   in|    2|       m_axi|                         AXI_IN|       pointer|
|m_axi_AXI_IN_BVALID    |   in|    1|       m_axi|                         AXI_IN|       pointer|
|m_axi_AXI_IN_BREADY    |  out|    1|       m_axi|                         AXI_IN|       pointer|
|m_axi_AXI_IN_BRESP     |   in|    2|       m_axi|                         AXI_IN|       pointer|
|m_axi_AXI_IN_BID       |   in|    1|       m_axi|                         AXI_IN|       pointer|
|m_axi_AXI_IN_BUSER     |   in|    1|       m_axi|                         AXI_IN|       pointer|
|im_1_address0          |  out|    9|   ap_memory|                           im_1|         array|
|im_1_ce0               |  out|    1|   ap_memory|                           im_1|         array|
|im_1_we0               |  out|    1|   ap_memory|                           im_1|         array|
|im_1_d0                |  out|   17|   ap_memory|                           im_1|         array|
|im_address0            |  out|    9|   ap_memory|                             im|         array|
|im_ce0                 |  out|    1|   ap_memory|                             im|         array|
|im_we0                 |  out|    1|   ap_memory|                             im|         array|
|im_d0                  |  out|   17|   ap_memory|                             im|         array|
|re_1_address0          |  out|    9|   ap_memory|                           re_1|         array|
|re_1_ce0               |  out|    1|   ap_memory|                           re_1|         array|
|re_1_we0               |  out|    1|   ap_memory|                           re_1|         array|
|re_1_d0                |  out|   17|   ap_memory|                           re_1|         array|
|re_address0            |  out|    9|   ap_memory|                             re|         array|
|re_ce0                 |  out|    1|   ap_memory|                             re|         array|
|re_we0                 |  out|    1|   ap_memory|                             re|         array|
|re_d0                  |  out|   17|   ap_memory|                             re|         array|
|sext_ln219             |   in|   63|     ap_none|                     sext_ln219|        scalar|
|sext_ln219_1           |   in|   63|     ap_none|                   sext_ln219_1|        scalar|
+-----------------------+-----+-----+------------+-------------------------------+--------------+

