

================================================================
== Vitis HLS Report for 'fft_serial_Pipeline_bfly_loop13'
================================================================
* Date:           Tue Jun 30 20:48:47 2026

* Version:        2023.2 (Build 4023990 on Oct 11 2023)
* Project:        serial_fft_hls
* Solution:       solution1 (Vivado IP Flow Target)
* Product family: artix7
* Target device:  xc7a200t-fbg676-2


================================================================
== Performance Estimates
================================================================
+ Timing: 
    * Summary: 
    +--------+----------+-----------+------------+
    |  Clock |  Target  | Estimated | Uncertainty|
    +--------+----------+-----------+------------+
    |ap_clk  |  10.00 ns|  10.983 ns|     2.70 ns|
    +--------+----------+-----------+------------+

+ Latency: 
    * Summary: 
    +---------+---------+-----------+-----------+------+------+---------+
    |  Latency (cycles) |   Latency (absolute)  |   Interval  | Pipeline|
    |   min   |   max   |    min    |    max    |  min |  max |   Type  |
    +---------+---------+-----------+-----------+------+------+---------+
    |     2562|     2562|  28.139 us|  28.139 us|  2562|  2562|       no|
    +---------+---------+-----------+-----------+------+------+---------+

    + Detail: 
        * Instance: 
        N/A

        * Loop: 
        +-------------+---------+---------+----------+-----------+-----------+------+----------+
        |             |  Latency (cycles) | Iteration|  Initiation Interval  | Trip |          |
        |  Loop Name  |   min   |   max   |  Latency |  achieved |   target  | Count| Pipelined|
        +-------------+---------+---------+----------+-----------+-----------+------+----------+
        |- bfly_loop  |     2560|     2560|         6|          5|          1|   512|       yes|
        +-------------+---------+---------+----------+-----------+-----------+------+----------+



================================================================
== Utilization Estimates
================================================================
* Summary: 
+-----------------+---------+-----+--------+--------+-----+
|       Name      | BRAM_18K| DSP |   FF   |   LUT  | URAM|
+-----------------+---------+-----+--------+--------+-----+
|DSP              |        -|    2|       -|       -|    -|
|Expression       |        -|    -|       0|     895|    -|
|FIFO             |        -|    -|       -|       -|    -|
|Instance         |        -|    2|       0|       0|    -|
|Memory           |        -|    -|       -|       -|    -|
|Multiplexer      |        -|    -|       -|     131|    -|
|Register         |        -|    -|     404|       -|    -|
+-----------------+---------+-----+--------+--------+-----+
|Total            |        0|    4|     404|    1026|    0|
+-----------------+---------+-----+--------+--------+-----+
|Available        |      730|  740|  269200|  134600|    0|
+-----------------+---------+-----+--------+--------+-----+
|Utilization (%)  |        0|   ~0|      ~0|      ~0|    0|
+-----------------+---------+-----+--------+--------+-----+

+ Detail: 
    * Instance: 
    +-------------------------+--------------------+---------+----+---+----+-----+
    |         Instance        |       Module       | BRAM_18K| DSP| FF| LUT| URAM|
    +-------------------------+--------------------+---------+----+---+----+-----+
    |mul_16s_16s_32_4_1_U119  |mul_16s_16s_32_4_1  |        0|   1|  0|   0|    0|
    |mul_16s_16s_32_4_1_U120  |mul_16s_16s_32_4_1  |        0|   1|  0|   0|    0|
    +-------------------------+--------------------+---------+----+---+----+-----+
    |Total                    |                    |        0|   2|  0|   0|    0|
    +-------------------------+--------------------+---------+----+---+----+-----+

    * DSP: 
    +------------------------------------+-------------------------------+--------------+
    |              Instance              |             Module            |  Expression  |
    +------------------------------------+-------------------------------+--------------+
    |mac_muladd_16s_16s_32s_32_1_1_U122  |mac_muladd_16s_16s_32s_32_1_1  |  i0 + i1 * i2|
    |mac_mulsub_16s_16s_32s_32_1_1_U121  |mac_mulsub_16s_16s_32s_32_1_1  |  i0 - i1 * i2|
    +------------------------------------+-------------------------------+--------------+

    * Memory: 
    N/A

    * FIFO: 
    N/A

    * Expression: 
    +--------------------------+----------+----+---+----+------------+------------+
    |       Variable Name      | Operation| DSP| FF| LUT| Bitwidth P0| Bitwidth P1|
    +--------------------------+----------+----+---+----+------------+------------+
    |a_im_out_fu_901_p2        |         +|   0|  0|  24|          17|          17|
    |a_re_out_fu_873_p2        |         +|   0|  0|  24|          17|          17|
    |bfly_10_fu_278_p2         |         +|   0|  0|  17|          10|           1|
    |rounded_19_fu_823_p2      |         +|   0|  0|  24|          17|          17|
    |rounded_20_fu_547_p2      |         +|   0|  0|  24|          17|          17|
    |rounded_21_fu_773_p2      |         +|   0|  0|  24|          17|          17|
    |rounded_fu_735_p2         |         +|   0|  0|  24|          17|          17|
    |b_im_out_fu_909_p2        |         -|   0|  0|  24|          17|          17|
    |b_re_out_fu_881_p2        |         -|   0|  0|  24|          17|          17|
    |sub_ln23_fu_494_p2        |         -|   0|  0|  16|           9|           8|
    |icmp_ln132_fu_272_p2      |      icmp|   0|  0|  18|          10|          11|
    |icmp_ln21_36_fu_358_p2    |      icmp|   0|  0|  13|           4|           3|
    |icmp_ln21_37_fu_364_p2    |      icmp|   0|  0|  13|           4|           3|
    |icmp_ln21_38_fu_370_p2    |      icmp|   0|  0|  13|           4|           3|
    |icmp_ln21_39_fu_376_p2    |      icmp|   0|  0|  13|           4|           2|
    |icmp_ln21_40_fu_382_p2    |      icmp|   0|  0|  13|           4|           2|
    |icmp_ln21_41_fu_460_p2    |      icmp|   0|  0|  13|           4|           1|
    |icmp_ln21_42_fu_466_p2    |      icmp|   0|  0|  13|           4|           1|
    |icmp_ln21_fu_352_p2       |      icmp|   0|  0|  13|           4|           3|
    |icmp_ln24_16_fu_813_p2    |      icmp|   0|  0|  10|           2|           2|
    |icmp_ln24_17_fu_537_p2    |      icmp|   0|  0|  10|           2|           2|
    |icmp_ln24_18_fu_693_p2    |      icmp|   0|  0|  10|           2|           2|
    |icmp_ln24_fu_725_p2       |      icmp|   0|  0|  10|           2|           2|
    |icmp_ln28_10_fu_627_p2    |      icmp|   0|  0|  10|           2|           1|
    |icmp_ln28_9_fu_614_p2     |      icmp|   0|  0|  10|           2|           1|
    |icmp_ln28_fu_591_p2       |      icmp|   0|  0|  11|           2|           3|
    |or_ln141_fu_326_p2        |        or|   0|  0|   9|           9|           7|
    |or_ln21_16_fu_410_p2      |        or|   0|  0|   2|           1|           1|
    |or_ln21_17_fu_424_p2      |        or|   0|  0|   2|           1|           1|
    |or_ln21_18_fu_438_p2      |        or|   0|  0|   2|           1|           1|
    |or_ln21_fu_396_p2         |        or|   0|  0|   2|           1|           1|
    |or_ln28_fu_640_p2         |        or|   0|  0|   2|           1|           1|
    |a_im_26_fu_844_p3         |    select|   0|  0|  16|           1|          16|
    |a_im_27_fu_851_p3         |    select|   0|  0|  16|           1|          16|
    |a_re_26_fu_756_p3         |    select|   0|  0|  16|           1|          16|
    |a_re_27_fu_763_p3         |    select|   0|  0|  16|           1|          16|
    |b_im_26_fu_788_p3         |    select|   0|  0|  16|           1|          16|
    |b_im_27_fu_793_p3         |    select|   0|  0|  16|           1|          16|
    |b_re_26_fu_569_p3         |    select|   0|  0|  16|           1|          16|
    |b_re_27_fu_576_p3         |    select|   0|  0|  16|           1|          16|
    |rom_addr_fu_500_p3        |    select|   0|  0|   8|           1|           8|
    |select_ln21_74_fu_402_p3  |    select|   0|  0|   4|           1|           2|
    |select_ln21_75_fu_416_p3  |    select|   0|  0|   3|           1|           3|
    |select_ln21_76_fu_430_p3  |    select|   0|  0|   3|           1|           3|
    |select_ln21_77_fu_444_p3  |    select|   0|  0|   3|           1|           3|
    |select_ln21_78_fu_452_p3  |    select|   0|  0|   3|           1|           3|
    |select_ln21_fu_388_p3     |    select|   0|  0|   2|           1|           1|
    |select_ln28_fu_596_p3     |    select|   0|  0|  15|           1|          15|
    |v_25_fu_800_p3            |    select|   0|  0|  17|           1|          17|
    |v_26_fu_522_p3            |    select|   0|  0|  17|           1|          17|
    |v_27_fu_678_p3            |    select|   0|  0|  17|           1|          17|
    |v_fu_712_p3               |    select|   0|  0|  17|           1|          17|
    |w_re_32_fu_619_p3         |    select|   0|  0|  16|           1|          16|
    |w_re_33_fu_632_p3         |    select|   0|  0|  16|           1|          16|
    |w_re_34_fu_646_p3         |    select|   0|  0|  15|           1|          15|
    |a_im_25_fu_839_p2         |       shl|   0|  0|  35|          16|          16|
    |a_re_25_fu_751_p2         |       shl|   0|  0|  35|          16|          16|
    |b_im_25_fu_699_p2         |       shl|   0|  0|  35|          16|          16|
    |b_re_25_fu_563_p2         |       shl|   0|  0|  35|          16|          16|
    |ap_enable_pp0             |       xor|   0|  0|   2|           1|           2|
    |w_im_fu_658_p2            |       xor|   0|  0|  16|          16|           2|
    |w_re_31_fu_608_p2         |       xor|   0|  0|  16|          16|           2|
    +--------------------------+----------+----+---+----+------------+------------+
    |Total                     |          |   0|  0| 895|         345|         550|
    +--------------------------+----------+----+---+----+------------+------------+

    * Multiplexer: 
    +-----------------------------+----+-----------+-----+-----------+
    |             Name            | LUT| Input Size| Bits| Total Bits|
    +-----------------------------+----+-----------+-----+-----------+
    |ap_NS_fsm                    |  25|          6|    1|          6|
    |ap_done_int                  |   9|          2|    1|          2|
    |ap_enable_reg_pp0_iter0      |   9|          2|    1|          2|
    |ap_enable_reg_pp0_iter0_reg  |   9|          2|    1|          2|
    |ap_enable_reg_pp0_iter1      |   9|          2|    1|          2|
    |ap_sig_allocacmp_bfly_9      |   9|          2|   10|         20|
    |bfly_fu_132                  |   9|          2|   10|         20|
    |re_1_address0                |  13|          3|    9|         27|
    |re_1_address1                |  13|          3|    9|         27|
    |re_address0                  |  13|          3|    9|         27|
    |re_address1                  |  13|          3|    9|         27|
    +-----------------------------+----+-----------+-----+-----------+
    |Total                        | 131|         30|   61|        162|
    +-----------------------------+----+-----------+-----+-----------+

    * Register: 
    +-----------------------------+----+----+-----+-----------+
    |             Name            | FF | LUT| Bits| Const Bits|
    +-----------------------------+----+----+-----+-----------+
    |a_im_27_reg_1109             |  16|   0|   16|          0|
    |a_re_27_reg_1099             |  16|   0|   16|          0|
    |ap_CS_fsm                    |   5|   0|    5|          0|
    |ap_done_reg                  |   1|   0|    1|          0|
    |ap_enable_reg_pp0_iter0_reg  |   1|   0|    1|          0|
    |ap_enable_reg_pp0_iter1      |   1|   0|    1|          0|
    |b_im_24_reg_1078             |  16|   0|   16|          0|
    |b_im_25_reg_1088             |  16|   0|   16|          0|
    |b_im_27_reg_1104             |  16|   0|   16|          0|
    |bfly_fu_132                  |  10|   0|   10|          0|
    |icmp_ln132_reg_939           |   1|   0|    1|          0|
    |icmp_ln21_41_reg_966         |   1|   0|    1|          0|
    |icmp_ln21_42_reg_974         |   1|   0|    1|          0|
    |icmp_ln24_18_reg_1083        |   1|   0|    1|          0|
    |im_1_addr_7_reg_1007         |   8|   0|    9|          1|
    |im_1_addr_reg_987            |   8|   0|    9|          1|
    |im_1_load_reg_1068           |  17|   0|   17|          0|
    |im_addr_7_reg_1002           |   8|   0|    9|          1|
    |im_addr_reg_982              |   8|   0|    9|          1|
    |im_load_reg_1063             |  17|   0|   17|          0|
    |re_1_addr_7_reg_997          |   8|   0|    9|          1|
    |re_1_addr_reg_956            |   8|   0|    9|          1|
    |re_1_load_reg_1034           |  17|   0|   17|          0|
    |re_addr_7_reg_992            |   8|   0|    9|          1|
    |re_addr_reg_951              |   8|   0|    9|          1|
    |re_load_reg_1029             |  17|   0|   17|          0|
    |select_ln21_78_reg_961       |   3|   0|    3|          0|
    |sext_ln159_6_reg_1057        |  32|   0|   32|          0|
    |sext_ln159_reg_1051          |  32|   0|   32|          0|
    |sext_ln160_6_reg_1093        |  32|   0|   32|          0|
    |sext_ln160_reg_1114          |  32|   0|   32|          0|
    |trunc_ln132_reg_943          |   1|   0|    1|          0|
    |trunc_ln21_8_reg_1012        |   2|   0|    2|          0|
    |v_27_reg_1073                |  17|   0|   17|          0|
    |w_im_reg_1046                |  16|   0|   16|          0|
    |zext_ln21_reg_1039           |   3|   0|   16|         13|
    +-----------------------------+----+----+-----+-----------+
    |Total                        | 404|   0|  425|         21|
    +-----------------------------+----+----+-----+-----------+



================================================================
== Interface
================================================================
* Summary: 
+---------------------+-----+-----+------------+---------------------------------+--------------+
|      RTL Ports      | Dir | Bits|  Protocol  |          Source Object          |    C Type    |
+---------------------+-----+-----+------------+---------------------------------+--------------+
|ap_clk               |   in|    1|  ap_ctrl_hs|  fft_serial_Pipeline_bfly_loop13|  return value|
|ap_rst               |   in|    1|  ap_ctrl_hs|  fft_serial_Pipeline_bfly_loop13|  return value|
|ap_start             |   in|    1|  ap_ctrl_hs|  fft_serial_Pipeline_bfly_loop13|  return value|
|ap_done              |  out|    1|  ap_ctrl_hs|  fft_serial_Pipeline_bfly_loop13|  return value|
|ap_idle              |  out|    1|  ap_ctrl_hs|  fft_serial_Pipeline_bfly_loop13|  return value|
|ap_ready             |  out|    1|  ap_ctrl_hs|  fft_serial_Pipeline_bfly_loop13|  return value|
|re_address0          |  out|    9|   ap_memory|                               re|         array|
|re_ce0               |  out|    1|   ap_memory|                               re|         array|
|re_we0               |  out|    1|   ap_memory|                               re|         array|
|re_d0                |  out|   17|   ap_memory|                               re|         array|
|re_q0                |   in|   17|   ap_memory|                               re|         array|
|re_address1          |  out|    9|   ap_memory|                               re|         array|
|re_ce1               |  out|    1|   ap_memory|                               re|         array|
|re_we1               |  out|    1|   ap_memory|                               re|         array|
|re_d1                |  out|   17|   ap_memory|                               re|         array|
|re_q1                |   in|   17|   ap_memory|                               re|         array|
|re_1_address0        |  out|    9|   ap_memory|                             re_1|         array|
|re_1_ce0             |  out|    1|   ap_memory|                             re_1|         array|
|re_1_we0             |  out|    1|   ap_memory|                             re_1|         array|
|re_1_d0              |  out|   17|   ap_memory|                             re_1|         array|
|re_1_q0              |   in|   17|   ap_memory|                             re_1|         array|
|re_1_address1        |  out|    9|   ap_memory|                             re_1|         array|
|re_1_ce1             |  out|    1|   ap_memory|                             re_1|         array|
|re_1_we1             |  out|    1|   ap_memory|                             re_1|         array|
|re_1_d1              |  out|   17|   ap_memory|                             re_1|         array|
|re_1_q1              |   in|   17|   ap_memory|                             re_1|         array|
|clz_next_7           |   in|    4|     ap_none|                       clz_next_7|        scalar|
|im_address0          |  out|    9|   ap_memory|                               im|         array|
|im_ce0               |  out|    1|   ap_memory|                               im|         array|
|im_we0               |  out|    1|   ap_memory|                               im|         array|
|im_d0                |  out|   17|   ap_memory|                               im|         array|
|im_q0                |   in|   17|   ap_memory|                               im|         array|
|im_address1          |  out|    9|   ap_memory|                               im|         array|
|im_ce1               |  out|    1|   ap_memory|                               im|         array|
|im_we1               |  out|    1|   ap_memory|                               im|         array|
|im_d1                |  out|   17|   ap_memory|                               im|         array|
|im_q1                |   in|   17|   ap_memory|                               im|         array|
|im_1_address0        |  out|    9|   ap_memory|                             im_1|         array|
|im_1_ce0             |  out|    1|   ap_memory|                             im_1|         array|
|im_1_we0             |  out|    1|   ap_memory|                             im_1|         array|
|im_1_d0              |  out|   17|   ap_memory|                             im_1|         array|
|im_1_q0              |   in|   17|   ap_memory|                             im_1|         array|
|im_1_address1        |  out|    9|   ap_memory|                             im_1|         array|
|im_1_ce1             |  out|    1|   ap_memory|                             im_1|         array|
|im_1_we1             |  out|    1|   ap_memory|                             im_1|         array|
|im_1_d1              |  out|   17|   ap_memory|                             im_1|         array|
|im_1_q1              |   in|   17|   ap_memory|                             im_1|         array|
|TW_COS_LUT_address0  |  out|    8|   ap_memory|                       TW_COS_LUT|         array|
|TW_COS_LUT_ce0       |  out|    1|   ap_memory|                       TW_COS_LUT|         array|
|TW_COS_LUT_q0        |   in|   15|   ap_memory|                       TW_COS_LUT|         array|
|TW_SIN_LUT_address0  |  out|    8|   ap_memory|                       TW_SIN_LUT|         array|
|TW_SIN_LUT_ce0       |  out|    1|   ap_memory|                       TW_SIN_LUT|         array|
|TW_SIN_LUT_q0        |   in|   15|   ap_memory|                       TW_SIN_LUT|         array|
+---------------------+-----+-----+------------+---------------------------------+--------------+

