

================================================================
== Vitis HLS Report for 'fft_serial_Pipeline_bfly_loop3'
================================================================
* Date:           Tue Jun 30 20:48:43 2026

* Version:        2023.2 (Build 4023990 on Oct 11 2023)
* Project:        serial_fft_hls
* Solution:       solution1 (Vivado IP Flow Target)
* Product family: artix7
* Target device:  xc7a200t-fbg676-2


================================================================
== Performance Estimates
================================================================
+ Timing: 
    * Summary: 
    +--------+----------+-----------+------------+
    |  Clock |  Target  | Estimated | Uncertainty|
    +--------+----------+-----------+------------+
    |ap_clk  |  10.00 ns|  10.983 ns|     2.70 ns|
    +--------+----------+-----------+------------+

+ Latency: 
    * Summary: 
    +---------+---------+-----------+-----------+------+------+---------+
    |  Latency (cycles) |   Latency (absolute)  |   Interval  | Pipeline|
    |   min   |   max   |    min    |    max    |  min |  max |   Type  |
    +---------+---------+-----------+-----------+------+------+---------+
    |     2562|     2562|  28.139 us|  28.139 us|  2562|  2562|       no|
    +---------+---------+-----------+-----------+------+------+---------+

    + Detail: 
        * Instance: 
        N/A

        * Loop: 
        +-------------+---------+---------+----------+-----------+-----------+------+----------+
        |             |  Latency (cycles) | Iteration|  Initiation Interval  | Trip |          |
        |  Loop Name  |   min   |   max   |  Latency |  achieved |   target  | Count| Pipelined|
        +-------------+---------+---------+----------+-----------+-----------+------+----------+
        |- bfly_loop  |     2560|     2560|         6|          5|          1|   512|       yes|
        +-------------+---------+---------+----------+-----------+-----------+------+----------+



================================================================
== Utilization Estimates
================================================================
* Summary: 
+-----------------+---------+-----+--------+--------+-----+
|       Name      | BRAM_18K| DSP |   FF   |   LUT  | URAM|
+-----------------+---------+-----+--------+--------+-----+
|DSP              |        -|    2|       -|       -|    -|
|Expression       |        -|    -|       0|     879|    -|
|FIFO             |        -|    -|       -|       -|    -|
|Instance         |        -|    2|       0|       0|    -|
|Memory           |        -|    -|       -|       -|    -|
|Multiplexer      |        -|    -|       -|     131|    -|
|Register         |        -|    -|     404|       -|    -|
+-----------------+---------+-----+--------+--------+-----+
|Total            |        0|    4|     404|    1010|    0|
+-----------------+---------+-----+--------+--------+-----+
|Available        |      730|  740|  269200|  134600|    0|
+-----------------+---------+-----+--------+--------+-----+
|Utilization (%)  |        0|   ~0|      ~0|      ~0|    0|
+-----------------+---------+-----+--------+--------+-----+

+ Detail: 
    * Instance: 
    +------------------------+--------------------+---------+----+---+----+-----+
    |        Instance        |       Module       | BRAM_18K| DSP| FF| LUT| URAM|
    +------------------------+--------------------+---------+----+---+----+-----+
    |mul_16s_16s_32_4_1_U37  |mul_16s_16s_32_4_1  |        0|   1|  0|   0|    0|
    |mul_16s_16s_32_4_1_U38  |mul_16s_16s_32_4_1  |        0|   1|  0|   0|    0|
    +------------------------+--------------------+---------+----+---+----+-----+
    |Total                   |                    |        0|   2|  0|   0|    0|
    +------------------------+--------------------+---------+----+---+----+-----+

    * DSP: 
    +-----------------------------------+-------------------------------+--------------+
    |              Instance             |             Module            |  Expression  |
    +-----------------------------------+-------------------------------+--------------+
    |mac_muladd_16s_16s_32s_32_1_1_U40  |mac_muladd_16s_16s_32s_32_1_1  |  i0 + i1 * i2|
    |mac_mulsub_16s_16s_32s_32_1_1_U39  |mac_mulsub_16s_16s_32s_32_1_1  |  i0 - i1 * i2|
    +-----------------------------------+-------------------------------+--------------+

    * Memory: 
    N/A

    * FIFO: 
    N/A

    * Expression: 
    +--------------------------+----------+----+---+----+------------+------------+
    |       Variable Name      | Operation| DSP| FF| LUT| Bitwidth P0| Bitwidth P1|
    +--------------------------+----------+----+---+----+------------+------------+
    |a_im_out_fu_851_p2        |         +|   0|  0|  24|          17|          17|
    |a_re_out_fu_823_p2        |         +|   0|  0|  24|          17|          17|
    |bfly_6_fu_270_p2          |         +|   0|  0|  17|          10|           1|
    |rounded_10_fu_773_p2      |         +|   0|  0|  24|          17|          17|
    |rounded_11_fu_497_p2      |         +|   0|  0|  24|          17|          17|
    |rounded_12_fu_723_p2      |         +|   0|  0|  24|          17|          17|
    |rounded_fu_685_p2         |         +|   0|  0|  24|          17|          17|
    |b_im_out_fu_859_p2        |         -|   0|  0|  24|          17|          17|
    |b_re_out_fu_831_p2        |         -|   0|  0|  24|          17|          17|
    |icmp_ln132_fu_264_p2      |      icmp|   0|  0|  18|          10|          11|
    |icmp_ln21_10_fu_346_p2    |      icmp|   0|  0|  13|           4|           3|
    |icmp_ln21_11_fu_352_p2    |      icmp|   0|  0|  13|           4|           3|
    |icmp_ln21_12_fu_358_p2    |      icmp|   0|  0|  13|           4|           2|
    |icmp_ln21_13_fu_364_p2    |      icmp|   0|  0|  13|           4|           2|
    |icmp_ln21_14_fu_442_p2    |      icmp|   0|  0|  13|           4|           1|
    |icmp_ln21_15_fu_448_p2    |      icmp|   0|  0|  13|           4|           1|
    |icmp_ln21_8_fu_334_p2     |      icmp|   0|  0|  13|           4|           3|
    |icmp_ln21_9_fu_340_p2     |      icmp|   0|  0|  13|           4|           3|
    |icmp_ln24_4_fu_675_p2     |      icmp|   0|  0|  10|           2|           2|
    |icmp_ln24_5_fu_763_p2     |      icmp|   0|  0|  10|           2|           2|
    |icmp_ln24_6_fu_487_p2     |      icmp|   0|  0|  10|           2|           2|
    |icmp_ln24_7_fu_643_p2     |      icmp|   0|  0|  10|           2|           2|
    |icmp_ln28_1_fu_564_p2     |      icmp|   0|  0|  10|           2|           1|
    |icmp_ln28_2_fu_577_p2     |      icmp|   0|  0|  10|           2|           1|
    |icmp_ln28_fu_541_p2       |      icmp|   0|  0|  11|           2|           3|
    |or_ln141_fu_320_p2        |        or|   0|  0|   9|           9|           2|
    |or_ln21_4_fu_378_p2       |        or|   0|  0|   2|           1|           1|
    |or_ln21_5_fu_392_p2       |        or|   0|  0|   2|           1|           1|
    |or_ln21_6_fu_406_p2       |        or|   0|  0|   2|           1|           1|
    |or_ln21_7_fu_420_p2       |        or|   0|  0|   2|           1|           1|
    |or_ln28_fu_590_p2         |        or|   0|  0|   2|           1|           1|
    |a_im_14_fu_794_p3         |    select|   0|  0|  16|           1|          16|
    |a_im_15_fu_801_p3         |    select|   0|  0|  16|           1|          16|
    |a_re_14_fu_706_p3         |    select|   0|  0|  16|           1|          16|
    |a_re_15_fu_713_p3         |    select|   0|  0|  16|           1|          16|
    |b_im_14_fu_738_p3         |    select|   0|  0|  16|           1|          16|
    |b_im_15_fu_743_p3         |    select|   0|  0|  16|           1|          16|
    |b_re_14_fu_519_p3         |    select|   0|  0|  16|           1|          16|
    |b_re_15_fu_526_p3         |    select|   0|  0|  16|           1|          16|
    |select_ln21_15_fu_384_p3  |    select|   0|  0|   4|           1|           2|
    |select_ln21_16_fu_398_p3  |    select|   0|  0|   3|           1|           3|
    |select_ln21_17_fu_412_p3  |    select|   0|  0|   3|           1|           3|
    |select_ln21_18_fu_426_p3  |    select|   0|  0|   3|           1|           3|
    |select_ln21_19_fu_434_p3  |    select|   0|  0|   3|           1|           3|
    |select_ln21_fu_370_p3     |    select|   0|  0|   2|           1|           1|
    |select_ln25_fu_454_p3     |    select|   0|  0|   8|           1|           8|
    |select_ln28_fu_546_p3     |    select|   0|  0|  15|           1|          15|
    |v_12_fu_662_p3            |    select|   0|  0|  17|           1|          17|
    |v_15_fu_750_p3            |    select|   0|  0|  17|           1|          17|
    |v_16_fu_472_p3            |    select|   0|  0|  17|           1|          17|
    |v_17_fu_628_p3            |    select|   0|  0|  17|           1|          17|
    |w_re_17_fu_569_p3         |    select|   0|  0|  16|           1|          16|
    |w_re_18_fu_582_p3         |    select|   0|  0|  16|           1|          16|
    |w_re_19_fu_596_p3         |    select|   0|  0|  15|           1|          15|
    |a_im_13_fu_789_p2         |       shl|   0|  0|  35|          16|          16|
    |a_re_13_fu_701_p2         |       shl|   0|  0|  35|          16|          16|
    |b_im_13_fu_649_p2         |       shl|   0|  0|  35|          16|          16|
    |b_re_13_fu_513_p2         |       shl|   0|  0|  35|          16|          16|
    |ap_enable_pp0             |       xor|   0|  0|   2|           1|           2|
    |w_im_fu_608_p2            |       xor|   0|  0|  16|          16|           2|
    |w_re_16_fu_558_p2         |       xor|   0|  0|  16|          16|           2|
    +--------------------------+----------+----+---+----+------------+------------+
    |Total                     |          |   0|  0| 879|         336|         537|
    +--------------------------+----------+----+---+----+------------+------------+

    * Multiplexer: 
    +-----------------------------+----+-----------+-----+-----------+
    |             Name            | LUT| Input Size| Bits| Total Bits|
    +-----------------------------+----+-----------+-----+-----------+
    |ap_NS_fsm                    |  25|          6|    1|          6|
    |ap_done_int                  |   9|          2|    1|          2|
    |ap_enable_reg_pp0_iter0      |   9|          2|    1|          2|
    |ap_enable_reg_pp0_iter0_reg  |   9|          2|    1|          2|
    |ap_enable_reg_pp0_iter1      |   9|          2|    1|          2|
    |ap_sig_allocacmp_bfly        |   9|          2|   10|         20|
    |bfly_3_fu_124                |   9|          2|   10|         20|
    |re_1_address0                |  13|          3|    9|         27|
    |re_1_address1                |  13|          3|    9|         27|
    |re_address0                  |  13|          3|    9|         27|
    |re_address1                  |  13|          3|    9|         27|
    +-----------------------------+----+-----------+-----+-----------+
    |Total                        | 131|         30|   61|        162|
    +-----------------------------+----+-----------+-----+-----------+

    * Register: 
    +-----------------------------+----+----+-----+-----------+
    |             Name            | FF | LUT| Bits| Const Bits|
    +-----------------------------+----+----+-----+-----------+
    |a_im_15_reg_1059             |  16|   0|   16|          0|
    |a_re_15_reg_1049             |  16|   0|   16|          0|
    |ap_CS_fsm                    |   5|   0|    5|          0|
    |ap_done_reg                  |   1|   0|    1|          0|
    |ap_enable_reg_pp0_iter0_reg  |   1|   0|    1|          0|
    |ap_enable_reg_pp0_iter1      |   1|   0|    1|          0|
    |b_im_13_reg_1038             |  16|   0|   16|          0|
    |b_im_15_reg_1054             |  16|   0|   16|          0|
    |b_im_reg_1028                |  16|   0|   16|          0|
    |bfly_3_fu_124                |  10|   0|   10|          0|
    |icmp_ln132_reg_889           |   1|   0|    1|          0|
    |icmp_ln21_14_reg_923         |   1|   0|    1|          0|
    |icmp_ln21_15_reg_931         |   1|   0|    1|          0|
    |icmp_ln24_7_reg_1033         |   1|   0|    1|          0|
    |im_1_addr_4_reg_964          |   8|   0|    9|          1|
    |im_1_addr_reg_944            |   8|   0|    9|          1|
    |im_1_load_reg_1018           |  17|   0|   17|          0|
    |im_addr_4_reg_959            |   8|   0|    9|          1|
    |im_addr_reg_939              |   8|   0|    9|          1|
    |im_load_reg_1013             |  17|   0|   17|          0|
    |j_reg_901                    |   2|   0|    2|          0|
    |re_1_addr_4_reg_954          |   8|   0|    9|          1|
    |re_1_addr_reg_913            |   8|   0|    9|          1|
    |re_1_load_reg_984            |  17|   0|   17|          0|
    |re_addr_4_reg_949            |   8|   0|    9|          1|
    |re_addr_reg_908              |   8|   0|    9|          1|
    |re_load_reg_979              |  17|   0|   17|          0|
    |select_ln21_19_reg_918       |   3|   0|    3|          0|
    |sext_ln159_3_reg_1001        |  32|   0|   32|          0|
    |sext_ln159_reg_1007          |  32|   0|   32|          0|
    |sext_ln160_2_reg_1064        |  32|   0|   32|          0|
    |sext_ln160_3_reg_1043        |  32|   0|   32|          0|
    |trunc_ln132_reg_893          |   1|   0|    1|          0|
    |v_17_reg_1023                |  17|   0|   17|          0|
    |w_im_reg_996                 |  16|   0|   16|          0|
    |zext_ln21_reg_989            |   3|   0|   16|         13|
    +-----------------------------+----+----+-----+-----------+
    |Total                        | 404|   0|  425|         21|
    +-----------------------------+----+----+-----+-----------+



================================================================
== Interface
================================================================
* Summary: 
+---------------------+-----+-----+------------+--------------------------------+--------------+
|      RTL Ports      | Dir | Bits|  Protocol  |          Source Object         |    C Type    |
+---------------------+-----+-----+------------+--------------------------------+--------------+
|ap_clk               |   in|    1|  ap_ctrl_hs|  fft_serial_Pipeline_bfly_loop3|  return value|
|ap_rst               |   in|    1|  ap_ctrl_hs|  fft_serial_Pipeline_bfly_loop3|  return value|
|ap_start             |   in|    1|  ap_ctrl_hs|  fft_serial_Pipeline_bfly_loop3|  return value|
|ap_done              |  out|    1|  ap_ctrl_hs|  fft_serial_Pipeline_bfly_loop3|  return value|
|ap_idle              |  out|    1|  ap_ctrl_hs|  fft_serial_Pipeline_bfly_loop3|  return value|
|ap_ready             |  out|    1|  ap_ctrl_hs|  fft_serial_Pipeline_bfly_loop3|  return value|
|re_address0          |  out|    9|   ap_memory|                              re|         array|
|re_ce0               |  out|    1|   ap_memory|                              re|         array|
|re_we0               |  out|    1|   ap_memory|                              re|         array|
|re_d0                |  out|   17|   ap_memory|                              re|         array|
|re_q0                |   in|   17|   ap_memory|                              re|         array|
|re_address1          |  out|    9|   ap_memory|                              re|         array|
|re_ce1               |  out|    1|   ap_memory|                              re|         array|
|re_we1               |  out|    1|   ap_memory|                              re|         array|
|re_d1                |  out|   17|   ap_memory|                              re|         array|
|re_q1                |   in|   17|   ap_memory|                              re|         array|
|re_1_address0        |  out|    9|   ap_memory|                            re_1|         array|
|re_1_ce0             |  out|    1|   ap_memory|                            re_1|         array|
|re_1_we0             |  out|    1|   ap_memory|                            re_1|         array|
|re_1_d0              |  out|   17|   ap_memory|                            re_1|         array|
|re_1_q0              |   in|   17|   ap_memory|                            re_1|         array|
|re_1_address1        |  out|    9|   ap_memory|                            re_1|         array|
|re_1_ce1             |  out|    1|   ap_memory|                            re_1|         array|
|re_1_we1             |  out|    1|   ap_memory|                            re_1|         array|
|re_1_d1              |  out|   17|   ap_memory|                            re_1|         array|
|re_1_q1              |   in|   17|   ap_memory|                            re_1|         array|
|clz_next_2           |   in|    4|     ap_none|                      clz_next_2|        scalar|
|im_address0          |  out|    9|   ap_memory|                              im|         array|
|im_ce0               |  out|    1|   ap_memory|                              im|         array|
|im_we0               |  out|    1|   ap_memory|                              im|         array|
|im_d0                |  out|   17|   ap_memory|                              im|         array|
|im_q0                |   in|   17|   ap_memory|                              im|         array|
|im_address1          |  out|    9|   ap_memory|                              im|         array|
|im_ce1               |  out|    1|   ap_memory|                              im|         array|
|im_we1               |  out|    1|   ap_memory|                              im|         array|
|im_d1                |  out|   17|   ap_memory|                              im|         array|
|im_q1                |   in|   17|   ap_memory|                              im|         array|
|im_1_address0        |  out|    9|   ap_memory|                            im_1|         array|
|im_1_ce0             |  out|    1|   ap_memory|                            im_1|         array|
|im_1_we0             |  out|    1|   ap_memory|                            im_1|         array|
|im_1_d0              |  out|   17|   ap_memory|                            im_1|         array|
|im_1_q0              |   in|   17|   ap_memory|                            im_1|         array|
|im_1_address1        |  out|    9|   ap_memory|                            im_1|         array|
|im_1_ce1             |  out|    1|   ap_memory|                            im_1|         array|
|im_1_we1             |  out|    1|   ap_memory|                            im_1|         array|
|im_1_d1              |  out|   17|   ap_memory|                            im_1|         array|
|im_1_q1              |   in|   17|   ap_memory|                            im_1|         array|
|TW_COS_LUT_address0  |  out|    8|   ap_memory|                      TW_COS_LUT|         array|
|TW_COS_LUT_ce0       |  out|    1|   ap_memory|                      TW_COS_LUT|         array|
|TW_COS_LUT_q0        |   in|   15|   ap_memory|                      TW_COS_LUT|         array|
|TW_SIN_LUT_address0  |  out|    8|   ap_memory|                      TW_SIN_LUT|         array|
|TW_SIN_LUT_ce0       |  out|    1|   ap_memory|                      TW_SIN_LUT|         array|
|TW_SIN_LUT_q0        |   in|   15|   ap_memory|                      TW_SIN_LUT|         array|
+---------------------+-----+-----+------------+--------------------------------+--------------+

