Copyright 1986-2022 Xilinx, Inc. All Rights Reserved. Copyright 2022-2023 Advanced Micro Devices, Inc. All Rights Reserved.
---------------------------------------------------------------------------------------------------------------------------------------------
| Tool Version : Vivado v.2023.2 (win64) Build 4029153 Fri Oct 13 20:14:34 MDT 2023
| Date         : Tue Jun 30 20:57:23 2026
| Host         : CHNtoumas running 64-bit major release  (build 9200)
| Command      : report_timing_summary -file ./report/fft_serial_timing_routed.rpt
| Design       : bd_0_wrapper
| Device       : 7a200t-fbg676
| Speed File   : -2  PRODUCTION 1.23 2018-06-13
| Design State : Routed
---------------------------------------------------------------------------------------------------------------------------------------------

Timing Summary Report

------------------------------------------------------------------------------------------------
| Timer Settings
| --------------
------------------------------------------------------------------------------------------------

  Enable Multi Corner Analysis               :  Yes
  Enable Pessimism Removal                   :  Yes
  Pessimism Removal Resolution               :  Nearest Common Node
  Enable Input Delay Default Clock           :  No
  Enable Preset / Clear Arcs                 :  No
  Disable Flight Delays                      :  No
  Ignore I/O Paths                           :  No
  Timing Early Launch at Borrowing Latches   :  No
  Borrow Time for Max Delay Exceptions       :  Yes
  Merge Timing Exceptions                    :  Yes
  Inter-SLR Compensation                     :  Conservative

  Corner  Analyze    Analyze    
  Name    Max Paths  Min Paths  
  ------  ---------  ---------  
  Slow    Yes        Yes        
  Fast    Yes        Yes        


------------------------------------------------------------------------------------------------
| Report Methodology
| ------------------
------------------------------------------------------------------------------------------------

Rule       Severity  Description                    Violations  
---------  --------  -----------------------------  ----------  
TIMING-18  Warning   Missing input or output delay  322         

Note: This report is based on the most recent report_methodology run and may not be up-to-date. Run report_methodology on the current design for the latest report.



check_timing report

Table of Contents
-----------------
1. checking no_clock (0)
2. checking constant_clock (0)
3. checking pulse_width_clock (0)
4. checking unconstrained_internal_endpoints (0)
5. checking no_input_delay (96)
6. checking no_output_delay (214)
7. checking multiple_clock (0)
8. checking generated_clocks (0)
9. checking loops (0)
10. checking partial_input_delay (0)
11. checking partial_output_delay (0)
12. checking latch_loops (0)

1. checking no_clock (0)
------------------------
 There are 0 register/latch pins with no clock.


2. checking constant_clock (0)
------------------------------
 There are 0 register/latch pins with constant_clock.


3. checking pulse_width_clock (0)
---------------------------------
 There are 0 register/latch pins which need pulse_width check


4. checking unconstrained_internal_endpoints (0)
------------------------------------------------
 There are 0 pins that are not constrained for maximum delay.

 There are 0 pins that are not constrained for maximum delay due to constant clock.


5. checking no_input_delay (96)
-------------------------------
 There are 96 input ports with no input delay specified. (HIGH)

 There are 0 input ports with no input delay but user has a false path constraint.


6. checking no_output_delay (214)
---------------------------------
 There are 214 ports with no output delay specified. (HIGH)

 There are 0 ports with no output delay but user has a false path constraint

 There are 0 ports with no output delay but with a timing clock defined on it or propagating through it


7. checking multiple_clock (0)
------------------------------
 There are 0 register/latch pins with multiple clocks.


8. checking generated_clocks (0)
--------------------------------
 There are 0 generated clocks that are not connected to a clock source.


9. checking loops (0)
---------------------
 There are 0 combinational loops in the design.


10. checking partial_input_delay (0)
------------------------------------
 There are 0 input ports with partial input delay specified.


11. checking partial_output_delay (0)
-------------------------------------
 There are 0 ports with partial output delay specified.


12. checking latch_loops (0)
----------------------------
 There are 0 combinational latch loops in the design through latch input



------------------------------------------------------------------------------------------------
| Design Timing Summary
| ---------------------
------------------------------------------------------------------------------------------------

    WNS(ns)      TNS(ns)  TNS Failing Endpoints  TNS Total Endpoints      WHS(ns)      THS(ns)  THS Failing Endpoints  THS Total Endpoints     WPWS(ns)     TPWS(ns)  TPWS Failing Endpoints  TPWS Total Endpoints  
    -------      -------  ---------------------  -------------------      -------      -------  ---------------------  -------------------     --------     --------  ----------------------  --------------------  
      0.903        0.000                      0                12311        0.056        0.000                      0                12311        4.146        0.000                       0                  5311  


All user specified timing constraints are met.


------------------------------------------------------------------------------------------------
| Clock Summary
| -------------
------------------------------------------------------------------------------------------------

Clock   Waveform(ns)       Period(ns)      Frequency(MHz)
-----   ------------       ----------      --------------
ap_clk  {0.000 5.000}      10.000          100.000         


------------------------------------------------------------------------------------------------
| Intra Clock Table
| -----------------
------------------------------------------------------------------------------------------------

Clock             WNS(ns)      TNS(ns)  TNS Failing Endpoints  TNS Total Endpoints      WHS(ns)      THS(ns)  THS Failing Endpoints  THS Total Endpoints     WPWS(ns)     TPWS(ns)  TPWS Failing Endpoints  TPWS Total Endpoints  
-----             -------      -------  ---------------------  -------------------      -------      -------  ---------------------  -------------------     --------     --------  ----------------------  --------------------  
ap_clk              0.903        0.000                      0                12311        0.056        0.000                      0                12311        4.146        0.000                       0                  5311  


------------------------------------------------------------------------------------------------
| Inter Clock Table
| -----------------
------------------------------------------------------------------------------------------------

From Clock    To Clock          WNS(ns)      TNS(ns)  TNS Failing Endpoints  TNS Total Endpoints      WHS(ns)      THS(ns)  THS Failing Endpoints  THS Total Endpoints  
----------    --------          -------      -------  ---------------------  -------------------      -------      -------  ---------------------  -------------------  


------------------------------------------------------------------------------------------------
| Other Path Groups Table
| -----------------------
------------------------------------------------------------------------------------------------

Path Group    From Clock    To Clock          WNS(ns)      TNS(ns)  TNS Failing Endpoints  TNS Total Endpoints      WHS(ns)      THS(ns)  THS Failing Endpoints  THS Total Endpoints  
----------    ----------    --------          -------      -------  ---------------------  -------------------      -------      -------  ---------------------  -------------------  


------------------------------------------------------------------------------------------------
| Timing Details
| --------------
------------------------------------------------------------------------------------------------


---------------------------------------------------------------------------------------------------
From Clock:  ap_clk
  To Clock:  ap_clk

Setup :            0  Failing Endpoints,  Worst Slack        0.903ns,  Total Violation        0.000ns
Hold  :            0  Failing Endpoints,  Worst Slack        0.056ns,  Total Violation        0.000ns
PW    :            0  Failing Endpoints,  Worst Slack        4.146ns,  Total Violation        0.000ns
---------------------------------------------------------------------------------------------------


Max Delay Paths
--------------------------------------------------------------------------------------
Slack (MET) :             0.903ns  (required time - arrival time)
  Source:                 bd_0_i/hls_inst/inst/grp_fft_serial_Pipeline_bfly_loop5_fu_336/mac_muladd_16s_16s_32s_32_1_1_U58/fft_serial_mac_muladd_16s_16s_32s_32_1_1_DSP48_3_U/p/CLK
                            (rising edge-triggered cell DSP48E1 clocked by ap_clk  {rise@0.000ns fall@5.000ns period=10.000ns})
  Destination:            bd_0_i/hls_inst/inst/im_1_U/ram_reg/DIBDI[10]
                            (rising edge-triggered cell RAMB18E1 clocked by ap_clk  {rise@0.000ns fall@5.000ns period=10.000ns})
  Path Group:             ap_clk
  Path Type:              Setup (Max at Slow Process Corner)
  Requirement:            10.000ns  (ap_clk rise@10.000ns - ap_clk rise@0.000ns)
  Data Path Delay:        8.808ns  (logic 4.838ns (54.927%)  route 3.970ns (45.073%))
  Logic Levels:           6  (CARRY4=2 LUT2=1 LUT6=2 MUXF7=1)
  Clock Path Skew:        -0.039ns (DCD - SCD + CPR)
    Destination Clock Delay (DCD):    0.748ns = ( 10.748 - 10.000 ) 
    Source Clock Delay      (SCD):    0.787ns
    Clock Pessimism Removal (CPR):    0.000ns
  Clock Uncertainty:      0.035ns  ((TSJ^2 + TIJ^2)^1/2 + DJ) / 2 + PE
    Total System Jitter     (TSJ):    0.071ns
    Total Input Jitter      (TIJ):    0.000ns
    Discrete Jitter          (DJ):    0.000ns
    Phase Error              (PE):    0.000ns

    Location             Delay type                Incr(ns)  Path(ns)    Netlist Resource(s)
  -------------------------------------------------------------------    -------------------
                         (clock ap_clk rise edge)     0.000     0.000 r  
                                                      0.000     0.000 r  ap_clk (IN)
                         net (fo=5310, unset)         0.787     0.787    bd_0_i/hls_inst/inst/grp_fft_serial_Pipeline_bfly_loop5_fu_336/mac_muladd_16s_16s_32s_32_1_1_U58/fft_serial_mac_muladd_16s_16s_32s_32_1_1_DSP48_3_U/ap_clk
    DSP48_X0Y37          DSP48E1                                      r  bd_0_i/hls_inst/inst/grp_fft_serial_Pipeline_bfly_loop5_fu_336/mac_muladd_16s_16s_32s_32_1_1_U58/fft_serial_mac_muladd_16s_16s_32s_32_1_1_DSP48_3_U/p/CLK
  -------------------------------------------------------------------    -------------------
    DSP48_X0Y37          DSP48E1 (Prop_dsp48e1_CLK_P[20])
                                                      3.375     4.162 r  bd_0_i/hls_inst/inst/grp_fft_serial_Pipeline_bfly_loop5_fu_336/mac_muladd_16s_16s_32s_32_1_1_U58/fft_serial_mac_muladd_16s_16s_32s_32_1_1_DSP48_3_U/p/P[20]
                         net (fo=3, routed)           1.154     5.316    bd_0_i/hls_inst/inst/grp_fft_serial_Pipeline_bfly_loop5_fu_336/mac_muladd_16s_16s_32s_32_1_1_U58/fft_serial_mac_muladd_16s_16s_32s_32_1_1_DSP48_3_U/wb_im_s_fu_875_p4[5]
    SLICE_X17Y108        LUT2 (Prop_lut2_I1_O)        0.105     5.421 r  bd_0_i/hls_inst/inst/grp_fft_serial_Pipeline_bfly_loop5_fu_336/mac_muladd_16s_16s_32s_32_1_1_U58/fft_serial_mac_muladd_16s_16s_32s_32_1_1_DSP48_3_U/ram_reg_i_704__0/O
                         net (fo=1, routed)           0.000     5.421    bd_0_i/hls_inst/inst/grp_fft_serial_Pipeline_bfly_loop5_fu_336/mac_muladd_16s_16s_32s_32_1_1_U58/fft_serial_mac_muladd_16s_16s_32s_32_1_1_DSP48_3_U/ram_reg_i_704__0_n_7
    SLICE_X17Y108        CARRY4 (Prop_carry4_S[1]_CO[3])
                                                      0.457     5.878 r  bd_0_i/hls_inst/inst/grp_fft_serial_Pipeline_bfly_loop5_fu_336/mac_muladd_16s_16s_32s_32_1_1_U58/fft_serial_mac_muladd_16s_16s_32s_32_1_1_DSP48_3_U/ram_reg_i_586/CO[3]
                         net (fo=1, routed)           0.000     5.878    bd_0_i/hls_inst/inst/grp_fft_serial_Pipeline_bfly_loop5_fu_336/mac_muladd_16s_16s_32s_32_1_1_U58/fft_serial_mac_muladd_16s_16s_32s_32_1_1_DSP48_3_U/ram_reg_i_586_n_7
    SLICE_X17Y109        CARRY4 (Prop_carry4_CI_O[2])
                                                      0.200     6.078 r  bd_0_i/hls_inst/inst/grp_fft_serial_Pipeline_bfly_loop5_fu_336/mac_muladd_16s_16s_32s_32_1_1_U58/fft_serial_mac_muladd_16s_16s_32s_32_1_1_DSP48_3_U/ram_reg_i_552/O[2]
                         net (fo=1, routed)           1.181     7.260    bd_0_i/hls_inst/inst/grp_fft_serial_Pipeline_bfly_loop5_fu_336/mac_muladd_16s_16s_32s_32_1_1_U58/fft_serial_mac_muladd_16s_16s_32s_32_1_1_DSP48_3_U/grp_fft_serial_Pipeline_bfly_loop5_fu_336_im_d0[10]
    SLICE_X36Y111        LUT6 (Prop_lut6_I0_O)        0.253     7.513 f  bd_0_i/hls_inst/inst/grp_fft_serial_Pipeline_bfly_loop5_fu_336/mac_muladd_16s_16s_32s_32_1_1_U58/fft_serial_mac_muladd_16s_16s_32s_32_1_1_DSP48_3_U/ram_reg_i_363__0/O
                         net (fo=1, routed)           0.000     7.513    bd_0_i/hls_inst/inst/grp_fft_serial_Pipeline_bfly_loop9_fu_380/mac_muladd_16s_16s_32s_32_1_1_U90/fft_serial_mac_muladd_16s_16s_32s_32_1_1_DSP48_3_U/ram_reg_1
    SLICE_X36Y111        MUXF7 (Prop_muxf7_I1_O)      0.206     7.719 f  bd_0_i/hls_inst/inst/grp_fft_serial_Pipeline_bfly_loop9_fu_380/mac_muladd_16s_16s_32s_32_1_1_U90/fft_serial_mac_muladd_16s_16s_32s_32_1_1_DSP48_3_U/ram_reg_i_169__0/O
                         net (fo=2, routed)           0.620     8.339    bd_0_i/hls_inst/inst/grp_fft_serial_Pipeline_bfly_loop15_fu_446/mac_muladd_16s_16s_32s_32_1_1_U138/fft_serial_mac_muladd_16s_16s_32s_32_1_1_DSP48_3_U/ram_reg_15
    SLICE_X44Y115        LUT6 (Prop_lut6_I2_O)        0.242     8.581 r  bd_0_i/hls_inst/inst/grp_fft_serial_Pipeline_bfly_loop15_fu_446/mac_muladd_16s_16s_32s_32_1_1_U138/fft_serial_mac_muladd_16s_16s_32s_32_1_1_DSP48_3_U/ram_reg_i_26__2/O
                         net (fo=1, routed)           1.014     9.595    bd_0_i/hls_inst/inst/im_1_U/DIBDI[10]
    RAMB18_X1Y46         RAMB18E1                                     r  bd_0_i/hls_inst/inst/im_1_U/ram_reg/DIBDI[10]
  -------------------------------------------------------------------    -------------------

                         (clock ap_clk rise edge)    10.000    10.000 r  
                                                      0.000    10.000 r  ap_clk (IN)
                         net (fo=5310, unset)         0.748    10.748    bd_0_i/hls_inst/inst/im_1_U/ap_clk
    RAMB18_X1Y46         RAMB18E1                                     r  bd_0_i/hls_inst/inst/im_1_U/ram_reg/CLKBWRCLK
                         clock pessimism              0.000    10.748    
                         clock uncertainty           -0.035    10.712    
    RAMB18_X1Y46         RAMB18E1 (Setup_ramb18e1_CLKBWRCLK_DIBDI[10])
                                                     -0.214    10.498    bd_0_i/hls_inst/inst/im_1_U/ram_reg
  -------------------------------------------------------------------
                         required time                         10.498    
                         arrival time                          -9.595    
  -------------------------------------------------------------------
                         slack                                  0.903    





Min Delay Paths
--------------------------------------------------------------------------------------
Slack (MET) :             0.056ns  (arrival time - required time)
  Source:                 bd_0_i/hls_inst/inst/AXI_OUT_m_axi_U/bus_write/wreq_burst_conv/could_multi_bursts.addr_buf_reg[17]/C
                            (rising edge-triggered cell FDRE clocked by ap_clk  {rise@0.000ns fall@5.000ns period=10.000ns})
  Destination:            bd_0_i/hls_inst/inst/AXI_OUT_m_axi_U/bus_write/wreq_throttle/req_fifo/U_fifo_srl/mem_reg[14][17]_srl15/D
                            (rising edge-triggered cell SRL16E clocked by ap_clk  {rise@0.000ns fall@5.000ns period=10.000ns})
  Path Group:             ap_clk
  Path Type:              Hold (Min at Fast Process Corner)
  Requirement:            0.000ns  (ap_clk rise@0.000ns - ap_clk rise@0.000ns)
  Data Path Delay:        0.260ns  (logic 0.141ns (54.255%)  route 0.119ns (45.745%))
  Logic Levels:           0  
  Clock Path Skew:        0.021ns (DCD - SCD - CPR)
    Destination Clock Delay (DCD):    0.411ns
    Source Clock Delay      (SCD):    0.390ns
    Clock Pessimism Removal (CPR):    -0.000ns

    Location             Delay type                Incr(ns)  Path(ns)    Netlist Resource(s)
  -------------------------------------------------------------------    -------------------
                         (clock ap_clk rise edge)     0.000     0.000 r  
                                                      0.000     0.000 r  ap_clk (IN)
                         net (fo=5310, unset)         0.390     0.390    bd_0_i/hls_inst/inst/AXI_OUT_m_axi_U/bus_write/wreq_burst_conv/ap_clk
    SLICE_X3Y163         FDRE                                         r  bd_0_i/hls_inst/inst/AXI_OUT_m_axi_U/bus_write/wreq_burst_conv/could_multi_bursts.addr_buf_reg[17]/C
  -------------------------------------------------------------------    -------------------
    SLICE_X3Y163         FDRE (Prop_fdre_C_Q)         0.141     0.531 r  bd_0_i/hls_inst/inst/AXI_OUT_m_axi_U/bus_write/wreq_burst_conv/could_multi_bursts.addr_buf_reg[17]/Q
                         net (fo=2, routed)           0.119     0.650    bd_0_i/hls_inst/inst/AXI_OUT_m_axi_U/bus_write/wreq_throttle/req_fifo/U_fifo_srl/in[15]
    SLICE_X2Y162         SRL16E                                       r  bd_0_i/hls_inst/inst/AXI_OUT_m_axi_U/bus_write/wreq_throttle/req_fifo/U_fifo_srl/mem_reg[14][17]_srl15/D
  -------------------------------------------------------------------    -------------------

                         (clock ap_clk rise edge)     0.000     0.000 r  
                                                      0.000     0.000 r  ap_clk (IN)
                         net (fo=5310, unset)         0.411     0.411    bd_0_i/hls_inst/inst/AXI_OUT_m_axi_U/bus_write/wreq_throttle/req_fifo/U_fifo_srl/ap_clk
    SLICE_X2Y162         SRL16E                                       r  bd_0_i/hls_inst/inst/AXI_OUT_m_axi_U/bus_write/wreq_throttle/req_fifo/U_fifo_srl/mem_reg[14][17]_srl15/CLK
                         clock pessimism              0.000     0.411    
    SLICE_X2Y162         SRL16E (Hold_srl16e_CLK_D)
                                                      0.183     0.594    bd_0_i/hls_inst/inst/AXI_OUT_m_axi_U/bus_write/wreq_throttle/req_fifo/U_fifo_srl/mem_reg[14][17]_srl15
  -------------------------------------------------------------------
                         required time                         -0.594    
                         arrival time                           0.650    
  -------------------------------------------------------------------
                         slack                                  0.056    





Pulse Width Checks
--------------------------------------------------------------------------------------
Clock Name:         ap_clk
Waveform(ns):       { 0.000 5.000 }
Period(ns):         10.000
Sources:            { ap_clk }

Check Type        Corner  Lib Pin             Reference Pin  Required(ns)  Actual(ns)  Slack(ns)  Location       Pin
Min Period        n/a     RAMB18E1/CLKARDCLK  n/a            2.472         10.000      7.528      RAMB18_X0Y40   bd_0_i/hls_inst/inst/AXI_IN_m_axi_U/load_unit/buff_rdata/U_fifo_mem/mem_reg/CLKARDCLK
Low Pulse Width   Slow    SRL16E/CLK          n/a            0.854         5.000       4.146      SLICE_X14Y138  bd_0_i/hls_inst/inst/fifo_burst/U_fifo_srl/mem_reg[14][0]_srl15/CLK
High Pulse Width  Slow    SRL16E/CLK          n/a            0.854         5.000       4.146      SLICE_X14Y138  bd_0_i/hls_inst/inst/fifo_burst/U_fifo_srl/mem_reg[14][0]_srl15/CLK



