Copyright 1986-2022 Xilinx, Inc. All Rights Reserved. Copyright 2022-2023 Advanced Micro Devices, Inc. All Rights Reserved.
---------------------------------------------------------------------------------------------------------------------------------------------
| Tool Version : Vivado v.2023.2 (win64) Build 4029153 Fri Oct 13 20:14:34 MDT 2023
| Date         : Tue Jun 30 20:53:58 2026
| Host         : CHNtoumas running 64-bit major release  (build 9200)
| Command      : report_timing -max_paths 10 -file ./report/fft_serial_timing_paths_synth.rpt
| Design       : bd_0_wrapper
| Device       : 7a200t-fbg676
| Speed File   : -2  PRODUCTION 1.23 2018-06-13
| Design State : Synthesized
---------------------------------------------------------------------------------------------------------------------------------------------

Timing Report

Slack (MET) :             2.331ns  (required time - arrival time)
  Source:                 bd_0_i/hls_inst/inst/grp_fft_serial_Pipeline_bfly_loop7_fu_358/mac_muladd_16s_16s_32s_32_1_1_U74/fft_serial_mac_muladd_16s_16s_32s_32_1_1_DSP48_3_U/p/CLK
                            (rising edge-triggered cell DSP48E1 clocked by ap_clk  {rise@0.000ns fall@5.000ns period=10.000ns})
  Destination:            bd_0_i/hls_inst/inst/im_1_U/ram_reg/DIADI[15]
                            (rising edge-triggered cell RAMB18E1 clocked by ap_clk  {rise@0.000ns fall@5.000ns period=10.000ns})
  Path Group:             ap_clk
  Path Type:              Setup (Max at Slow Process Corner)
  Requirement:            10.000ns  (ap_clk rise@10.000ns - ap_clk rise@0.000ns)
  Data Path Delay:        7.380ns  (logic 4.868ns (65.961%)  route 2.512ns (34.039%))
  Logic Levels:           8  (CARRY4=4 LUT2=1 LUT5=1 LUT6=2)
  Clock Path Skew:        -0.039ns (DCD - SCD + CPR)
    Destination Clock Delay (DCD):    0.748ns = ( 10.748 - 10.000 ) 
    Source Clock Delay      (SCD):    0.787ns
    Clock Pessimism Removal (CPR):    0.000ns
  Clock Uncertainty:      0.035ns  ((TSJ^2 + TIJ^2)^1/2 + DJ) / 2 + PE
    Total System Jitter     (TSJ):    0.071ns
    Total Input Jitter      (TIJ):    0.000ns
    Discrete Jitter          (DJ):    0.000ns
    Phase Error              (PE):    0.000ns

    Location             Delay type                Incr(ns)  Path(ns)    Netlist Resource(s)
  -------------------------------------------------------------------    -------------------
                         (clock ap_clk rise edge)     0.000     0.000 r  
                                                      0.000     0.000 r  ap_clk (IN)
                         net (fo=5310, unset)         0.787     0.787    bd_0_i/hls_inst/inst/grp_fft_serial_Pipeline_bfly_loop7_fu_358/mac_muladd_16s_16s_32s_32_1_1_U74/fft_serial_mac_muladd_16s_16s_32s_32_1_1_DSP48_3_U/ap_clk
                         DSP48E1                                      r  bd_0_i/hls_inst/inst/grp_fft_serial_Pipeline_bfly_loop7_fu_358/mac_muladd_16s_16s_32s_32_1_1_U74/fft_serial_mac_muladd_16s_16s_32s_32_1_1_DSP48_3_U/p/CLK
  -------------------------------------------------------------------    -------------------
                         DSP48E1 (Prop_dsp48e1_CLK_P[16])
                                                      3.375     4.162 r  bd_0_i/hls_inst/inst/grp_fft_serial_Pipeline_bfly_loop7_fu_358/mac_muladd_16s_16s_32s_32_1_1_U74/fft_serial_mac_muladd_16s_16s_32s_32_1_1_DSP48_3_U/p/P[16]
                         net (fo=3, unplaced)         0.646     4.808    bd_0_i/hls_inst/inst/grp_fft_serial_Pipeline_bfly_loop7_fu_358/mac_muladd_16s_16s_32s_32_1_1_U74/fft_serial_mac_muladd_16s_16s_32s_32_1_1_DSP48_3_U/wb_im_s_fu_893_p4[1]
                         LUT2 (Prop_lut2_I0_O)        0.105     4.913 r  bd_0_i/hls_inst/inst/grp_fft_serial_Pipeline_bfly_loop7_fu_358/mac_muladd_16s_16s_32s_32_1_1_U74/fft_serial_mac_muladd_16s_16s_32s_32_1_1_DSP48_3_U/ram_reg_i_640/O
                         net (fo=1, unplaced)         0.000     4.913    bd_0_i/hls_inst/inst/grp_fft_serial_Pipeline_bfly_loop7_fu_358/mac_muladd_16s_16s_32s_32_1_1_U74/fft_serial_mac_muladd_16s_16s_32s_32_1_1_DSP48_3_U/ram_reg_i_640_n_7
                         CARRY4 (Prop_carry4_S[1]_CO[3])
                                                      0.457     5.370 r  bd_0_i/hls_inst/inst/grp_fft_serial_Pipeline_bfly_loop7_fu_358/mac_muladd_16s_16s_32s_32_1_1_U74/fft_serial_mac_muladd_16s_16s_32s_32_1_1_DSP48_3_U/ram_reg_i_533/CO[3]
                         net (fo=1, unplaced)         0.008     5.378    bd_0_i/hls_inst/inst/grp_fft_serial_Pipeline_bfly_loop7_fu_358/mac_muladd_16s_16s_32s_32_1_1_U74/fft_serial_mac_muladd_16s_16s_32s_32_1_1_DSP48_3_U/ram_reg_i_533_n_7
                         CARRY4 (Prop_carry4_CI_CO[3])
                                                      0.098     5.476 r  bd_0_i/hls_inst/inst/grp_fft_serial_Pipeline_bfly_loop7_fu_358/mac_muladd_16s_16s_32s_32_1_1_U74/fft_serial_mac_muladd_16s_16s_32s_32_1_1_DSP48_3_U/ram_reg_i_491/CO[3]
                         net (fo=1, unplaced)         0.000     5.476    bd_0_i/hls_inst/inst/grp_fft_serial_Pipeline_bfly_loop7_fu_358/mac_muladd_16s_16s_32s_32_1_1_U74/fft_serial_mac_muladd_16s_16s_32s_32_1_1_DSP48_3_U/ram_reg_i_491_n_7
                         CARRY4 (Prop_carry4_CI_CO[3])
                                                      0.098     5.574 r  bd_0_i/hls_inst/inst/grp_fft_serial_Pipeline_bfly_loop7_fu_358/mac_muladd_16s_16s_32s_32_1_1_U74/fft_serial_mac_muladd_16s_16s_32s_32_1_1_DSP48_3_U/ram_reg_i_305/CO[3]
                         net (fo=1, unplaced)         0.000     5.574    bd_0_i/hls_inst/inst/grp_fft_serial_Pipeline_bfly_loop7_fu_358/mac_muladd_16s_16s_32s_32_1_1_U74/fft_serial_mac_muladd_16s_16s_32s_32_1_1_DSP48_3_U/ram_reg_i_305_n_7
                         CARRY4 (Prop_carry4_CI_O[3])
                                                      0.275     5.849 r  bd_0_i/hls_inst/inst/grp_fft_serial_Pipeline_bfly_loop7_fu_358/mac_muladd_16s_16s_32s_32_1_1_U74/fft_serial_mac_muladd_16s_16s_32s_32_1_1_DSP48_3_U/ram_reg_i_465/O[3]
                         net (fo=1, unplaced)         0.519     6.368    bd_0_i/hls_inst/inst/grp_fft_serial_Pipeline_bfly_loop5_fu_336/mac_muladd_16s_16s_32s_32_1_1_U58/fft_serial_mac_muladd_16s_16s_32s_32_1_1_DSP48_3_U/im_d1[15]
                         LUT5 (Prop_lut5_I3_O)        0.250     6.618 f  bd_0_i/hls_inst/inst/grp_fft_serial_Pipeline_bfly_loop5_fu_336/mac_muladd_16s_16s_32s_32_1_1_U58/fft_serial_mac_muladd_16s_16s_32s_32_1_1_DSP48_3_U/ram_reg_i_280__0/O
                         net (fo=1, unplaced)         0.347     6.965    bd_0_i/hls_inst/inst/grp_fft_serial_Pipeline_bfly_loop3_fu_314/mac_muladd_16s_16s_32s_32_1_1_U40/fft_serial_mac_muladd_16s_16s_32s_32_1_1_DSP48_3_U/ram_reg_19
                         LUT6 (Prop_lut6_I5_O)        0.105     7.070 r  bd_0_i/hls_inst/inst/grp_fft_serial_Pipeline_bfly_loop3_fu_314/mac_muladd_16s_16s_32s_32_1_1_U40/fft_serial_mac_muladd_16s_16s_32s_32_1_1_DSP48_3_U/ram_reg_i_104__1/O
                         net (fo=1, unplaced)         0.347     7.417    bd_0_i/hls_inst/inst/grp_fft_serial_Pipeline_bfly_loop13_fu_424/mac_muladd_16s_16s_32s_32_1_1_U122/fft_serial_mac_muladd_16s_16s_32s_32_1_1_DSP48_3_U/ram_reg_25
                         LUT6 (Prop_lut6_I2_O)        0.105     7.522 r  bd_0_i/hls_inst/inst/grp_fft_serial_Pipeline_bfly_loop13_fu_424/mac_muladd_16s_16s_32s_32_1_1_U122/fft_serial_mac_muladd_16s_16s_32s_32_1_1_DSP48_3_U/ram_reg_i_21/O
                         net (fo=2, unplaced)         0.646     8.167    bd_0_i/hls_inst/inst/im_1_U/DIADI[15]
                         RAMB18E1                                     r  bd_0_i/hls_inst/inst/im_1_U/ram_reg/DIADI[15]
  -------------------------------------------------------------------    -------------------

                         (clock ap_clk rise edge)    10.000    10.000 r  
                                                      0.000    10.000 r  ap_clk (IN)
                         net (fo=5310, unset)         0.748    10.748    bd_0_i/hls_inst/inst/im_1_U/ap_clk
                         RAMB18E1                                     r  bd_0_i/hls_inst/inst/im_1_U/ram_reg/CLKARDCLK
                         clock pessimism              0.000    10.748    
                         clock uncertainty           -0.035    10.712    
                         RAMB18E1 (Setup_ramb18e1_CLKARDCLK_DIADI[15])
                                                     -0.214    10.498    bd_0_i/hls_inst/inst/im_1_U/ram_reg
  -------------------------------------------------------------------
                         required time                         10.498    
                         arrival time                          -8.167    
  -------------------------------------------------------------------
                         slack                                  2.331    

Slack (MET) :             2.331ns  (required time - arrival time)
  Source:                 bd_0_i/hls_inst/inst/grp_fft_serial_Pipeline_bfly_loop7_fu_358/mac_muladd_16s_16s_32s_32_1_1_U74/fft_serial_mac_muladd_16s_16s_32s_32_1_1_DSP48_3_U/p/CLK
                            (rising edge-triggered cell DSP48E1 clocked by ap_clk  {rise@0.000ns fall@5.000ns period=10.000ns})
  Destination:            bd_0_i/hls_inst/inst/im_U/ram_reg/DIADI[15]
                            (rising edge-triggered cell RAMB18E1 clocked by ap_clk  {rise@0.000ns fall@5.000ns period=10.000ns})
  Path Group:             ap_clk
  Path Type:              Setup (Max at Slow Process Corner)
  Requirement:            10.000ns  (ap_clk rise@10.000ns - ap_clk rise@0.000ns)
  Data Path Delay:        7.380ns  (logic 4.868ns (65.961%)  route 2.512ns (34.039%))
  Logic Levels:           8  (CARRY4=4 LUT2=1 LUT5=1 LUT6=2)
  Clock Path Skew:        -0.039ns (DCD - SCD + CPR)
    Destination Clock Delay (DCD):    0.748ns = ( 10.748 - 10.000 ) 
    Source Clock Delay      (SCD):    0.787ns
    Clock Pessimism Removal (CPR):    0.000ns
  Clock Uncertainty:      0.035ns  ((TSJ^2 + TIJ^2)^1/2 + DJ) / 2 + PE
    Total System Jitter     (TSJ):    0.071ns
    Total Input Jitter      (TIJ):    0.000ns
    Discrete Jitter          (DJ):    0.000ns
    Phase Error              (PE):    0.000ns

    Location             Delay type                Incr(ns)  Path(ns)    Netlist Resource(s)
  -------------------------------------------------------------------    -------------------
                         (clock ap_clk rise edge)     0.000     0.000 r  
                                                      0.000     0.000 r  ap_clk (IN)
                         net (fo=5310, unset)         0.787     0.787    bd_0_i/hls_inst/inst/grp_fft_serial_Pipeline_bfly_loop7_fu_358/mac_muladd_16s_16s_32s_32_1_1_U74/fft_serial_mac_muladd_16s_16s_32s_32_1_1_DSP48_3_U/ap_clk
                         DSP48E1                                      r  bd_0_i/hls_inst/inst/grp_fft_serial_Pipeline_bfly_loop7_fu_358/mac_muladd_16s_16s_32s_32_1_1_U74/fft_serial_mac_muladd_16s_16s_32s_32_1_1_DSP48_3_U/p/CLK
  -------------------------------------------------------------------    -------------------
                         DSP48E1 (Prop_dsp48e1_CLK_P[16])
                                                      3.375     4.162 r  bd_0_i/hls_inst/inst/grp_fft_serial_Pipeline_bfly_loop7_fu_358/mac_muladd_16s_16s_32s_32_1_1_U74/fft_serial_mac_muladd_16s_16s_32s_32_1_1_DSP48_3_U/p/P[16]
                         net (fo=3, unplaced)         0.646     4.808    bd_0_i/hls_inst/inst/grp_fft_serial_Pipeline_bfly_loop7_fu_358/mac_muladd_16s_16s_32s_32_1_1_U74/fft_serial_mac_muladd_16s_16s_32s_32_1_1_DSP48_3_U/wb_im_s_fu_893_p4[1]
                         LUT2 (Prop_lut2_I0_O)        0.105     4.913 r  bd_0_i/hls_inst/inst/grp_fft_serial_Pipeline_bfly_loop7_fu_358/mac_muladd_16s_16s_32s_32_1_1_U74/fft_serial_mac_muladd_16s_16s_32s_32_1_1_DSP48_3_U/ram_reg_i_640/O
                         net (fo=1, unplaced)         0.000     4.913    bd_0_i/hls_inst/inst/grp_fft_serial_Pipeline_bfly_loop7_fu_358/mac_muladd_16s_16s_32s_32_1_1_U74/fft_serial_mac_muladd_16s_16s_32s_32_1_1_DSP48_3_U/ram_reg_i_640_n_7
                         CARRY4 (Prop_carry4_S[1]_CO[3])
                                                      0.457     5.370 r  bd_0_i/hls_inst/inst/grp_fft_serial_Pipeline_bfly_loop7_fu_358/mac_muladd_16s_16s_32s_32_1_1_U74/fft_serial_mac_muladd_16s_16s_32s_32_1_1_DSP48_3_U/ram_reg_i_533/CO[3]
                         net (fo=1, unplaced)         0.008     5.378    bd_0_i/hls_inst/inst/grp_fft_serial_Pipeline_bfly_loop7_fu_358/mac_muladd_16s_16s_32s_32_1_1_U74/fft_serial_mac_muladd_16s_16s_32s_32_1_1_DSP48_3_U/ram_reg_i_533_n_7
                         CARRY4 (Prop_carry4_CI_CO[3])
                                                      0.098     5.476 r  bd_0_i/hls_inst/inst/grp_fft_serial_Pipeline_bfly_loop7_fu_358/mac_muladd_16s_16s_32s_32_1_1_U74/fft_serial_mac_muladd_16s_16s_32s_32_1_1_DSP48_3_U/ram_reg_i_491/CO[3]
                         net (fo=1, unplaced)         0.000     5.476    bd_0_i/hls_inst/inst/grp_fft_serial_Pipeline_bfly_loop7_fu_358/mac_muladd_16s_16s_32s_32_1_1_U74/fft_serial_mac_muladd_16s_16s_32s_32_1_1_DSP48_3_U/ram_reg_i_491_n_7
                         CARRY4 (Prop_carry4_CI_CO[3])
                                                      0.098     5.574 r  bd_0_i/hls_inst/inst/grp_fft_serial_Pipeline_bfly_loop7_fu_358/mac_muladd_16s_16s_32s_32_1_1_U74/fft_serial_mac_muladd_16s_16s_32s_32_1_1_DSP48_3_U/ram_reg_i_305/CO[3]
                         net (fo=1, unplaced)         0.000     5.574    bd_0_i/hls_inst/inst/grp_fft_serial_Pipeline_bfly_loop7_fu_358/mac_muladd_16s_16s_32s_32_1_1_U74/fft_serial_mac_muladd_16s_16s_32s_32_1_1_DSP48_3_U/ram_reg_i_305_n_7
                         CARRY4 (Prop_carry4_CI_O[3])
                                                      0.275     5.849 r  bd_0_i/hls_inst/inst/grp_fft_serial_Pipeline_bfly_loop7_fu_358/mac_muladd_16s_16s_32s_32_1_1_U74/fft_serial_mac_muladd_16s_16s_32s_32_1_1_DSP48_3_U/ram_reg_i_465/O[3]
                         net (fo=1, unplaced)         0.519     6.368    bd_0_i/hls_inst/inst/grp_fft_serial_Pipeline_bfly_loop5_fu_336/mac_muladd_16s_16s_32s_32_1_1_U58/fft_serial_mac_muladd_16s_16s_32s_32_1_1_DSP48_3_U/im_d1[15]
                         LUT5 (Prop_lut5_I3_O)        0.250     6.618 f  bd_0_i/hls_inst/inst/grp_fft_serial_Pipeline_bfly_loop5_fu_336/mac_muladd_16s_16s_32s_32_1_1_U58/fft_serial_mac_muladd_16s_16s_32s_32_1_1_DSP48_3_U/ram_reg_i_280__0/O
                         net (fo=1, unplaced)         0.347     6.965    bd_0_i/hls_inst/inst/grp_fft_serial_Pipeline_bfly_loop3_fu_314/mac_muladd_16s_16s_32s_32_1_1_U40/fft_serial_mac_muladd_16s_16s_32s_32_1_1_DSP48_3_U/ram_reg_19
                         LUT6 (Prop_lut6_I5_O)        0.105     7.070 r  bd_0_i/hls_inst/inst/grp_fft_serial_Pipeline_bfly_loop3_fu_314/mac_muladd_16s_16s_32s_32_1_1_U40/fft_serial_mac_muladd_16s_16s_32s_32_1_1_DSP48_3_U/ram_reg_i_104__1/O
                         net (fo=1, unplaced)         0.347     7.417    bd_0_i/hls_inst/inst/grp_fft_serial_Pipeline_bfly_loop13_fu_424/mac_muladd_16s_16s_32s_32_1_1_U122/fft_serial_mac_muladd_16s_16s_32s_32_1_1_DSP48_3_U/ram_reg_25
                         LUT6 (Prop_lut6_I2_O)        0.105     7.522 r  bd_0_i/hls_inst/inst/grp_fft_serial_Pipeline_bfly_loop13_fu_424/mac_muladd_16s_16s_32s_32_1_1_U122/fft_serial_mac_muladd_16s_16s_32s_32_1_1_DSP48_3_U/ram_reg_i_21/O
                         net (fo=2, unplaced)         0.646     8.167    bd_0_i/hls_inst/inst/im_U/DIADI[15]
                         RAMB18E1                                     r  bd_0_i/hls_inst/inst/im_U/ram_reg/DIADI[15]
  -------------------------------------------------------------------    -------------------

                         (clock ap_clk rise edge)    10.000    10.000 r  
                                                      0.000    10.000 r  ap_clk (IN)
                         net (fo=5310, unset)         0.748    10.748    bd_0_i/hls_inst/inst/im_U/ap_clk
                         RAMB18E1                                     r  bd_0_i/hls_inst/inst/im_U/ram_reg/CLKARDCLK
                         clock pessimism              0.000    10.748    
                         clock uncertainty           -0.035    10.712    
                         RAMB18E1 (Setup_ramb18e1_CLKARDCLK_DIADI[15])
                                                     -0.214    10.498    bd_0_i/hls_inst/inst/im_U/ram_reg
  -------------------------------------------------------------------
                         required time                         10.498    
                         arrival time                          -8.167    
  -------------------------------------------------------------------
                         slack                                  2.331    

Slack (MET) :             2.331ns  (required time - arrival time)
  Source:                 bd_0_i/hls_inst/inst/grp_fft_serial_Pipeline_bfly_loop7_fu_358/mac_mulsub_16s_16s_32s_32_1_1_U73/fft_serial_mac_mulsub_16s_16s_32s_32_1_1_DSP48_2_U/p/CLK
                            (rising edge-triggered cell DSP48E1 clocked by ap_clk  {rise@0.000ns fall@5.000ns period=10.000ns})
  Destination:            bd_0_i/hls_inst/inst/re_1_U/ram_reg/DIADI[15]
                            (rising edge-triggered cell RAMB18E1 clocked by ap_clk  {rise@0.000ns fall@5.000ns period=10.000ns})
  Path Group:             ap_clk
  Path Type:              Setup (Max at Slow Process Corner)
  Requirement:            10.000ns  (ap_clk rise@10.000ns - ap_clk rise@0.000ns)
  Data Path Delay:        7.380ns  (logic 4.868ns (65.961%)  route 2.512ns (34.039%))
  Logic Levels:           8  (CARRY4=4 LUT2=1 LUT5=1 LUT6=2)
  Clock Path Skew:        -0.039ns (DCD - SCD + CPR)
    Destination Clock Delay (DCD):    0.748ns = ( 10.748 - 10.000 ) 
    Source Clock Delay      (SCD):    0.787ns
    Clock Pessimism Removal (CPR):    0.000ns
  Clock Uncertainty:      0.035ns  ((TSJ^2 + TIJ^2)^1/2 + DJ) / 2 + PE
    Total System Jitter     (TSJ):    0.071ns
    Total Input Jitter      (TIJ):    0.000ns
    Discrete Jitter          (DJ):    0.000ns
    Phase Error              (PE):    0.000ns

    Location             Delay type                Incr(ns)  Path(ns)    Netlist Resource(s)
  -------------------------------------------------------------------    -------------------
                         (clock ap_clk rise edge)     0.000     0.000 r  
                                                      0.000     0.000 r  ap_clk (IN)
                         net (fo=5310, unset)         0.787     0.787    bd_0_i/hls_inst/inst/grp_fft_serial_Pipeline_bfly_loop7_fu_358/mac_mulsub_16s_16s_32s_32_1_1_U73/fft_serial_mac_mulsub_16s_16s_32s_32_1_1_DSP48_2_U/ap_clk
                         DSP48E1                                      r  bd_0_i/hls_inst/inst/grp_fft_serial_Pipeline_bfly_loop7_fu_358/mac_mulsub_16s_16s_32s_32_1_1_U73/fft_serial_mac_mulsub_16s_16s_32s_32_1_1_DSP48_2_U/p/CLK
  -------------------------------------------------------------------    -------------------
                         DSP48E1 (Prop_dsp48e1_CLK_P[16])
                                                      3.375     4.162 r  bd_0_i/hls_inst/inst/grp_fft_serial_Pipeline_bfly_loop7_fu_358/mac_mulsub_16s_16s_32s_32_1_1_U73/fft_serial_mac_mulsub_16s_16s_32s_32_1_1_DSP48_2_U/p/P[16]
                         net (fo=3, unplaced)         0.646     4.808    bd_0_i/hls_inst/inst/grp_fft_serial_Pipeline_bfly_loop7_fu_358/mac_mulsub_16s_16s_32s_32_1_1_U73/fft_serial_mac_mulsub_16s_16s_32s_32_1_1_DSP48_2_U/wb_re_s_fu_865_p4[1]
                         LUT2 (Prop_lut2_I0_O)        0.105     4.913 r  bd_0_i/hls_inst/inst/grp_fft_serial_Pipeline_bfly_loop7_fu_358/mac_mulsub_16s_16s_32s_32_1_1_U73/fft_serial_mac_mulsub_16s_16s_32s_32_1_1_DSP48_2_U/ram_reg_i_783/O
                         net (fo=1, unplaced)         0.000     4.913    bd_0_i/hls_inst/inst/grp_fft_serial_Pipeline_bfly_loop7_fu_358/mac_mulsub_16s_16s_32s_32_1_1_U73/fft_serial_mac_mulsub_16s_16s_32s_32_1_1_DSP48_2_U/ram_reg_i_783_n_7
                         CARRY4 (Prop_carry4_S[1]_CO[3])
                                                      0.457     5.370 r  bd_0_i/hls_inst/inst/grp_fft_serial_Pipeline_bfly_loop7_fu_358/mac_mulsub_16s_16s_32s_32_1_1_U73/fft_serial_mac_mulsub_16s_16s_32s_32_1_1_DSP48_2_U/ram_reg_i_662/CO[3]
                         net (fo=1, unplaced)         0.008     5.378    bd_0_i/hls_inst/inst/grp_fft_serial_Pipeline_bfly_loop7_fu_358/mac_mulsub_16s_16s_32s_32_1_1_U73/fft_serial_mac_mulsub_16s_16s_32s_32_1_1_DSP48_2_U/ram_reg_i_662_n_7
                         CARRY4 (Prop_carry4_CI_CO[3])
                                                      0.098     5.476 r  bd_0_i/hls_inst/inst/grp_fft_serial_Pipeline_bfly_loop7_fu_358/mac_mulsub_16s_16s_32s_32_1_1_U73/fft_serial_mac_mulsub_16s_16s_32s_32_1_1_DSP48_2_U/ram_reg_i_652/CO[3]
                         net (fo=1, unplaced)         0.000     5.476    bd_0_i/hls_inst/inst/grp_fft_serial_Pipeline_bfly_loop7_fu_358/mac_mulsub_16s_16s_32s_32_1_1_U73/fft_serial_mac_mulsub_16s_16s_32s_32_1_1_DSP48_2_U/ram_reg_i_652_n_7
                         CARRY4 (Prop_carry4_CI_CO[3])
                                                      0.098     5.574 r  bd_0_i/hls_inst/inst/grp_fft_serial_Pipeline_bfly_loop7_fu_358/mac_mulsub_16s_16s_32s_32_1_1_U73/fft_serial_mac_mulsub_16s_16s_32s_32_1_1_DSP48_2_U/ram_reg_i_630/CO[3]
                         net (fo=1, unplaced)         0.000     5.574    bd_0_i/hls_inst/inst/grp_fft_serial_Pipeline_bfly_loop7_fu_358/mac_mulsub_16s_16s_32s_32_1_1_U73/fft_serial_mac_mulsub_16s_16s_32s_32_1_1_DSP48_2_U/ram_reg_i_630_n_7
                         CARRY4 (Prop_carry4_CI_O[3])
                                                      0.275     5.849 r  bd_0_i/hls_inst/inst/grp_fft_serial_Pipeline_bfly_loop7_fu_358/mac_mulsub_16s_16s_32s_32_1_1_U73/fft_serial_mac_mulsub_16s_16s_32s_32_1_1_DSP48_2_U/ram_reg_i_608/O[3]
                         net (fo=1, unplaced)         0.519     6.368    bd_0_i/hls_inst/inst/grp_fft_serial_Pipeline_bfly_loop5_fu_336/mac_mulsub_16s_16s_32s_32_1_1_U57/fft_serial_mac_mulsub_16s_16s_32s_32_1_1_DSP48_2_U/re_d1[15]
                         LUT5 (Prop_lut5_I3_O)        0.250     6.618 f  bd_0_i/hls_inst/inst/grp_fft_serial_Pipeline_bfly_loop5_fu_336/mac_mulsub_16s_16s_32s_32_1_1_U57/fft_serial_mac_mulsub_16s_16s_32s_32_1_1_DSP48_2_U/ram_reg_i_381/O
                         net (fo=1, unplaced)         0.347     6.965    bd_0_i/hls_inst/inst/grp_fft_serial_Pipeline_bfly_loop3_fu_314/mac_mulsub_16s_16s_32s_32_1_1_U39/fft_serial_mac_mulsub_16s_16s_32s_32_1_1_DSP48_2_U/ram_reg_19
                         LUT6 (Prop_lut6_I5_O)        0.105     7.070 r  bd_0_i/hls_inst/inst/grp_fft_serial_Pipeline_bfly_loop3_fu_314/mac_mulsub_16s_16s_32s_32_1_1_U39/fft_serial_mac_mulsub_16s_16s_32s_32_1_1_DSP48_2_U/ram_reg_i_137__0/O
                         net (fo=1, unplaced)         0.347     7.417    bd_0_i/hls_inst/inst/grp_fft_serial_Pipeline_bfly_loop13_fu_424/mac_mulsub_16s_16s_32s_32_1_1_U121/fft_serial_mac_mulsub_16s_16s_32s_32_1_1_DSP48_2_U/ram_reg_27
                         LUT6 (Prop_lut6_I2_O)        0.105     7.522 r  bd_0_i/hls_inst/inst/grp_fft_serial_Pipeline_bfly_loop13_fu_424/mac_mulsub_16s_16s_32s_32_1_1_U121/fft_serial_mac_mulsub_16s_16s_32s_32_1_1_DSP48_2_U/ram_reg_i_21__0/O
                         net (fo=2, unplaced)         0.646     8.167    bd_0_i/hls_inst/inst/re_1_U/DIADI[15]
                         RAMB18E1                                     r  bd_0_i/hls_inst/inst/re_1_U/ram_reg/DIADI[15]
  -------------------------------------------------------------------    -------------------

                         (clock ap_clk rise edge)    10.000    10.000 r  
                                                      0.000    10.000 r  ap_clk (IN)
                         net (fo=5310, unset)         0.748    10.748    bd_0_i/hls_inst/inst/re_1_U/ap_clk
                         RAMB18E1                                     r  bd_0_i/hls_inst/inst/re_1_U/ram_reg/CLKARDCLK
                         clock pessimism              0.000    10.748    
                         clock uncertainty           -0.035    10.712    
                         RAMB18E1 (Setup_ramb18e1_CLKARDCLK_DIADI[15])
                                                     -0.214    10.498    bd_0_i/hls_inst/inst/re_1_U/ram_reg
  -------------------------------------------------------------------
                         required time                         10.498    
                         arrival time                          -8.167    
  -------------------------------------------------------------------
                         slack                                  2.331    

Slack (MET) :             2.331ns  (required time - arrival time)
  Source:                 bd_0_i/hls_inst/inst/grp_fft_serial_Pipeline_bfly_loop7_fu_358/mac_mulsub_16s_16s_32s_32_1_1_U73/fft_serial_mac_mulsub_16s_16s_32s_32_1_1_DSP48_2_U/p/CLK
                            (rising edge-triggered cell DSP48E1 clocked by ap_clk  {rise@0.000ns fall@5.000ns period=10.000ns})
  Destination:            bd_0_i/hls_inst/inst/re_U/ram_reg/DIADI[15]
                            (rising edge-triggered cell RAMB18E1 clocked by ap_clk  {rise@0.000ns fall@5.000ns period=10.000ns})
  Path Group:             ap_clk
  Path Type:              Setup (Max at Slow Process Corner)
  Requirement:            10.000ns  (ap_clk rise@10.000ns - ap_clk rise@0.000ns)
  Data Path Delay:        7.380ns  (logic 4.868ns (65.961%)  route 2.512ns (34.039%))
  Logic Levels:           8  (CARRY4=4 LUT2=1 LUT5=1 LUT6=2)
  Clock Path Skew:        -0.039ns (DCD - SCD + CPR)
    Destination Clock Delay (DCD):    0.748ns = ( 10.748 - 10.000 ) 
    Source Clock Delay      (SCD):    0.787ns
    Clock Pessimism Removal (CPR):    0.000ns
  Clock Uncertainty:      0.035ns  ((TSJ^2 + TIJ^2)^1/2 + DJ) / 2 + PE
    Total System Jitter     (TSJ):    0.071ns
    Total Input Jitter      (TIJ):    0.000ns
    Discrete Jitter          (DJ):    0.000ns
    Phase Error              (PE):    0.000ns

    Location             Delay type                Incr(ns)  Path(ns)    Netlist Resource(s)
  -------------------------------------------------------------------    -------------------
                         (clock ap_clk rise edge)     0.000     0.000 r  
                                                      0.000     0.000 r  ap_clk (IN)
                         net (fo=5310, unset)         0.787     0.787    bd_0_i/hls_inst/inst/grp_fft_serial_Pipeline_bfly_loop7_fu_358/mac_mulsub_16s_16s_32s_32_1_1_U73/fft_serial_mac_mulsub_16s_16s_32s_32_1_1_DSP48_2_U/ap_clk
                         DSP48E1                                      r  bd_0_i/hls_inst/inst/grp_fft_serial_Pipeline_bfly_loop7_fu_358/mac_mulsub_16s_16s_32s_32_1_1_U73/fft_serial_mac_mulsub_16s_16s_32s_32_1_1_DSP48_2_U/p/CLK
  -------------------------------------------------------------------    -------------------
                         DSP48E1 (Prop_dsp48e1_CLK_P[16])
                                                      3.375     4.162 r  bd_0_i/hls_inst/inst/grp_fft_serial_Pipeline_bfly_loop7_fu_358/mac_mulsub_16s_16s_32s_32_1_1_U73/fft_serial_mac_mulsub_16s_16s_32s_32_1_1_DSP48_2_U/p/P[16]
                         net (fo=3, unplaced)         0.646     4.808    bd_0_i/hls_inst/inst/grp_fft_serial_Pipeline_bfly_loop7_fu_358/mac_mulsub_16s_16s_32s_32_1_1_U73/fft_serial_mac_mulsub_16s_16s_32s_32_1_1_DSP48_2_U/wb_re_s_fu_865_p4[1]
                         LUT2 (Prop_lut2_I0_O)        0.105     4.913 r  bd_0_i/hls_inst/inst/grp_fft_serial_Pipeline_bfly_loop7_fu_358/mac_mulsub_16s_16s_32s_32_1_1_U73/fft_serial_mac_mulsub_16s_16s_32s_32_1_1_DSP48_2_U/ram_reg_i_783/O
                         net (fo=1, unplaced)         0.000     4.913    bd_0_i/hls_inst/inst/grp_fft_serial_Pipeline_bfly_loop7_fu_358/mac_mulsub_16s_16s_32s_32_1_1_U73/fft_serial_mac_mulsub_16s_16s_32s_32_1_1_DSP48_2_U/ram_reg_i_783_n_7
                         CARRY4 (Prop_carry4_S[1]_CO[3])
                                                      0.457     5.370 r  bd_0_i/hls_inst/inst/grp_fft_serial_Pipeline_bfly_loop7_fu_358/mac_mulsub_16s_16s_32s_32_1_1_U73/fft_serial_mac_mulsub_16s_16s_32s_32_1_1_DSP48_2_U/ram_reg_i_662/CO[3]
                         net (fo=1, unplaced)         0.008     5.378    bd_0_i/hls_inst/inst/grp_fft_serial_Pipeline_bfly_loop7_fu_358/mac_mulsub_16s_16s_32s_32_1_1_U73/fft_serial_mac_mulsub_16s_16s_32s_32_1_1_DSP48_2_U/ram_reg_i_662_n_7
                         CARRY4 (Prop_carry4_CI_CO[3])
                                                      0.098     5.476 r  bd_0_i/hls_inst/inst/grp_fft_serial_Pipeline_bfly_loop7_fu_358/mac_mulsub_16s_16s_32s_32_1_1_U73/fft_serial_mac_mulsub_16s_16s_32s_32_1_1_DSP48_2_U/ram_reg_i_652/CO[3]
                         net (fo=1, unplaced)         0.000     5.476    bd_0_i/hls_inst/inst/grp_fft_serial_Pipeline_bfly_loop7_fu_358/mac_mulsub_16s_16s_32s_32_1_1_U73/fft_serial_mac_mulsub_16s_16s_32s_32_1_1_DSP48_2_U/ram_reg_i_652_n_7
                         CARRY4 (Prop_carry4_CI_CO[3])
                                                      0.098     5.574 r  bd_0_i/hls_inst/inst/grp_fft_serial_Pipeline_bfly_loop7_fu_358/mac_mulsub_16s_16s_32s_32_1_1_U73/fft_serial_mac_mulsub_16s_16s_32s_32_1_1_DSP48_2_U/ram_reg_i_630/CO[3]
                         net (fo=1, unplaced)         0.000     5.574    bd_0_i/hls_inst/inst/grp_fft_serial_Pipeline_bfly_loop7_fu_358/mac_mulsub_16s_16s_32s_32_1_1_U73/fft_serial_mac_mulsub_16s_16s_32s_32_1_1_DSP48_2_U/ram_reg_i_630_n_7
                         CARRY4 (Prop_carry4_CI_O[3])
                                                      0.275     5.849 r  bd_0_i/hls_inst/inst/grp_fft_serial_Pipeline_bfly_loop7_fu_358/mac_mulsub_16s_16s_32s_32_1_1_U73/fft_serial_mac_mulsub_16s_16s_32s_32_1_1_DSP48_2_U/ram_reg_i_608/O[3]
                         net (fo=1, unplaced)         0.519     6.368    bd_0_i/hls_inst/inst/grp_fft_serial_Pipeline_bfly_loop5_fu_336/mac_mulsub_16s_16s_32s_32_1_1_U57/fft_serial_mac_mulsub_16s_16s_32s_32_1_1_DSP48_2_U/re_d1[15]
                         LUT5 (Prop_lut5_I3_O)        0.250     6.618 f  bd_0_i/hls_inst/inst/grp_fft_serial_Pipeline_bfly_loop5_fu_336/mac_mulsub_16s_16s_32s_32_1_1_U57/fft_serial_mac_mulsub_16s_16s_32s_32_1_1_DSP48_2_U/ram_reg_i_381/O
                         net (fo=1, unplaced)         0.347     6.965    bd_0_i/hls_inst/inst/grp_fft_serial_Pipeline_bfly_loop3_fu_314/mac_mulsub_16s_16s_32s_32_1_1_U39/fft_serial_mac_mulsub_16s_16s_32s_32_1_1_DSP48_2_U/ram_reg_19
                         LUT6 (Prop_lut6_I5_O)        0.105     7.070 r  bd_0_i/hls_inst/inst/grp_fft_serial_Pipeline_bfly_loop3_fu_314/mac_mulsub_16s_16s_32s_32_1_1_U39/fft_serial_mac_mulsub_16s_16s_32s_32_1_1_DSP48_2_U/ram_reg_i_137__0/O
                         net (fo=1, unplaced)         0.347     7.417    bd_0_i/hls_inst/inst/grp_fft_serial_Pipeline_bfly_loop13_fu_424/mac_mulsub_16s_16s_32s_32_1_1_U121/fft_serial_mac_mulsub_16s_16s_32s_32_1_1_DSP48_2_U/ram_reg_27
                         LUT6 (Prop_lut6_I2_O)        0.105     7.522 r  bd_0_i/hls_inst/inst/grp_fft_serial_Pipeline_bfly_loop13_fu_424/mac_mulsub_16s_16s_32s_32_1_1_U121/fft_serial_mac_mulsub_16s_16s_32s_32_1_1_DSP48_2_U/ram_reg_i_21__0/O
                         net (fo=2, unplaced)         0.646     8.167    bd_0_i/hls_inst/inst/re_U/DIADI[15]
                         RAMB18E1                                     r  bd_0_i/hls_inst/inst/re_U/ram_reg/DIADI[15]
  -------------------------------------------------------------------    -------------------

                         (clock ap_clk rise edge)    10.000    10.000 r  
                                                      0.000    10.000 r  ap_clk (IN)
                         net (fo=5310, unset)         0.748    10.748    bd_0_i/hls_inst/inst/re_U/ap_clk
                         RAMB18E1                                     r  bd_0_i/hls_inst/inst/re_U/ram_reg/CLKARDCLK
                         clock pessimism              0.000    10.748    
                         clock uncertainty           -0.035    10.712    
                         RAMB18E1 (Setup_ramb18e1_CLKARDCLK_DIADI[15])
                                                     -0.214    10.498    bd_0_i/hls_inst/inst/re_U/ram_reg
  -------------------------------------------------------------------
                         required time                         10.498    
                         arrival time                          -8.167    
  -------------------------------------------------------------------
                         slack                                  2.331    

Slack (MET) :             2.345ns  (required time - arrival time)
  Source:                 bd_0_i/hls_inst/inst/grp_fft_serial_Pipeline_bfly_loop3_fu_314/mac_muladd_16s_16s_32s_32_1_1_U40/fft_serial_mac_muladd_16s_16s_32s_32_1_1_DSP48_3_U/p/CLK
                            (rising edge-triggered cell DSP48E1 clocked by ap_clk  {rise@0.000ns fall@5.000ns period=10.000ns})
  Destination:            bd_0_i/hls_inst/inst/im_1_U/ram_reg/DIPBDIP[0]
                            (rising edge-triggered cell RAMB18E1 clocked by ap_clk  {rise@0.000ns fall@5.000ns period=10.000ns})
  Path Group:             ap_clk
  Path Type:              Setup (Max at Slow Process Corner)
  Requirement:            10.000ns  (ap_clk rise@10.000ns - ap_clk rise@0.000ns)
  Data Path Delay:        7.366ns  (logic 5.108ns (69.344%)  route 2.258ns (30.656%))
  Logic Levels:           9  (CARRY4=5 LUT2=1 LUT6=2 MUXF7=1)
  Clock Path Skew:        -0.039ns (DCD - SCD + CPR)
    Destination Clock Delay (DCD):    0.748ns = ( 10.748 - 10.000 ) 
    Source Clock Delay      (SCD):    0.787ns
    Clock Pessimism Removal (CPR):    0.000ns
  Clock Uncertainty:      0.035ns  ((TSJ^2 + TIJ^2)^1/2 + DJ) / 2 + PE
    Total System Jitter     (TSJ):    0.071ns
    Total Input Jitter      (TIJ):    0.000ns
    Discrete Jitter          (DJ):    0.000ns
    Phase Error              (PE):    0.000ns

    Location             Delay type                Incr(ns)  Path(ns)    Netlist Resource(s)
  -------------------------------------------------------------------    -------------------
                         (clock ap_clk rise edge)     0.000     0.000 r  
                                                      0.000     0.000 r  ap_clk (IN)
                         net (fo=5310, unset)         0.787     0.787    bd_0_i/hls_inst/inst/grp_fft_serial_Pipeline_bfly_loop3_fu_314/mac_muladd_16s_16s_32s_32_1_1_U40/fft_serial_mac_muladd_16s_16s_32s_32_1_1_DSP48_3_U/ap_clk
                         DSP48E1                                      r  bd_0_i/hls_inst/inst/grp_fft_serial_Pipeline_bfly_loop3_fu_314/mac_muladd_16s_16s_32s_32_1_1_U40/fft_serial_mac_muladd_16s_16s_32s_32_1_1_DSP48_3_U/p/CLK
  -------------------------------------------------------------------    -------------------
                         DSP48E1 (Prop_dsp48e1_CLK_P[16])
                                                      3.375     4.162 r  bd_0_i/hls_inst/inst/grp_fft_serial_Pipeline_bfly_loop3_fu_314/mac_muladd_16s_16s_32s_32_1_1_U40/fft_serial_mac_muladd_16s_16s_32s_32_1_1_DSP48_3_U/p/P[16]
                         net (fo=3, unplaced)         0.646     4.808    bd_0_i/hls_inst/inst/grp_fft_serial_Pipeline_bfly_loop3_fu_314/mac_muladd_16s_16s_32s_32_1_1_U40/fft_serial_mac_muladd_16s_16s_32s_32_1_1_DSP48_3_U/wb_im_s_fu_839_p4[1]
                         LUT2 (Prop_lut2_I1_O)        0.105     4.913 r  bd_0_i/hls_inst/inst/grp_fft_serial_Pipeline_bfly_loop3_fu_314/mac_muladd_16s_16s_32s_32_1_1_U40/fft_serial_mac_muladd_16s_16s_32s_32_1_1_DSP48_3_U/ram_reg_i_716__0/O
                         net (fo=1, unplaced)         0.000     4.913    bd_0_i/hls_inst/inst/grp_fft_serial_Pipeline_bfly_loop3_fu_314/mac_muladd_16s_16s_32s_32_1_1_U40/fft_serial_mac_muladd_16s_16s_32s_32_1_1_DSP48_3_U/ram_reg_i_716__0_n_7
                         CARRY4 (Prop_carry4_S[1]_CO[3])
                                                      0.457     5.370 r  bd_0_i/hls_inst/inst/grp_fft_serial_Pipeline_bfly_loop3_fu_314/mac_muladd_16s_16s_32s_32_1_1_U40/fft_serial_mac_muladd_16s_16s_32s_32_1_1_DSP48_3_U/ram_reg_i_589/CO[3]
                         net (fo=1, unplaced)         0.008     5.378    bd_0_i/hls_inst/inst/grp_fft_serial_Pipeline_bfly_loop3_fu_314/mac_muladd_16s_16s_32s_32_1_1_U40/fft_serial_mac_muladd_16s_16s_32s_32_1_1_DSP48_3_U/ram_reg_i_589_n_7
                         CARRY4 (Prop_carry4_CI_CO[3])
                                                      0.098     5.476 r  bd_0_i/hls_inst/inst/grp_fft_serial_Pipeline_bfly_loop3_fu_314/mac_muladd_16s_16s_32s_32_1_1_U40/fft_serial_mac_muladd_16s_16s_32s_32_1_1_DSP48_3_U/ram_reg_i_588/CO[3]
                         net (fo=1, unplaced)         0.000     5.476    bd_0_i/hls_inst/inst/grp_fft_serial_Pipeline_bfly_loop3_fu_314/mac_muladd_16s_16s_32s_32_1_1_U40/fft_serial_mac_muladd_16s_16s_32s_32_1_1_DSP48_3_U/ram_reg_i_588_n_7
                         CARRY4 (Prop_carry4_CI_CO[3])
                                                      0.098     5.574 r  bd_0_i/hls_inst/inst/grp_fft_serial_Pipeline_bfly_loop3_fu_314/mac_muladd_16s_16s_32s_32_1_1_U40/fft_serial_mac_muladd_16s_16s_32s_32_1_1_DSP48_3_U/ram_reg_i_554/CO[3]
                         net (fo=1, unplaced)         0.000     5.574    bd_0_i/hls_inst/inst/grp_fft_serial_Pipeline_bfly_loop3_fu_314/mac_muladd_16s_16s_32s_32_1_1_U40/fft_serial_mac_muladd_16s_16s_32s_32_1_1_DSP48_3_U/ram_reg_i_554_n_7
                         CARRY4 (Prop_carry4_CI_CO[3])
                                                      0.098     5.672 r  bd_0_i/hls_inst/inst/grp_fft_serial_Pipeline_bfly_loop3_fu_314/mac_muladd_16s_16s_32s_32_1_1_U40/fft_serial_mac_muladd_16s_16s_32s_32_1_1_DSP48_3_U/ram_reg_i_537/CO[3]
                         net (fo=1, unplaced)         0.000     5.672    bd_0_i/hls_inst/inst/grp_fft_serial_Pipeline_bfly_loop3_fu_314/mac_muladd_16s_16s_32s_32_1_1_U40/fft_serial_mac_muladd_16s_16s_32s_32_1_1_DSP48_3_U/ram_reg_i_537_n_7
                         CARRY4 (Prop_carry4_CI_O[0])
                                                      0.191     5.863 r  bd_0_i/hls_inst/inst/grp_fft_serial_Pipeline_bfly_loop3_fu_314/mac_muladd_16s_16s_32s_32_1_1_U40/fft_serial_mac_muladd_16s_16s_32s_32_1_1_DSP48_3_U/ram_reg_i_610/O[0]
                         net (fo=1, unplaced)         0.599     6.462    bd_0_i/hls_inst/inst/grp_fft_serial_Pipeline_bfly_loop3_fu_314/mac_muladd_16s_16s_32s_32_1_1_U40/fft_serial_mac_muladd_16s_16s_32s_32_1_1_DSP48_3_U/grp_fft_serial_Pipeline_bfly_loop3_fu_314_im_d0[16]
                         LUT6 (Prop_lut6_I1_O)        0.238     6.700 f  bd_0_i/hls_inst/inst/grp_fft_serial_Pipeline_bfly_loop3_fu_314/mac_muladd_16s_16s_32s_32_1_1_U40/fft_serial_mac_muladd_16s_16s_32s_32_1_1_DSP48_3_U/ram_reg_i_417__0/O
                         net (fo=1, unplaced)         0.000     6.700    bd_0_i/hls_inst/inst/grp_fft_serial_Pipeline_bfly_loop9_fu_380/mac_muladd_16s_16s_32s_32_1_1_U90/fft_serial_mac_muladd_16s_16s_32s_32_1_1_DSP48_3_U/ram_reg_14
                         MUXF7 (Prop_muxf7_I1_O)      0.206     6.906 f  bd_0_i/hls_inst/inst/grp_fft_serial_Pipeline_bfly_loop9_fu_380/mac_muladd_16s_16s_32s_32_1_1_U90/fft_serial_mac_muladd_16s_16s_32s_32_1_1_DSP48_3_U/ram_reg_i_203__0/O
                         net (fo=2, unplaced)         0.360     7.266    bd_0_i/hls_inst/inst/grp_fft_serial_Pipeline_bfly_loop15_fu_446/mac_muladd_16s_16s_32s_32_1_1_U138/fft_serial_mac_muladd_16s_16s_32s_32_1_1_DSP48_3_U/ram_reg_0
                         LUT6 (Prop_lut6_I2_O)        0.242     7.508 r  bd_0_i/hls_inst/inst/grp_fft_serial_Pipeline_bfly_loop15_fu_446/mac_muladd_16s_16s_32s_32_1_1_U138/fft_serial_mac_muladd_16s_16s_32s_32_1_1_DSP48_3_U/ram_reg_i_37__1/O
                         net (fo=1, unplaced)         0.646     8.153    bd_0_i/hls_inst/inst/im_1_U/ram_reg_45[0]
                         RAMB18E1                                     r  bd_0_i/hls_inst/inst/im_1_U/ram_reg/DIPBDIP[0]
  -------------------------------------------------------------------    -------------------

                         (clock ap_clk rise edge)    10.000    10.000 r  
                                                      0.000    10.000 r  ap_clk (IN)
                         net (fo=5310, unset)         0.748    10.748    bd_0_i/hls_inst/inst/im_1_U/ap_clk
                         RAMB18E1                                     r  bd_0_i/hls_inst/inst/im_1_U/ram_reg/CLKBWRCLK
                         clock pessimism              0.000    10.748    
                         clock uncertainty           -0.035    10.712    
                         RAMB18E1 (Setup_ramb18e1_CLKBWRCLK_DIPBDIP[0])
                                                     -0.214    10.498    bd_0_i/hls_inst/inst/im_1_U/ram_reg
  -------------------------------------------------------------------
                         required time                         10.498    
                         arrival time                          -8.153    
  -------------------------------------------------------------------
                         slack                                  2.345    

Slack (MET) :             2.345ns  (required time - arrival time)
  Source:                 bd_0_i/hls_inst/inst/grp_fft_serial_Pipeline_bfly_loop3_fu_314/mac_muladd_16s_16s_32s_32_1_1_U40/fft_serial_mac_muladd_16s_16s_32s_32_1_1_DSP48_3_U/p/CLK
                            (rising edge-triggered cell DSP48E1 clocked by ap_clk  {rise@0.000ns fall@5.000ns period=10.000ns})
  Destination:            bd_0_i/hls_inst/inst/im_U/ram_reg/DIPBDIP[0]
                            (rising edge-triggered cell RAMB18E1 clocked by ap_clk  {rise@0.000ns fall@5.000ns period=10.000ns})
  Path Group:             ap_clk
  Path Type:              Setup (Max at Slow Process Corner)
  Requirement:            10.000ns  (ap_clk rise@10.000ns - ap_clk rise@0.000ns)
  Data Path Delay:        7.366ns  (logic 5.108ns (69.344%)  route 2.258ns (30.656%))
  Logic Levels:           9  (CARRY4=5 LUT2=1 LUT6=2 MUXF7=1)
  Clock Path Skew:        -0.039ns (DCD - SCD + CPR)
    Destination Clock Delay (DCD):    0.748ns = ( 10.748 - 10.000 ) 
    Source Clock Delay      (SCD):    0.787ns
    Clock Pessimism Removal (CPR):    0.000ns
  Clock Uncertainty:      0.035ns  ((TSJ^2 + TIJ^2)^1/2 + DJ) / 2 + PE
    Total System Jitter     (TSJ):    0.071ns
    Total Input Jitter      (TIJ):    0.000ns
    Discrete Jitter          (DJ):    0.000ns
    Phase Error              (PE):    0.000ns

    Location             Delay type                Incr(ns)  Path(ns)    Netlist Resource(s)
  -------------------------------------------------------------------    -------------------
                         (clock ap_clk rise edge)     0.000     0.000 r  
                                                      0.000     0.000 r  ap_clk (IN)
                         net (fo=5310, unset)         0.787     0.787    bd_0_i/hls_inst/inst/grp_fft_serial_Pipeline_bfly_loop3_fu_314/mac_muladd_16s_16s_32s_32_1_1_U40/fft_serial_mac_muladd_16s_16s_32s_32_1_1_DSP48_3_U/ap_clk
                         DSP48E1                                      r  bd_0_i/hls_inst/inst/grp_fft_serial_Pipeline_bfly_loop3_fu_314/mac_muladd_16s_16s_32s_32_1_1_U40/fft_serial_mac_muladd_16s_16s_32s_32_1_1_DSP48_3_U/p/CLK
  -------------------------------------------------------------------    -------------------
                         DSP48E1 (Prop_dsp48e1_CLK_P[16])
                                                      3.375     4.162 r  bd_0_i/hls_inst/inst/grp_fft_serial_Pipeline_bfly_loop3_fu_314/mac_muladd_16s_16s_32s_32_1_1_U40/fft_serial_mac_muladd_16s_16s_32s_32_1_1_DSP48_3_U/p/P[16]
                         net (fo=3, unplaced)         0.646     4.808    bd_0_i/hls_inst/inst/grp_fft_serial_Pipeline_bfly_loop3_fu_314/mac_muladd_16s_16s_32s_32_1_1_U40/fft_serial_mac_muladd_16s_16s_32s_32_1_1_DSP48_3_U/wb_im_s_fu_839_p4[1]
                         LUT2 (Prop_lut2_I1_O)        0.105     4.913 r  bd_0_i/hls_inst/inst/grp_fft_serial_Pipeline_bfly_loop3_fu_314/mac_muladd_16s_16s_32s_32_1_1_U40/fft_serial_mac_muladd_16s_16s_32s_32_1_1_DSP48_3_U/ram_reg_i_716__0/O
                         net (fo=1, unplaced)         0.000     4.913    bd_0_i/hls_inst/inst/grp_fft_serial_Pipeline_bfly_loop3_fu_314/mac_muladd_16s_16s_32s_32_1_1_U40/fft_serial_mac_muladd_16s_16s_32s_32_1_1_DSP48_3_U/ram_reg_i_716__0_n_7
                         CARRY4 (Prop_carry4_S[1]_CO[3])
                                                      0.457     5.370 r  bd_0_i/hls_inst/inst/grp_fft_serial_Pipeline_bfly_loop3_fu_314/mac_muladd_16s_16s_32s_32_1_1_U40/fft_serial_mac_muladd_16s_16s_32s_32_1_1_DSP48_3_U/ram_reg_i_589/CO[3]
                         net (fo=1, unplaced)         0.008     5.378    bd_0_i/hls_inst/inst/grp_fft_serial_Pipeline_bfly_loop3_fu_314/mac_muladd_16s_16s_32s_32_1_1_U40/fft_serial_mac_muladd_16s_16s_32s_32_1_1_DSP48_3_U/ram_reg_i_589_n_7
                         CARRY4 (Prop_carry4_CI_CO[3])
                                                      0.098     5.476 r  bd_0_i/hls_inst/inst/grp_fft_serial_Pipeline_bfly_loop3_fu_314/mac_muladd_16s_16s_32s_32_1_1_U40/fft_serial_mac_muladd_16s_16s_32s_32_1_1_DSP48_3_U/ram_reg_i_588/CO[3]
                         net (fo=1, unplaced)         0.000     5.476    bd_0_i/hls_inst/inst/grp_fft_serial_Pipeline_bfly_loop3_fu_314/mac_muladd_16s_16s_32s_32_1_1_U40/fft_serial_mac_muladd_16s_16s_32s_32_1_1_DSP48_3_U/ram_reg_i_588_n_7
                         CARRY4 (Prop_carry4_CI_CO[3])
                                                      0.098     5.574 r  bd_0_i/hls_inst/inst/grp_fft_serial_Pipeline_bfly_loop3_fu_314/mac_muladd_16s_16s_32s_32_1_1_U40/fft_serial_mac_muladd_16s_16s_32s_32_1_1_DSP48_3_U/ram_reg_i_554/CO[3]
                         net (fo=1, unplaced)         0.000     5.574    bd_0_i/hls_inst/inst/grp_fft_serial_Pipeline_bfly_loop3_fu_314/mac_muladd_16s_16s_32s_32_1_1_U40/fft_serial_mac_muladd_16s_16s_32s_32_1_1_DSP48_3_U/ram_reg_i_554_n_7
                         CARRY4 (Prop_carry4_CI_CO[3])
                                                      0.098     5.672 r  bd_0_i/hls_inst/inst/grp_fft_serial_Pipeline_bfly_loop3_fu_314/mac_muladd_16s_16s_32s_32_1_1_U40/fft_serial_mac_muladd_16s_16s_32s_32_1_1_DSP48_3_U/ram_reg_i_537/CO[3]
                         net (fo=1, unplaced)         0.000     5.672    bd_0_i/hls_inst/inst/grp_fft_serial_Pipeline_bfly_loop3_fu_314/mac_muladd_16s_16s_32s_32_1_1_U40/fft_serial_mac_muladd_16s_16s_32s_32_1_1_DSP48_3_U/ram_reg_i_537_n_7
                         CARRY4 (Prop_carry4_CI_O[0])
                                                      0.191     5.863 r  bd_0_i/hls_inst/inst/grp_fft_serial_Pipeline_bfly_loop3_fu_314/mac_muladd_16s_16s_32s_32_1_1_U40/fft_serial_mac_muladd_16s_16s_32s_32_1_1_DSP48_3_U/ram_reg_i_610/O[0]
                         net (fo=1, unplaced)         0.599     6.462    bd_0_i/hls_inst/inst/grp_fft_serial_Pipeline_bfly_loop3_fu_314/mac_muladd_16s_16s_32s_32_1_1_U40/fft_serial_mac_muladd_16s_16s_32s_32_1_1_DSP48_3_U/grp_fft_serial_Pipeline_bfly_loop3_fu_314_im_d0[16]
                         LUT6 (Prop_lut6_I1_O)        0.238     6.700 f  bd_0_i/hls_inst/inst/grp_fft_serial_Pipeline_bfly_loop3_fu_314/mac_muladd_16s_16s_32s_32_1_1_U40/fft_serial_mac_muladd_16s_16s_32s_32_1_1_DSP48_3_U/ram_reg_i_417__0/O
                         net (fo=1, unplaced)         0.000     6.700    bd_0_i/hls_inst/inst/grp_fft_serial_Pipeline_bfly_loop9_fu_380/mac_muladd_16s_16s_32s_32_1_1_U90/fft_serial_mac_muladd_16s_16s_32s_32_1_1_DSP48_3_U/ram_reg_14
                         MUXF7 (Prop_muxf7_I1_O)      0.206     6.906 f  bd_0_i/hls_inst/inst/grp_fft_serial_Pipeline_bfly_loop9_fu_380/mac_muladd_16s_16s_32s_32_1_1_U90/fft_serial_mac_muladd_16s_16s_32s_32_1_1_DSP48_3_U/ram_reg_i_203__0/O
                         net (fo=2, unplaced)         0.360     7.266    bd_0_i/hls_inst/inst/grp_fft_serial_Pipeline_bfly_loop15_fu_446/mac_muladd_16s_16s_32s_32_1_1_U138/fft_serial_mac_muladd_16s_16s_32s_32_1_1_DSP48_3_U/ram_reg_0
                         LUT6 (Prop_lut6_I2_O)        0.242     7.508 r  bd_0_i/hls_inst/inst/grp_fft_serial_Pipeline_bfly_loop15_fu_446/mac_muladd_16s_16s_32s_32_1_1_U138/fft_serial_mac_muladd_16s_16s_32s_32_1_1_DSP48_3_U/ram_reg_i_54__1/O
                         net (fo=1, unplaced)         0.646     8.153    bd_0_i/hls_inst/inst/im_U/ram_reg_77[0]
                         RAMB18E1                                     r  bd_0_i/hls_inst/inst/im_U/ram_reg/DIPBDIP[0]
  -------------------------------------------------------------------    -------------------

                         (clock ap_clk rise edge)    10.000    10.000 r  
                                                      0.000    10.000 r  ap_clk (IN)
                         net (fo=5310, unset)         0.748    10.748    bd_0_i/hls_inst/inst/im_U/ap_clk
                         RAMB18E1                                     r  bd_0_i/hls_inst/inst/im_U/ram_reg/CLKBWRCLK
                         clock pessimism              0.000    10.748    
                         clock uncertainty           -0.035    10.712    
                         RAMB18E1 (Setup_ramb18e1_CLKBWRCLK_DIPBDIP[0])
                                                     -0.214    10.498    bd_0_i/hls_inst/inst/im_U/ram_reg
  -------------------------------------------------------------------
                         required time                         10.498    
                         arrival time                          -8.153    
  -------------------------------------------------------------------
                         slack                                  2.345    

Slack (MET) :             2.345ns  (required time - arrival time)
  Source:                 bd_0_i/hls_inst/inst/grp_fft_serial_Pipeline_bfly_loop3_fu_314/mac_mulsub_16s_16s_32s_32_1_1_U39/fft_serial_mac_mulsub_16s_16s_32s_32_1_1_DSP48_2_U/p/CLK
                            (rising edge-triggered cell DSP48E1 clocked by ap_clk  {rise@0.000ns fall@5.000ns period=10.000ns})
  Destination:            bd_0_i/hls_inst/inst/re_1_U/ram_reg/DIPBDIP[0]
                            (rising edge-triggered cell RAMB18E1 clocked by ap_clk  {rise@0.000ns fall@5.000ns period=10.000ns})
  Path Group:             ap_clk
  Path Type:              Setup (Max at Slow Process Corner)
  Requirement:            10.000ns  (ap_clk rise@10.000ns - ap_clk rise@0.000ns)
  Data Path Delay:        7.366ns  (logic 5.108ns (69.344%)  route 2.258ns (30.656%))
  Logic Levels:           9  (CARRY4=5 LUT2=1 LUT6=2 MUXF7=1)
  Clock Path Skew:        -0.039ns (DCD - SCD + CPR)
    Destination Clock Delay (DCD):    0.748ns = ( 10.748 - 10.000 ) 
    Source Clock Delay      (SCD):    0.787ns
    Clock Pessimism Removal (CPR):    0.000ns
  Clock Uncertainty:      0.035ns  ((TSJ^2 + TIJ^2)^1/2 + DJ) / 2 + PE
    Total System Jitter     (TSJ):    0.071ns
    Total Input Jitter      (TIJ):    0.000ns
    Discrete Jitter          (DJ):    0.000ns
    Phase Error              (PE):    0.000ns

    Location             Delay type                Incr(ns)  Path(ns)    Netlist Resource(s)
  -------------------------------------------------------------------    -------------------
                         (clock ap_clk rise edge)     0.000     0.000 r  
                                                      0.000     0.000 r  ap_clk (IN)
                         net (fo=5310, unset)         0.787     0.787    bd_0_i/hls_inst/inst/grp_fft_serial_Pipeline_bfly_loop3_fu_314/mac_mulsub_16s_16s_32s_32_1_1_U39/fft_serial_mac_mulsub_16s_16s_32s_32_1_1_DSP48_2_U/ap_clk
                         DSP48E1                                      r  bd_0_i/hls_inst/inst/grp_fft_serial_Pipeline_bfly_loop3_fu_314/mac_mulsub_16s_16s_32s_32_1_1_U39/fft_serial_mac_mulsub_16s_16s_32s_32_1_1_DSP48_2_U/p/CLK
  -------------------------------------------------------------------    -------------------
                         DSP48E1 (Prop_dsp48e1_CLK_P[16])
                                                      3.375     4.162 r  bd_0_i/hls_inst/inst/grp_fft_serial_Pipeline_bfly_loop3_fu_314/mac_mulsub_16s_16s_32s_32_1_1_U39/fft_serial_mac_mulsub_16s_16s_32s_32_1_1_DSP48_2_U/p/P[16]
                         net (fo=3, unplaced)         0.646     4.808    bd_0_i/hls_inst/inst/grp_fft_serial_Pipeline_bfly_loop3_fu_314/mac_mulsub_16s_16s_32s_32_1_1_U39/fft_serial_mac_mulsub_16s_16s_32s_32_1_1_DSP48_2_U/wb_re_s_fu_811_p4[1]
                         LUT2 (Prop_lut2_I1_O)        0.105     4.913 r  bd_0_i/hls_inst/inst/grp_fft_serial_Pipeline_bfly_loop3_fu_314/mac_mulsub_16s_16s_32s_32_1_1_U39/fft_serial_mac_mulsub_16s_16s_32s_32_1_1_DSP48_2_U/ram_reg_i_879/O
                         net (fo=1, unplaced)         0.000     4.913    bd_0_i/hls_inst/inst/grp_fft_serial_Pipeline_bfly_loop3_fu_314/mac_mulsub_16s_16s_32s_32_1_1_U39/fft_serial_mac_mulsub_16s_16s_32s_32_1_1_DSP48_2_U/ram_reg_i_879_n_7
                         CARRY4 (Prop_carry4_S[1]_CO[3])
                                                      0.457     5.370 r  bd_0_i/hls_inst/inst/grp_fft_serial_Pipeline_bfly_loop3_fu_314/mac_mulsub_16s_16s_32s_32_1_1_U39/fft_serial_mac_mulsub_16s_16s_32s_32_1_1_DSP48_2_U/ram_reg_i_723/CO[3]
                         net (fo=1, unplaced)         0.008     5.378    bd_0_i/hls_inst/inst/grp_fft_serial_Pipeline_bfly_loop3_fu_314/mac_mulsub_16s_16s_32s_32_1_1_U39/fft_serial_mac_mulsub_16s_16s_32s_32_1_1_DSP48_2_U/ram_reg_i_723_n_7
                         CARRY4 (Prop_carry4_CI_CO[3])
                                                      0.098     5.476 r  bd_0_i/hls_inst/inst/grp_fft_serial_Pipeline_bfly_loop3_fu_314/mac_mulsub_16s_16s_32s_32_1_1_U39/fft_serial_mac_mulsub_16s_16s_32s_32_1_1_DSP48_2_U/ram_reg_i_707/CO[3]
                         net (fo=1, unplaced)         0.000     5.476    bd_0_i/hls_inst/inst/grp_fft_serial_Pipeline_bfly_loop3_fu_314/mac_mulsub_16s_16s_32s_32_1_1_U39/fft_serial_mac_mulsub_16s_16s_32s_32_1_1_DSP48_2_U/ram_reg_i_707_n_7
                         CARRY4 (Prop_carry4_CI_CO[3])
                                                      0.098     5.574 r  bd_0_i/hls_inst/inst/grp_fft_serial_Pipeline_bfly_loop3_fu_314/mac_mulsub_16s_16s_32s_32_1_1_U39/fft_serial_mac_mulsub_16s_16s_32s_32_1_1_DSP48_2_U/ram_reg_i_693/CO[3]
                         net (fo=1, unplaced)         0.000     5.574    bd_0_i/hls_inst/inst/grp_fft_serial_Pipeline_bfly_loop3_fu_314/mac_mulsub_16s_16s_32s_32_1_1_U39/fft_serial_mac_mulsub_16s_16s_32s_32_1_1_DSP48_2_U/ram_reg_i_693_n_7
                         CARRY4 (Prop_carry4_CI_CO[3])
                                                      0.098     5.672 r  bd_0_i/hls_inst/inst/grp_fft_serial_Pipeline_bfly_loop3_fu_314/mac_mulsub_16s_16s_32s_32_1_1_U39/fft_serial_mac_mulsub_16s_16s_32s_32_1_1_DSP48_2_U/ram_reg_i_680/CO[3]
                         net (fo=1, unplaced)         0.000     5.672    bd_0_i/hls_inst/inst/grp_fft_serial_Pipeline_bfly_loop3_fu_314/mac_mulsub_16s_16s_32s_32_1_1_U39/fft_serial_mac_mulsub_16s_16s_32s_32_1_1_DSP48_2_U/ram_reg_i_680_n_7
                         CARRY4 (Prop_carry4_CI_O[0])
                                                      0.191     5.863 r  bd_0_i/hls_inst/inst/grp_fft_serial_Pipeline_bfly_loop3_fu_314/mac_mulsub_16s_16s_32s_32_1_1_U39/fft_serial_mac_mulsub_16s_16s_32s_32_1_1_DSP48_2_U/ram_reg_i_742/O[0]
                         net (fo=1, unplaced)         0.599     6.462    bd_0_i/hls_inst/inst/grp_fft_serial_Pipeline_bfly_loop3_fu_314/mac_mulsub_16s_16s_32s_32_1_1_U39/fft_serial_mac_mulsub_16s_16s_32s_32_1_1_DSP48_2_U/grp_fft_serial_Pipeline_bfly_loop3_fu_314_re_d0[16]
                         LUT6 (Prop_lut6_I1_O)        0.238     6.700 f  bd_0_i/hls_inst/inst/grp_fft_serial_Pipeline_bfly_loop3_fu_314/mac_mulsub_16s_16s_32s_32_1_1_U39/fft_serial_mac_mulsub_16s_16s_32s_32_1_1_DSP48_2_U/ram_reg_i_512__0/O
                         net (fo=1, unplaced)         0.000     6.700    bd_0_i/hls_inst/inst/grp_fft_serial_Pipeline_bfly_loop9_fu_380/mac_mulsub_16s_16s_32s_32_1_1_U89/fft_serial_mac_mulsub_16s_16s_32s_32_1_1_DSP48_2_U/ram_reg_15
                         MUXF7 (Prop_muxf7_I1_O)      0.206     6.906 f  bd_0_i/hls_inst/inst/grp_fft_serial_Pipeline_bfly_loop9_fu_380/mac_mulsub_16s_16s_32s_32_1_1_U89/fft_serial_mac_mulsub_16s_16s_32s_32_1_1_DSP48_2_U/ram_reg_i_233__0/O
                         net (fo=2, unplaced)         0.360     7.266    bd_0_i/hls_inst/inst/grp_fft_serial_Pipeline_bfly_loop15_fu_446/mac_mulsub_16s_16s_32s_32_1_1_U137/fft_serial_mac_mulsub_16s_16s_32s_32_1_1_DSP48_2_U/ram_reg
                         LUT6 (Prop_lut6_I2_O)        0.242     7.508 r  bd_0_i/hls_inst/inst/grp_fft_serial_Pipeline_bfly_loop15_fu_446/mac_mulsub_16s_16s_32s_32_1_1_U137/fft_serial_mac_mulsub_16s_16s_32s_32_1_1_DSP48_2_U/ram_reg_i_37__0/O
                         net (fo=1, unplaced)         0.646     8.153    bd_0_i/hls_inst/inst/re_1_U/ram_reg_96[0]
                         RAMB18E1                                     r  bd_0_i/hls_inst/inst/re_1_U/ram_reg/DIPBDIP[0]
  -------------------------------------------------------------------    -------------------

                         (clock ap_clk rise edge)    10.000    10.000 r  
                                                      0.000    10.000 r  ap_clk (IN)
                         net (fo=5310, unset)         0.748    10.748    bd_0_i/hls_inst/inst/re_1_U/ap_clk
                         RAMB18E1                                     r  bd_0_i/hls_inst/inst/re_1_U/ram_reg/CLKBWRCLK
                         clock pessimism              0.000    10.748    
                         clock uncertainty           -0.035    10.712    
                         RAMB18E1 (Setup_ramb18e1_CLKBWRCLK_DIPBDIP[0])
                                                     -0.214    10.498    bd_0_i/hls_inst/inst/re_1_U/ram_reg
  -------------------------------------------------------------------
                         required time                         10.498    
                         arrival time                          -8.153    
  -------------------------------------------------------------------
                         slack                                  2.345    

Slack (MET) :             2.345ns  (required time - arrival time)
  Source:                 bd_0_i/hls_inst/inst/grp_fft_serial_Pipeline_bfly_loop3_fu_314/mac_mulsub_16s_16s_32s_32_1_1_U39/fft_serial_mac_mulsub_16s_16s_32s_32_1_1_DSP48_2_U/p/CLK
                            (rising edge-triggered cell DSP48E1 clocked by ap_clk  {rise@0.000ns fall@5.000ns period=10.000ns})
  Destination:            bd_0_i/hls_inst/inst/re_U/ram_reg/DIPBDIP[0]
                            (rising edge-triggered cell RAMB18E1 clocked by ap_clk  {rise@0.000ns fall@5.000ns period=10.000ns})
  Path Group:             ap_clk
  Path Type:              Setup (Max at Slow Process Corner)
  Requirement:            10.000ns  (ap_clk rise@10.000ns - ap_clk rise@0.000ns)
  Data Path Delay:        7.366ns  (logic 5.108ns (69.344%)  route 2.258ns (30.656%))
  Logic Levels:           9  (CARRY4=5 LUT2=1 LUT6=2 MUXF7=1)
  Clock Path Skew:        -0.039ns (DCD - SCD + CPR)
    Destination Clock Delay (DCD):    0.748ns = ( 10.748 - 10.000 ) 
    Source Clock Delay      (SCD):    0.787ns
    Clock Pessimism Removal (CPR):    0.000ns
  Clock Uncertainty:      0.035ns  ((TSJ^2 + TIJ^2)^1/2 + DJ) / 2 + PE
    Total System Jitter     (TSJ):    0.071ns
    Total Input Jitter      (TIJ):    0.000ns
    Discrete Jitter          (DJ):    0.000ns
    Phase Error              (PE):    0.000ns

    Location             Delay type                Incr(ns)  Path(ns)    Netlist Resource(s)
  -------------------------------------------------------------------    -------------------
                         (clock ap_clk rise edge)     0.000     0.000 r  
                                                      0.000     0.000 r  ap_clk (IN)
                         net (fo=5310, unset)         0.787     0.787    bd_0_i/hls_inst/inst/grp_fft_serial_Pipeline_bfly_loop3_fu_314/mac_mulsub_16s_16s_32s_32_1_1_U39/fft_serial_mac_mulsub_16s_16s_32s_32_1_1_DSP48_2_U/ap_clk
                         DSP48E1                                      r  bd_0_i/hls_inst/inst/grp_fft_serial_Pipeline_bfly_loop3_fu_314/mac_mulsub_16s_16s_32s_32_1_1_U39/fft_serial_mac_mulsub_16s_16s_32s_32_1_1_DSP48_2_U/p/CLK
  -------------------------------------------------------------------    -------------------
                         DSP48E1 (Prop_dsp48e1_CLK_P[16])
                                                      3.375     4.162 r  bd_0_i/hls_inst/inst/grp_fft_serial_Pipeline_bfly_loop3_fu_314/mac_mulsub_16s_16s_32s_32_1_1_U39/fft_serial_mac_mulsub_16s_16s_32s_32_1_1_DSP48_2_U/p/P[16]
                         net (fo=3, unplaced)         0.646     4.808    bd_0_i/hls_inst/inst/grp_fft_serial_Pipeline_bfly_loop3_fu_314/mac_mulsub_16s_16s_32s_32_1_1_U39/fft_serial_mac_mulsub_16s_16s_32s_32_1_1_DSP48_2_U/wb_re_s_fu_811_p4[1]
                         LUT2 (Prop_lut2_I1_O)        0.105     4.913 r  bd_0_i/hls_inst/inst/grp_fft_serial_Pipeline_bfly_loop3_fu_314/mac_mulsub_16s_16s_32s_32_1_1_U39/fft_serial_mac_mulsub_16s_16s_32s_32_1_1_DSP48_2_U/ram_reg_i_879/O
                         net (fo=1, unplaced)         0.000     4.913    bd_0_i/hls_inst/inst/grp_fft_serial_Pipeline_bfly_loop3_fu_314/mac_mulsub_16s_16s_32s_32_1_1_U39/fft_serial_mac_mulsub_16s_16s_32s_32_1_1_DSP48_2_U/ram_reg_i_879_n_7
                         CARRY4 (Prop_carry4_S[1]_CO[3])
                                                      0.457     5.370 r  bd_0_i/hls_inst/inst/grp_fft_serial_Pipeline_bfly_loop3_fu_314/mac_mulsub_16s_16s_32s_32_1_1_U39/fft_serial_mac_mulsub_16s_16s_32s_32_1_1_DSP48_2_U/ram_reg_i_723/CO[3]
                         net (fo=1, unplaced)         0.008     5.378    bd_0_i/hls_inst/inst/grp_fft_serial_Pipeline_bfly_loop3_fu_314/mac_mulsub_16s_16s_32s_32_1_1_U39/fft_serial_mac_mulsub_16s_16s_32s_32_1_1_DSP48_2_U/ram_reg_i_723_n_7
                         CARRY4 (Prop_carry4_CI_CO[3])
                                                      0.098     5.476 r  bd_0_i/hls_inst/inst/grp_fft_serial_Pipeline_bfly_loop3_fu_314/mac_mulsub_16s_16s_32s_32_1_1_U39/fft_serial_mac_mulsub_16s_16s_32s_32_1_1_DSP48_2_U/ram_reg_i_707/CO[3]
                         net (fo=1, unplaced)         0.000     5.476    bd_0_i/hls_inst/inst/grp_fft_serial_Pipeline_bfly_loop3_fu_314/mac_mulsub_16s_16s_32s_32_1_1_U39/fft_serial_mac_mulsub_16s_16s_32s_32_1_1_DSP48_2_U/ram_reg_i_707_n_7
                         CARRY4 (Prop_carry4_CI_CO[3])
                                                      0.098     5.574 r  bd_0_i/hls_inst/inst/grp_fft_serial_Pipeline_bfly_loop3_fu_314/mac_mulsub_16s_16s_32s_32_1_1_U39/fft_serial_mac_mulsub_16s_16s_32s_32_1_1_DSP48_2_U/ram_reg_i_693/CO[3]
                         net (fo=1, unplaced)         0.000     5.574    bd_0_i/hls_inst/inst/grp_fft_serial_Pipeline_bfly_loop3_fu_314/mac_mulsub_16s_16s_32s_32_1_1_U39/fft_serial_mac_mulsub_16s_16s_32s_32_1_1_DSP48_2_U/ram_reg_i_693_n_7
                         CARRY4 (Prop_carry4_CI_CO[3])
                                                      0.098     5.672 r  bd_0_i/hls_inst/inst/grp_fft_serial_Pipeline_bfly_loop3_fu_314/mac_mulsub_16s_16s_32s_32_1_1_U39/fft_serial_mac_mulsub_16s_16s_32s_32_1_1_DSP48_2_U/ram_reg_i_680/CO[3]
                         net (fo=1, unplaced)         0.000     5.672    bd_0_i/hls_inst/inst/grp_fft_serial_Pipeline_bfly_loop3_fu_314/mac_mulsub_16s_16s_32s_32_1_1_U39/fft_serial_mac_mulsub_16s_16s_32s_32_1_1_DSP48_2_U/ram_reg_i_680_n_7
                         CARRY4 (Prop_carry4_CI_O[0])
                                                      0.191     5.863 r  bd_0_i/hls_inst/inst/grp_fft_serial_Pipeline_bfly_loop3_fu_314/mac_mulsub_16s_16s_32s_32_1_1_U39/fft_serial_mac_mulsub_16s_16s_32s_32_1_1_DSP48_2_U/ram_reg_i_742/O[0]
                         net (fo=1, unplaced)         0.599     6.462    bd_0_i/hls_inst/inst/grp_fft_serial_Pipeline_bfly_loop3_fu_314/mac_mulsub_16s_16s_32s_32_1_1_U39/fft_serial_mac_mulsub_16s_16s_32s_32_1_1_DSP48_2_U/grp_fft_serial_Pipeline_bfly_loop3_fu_314_re_d0[16]
                         LUT6 (Prop_lut6_I1_O)        0.238     6.700 f  bd_0_i/hls_inst/inst/grp_fft_serial_Pipeline_bfly_loop3_fu_314/mac_mulsub_16s_16s_32s_32_1_1_U39/fft_serial_mac_mulsub_16s_16s_32s_32_1_1_DSP48_2_U/ram_reg_i_512__0/O
                         net (fo=1, unplaced)         0.000     6.700    bd_0_i/hls_inst/inst/grp_fft_serial_Pipeline_bfly_loop9_fu_380/mac_mulsub_16s_16s_32s_32_1_1_U89/fft_serial_mac_mulsub_16s_16s_32s_32_1_1_DSP48_2_U/ram_reg_15
                         MUXF7 (Prop_muxf7_I1_O)      0.206     6.906 f  bd_0_i/hls_inst/inst/grp_fft_serial_Pipeline_bfly_loop9_fu_380/mac_mulsub_16s_16s_32s_32_1_1_U89/fft_serial_mac_mulsub_16s_16s_32s_32_1_1_DSP48_2_U/ram_reg_i_233__0/O
                         net (fo=2, unplaced)         0.360     7.266    bd_0_i/hls_inst/inst/grp_fft_serial_Pipeline_bfly_loop15_fu_446/mac_mulsub_16s_16s_32s_32_1_1_U137/fft_serial_mac_mulsub_16s_16s_32s_32_1_1_DSP48_2_U/ram_reg
                         LUT6 (Prop_lut6_I2_O)        0.242     7.508 r  bd_0_i/hls_inst/inst/grp_fft_serial_Pipeline_bfly_loop15_fu_446/mac_mulsub_16s_16s_32s_32_1_1_U137/fft_serial_mac_mulsub_16s_16s_32s_32_1_1_DSP48_2_U/ram_reg_i_54__0/O
                         net (fo=1, unplaced)         0.646     8.153    bd_0_i/hls_inst/inst/re_U/DIPBDIP[0]
                         RAMB18E1                                     r  bd_0_i/hls_inst/inst/re_U/ram_reg/DIPBDIP[0]
  -------------------------------------------------------------------    -------------------

                         (clock ap_clk rise edge)    10.000    10.000 r  
                                                      0.000    10.000 r  ap_clk (IN)
                         net (fo=5310, unset)         0.748    10.748    bd_0_i/hls_inst/inst/re_U/ap_clk
                         RAMB18E1                                     r  bd_0_i/hls_inst/inst/re_U/ram_reg/CLKBWRCLK
                         clock pessimism              0.000    10.748    
                         clock uncertainty           -0.035    10.712    
                         RAMB18E1 (Setup_ramb18e1_CLKBWRCLK_DIPBDIP[0])
                                                     -0.214    10.498    bd_0_i/hls_inst/inst/re_U/ram_reg
  -------------------------------------------------------------------
                         required time                         10.498    
                         arrival time                          -8.153    
  -------------------------------------------------------------------
                         slack                                  2.345    

Slack (MET) :             2.381ns  (required time - arrival time)
  Source:                 bd_0_i/hls_inst/inst/grp_fft_serial_Pipeline_bfly_loop5_fu_336/mac_muladd_16s_16s_32s_32_1_1_U58/fft_serial_mac_muladd_16s_16s_32s_32_1_1_DSP48_3_U/p/CLK
                            (rising edge-triggered cell DSP48E1 clocked by ap_clk  {rise@0.000ns fall@5.000ns period=10.000ns})
  Destination:            bd_0_i/hls_inst/inst/im_1_U/ram_reg/DIADI[13]
                            (rising edge-triggered cell RAMB18E1 clocked by ap_clk  {rise@0.000ns fall@5.000ns period=10.000ns})
  Path Group:             ap_clk
  Path Type:              Setup (Max at Slow Process Corner)
  Requirement:            10.000ns  (ap_clk rise@10.000ns - ap_clk rise@0.000ns)
  Data Path Delay:        7.330ns  (logic 4.865ns (66.370%)  route 2.465ns (33.630%))
  Logic Levels:           8  (CARRY4=4 LUT2=1 LUT5=1 LUT6=2)
  Clock Path Skew:        -0.039ns (DCD - SCD + CPR)
    Destination Clock Delay (DCD):    0.748ns = ( 10.748 - 10.000 ) 
    Source Clock Delay      (SCD):    0.787ns
    Clock Pessimism Removal (CPR):    0.000ns
  Clock Uncertainty:      0.035ns  ((TSJ^2 + TIJ^2)^1/2 + DJ) / 2 + PE
    Total System Jitter     (TSJ):    0.071ns
    Total Input Jitter      (TIJ):    0.000ns
    Discrete Jitter          (DJ):    0.000ns
    Phase Error              (PE):    0.000ns

    Location             Delay type                Incr(ns)  Path(ns)    Netlist Resource(s)
  -------------------------------------------------------------------    -------------------
                         (clock ap_clk rise edge)     0.000     0.000 r  
                                                      0.000     0.000 r  ap_clk (IN)
                         net (fo=5310, unset)         0.787     0.787    bd_0_i/hls_inst/inst/grp_fft_serial_Pipeline_bfly_loop5_fu_336/mac_muladd_16s_16s_32s_32_1_1_U58/fft_serial_mac_muladd_16s_16s_32s_32_1_1_DSP48_3_U/ap_clk
                         DSP48E1                                      r  bd_0_i/hls_inst/inst/grp_fft_serial_Pipeline_bfly_loop5_fu_336/mac_muladd_16s_16s_32s_32_1_1_U58/fft_serial_mac_muladd_16s_16s_32s_32_1_1_DSP48_3_U/p/CLK
  -------------------------------------------------------------------    -------------------
                         DSP48E1 (Prop_dsp48e1_CLK_P[16])
                                                      3.375     4.162 r  bd_0_i/hls_inst/inst/grp_fft_serial_Pipeline_bfly_loop5_fu_336/mac_muladd_16s_16s_32s_32_1_1_U58/fft_serial_mac_muladd_16s_16s_32s_32_1_1_DSP48_3_U/p/P[16]
                         net (fo=3, unplaced)         0.646     4.808    bd_0_i/hls_inst/inst/grp_fft_serial_Pipeline_bfly_loop5_fu_336/mac_muladd_16s_16s_32s_32_1_1_U58/fft_serial_mac_muladd_16s_16s_32s_32_1_1_DSP48_3_U/wb_im_s_fu_875_p4[1]
                         LUT2 (Prop_lut2_I0_O)        0.105     4.913 r  bd_0_i/hls_inst/inst/grp_fft_serial_Pipeline_bfly_loop5_fu_336/mac_muladd_16s_16s_32s_32_1_1_U58/fft_serial_mac_muladd_16s_16s_32s_32_1_1_DSP48_3_U/ram_reg_i_636/O
                         net (fo=1, unplaced)         0.000     4.913    bd_0_i/hls_inst/inst/grp_fft_serial_Pipeline_bfly_loop5_fu_336/mac_muladd_16s_16s_32s_32_1_1_U58/fft_serial_mac_muladd_16s_16s_32s_32_1_1_DSP48_3_U/ram_reg_i_636_n_7
                         CARRY4 (Prop_carry4_S[1]_CO[3])
                                                      0.457     5.370 r  bd_0_i/hls_inst/inst/grp_fft_serial_Pipeline_bfly_loop5_fu_336/mac_muladd_16s_16s_32s_32_1_1_U58/fft_serial_mac_muladd_16s_16s_32s_32_1_1_DSP48_3_U/ram_reg_i_532/CO[3]
                         net (fo=1, unplaced)         0.008     5.378    bd_0_i/hls_inst/inst/grp_fft_serial_Pipeline_bfly_loop5_fu_336/mac_muladd_16s_16s_32s_32_1_1_U58/fft_serial_mac_muladd_16s_16s_32s_32_1_1_DSP48_3_U/ram_reg_i_532_n_7
                         CARRY4 (Prop_carry4_CI_CO[3])
                                                      0.098     5.476 r  bd_0_i/hls_inst/inst/grp_fft_serial_Pipeline_bfly_loop5_fu_336/mac_muladd_16s_16s_32s_32_1_1_U58/fft_serial_mac_muladd_16s_16s_32s_32_1_1_DSP48_3_U/ram_reg_i_486/CO[3]
                         net (fo=1, unplaced)         0.000     5.476    bd_0_i/hls_inst/inst/grp_fft_serial_Pipeline_bfly_loop5_fu_336/mac_muladd_16s_16s_32s_32_1_1_U58/fft_serial_mac_muladd_16s_16s_32s_32_1_1_DSP48_3_U/ram_reg_i_486_n_7
                         CARRY4 (Prop_carry4_CI_CO[3])
                                                      0.098     5.574 r  bd_0_i/hls_inst/inst/grp_fft_serial_Pipeline_bfly_loop5_fu_336/mac_muladd_16s_16s_32s_32_1_1_U58/fft_serial_mac_muladd_16s_16s_32s_32_1_1_DSP48_3_U/ram_reg_i_304/CO[3]
                         net (fo=1, unplaced)         0.000     5.574    bd_0_i/hls_inst/inst/grp_fft_serial_Pipeline_bfly_loop5_fu_336/mac_muladd_16s_16s_32s_32_1_1_U58/fft_serial_mac_muladd_16s_16s_32s_32_1_1_DSP48_3_U/ram_reg_i_304_n_7
                         CARRY4 (Prop_carry4_CI_O[1])
                                                      0.277     5.851 r  bd_0_i/hls_inst/inst/grp_fft_serial_Pipeline_bfly_loop5_fu_336/mac_muladd_16s_16s_32s_32_1_1_U58/fft_serial_mac_muladd_16s_16s_32s_32_1_1_DSP48_3_U/ram_reg_i_464/O[1]
                         net (fo=1, unplaced)         0.472     6.323    bd_0_i/hls_inst/inst/grp_fft_serial_Pipeline_bfly_loop5_fu_336/mac_muladd_16s_16s_32s_32_1_1_U58/fft_serial_mac_muladd_16s_16s_32s_32_1_1_DSP48_3_U/grp_fft_serial_Pipeline_bfly_loop5_fu_336_im_d1[13]
                         LUT5 (Prop_lut5_I1_O)        0.245     6.568 f  bd_0_i/hls_inst/inst/grp_fft_serial_Pipeline_bfly_loop5_fu_336/mac_muladd_16s_16s_32s_32_1_1_U58/fft_serial_mac_muladd_16s_16s_32s_32_1_1_DSP48_3_U/ram_reg_i_286__0/O
                         net (fo=1, unplaced)         0.347     6.915    bd_0_i/hls_inst/inst/grp_fft_serial_Pipeline_bfly_loop3_fu_314/mac_muladd_16s_16s_32s_32_1_1_U40/fft_serial_mac_muladd_16s_16s_32s_32_1_1_DSP48_3_U/ram_reg_17
                         LUT6 (Prop_lut6_I5_O)        0.105     7.020 r  bd_0_i/hls_inst/inst/grp_fft_serial_Pipeline_bfly_loop3_fu_314/mac_muladd_16s_16s_32s_32_1_1_U40/fft_serial_mac_muladd_16s_16s_32s_32_1_1_DSP48_3_U/ram_reg_i_111__0/O
                         net (fo=1, unplaced)         0.347     7.367    bd_0_i/hls_inst/inst/grp_fft_serial_Pipeline_bfly_loop13_fu_424/mac_muladd_16s_16s_32s_32_1_1_U122/fft_serial_mac_muladd_16s_16s_32s_32_1_1_DSP48_3_U/ram_reg_23
                         LUT6 (Prop_lut6_I2_O)        0.105     7.472 r  bd_0_i/hls_inst/inst/grp_fft_serial_Pipeline_bfly_loop13_fu_424/mac_muladd_16s_16s_32s_32_1_1_U122/fft_serial_mac_muladd_16s_16s_32s_32_1_1_DSP48_3_U/ram_reg_i_23/O
                         net (fo=2, unplaced)         0.646     8.117    bd_0_i/hls_inst/inst/im_1_U/DIADI[13]
                         RAMB18E1                                     r  bd_0_i/hls_inst/inst/im_1_U/ram_reg/DIADI[13]
  -------------------------------------------------------------------    -------------------

                         (clock ap_clk rise edge)    10.000    10.000 r  
                                                      0.000    10.000 r  ap_clk (IN)
                         net (fo=5310, unset)         0.748    10.748    bd_0_i/hls_inst/inst/im_1_U/ap_clk
                         RAMB18E1                                     r  bd_0_i/hls_inst/inst/im_1_U/ram_reg/CLKARDCLK
                         clock pessimism              0.000    10.748    
                         clock uncertainty           -0.035    10.712    
                         RAMB18E1 (Setup_ramb18e1_CLKARDCLK_DIADI[13])
                                                     -0.214    10.498    bd_0_i/hls_inst/inst/im_1_U/ram_reg
  -------------------------------------------------------------------
                         required time                         10.498    
                         arrival time                          -8.117    
  -------------------------------------------------------------------
                         slack                                  2.381    

Slack (MET) :             2.381ns  (required time - arrival time)
  Source:                 bd_0_i/hls_inst/inst/grp_fft_serial_Pipeline_bfly_loop5_fu_336/mac_muladd_16s_16s_32s_32_1_1_U58/fft_serial_mac_muladd_16s_16s_32s_32_1_1_DSP48_3_U/p/CLK
                            (rising edge-triggered cell DSP48E1 clocked by ap_clk  {rise@0.000ns fall@5.000ns period=10.000ns})
  Destination:            bd_0_i/hls_inst/inst/im_U/ram_reg/DIADI[13]
                            (rising edge-triggered cell RAMB18E1 clocked by ap_clk  {rise@0.000ns fall@5.000ns period=10.000ns})
  Path Group:             ap_clk
  Path Type:              Setup (Max at Slow Process Corner)
  Requirement:            10.000ns  (ap_clk rise@10.000ns - ap_clk rise@0.000ns)
  Data Path Delay:        7.330ns  (logic 4.865ns (66.370%)  route 2.465ns (33.630%))
  Logic Levels:           8  (CARRY4=4 LUT2=1 LUT5=1 LUT6=2)
  Clock Path Skew:        -0.039ns (DCD - SCD + CPR)
    Destination Clock Delay (DCD):    0.748ns = ( 10.748 - 10.000 ) 
    Source Clock Delay      (SCD):    0.787ns
    Clock Pessimism Removal (CPR):    0.000ns
  Clock Uncertainty:      0.035ns  ((TSJ^2 + TIJ^2)^1/2 + DJ) / 2 + PE
    Total System Jitter     (TSJ):    0.071ns
    Total Input Jitter      (TIJ):    0.000ns
    Discrete Jitter          (DJ):    0.000ns
    Phase Error              (PE):    0.000ns

    Location             Delay type                Incr(ns)  Path(ns)    Netlist Resource(s)
  -------------------------------------------------------------------    -------------------
                         (clock ap_clk rise edge)     0.000     0.000 r  
                                                      0.000     0.000 r  ap_clk (IN)
                         net (fo=5310, unset)         0.787     0.787    bd_0_i/hls_inst/inst/grp_fft_serial_Pipeline_bfly_loop5_fu_336/mac_muladd_16s_16s_32s_32_1_1_U58/fft_serial_mac_muladd_16s_16s_32s_32_1_1_DSP48_3_U/ap_clk
                         DSP48E1                                      r  bd_0_i/hls_inst/inst/grp_fft_serial_Pipeline_bfly_loop5_fu_336/mac_muladd_16s_16s_32s_32_1_1_U58/fft_serial_mac_muladd_16s_16s_32s_32_1_1_DSP48_3_U/p/CLK
  -------------------------------------------------------------------    -------------------
                         DSP48E1 (Prop_dsp48e1_CLK_P[16])
                                                      3.375     4.162 r  bd_0_i/hls_inst/inst/grp_fft_serial_Pipeline_bfly_loop5_fu_336/mac_muladd_16s_16s_32s_32_1_1_U58/fft_serial_mac_muladd_16s_16s_32s_32_1_1_DSP48_3_U/p/P[16]
                         net (fo=3, unplaced)         0.646     4.808    bd_0_i/hls_inst/inst/grp_fft_serial_Pipeline_bfly_loop5_fu_336/mac_muladd_16s_16s_32s_32_1_1_U58/fft_serial_mac_muladd_16s_16s_32s_32_1_1_DSP48_3_U/wb_im_s_fu_875_p4[1]
                         LUT2 (Prop_lut2_I0_O)        0.105     4.913 r  bd_0_i/hls_inst/inst/grp_fft_serial_Pipeline_bfly_loop5_fu_336/mac_muladd_16s_16s_32s_32_1_1_U58/fft_serial_mac_muladd_16s_16s_32s_32_1_1_DSP48_3_U/ram_reg_i_636/O
                         net (fo=1, unplaced)         0.000     4.913    bd_0_i/hls_inst/inst/grp_fft_serial_Pipeline_bfly_loop5_fu_336/mac_muladd_16s_16s_32s_32_1_1_U58/fft_serial_mac_muladd_16s_16s_32s_32_1_1_DSP48_3_U/ram_reg_i_636_n_7
                         CARRY4 (Prop_carry4_S[1]_CO[3])
                                                      0.457     5.370 r  bd_0_i/hls_inst/inst/grp_fft_serial_Pipeline_bfly_loop5_fu_336/mac_muladd_16s_16s_32s_32_1_1_U58/fft_serial_mac_muladd_16s_16s_32s_32_1_1_DSP48_3_U/ram_reg_i_532/CO[3]
                         net (fo=1, unplaced)         0.008     5.378    bd_0_i/hls_inst/inst/grp_fft_serial_Pipeline_bfly_loop5_fu_336/mac_muladd_16s_16s_32s_32_1_1_U58/fft_serial_mac_muladd_16s_16s_32s_32_1_1_DSP48_3_U/ram_reg_i_532_n_7
                         CARRY4 (Prop_carry4_CI_CO[3])
                                                      0.098     5.476 r  bd_0_i/hls_inst/inst/grp_fft_serial_Pipeline_bfly_loop5_fu_336/mac_muladd_16s_16s_32s_32_1_1_U58/fft_serial_mac_muladd_16s_16s_32s_32_1_1_DSP48_3_U/ram_reg_i_486/CO[3]
                         net (fo=1, unplaced)         0.000     5.476    bd_0_i/hls_inst/inst/grp_fft_serial_Pipeline_bfly_loop5_fu_336/mac_muladd_16s_16s_32s_32_1_1_U58/fft_serial_mac_muladd_16s_16s_32s_32_1_1_DSP48_3_U/ram_reg_i_486_n_7
                         CARRY4 (Prop_carry4_CI_CO[3])
                                                      0.098     5.574 r  bd_0_i/hls_inst/inst/grp_fft_serial_Pipeline_bfly_loop5_fu_336/mac_muladd_16s_16s_32s_32_1_1_U58/fft_serial_mac_muladd_16s_16s_32s_32_1_1_DSP48_3_U/ram_reg_i_304/CO[3]
                         net (fo=1, unplaced)         0.000     5.574    bd_0_i/hls_inst/inst/grp_fft_serial_Pipeline_bfly_loop5_fu_336/mac_muladd_16s_16s_32s_32_1_1_U58/fft_serial_mac_muladd_16s_16s_32s_32_1_1_DSP48_3_U/ram_reg_i_304_n_7
                         CARRY4 (Prop_carry4_CI_O[1])
                                                      0.277     5.851 r  bd_0_i/hls_inst/inst/grp_fft_serial_Pipeline_bfly_loop5_fu_336/mac_muladd_16s_16s_32s_32_1_1_U58/fft_serial_mac_muladd_16s_16s_32s_32_1_1_DSP48_3_U/ram_reg_i_464/O[1]
                         net (fo=1, unplaced)         0.472     6.323    bd_0_i/hls_inst/inst/grp_fft_serial_Pipeline_bfly_loop5_fu_336/mac_muladd_16s_16s_32s_32_1_1_U58/fft_serial_mac_muladd_16s_16s_32s_32_1_1_DSP48_3_U/grp_fft_serial_Pipeline_bfly_loop5_fu_336_im_d1[13]
                         LUT5 (Prop_lut5_I1_O)        0.245     6.568 f  bd_0_i/hls_inst/inst/grp_fft_serial_Pipeline_bfly_loop5_fu_336/mac_muladd_16s_16s_32s_32_1_1_U58/fft_serial_mac_muladd_16s_16s_32s_32_1_1_DSP48_3_U/ram_reg_i_286__0/O
                         net (fo=1, unplaced)         0.347     6.915    bd_0_i/hls_inst/inst/grp_fft_serial_Pipeline_bfly_loop3_fu_314/mac_muladd_16s_16s_32s_32_1_1_U40/fft_serial_mac_muladd_16s_16s_32s_32_1_1_DSP48_3_U/ram_reg_17
                         LUT6 (Prop_lut6_I5_O)        0.105     7.020 r  bd_0_i/hls_inst/inst/grp_fft_serial_Pipeline_bfly_loop3_fu_314/mac_muladd_16s_16s_32s_32_1_1_U40/fft_serial_mac_muladd_16s_16s_32s_32_1_1_DSP48_3_U/ram_reg_i_111__0/O
                         net (fo=1, unplaced)         0.347     7.367    bd_0_i/hls_inst/inst/grp_fft_serial_Pipeline_bfly_loop13_fu_424/mac_muladd_16s_16s_32s_32_1_1_U122/fft_serial_mac_muladd_16s_16s_32s_32_1_1_DSP48_3_U/ram_reg_23
                         LUT6 (Prop_lut6_I2_O)        0.105     7.472 r  bd_0_i/hls_inst/inst/grp_fft_serial_Pipeline_bfly_loop13_fu_424/mac_muladd_16s_16s_32s_32_1_1_U122/fft_serial_mac_muladd_16s_16s_32s_32_1_1_DSP48_3_U/ram_reg_i_23/O
                         net (fo=2, unplaced)         0.646     8.117    bd_0_i/hls_inst/inst/im_U/DIADI[13]
                         RAMB18E1                                     r  bd_0_i/hls_inst/inst/im_U/ram_reg/DIADI[13]
  -------------------------------------------------------------------    -------------------

                         (clock ap_clk rise edge)    10.000    10.000 r  
                                                      0.000    10.000 r  ap_clk (IN)
                         net (fo=5310, unset)         0.748    10.748    bd_0_i/hls_inst/inst/im_U/ap_clk
                         RAMB18E1                                     r  bd_0_i/hls_inst/inst/im_U/ram_reg/CLKARDCLK
                         clock pessimism              0.000    10.748    
                         clock uncertainty           -0.035    10.712    
                         RAMB18E1 (Setup_ramb18e1_CLKARDCLK_DIADI[13])
                                                     -0.214    10.498    bd_0_i/hls_inst/inst/im_U/ram_reg
  -------------------------------------------------------------------
                         required time                         10.498    
                         arrival time                          -8.117    
  -------------------------------------------------------------------
                         slack                                  2.381    




