Copyright 1986-2022 Xilinx, Inc. All Rights Reserved. Copyright 2022-2023 Advanced Micro Devices, Inc. All Rights Reserved.
---------------------------------------------------------------------------------------------------------------------------------------------
| Tool Version : Vivado v.2023.2 (win64) Build 4029153 Fri Oct 13 20:14:34 MDT 2023
| Date         : Tue Jun 30 20:57:24 2026
| Host         : CHNtoumas running 64-bit major release  (build 9200)
| Command      : report_timing -max_paths 10 -file ./report/fft_serial_timing_paths_routed.rpt
| Design       : bd_0_wrapper
| Device       : 7a200t-fbg676
| Speed File   : -2  PRODUCTION 1.23 2018-06-13
| Design State : Routed
---------------------------------------------------------------------------------------------------------------------------------------------

Timing Report

Slack (MET) :             0.903ns  (required time - arrival time)
  Source:                 bd_0_i/hls_inst/inst/grp_fft_serial_Pipeline_bfly_loop5_fu_336/mac_muladd_16s_16s_32s_32_1_1_U58/fft_serial_mac_muladd_16s_16s_32s_32_1_1_DSP48_3_U/p/CLK
                            (rising edge-triggered cell DSP48E1 clocked by ap_clk  {rise@0.000ns fall@5.000ns period=10.000ns})
  Destination:            bd_0_i/hls_inst/inst/im_1_U/ram_reg/DIBDI[10]
                            (rising edge-triggered cell RAMB18E1 clocked by ap_clk  {rise@0.000ns fall@5.000ns period=10.000ns})
  Path Group:             ap_clk
  Path Type:              Setup (Max at Slow Process Corner)
  Requirement:            10.000ns  (ap_clk rise@10.000ns - ap_clk rise@0.000ns)
  Data Path Delay:        8.808ns  (logic 4.838ns (54.927%)  route 3.970ns (45.073%))
  Logic Levels:           6  (CARRY4=2 LUT2=1 LUT6=2 MUXF7=1)
  Clock Path Skew:        -0.039ns (DCD - SCD + CPR)
    Destination Clock Delay (DCD):    0.748ns = ( 10.748 - 10.000 ) 
    Source Clock Delay      (SCD):    0.787ns
    Clock Pessimism Removal (CPR):    0.000ns
  Clock Uncertainty:      0.035ns  ((TSJ^2 + TIJ^2)^1/2 + DJ) / 2 + PE
    Total System Jitter     (TSJ):    0.071ns
    Total Input Jitter      (TIJ):    0.000ns
    Discrete Jitter          (DJ):    0.000ns
    Phase Error              (PE):    0.000ns

    Location             Delay type                Incr(ns)  Path(ns)    Netlist Resource(s)
  -------------------------------------------------------------------    -------------------
                         (clock ap_clk rise edge)     0.000     0.000 r  
                                                      0.000     0.000 r  ap_clk (IN)
                         net (fo=5310, unset)         0.787     0.787    bd_0_i/hls_inst/inst/grp_fft_serial_Pipeline_bfly_loop5_fu_336/mac_muladd_16s_16s_32s_32_1_1_U58/fft_serial_mac_muladd_16s_16s_32s_32_1_1_DSP48_3_U/ap_clk
    DSP48_X0Y37          DSP48E1                                      r  bd_0_i/hls_inst/inst/grp_fft_serial_Pipeline_bfly_loop5_fu_336/mac_muladd_16s_16s_32s_32_1_1_U58/fft_serial_mac_muladd_16s_16s_32s_32_1_1_DSP48_3_U/p/CLK
  -------------------------------------------------------------------    -------------------
    DSP48_X0Y37          DSP48E1 (Prop_dsp48e1_CLK_P[20])
                                                      3.375     4.162 r  bd_0_i/hls_inst/inst/grp_fft_serial_Pipeline_bfly_loop5_fu_336/mac_muladd_16s_16s_32s_32_1_1_U58/fft_serial_mac_muladd_16s_16s_32s_32_1_1_DSP48_3_U/p/P[20]
                         net (fo=3, routed)           1.154     5.316    bd_0_i/hls_inst/inst/grp_fft_serial_Pipeline_bfly_loop5_fu_336/mac_muladd_16s_16s_32s_32_1_1_U58/fft_serial_mac_muladd_16s_16s_32s_32_1_1_DSP48_3_U/wb_im_s_fu_875_p4[5]
    SLICE_X17Y108        LUT2 (Prop_lut2_I1_O)        0.105     5.421 r  bd_0_i/hls_inst/inst/grp_fft_serial_Pipeline_bfly_loop5_fu_336/mac_muladd_16s_16s_32s_32_1_1_U58/fft_serial_mac_muladd_16s_16s_32s_32_1_1_DSP48_3_U/ram_reg_i_704__0/O
                         net (fo=1, routed)           0.000     5.421    bd_0_i/hls_inst/inst/grp_fft_serial_Pipeline_bfly_loop5_fu_336/mac_muladd_16s_16s_32s_32_1_1_U58/fft_serial_mac_muladd_16s_16s_32s_32_1_1_DSP48_3_U/ram_reg_i_704__0_n_7
    SLICE_X17Y108        CARRY4 (Prop_carry4_S[1]_CO[3])
                                                      0.457     5.878 r  bd_0_i/hls_inst/inst/grp_fft_serial_Pipeline_bfly_loop5_fu_336/mac_muladd_16s_16s_32s_32_1_1_U58/fft_serial_mac_muladd_16s_16s_32s_32_1_1_DSP48_3_U/ram_reg_i_586/CO[3]
                         net (fo=1, routed)           0.000     5.878    bd_0_i/hls_inst/inst/grp_fft_serial_Pipeline_bfly_loop5_fu_336/mac_muladd_16s_16s_32s_32_1_1_U58/fft_serial_mac_muladd_16s_16s_32s_32_1_1_DSP48_3_U/ram_reg_i_586_n_7
    SLICE_X17Y109        CARRY4 (Prop_carry4_CI_O[2])
                                                      0.200     6.078 r  bd_0_i/hls_inst/inst/grp_fft_serial_Pipeline_bfly_loop5_fu_336/mac_muladd_16s_16s_32s_32_1_1_U58/fft_serial_mac_muladd_16s_16s_32s_32_1_1_DSP48_3_U/ram_reg_i_552/O[2]
                         net (fo=1, routed)           1.181     7.260    bd_0_i/hls_inst/inst/grp_fft_serial_Pipeline_bfly_loop5_fu_336/mac_muladd_16s_16s_32s_32_1_1_U58/fft_serial_mac_muladd_16s_16s_32s_32_1_1_DSP48_3_U/grp_fft_serial_Pipeline_bfly_loop5_fu_336_im_d0[10]
    SLICE_X36Y111        LUT6 (Prop_lut6_I0_O)        0.253     7.513 f  bd_0_i/hls_inst/inst/grp_fft_serial_Pipeline_bfly_loop5_fu_336/mac_muladd_16s_16s_32s_32_1_1_U58/fft_serial_mac_muladd_16s_16s_32s_32_1_1_DSP48_3_U/ram_reg_i_363__0/O
                         net (fo=1, routed)           0.000     7.513    bd_0_i/hls_inst/inst/grp_fft_serial_Pipeline_bfly_loop9_fu_380/mac_muladd_16s_16s_32s_32_1_1_U90/fft_serial_mac_muladd_16s_16s_32s_32_1_1_DSP48_3_U/ram_reg_1
    SLICE_X36Y111        MUXF7 (Prop_muxf7_I1_O)      0.206     7.719 f  bd_0_i/hls_inst/inst/grp_fft_serial_Pipeline_bfly_loop9_fu_380/mac_muladd_16s_16s_32s_32_1_1_U90/fft_serial_mac_muladd_16s_16s_32s_32_1_1_DSP48_3_U/ram_reg_i_169__0/O
                         net (fo=2, routed)           0.620     8.339    bd_0_i/hls_inst/inst/grp_fft_serial_Pipeline_bfly_loop15_fu_446/mac_muladd_16s_16s_32s_32_1_1_U138/fft_serial_mac_muladd_16s_16s_32s_32_1_1_DSP48_3_U/ram_reg_15
    SLICE_X44Y115        LUT6 (Prop_lut6_I2_O)        0.242     8.581 r  bd_0_i/hls_inst/inst/grp_fft_serial_Pipeline_bfly_loop15_fu_446/mac_muladd_16s_16s_32s_32_1_1_U138/fft_serial_mac_muladd_16s_16s_32s_32_1_1_DSP48_3_U/ram_reg_i_26__2/O
                         net (fo=1, routed)           1.014     9.595    bd_0_i/hls_inst/inst/im_1_U/DIBDI[10]
    RAMB18_X1Y46         RAMB18E1                                     r  bd_0_i/hls_inst/inst/im_1_U/ram_reg/DIBDI[10]
  -------------------------------------------------------------------    -------------------

                         (clock ap_clk rise edge)    10.000    10.000 r  
                                                      0.000    10.000 r  ap_clk (IN)
                         net (fo=5310, unset)         0.748    10.748    bd_0_i/hls_inst/inst/im_1_U/ap_clk
    RAMB18_X1Y46         RAMB18E1                                     r  bd_0_i/hls_inst/inst/im_1_U/ram_reg/CLKBWRCLK
                         clock pessimism              0.000    10.748    
                         clock uncertainty           -0.035    10.712    
    RAMB18_X1Y46         RAMB18E1 (Setup_ramb18e1_CLKBWRCLK_DIBDI[10])
                                                     -0.214    10.498    bd_0_i/hls_inst/inst/im_1_U/ram_reg
  -------------------------------------------------------------------
                         required time                         10.498    
                         arrival time                          -9.595    
  -------------------------------------------------------------------
                         slack                                  0.903    

Slack (MET) :             0.953ns  (required time - arrival time)
  Source:                 bd_0_i/hls_inst/inst/grp_fft_serial_Pipeline_bfly_loop5_fu_336/mac_muladd_16s_16s_32s_32_1_1_U58/fft_serial_mac_muladd_16s_16s_32s_32_1_1_DSP48_3_U/p/CLK
                            (rising edge-triggered cell DSP48E1 clocked by ap_clk  {rise@0.000ns fall@5.000ns period=10.000ns})
  Destination:            bd_0_i/hls_inst/inst/im_U/ram_reg/DIBDI[10]
                            (rising edge-triggered cell RAMB18E1 clocked by ap_clk  {rise@0.000ns fall@5.000ns period=10.000ns})
  Path Group:             ap_clk
  Path Type:              Setup (Max at Slow Process Corner)
  Requirement:            10.000ns  (ap_clk rise@10.000ns - ap_clk rise@0.000ns)
  Data Path Delay:        8.758ns  (logic 4.838ns (55.238%)  route 3.920ns (44.762%))
  Logic Levels:           6  (CARRY4=2 LUT2=1 LUT6=2 MUXF7=1)
  Clock Path Skew:        -0.039ns (DCD - SCD + CPR)
    Destination Clock Delay (DCD):    0.748ns = ( 10.748 - 10.000 ) 
    Source Clock Delay      (SCD):    0.787ns
    Clock Pessimism Removal (CPR):    0.000ns
  Clock Uncertainty:      0.035ns  ((TSJ^2 + TIJ^2)^1/2 + DJ) / 2 + PE
    Total System Jitter     (TSJ):    0.071ns
    Total Input Jitter      (TIJ):    0.000ns
    Discrete Jitter          (DJ):    0.000ns
    Phase Error              (PE):    0.000ns

    Location             Delay type                Incr(ns)  Path(ns)    Netlist Resource(s)
  -------------------------------------------------------------------    -------------------
                         (clock ap_clk rise edge)     0.000     0.000 r  
                                                      0.000     0.000 r  ap_clk (IN)
                         net (fo=5310, unset)         0.787     0.787    bd_0_i/hls_inst/inst/grp_fft_serial_Pipeline_bfly_loop5_fu_336/mac_muladd_16s_16s_32s_32_1_1_U58/fft_serial_mac_muladd_16s_16s_32s_32_1_1_DSP48_3_U/ap_clk
    DSP48_X0Y37          DSP48E1                                      r  bd_0_i/hls_inst/inst/grp_fft_serial_Pipeline_bfly_loop5_fu_336/mac_muladd_16s_16s_32s_32_1_1_U58/fft_serial_mac_muladd_16s_16s_32s_32_1_1_DSP48_3_U/p/CLK
  -------------------------------------------------------------------    -------------------
    DSP48_X0Y37          DSP48E1 (Prop_dsp48e1_CLK_P[20])
                                                      3.375     4.162 r  bd_0_i/hls_inst/inst/grp_fft_serial_Pipeline_bfly_loop5_fu_336/mac_muladd_16s_16s_32s_32_1_1_U58/fft_serial_mac_muladd_16s_16s_32s_32_1_1_DSP48_3_U/p/P[20]
                         net (fo=3, routed)           1.154     5.316    bd_0_i/hls_inst/inst/grp_fft_serial_Pipeline_bfly_loop5_fu_336/mac_muladd_16s_16s_32s_32_1_1_U58/fft_serial_mac_muladd_16s_16s_32s_32_1_1_DSP48_3_U/wb_im_s_fu_875_p4[5]
    SLICE_X17Y108        LUT2 (Prop_lut2_I1_O)        0.105     5.421 r  bd_0_i/hls_inst/inst/grp_fft_serial_Pipeline_bfly_loop5_fu_336/mac_muladd_16s_16s_32s_32_1_1_U58/fft_serial_mac_muladd_16s_16s_32s_32_1_1_DSP48_3_U/ram_reg_i_704__0/O
                         net (fo=1, routed)           0.000     5.421    bd_0_i/hls_inst/inst/grp_fft_serial_Pipeline_bfly_loop5_fu_336/mac_muladd_16s_16s_32s_32_1_1_U58/fft_serial_mac_muladd_16s_16s_32s_32_1_1_DSP48_3_U/ram_reg_i_704__0_n_7
    SLICE_X17Y108        CARRY4 (Prop_carry4_S[1]_CO[3])
                                                      0.457     5.878 r  bd_0_i/hls_inst/inst/grp_fft_serial_Pipeline_bfly_loop5_fu_336/mac_muladd_16s_16s_32s_32_1_1_U58/fft_serial_mac_muladd_16s_16s_32s_32_1_1_DSP48_3_U/ram_reg_i_586/CO[3]
                         net (fo=1, routed)           0.000     5.878    bd_0_i/hls_inst/inst/grp_fft_serial_Pipeline_bfly_loop5_fu_336/mac_muladd_16s_16s_32s_32_1_1_U58/fft_serial_mac_muladd_16s_16s_32s_32_1_1_DSP48_3_U/ram_reg_i_586_n_7
    SLICE_X17Y109        CARRY4 (Prop_carry4_CI_O[2])
                                                      0.200     6.078 r  bd_0_i/hls_inst/inst/grp_fft_serial_Pipeline_bfly_loop5_fu_336/mac_muladd_16s_16s_32s_32_1_1_U58/fft_serial_mac_muladd_16s_16s_32s_32_1_1_DSP48_3_U/ram_reg_i_552/O[2]
                         net (fo=1, routed)           1.181     7.260    bd_0_i/hls_inst/inst/grp_fft_serial_Pipeline_bfly_loop5_fu_336/mac_muladd_16s_16s_32s_32_1_1_U58/fft_serial_mac_muladd_16s_16s_32s_32_1_1_DSP48_3_U/grp_fft_serial_Pipeline_bfly_loop5_fu_336_im_d0[10]
    SLICE_X36Y111        LUT6 (Prop_lut6_I0_O)        0.253     7.513 f  bd_0_i/hls_inst/inst/grp_fft_serial_Pipeline_bfly_loop5_fu_336/mac_muladd_16s_16s_32s_32_1_1_U58/fft_serial_mac_muladd_16s_16s_32s_32_1_1_DSP48_3_U/ram_reg_i_363__0/O
                         net (fo=1, routed)           0.000     7.513    bd_0_i/hls_inst/inst/grp_fft_serial_Pipeline_bfly_loop9_fu_380/mac_muladd_16s_16s_32s_32_1_1_U90/fft_serial_mac_muladd_16s_16s_32s_32_1_1_DSP48_3_U/ram_reg_1
    SLICE_X36Y111        MUXF7 (Prop_muxf7_I1_O)      0.206     7.719 f  bd_0_i/hls_inst/inst/grp_fft_serial_Pipeline_bfly_loop9_fu_380/mac_muladd_16s_16s_32s_32_1_1_U90/fft_serial_mac_muladd_16s_16s_32s_32_1_1_DSP48_3_U/ram_reg_i_169__0/O
                         net (fo=2, routed)           0.616     8.335    bd_0_i/hls_inst/inst/grp_fft_serial_Pipeline_bfly_loop15_fu_446/mac_muladd_16s_16s_32s_32_1_1_U138/fft_serial_mac_muladd_16s_16s_32s_32_1_1_DSP48_3_U/ram_reg_15
    SLICE_X44Y115        LUT6 (Prop_lut6_I2_O)        0.242     8.577 r  bd_0_i/hls_inst/inst/grp_fft_serial_Pipeline_bfly_loop15_fu_446/mac_muladd_16s_16s_32s_32_1_1_U138/fft_serial_mac_muladd_16s_16s_32s_32_1_1_DSP48_3_U/ram_reg_i_42__2/O
                         net (fo=1, routed)           0.969     9.545    bd_0_i/hls_inst/inst/im_U/DIBDI[10]
    RAMB18_X1Y47         RAMB18E1                                     r  bd_0_i/hls_inst/inst/im_U/ram_reg/DIBDI[10]
  -------------------------------------------------------------------    -------------------

                         (clock ap_clk rise edge)    10.000    10.000 r  
                                                      0.000    10.000 r  ap_clk (IN)
                         net (fo=5310, unset)         0.748    10.748    bd_0_i/hls_inst/inst/im_U/ap_clk
    RAMB18_X1Y47         RAMB18E1                                     r  bd_0_i/hls_inst/inst/im_U/ram_reg/CLKBWRCLK
                         clock pessimism              0.000    10.748    
                         clock uncertainty           -0.035    10.712    
    RAMB18_X1Y47         RAMB18E1 (Setup_ramb18e1_CLKBWRCLK_DIBDI[10])
                                                     -0.214    10.498    bd_0_i/hls_inst/inst/im_U/ram_reg
  -------------------------------------------------------------------
                         required time                         10.498    
                         arrival time                          -9.545    
  -------------------------------------------------------------------
                         slack                                  0.953    

Slack (MET) :             0.962ns  (required time - arrival time)
  Source:                 bd_0_i/hls_inst/inst/grp_fft_serial_Pipeline_bfly_loop5_fu_336/mac_muladd_16s_16s_32s_32_1_1_U58/fft_serial_mac_muladd_16s_16s_32s_32_1_1_DSP48_3_U/p/CLK
                            (rising edge-triggered cell DSP48E1 clocked by ap_clk  {rise@0.000ns fall@5.000ns period=10.000ns})
  Destination:            bd_0_i/hls_inst/inst/im_U/ram_reg/DIBDI[8]
                            (rising edge-triggered cell RAMB18E1 clocked by ap_clk  {rise@0.000ns fall@5.000ns period=10.000ns})
  Path Group:             ap_clk
  Path Type:              Setup (Max at Slow Process Corner)
  Requirement:            10.000ns  (ap_clk rise@10.000ns - ap_clk rise@0.000ns)
  Data Path Delay:        8.749ns  (logic 4.785ns (54.693%)  route 3.964ns (45.307%))
  Logic Levels:           6  (CARRY4=2 LUT2=1 LUT6=2 MUXF7=1)
  Clock Path Skew:        -0.039ns (DCD - SCD + CPR)
    Destination Clock Delay (DCD):    0.748ns = ( 10.748 - 10.000 ) 
    Source Clock Delay      (SCD):    0.787ns
    Clock Pessimism Removal (CPR):    0.000ns
  Clock Uncertainty:      0.035ns  ((TSJ^2 + TIJ^2)^1/2 + DJ) / 2 + PE
    Total System Jitter     (TSJ):    0.071ns
    Total Input Jitter      (TIJ):    0.000ns
    Discrete Jitter          (DJ):    0.000ns
    Phase Error              (PE):    0.000ns

    Location             Delay type                Incr(ns)  Path(ns)    Netlist Resource(s)
  -------------------------------------------------------------------    -------------------
                         (clock ap_clk rise edge)     0.000     0.000 r  
                                                      0.000     0.000 r  ap_clk (IN)
                         net (fo=5310, unset)         0.787     0.787    bd_0_i/hls_inst/inst/grp_fft_serial_Pipeline_bfly_loop5_fu_336/mac_muladd_16s_16s_32s_32_1_1_U58/fft_serial_mac_muladd_16s_16s_32s_32_1_1_DSP48_3_U/ap_clk
    DSP48_X0Y37          DSP48E1                                      r  bd_0_i/hls_inst/inst/grp_fft_serial_Pipeline_bfly_loop5_fu_336/mac_muladd_16s_16s_32s_32_1_1_U58/fft_serial_mac_muladd_16s_16s_32s_32_1_1_DSP48_3_U/p/CLK
  -------------------------------------------------------------------    -------------------
    DSP48_X0Y37          DSP48E1 (Prop_dsp48e1_CLK_P[20])
                                                      3.375     4.162 r  bd_0_i/hls_inst/inst/grp_fft_serial_Pipeline_bfly_loop5_fu_336/mac_muladd_16s_16s_32s_32_1_1_U58/fft_serial_mac_muladd_16s_16s_32s_32_1_1_DSP48_3_U/p/P[20]
                         net (fo=3, routed)           1.154     5.316    bd_0_i/hls_inst/inst/grp_fft_serial_Pipeline_bfly_loop5_fu_336/mac_muladd_16s_16s_32s_32_1_1_U58/fft_serial_mac_muladd_16s_16s_32s_32_1_1_DSP48_3_U/wb_im_s_fu_875_p4[5]
    SLICE_X17Y108        LUT2 (Prop_lut2_I1_O)        0.105     5.421 r  bd_0_i/hls_inst/inst/grp_fft_serial_Pipeline_bfly_loop5_fu_336/mac_muladd_16s_16s_32s_32_1_1_U58/fft_serial_mac_muladd_16s_16s_32s_32_1_1_DSP48_3_U/ram_reg_i_704__0/O
                         net (fo=1, routed)           0.000     5.421    bd_0_i/hls_inst/inst/grp_fft_serial_Pipeline_bfly_loop5_fu_336/mac_muladd_16s_16s_32s_32_1_1_U58/fft_serial_mac_muladd_16s_16s_32s_32_1_1_DSP48_3_U/ram_reg_i_704__0_n_7
    SLICE_X17Y108        CARRY4 (Prop_carry4_S[1]_CO[3])
                                                      0.457     5.878 r  bd_0_i/hls_inst/inst/grp_fft_serial_Pipeline_bfly_loop5_fu_336/mac_muladd_16s_16s_32s_32_1_1_U58/fft_serial_mac_muladd_16s_16s_32s_32_1_1_DSP48_3_U/ram_reg_i_586/CO[3]
                         net (fo=1, routed)           0.000     5.878    bd_0_i/hls_inst/inst/grp_fft_serial_Pipeline_bfly_loop5_fu_336/mac_muladd_16s_16s_32s_32_1_1_U58/fft_serial_mac_muladd_16s_16s_32s_32_1_1_DSP48_3_U/ram_reg_i_586_n_7
    SLICE_X17Y109        CARRY4 (Prop_carry4_CI_O[0])
                                                      0.180     6.058 r  bd_0_i/hls_inst/inst/grp_fft_serial_Pipeline_bfly_loop5_fu_336/mac_muladd_16s_16s_32s_32_1_1_U58/fft_serial_mac_muladd_16s_16s_32s_32_1_1_DSP48_3_U/ram_reg_i_552/O[0]
                         net (fo=1, routed)           1.031     7.089    bd_0_i/hls_inst/inst/grp_fft_serial_Pipeline_bfly_loop3_fu_314/mac_muladd_16s_16s_32s_32_1_1_U40/fft_serial_mac_muladd_16s_16s_32s_32_1_1_DSP48_3_U/ram_reg_i_203__0[5]
    SLICE_X36Y111        LUT6 (Prop_lut6_I2_O)        0.249     7.338 f  bd_0_i/hls_inst/inst/grp_fft_serial_Pipeline_bfly_loop3_fu_314/mac_muladd_16s_16s_32s_32_1_1_U40/fft_serial_mac_muladd_16s_16s_32s_32_1_1_DSP48_3_U/ram_reg_i_367__0/O
                         net (fo=1, routed)           0.000     7.338    bd_0_i/hls_inst/inst/grp_fft_serial_Pipeline_bfly_loop9_fu_380/mac_muladd_16s_16s_32s_32_1_1_U90/fft_serial_mac_muladd_16s_16s_32s_32_1_1_DSP48_3_U/ram_reg_8
    SLICE_X36Y111        MUXF7 (Prop_muxf7_I1_O)      0.178     7.516 f  bd_0_i/hls_inst/inst/grp_fft_serial_Pipeline_bfly_loop9_fu_380/mac_muladd_16s_16s_32s_32_1_1_U90/fft_serial_mac_muladd_16s_16s_32s_32_1_1_DSP48_3_U/ram_reg_i_173__0/O
                         net (fo=2, routed)           0.713     8.229    bd_0_i/hls_inst/inst/grp_fft_serial_Pipeline_bfly_loop15_fu_446/mac_muladd_16s_16s_32s_32_1_1_U138/fft_serial_mac_muladd_16s_16s_32s_32_1_1_DSP48_3_U/ram_reg_19
    SLICE_X45Y115        LUT6 (Prop_lut6_I2_O)        0.241     8.470 r  bd_0_i/hls_inst/inst/grp_fft_serial_Pipeline_bfly_loop15_fu_446/mac_muladd_16s_16s_32s_32_1_1_U138/fft_serial_mac_muladd_16s_16s_32s_32_1_1_DSP48_3_U/ram_reg_i_44__1/O
                         net (fo=1, routed)           1.066     9.536    bd_0_i/hls_inst/inst/im_U/DIBDI[8]
    RAMB18_X1Y47         RAMB18E1                                     r  bd_0_i/hls_inst/inst/im_U/ram_reg/DIBDI[8]
  -------------------------------------------------------------------    -------------------

                         (clock ap_clk rise edge)    10.000    10.000 r  
                                                      0.000    10.000 r  ap_clk (IN)
                         net (fo=5310, unset)         0.748    10.748    bd_0_i/hls_inst/inst/im_U/ap_clk
    RAMB18_X1Y47         RAMB18E1                                     r  bd_0_i/hls_inst/inst/im_U/ram_reg/CLKBWRCLK
                         clock pessimism              0.000    10.748    
                         clock uncertainty           -0.035    10.712    
    RAMB18_X1Y47         RAMB18E1 (Setup_ramb18e1_CLKBWRCLK_DIBDI[8])
                                                     -0.214    10.498    bd_0_i/hls_inst/inst/im_U/ram_reg
  -------------------------------------------------------------------
                         required time                         10.498    
                         arrival time                          -9.536    
  -------------------------------------------------------------------
                         slack                                  0.962    

Slack (MET) :             1.027ns  (required time - arrival time)
  Source:                 bd_0_i/hls_inst/inst/grp_fft_serial_Pipeline_bfly_loop7_fu_358/mac_mulsub_16s_16s_32s_32_1_1_U73/fft_serial_mac_mulsub_16s_16s_32s_32_1_1_DSP48_2_U/p/CLK
                            (rising edge-triggered cell DSP48E1 clocked by ap_clk  {rise@0.000ns fall@5.000ns period=10.000ns})
  Destination:            bd_0_i/hls_inst/inst/re_1_U/ram_reg/DIADI[15]
                            (rising edge-triggered cell RAMB18E1 clocked by ap_clk  {rise@0.000ns fall@5.000ns period=10.000ns})
  Path Group:             ap_clk
  Path Type:              Setup (Max at Slow Process Corner)
  Requirement:            10.000ns  (ap_clk rise@10.000ns - ap_clk rise@0.000ns)
  Data Path Delay:        8.684ns  (logic 4.860ns (55.963%)  route 3.824ns (44.037%))
  Logic Levels:           8  (CARRY4=4 LUT2=1 LUT5=1 LUT6=2)
  Clock Path Skew:        -0.039ns (DCD - SCD + CPR)
    Destination Clock Delay (DCD):    0.748ns = ( 10.748 - 10.000 ) 
    Source Clock Delay      (SCD):    0.787ns
    Clock Pessimism Removal (CPR):    0.000ns
  Clock Uncertainty:      0.035ns  ((TSJ^2 + TIJ^2)^1/2 + DJ) / 2 + PE
    Total System Jitter     (TSJ):    0.071ns
    Total Input Jitter      (TIJ):    0.000ns
    Discrete Jitter          (DJ):    0.000ns
    Phase Error              (PE):    0.000ns

    Location             Delay type                Incr(ns)  Path(ns)    Netlist Resource(s)
  -------------------------------------------------------------------    -------------------
                         (clock ap_clk rise edge)     0.000     0.000 r  
                                                      0.000     0.000 r  ap_clk (IN)
                         net (fo=5310, unset)         0.787     0.787    bd_0_i/hls_inst/inst/grp_fft_serial_Pipeline_bfly_loop7_fu_358/mac_mulsub_16s_16s_32s_32_1_1_U73/fft_serial_mac_mulsub_16s_16s_32s_32_1_1_DSP48_2_U/ap_clk
    DSP48_X0Y41          DSP48E1                                      r  bd_0_i/hls_inst/inst/grp_fft_serial_Pipeline_bfly_loop7_fu_358/mac_mulsub_16s_16s_32s_32_1_1_U73/fft_serial_mac_mulsub_16s_16s_32s_32_1_1_DSP48_2_U/p/CLK
  -------------------------------------------------------------------    -------------------
    DSP48_X0Y41          DSP48E1 (Prop_dsp48e1_CLK_P[16])
                                                      3.375     4.162 r  bd_0_i/hls_inst/inst/grp_fft_serial_Pipeline_bfly_loop7_fu_358/mac_mulsub_16s_16s_32s_32_1_1_U73/fft_serial_mac_mulsub_16s_16s_32s_32_1_1_DSP48_2_U/p/P[16]
                         net (fo=3, routed)           1.362     5.524    bd_0_i/hls_inst/inst/grp_fft_serial_Pipeline_bfly_loop7_fu_358/mac_mulsub_16s_16s_32s_32_1_1_U73/fft_serial_mac_mulsub_16s_16s_32s_32_1_1_DSP48_2_U/wb_re_s_fu_865_p4[1]
    SLICE_X32Y95         LUT2 (Prop_lut2_I0_O)        0.105     5.629 r  bd_0_i/hls_inst/inst/grp_fft_serial_Pipeline_bfly_loop7_fu_358/mac_mulsub_16s_16s_32s_32_1_1_U73/fft_serial_mac_mulsub_16s_16s_32s_32_1_1_DSP48_2_U/ram_reg_i_783/O
                         net (fo=1, routed)           0.000     5.629    bd_0_i/hls_inst/inst/grp_fft_serial_Pipeline_bfly_loop7_fu_358/mac_mulsub_16s_16s_32s_32_1_1_U73/fft_serial_mac_mulsub_16s_16s_32s_32_1_1_DSP48_2_U/ram_reg_i_783_n_7
    SLICE_X32Y95         CARRY4 (Prop_carry4_S[1]_CO[3])
                                                      0.457     6.086 r  bd_0_i/hls_inst/inst/grp_fft_serial_Pipeline_bfly_loop7_fu_358/mac_mulsub_16s_16s_32s_32_1_1_U73/fft_serial_mac_mulsub_16s_16s_32s_32_1_1_DSP48_2_U/ram_reg_i_662/CO[3]
                         net (fo=1, routed)           0.000     6.086    bd_0_i/hls_inst/inst/grp_fft_serial_Pipeline_bfly_loop7_fu_358/mac_mulsub_16s_16s_32s_32_1_1_U73/fft_serial_mac_mulsub_16s_16s_32s_32_1_1_DSP48_2_U/ram_reg_i_662_n_7
    SLICE_X32Y96         CARRY4 (Prop_carry4_CI_CO[3])
                                                      0.098     6.184 r  bd_0_i/hls_inst/inst/grp_fft_serial_Pipeline_bfly_loop7_fu_358/mac_mulsub_16s_16s_32s_32_1_1_U73/fft_serial_mac_mulsub_16s_16s_32s_32_1_1_DSP48_2_U/ram_reg_i_652/CO[3]
                         net (fo=1, routed)           0.000     6.184    bd_0_i/hls_inst/inst/grp_fft_serial_Pipeline_bfly_loop7_fu_358/mac_mulsub_16s_16s_32s_32_1_1_U73/fft_serial_mac_mulsub_16s_16s_32s_32_1_1_DSP48_2_U/ram_reg_i_652_n_7
    SLICE_X32Y97         CARRY4 (Prop_carry4_CI_CO[3])
                                                      0.098     6.282 r  bd_0_i/hls_inst/inst/grp_fft_serial_Pipeline_bfly_loop7_fu_358/mac_mulsub_16s_16s_32s_32_1_1_U73/fft_serial_mac_mulsub_16s_16s_32s_32_1_1_DSP48_2_U/ram_reg_i_630/CO[3]
                         net (fo=1, routed)           0.000     6.282    bd_0_i/hls_inst/inst/grp_fft_serial_Pipeline_bfly_loop7_fu_358/mac_mulsub_16s_16s_32s_32_1_1_U73/fft_serial_mac_mulsub_16s_16s_32s_32_1_1_DSP48_2_U/ram_reg_i_630_n_7
    SLICE_X32Y98         CARRY4 (Prop_carry4_CI_O[3])
                                                      0.260     6.542 r  bd_0_i/hls_inst/inst/grp_fft_serial_Pipeline_bfly_loop7_fu_358/mac_mulsub_16s_16s_32s_32_1_1_U73/fft_serial_mac_mulsub_16s_16s_32s_32_1_1_DSP48_2_U/ram_reg_i_608/O[3]
                         net (fo=1, routed)           0.349     6.891    bd_0_i/hls_inst/inst/grp_fft_serial_Pipeline_bfly_loop5_fu_336/mac_mulsub_16s_16s_32s_32_1_1_U57/fft_serial_mac_mulsub_16s_16s_32s_32_1_1_DSP48_2_U/re_d1[15]
    SLICE_X34Y99         LUT5 (Prop_lut5_I3_O)        0.257     7.148 f  bd_0_i/hls_inst/inst/grp_fft_serial_Pipeline_bfly_loop5_fu_336/mac_mulsub_16s_16s_32s_32_1_1_U57/fft_serial_mac_mulsub_16s_16s_32s_32_1_1_DSP48_2_U/ram_reg_i_381/O
                         net (fo=1, routed)           0.940     8.087    bd_0_i/hls_inst/inst/grp_fft_serial_Pipeline_bfly_loop3_fu_314/mac_mulsub_16s_16s_32s_32_1_1_U39/fft_serial_mac_mulsub_16s_16s_32s_32_1_1_DSP48_2_U/ram_reg_19
    SLICE_X43Y113        LUT6 (Prop_lut6_I5_O)        0.105     8.192 r  bd_0_i/hls_inst/inst/grp_fft_serial_Pipeline_bfly_loop3_fu_314/mac_mulsub_16s_16s_32s_32_1_1_U39/fft_serial_mac_mulsub_16s_16s_32s_32_1_1_DSP48_2_U/ram_reg_i_137__0/O
                         net (fo=1, routed)           0.473     8.666    bd_0_i/hls_inst/inst/grp_fft_serial_Pipeline_bfly_loop13_fu_424/mac_mulsub_16s_16s_32s_32_1_1_U121/fft_serial_mac_mulsub_16s_16s_32s_32_1_1_DSP48_2_U/ram_reg_27
    SLICE_X43Y107        LUT6 (Prop_lut6_I2_O)        0.105     8.771 r  bd_0_i/hls_inst/inst/grp_fft_serial_Pipeline_bfly_loop13_fu_424/mac_mulsub_16s_16s_32s_32_1_1_U121/fft_serial_mac_mulsub_16s_16s_32s_32_1_1_DSP48_2_U/ram_reg_i_21__0/O
                         net (fo=2, routed)           0.700     9.471    bd_0_i/hls_inst/inst/re_1_U/DIADI[15]
    RAMB18_X2Y44         RAMB18E1                                     r  bd_0_i/hls_inst/inst/re_1_U/ram_reg/DIADI[15]
  -------------------------------------------------------------------    -------------------

                         (clock ap_clk rise edge)    10.000    10.000 r  
                                                      0.000    10.000 r  ap_clk (IN)
                         net (fo=5310, unset)         0.748    10.748    bd_0_i/hls_inst/inst/re_1_U/ap_clk
    RAMB18_X2Y44         RAMB18E1                                     r  bd_0_i/hls_inst/inst/re_1_U/ram_reg/CLKARDCLK
                         clock pessimism              0.000    10.748    
                         clock uncertainty           -0.035    10.712    
    RAMB18_X2Y44         RAMB18E1 (Setup_ramb18e1_CLKARDCLK_DIADI[15])
                                                     -0.214    10.498    bd_0_i/hls_inst/inst/re_1_U/ram_reg
  -------------------------------------------------------------------
                         required time                         10.498    
                         arrival time                          -9.471    
  -------------------------------------------------------------------
                         slack                                  1.027    

Slack (MET) :             1.048ns  (required time - arrival time)
  Source:                 bd_0_i/hls_inst/inst/grp_fft_serial_Pipeline_bfly_loop5_fu_336/mac_muladd_16s_16s_32s_32_1_1_U58/fft_serial_mac_muladd_16s_16s_32s_32_1_1_DSP48_3_U/p/CLK
                            (rising edge-triggered cell DSP48E1 clocked by ap_clk  {rise@0.000ns fall@5.000ns period=10.000ns})
  Destination:            bd_0_i/hls_inst/inst/im_U/ram_reg/DIADI[6]
                            (rising edge-triggered cell RAMB18E1 clocked by ap_clk  {rise@0.000ns fall@5.000ns period=10.000ns})
  Path Group:             ap_clk
  Path Type:              Setup (Max at Slow Process Corner)
  Requirement:            10.000ns  (ap_clk rise@10.000ns - ap_clk rise@0.000ns)
  Data Path Delay:        8.664ns  (logic 4.414ns (50.949%)  route 4.250ns (49.051%))
  Logic Levels:           5  (CARRY4=1 LUT2=1 LUT5=1 LUT6=2)
  Clock Path Skew:        -0.039ns (DCD - SCD + CPR)
    Destination Clock Delay (DCD):    0.748ns = ( 10.748 - 10.000 ) 
    Source Clock Delay      (SCD):    0.787ns
    Clock Pessimism Removal (CPR):    0.000ns
  Clock Uncertainty:      0.035ns  ((TSJ^2 + TIJ^2)^1/2 + DJ) / 2 + PE
    Total System Jitter     (TSJ):    0.071ns
    Total Input Jitter      (TIJ):    0.000ns
    Discrete Jitter          (DJ):    0.000ns
    Phase Error              (PE):    0.000ns

    Location             Delay type                Incr(ns)  Path(ns)    Netlist Resource(s)
  -------------------------------------------------------------------    -------------------
                         (clock ap_clk rise edge)     0.000     0.000 r  
                                                      0.000     0.000 r  ap_clk (IN)
                         net (fo=5310, unset)         0.787     0.787    bd_0_i/hls_inst/inst/grp_fft_serial_Pipeline_bfly_loop5_fu_336/mac_muladd_16s_16s_32s_32_1_1_U58/fft_serial_mac_muladd_16s_16s_32s_32_1_1_DSP48_3_U/ap_clk
    DSP48_X0Y37          DSP48E1                                      r  bd_0_i/hls_inst/inst/grp_fft_serial_Pipeline_bfly_loop5_fu_336/mac_muladd_16s_16s_32s_32_1_1_U58/fft_serial_mac_muladd_16s_16s_32s_32_1_1_DSP48_3_U/p/CLK
  -------------------------------------------------------------------    -------------------
    DSP48_X0Y37          DSP48E1 (Prop_dsp48e1_CLK_P[20])
                                                      3.375     4.162 r  bd_0_i/hls_inst/inst/grp_fft_serial_Pipeline_bfly_loop5_fu_336/mac_muladd_16s_16s_32s_32_1_1_U58/fft_serial_mac_muladd_16s_16s_32s_32_1_1_DSP48_3_U/p/P[20]
                         net (fo=3, routed)           1.219     5.381    bd_0_i/hls_inst/inst/grp_fft_serial_Pipeline_bfly_loop5_fu_336/mac_muladd_16s_16s_32s_32_1_1_U58/fft_serial_mac_muladd_16s_16s_32s_32_1_1_DSP48_3_U/wb_im_s_fu_875_p4[5]
    SLICE_X18Y108        LUT2 (Prop_lut2_I0_O)        0.105     5.486 r  bd_0_i/hls_inst/inst/grp_fft_serial_Pipeline_bfly_loop5_fu_336/mac_muladd_16s_16s_32s_32_1_1_U58/fft_serial_mac_muladd_16s_16s_32s_32_1_1_DSP48_3_U/ram_reg_i_628__0/O
                         net (fo=1, routed)           0.000     5.486    bd_0_i/hls_inst/inst/grp_fft_serial_Pipeline_bfly_loop5_fu_336/mac_muladd_16s_16s_32s_32_1_1_U58/fft_serial_mac_muladd_16s_16s_32s_32_1_1_DSP48_3_U/ram_reg_i_628__0_n_7
    SLICE_X18Y108        CARRY4 (Prop_carry4_S[1]_O[2])
                                                      0.480     5.966 r  bd_0_i/hls_inst/inst/grp_fft_serial_Pipeline_bfly_loop5_fu_336/mac_muladd_16s_16s_32s_32_1_1_U58/fft_serial_mac_muladd_16s_16s_32s_32_1_1_DSP48_3_U/ram_reg_i_486/O[2]
                         net (fo=1, routed)           0.573     6.538    bd_0_i/hls_inst/inst/grp_fft_serial_Pipeline_bfly_loop5_fu_336/mac_muladd_16s_16s_32s_32_1_1_U58/fft_serial_mac_muladd_16s_16s_32s_32_1_1_DSP48_3_U/grp_fft_serial_Pipeline_bfly_loop5_fu_336_im_d1[6]
    SLICE_X21Y109        LUT5 (Prop_lut5_I1_O)        0.244     6.782 f  bd_0_i/hls_inst/inst/grp_fft_serial_Pipeline_bfly_loop5_fu_336/mac_muladd_16s_16s_32s_32_1_1_U58/fft_serial_mac_muladd_16s_16s_32s_32_1_1_DSP48_3_U/ram_reg_i_316__0/O
                         net (fo=1, routed)           1.037     7.819    bd_0_i/hls_inst/inst/grp_fft_serial_Pipeline_bfly_loop3_fu_314/mac_muladd_16s_16s_32s_32_1_1_U40/fft_serial_mac_muladd_16s_16s_32s_32_1_1_DSP48_3_U/ram_reg_11
    SLICE_X38Y123        LUT6 (Prop_lut6_I5_O)        0.105     7.924 r  bd_0_i/hls_inst/inst/grp_fft_serial_Pipeline_bfly_loop3_fu_314/mac_muladd_16s_16s_32s_32_1_1_U40/fft_serial_mac_muladd_16s_16s_32s_32_1_1_DSP48_3_U/ram_reg_i_134__0/O
                         net (fo=1, routed)           0.504     8.428    bd_0_i/hls_inst/inst/grp_fft_serial_Pipeline_bfly_loop11_fu_402/mac_muladd_16s_16s_32s_32_1_1_U106/fft_serial_mac_muladd_16s_16s_32s_32_1_1_DSP48_3_U/ram_reg_2
    SLICE_X38Y116        LUT6 (Prop_lut6_I1_O)        0.105     8.533 r  bd_0_i/hls_inst/inst/grp_fft_serial_Pipeline_bfly_loop11_fu_402/mac_muladd_16s_16s_32s_32_1_1_U106/fft_serial_mac_muladd_16s_16s_32s_32_1_1_DSP48_3_U/ram_reg_i_30/O
                         net (fo=2, routed)           0.917     9.451    bd_0_i/hls_inst/inst/im_U/DIADI[6]
    RAMB18_X1Y47         RAMB18E1                                     r  bd_0_i/hls_inst/inst/im_U/ram_reg/DIADI[6]
  -------------------------------------------------------------------    -------------------

                         (clock ap_clk rise edge)    10.000    10.000 r  
                                                      0.000    10.000 r  ap_clk (IN)
                         net (fo=5310, unset)         0.748    10.748    bd_0_i/hls_inst/inst/im_U/ap_clk
    RAMB18_X1Y47         RAMB18E1                                     r  bd_0_i/hls_inst/inst/im_U/ram_reg/CLKARDCLK
                         clock pessimism              0.000    10.748    
                         clock uncertainty           -0.035    10.712    
    RAMB18_X1Y47         RAMB18E1 (Setup_ramb18e1_CLKARDCLK_DIADI[6])
                                                     -0.214    10.498    bd_0_i/hls_inst/inst/im_U/ram_reg
  -------------------------------------------------------------------
                         required time                         10.498    
                         arrival time                          -9.451    
  -------------------------------------------------------------------
                         slack                                  1.048    

Slack (MET) :             1.083ns  (required time - arrival time)
  Source:                 bd_0_i/hls_inst/inst/grp_fft_serial_Pipeline_bfly_loop5_fu_336/mac_muladd_16s_16s_32s_32_1_1_U58/fft_serial_mac_muladd_16s_16s_32s_32_1_1_DSP48_3_U/p/CLK
                            (rising edge-triggered cell DSP48E1 clocked by ap_clk  {rise@0.000ns fall@5.000ns period=10.000ns})
  Destination:            bd_0_i/hls_inst/inst/im_1_U/ram_reg/DIADI[10]
                            (rising edge-triggered cell RAMB18E1 clocked by ap_clk  {rise@0.000ns fall@5.000ns period=10.000ns})
  Path Group:             ap_clk
  Path Type:              Setup (Max at Slow Process Corner)
  Requirement:            10.000ns  (ap_clk rise@10.000ns - ap_clk rise@0.000ns)
  Data Path Delay:        8.628ns  (logic 4.577ns (53.048%)  route 4.051ns (46.952%))
  Logic Levels:           6  (CARRY4=2 LUT2=1 LUT5=1 LUT6=2)
  Clock Path Skew:        -0.039ns (DCD - SCD + CPR)
    Destination Clock Delay (DCD):    0.748ns = ( 10.748 - 10.000 ) 
    Source Clock Delay      (SCD):    0.787ns
    Clock Pessimism Removal (CPR):    0.000ns
  Clock Uncertainty:      0.035ns  ((TSJ^2 + TIJ^2)^1/2 + DJ) / 2 + PE
    Total System Jitter     (TSJ):    0.071ns
    Total Input Jitter      (TIJ):    0.000ns
    Discrete Jitter          (DJ):    0.000ns
    Phase Error              (PE):    0.000ns

    Location             Delay type                Incr(ns)  Path(ns)    Netlist Resource(s)
  -------------------------------------------------------------------    -------------------
                         (clock ap_clk rise edge)     0.000     0.000 r  
                                                      0.000     0.000 r  ap_clk (IN)
                         net (fo=5310, unset)         0.787     0.787    bd_0_i/hls_inst/inst/grp_fft_serial_Pipeline_bfly_loop5_fu_336/mac_muladd_16s_16s_32s_32_1_1_U58/fft_serial_mac_muladd_16s_16s_32s_32_1_1_DSP48_3_U/ap_clk
    DSP48_X0Y37          DSP48E1                                      r  bd_0_i/hls_inst/inst/grp_fft_serial_Pipeline_bfly_loop5_fu_336/mac_muladd_16s_16s_32s_32_1_1_U58/fft_serial_mac_muladd_16s_16s_32s_32_1_1_DSP48_3_U/p/CLK
  -------------------------------------------------------------------    -------------------
    DSP48_X0Y37          DSP48E1 (Prop_dsp48e1_CLK_P[20])
                                                      3.375     4.162 r  bd_0_i/hls_inst/inst/grp_fft_serial_Pipeline_bfly_loop5_fu_336/mac_muladd_16s_16s_32s_32_1_1_U58/fft_serial_mac_muladd_16s_16s_32s_32_1_1_DSP48_3_U/p/P[20]
                         net (fo=3, routed)           1.219     5.381    bd_0_i/hls_inst/inst/grp_fft_serial_Pipeline_bfly_loop5_fu_336/mac_muladd_16s_16s_32s_32_1_1_U58/fft_serial_mac_muladd_16s_16s_32s_32_1_1_DSP48_3_U/wb_im_s_fu_875_p4[5]
    SLICE_X18Y108        LUT2 (Prop_lut2_I0_O)        0.105     5.486 r  bd_0_i/hls_inst/inst/grp_fft_serial_Pipeline_bfly_loop5_fu_336/mac_muladd_16s_16s_32s_32_1_1_U58/fft_serial_mac_muladd_16s_16s_32s_32_1_1_DSP48_3_U/ram_reg_i_628__0/O
                         net (fo=1, routed)           0.000     5.486    bd_0_i/hls_inst/inst/grp_fft_serial_Pipeline_bfly_loop5_fu_336/mac_muladd_16s_16s_32s_32_1_1_U58/fft_serial_mac_muladd_16s_16s_32s_32_1_1_DSP48_3_U/ram_reg_i_628__0_n_7
    SLICE_X18Y108        CARRY4 (Prop_carry4_S[1]_CO[3])
                                                      0.444     5.930 r  bd_0_i/hls_inst/inst/grp_fft_serial_Pipeline_bfly_loop5_fu_336/mac_muladd_16s_16s_32s_32_1_1_U58/fft_serial_mac_muladd_16s_16s_32s_32_1_1_DSP48_3_U/ram_reg_i_486/CO[3]
                         net (fo=1, routed)           0.000     5.930    bd_0_i/hls_inst/inst/grp_fft_serial_Pipeline_bfly_loop5_fu_336/mac_muladd_16s_16s_32s_32_1_1_U58/fft_serial_mac_muladd_16s_16s_32s_32_1_1_DSP48_3_U/ram_reg_i_486_n_7
    SLICE_X18Y109        CARRY4 (Prop_carry4_CI_O[2])
                                                      0.199     6.129 r  bd_0_i/hls_inst/inst/grp_fft_serial_Pipeline_bfly_loop5_fu_336/mac_muladd_16s_16s_32s_32_1_1_U58/fft_serial_mac_muladd_16s_16s_32s_32_1_1_DSP48_3_U/ram_reg_i_304/O[2]
                         net (fo=1, routed)           0.511     6.639    bd_0_i/hls_inst/inst/grp_fft_serial_Pipeline_bfly_loop5_fu_336/mac_muladd_16s_16s_32s_32_1_1_U58/fft_serial_mac_muladd_16s_16s_32s_32_1_1_DSP48_3_U/grp_fft_serial_Pipeline_bfly_loop5_fu_336_im_d1[10]
    SLICE_X22Y111        LUT5 (Prop_lut5_I1_O)        0.244     6.883 f  bd_0_i/hls_inst/inst/grp_fft_serial_Pipeline_bfly_loop5_fu_336/mac_muladd_16s_16s_32s_32_1_1_U58/fft_serial_mac_muladd_16s_16s_32s_32_1_1_DSP48_3_U/ram_reg_i_297__0/O
                         net (fo=1, routed)           1.118     8.002    bd_0_i/hls_inst/inst/grp_fft_serial_Pipeline_bfly_loop3_fu_314/mac_muladd_16s_16s_32s_32_1_1_U40/fft_serial_mac_muladd_16s_16s_32s_32_1_1_DSP48_3_U/ram_reg_14
    SLICE_X38Y123        LUT6 (Prop_lut6_I5_O)        0.105     8.107 f  bd_0_i/hls_inst/inst/grp_fft_serial_Pipeline_bfly_loop3_fu_314/mac_muladd_16s_16s_32s_32_1_1_U40/fft_serial_mac_muladd_16s_16s_32s_32_1_1_DSP48_3_U/ram_reg_i_119__0/O
                         net (fo=1, routed)           0.509     8.616    bd_0_i/hls_inst/inst/grp_fft_serial_Pipeline_bfly_loop3_fu_314/mac_muladd_16s_16s_32s_32_1_1_U40/fft_serial_mac_muladd_16s_16s_32s_32_1_1_DSP48_3_U/ram_reg_i_119__0_n_7
    SLICE_X38Y117        LUT6 (Prop_lut6_I0_O)        0.105     8.721 r  bd_0_i/hls_inst/inst/grp_fft_serial_Pipeline_bfly_loop3_fu_314/mac_muladd_16s_16s_32s_32_1_1_U40/fft_serial_mac_muladd_16s_16s_32s_32_1_1_DSP48_3_U/ram_reg_i_26/O
                         net (fo=2, routed)           0.694     9.415    bd_0_i/hls_inst/inst/im_1_U/DIADI[10]
    RAMB18_X1Y46         RAMB18E1                                     r  bd_0_i/hls_inst/inst/im_1_U/ram_reg/DIADI[10]
  -------------------------------------------------------------------    -------------------

                         (clock ap_clk rise edge)    10.000    10.000 r  
                                                      0.000    10.000 r  ap_clk (IN)
                         net (fo=5310, unset)         0.748    10.748    bd_0_i/hls_inst/inst/im_1_U/ap_clk
    RAMB18_X1Y46         RAMB18E1                                     r  bd_0_i/hls_inst/inst/im_1_U/ram_reg/CLKARDCLK
                         clock pessimism              0.000    10.748    
                         clock uncertainty           -0.035    10.712    
    RAMB18_X1Y46         RAMB18E1 (Setup_ramb18e1_CLKARDCLK_DIADI[10])
                                                     -0.214    10.498    bd_0_i/hls_inst/inst/im_1_U/ram_reg
  -------------------------------------------------------------------
                         required time                         10.498    
                         arrival time                          -9.415    
  -------------------------------------------------------------------
                         slack                                  1.083    

Slack (MET) :             1.098ns  (required time - arrival time)
  Source:                 bd_0_i/hls_inst/inst/grp_fft_serial_Pipeline_bfly_loop5_fu_336/mac_muladd_16s_16s_32s_32_1_1_U58/fft_serial_mac_muladd_16s_16s_32s_32_1_1_DSP48_3_U/p/CLK
                            (rising edge-triggered cell DSP48E1 clocked by ap_clk  {rise@0.000ns fall@5.000ns period=10.000ns})
  Destination:            bd_0_i/hls_inst/inst/im_U/ram_reg/DIADI[11]
                            (rising edge-triggered cell RAMB18E1 clocked by ap_clk  {rise@0.000ns fall@5.000ns period=10.000ns})
  Path Group:             ap_clk
  Path Type:              Setup (Max at Slow Process Corner)
  Requirement:            10.000ns  (ap_clk rise@10.000ns - ap_clk rise@0.000ns)
  Data Path Delay:        8.614ns  (logic 4.646ns (53.938%)  route 3.968ns (46.062%))
  Logic Levels:           6  (CARRY4=2 LUT2=1 LUT5=1 LUT6=2)
  Clock Path Skew:        -0.039ns (DCD - SCD + CPR)
    Destination Clock Delay (DCD):    0.748ns = ( 10.748 - 10.000 ) 
    Source Clock Delay      (SCD):    0.787ns
    Clock Pessimism Removal (CPR):    0.000ns
  Clock Uncertainty:      0.035ns  ((TSJ^2 + TIJ^2)^1/2 + DJ) / 2 + PE
    Total System Jitter     (TSJ):    0.071ns
    Total Input Jitter      (TIJ):    0.000ns
    Discrete Jitter          (DJ):    0.000ns
    Phase Error              (PE):    0.000ns

    Location             Delay type                Incr(ns)  Path(ns)    Netlist Resource(s)
  -------------------------------------------------------------------    -------------------
                         (clock ap_clk rise edge)     0.000     0.000 r  
                                                      0.000     0.000 r  ap_clk (IN)
                         net (fo=5310, unset)         0.787     0.787    bd_0_i/hls_inst/inst/grp_fft_serial_Pipeline_bfly_loop5_fu_336/mac_muladd_16s_16s_32s_32_1_1_U58/fft_serial_mac_muladd_16s_16s_32s_32_1_1_DSP48_3_U/ap_clk
    DSP48_X0Y37          DSP48E1                                      r  bd_0_i/hls_inst/inst/grp_fft_serial_Pipeline_bfly_loop5_fu_336/mac_muladd_16s_16s_32s_32_1_1_U58/fft_serial_mac_muladd_16s_16s_32s_32_1_1_DSP48_3_U/p/CLK
  -------------------------------------------------------------------    -------------------
    DSP48_X0Y37          DSP48E1 (Prop_dsp48e1_CLK_P[20])
                                                      3.375     4.162 r  bd_0_i/hls_inst/inst/grp_fft_serial_Pipeline_bfly_loop5_fu_336/mac_muladd_16s_16s_32s_32_1_1_U58/fft_serial_mac_muladd_16s_16s_32s_32_1_1_DSP48_3_U/p/P[20]
                         net (fo=3, routed)           1.219     5.381    bd_0_i/hls_inst/inst/grp_fft_serial_Pipeline_bfly_loop5_fu_336/mac_muladd_16s_16s_32s_32_1_1_U58/fft_serial_mac_muladd_16s_16s_32s_32_1_1_DSP48_3_U/wb_im_s_fu_875_p4[5]
    SLICE_X18Y108        LUT2 (Prop_lut2_I0_O)        0.105     5.486 r  bd_0_i/hls_inst/inst/grp_fft_serial_Pipeline_bfly_loop5_fu_336/mac_muladd_16s_16s_32s_32_1_1_U58/fft_serial_mac_muladd_16s_16s_32s_32_1_1_DSP48_3_U/ram_reg_i_628__0/O
                         net (fo=1, routed)           0.000     5.486    bd_0_i/hls_inst/inst/grp_fft_serial_Pipeline_bfly_loop5_fu_336/mac_muladd_16s_16s_32s_32_1_1_U58/fft_serial_mac_muladd_16s_16s_32s_32_1_1_DSP48_3_U/ram_reg_i_628__0_n_7
    SLICE_X18Y108        CARRY4 (Prop_carry4_S[1]_CO[3])
                                                      0.444     5.930 r  bd_0_i/hls_inst/inst/grp_fft_serial_Pipeline_bfly_loop5_fu_336/mac_muladd_16s_16s_32s_32_1_1_U58/fft_serial_mac_muladd_16s_16s_32s_32_1_1_DSP48_3_U/ram_reg_i_486/CO[3]
                         net (fo=1, routed)           0.000     5.930    bd_0_i/hls_inst/inst/grp_fft_serial_Pipeline_bfly_loop5_fu_336/mac_muladd_16s_16s_32s_32_1_1_U58/fft_serial_mac_muladd_16s_16s_32s_32_1_1_DSP48_3_U/ram_reg_i_486_n_7
    SLICE_X18Y109        CARRY4 (Prop_carry4_CI_O[3])
                                                      0.262     6.192 r  bd_0_i/hls_inst/inst/grp_fft_serial_Pipeline_bfly_loop5_fu_336/mac_muladd_16s_16s_32s_32_1_1_U58/fft_serial_mac_muladd_16s_16s_32s_32_1_1_DSP48_3_U/ram_reg_i_304/O[3]
                         net (fo=1, routed)           0.501     6.693    bd_0_i/hls_inst/inst/grp_fft_serial_Pipeline_bfly_loop5_fu_336/mac_muladd_16s_16s_32s_32_1_1_U58/fft_serial_mac_muladd_16s_16s_32s_32_1_1_DSP48_3_U/grp_fft_serial_Pipeline_bfly_loop5_fu_336_im_d1[11]
    SLICE_X23Y111        LUT5 (Prop_lut5_I1_O)        0.250     6.943 f  bd_0_i/hls_inst/inst/grp_fft_serial_Pipeline_bfly_loop5_fu_336/mac_muladd_16s_16s_32s_32_1_1_U58/fft_serial_mac_muladd_16s_16s_32s_32_1_1_DSP48_3_U/ram_reg_i_292__0/O
                         net (fo=1, routed)           1.017     7.960    bd_0_i/hls_inst/inst/grp_fft_serial_Pipeline_bfly_loop3_fu_314/mac_muladd_16s_16s_32s_32_1_1_U40/fft_serial_mac_muladd_16s_16s_32s_32_1_1_DSP48_3_U/ram_reg_15
    SLICE_X40Y120        LUT6 (Prop_lut6_I5_O)        0.105     8.065 r  bd_0_i/hls_inst/inst/grp_fft_serial_Pipeline_bfly_loop3_fu_314/mac_muladd_16s_16s_32s_32_1_1_U40/fft_serial_mac_muladd_16s_16s_32s_32_1_1_DSP48_3_U/ram_reg_i_117__0/O
                         net (fo=1, routed)           0.411     8.476    bd_0_i/hls_inst/inst/grp_fft_serial_Pipeline_bfly_loop13_fu_424/mac_muladd_16s_16s_32s_32_1_1_U122/fft_serial_mac_muladd_16s_16s_32s_32_1_1_DSP48_3_U/ram_reg_21
    SLICE_X38Y116        LUT6 (Prop_lut6_I2_O)        0.105     8.581 r  bd_0_i/hls_inst/inst/grp_fft_serial_Pipeline_bfly_loop13_fu_424/mac_muladd_16s_16s_32s_32_1_1_U122/fft_serial_mac_muladd_16s_16s_32s_32_1_1_DSP48_3_U/ram_reg_i_25/O
                         net (fo=2, routed)           0.820     9.401    bd_0_i/hls_inst/inst/im_U/DIADI[11]
    RAMB18_X1Y47         RAMB18E1                                     r  bd_0_i/hls_inst/inst/im_U/ram_reg/DIADI[11]
  -------------------------------------------------------------------    -------------------

                         (clock ap_clk rise edge)    10.000    10.000 r  
                                                      0.000    10.000 r  ap_clk (IN)
                         net (fo=5310, unset)         0.748    10.748    bd_0_i/hls_inst/inst/im_U/ap_clk
    RAMB18_X1Y47         RAMB18E1                                     r  bd_0_i/hls_inst/inst/im_U/ram_reg/CLKARDCLK
                         clock pessimism              0.000    10.748    
                         clock uncertainty           -0.035    10.712    
    RAMB18_X1Y47         RAMB18E1 (Setup_ramb18e1_CLKARDCLK_DIADI[11])
                                                     -0.214    10.498    bd_0_i/hls_inst/inst/im_U/ram_reg
  -------------------------------------------------------------------
                         required time                         10.498    
                         arrival time                          -9.401    
  -------------------------------------------------------------------
                         slack                                  1.098    

Slack (MET) :             1.100ns  (required time - arrival time)
  Source:                 bd_0_i/hls_inst/inst/grp_fft_serial_Pipeline_bfly_loop5_fu_336/mac_muladd_16s_16s_32s_32_1_1_U58/fft_serial_mac_muladd_16s_16s_32s_32_1_1_DSP48_3_U/p/CLK
                            (rising edge-triggered cell DSP48E1 clocked by ap_clk  {rise@0.000ns fall@5.000ns period=10.000ns})
  Destination:            bd_0_i/hls_inst/inst/im_U/ram_reg/DIADI[13]
                            (rising edge-triggered cell RAMB18E1 clocked by ap_clk  {rise@0.000ns fall@5.000ns period=10.000ns})
  Path Group:             ap_clk
  Path Type:              Setup (Max at Slow Process Corner)
  Requirement:            10.000ns  (ap_clk rise@10.000ns - ap_clk rise@0.000ns)
  Data Path Delay:        8.611ns  (logic 4.736ns (54.999%)  route 3.875ns (45.001%))
  Logic Levels:           7  (CARRY4=3 LUT2=1 LUT5=1 LUT6=2)
  Clock Path Skew:        -0.039ns (DCD - SCD + CPR)
    Destination Clock Delay (DCD):    0.748ns = ( 10.748 - 10.000 ) 
    Source Clock Delay      (SCD):    0.787ns
    Clock Pessimism Removal (CPR):    0.000ns
  Clock Uncertainty:      0.035ns  ((TSJ^2 + TIJ^2)^1/2 + DJ) / 2 + PE
    Total System Jitter     (TSJ):    0.071ns
    Total Input Jitter      (TIJ):    0.000ns
    Discrete Jitter          (DJ):    0.000ns
    Phase Error              (PE):    0.000ns

    Location             Delay type                Incr(ns)  Path(ns)    Netlist Resource(s)
  -------------------------------------------------------------------    -------------------
                         (clock ap_clk rise edge)     0.000     0.000 r  
                                                      0.000     0.000 r  ap_clk (IN)
                         net (fo=5310, unset)         0.787     0.787    bd_0_i/hls_inst/inst/grp_fft_serial_Pipeline_bfly_loop5_fu_336/mac_muladd_16s_16s_32s_32_1_1_U58/fft_serial_mac_muladd_16s_16s_32s_32_1_1_DSP48_3_U/ap_clk
    DSP48_X0Y37          DSP48E1                                      r  bd_0_i/hls_inst/inst/grp_fft_serial_Pipeline_bfly_loop5_fu_336/mac_muladd_16s_16s_32s_32_1_1_U58/fft_serial_mac_muladd_16s_16s_32s_32_1_1_DSP48_3_U/p/CLK
  -------------------------------------------------------------------    -------------------
    DSP48_X0Y37          DSP48E1 (Prop_dsp48e1_CLK_P[20])
                                                      3.375     4.162 r  bd_0_i/hls_inst/inst/grp_fft_serial_Pipeline_bfly_loop5_fu_336/mac_muladd_16s_16s_32s_32_1_1_U58/fft_serial_mac_muladd_16s_16s_32s_32_1_1_DSP48_3_U/p/P[20]
                         net (fo=3, routed)           1.219     5.381    bd_0_i/hls_inst/inst/grp_fft_serial_Pipeline_bfly_loop5_fu_336/mac_muladd_16s_16s_32s_32_1_1_U58/fft_serial_mac_muladd_16s_16s_32s_32_1_1_DSP48_3_U/wb_im_s_fu_875_p4[5]
    SLICE_X18Y108        LUT2 (Prop_lut2_I0_O)        0.105     5.486 r  bd_0_i/hls_inst/inst/grp_fft_serial_Pipeline_bfly_loop5_fu_336/mac_muladd_16s_16s_32s_32_1_1_U58/fft_serial_mac_muladd_16s_16s_32s_32_1_1_DSP48_3_U/ram_reg_i_628__0/O
                         net (fo=1, routed)           0.000     5.486    bd_0_i/hls_inst/inst/grp_fft_serial_Pipeline_bfly_loop5_fu_336/mac_muladd_16s_16s_32s_32_1_1_U58/fft_serial_mac_muladd_16s_16s_32s_32_1_1_DSP48_3_U/ram_reg_i_628__0_n_7
    SLICE_X18Y108        CARRY4 (Prop_carry4_S[1]_CO[3])
                                                      0.444     5.930 r  bd_0_i/hls_inst/inst/grp_fft_serial_Pipeline_bfly_loop5_fu_336/mac_muladd_16s_16s_32s_32_1_1_U58/fft_serial_mac_muladd_16s_16s_32s_32_1_1_DSP48_3_U/ram_reg_i_486/CO[3]
                         net (fo=1, routed)           0.000     5.930    bd_0_i/hls_inst/inst/grp_fft_serial_Pipeline_bfly_loop5_fu_336/mac_muladd_16s_16s_32s_32_1_1_U58/fft_serial_mac_muladd_16s_16s_32s_32_1_1_DSP48_3_U/ram_reg_i_486_n_7
    SLICE_X18Y109        CARRY4 (Prop_carry4_CI_CO[3])
                                                      0.100     6.030 r  bd_0_i/hls_inst/inst/grp_fft_serial_Pipeline_bfly_loop5_fu_336/mac_muladd_16s_16s_32s_32_1_1_U58/fft_serial_mac_muladd_16s_16s_32s_32_1_1_DSP48_3_U/ram_reg_i_304/CO[3]
                         net (fo=1, routed)           0.000     6.030    bd_0_i/hls_inst/inst/grp_fft_serial_Pipeline_bfly_loop5_fu_336/mac_muladd_16s_16s_32s_32_1_1_U58/fft_serial_mac_muladd_16s_16s_32s_32_1_1_DSP48_3_U/ram_reg_i_304_n_7
    SLICE_X18Y110        CARRY4 (Prop_carry4_CI_O[1])
                                                      0.257     6.287 r  bd_0_i/hls_inst/inst/grp_fft_serial_Pipeline_bfly_loop5_fu_336/mac_muladd_16s_16s_32s_32_1_1_U58/fft_serial_mac_muladd_16s_16s_32s_32_1_1_DSP48_3_U/ram_reg_i_464/O[1]
                         net (fo=1, routed)           0.460     6.747    bd_0_i/hls_inst/inst/grp_fft_serial_Pipeline_bfly_loop5_fu_336/mac_muladd_16s_16s_32s_32_1_1_U58/fft_serial_mac_muladd_16s_16s_32s_32_1_1_DSP48_3_U/grp_fft_serial_Pipeline_bfly_loop5_fu_336_im_d1[13]
    SLICE_X23Y111        LUT5 (Prop_lut5_I1_O)        0.245     6.992 f  bd_0_i/hls_inst/inst/grp_fft_serial_Pipeline_bfly_loop5_fu_336/mac_muladd_16s_16s_32s_32_1_1_U58/fft_serial_mac_muladd_16s_16s_32s_32_1_1_DSP48_3_U/ram_reg_i_286__0/O
                         net (fo=1, routed)           0.992     7.984    bd_0_i/hls_inst/inst/grp_fft_serial_Pipeline_bfly_loop3_fu_314/mac_muladd_16s_16s_32s_32_1_1_U40/fft_serial_mac_muladd_16s_16s_32s_32_1_1_DSP48_3_U/ram_reg_17
    SLICE_X38Y123        LUT6 (Prop_lut6_I5_O)        0.105     8.089 r  bd_0_i/hls_inst/inst/grp_fft_serial_Pipeline_bfly_loop3_fu_314/mac_muladd_16s_16s_32s_32_1_1_U40/fft_serial_mac_muladd_16s_16s_32s_32_1_1_DSP48_3_U/ram_reg_i_111__0/O
                         net (fo=1, routed)           0.494     8.583    bd_0_i/hls_inst/inst/grp_fft_serial_Pipeline_bfly_loop13_fu_424/mac_muladd_16s_16s_32s_32_1_1_U122/fft_serial_mac_muladd_16s_16s_32s_32_1_1_DSP48_3_U/ram_reg_23
    SLICE_X37Y118        LUT6 (Prop_lut6_I2_O)        0.105     8.688 r  bd_0_i/hls_inst/inst/grp_fft_serial_Pipeline_bfly_loop13_fu_424/mac_muladd_16s_16s_32s_32_1_1_U122/fft_serial_mac_muladd_16s_16s_32s_32_1_1_DSP48_3_U/ram_reg_i_23/O
                         net (fo=2, routed)           0.710     9.398    bd_0_i/hls_inst/inst/im_U/DIADI[13]
    RAMB18_X1Y47         RAMB18E1                                     r  bd_0_i/hls_inst/inst/im_U/ram_reg/DIADI[13]
  -------------------------------------------------------------------    -------------------

                         (clock ap_clk rise edge)    10.000    10.000 r  
                                                      0.000    10.000 r  ap_clk (IN)
                         net (fo=5310, unset)         0.748    10.748    bd_0_i/hls_inst/inst/im_U/ap_clk
    RAMB18_X1Y47         RAMB18E1                                     r  bd_0_i/hls_inst/inst/im_U/ram_reg/CLKARDCLK
                         clock pessimism              0.000    10.748    
                         clock uncertainty           -0.035    10.712    
    RAMB18_X1Y47         RAMB18E1 (Setup_ramb18e1_CLKARDCLK_DIADI[13])
                                                     -0.214    10.498    bd_0_i/hls_inst/inst/im_U/ram_reg
  -------------------------------------------------------------------
                         required time                         10.498    
                         arrival time                          -9.398    
  -------------------------------------------------------------------
                         slack                                  1.100    

Slack (MET) :             1.101ns  (required time - arrival time)
  Source:                 bd_0_i/hls_inst/inst/grp_fft_serial_Pipeline_bfly_loop7_fu_358/mac_muladd_16s_16s_32s_32_1_1_U74/fft_serial_mac_muladd_16s_16s_32s_32_1_1_DSP48_3_U/p/CLK
                            (rising edge-triggered cell DSP48E1 clocked by ap_clk  {rise@0.000ns fall@5.000ns period=10.000ns})
  Destination:            bd_0_i/hls_inst/inst/im_1_U/ram_reg/DIADI[14]
                            (rising edge-triggered cell RAMB18E1 clocked by ap_clk  {rise@0.000ns fall@5.000ns period=10.000ns})
  Path Group:             ap_clk
  Path Type:              Setup (Max at Slow Process Corner)
  Requirement:            10.000ns  (ap_clk rise@10.000ns - ap_clk rise@0.000ns)
  Data Path Delay:        8.610ns  (logic 4.756ns (55.238%)  route 3.854ns (44.762%))
  Logic Levels:           8  (CARRY4=4 LUT2=1 LUT5=1 LUT6=2)
  Clock Path Skew:        -0.039ns (DCD - SCD + CPR)
    Destination Clock Delay (DCD):    0.748ns = ( 10.748 - 10.000 ) 
    Source Clock Delay      (SCD):    0.787ns
    Clock Pessimism Removal (CPR):    0.000ns
  Clock Uncertainty:      0.035ns  ((TSJ^2 + TIJ^2)^1/2 + DJ) / 2 + PE
    Total System Jitter     (TSJ):    0.071ns
    Total Input Jitter      (TIJ):    0.000ns
    Discrete Jitter          (DJ):    0.000ns
    Phase Error              (PE):    0.000ns

    Location             Delay type                Incr(ns)  Path(ns)    Netlist Resource(s)
  -------------------------------------------------------------------    -------------------
                         (clock ap_clk rise edge)     0.000     0.000 r  
                                                      0.000     0.000 r  ap_clk (IN)
                         net (fo=5310, unset)         0.787     0.787    bd_0_i/hls_inst/inst/grp_fft_serial_Pipeline_bfly_loop7_fu_358/mac_muladd_16s_16s_32s_32_1_1_U74/fft_serial_mac_muladd_16s_16s_32s_32_1_1_DSP48_3_U/ap_clk
    DSP48_X0Y39          DSP48E1                                      r  bd_0_i/hls_inst/inst/grp_fft_serial_Pipeline_bfly_loop7_fu_358/mac_muladd_16s_16s_32s_32_1_1_U74/fft_serial_mac_muladd_16s_16s_32s_32_1_1_DSP48_3_U/p/CLK
  -------------------------------------------------------------------    -------------------
    DSP48_X0Y39          DSP48E1 (Prop_dsp48e1_CLK_P[15])
                                                      3.375     4.162 r  bd_0_i/hls_inst/inst/grp_fft_serial_Pipeline_bfly_loop7_fu_358/mac_muladd_16s_16s_32s_32_1_1_U74/fft_serial_mac_muladd_16s_16s_32s_32_1_1_DSP48_3_U/p/P[15]
                         net (fo=3, routed)           1.140     5.302    bd_0_i/hls_inst/inst/grp_fft_serial_Pipeline_bfly_loop7_fu_358/mac_muladd_16s_16s_32s_32_1_1_U74/fft_serial_mac_muladd_16s_16s_32s_32_1_1_DSP48_3_U/wb_im_s_fu_893_p4[0]
    SLICE_X22Y106        LUT2 (Prop_lut2_I0_O)        0.105     5.407 r  bd_0_i/hls_inst/inst/grp_fft_serial_Pipeline_bfly_loop7_fu_358/mac_muladd_16s_16s_32s_32_1_1_U74/fft_serial_mac_muladd_16s_16s_32s_32_1_1_DSP48_3_U/ram_reg_i_641/O
                         net (fo=1, routed)           0.000     5.407    bd_0_i/hls_inst/inst/grp_fft_serial_Pipeline_bfly_loop7_fu_358/mac_muladd_16s_16s_32s_32_1_1_U74/fft_serial_mac_muladd_16s_16s_32s_32_1_1_DSP48_3_U/ram_reg_i_641_n_7
    SLICE_X22Y106        CARRY4 (Prop_carry4_S[0]_CO[3])
                                                      0.423     5.830 r  bd_0_i/hls_inst/inst/grp_fft_serial_Pipeline_bfly_loop7_fu_358/mac_muladd_16s_16s_32s_32_1_1_U74/fft_serial_mac_muladd_16s_16s_32s_32_1_1_DSP48_3_U/ram_reg_i_533/CO[3]
                         net (fo=1, routed)           0.000     5.830    bd_0_i/hls_inst/inst/grp_fft_serial_Pipeline_bfly_loop7_fu_358/mac_muladd_16s_16s_32s_32_1_1_U74/fft_serial_mac_muladd_16s_16s_32s_32_1_1_DSP48_3_U/ram_reg_i_533_n_7
    SLICE_X22Y107        CARRY4 (Prop_carry4_CI_CO[3])
                                                      0.100     5.930 r  bd_0_i/hls_inst/inst/grp_fft_serial_Pipeline_bfly_loop7_fu_358/mac_muladd_16s_16s_32s_32_1_1_U74/fft_serial_mac_muladd_16s_16s_32s_32_1_1_DSP48_3_U/ram_reg_i_491/CO[3]
                         net (fo=1, routed)           0.000     5.930    bd_0_i/hls_inst/inst/grp_fft_serial_Pipeline_bfly_loop7_fu_358/mac_muladd_16s_16s_32s_32_1_1_U74/fft_serial_mac_muladd_16s_16s_32s_32_1_1_DSP48_3_U/ram_reg_i_491_n_7
    SLICE_X22Y108        CARRY4 (Prop_carry4_CI_CO[3])
                                                      0.100     6.030 r  bd_0_i/hls_inst/inst/grp_fft_serial_Pipeline_bfly_loop7_fu_358/mac_muladd_16s_16s_32s_32_1_1_U74/fft_serial_mac_muladd_16s_16s_32s_32_1_1_DSP48_3_U/ram_reg_i_305/CO[3]
                         net (fo=1, routed)           0.000     6.030    bd_0_i/hls_inst/inst/grp_fft_serial_Pipeline_bfly_loop7_fu_358/mac_muladd_16s_16s_32s_32_1_1_U74/fft_serial_mac_muladd_16s_16s_32s_32_1_1_DSP48_3_U/ram_reg_i_305_n_7
    SLICE_X22Y109        CARRY4 (Prop_carry4_CI_O[2])
                                                      0.199     6.229 r  bd_0_i/hls_inst/inst/grp_fft_serial_Pipeline_bfly_loop7_fu_358/mac_muladd_16s_16s_32s_32_1_1_U74/fft_serial_mac_muladd_16s_16s_32s_32_1_1_DSP48_3_U/ram_reg_i_465/O[2]
                         net (fo=1, routed)           0.366     6.595    bd_0_i/hls_inst/inst/grp_fft_serial_Pipeline_bfly_loop5_fu_336/mac_muladd_16s_16s_32s_32_1_1_U58/fft_serial_mac_muladd_16s_16s_32s_32_1_1_DSP48_3_U/im_d1[14]
    SLICE_X21Y110        LUT5 (Prop_lut5_I3_O)        0.244     6.839 f  bd_0_i/hls_inst/inst/grp_fft_serial_Pipeline_bfly_loop5_fu_336/mac_muladd_16s_16s_32s_32_1_1_U58/fft_serial_mac_muladd_16s_16s_32s_32_1_1_DSP48_3_U/ram_reg_i_285__0/O
                         net (fo=1, routed)           1.116     7.955    bd_0_i/hls_inst/inst/grp_fft_serial_Pipeline_bfly_loop3_fu_314/mac_muladd_16s_16s_32s_32_1_1_U40/fft_serial_mac_muladd_16s_16s_32s_32_1_1_DSP48_3_U/ram_reg_18
    SLICE_X41Y122        LUT6 (Prop_lut6_I5_O)        0.105     8.060 r  bd_0_i/hls_inst/inst/grp_fft_serial_Pipeline_bfly_loop3_fu_314/mac_muladd_16s_16s_32s_32_1_1_U40/fft_serial_mac_muladd_16s_16s_32s_32_1_1_DSP48_3_U/ram_reg_i_107__1/O
                         net (fo=1, routed)           0.411     8.471    bd_0_i/hls_inst/inst/grp_fft_serial_Pipeline_bfly_loop11_fu_402/mac_muladd_16s_16s_32s_32_1_1_U106/fft_serial_mac_muladd_16s_16s_32s_32_1_1_DSP48_3_U/ram_reg_6
    SLICE_X38Y118        LUT6 (Prop_lut6_I1_O)        0.105     8.576 r  bd_0_i/hls_inst/inst/grp_fft_serial_Pipeline_bfly_loop11_fu_402/mac_muladd_16s_16s_32s_32_1_1_U106/fft_serial_mac_muladd_16s_16s_32s_32_1_1_DSP48_3_U/ram_reg_i_22/O
                         net (fo=2, routed)           0.821     9.397    bd_0_i/hls_inst/inst/im_1_U/DIADI[14]
    RAMB18_X1Y46         RAMB18E1                                     r  bd_0_i/hls_inst/inst/im_1_U/ram_reg/DIADI[14]
  -------------------------------------------------------------------    -------------------

                         (clock ap_clk rise edge)    10.000    10.000 r  
                                                      0.000    10.000 r  ap_clk (IN)
                         net (fo=5310, unset)         0.748    10.748    bd_0_i/hls_inst/inst/im_1_U/ap_clk
    RAMB18_X1Y46         RAMB18E1                                     r  bd_0_i/hls_inst/inst/im_1_U/ram_reg/CLKARDCLK
                         clock pessimism              0.000    10.748    
                         clock uncertainty           -0.035    10.712    
    RAMB18_X1Y46         RAMB18E1 (Setup_ramb18e1_CLKARDCLK_DIADI[14])
                                                     -0.214    10.498    bd_0_i/hls_inst/inst/im_1_U/ram_reg
  -------------------------------------------------------------------
                         required time                         10.498    
                         arrival time                          -9.397    
  -------------------------------------------------------------------
                         slack                                  1.101    

Slack (MET) :             1.117ns  (required time - arrival time)
  Source:                 bd_0_i/hls_inst/inst/grp_fft_serial_Pipeline_bfly_loop7_fu_358/mac_muladd_16s_16s_32s_32_1_1_U74/fft_serial_mac_muladd_16s_16s_32s_32_1_1_DSP48_3_U/p/CLK
                            (rising edge-triggered cell DSP48E1 clocked by ap_clk  {rise@0.000ns fall@5.000ns period=10.000ns})
  Destination:            bd_0_i/hls_inst/inst/im_U/ram_reg/DIBDI[11]
                            (rising edge-triggered cell RAMB18E1 clocked by ap_clk  {rise@0.000ns fall@5.000ns period=10.000ns})
  Path Group:             ap_clk
  Path Type:              Setup (Max at Slow Process Corner)
  Requirement:            10.000ns  (ap_clk rise@10.000ns - ap_clk rise@0.000ns)
  Data Path Delay:        8.595ns  (logic 4.983ns (57.977%)  route 3.612ns (42.023%))
  Logic Levels:           7  (CARRY4=3 LUT2=1 LUT6=2 MUXF7=1)
  Clock Path Skew:        -0.039ns (DCD - SCD + CPR)
    Destination Clock Delay (DCD):    0.748ns = ( 10.748 - 10.000 ) 
    Source Clock Delay      (SCD):    0.787ns
    Clock Pessimism Removal (CPR):    0.000ns
  Clock Uncertainty:      0.035ns  ((TSJ^2 + TIJ^2)^1/2 + DJ) / 2 + PE
    Total System Jitter     (TSJ):    0.071ns
    Total Input Jitter      (TIJ):    0.000ns
    Discrete Jitter          (DJ):    0.000ns
    Phase Error              (PE):    0.000ns

    Location             Delay type                Incr(ns)  Path(ns)    Netlist Resource(s)
  -------------------------------------------------------------------    -------------------
                         (clock ap_clk rise edge)     0.000     0.000 r  
                                                      0.000     0.000 r  ap_clk (IN)
                         net (fo=5310, unset)         0.787     0.787    bd_0_i/hls_inst/inst/grp_fft_serial_Pipeline_bfly_loop7_fu_358/mac_muladd_16s_16s_32s_32_1_1_U74/fft_serial_mac_muladd_16s_16s_32s_32_1_1_DSP48_3_U/ap_clk
    DSP48_X0Y39          DSP48E1                                      r  bd_0_i/hls_inst/inst/grp_fft_serial_Pipeline_bfly_loop7_fu_358/mac_muladd_16s_16s_32s_32_1_1_U74/fft_serial_mac_muladd_16s_16s_32s_32_1_1_DSP48_3_U/p/CLK
  -------------------------------------------------------------------    -------------------
    DSP48_X0Y39          DSP48E1 (Prop_dsp48e1_CLK_P[15])
                                                      3.375     4.162 r  bd_0_i/hls_inst/inst/grp_fft_serial_Pipeline_bfly_loop7_fu_358/mac_muladd_16s_16s_32s_32_1_1_U74/fft_serial_mac_muladd_16s_16s_32s_32_1_1_DSP48_3_U/p/P[15]
                         net (fo=3, routed)           1.079     5.241    bd_0_i/hls_inst/inst/grp_fft_serial_Pipeline_bfly_loop7_fu_358/mac_muladd_16s_16s_32s_32_1_1_U74/fft_serial_mac_muladd_16s_16s_32s_32_1_1_DSP48_3_U/wb_im_s_fu_893_p4[0]
    SLICE_X23Y106        LUT2 (Prop_lut2_I1_O)        0.105     5.346 r  bd_0_i/hls_inst/inst/grp_fft_serial_Pipeline_bfly_loop7_fu_358/mac_muladd_16s_16s_32s_32_1_1_U74/fft_serial_mac_muladd_16s_16s_32s_32_1_1_DSP48_3_U/ram_reg_i_725__0/O
                         net (fo=1, routed)           0.000     5.346    bd_0_i/hls_inst/inst/grp_fft_serial_Pipeline_bfly_loop7_fu_358/mac_muladd_16s_16s_32s_32_1_1_U74/fft_serial_mac_muladd_16s_16s_32s_32_1_1_DSP48_3_U/ram_reg_i_725__0_n_7
    SLICE_X23Y106        CARRY4 (Prop_carry4_S[0]_CO[3])
                                                      0.440     5.786 r  bd_0_i/hls_inst/inst/grp_fft_serial_Pipeline_bfly_loop7_fu_358/mac_muladd_16s_16s_32s_32_1_1_U74/fft_serial_mac_muladd_16s_16s_32s_32_1_1_DSP48_3_U/ram_reg_i_591/CO[3]
                         net (fo=1, routed)           0.000     5.786    bd_0_i/hls_inst/inst/grp_fft_serial_Pipeline_bfly_loop7_fu_358/mac_muladd_16s_16s_32s_32_1_1_U74/fft_serial_mac_muladd_16s_16s_32s_32_1_1_DSP48_3_U/ram_reg_i_591_n_7
    SLICE_X23Y107        CARRY4 (Prop_carry4_CI_CO[3])
                                                      0.098     5.884 r  bd_0_i/hls_inst/inst/grp_fft_serial_Pipeline_bfly_loop7_fu_358/mac_muladd_16s_16s_32s_32_1_1_U74/fft_serial_mac_muladd_16s_16s_32s_32_1_1_DSP48_3_U/ram_reg_i_587/CO[3]
                         net (fo=1, routed)           0.000     5.884    bd_0_i/hls_inst/inst/grp_fft_serial_Pipeline_bfly_loop7_fu_358/mac_muladd_16s_16s_32s_32_1_1_U74/fft_serial_mac_muladd_16s_16s_32s_32_1_1_DSP48_3_U/ram_reg_i_587_n_7
    SLICE_X23Y108        CARRY4 (Prop_carry4_CI_O[3])
                                                      0.260     6.144 r  bd_0_i/hls_inst/inst/grp_fft_serial_Pipeline_bfly_loop7_fu_358/mac_muladd_16s_16s_32s_32_1_1_U74/fft_serial_mac_muladd_16s_16s_32s_32_1_1_DSP48_3_U/ram_reg_i_553__0/O[3]
                         net (fo=1, routed)           0.978     7.122    bd_0_i/hls_inst/inst/grp_fft_serial_Pipeline_bfly_loop5_fu_336/mac_muladd_16s_16s_32s_32_1_1_U58/fft_serial_mac_muladd_16s_16s_32s_32_1_1_DSP48_3_U/ram_reg_i_167[4]
    SLICE_X40Y112        LUT6 (Prop_lut6_I2_O)        0.257     7.379 f  bd_0_i/hls_inst/inst/grp_fft_serial_Pipeline_bfly_loop5_fu_336/mac_muladd_16s_16s_32s_32_1_1_U58/fft_serial_mac_muladd_16s_16s_32s_32_1_1_DSP48_3_U/ram_reg_i_359__0/O
                         net (fo=1, routed)           0.000     7.379    bd_0_i/hls_inst/inst/grp_fft_serial_Pipeline_bfly_loop9_fu_380/mac_muladd_16s_16s_32s_32_1_1_U90/fft_serial_mac_muladd_16s_16s_32s_32_1_1_DSP48_3_U/ram_reg_2
    SLICE_X40Y112        MUXF7 (Prop_muxf7_I1_O)      0.206     7.585 f  bd_0_i/hls_inst/inst/grp_fft_serial_Pipeline_bfly_loop9_fu_380/mac_muladd_16s_16s_32s_32_1_1_U90/fft_serial_mac_muladd_16s_16s_32s_32_1_1_DSP48_3_U/ram_reg_i_167/O
                         net (fo=2, routed)           0.576     8.161    bd_0_i/hls_inst/inst/grp_fft_serial_Pipeline_bfly_loop15_fu_446/mac_muladd_16s_16s_32s_32_1_1_U138/fft_serial_mac_muladd_16s_16s_32s_32_1_1_DSP48_3_U/ram_reg_13
    SLICE_X43Y115        LUT6 (Prop_lut6_I2_O)        0.242     8.403 r  bd_0_i/hls_inst/inst/grp_fft_serial_Pipeline_bfly_loop15_fu_446/mac_muladd_16s_16s_32s_32_1_1_U138/fft_serial_mac_muladd_16s_16s_32s_32_1_1_DSP48_3_U/ram_reg_i_41__2/O
                         net (fo=1, routed)           0.979     9.382    bd_0_i/hls_inst/inst/im_U/DIBDI[11]
    RAMB18_X1Y47         RAMB18E1                                     r  bd_0_i/hls_inst/inst/im_U/ram_reg/DIBDI[11]
  -------------------------------------------------------------------    -------------------

                         (clock ap_clk rise edge)    10.000    10.000 r  
                                                      0.000    10.000 r  ap_clk (IN)
                         net (fo=5310, unset)         0.748    10.748    bd_0_i/hls_inst/inst/im_U/ap_clk
    RAMB18_X1Y47         RAMB18E1                                     r  bd_0_i/hls_inst/inst/im_U/ram_reg/CLKBWRCLK
                         clock pessimism              0.000    10.748    
                         clock uncertainty           -0.035    10.712    
    RAMB18_X1Y47         RAMB18E1 (Setup_ramb18e1_CLKBWRCLK_DIBDI[11])
                                                     -0.214    10.498    bd_0_i/hls_inst/inst/im_U/ram_reg
  -------------------------------------------------------------------
                         required time                         10.498    
                         arrival time                          -9.382    
  -------------------------------------------------------------------
                         slack                                  1.117    




