Copyright 1986-2022 Xilinx, Inc. All Rights Reserved. Copyright 2022-2023 Advanced Micro Devices, Inc. All Rights Reserved.
---------------------------------------------------------------------------------------------------------------------------------------------
| Tool Version : Vivado v.2023.2 (win64) Build 4029153 Fri Oct 13 20:14:34 MDT 2023
| Date         : Tue Jun 30 20:53:58 2026
| Host         : CHNtoumas running 64-bit major release  (build 9200)
| Command      : report_timing_summary -file ./report/fft_serial_timing_synth.rpt
| Design       : bd_0_wrapper
| Device       : 7a200t-fbg676
| Speed File   : -2  PRODUCTION 1.23 2018-06-13
| Design State : Synthesized
---------------------------------------------------------------------------------------------------------------------------------------------

Timing Summary Report

------------------------------------------------------------------------------------------------
| Timer Settings
| --------------
------------------------------------------------------------------------------------------------

  Enable Multi Corner Analysis               :  Yes
  Enable Pessimism Removal                   :  Yes
  Pessimism Removal Resolution               :  Nearest Common Node
  Enable Input Delay Default Clock           :  No
  Enable Preset / Clear Arcs                 :  No
  Disable Flight Delays                      :  No
  Ignore I/O Paths                           :  No
  Timing Early Launch at Borrowing Latches   :  No
  Borrow Time for Max Delay Exceptions       :  Yes
  Merge Timing Exceptions                    :  Yes
  Inter-SLR Compensation                     :  Conservative

  Corner  Analyze    Analyze    
  Name    Max Paths  Min Paths  
  ------  ---------  ---------  
  Slow    Yes        Yes        
  Fast    Yes        Yes        


------------------------------------------------------------------------------------------------
| Report Methodology
| ------------------
------------------------------------------------------------------------------------------------

No report available as report_methodology has not been run prior. Run report_methodology on the current design for the summary of methodology violations.



check_timing report

Table of Contents
-----------------
1. checking no_clock (0)
2. checking constant_clock (0)
3. checking pulse_width_clock (0)
4. checking unconstrained_internal_endpoints (0)
5. checking no_input_delay (96)
6. checking no_output_delay (214)
7. checking multiple_clock (0)
8. checking generated_clocks (0)
9. checking loops (0)
10. checking partial_input_delay (0)
11. checking partial_output_delay (0)
12. checking latch_loops (0)

1. checking no_clock (0)
------------------------
 There are 0 register/latch pins with no clock.


2. checking constant_clock (0)
------------------------------
 There are 0 register/latch pins with constant_clock.


3. checking pulse_width_clock (0)
---------------------------------
 There are 0 register/latch pins which need pulse_width check


4. checking unconstrained_internal_endpoints (0)
------------------------------------------------
 There are 0 pins that are not constrained for maximum delay.

 There are 0 pins that are not constrained for maximum delay due to constant clock.


5. checking no_input_delay (96)
-------------------------------
 There are 96 input ports with no input delay specified. (HIGH)

 There are 0 input ports with no input delay but user has a false path constraint.


6. checking no_output_delay (214)
---------------------------------
 There are 214 ports with no output delay specified. (HIGH)

 There are 0 ports with no output delay but user has a false path constraint

 There are 0 ports with no output delay but with a timing clock defined on it or propagating through it


7. checking multiple_clock (0)
------------------------------
 There are 0 register/latch pins with multiple clocks.


8. checking generated_clocks (0)
--------------------------------
 There are 0 generated clocks that are not connected to a clock source.


9. checking loops (0)
---------------------
 There are 0 combinational loops in the design.


10. checking partial_input_delay (0)
------------------------------------
 There are 0 input ports with partial input delay specified.


11. checking partial_output_delay (0)
-------------------------------------
 There are 0 ports with partial output delay specified.


12. checking latch_loops (0)
----------------------------
 There are 0 combinational latch loops in the design through latch input



------------------------------------------------------------------------------------------------
| Design Timing Summary
| ---------------------
------------------------------------------------------------------------------------------------

    WNS(ns)      TNS(ns)  TNS Failing Endpoints  TNS Total Endpoints      WHS(ns)      THS(ns)  THS Failing Endpoints  THS Total Endpoints     WPWS(ns)     TPWS(ns)  TPWS Failing Endpoints  TPWS Total Endpoints  
    -------      -------  ---------------------  -------------------      -------      -------  ---------------------  -------------------     --------     --------  ----------------------  --------------------  
      2.331        0.000                      0                12310        0.240        0.000                      0                12310        4.146        0.000                       0                  5311  


All user specified timing constraints are met.


------------------------------------------------------------------------------------------------
| Clock Summary
| -------------
------------------------------------------------------------------------------------------------

Clock   Waveform(ns)       Period(ns)      Frequency(MHz)
-----   ------------       ----------      --------------
ap_clk  {0.000 5.000}      10.000          100.000         


------------------------------------------------------------------------------------------------
| Intra Clock Table
| -----------------
------------------------------------------------------------------------------------------------

Clock             WNS(ns)      TNS(ns)  TNS Failing Endpoints  TNS Total Endpoints      WHS(ns)      THS(ns)  THS Failing Endpoints  THS Total Endpoints     WPWS(ns)     TPWS(ns)  TPWS Failing Endpoints  TPWS Total Endpoints  
-----             -------      -------  ---------------------  -------------------      -------      -------  ---------------------  -------------------     --------     --------  ----------------------  --------------------  
ap_clk              2.331        0.000                      0                12310        0.240        0.000                      0                12310        4.146        0.000                       0                  5311  


------------------------------------------------------------------------------------------------
| Inter Clock Table
| -----------------
------------------------------------------------------------------------------------------------

From Clock    To Clock          WNS(ns)      TNS(ns)  TNS Failing Endpoints  TNS Total Endpoints      WHS(ns)      THS(ns)  THS Failing Endpoints  THS Total Endpoints  
----------    --------          -------      -------  ---------------------  -------------------      -------      -------  ---------------------  -------------------  


------------------------------------------------------------------------------------------------
| Other Path Groups Table
| -----------------------
------------------------------------------------------------------------------------------------

Path Group    From Clock    To Clock          WNS(ns)      TNS(ns)  TNS Failing Endpoints  TNS Total Endpoints      WHS(ns)      THS(ns)  THS Failing Endpoints  THS Total Endpoints  
----------    ----------    --------          -------      -------  ---------------------  -------------------      -------      -------  ---------------------  -------------------  


------------------------------------------------------------------------------------------------
| Timing Details
| --------------
------------------------------------------------------------------------------------------------


---------------------------------------------------------------------------------------------------
From Clock:  ap_clk
  To Clock:  ap_clk

Setup :            0  Failing Endpoints,  Worst Slack        2.331ns,  Total Violation        0.000ns
Hold  :            0  Failing Endpoints,  Worst Slack        0.240ns,  Total Violation        0.000ns
PW    :            0  Failing Endpoints,  Worst Slack        4.146ns,  Total Violation        0.000ns
---------------------------------------------------------------------------------------------------


Max Delay Paths
--------------------------------------------------------------------------------------
Slack (MET) :             2.331ns  (required time - arrival time)
  Source:                 bd_0_i/hls_inst/inst/grp_fft_serial_Pipeline_bfly_loop7_fu_358/mac_muladd_16s_16s_32s_32_1_1_U74/fft_serial_mac_muladd_16s_16s_32s_32_1_1_DSP48_3_U/p/CLK
                            (rising edge-triggered cell DSP48E1 clocked by ap_clk  {rise@0.000ns fall@5.000ns period=10.000ns})
  Destination:            bd_0_i/hls_inst/inst/im_1_U/ram_reg/DIADI[15]
                            (rising edge-triggered cell RAMB18E1 clocked by ap_clk  {rise@0.000ns fall@5.000ns period=10.000ns})
  Path Group:             ap_clk
  Path Type:              Setup (Max at Slow Process Corner)
  Requirement:            10.000ns  (ap_clk rise@10.000ns - ap_clk rise@0.000ns)
  Data Path Delay:        7.380ns  (logic 4.868ns (65.961%)  route 2.512ns (34.039%))
  Logic Levels:           8  (CARRY4=4 LUT2=1 LUT5=1 LUT6=2)
  Clock Path Skew:        -0.039ns (DCD - SCD + CPR)
    Destination Clock Delay (DCD):    0.748ns = ( 10.748 - 10.000 ) 
    Source Clock Delay      (SCD):    0.787ns
    Clock Pessimism Removal (CPR):    0.000ns
  Clock Uncertainty:      0.035ns  ((TSJ^2 + TIJ^2)^1/2 + DJ) / 2 + PE
    Total System Jitter     (TSJ):    0.071ns
    Total Input Jitter      (TIJ):    0.000ns
    Discrete Jitter          (DJ):    0.000ns
    Phase Error              (PE):    0.000ns

    Location             Delay type                Incr(ns)  Path(ns)    Netlist Resource(s)
  -------------------------------------------------------------------    -------------------
                         (clock ap_clk rise edge)     0.000     0.000 r  
                                                      0.000     0.000 r  ap_clk (IN)
                         net (fo=5310, unset)         0.787     0.787    bd_0_i/hls_inst/inst/grp_fft_serial_Pipeline_bfly_loop7_fu_358/mac_muladd_16s_16s_32s_32_1_1_U74/fft_serial_mac_muladd_16s_16s_32s_32_1_1_DSP48_3_U/ap_clk
                         DSP48E1                                      r  bd_0_i/hls_inst/inst/grp_fft_serial_Pipeline_bfly_loop7_fu_358/mac_muladd_16s_16s_32s_32_1_1_U74/fft_serial_mac_muladd_16s_16s_32s_32_1_1_DSP48_3_U/p/CLK
  -------------------------------------------------------------------    -------------------
                         DSP48E1 (Prop_dsp48e1_CLK_P[16])
                                                      3.375     4.162 r  bd_0_i/hls_inst/inst/grp_fft_serial_Pipeline_bfly_loop7_fu_358/mac_muladd_16s_16s_32s_32_1_1_U74/fft_serial_mac_muladd_16s_16s_32s_32_1_1_DSP48_3_U/p/P[16]
                         net (fo=3, unplaced)         0.646     4.808    bd_0_i/hls_inst/inst/grp_fft_serial_Pipeline_bfly_loop7_fu_358/mac_muladd_16s_16s_32s_32_1_1_U74/fft_serial_mac_muladd_16s_16s_32s_32_1_1_DSP48_3_U/wb_im_s_fu_893_p4[1]
                         LUT2 (Prop_lut2_I0_O)        0.105     4.913 r  bd_0_i/hls_inst/inst/grp_fft_serial_Pipeline_bfly_loop7_fu_358/mac_muladd_16s_16s_32s_32_1_1_U74/fft_serial_mac_muladd_16s_16s_32s_32_1_1_DSP48_3_U/ram_reg_i_640/O
                         net (fo=1, unplaced)         0.000     4.913    bd_0_i/hls_inst/inst/grp_fft_serial_Pipeline_bfly_loop7_fu_358/mac_muladd_16s_16s_32s_32_1_1_U74/fft_serial_mac_muladd_16s_16s_32s_32_1_1_DSP48_3_U/ram_reg_i_640_n_7
                         CARRY4 (Prop_carry4_S[1]_CO[3])
                                                      0.457     5.370 r  bd_0_i/hls_inst/inst/grp_fft_serial_Pipeline_bfly_loop7_fu_358/mac_muladd_16s_16s_32s_32_1_1_U74/fft_serial_mac_muladd_16s_16s_32s_32_1_1_DSP48_3_U/ram_reg_i_533/CO[3]
                         net (fo=1, unplaced)         0.008     5.378    bd_0_i/hls_inst/inst/grp_fft_serial_Pipeline_bfly_loop7_fu_358/mac_muladd_16s_16s_32s_32_1_1_U74/fft_serial_mac_muladd_16s_16s_32s_32_1_1_DSP48_3_U/ram_reg_i_533_n_7
                         CARRY4 (Prop_carry4_CI_CO[3])
                                                      0.098     5.476 r  bd_0_i/hls_inst/inst/grp_fft_serial_Pipeline_bfly_loop7_fu_358/mac_muladd_16s_16s_32s_32_1_1_U74/fft_serial_mac_muladd_16s_16s_32s_32_1_1_DSP48_3_U/ram_reg_i_491/CO[3]
                         net (fo=1, unplaced)         0.000     5.476    bd_0_i/hls_inst/inst/grp_fft_serial_Pipeline_bfly_loop7_fu_358/mac_muladd_16s_16s_32s_32_1_1_U74/fft_serial_mac_muladd_16s_16s_32s_32_1_1_DSP48_3_U/ram_reg_i_491_n_7
                         CARRY4 (Prop_carry4_CI_CO[3])
                                                      0.098     5.574 r  bd_0_i/hls_inst/inst/grp_fft_serial_Pipeline_bfly_loop7_fu_358/mac_muladd_16s_16s_32s_32_1_1_U74/fft_serial_mac_muladd_16s_16s_32s_32_1_1_DSP48_3_U/ram_reg_i_305/CO[3]
                         net (fo=1, unplaced)         0.000     5.574    bd_0_i/hls_inst/inst/grp_fft_serial_Pipeline_bfly_loop7_fu_358/mac_muladd_16s_16s_32s_32_1_1_U74/fft_serial_mac_muladd_16s_16s_32s_32_1_1_DSP48_3_U/ram_reg_i_305_n_7
                         CARRY4 (Prop_carry4_CI_O[3])
                                                      0.275     5.849 r  bd_0_i/hls_inst/inst/grp_fft_serial_Pipeline_bfly_loop7_fu_358/mac_muladd_16s_16s_32s_32_1_1_U74/fft_serial_mac_muladd_16s_16s_32s_32_1_1_DSP48_3_U/ram_reg_i_465/O[3]
                         net (fo=1, unplaced)         0.519     6.368    bd_0_i/hls_inst/inst/grp_fft_serial_Pipeline_bfly_loop5_fu_336/mac_muladd_16s_16s_32s_32_1_1_U58/fft_serial_mac_muladd_16s_16s_32s_32_1_1_DSP48_3_U/im_d1[15]
                         LUT5 (Prop_lut5_I3_O)        0.250     6.618 f  bd_0_i/hls_inst/inst/grp_fft_serial_Pipeline_bfly_loop5_fu_336/mac_muladd_16s_16s_32s_32_1_1_U58/fft_serial_mac_muladd_16s_16s_32s_32_1_1_DSP48_3_U/ram_reg_i_280__0/O
                         net (fo=1, unplaced)         0.347     6.965    bd_0_i/hls_inst/inst/grp_fft_serial_Pipeline_bfly_loop3_fu_314/mac_muladd_16s_16s_32s_32_1_1_U40/fft_serial_mac_muladd_16s_16s_32s_32_1_1_DSP48_3_U/ram_reg_19
                         LUT6 (Prop_lut6_I5_O)        0.105     7.070 r  bd_0_i/hls_inst/inst/grp_fft_serial_Pipeline_bfly_loop3_fu_314/mac_muladd_16s_16s_32s_32_1_1_U40/fft_serial_mac_muladd_16s_16s_32s_32_1_1_DSP48_3_U/ram_reg_i_104__1/O
                         net (fo=1, unplaced)         0.347     7.417    bd_0_i/hls_inst/inst/grp_fft_serial_Pipeline_bfly_loop13_fu_424/mac_muladd_16s_16s_32s_32_1_1_U122/fft_serial_mac_muladd_16s_16s_32s_32_1_1_DSP48_3_U/ram_reg_25
                         LUT6 (Prop_lut6_I2_O)        0.105     7.522 r  bd_0_i/hls_inst/inst/grp_fft_serial_Pipeline_bfly_loop13_fu_424/mac_muladd_16s_16s_32s_32_1_1_U122/fft_serial_mac_muladd_16s_16s_32s_32_1_1_DSP48_3_U/ram_reg_i_21/O
                         net (fo=2, unplaced)         0.646     8.167    bd_0_i/hls_inst/inst/im_1_U/DIADI[15]
                         RAMB18E1                                     r  bd_0_i/hls_inst/inst/im_1_U/ram_reg/DIADI[15]
  -------------------------------------------------------------------    -------------------

                         (clock ap_clk rise edge)    10.000    10.000 r  
                                                      0.000    10.000 r  ap_clk (IN)
                         net (fo=5310, unset)         0.748    10.748    bd_0_i/hls_inst/inst/im_1_U/ap_clk
                         RAMB18E1                                     r  bd_0_i/hls_inst/inst/im_1_U/ram_reg/CLKARDCLK
                         clock pessimism              0.000    10.748    
                         clock uncertainty           -0.035    10.712    
                         RAMB18E1 (Setup_ramb18e1_CLKARDCLK_DIADI[15])
                                                     -0.214    10.498    bd_0_i/hls_inst/inst/im_1_U/ram_reg
  -------------------------------------------------------------------
                         required time                         10.498    
                         arrival time                          -8.167    
  -------------------------------------------------------------------
                         slack                                  2.331    





Min Delay Paths
--------------------------------------------------------------------------------------
Slack (MET) :             0.240ns  (arrival time - required time)
  Source:                 bd_0_i/hls_inst/inst/AXI_OUT_m_axi_U/bus_write/data_buf_reg[0]/C
                            (rising edge-triggered cell FDRE clocked by ap_clk  {rise@0.000ns fall@5.000ns period=10.000ns})
  Destination:            bd_0_i/hls_inst/inst/AXI_OUT_m_axi_U/bus_write/wreq_throttle/data_fifo/U_fifo_srl/mem_reg[14][0]_srl15/D
                            (rising edge-triggered cell SRL16E clocked by ap_clk  {rise@0.000ns fall@5.000ns period=10.000ns})
  Path Group:             ap_clk
  Path Type:              Hold (Min at Fast Process Corner)
  Requirement:            0.000ns  (ap_clk rise@0.000ns - ap_clk rise@0.000ns)
  Data Path Delay:        0.268ns  (logic 0.141ns (52.621%)  route 0.127ns (47.379%))
  Logic Levels:           0  
  Clock Path Skew:        0.021ns (DCD - SCD - CPR)
    Destination Clock Delay (DCD):    0.411ns
    Source Clock Delay      (SCD):    0.390ns
    Clock Pessimism Removal (CPR):    -0.000ns

    Location             Delay type                Incr(ns)  Path(ns)    Netlist Resource(s)
  -------------------------------------------------------------------    -------------------
                         (clock ap_clk rise edge)     0.000     0.000 r  
                                                      0.000     0.000 r  ap_clk (IN)
                         net (fo=5310, unset)         0.390     0.390    bd_0_i/hls_inst/inst/AXI_OUT_m_axi_U/bus_write/ap_clk
                         FDRE                                         r  bd_0_i/hls_inst/inst/AXI_OUT_m_axi_U/bus_write/data_buf_reg[0]/C
  -------------------------------------------------------------------    -------------------
                         FDRE (Prop_fdre_C_Q)         0.141     0.531 r  bd_0_i/hls_inst/inst/AXI_OUT_m_axi_U/bus_write/data_buf_reg[0]/Q
                         net (fo=1, unplaced)         0.127     0.658    bd_0_i/hls_inst/inst/AXI_OUT_m_axi_U/bus_write/wreq_throttle/data_fifo/U_fifo_srl/in[0]
                         SRL16E                                       r  bd_0_i/hls_inst/inst/AXI_OUT_m_axi_U/bus_write/wreq_throttle/data_fifo/U_fifo_srl/mem_reg[14][0]_srl15/D
  -------------------------------------------------------------------    -------------------

                         (clock ap_clk rise edge)     0.000     0.000 r  
                                                      0.000     0.000 r  ap_clk (IN)
                         net (fo=5310, unset)         0.411     0.411    bd_0_i/hls_inst/inst/AXI_OUT_m_axi_U/bus_write/wreq_throttle/data_fifo/U_fifo_srl/ap_clk
                         SRL16E                                       r  bd_0_i/hls_inst/inst/AXI_OUT_m_axi_U/bus_write/wreq_throttle/data_fifo/U_fifo_srl/mem_reg[14][0]_srl15/CLK
                         clock pessimism              0.000     0.411    
                         SRL16E (Hold_srl16e_CLK_D)
                                                      0.007     0.418    bd_0_i/hls_inst/inst/AXI_OUT_m_axi_U/bus_write/wreq_throttle/data_fifo/U_fifo_srl/mem_reg[14][0]_srl15
  -------------------------------------------------------------------
                         required time                         -0.418    
                         arrival time                           0.658    
  -------------------------------------------------------------------
                         slack                                  0.240    





Pulse Width Checks
--------------------------------------------------------------------------------------
Clock Name:         ap_clk
Waveform(ns):       { 0.000 5.000 }
Period(ns):         10.000
Sources:            { ap_clk }

Check Type        Corner  Lib Pin             Reference Pin  Required(ns)  Actual(ns)  Slack(ns)  Location  Pin
Min Period        n/a     RAMB18E1/CLKARDCLK  n/a            2.472         10.000      7.528                bd_0_i/hls_inst/inst/AXI_IN_m_axi_U/load_unit/buff_rdata/U_fifo_mem/mem_reg/CLKARDCLK
Low Pulse Width   Slow    SRL16E/CLK          n/a            0.854         5.000       4.146                bd_0_i/hls_inst/inst/fifo_burst/U_fifo_srl/mem_reg[14][0]_srl15/CLK
High Pulse Width  Slow    SRL16E/CLK          n/a            0.854         5.000       4.146                bd_0_i/hls_inst/inst/fifo_burst/U_fifo_srl/mem_reg[14][0]_srl15/CLK



