Copyright 1986-2022 Xilinx, Inc. All Rights Reserved. Copyright 2022-2023 Advanced Micro Devices, Inc. All Rights Reserved.
---------------------------------------------------------------------------------------------------------------------------------------------
| Tool Version : Vivado v.2023.2 (win64) Build 4029153 Fri Oct 13 20:14:34 MDT 2023
| Date         : Tue Jun 30 20:53:47 2026
| Host         : CHNtoumas running 64-bit major release  (build 9200)
| Command      : report_utilization -hierarchical -hierarchical_depth 6 -file ./report/fft_serial_utilization_hierarchical_synth.rpt
| Design       : bd_0_wrapper
| Device       : xc7a200tfbg676-2
| Speed File   : -2
| Design State : Synthesized
---------------------------------------------------------------------------------------------------------------------------------------------

Utilization Design Information

Table of Contents
-----------------
1. Utilization by Hierarchy

1. Utilization by Hierarchy
---------------------------

+----------------------------------------------------------------+----------------------------------------------------------------------+------------+------------+---------+------+------+--------+--------+------------+
|                            Instance                            |                                Module                                | Total LUTs | Logic LUTs | LUTRAMs | SRLs |  FFs | RAMB36 | RAMB18 | DSP Blocks |
+----------------------------------------------------------------+----------------------------------------------------------------------+------------+------------+---------+------+------+--------+--------+------------+
| bd_0_wrapper                                                   |                                                                (top) |       7058 |       6757 |       0 |  301 | 4958 |      0 |      8 |         38 |
|   bd_0_i                                                       |                                                                 bd_0 |       7058 |       6757 |       0 |  301 | 4958 |      0 |      8 |         38 |
|     hls_inst                                                   |                                                      bd_0_hls_inst_0 |       7058 |       6757 |       0 |  301 | 4958 |      0 |      8 |         38 |
|       (hls_inst)                                               |                                                      bd_0_hls_inst_0 |          0 |          0 |       0 |    0 |    0 |      0 |      0 |          0 |
|       inst                                                     |                                           bd_0_hls_inst_0_fft_serial |       7058 |       6757 |       0 |  301 | 4958 |      0 |      8 |         38 |
|         (inst)                                                 |                                           bd_0_hls_inst_0_fft_serial |         33 |         32 |       0 |    1 |  389 |      0 |      0 |          0 |
|         AXI_IN_m_axi_U                                         |                              bd_0_hls_inst_0_fft_serial_AXI_IN_m_axi |        525 |        459 |       0 |   66 |  791 |      0 |      1 |          0 |
|           bus_read                                             |                         bd_0_hls_inst_0_fft_serial_AXI_IN_m_axi_read |        357 |        357 |       0 |    0 |  562 |      0 |      0 |          0 |
|             fifo_burst                                         |         bd_0_hls_inst_0_fft_serial_AXI_IN_m_axi_fifo__parameterized2 |         16 |         16 |       0 |    0 |   13 |      0 |      0 |          0 |
|             fifo_rctl                                          |      bd_0_hls_inst_0_fft_serial_AXI_IN_m_axi_fifo__parameterized2_71 |          9 |          9 |       0 |    0 |    8 |      0 |      0 |          0 |
|             rreq_burst_conv                                    |              bd_0_hls_inst_0_fft_serial_AXI_IN_m_axi_burst_converter |        292 |        292 |       0 |    0 |  470 |      0 |      0 |          0 |
|             rs_rdata                                           |    bd_0_hls_inst_0_fft_serial_AXI_IN_m_axi_reg_slice__parameterized2 |         40 |         40 |       0 |    0 |   71 |      0 |      0 |          0 |
|           bus_write                                            |                        bd_0_hls_inst_0_fft_serial_AXI_IN_m_axi_write |          2 |          2 |       0 |    0 |    3 |      0 |      0 |          0 |
|             rs_resp                                            |    bd_0_hls_inst_0_fft_serial_AXI_IN_m_axi_reg_slice__parameterized1 |          2 |          2 |       0 |    0 |    3 |      0 |      0 |          0 |
|           load_unit                                            |                         bd_0_hls_inst_0_fft_serial_AXI_IN_m_axi_load |        166 |        100 |       0 |   66 |  226 |      0 |      1 |          0 |
|             (load_unit)                                        |                         bd_0_hls_inst_0_fft_serial_AXI_IN_m_axi_load |          0 |          0 |       0 |    0 |  102 |      0 |      0 |          0 |
|             buff_rdata                                         |         bd_0_hls_inst_0_fft_serial_AXI_IN_m_axi_fifo__parameterized5 |         45 |         45 |       0 |    0 |   36 |      0 |      1 |          0 |
|             bus_wide_gen.rreq_offset                           |         bd_0_hls_inst_0_fft_serial_AXI_IN_m_axi_fifo__parameterized4 |         42 |         40 |       0 |    2 |   14 |      0 |      0 |          0 |
|             fifo_rreq                                          |         bd_0_hls_inst_0_fft_serial_AXI_IN_m_axi_fifo__parameterized0 |         79 |         15 |       0 |   64 |   74 |      0 |      0 |          0 |
|         AXI_OUT_m_axi_U                                        |                             bd_0_hls_inst_0_fft_serial_AXI_OUT_m_axi |        803 |        598 |       0 |  205 | 1133 |      0 |      1 |          0 |
|           bus_read                                             |                        bd_0_hls_inst_0_fft_serial_AXI_OUT_m_axi_read |          4 |          4 |       0 |    0 |    5 |      0 |      0 |          0 |
|             rs_rdata                                           |   bd_0_hls_inst_0_fft_serial_AXI_OUT_m_axi_reg_slice__parameterized2 |          4 |          4 |       0 |    0 |    5 |      0 |      0 |          0 |
|           bus_write                                            |                       bd_0_hls_inst_0_fft_serial_AXI_OUT_m_axi_write |        570 |        462 |       0 |  108 |  820 |      0 |      0 |          0 |
|             (bus_write)                                        |                       bd_0_hls_inst_0_fft_serial_AXI_OUT_m_axi_write |          6 |          6 |       0 |    0 |   46 |      0 |      0 |          0 |
|             fifo_burst                                         |        bd_0_hls_inst_0_fft_serial_AXI_OUT_m_axi_fifo__parameterized6 |         23 |         19 |       0 |    4 |   16 |      0 |      0 |          0 |
|             fifo_resp                                          |     bd_0_hls_inst_0_fft_serial_AXI_OUT_m_axi_fifo__parameterized2_69 |         17 |         16 |       0 |    1 |   13 |      0 |      0 |          0 |
|             rs_resp                                            |   bd_0_hls_inst_0_fft_serial_AXI_OUT_m_axi_reg_slice__parameterized1 |          4 |          4 |       0 |    0 |    5 |      0 |      0 |          0 |
|             wreq_burst_conv                                    |             bd_0_hls_inst_0_fft_serial_AXI_OUT_m_axi_burst_converter |        299 |        299 |       0 |    0 |  470 |      0 |      0 |          0 |
|             wreq_throttle                                      |                    bd_0_hls_inst_0_fft_serial_AXI_OUT_m_axi_throttle |        221 |        118 |       0 |  103 |  270 |      0 |      0 |          0 |
|           load_unit                                            |                        bd_0_hls_inst_0_fft_serial_AXI_OUT_m_axi_load |         19 |         19 |       0 |    0 |   14 |      0 |      0 |          0 |
|             (load_unit)                                        |                        bd_0_hls_inst_0_fft_serial_AXI_OUT_m_axi_load |          0 |          0 |       0 |    0 |    2 |      0 |      0 |          0 |
|             buff_rdata                                         |        bd_0_hls_inst_0_fft_serial_AXI_OUT_m_axi_fifo__parameterized5 |         19 |         19 |       0 |    0 |   12 |      0 |      0 |          0 |
|           store_unit                                           |                       bd_0_hls_inst_0_fft_serial_AXI_OUT_m_axi_store |        210 |        113 |       0 |   97 |  294 |      0 |      1 |          0 |
|             (store_unit)                                       |                       bd_0_hls_inst_0_fft_serial_AXI_OUT_m_axi_store |          1 |          1 |       0 |    0 |  135 |      0 |      0 |          0 |
|             buff_wdata                                         |        bd_0_hls_inst_0_fft_serial_AXI_OUT_m_axi_fifo__parameterized1 |         24 |         24 |       0 |    0 |   24 |      0 |      1 |          0 |
|             bus_wide_gen.wreq_offset                           |                        bd_0_hls_inst_0_fft_serial_AXI_OUT_m_axi_fifo |         80 |         48 |       0 |   32 |   44 |      0 |      0 |          0 |
|             fifo_wreq                                          |        bd_0_hls_inst_0_fft_serial_AXI_OUT_m_axi_fifo__parameterized0 |         78 |         14 |       0 |   64 |   72 |      0 |      0 |          0 |
|             fifo_wrsp                                          |        bd_0_hls_inst_0_fft_serial_AXI_OUT_m_axi_fifo__parameterized2 |         18 |         17 |       0 |    1 |   13 |      0 |      0 |          0 |
|             user_resp                                          |        bd_0_hls_inst_0_fft_serial_AXI_OUT_m_axi_fifo__parameterized3 |          9 |          9 |       0 |    0 |    6 |      0 |      0 |          0 |
|         TW_COS_LUT_U                                           |                    bd_0_hls_inst_0_fft_serial_TW_COS_LUT_ROM_AUTO_1R |          0 |          0 |       0 |    0 |    0 |      0 |      1 |          0 |
|         TW_SIN_LUT_U                                           |                    bd_0_hls_inst_0_fft_serial_TW_SIN_LUT_ROM_AUTO_1R |          3 |          3 |       0 |    0 |    0 |      0 |      1 |          0 |
|         control_s_axi_U                                        |                             bd_0_hls_inst_0_fft_serial_control_s_axi |        301 |        301 |       0 |    0 |  321 |      0 |      0 |          0 |
|         grp_fft_serial_Pipeline_bfly_loop11_fu_402             |           bd_0_hls_inst_0_fft_serial_fft_serial_Pipeline_bfly_loop11 |        403 |        403 |       0 |    0 |  171 |      0 |      0 |          4 |
|           (grp_fft_serial_Pipeline_bfly_loop11_fu_402)         |           bd_0_hls_inst_0_fft_serial_fft_serial_Pipeline_bfly_loop11 |        189 |        189 |       0 |    0 |  169 |      0 |      0 |          0 |
|           flow_control_loop_pipe_sequential_init_U             | bd_0_hls_inst_0_fft_serial_flow_control_loop_pipe_sequential_init_62 |         44 |         44 |       0 |    0 |    2 |      0 |      0 |          0 |
|           mac_muladd_16s_16s_32s_32_1_1_U106                   |          bd_0_hls_inst_0_fft_serial_mac_muladd_16s_16s_32s_32_1_1_63 |         86 |         86 |       0 |    0 |    0 |      0 |      0 |          1 |
|             fft_serial_mac_muladd_16s_16s_32s_32_1_1_DSP48_3_U |  bd_0_hls_inst_0_fft_serial_mac_muladd_16s_16s_32s_32_1_1_DSP48_3_68 |         86 |         86 |       0 |    0 |    0 |      0 |      0 |          1 |
|           mac_mulsub_16s_16s_32s_32_1_1_U105                   |          bd_0_hls_inst_0_fft_serial_mac_mulsub_16s_16s_32s_32_1_1_64 |         69 |         69 |       0 |    0 |    0 |      0 |      0 |          1 |
|             fft_serial_mac_mulsub_16s_16s_32s_32_1_1_DSP48_2_U |  bd_0_hls_inst_0_fft_serial_mac_mulsub_16s_16s_32s_32_1_1_DSP48_2_67 |         69 |         69 |       0 |    0 |    0 |      0 |      0 |          1 |
|           mul_16s_16s_32_4_1_U103                              |                     bd_0_hls_inst_0_fft_serial_mul_16s_16s_32_4_1_65 |          0 |          0 |       0 |    0 |    0 |      0 |      0 |          1 |
|           mul_16s_16s_32_4_1_U104                              |                     bd_0_hls_inst_0_fft_serial_mul_16s_16s_32_4_1_66 |         15 |         15 |       0 |    0 |    0 |      0 |      0 |          1 |
|         grp_fft_serial_Pipeline_bfly_loop13_fu_424             |           bd_0_hls_inst_0_fft_serial_fft_serial_Pipeline_bfly_loop13 |        416 |        416 |       0 |    0 |  171 |      0 |      0 |          4 |
|           (grp_fft_serial_Pipeline_bfly_loop13_fu_424)         |           bd_0_hls_inst_0_fft_serial_fft_serial_Pipeline_bfly_loop13 |        178 |        178 |       0 |    0 |  169 |      0 |      0 |          0 |
|           flow_control_loop_pipe_sequential_init_U             | bd_0_hls_inst_0_fft_serial_flow_control_loop_pipe_sequential_init_55 |         43 |         43 |       0 |    0 |    2 |      0 |      0 |          0 |
|           mac_muladd_16s_16s_32s_32_1_1_U122                   |          bd_0_hls_inst_0_fft_serial_mac_muladd_16s_16s_32s_32_1_1_56 |         98 |         98 |       0 |    0 |    0 |      0 |      0 |          1 |
|             fft_serial_mac_muladd_16s_16s_32s_32_1_1_DSP48_3_U |  bd_0_hls_inst_0_fft_serial_mac_muladd_16s_16s_32s_32_1_1_DSP48_3_61 |         98 |         98 |       0 |    0 |    0 |      0 |      0 |          1 |
|           mac_mulsub_16s_16s_32s_32_1_1_U121                   |          bd_0_hls_inst_0_fft_serial_mac_mulsub_16s_16s_32s_32_1_1_57 |         82 |         82 |       0 |    0 |    0 |      0 |      0 |          1 |
|             fft_serial_mac_mulsub_16s_16s_32s_32_1_1_DSP48_2_U |  bd_0_hls_inst_0_fft_serial_mac_mulsub_16s_16s_32s_32_1_1_DSP48_2_60 |         82 |         82 |       0 |    0 |    0 |      0 |      0 |          1 |
|           mul_16s_16s_32_4_1_U119                              |                     bd_0_hls_inst_0_fft_serial_mul_16s_16s_32_4_1_58 |          0 |          0 |       0 |    0 |    0 |      0 |      0 |          1 |
|           mul_16s_16s_32_4_1_U120                              |                     bd_0_hls_inst_0_fft_serial_mul_16s_16s_32_4_1_59 |         15 |         15 |       0 |    0 |    0 |      0 |      0 |          1 |
|         grp_fft_serial_Pipeline_bfly_loop15_fu_446             |           bd_0_hls_inst_0_fft_serial_fft_serial_Pipeline_bfly_loop15 |        415 |        415 |       0 |    0 |  171 |      0 |      0 |          4 |
|           (grp_fft_serial_Pipeline_bfly_loop15_fu_446)         |           bd_0_hls_inst_0_fft_serial_fft_serial_Pipeline_bfly_loop15 |        177 |        177 |       0 |    0 |  169 |      0 |      0 |          0 |
|           flow_control_loop_pipe_sequential_init_U             | bd_0_hls_inst_0_fft_serial_flow_control_loop_pipe_sequential_init_48 |         42 |         42 |       0 |    0 |    2 |      0 |      0 |          0 |
|           mac_muladd_16s_16s_32s_32_1_1_U138                   |          bd_0_hls_inst_0_fft_serial_mac_muladd_16s_16s_32s_32_1_1_49 |         98 |         98 |       0 |    0 |    0 |      0 |      0 |          1 |
|             fft_serial_mac_muladd_16s_16s_32s_32_1_1_DSP48_3_U |  bd_0_hls_inst_0_fft_serial_mac_muladd_16s_16s_32s_32_1_1_DSP48_3_54 |         98 |         98 |       0 |    0 |    0 |      0 |      0 |          1 |
|           mac_mulsub_16s_16s_32s_32_1_1_U137                   |          bd_0_hls_inst_0_fft_serial_mac_mulsub_16s_16s_32s_32_1_1_50 |         83 |         83 |       0 |    0 |    0 |      0 |      0 |          1 |
|             fft_serial_mac_mulsub_16s_16s_32s_32_1_1_DSP48_2_U |  bd_0_hls_inst_0_fft_serial_mac_mulsub_16s_16s_32s_32_1_1_DSP48_2_53 |         83 |         83 |       0 |    0 |    0 |      0 |      0 |          1 |
|           mul_16s_16s_32_4_1_U135                              |                     bd_0_hls_inst_0_fft_serial_mul_16s_16s_32_4_1_51 |          0 |          0 |       0 |    0 |    0 |      0 |      0 |          1 |
|           mul_16s_16s_32_4_1_U136                              |                     bd_0_hls_inst_0_fft_serial_mul_16s_16s_32_4_1_52 |         15 |         15 |       0 |    0 |    0 |      0 |      0 |          1 |
|         grp_fft_serial_Pipeline_bfly_loop17_fu_468             |           bd_0_hls_inst_0_fft_serial_fft_serial_Pipeline_bfly_loop17 |        401 |        401 |       0 |    0 |  171 |      0 |      0 |          4 |
|           (grp_fft_serial_Pipeline_bfly_loop17_fu_468)         |           bd_0_hls_inst_0_fft_serial_fft_serial_Pipeline_bfly_loop17 |        195 |        195 |       0 |    0 |  169 |      0 |      0 |          0 |
|           flow_control_loop_pipe_sequential_init_U             | bd_0_hls_inst_0_fft_serial_flow_control_loop_pipe_sequential_init_41 |         73 |         73 |       0 |    0 |    2 |      0 |      0 |          0 |
|           mac_muladd_16s_16s_32s_32_1_1_U154                   |          bd_0_hls_inst_0_fft_serial_mac_muladd_16s_16s_32s_32_1_1_42 |         69 |         69 |       0 |    0 |    0 |      0 |      0 |          1 |
|             fft_serial_mac_muladd_16s_16s_32s_32_1_1_DSP48_3_U |  bd_0_hls_inst_0_fft_serial_mac_muladd_16s_16s_32s_32_1_1_DSP48_3_47 |         69 |         69 |       0 |    0 |    0 |      0 |      0 |          1 |
|           mac_mulsub_16s_16s_32s_32_1_1_U153                   |          bd_0_hls_inst_0_fft_serial_mac_mulsub_16s_16s_32s_32_1_1_43 |         49 |         49 |       0 |    0 |    0 |      0 |      0 |          1 |
|             fft_serial_mac_mulsub_16s_16s_32s_32_1_1_DSP48_2_U |  bd_0_hls_inst_0_fft_serial_mac_mulsub_16s_16s_32s_32_1_1_DSP48_2_46 |         49 |         49 |       0 |    0 |    0 |      0 |      0 |          1 |
|           mul_16s_16s_32_4_1_U151                              |                     bd_0_hls_inst_0_fft_serial_mul_16s_16s_32_4_1_44 |          0 |          0 |       0 |    0 |    0 |      0 |      0 |          1 |
|           mul_16s_16s_32_4_1_U152                              |                     bd_0_hls_inst_0_fft_serial_mul_16s_16s_32_4_1_45 |         15 |         15 |       0 |    0 |    0 |      0 |      0 |          1 |
|         grp_fft_serial_Pipeline_bfly_loop1_fu_296              |            bd_0_hls_inst_0_fft_serial_fft_serial_Pipeline_bfly_loop1 |        362 |        362 |       0 |    0 |  182 |      0 |      0 |          4 |
|           (grp_fft_serial_Pipeline_bfly_loop1_fu_296)          |            bd_0_hls_inst_0_fft_serial_fft_serial_Pipeline_bfly_loop1 |        151 |        151 |       0 |    0 |  180 |      0 |      0 |          0 |
|           flow_control_loop_pipe_sequential_init_U             | bd_0_hls_inst_0_fft_serial_flow_control_loop_pipe_sequential_init_38 |         67 |         67 |       0 |    0 |    2 |      0 |      0 |          0 |
|           mac_muladd_16s_16s_31s_32_4_1_U23                    |             bd_0_hls_inst_0_fft_serial_mac_muladd_16s_16s_31s_32_4_1 |         75 |         75 |       0 |    0 |    0 |      0 |      0 |          1 |
|             fft_serial_mac_muladd_16s_16s_31s_32_4_1_DSP48_1_U |     bd_0_hls_inst_0_fft_serial_mac_muladd_16s_16s_31s_32_4_1_DSP48_1 |         75 |         75 |       0 |    0 |    0 |      0 |      0 |          1 |
|           mac_mulsub_16s_16s_31s_32_4_1_U22                    |             bd_0_hls_inst_0_fft_serial_mac_mulsub_16s_16s_31s_32_4_1 |         35 |         35 |       0 |    0 |    0 |      0 |      0 |          1 |
|             fft_serial_mac_mulsub_16s_16s_31s_32_4_1_DSP48_0_U |     bd_0_hls_inst_0_fft_serial_mac_mulsub_16s_16s_31s_32_4_1_DSP48_0 |         35 |         35 |       0 |    0 |    0 |      0 |      0 |          1 |
|           mul_16s_16s_32_4_1_U20                               |                     bd_0_hls_inst_0_fft_serial_mul_16s_16s_32_4_1_39 |          0 |          0 |       0 |    0 |    0 |      0 |      0 |          1 |
|           mul_16s_16s_32_4_1_U21                               |                     bd_0_hls_inst_0_fft_serial_mul_16s_16s_32_4_1_40 |         34 |         34 |       0 |    0 |    0 |      0 |      0 |          1 |
|         grp_fft_serial_Pipeline_bfly_loop3_fu_314              |            bd_0_hls_inst_0_fft_serial_fft_serial_Pipeline_bfly_loop3 |        397 |        397 |       0 |    0 |  172 |      0 |      0 |          4 |
|           (grp_fft_serial_Pipeline_bfly_loop3_fu_314)          |            bd_0_hls_inst_0_fft_serial_fft_serial_Pipeline_bfly_loop3 |        177 |        177 |       0 |    0 |  170 |      0 |      0 |          0 |
|           flow_control_loop_pipe_sequential_init_U             | bd_0_hls_inst_0_fft_serial_flow_control_loop_pipe_sequential_init_31 |         29 |         29 |       0 |    0 |    2 |      0 |      0 |          0 |
|           mac_muladd_16s_16s_32s_32_1_1_U40                    |          bd_0_hls_inst_0_fft_serial_mac_muladd_16s_16s_32s_32_1_1_32 |         96 |         96 |       0 |    0 |    0 |      0 |      0 |          1 |
|             fft_serial_mac_muladd_16s_16s_32s_32_1_1_DSP48_3_U |  bd_0_hls_inst_0_fft_serial_mac_muladd_16s_16s_32s_32_1_1_DSP48_3_37 |         96 |         96 |       0 |    0 |    0 |      0 |      0 |          1 |
|           mac_mulsub_16s_16s_32s_32_1_1_U39                    |          bd_0_hls_inst_0_fft_serial_mac_mulsub_16s_16s_32s_32_1_1_33 |         80 |         80 |       0 |    0 |    0 |      0 |      0 |          1 |
|             fft_serial_mac_mulsub_16s_16s_32s_32_1_1_DSP48_2_U |  bd_0_hls_inst_0_fft_serial_mac_mulsub_16s_16s_32s_32_1_1_DSP48_2_36 |         80 |         80 |       0 |    0 |    0 |      0 |      0 |          1 |
|           mul_16s_16s_32_4_1_U37                               |                     bd_0_hls_inst_0_fft_serial_mul_16s_16s_32_4_1_34 |          0 |          0 |       0 |    0 |    0 |      0 |      0 |          1 |
|           mul_16s_16s_32_4_1_U38                               |                     bd_0_hls_inst_0_fft_serial_mul_16s_16s_32_4_1_35 |         15 |         15 |       0 |    0 |    0 |      0 |      0 |          1 |
|         grp_fft_serial_Pipeline_bfly_loop5_fu_336              |            bd_0_hls_inst_0_fft_serial_fft_serial_Pipeline_bfly_loop5 |        396 |        396 |       0 |    0 |  171 |      0 |      0 |          4 |
|           (grp_fft_serial_Pipeline_bfly_loop5_fu_336)          |            bd_0_hls_inst_0_fft_serial_fft_serial_Pipeline_bfly_loop5 |        184 |        184 |       0 |    0 |  169 |      0 |      0 |          0 |
|           flow_control_loop_pipe_sequential_init_U             | bd_0_hls_inst_0_fft_serial_flow_control_loop_pipe_sequential_init_24 |         37 |         37 |       0 |    0 |    2 |      0 |      0 |          0 |
|           mac_muladd_16s_16s_32s_32_1_1_U58                    |          bd_0_hls_inst_0_fft_serial_mac_muladd_16s_16s_32s_32_1_1_25 |         89 |         89 |       0 |    0 |    0 |      0 |      0 |          1 |
|             fft_serial_mac_muladd_16s_16s_32s_32_1_1_DSP48_3_U |  bd_0_hls_inst_0_fft_serial_mac_muladd_16s_16s_32s_32_1_1_DSP48_3_30 |         89 |         89 |       0 |    0 |    0 |      0 |      0 |          1 |
|           mac_mulsub_16s_16s_32s_32_1_1_U57                    |          bd_0_hls_inst_0_fft_serial_mac_mulsub_16s_16s_32s_32_1_1_26 |         71 |         71 |       0 |    0 |    0 |      0 |      0 |          1 |
|             fft_serial_mac_mulsub_16s_16s_32s_32_1_1_DSP48_2_U |  bd_0_hls_inst_0_fft_serial_mac_mulsub_16s_16s_32s_32_1_1_DSP48_2_29 |         71 |         71 |       0 |    0 |    0 |      0 |      0 |          1 |
|           mul_16s_16s_32_4_1_U55                               |                     bd_0_hls_inst_0_fft_serial_mul_16s_16s_32_4_1_27 |          0 |          0 |       0 |    0 |    0 |      0 |      0 |          1 |
|           mul_16s_16s_32_4_1_U56                               |                     bd_0_hls_inst_0_fft_serial_mul_16s_16s_32_4_1_28 |         15 |         15 |       0 |    0 |    0 |      0 |      0 |          1 |
|         grp_fft_serial_Pipeline_bfly_loop7_fu_358              |            bd_0_hls_inst_0_fft_serial_fft_serial_Pipeline_bfly_loop7 |        347 |        347 |       0 |    0 |  171 |      0 |      0 |          4 |
|           (grp_fft_serial_Pipeline_bfly_loop7_fu_358)          |            bd_0_hls_inst_0_fft_serial_fft_serial_Pipeline_bfly_loop7 |        180 |        180 |       0 |    0 |  169 |      0 |      0 |          0 |
|           flow_control_loop_pipe_sequential_init_U             | bd_0_hls_inst_0_fft_serial_flow_control_loop_pipe_sequential_init_17 |         37 |         37 |       0 |    0 |    2 |      0 |      0 |          0 |
|           mac_muladd_16s_16s_32s_32_1_1_U74                    |          bd_0_hls_inst_0_fft_serial_mac_muladd_16s_16s_32s_32_1_1_18 |         66 |         66 |       0 |    0 |    0 |      0 |      0 |          1 |
|             fft_serial_mac_muladd_16s_16s_32s_32_1_1_DSP48_3_U |  bd_0_hls_inst_0_fft_serial_mac_muladd_16s_16s_32s_32_1_1_DSP48_3_23 |         66 |         66 |       0 |    0 |    0 |      0 |      0 |          1 |
|           mac_mulsub_16s_16s_32s_32_1_1_U73                    |          bd_0_hls_inst_0_fft_serial_mac_mulsub_16s_16s_32s_32_1_1_19 |         49 |         49 |       0 |    0 |    0 |      0 |      0 |          1 |
|             fft_serial_mac_mulsub_16s_16s_32s_32_1_1_DSP48_2_U |  bd_0_hls_inst_0_fft_serial_mac_mulsub_16s_16s_32s_32_1_1_DSP48_2_22 |         49 |         49 |       0 |    0 |    0 |      0 |      0 |          1 |
|           mul_16s_16s_32_4_1_U71                               |                     bd_0_hls_inst_0_fft_serial_mul_16s_16s_32_4_1_20 |          0 |          0 |       0 |    0 |    0 |      0 |      0 |          1 |
|           mul_16s_16s_32_4_1_U72                               |                     bd_0_hls_inst_0_fft_serial_mul_16s_16s_32_4_1_21 |         15 |         15 |       0 |    0 |    0 |      0 |      0 |          1 |
|         grp_fft_serial_Pipeline_bfly_loop9_fu_380              |            bd_0_hls_inst_0_fft_serial_fft_serial_Pipeline_bfly_loop9 |        374 |        374 |       0 |    0 |  171 |      0 |      0 |          4 |
|           (grp_fft_serial_Pipeline_bfly_loop9_fu_380)          |            bd_0_hls_inst_0_fft_serial_fft_serial_Pipeline_bfly_loop9 |        175 |        175 |       0 |    0 |  169 |      0 |      0 |          0 |
|           flow_control_loop_pipe_sequential_init_U             | bd_0_hls_inst_0_fft_serial_flow_control_loop_pipe_sequential_init_15 |         37 |         37 |       0 |    0 |    2 |      0 |      0 |          0 |
|           mac_muladd_16s_16s_32s_32_1_1_U90                    |             bd_0_hls_inst_0_fft_serial_mac_muladd_16s_16s_32s_32_1_1 |         82 |         82 |       0 |    0 |    0 |      0 |      0 |          1 |
|             fft_serial_mac_muladd_16s_16s_32s_32_1_1_DSP48_3_U |     bd_0_hls_inst_0_fft_serial_mac_muladd_16s_16s_32s_32_1_1_DSP48_3 |         82 |         82 |       0 |    0 |    0 |      0 |      0 |          1 |
|           mac_mulsub_16s_16s_32s_32_1_1_U89                    |             bd_0_hls_inst_0_fft_serial_mac_mulsub_16s_16s_32s_32_1_1 |         65 |         65 |       0 |    0 |    0 |      0 |      0 |          1 |
|             fft_serial_mac_mulsub_16s_16s_32s_32_1_1_DSP48_2_U |     bd_0_hls_inst_0_fft_serial_mac_mulsub_16s_16s_32s_32_1_1_DSP48_2 |         65 |         65 |       0 |    0 |    0 |      0 |      0 |          1 |
|           mul_16s_16s_32_4_1_U87                               |                        bd_0_hls_inst_0_fft_serial_mul_16s_16s_32_4_1 |          0 |          0 |       0 |    0 |    0 |      0 |      0 |          1 |
|           mul_16s_16s_32_4_1_U88                               |                     bd_0_hls_inst_0_fft_serial_mul_16s_16s_32_4_1_16 |         15 |         15 |       0 |    0 |    0 |      0 |      0 |          1 |
|         grp_fft_serial_Pipeline_bfly_loop_fu_279               |             bd_0_hls_inst_0_fft_serial_fft_serial_Pipeline_bfly_loop |        203 |        185 |       0 |   18 |  157 |      0 |      0 |          2 |
|           (grp_fft_serial_Pipeline_bfly_loop_fu_279)           |             bd_0_hls_inst_0_fft_serial_fft_serial_Pipeline_bfly_loop |        154 |        136 |       0 |   18 |  155 |      0 |      0 |          1 |
|           flow_control_loop_pipe_sequential_init_U             | bd_0_hls_inst_0_fft_serial_flow_control_loop_pipe_sequential_init_14 |         18 |         18 |       0 |    0 |    2 |      0 |      0 |          0 |
|           mul_16s_16ns_32_4_1_U9                               |                       bd_0_hls_inst_0_fft_serial_mul_16s_16ns_32_4_1 |         31 |         31 |       0 |    0 |    0 |      0 |      0 |          1 |
|         grp_fft_serial_Pipeline_load_loop_fu_263               |             bd_0_hls_inst_0_fft_serial_fft_serial_Pipeline_load_loop |        143 |        132 |       0 |   11 |  201 |      0 |      0 |          0 |
|           (grp_fft_serial_Pipeline_load_loop_fu_263)           |             bd_0_hls_inst_0_fft_serial_fft_serial_Pipeline_load_loop |        108 |         97 |       0 |   11 |  199 |      0 |      0 |          0 |
|           flow_control_loop_pipe_sequential_init_U             | bd_0_hls_inst_0_fft_serial_flow_control_loop_pipe_sequential_init_13 |         53 |         53 |       0 |    0 |    2 |      0 |      0 |          0 |
|         grp_fft_serial_Pipeline_scan_loop10_fu_393             |           bd_0_hls_inst_0_fft_serial_fft_serial_Pipeline_scan_loop10 |         29 |         29 |       0 |    0 |   23 |      0 |      0 |          0 |
|           (grp_fft_serial_Pipeline_scan_loop10_fu_393)         |           bd_0_hls_inst_0_fft_serial_fft_serial_Pipeline_scan_loop10 |         11 |         11 |       0 |    0 |   21 |      0 |      0 |          0 |
|           flow_control_loop_pipe_sequential_init_U             | bd_0_hls_inst_0_fft_serial_flow_control_loop_pipe_sequential_init_12 |         18 |         18 |       0 |    0 |    2 |      0 |      0 |          0 |
|         grp_fft_serial_Pipeline_scan_loop12_fu_415             |           bd_0_hls_inst_0_fft_serial_fft_serial_Pipeline_scan_loop12 |         48 |         48 |       0 |    0 |   23 |      0 |      0 |          0 |
|           (grp_fft_serial_Pipeline_scan_loop12_fu_415)         |           bd_0_hls_inst_0_fft_serial_fft_serial_Pipeline_scan_loop12 |         11 |         11 |       0 |    0 |   21 |      0 |      0 |          0 |
|           flow_control_loop_pipe_sequential_init_U             | bd_0_hls_inst_0_fft_serial_flow_control_loop_pipe_sequential_init_11 |         37 |         37 |       0 |    0 |    2 |      0 |      0 |          0 |
|         grp_fft_serial_Pipeline_scan_loop14_fu_437             |           bd_0_hls_inst_0_fft_serial_fft_serial_Pipeline_scan_loop14 |         43 |         43 |       0 |    0 |   23 |      0 |      0 |          0 |
|           (grp_fft_serial_Pipeline_scan_loop14_fu_437)         |           bd_0_hls_inst_0_fft_serial_fft_serial_Pipeline_scan_loop14 |         10 |         10 |       0 |    0 |   21 |      0 |      0 |          0 |
|           flow_control_loop_pipe_sequential_init_U             | bd_0_hls_inst_0_fft_serial_flow_control_loop_pipe_sequential_init_10 |         33 |         33 |       0 |    0 |    2 |      0 |      0 |          0 |
|         grp_fft_serial_Pipeline_scan_loop16_fu_459             |           bd_0_hls_inst_0_fft_serial_fft_serial_Pipeline_scan_loop16 |         32 |         32 |       0 |    0 |   23 |      0 |      0 |          0 |
|           (grp_fft_serial_Pipeline_scan_loop16_fu_459)         |           bd_0_hls_inst_0_fft_serial_fft_serial_Pipeline_scan_loop16 |         10 |         10 |       0 |    0 |   21 |      0 |      0 |          0 |
|           flow_control_loop_pipe_sequential_init_U             |  bd_0_hls_inst_0_fft_serial_flow_control_loop_pipe_sequential_init_9 |         22 |         22 |       0 |    0 |    2 |      0 |      0 |          0 |
|         grp_fft_serial_Pipeline_scan_loop18_fu_481             |           bd_0_hls_inst_0_fft_serial_fft_serial_Pipeline_scan_loop18 |         48 |         48 |       0 |    0 |   23 |      0 |      0 |          0 |
|           (grp_fft_serial_Pipeline_scan_loop18_fu_481)         |           bd_0_hls_inst_0_fft_serial_fft_serial_Pipeline_scan_loop18 |         10 |         10 |       0 |    0 |   21 |      0 |      0 |          0 |
|           flow_control_loop_pipe_sequential_init_U             |  bd_0_hls_inst_0_fft_serial_flow_control_loop_pipe_sequential_init_8 |         38 |         38 |       0 |    0 |    2 |      0 |      0 |          0 |
|         grp_fft_serial_Pipeline_scan_loop2_fu_305              |            bd_0_hls_inst_0_fft_serial_fft_serial_Pipeline_scan_loop2 |         40 |         40 |       0 |    0 |   23 |      0 |      0 |          0 |
|           (grp_fft_serial_Pipeline_scan_loop2_fu_305)          |            bd_0_hls_inst_0_fft_serial_fft_serial_Pipeline_scan_loop2 |         11 |         11 |       0 |    0 |   21 |      0 |      0 |          0 |
|           flow_control_loop_pipe_sequential_init_U             |  bd_0_hls_inst_0_fft_serial_flow_control_loop_pipe_sequential_init_7 |         29 |         29 |       0 |    0 |    2 |      0 |      0 |          0 |
|         grp_fft_serial_Pipeline_scan_loop4_fu_327              |            bd_0_hls_inst_0_fft_serial_fft_serial_Pipeline_scan_loop4 |         32 |         32 |       0 |    0 |   23 |      0 |      0 |          0 |
|           (grp_fft_serial_Pipeline_scan_loop4_fu_327)          |            bd_0_hls_inst_0_fft_serial_fft_serial_Pipeline_scan_loop4 |         11 |         11 |       0 |    0 |   21 |      0 |      0 |          0 |
|           flow_control_loop_pipe_sequential_init_U             |  bd_0_hls_inst_0_fft_serial_flow_control_loop_pipe_sequential_init_6 |         21 |         21 |       0 |    0 |    2 |      0 |      0 |          0 |
|         grp_fft_serial_Pipeline_scan_loop6_fu_349              |            bd_0_hls_inst_0_fft_serial_fft_serial_Pipeline_scan_loop6 |         39 |         39 |       0 |    0 |   23 |      0 |      0 |          0 |
|           (grp_fft_serial_Pipeline_scan_loop6_fu_349)          |            bd_0_hls_inst_0_fft_serial_fft_serial_Pipeline_scan_loop6 |         11 |         11 |       0 |    0 |   21 |      0 |      0 |          0 |
|           flow_control_loop_pipe_sequential_init_U             |  bd_0_hls_inst_0_fft_serial_flow_control_loop_pipe_sequential_init_5 |         28 |         28 |       0 |    0 |    2 |      0 |      0 |          0 |
|         grp_fft_serial_Pipeline_scan_loop8_fu_371              |            bd_0_hls_inst_0_fft_serial_fft_serial_Pipeline_scan_loop8 |         44 |         44 |       0 |    0 |   23 |      0 |      0 |          0 |
|           (grp_fft_serial_Pipeline_scan_loop8_fu_371)          |            bd_0_hls_inst_0_fft_serial_fft_serial_Pipeline_scan_loop8 |         10 |         10 |       0 |    0 |   21 |      0 |      0 |          0 |
|           flow_control_loop_pipe_sequential_init_U             |  bd_0_hls_inst_0_fft_serial_flow_control_loop_pipe_sequential_init_4 |         34 |         34 |       0 |    0 |    2 |      0 |      0 |          0 |
|         grp_fft_serial_Pipeline_scan_loop_fu_287               |             bd_0_hls_inst_0_fft_serial_fft_serial_Pipeline_scan_loop |         61 |         61 |       0 |    0 |   23 |      0 |      0 |          0 |
|           (grp_fft_serial_Pipeline_scan_loop_fu_287)           |             bd_0_hls_inst_0_fft_serial_fft_serial_Pipeline_scan_loop |         11 |         11 |       0 |    0 |   21 |      0 |      0 |          0 |
|           flow_control_loop_pipe_sequential_init_U             |  bd_0_hls_inst_0_fft_serial_flow_control_loop_pipe_sequential_init_3 |         50 |         50 |       0 |    0 |    2 |      0 |      0 |          0 |
|         grp_fft_serial_Pipeline_store_loop_fu_490              |            bd_0_hls_inst_0_fft_serial_fft_serial_Pipeline_store_loop |        172 |        172 |       0 |    0 |  185 |      0 |      0 |          0 |
|           (grp_fft_serial_Pipeline_store_loop_fu_490)          |            bd_0_hls_inst_0_fft_serial_fft_serial_Pipeline_store_loop |        104 |        104 |       0 |    0 |  183 |      0 |      0 |          0 |
|           flow_control_loop_pipe_sequential_init_U             |    bd_0_hls_inst_0_fft_serial_flow_control_loop_pipe_sequential_init |         86 |         86 |       0 |    0 |    2 |      0 |      0 |          0 |
|         im_1_U                                                 |                          bd_0_hls_inst_0_fft_serial_re_RAM_AUTO_1R1W |        353 |        353 |       0 |    0 |    0 |      0 |      1 |          0 |
|         im_U                                                   |                        bd_0_hls_inst_0_fft_serial_re_RAM_AUTO_1R1W_0 |         73 |         73 |       0 |    0 |    0 |      0 |      1 |          0 |
|         re_1_U                                                 |                        bd_0_hls_inst_0_fft_serial_re_RAM_AUTO_1R1W_1 |        501 |        501 |       0 |    0 |    0 |      0 |      1 |          0 |
|         re_U                                                   |                        bd_0_hls_inst_0_fft_serial_re_RAM_AUTO_1R1W_2 |         21 |         21 |       0 |    0 |    0 |      0 |      1 |          0 |
+----------------------------------------------------------------+----------------------------------------------------------------------+------------+------------+---------+------+------+--------+--------+------------+


