

================================================================
== Vitis HLS Report for 'axis_to_word'
================================================================
* Date:           Tue Jun 30 20:57:50 2026

* Version:        2023.2 (Build 4023990 on Oct 11 2023)
* Project:        mdf_fft_hls
* Solution:       solution1 (Vivado IP Flow Target)
* Product family: artix7
* Target device:  xc7a200t-fbg676-2


================================================================
== Performance Estimates
================================================================
+ Timing: 
    * Summary: 
    +--------+----------+----------+------------+
    |  Clock |  Target  | Estimated| Uncertainty|
    +--------+----------+----------+------------+
    |ap_clk  |  10.00 ns|  4.382 ns|     2.70 ns|
    +--------+----------+----------+------------+

+ Latency: 
    * Summary: 
    +---------+---------+----------+----------+-----+-----+---------+
    |  Latency (cycles) |  Latency (absolute) |  Interval | Pipeline|
    |   min   |   max   |    min   |    max   | min | max |   Type  |
    +---------+---------+----------+----------+-----+-----+---------+
    |      258|      258|  2.580 us|  2.580 us|  258|  258|       no|
    +---------+---------+----------+----------+-----+-----+---------+

    + Detail: 
        * Instance: 
        N/A

        * Loop: 
        +--------------------+---------+---------+----------+-----------+-----------+------+----------+
        |                    |  Latency (cycles) | Iteration|  Initiation Interval  | Trip |          |
        |      Loop Name     |   min   |   max   |  Latency |  achieved |   target  | Count| Pipelined|
        +--------------------+---------+---------+----------+-----------+-----------+------+----------+
        |- VITIS_LOOP_301_1  |      256|      256|         2|          1|          1|   256|  yes(flp)|
        +--------------------+---------+---------+----------+-----------+-----------+------+----------+

============================================================
+ Verbose Summary: Synthesis Manager
============================================================
InlineROM: 1
ExposeGlobal: 0
============================================================
+ Verbose Summary: CDFG Model
============================================================
IsTopModel: 0
ResetActiveHigh: 1
IsCombinational: 2
IsDatapathOnly: 0
HasWiredReturn: 1
HasMFsm: 1
HasVarLatency: 1
IsPipeline: 0
IsRtlPipelined: 0
IsInstanceOverlapped: 0
IsDontTouch: 0
HasImplIP: 0
IsGatedGlobalClock: 0

+ Individual pipeline summary: 
  * Pipeline-0: initiation interval (II) = 1, depth = 2


============================================================
+ Verbose Summary: Schedule
============================================================
* Number of FSM states : 2
* Pipeline : 1
  Pipeline-0 : II = 1, D = 2, States = { 1 2 }
* Dataflow Pipeline: 0

* FSM state transitions: 
1 --> 2 
2 --> 

* FSM state operations: 

State 1 <SV = 0> <Delay = 4.38>
ST_1 : Operation 5 [1/1] (0.00ns)   --->   "%i = alloca i32 1" [mdf_fft/fft_mdf.cpp:301]   --->   Operation 5 'alloca' 'i' <Predicate = true> <Delay = 0.00>
ST_1 : Operation 6 [1/1] (0.00ns)   --->   "%specaxissidechannel_ln0 = specaxissidechannel void @_ssdm_op_SpecAXISSideChannel, i128 %s_in_V_data_V, i16 %s_in_V_keep_V, i16 %s_in_V_strb_V, i1 %s_in_V_user_V, i1 %s_in_V_last_V, i1 %s_in_V_id_V, i1 %s_in_V_dest_V, void @empty_4"   --->   Operation 6 'specaxissidechannel' 'specaxissidechannel_ln0' <Predicate = true> <Delay = 0.00>
ST_1 : Operation 7 [1/1] (0.00ns)   --->   "%specinterface_ln0 = specinterface void @_ssdm_op_SpecInterface, i129 %w_in, void @empty_10, i32 0, i32 0, void @empty_9, i32 0, i32 0, void @empty_9, void @empty_9, void @empty_9, i32 0, i32 0, i32 0, i32 0, void @empty_9, void @empty_9, i32 4294967295, i32 0"   --->   Operation 7 'specinterface' 'specinterface_ln0' <Predicate = true> <Delay = 0.00>
ST_1 : Operation 8 [1/1] (0.00ns)   --->   "%specinterface_ln0 = specinterface void @_ssdm_op_SpecInterface, i1 %s_in_V_dest_V, i1 %s_in_V_id_V, i1 %s_in_V_last_V, i1 %s_in_V_user_V, i16 %s_in_V_strb_V, i16 %s_in_V_keep_V, i128 %s_in_V_data_V, void @empty_11, i32 1, i32 1, void @empty_7, i32 0, i32 0, void @empty_9, void @empty_9, void @empty_9, i32 0, i32 0, i32 0, i32 0, void @empty_9, void @empty_9, i32 4294967295, i32 0"   --->   Operation 8 'specinterface' 'specinterface_ln0' <Predicate = true> <Delay = 0.00>
ST_1 : Operation 9 [1/1] (1.32ns)   --->   "%store_ln301 = store i9 0, i9 %i" [mdf_fft/fft_mdf.cpp:301]   --->   Operation 9 'store' 'store_ln301' <Predicate = true> <Delay = 1.32>
ST_1 : Operation 10 [1/1] (0.00ns)   --->   "%br_ln301 = br void %for.inc" [mdf_fft/fft_mdf.cpp:301]   --->   Operation 10 'br' 'br_ln301' <Predicate = true> <Delay = 0.00>
ST_1 : Operation 11 [1/1] (0.00ns)   --->   "%i_3 = load i9 %i" [mdf_fft/fft_mdf.cpp:301]   --->   Operation 11 'load' 'i_3' <Predicate = true> <Delay = 0.00>
ST_1 : Operation 12 [1/1] (1.73ns)   --->   "%icmp_ln301 = icmp_eq  i9 %i_3, i9 256" [mdf_fft/fft_mdf.cpp:301]   --->   Operation 12 'icmp' 'icmp_ln301' <Predicate = true> <Delay = 1.73> <CoreInst = "Cmp">   --->   Core 9 'Cmp' <Latency = 0> <II = 1> <Delay = 1.73> <FuncUnit> <Opcode : 'icmp'> <InPorts = 2> <OutPorts = 1>
ST_1 : Operation 13 [1/1] (1.73ns)   --->   "%i_4 = add i9 %i_3, i9 1" [mdf_fft/fft_mdf.cpp:301]   --->   Operation 13 'add' 'i_4' <Predicate = true> <Delay = 1.73> <CoreInst = "Adder">   --->   Core 1 'Adder' <Latency = 0> <II = 1> <Delay = 1.73> <FuncUnit> <Opcode : 'add' 'sub'> <InPorts = 2> <OutPorts = 1>
ST_1 : Operation 14 [1/1] (0.00ns)   --->   "%br_ln301 = br i1 %icmp_ln301, void %for.inc.split, void %for.end" [mdf_fft/fft_mdf.cpp:301]   --->   Operation 14 'br' 'br_ln301' <Predicate = true> <Delay = 0.00>
ST_1 : Operation 15 [1/1] (1.00ns)   --->   "%empty = read i164 @_ssdm_op_Read.axis.volatile.i128P0A.i16P0A.i16P0A.i1P0A.i1P0A.i1P0A.i1P0A, i128 %s_in_V_data_V, i16 %s_in_V_keep_V, i16 %s_in_V_strb_V, i1 %s_in_V_user_V, i1 %s_in_V_last_V, i1 %s_in_V_id_V, i1 %s_in_V_dest_V" [mdf_fft/fft_mdf.cpp:303]   --->   Operation 15 'read' 'empty' <Predicate = (!icmp_ln301)> <Delay = 1.00> <CoreInst = "axis">   --->   Core 115 'axis' <Latency = 0> <II = 1> <Delay = 1.00> <Adapter> <Opcode : >
ST_1 : Operation 16 [1/1] (0.00ns)   --->   "%x_data = extractvalue i164 %empty" [mdf_fft/fft_mdf.cpp:303]   --->   Operation 16 'extractvalue' 'x_data' <Predicate = (!icmp_ln301)> <Delay = 0.00>
ST_1 : Operation 17 [1/1] (0.00ns)   --->   "%x_last = extractvalue i164 %empty" [mdf_fft/fft_mdf.cpp:303]   --->   Operation 17 'extractvalue' 'x_last' <Predicate = (!icmp_ln301)> <Delay = 0.00>
ST_1 : Operation 18 [1/1] (1.32ns)   --->   "%store_ln301 = store i9 %i_4, i9 %i" [mdf_fft/fft_mdf.cpp:301]   --->   Operation 18 'store' 'store_ln301' <Predicate = (!icmp_ln301)> <Delay = 1.32>

State 2 <SV = 1> <Delay = 3.39>
ST_2 : Operation 19 [1/1] (0.00ns)   --->   "%specpipeline_ln302 = specpipeline void @_ssdm_op_SpecPipeline, i32 1, i32 0, i32 0, i32 0, void @empty_9" [mdf_fft/fft_mdf.cpp:302]   --->   Operation 19 'specpipeline' 'specpipeline_ln302' <Predicate = (!icmp_ln301)> <Delay = 0.00>
ST_2 : Operation 20 [1/1] (0.00ns)   --->   "%speclooptripcount_ln301 = speclooptripcount void @_ssdm_op_SpecLoopTripCount, i64 256, i64 256, i64 256" [mdf_fft/fft_mdf.cpp:301]   --->   Operation 20 'speclooptripcount' 'speclooptripcount_ln301' <Predicate = (!icmp_ln301)> <Delay = 0.00>
ST_2 : Operation 21 [1/1] (0.00ns)   --->   "%specloopname_ln301 = specloopname void @_ssdm_op_SpecLoopName, void @empty_8" [mdf_fft/fft_mdf.cpp:301]   --->   Operation 21 'specloopname' 'specloopname_ln301' <Predicate = (!icmp_ln301)> <Delay = 0.00>
ST_2 : Operation 22 [1/1] (0.00ns)   --->   "%tmp_s = bitconcatenate i129 @_ssdm_op_BitConcatenate.i129.i1.i128, i1 %x_last, i128 %x_data" [mdf_fft/fft_mdf.cpp:307]   --->   Operation 22 'bitconcatenate' 'tmp_s' <Predicate = (!icmp_ln301)> <Delay = 0.00>
ST_2 : Operation 23 [1/1] (3.39ns)   --->   "%write_ln307 = write void @_ssdm_op_Write.ap_fifo.volatile.i129P0A, i129 %w_in, i129 %tmp_s" [mdf_fft/fft_mdf.cpp:307]   --->   Operation 23 'write' 'write_ln307' <Predicate = (!icmp_ln301)> <Delay = 3.39> <CoreInst = "FIFO">   --->   Core 78 'FIFO' <Latency = 0> <II = 1> <Delay = 3.39> <Storage> <Opcode : 'read' 'write' 'nbread' 'nbwrite'> <Ports = 0> <Width = 129> <Depth = 260> <FIFO>
ST_2 : Operation 24 [1/1] (0.00ns)   --->   "%br_ln301 = br void %for.inc" [mdf_fft/fft_mdf.cpp:301]   --->   Operation 24 'br' 'br_ln301' <Predicate = (!icmp_ln301)> <Delay = 0.00>
ST_2 : Operation 25 [1/1] (0.00ns)   --->   "%ret_ln309 = ret" [mdf_fft/fft_mdf.cpp:309]   --->   Operation 25 'ret' 'ret_ln309' <Predicate = (icmp_ln301)> <Delay = 0.00>


============================================================
+ Verbose Summary: Binding
============================================================
STG Binding: 
---------------- STG Properties BEGIN ----------------
- Is combinational: 0
- Is one-state seq: 0
- Is datapath-only: 0
- Is pipelined: 0
- Is top level: 0
Port [ Return ] is wired: 1; IO mode=ap_ctrl_hs:ce=0
Port [ s_in_V_data_V]:  wired=1; compound=1; hidden=0; nouse=0; global=0; static=0; extern=0; dir=0; type=0; pingpong=0; private_global=0; IO mode=axis:ce=0
Port [ s_in_V_keep_V]:  wired=1; compound=1; hidden=0; nouse=0; global=0; static=0; extern=0; dir=0; type=0; pingpong=0; private_global=0; IO mode=axis:ce=0
Port [ s_in_V_strb_V]:  wired=1; compound=1; hidden=0; nouse=0; global=0; static=0; extern=0; dir=0; type=0; pingpong=0; private_global=0; IO mode=axis:ce=0
Port [ s_in_V_user_V]:  wired=1; compound=1; hidden=0; nouse=0; global=0; static=0; extern=0; dir=0; type=0; pingpong=0; private_global=0; IO mode=axis:ce=0
Port [ s_in_V_last_V]:  wired=1; compound=1; hidden=0; nouse=0; global=0; static=0; extern=0; dir=0; type=0; pingpong=0; private_global=0; IO mode=axis:ce=0
Port [ s_in_V_id_V]:  wired=1; compound=1; hidden=0; nouse=0; global=0; static=0; extern=0; dir=0; type=0; pingpong=0; private_global=0; IO mode=axis:ce=0
Port [ s_in_V_dest_V]:  wired=1; compound=1; hidden=0; nouse=0; global=0; static=0; extern=0; dir=0; type=0; pingpong=0; private_global=0; IO mode=axis:ce=0
Port [ w_in]:  wired=1; compound=1; hidden=0; nouse=0; global=0; static=0; extern=0; dir=1; type=3; pingpong=0; private_global=0; IO mode=ap_fifo:ce=0
---------------- STG Properties END ------------------

---------------- Datapath Model BEGIN ----------------

<LifeTime>
<method=bitvector/>
i                       (alloca             ) [ 010]
specaxissidechannel_ln0 (specaxissidechannel) [ 000]
specinterface_ln0       (specinterface      ) [ 000]
specinterface_ln0       (specinterface      ) [ 000]
store_ln301             (store              ) [ 000]
br_ln301                (br                 ) [ 000]
i_3                     (load               ) [ 000]
icmp_ln301              (icmp               ) [ 011]
i_4                     (add                ) [ 000]
br_ln301                (br                 ) [ 000]
empty                   (read               ) [ 000]
x_data                  (extractvalue       ) [ 011]
x_last                  (extractvalue       ) [ 011]
store_ln301             (store              ) [ 000]
specpipeline_ln302      (specpipeline       ) [ 000]
speclooptripcount_ln301 (speclooptripcount  ) [ 000]
specloopname_ln301      (specloopname       ) [ 000]
tmp_s                   (bitconcatenate     ) [ 000]
write_ln307             (write              ) [ 000]
br_ln301                (br                 ) [ 000]
ret_ln309               (ret                ) [ 000]
</LifeTime>

<model>

<comp_list>
<comp id="0" class="1000" name="s_in_V_data_V">
<pin_list>
<pin id="1" dir="1" index="0" bw="1" slack="0"/>
</pin_list>
<bind>
<StgValue><ssdm name="s_in_V_data_V"/></StgValue>
</bind>
</comp>

<comp id="2" class="1000" name="s_in_V_keep_V">
<pin_list>
<pin id="3" dir="1" index="0" bw="1" slack="0"/>
</pin_list>
<bind>
<StgValue><ssdm name="s_in_V_keep_V"/></StgValue>
</bind>
</comp>

<comp id="4" class="1000" name="s_in_V_strb_V">
<pin_list>
<pin id="5" dir="1" index="0" bw="1" slack="0"/>
</pin_list>
<bind>
<StgValue><ssdm name="s_in_V_strb_V"/></StgValue>
</bind>
</comp>

<comp id="6" class="1000" name="s_in_V_user_V">
<pin_list>
<pin id="7" dir="1" index="0" bw="1" slack="0"/>
</pin_list>
<bind>
<StgValue><ssdm name="s_in_V_user_V"/></StgValue>
</bind>
</comp>

<comp id="8" class="1000" name="s_in_V_last_V">
<pin_list>
<pin id="9" dir="1" index="0" bw="1" slack="0"/>
</pin_list>
<bind>
<StgValue><ssdm name="s_in_V_last_V"/></StgValue>
</bind>
</comp>

<comp id="10" class="1000" name="s_in_V_id_V">
<pin_list>
<pin id="11" dir="1" index="0" bw="1" slack="0"/>
</pin_list>
<bind>
<StgValue><ssdm name="s_in_V_id_V"/></StgValue>
</bind>
</comp>

<comp id="12" class="1000" name="s_in_V_dest_V">
<pin_list>
<pin id="13" dir="1" index="0" bw="1" slack="0"/>
</pin_list>
<bind>
<StgValue><ssdm name="s_in_V_dest_V"/></StgValue>
</bind>
</comp>

<comp id="14" class="1000" name="w_in">
<pin_list>
<pin id="15" dir="1" index="0" bw="1" slack="0"/>
</pin_list>
<bind>
<StgValue><ssdm name="w_in"/></StgValue>
</bind>
</comp>

<comp id="16" class="1001" name="const_16">
<pin_list>
<pin id="17" dir="1" index="0" bw="1" slack="0"/>
</pin_list>
<bind>
<StgValue><ssdm name=""/></StgValue>
</bind>
</comp>

<comp id="18" class="1001" name="const_18">
<pin_list>
<pin id="19" dir="1" index="0" bw="1" slack="2147483647"/>
</pin_list>
<bind>
<StgValue><ssdm name="_ssdm_op_SpecAXISSideChannel"/></StgValue>
</bind>
</comp>

<comp id="20" class="1001" name="const_20">
<pin_list>
<pin id="21" dir="1" index="0" bw="1" slack="2147483647"/>
</pin_list>
<bind>
<StgValue><ssdm name="empty_4"/></StgValue>
</bind>
</comp>

<comp id="22" class="1001" name="const_22">
<pin_list>
<pin id="23" dir="1" index="0" bw="1" slack="2147483647"/>
</pin_list>
<bind>
<StgValue><ssdm name="_ssdm_op_SpecInterface"/></StgValue>
</bind>
</comp>

<comp id="24" class="1001" name="const_24">
<pin_list>
<pin id="25" dir="1" index="0" bw="1" slack="2147483647"/>
</pin_list>
<bind>
<StgValue><ssdm name="empty_10"/></StgValue>
</bind>
</comp>

<comp id="26" class="1001" name="const_26">
<pin_list>
<pin id="27" dir="1" index="0" bw="1" slack="2147483647"/>
</pin_list>
<bind>
<StgValue><ssdm name=""/></StgValue>
</bind>
</comp>

<comp id="28" class="1001" name="const_28">
<pin_list>
<pin id="29" dir="1" index="0" bw="1" slack="2147483647"/>
</pin_list>
<bind>
<StgValue><ssdm name="empty_9"/></StgValue>
</bind>
</comp>

<comp id="30" class="1001" name="const_30">
<pin_list>
<pin id="31" dir="1" index="0" bw="1" slack="2147483647"/>
</pin_list>
<bind>
<StgValue><ssdm name=""/></StgValue>
</bind>
</comp>

<comp id="32" class="1001" name="const_32">
<pin_list>
<pin id="33" dir="1" index="0" bw="1" slack="2147483647"/>
</pin_list>
<bind>
<StgValue><ssdm name="empty_11"/></StgValue>
</bind>
</comp>

<comp id="34" class="1001" name="const_34">
<pin_list>
<pin id="35" dir="1" index="0" bw="1" slack="2147483647"/>
</pin_list>
<bind>
<StgValue><ssdm name="empty_7"/></StgValue>
</bind>
</comp>

<comp id="36" class="1001" name="const_36">
<pin_list>
<pin id="37" dir="1" index="0" bw="1" slack="0"/>
</pin_list>
<bind>
<StgValue><ssdm name=""/></StgValue>
</bind>
</comp>

<comp id="38" class="1001" name="const_38">
<pin_list>
<pin id="39" dir="1" index="0" bw="1" slack="0"/>
</pin_list>
<bind>
<StgValue><ssdm name=""/></StgValue>
</bind>
</comp>

<comp id="40" class="1001" name="const_40">
<pin_list>
<pin id="41" dir="1" index="0" bw="1" slack="0"/>
</pin_list>
<bind>
<StgValue><ssdm name=""/></StgValue>
</bind>
</comp>

<comp id="42" class="1001" name="const_42">
<pin_list>
<pin id="43" dir="1" index="0" bw="1" slack="0"/>
</pin_list>
<bind>
<StgValue><ssdm name="_ssdm_op_Read.axis.volatile.i128P0A.i16P0A.i16P0A.i1P0A.i1P0A.i1P0A.i1P0A"/></StgValue>
</bind>
</comp>

<comp id="44" class="1001" name="const_44">
<pin_list>
<pin id="45" dir="1" index="0" bw="1" slack="2147483647"/>
</pin_list>
<bind>
<StgValue><ssdm name="_ssdm_op_SpecPipeline"/></StgValue>
</bind>
</comp>

<comp id="46" class="1001" name="const_46">
<pin_list>
<pin id="47" dir="1" index="0" bw="1" slack="2147483647"/>
</pin_list>
<bind>
<StgValue><ssdm name="_ssdm_op_SpecLoopTripCount"/></StgValue>
</bind>
</comp>

<comp id="48" class="1001" name="const_48">
<pin_list>
<pin id="49" dir="1" index="0" bw="1" slack="2147483647"/>
</pin_list>
<bind>
<StgValue><ssdm name=""/></StgValue>
</bind>
</comp>

<comp id="50" class="1001" name="const_50">
<pin_list>
<pin id="51" dir="1" index="0" bw="1" slack="2147483647"/>
</pin_list>
<bind>
<StgValue><ssdm name="_ssdm_op_SpecLoopName"/></StgValue>
</bind>
</comp>

<comp id="52" class="1001" name="const_52">
<pin_list>
<pin id="53" dir="1" index="0" bw="1" slack="2147483647"/>
</pin_list>
<bind>
<StgValue><ssdm name="empty_8"/></StgValue>
</bind>
</comp>

<comp id="54" class="1001" name="const_54">
<pin_list>
<pin id="55" dir="1" index="0" bw="1" slack="0"/>
</pin_list>
<bind>
<StgValue><ssdm name="_ssdm_op_BitConcatenate.i129.i1.i128"/></StgValue>
</bind>
</comp>

<comp id="56" class="1001" name="const_56">
<pin_list>
<pin id="57" dir="1" index="0" bw="1" slack="0"/>
</pin_list>
<bind>
<StgValue><ssdm name="_ssdm_op_Write.ap_fifo.volatile.i129P0A"/></StgValue>
</bind>
</comp>

<comp id="58" class="1004" name="i_fu_58">
<pin_list>
<pin id="59" dir="0" index="0" bw="1" slack="0"/>
<pin id="60" dir="1" index="1" bw="9" slack="0"/>
</pin_list>
<bind>
<opcode="alloca(26) " fcode="alloca"/>
<opset="i/1 "/>
</bind>
</comp>

<comp id="62" class="1004" name="empty_read_fu_62">
<pin_list>
<pin id="63" dir="0" index="0" bw="164" slack="0"/>
<pin id="64" dir="0" index="1" bw="128" slack="0"/>
<pin id="65" dir="0" index="2" bw="16" slack="0"/>
<pin id="66" dir="0" index="3" bw="16" slack="0"/>
<pin id="67" dir="0" index="4" bw="1" slack="0"/>
<pin id="68" dir="0" index="5" bw="1" slack="0"/>
<pin id="69" dir="0" index="6" bw="1" slack="0"/>
<pin id="70" dir="0" index="7" bw="1" slack="0"/>
<pin id="71" dir="1" index="8" bw="164" slack="0"/>
</pin_list>
<bind>
<opcode="read(1150) " fcode="read"/>
<opset="empty/1 "/>
</bind>
</comp>

<comp id="80" class="1004" name="write_ln307_write_fu_80">
<pin_list>
<pin id="81" dir="0" index="0" bw="0" slack="0"/>
<pin id="82" dir="0" index="1" bw="129" slack="0"/>
<pin id="83" dir="0" index="2" bw="129" slack="0"/>
<pin id="84" dir="1" index="3" bw="0" slack="2147483647"/>
</pin_list>
<bind>
<opcode="write(1151) " fcode="write"/>
<opset="write_ln307/2 "/>
</bind>
</comp>

<comp id="87" class="1004" name="store_ln301_store_fu_87">
<pin_list>
<pin id="88" dir="0" index="0" bw="1" slack="0"/>
<pin id="89" dir="0" index="1" bw="9" slack="0"/>
<pin id="90" dir="1" index="2" bw="0" slack="2147483647"/>
</pin_list>
<bind>
<opcode="store(28) " fcode="store"/>
<opset="store_ln301/1 "/>
</bind>
</comp>

<comp id="92" class="1004" name="i_3_load_fu_92">
<pin_list>
<pin id="93" dir="0" index="0" bw="9" slack="0"/>
<pin id="94" dir="1" index="1" bw="9" slack="0"/>
</pin_list>
<bind>
<opcode="load(27) " fcode="load"/>
<opset="i_3/1 "/>
</bind>
</comp>

<comp id="95" class="1004" name="icmp_ln301_fu_95">
<pin_list>
<pin id="96" dir="0" index="0" bw="9" slack="0"/>
<pin id="97" dir="0" index="1" bw="9" slack="0"/>
<pin id="98" dir="1" index="2" bw="1" slack="1"/>
</pin_list>
<bind>
<opcode="icmp(45) " fcode="icmp"/>
<opset="icmp_ln301/1 "/>
</bind>
</comp>

<comp id="101" class="1004" name="i_4_fu_101">
<pin_list>
<pin id="102" dir="0" index="0" bw="9" slack="0"/>
<pin id="103" dir="0" index="1" bw="1" slack="0"/>
<pin id="104" dir="1" index="2" bw="9" slack="0"/>
</pin_list>
<bind>
<opcode="add(8) " fcode="add"/>
<opset="i_4/1 "/>
</bind>
</comp>

<comp id="107" class="1004" name="x_data_fu_107">
<pin_list>
<pin id="108" dir="0" index="0" bw="164" slack="0"/>
<pin id="109" dir="1" index="1" bw="128" slack="1"/>
</pin_list>
<bind>
<opcode="extractvalue(56) " fcode="extractvalue"/>
<opset="x_data/1 "/>
</bind>
</comp>

<comp id="111" class="1004" name="x_last_fu_111">
<pin_list>
<pin id="112" dir="0" index="0" bw="164" slack="0"/>
<pin id="113" dir="1" index="1" bw="1" slack="1"/>
</pin_list>
<bind>
<opcode="extractvalue(56) " fcode="extractvalue"/>
<opset="x_last/1 "/>
</bind>
</comp>

<comp id="115" class="1004" name="store_ln301_store_fu_115">
<pin_list>
<pin id="116" dir="0" index="0" bw="9" slack="0"/>
<pin id="117" dir="0" index="1" bw="9" slack="0"/>
<pin id="118" dir="1" index="2" bw="0" slack="2147483647"/>
</pin_list>
<bind>
<opcode="store(28) " fcode="store"/>
<opset="store_ln301/1 "/>
</bind>
</comp>

<comp id="120" class="1004" name="tmp_s_fu_120">
<pin_list>
<pin id="121" dir="0" index="0" bw="129" slack="0"/>
<pin id="122" dir="0" index="1" bw="1" slack="1"/>
<pin id="123" dir="0" index="2" bw="128" slack="1"/>
<pin id="124" dir="1" index="3" bw="129" slack="0"/>
</pin_list>
<bind>
<opcode="bitconcatenate(1004) " fcode="bitconcatenate"/>
<opset="tmp_s/2 "/>
</bind>
</comp>

<comp id="127" class="1005" name="i_reg_127">
<pin_list>
<pin id="128" dir="0" index="0" bw="9" slack="0"/>
<pin id="129" dir="1" index="1" bw="9" slack="0"/>
</pin_list>
<bind>
<opset="i "/>
</bind>
</comp>

<comp id="134" class="1005" name="icmp_ln301_reg_134">
<pin_list>
<pin id="135" dir="0" index="0" bw="1" slack="1"/>
<pin id="136" dir="1" index="1" bw="1" slack="2147483647"/>
</pin_list>
<bind>
<opset="icmp_ln301 "/>
</bind>
</comp>

<comp id="138" class="1005" name="x_data_reg_138">
<pin_list>
<pin id="139" dir="0" index="0" bw="128" slack="1"/>
<pin id="140" dir="1" index="1" bw="128" slack="1"/>
</pin_list>
<bind>
<opset="x_data "/>
</bind>
</comp>

<comp id="143" class="1005" name="x_last_reg_143">
<pin_list>
<pin id="144" dir="0" index="0" bw="1" slack="1"/>
<pin id="145" dir="1" index="1" bw="1" slack="1"/>
</pin_list>
<bind>
<opset="x_last "/>
</bind>
</comp>

</comp_list>

<net_list>
<net id="61"><net_src comp="16" pin="0"/><net_sink comp="58" pin=0"/></net>

<net id="72"><net_src comp="42" pin="0"/><net_sink comp="62" pin=0"/></net>

<net id="73"><net_src comp="0" pin="0"/><net_sink comp="62" pin=1"/></net>

<net id="74"><net_src comp="2" pin="0"/><net_sink comp="62" pin=2"/></net>

<net id="75"><net_src comp="4" pin="0"/><net_sink comp="62" pin=3"/></net>

<net id="76"><net_src comp="6" pin="0"/><net_sink comp="62" pin=4"/></net>

<net id="77"><net_src comp="8" pin="0"/><net_sink comp="62" pin=5"/></net>

<net id="78"><net_src comp="10" pin="0"/><net_sink comp="62" pin=6"/></net>

<net id="79"><net_src comp="12" pin="0"/><net_sink comp="62" pin=7"/></net>

<net id="85"><net_src comp="56" pin="0"/><net_sink comp="80" pin=0"/></net>

<net id="86"><net_src comp="14" pin="0"/><net_sink comp="80" pin=1"/></net>

<net id="91"><net_src comp="36" pin="0"/><net_sink comp="87" pin=0"/></net>

<net id="99"><net_src comp="92" pin="1"/><net_sink comp="95" pin=0"/></net>

<net id="100"><net_src comp="38" pin="0"/><net_sink comp="95" pin=1"/></net>

<net id="105"><net_src comp="92" pin="1"/><net_sink comp="101" pin=0"/></net>

<net id="106"><net_src comp="40" pin="0"/><net_sink comp="101" pin=1"/></net>

<net id="110"><net_src comp="62" pin="8"/><net_sink comp="107" pin=0"/></net>

<net id="114"><net_src comp="62" pin="8"/><net_sink comp="111" pin=0"/></net>

<net id="119"><net_src comp="101" pin="2"/><net_sink comp="115" pin=0"/></net>

<net id="125"><net_src comp="54" pin="0"/><net_sink comp="120" pin=0"/></net>

<net id="126"><net_src comp="120" pin="3"/><net_sink comp="80" pin=2"/></net>

<net id="130"><net_src comp="58" pin="1"/><net_sink comp="127" pin=0"/></net>

<net id="131"><net_src comp="127" pin="1"/><net_sink comp="87" pin=1"/></net>

<net id="132"><net_src comp="127" pin="1"/><net_sink comp="92" pin=0"/></net>

<net id="133"><net_src comp="127" pin="1"/><net_sink comp="115" pin=1"/></net>

<net id="137"><net_src comp="95" pin="2"/><net_sink comp="134" pin=0"/></net>

<net id="141"><net_src comp="107" pin="1"/><net_sink comp="138" pin=0"/></net>

<net id="142"><net_src comp="138" pin="1"/><net_sink comp="120" pin=2"/></net>

<net id="146"><net_src comp="111" pin="1"/><net_sink comp="143" pin=0"/></net>

<net id="147"><net_src comp="143" pin="1"/><net_sink comp="120" pin=1"/></net>

</net_list>

</model> 
---------------- Datapath Model END ------------------

* FSMD analyzer results:
  - Output states:
	Port: w_in | {2 }
 - Input state : 
	Port: axis_to_word : s_in_V_data_V | {1 }
	Port: axis_to_word : s_in_V_keep_V | {1 }
	Port: axis_to_word : s_in_V_strb_V | {1 }
	Port: axis_to_word : s_in_V_user_V | {1 }
	Port: axis_to_word : s_in_V_last_V | {1 }
	Port: axis_to_word : s_in_V_id_V | {1 }
	Port: axis_to_word : s_in_V_dest_V | {1 }
  - Chain level:
	State 1
		store_ln301 : 1
		i_3 : 1
		icmp_ln301 : 2
		i_4 : 2
		br_ln301 : 3
		store_ln301 : 3
	State 2
		write_ln307 : 1


============================================================
+ Verbose Summary: Datapath Resource usage 
============================================================

* Functional unit list:
|----------|-------------------------|---------|---------|
| Operation|     Functional Unit     |    FF   |   LUT   |
|----------|-------------------------|---------|---------|
|   icmp   |     icmp_ln301_fu_95    |    0    |    16   |
|----------|-------------------------|---------|---------|
|    add   |        i_4_fu_101       |    0    |    16   |
|----------|-------------------------|---------|---------|
|   read   |     empty_read_fu_62    |    0    |    0    |
|----------|-------------------------|---------|---------|
|   write  | write_ln307_write_fu_80 |    0    |    0    |
|----------|-------------------------|---------|---------|
|extractvalue|      x_data_fu_107      |    0    |    0    |
|          |      x_last_fu_111      |    0    |    0    |
|----------|-------------------------|---------|---------|
|bitconcatenate|       tmp_s_fu_120      |    0    |    0    |
|----------|-------------------------|---------|---------|
|   Total  |                         |    0    |    32   |
|----------|-------------------------|---------|---------|

Memories:
N/A

* Register list:
+------------------+--------+
|                  |   FF   |
+------------------+--------+
|     i_reg_127    |    9   |
|icmp_ln301_reg_134|    1   |
|  x_data_reg_138  |   128  |
|  x_last_reg_143  |    1   |
+------------------+--------+
|       Total      |   139  |
+------------------+--------+

* Multiplexer (MUX) list: 
|--------|------|------|------|--------|
|  Comp  |  Pin | Size |  BW  | S x BW |
|--------|------|------|------|--------|
|  Total |      |      |      |    0   |
|--------|------|------|------|--------|



* Summary:
+-----------+--------+--------+
|           |   FF   |   LUT  |
+-----------+--------+--------+
|  Function |    0   |   32   |
|   Memory  |    -   |    -   |
|Multiplexer|    -   |    -   |
|  Register |   139  |    -   |
+-----------+--------+--------+
|   Total   |   139  |   32   |
+-----------+--------+--------+
