

================================================================
== Vitis HLS Report for 'Block_ZL8stage_nfILi1EEvRN3hls6streamI10mdf_word_tLi0EEES4_exit_proc20_Pipelin'
================================================================
* Date:           Tue Jun 30 20:57:54 2026

* Version:        2023.2 (Build 4023990 on Oct 11 2023)
* Project:        mdf_fft_hls
* Solution:       solution1 (Vivado IP Flow Target)
* Product family: artix7
* Target device:  xc7a200t-fbg676-2


================================================================
== Performance Estimates
================================================================
+ Timing: 
    * Summary: 
    +--------+----------+----------+------------+
    |  Clock |  Target  | Estimated| Uncertainty|
    +--------+----------+----------+------------+
    |ap_clk  |  10.00 ns|  6.168 ns|     2.70 ns|
    +--------+----------+----------+------------+

+ Latency: 
    * Summary: 
    +---------+---------+----------+----------+-----+-----+---------+
    |  Latency (cycles) |  Latency (absolute) |  Interval | Pipeline|
    |   min   |   max   |    min   |    max   | min | max |   Type  |
    +---------+---------+----------+----------+-----+-----+---------+
    |      258|      258|  2.580 us|  2.580 us|  258|  258|       no|
    +---------+---------+----------+----------+-----+-----+---------+

    + Detail: 
        * Instance: 
        N/A

        * Loop: 
        +--------------+---------+---------+----------+-----------+-----------+------+----------+
        |              |  Latency (cycles) | Iteration|  Initiation Interval  | Trip |          |
        |   Loop Name  |   min   |   max   |  Latency |  achieved |   target  | Count| Pipelined|
        +--------------+---------+---------+----------+-----------+-----------+------+----------+
        |- write_loop  |      256|      256|         2|          1|          1|   256|       yes|
        +--------------+---------+---------+----------+-----------+-----------+------+----------+

============================================================
+ Verbose Summary: Synthesis Manager
============================================================
InlineROM: 1
ExposeGlobal: 0
============================================================
+ Verbose Summary: CDFG Model
============================================================
IsTopModel: 0
ResetActiveHigh: 1
IsCombinational: 0
IsDatapathOnly: 0
HasWiredReturn: 1
HasMFsm: 2
HasVarLatency: 1
IsPipeline: 0
IsRtlPipelined: 0
IsInstanceOverlapped: 0
IsDontTouch: 0
HasImplIP: 0
IsGatedGlobalClock: 0

+ Individual pipeline summary: 
  * Pipeline-0: initiation interval (II) = 1, depth = 2


============================================================
+ Verbose Summary: Schedule
============================================================
* Number of FSM states : 2
* Pipeline : 1
  Pipeline-0 : II = 1, D = 2, States = { 1 2 }
* Dataflow Pipeline: 0

* FSM state transitions: 
1 --> 2 
2 --> 

* FSM state operations: 

State 1 <SV = 0> <Delay = 4.38>
ST_1 : Operation 5 [1/1] (0.00ns)   --->   "%i = alloca i32 1" [mdf_fft/fft_mdf.cpp:258->mdf_fft/fft_mdf.cpp:373]   --->   Operation 5 'alloca' 'i' <Predicate = true> <Delay = 0.00>
ST_1 : Operation 6 [1/1] (0.00ns)   --->   "%specinterface_ln0 = specinterface void @_ssdm_op_SpecInterface, i129 %s9, void @empty_10, i32 0, i32 0, void @empty_9, i32 0, i32 0, void @empty_9, void @empty_9, void @empty_9, i32 0, i32 0, i32 0, i32 0, void @empty_9, void @empty_9, i32 4294967295, i32 0"   --->   Operation 6 'specinterface' 'specinterface_ln0' <Predicate = true> <Delay = 0.00>
ST_1 : Operation 7 [1/1] (0.00ns)   --->   "%tmp = read i1 @_ssdm_op_Read.ap_auto.i1, i1 %empty"   --->   Operation 7 'read' 'tmp' <Predicate = true> <Delay = 0.00>
ST_1 : Operation 8 [1/1] (1.32ns)   --->   "%store_ln258 = store i9 0, i9 %i" [mdf_fft/fft_mdf.cpp:258->mdf_fft/fft_mdf.cpp:373]   --->   Operation 8 'store' 'store_ln258' <Predicate = true> <Delay = 1.32>
ST_1 : Operation 9 [1/1] (0.00ns)   --->   "%br_ln0 = br void %for.cond.i960.i"   --->   Operation 9 'br' 'br_ln0' <Predicate = true> <Delay = 0.00>
ST_1 : Operation 10 [1/1] (0.00ns)   --->   "%i_7 = load i9 %i" [mdf_fft/fft_mdf.cpp:258->mdf_fft/fft_mdf.cpp:373]   --->   Operation 10 'load' 'i_7' <Predicate = true> <Delay = 0.00>
ST_1 : Operation 11 [1/1] (1.73ns)   --->   "%icmp_ln258 = icmp_eq  i9 %i_7, i9 256" [mdf_fft/fft_mdf.cpp:258->mdf_fft/fft_mdf.cpp:373]   --->   Operation 11 'icmp' 'icmp_ln258' <Predicate = true> <Delay = 1.73> <CoreInst = "Cmp">   --->   Core 9 'Cmp' <Latency = 0> <II = 1> <Delay = 1.73> <FuncUnit> <Opcode : 'icmp'> <InPorts = 2> <OutPorts = 1>
ST_1 : Operation 12 [1/1] (1.73ns)   --->   "%i_8 = add i9 %i_7, i9 1" [mdf_fft/fft_mdf.cpp:258->mdf_fft/fft_mdf.cpp:373]   --->   Operation 12 'add' 'i_8' <Predicate = true> <Delay = 1.73> <CoreInst = "Adder">   --->   Core 1 'Adder' <Latency = 0> <II = 1> <Delay = 1.73> <FuncUnit> <Opcode : 'add' 'sub'> <InPorts = 2> <OutPorts = 1>
ST_1 : Operation 13 [1/1] (0.00ns)   --->   "%br_ln258 = br i1 %icmp_ln258, void %for.body.i965.i, void %Block__ZL8stage_nfILi1EEvRN3hls6streamI10mdf_word_tLi0EEES4_.exit_proc20.exit.exitStub" [mdf_fft/fft_mdf.cpp:258->mdf_fft/fft_mdf.cpp:373]   --->   Operation 13 'br' 'br_ln258' <Predicate = true> <Delay = 0.00>
ST_1 : Operation 14 [1/1] (0.00ns)   --->   "%br_ln261 = br i1 %tmp, void %arrayidx22.i.case.0.i, void %arrayidx22.i.case.1.i" [mdf_fft/fft_mdf.cpp:261->mdf_fft/fft_mdf.cpp:373]   --->   Operation 14 'br' 'br_ln261' <Predicate = (!icmp_ln258)> <Delay = 0.00>
ST_1 : Operation 15 [1/1] (1.32ns)   --->   "%store_ln258 = store i9 %i_8, i9 %i" [mdf_fft/fft_mdf.cpp:258->mdf_fft/fft_mdf.cpp:373]   --->   Operation 15 'store' 'store_ln258' <Predicate = (!icmp_ln258)> <Delay = 1.32>
ST_1 : Operation 34 [1/1] (0.00ns)   --->   "%ret_ln0 = ret"   --->   Operation 34 'ret' 'ret_ln0' <Predicate = (icmp_ln258)> <Delay = 0.00>

State 2 <SV = 1> <Delay = 6.16>
ST_2 : Operation 16 [1/1] (0.00ns)   --->   "%specpipeline_ln259 = specpipeline void @_ssdm_op_SpecPipeline, i32 1, i32 0, i32 0, i32 0, void @empty_9" [mdf_fft/fft_mdf.cpp:259->mdf_fft/fft_mdf.cpp:373]   --->   Operation 16 'specpipeline' 'specpipeline_ln259' <Predicate = true> <Delay = 0.00>
ST_2 : Operation 17 [1/1] (0.00ns)   --->   "%speclooptripcount_ln260 = speclooptripcount void @_ssdm_op_SpecLoopTripCount, i64 256, i64 256, i64 256" [mdf_fft/fft_mdf.cpp:260->mdf_fft/fft_mdf.cpp:373]   --->   Operation 17 'speclooptripcount' 'speclooptripcount_ln260' <Predicate = true> <Delay = 0.00>
ST_2 : Operation 18 [1/1] (0.00ns)   --->   "%specloopname_ln258 = specloopname void @_ssdm_op_SpecLoopName, void @empty_5" [mdf_fft/fft_mdf.cpp:258->mdf_fft/fft_mdf.cpp:373]   --->   Operation 18 'specloopname' 'specloopname_ln258' <Predicate = true> <Delay = 0.00>
ST_2 : Operation 19 [1/1] (3.39ns)   --->   "%s9_read = read i129 @_ssdm_op_Read.ap_fifo.volatile.i129P0A, i129 %s9" [mdf_fft/fft_mdf.cpp:260->mdf_fft/fft_mdf.cpp:373]   --->   Operation 19 'read' 's9_read' <Predicate = true> <Delay = 3.39> <CoreInst = "FIFO">   --->   Core 78 'FIFO' <Latency = 0> <II = 1> <Delay = 3.39> <Storage> <Opcode : 'read' 'write' 'nbread' 'nbwrite'> <Ports = 0> <Width = 129> <Depth = 260> <FIFO>
ST_2 : Operation 20 [1/1] (0.00ns)   --->   "%x_data = trunc i129 %s9_read" [mdf_fft/fft_mdf.cpp:260->mdf_fft/fft_mdf.cpp:373]   --->   Operation 20 'trunc' 'x_data' <Predicate = true> <Delay = 0.00>
ST_2 : Operation 21 [1/1] (0.00ns)   --->   "%wr_cnt_load = load i32 %wr_cnt" [mdf_fft/fft_mdf.cpp:261->mdf_fft/fft_mdf.cpp:373]   --->   Operation 21 'load' 'wr_cnt_load' <Predicate = true> <Delay = 0.00>
ST_2 : Operation 22 [1/1] (0.00ns)   --->   "%zext_ln261 = zext i32 %wr_cnt_load" [mdf_fft/fft_mdf.cpp:261->mdf_fft/fft_mdf.cpp:373]   --->   Operation 22 'zext' 'zext_ln261' <Predicate = true> <Delay = 0.00>
ST_2 : Operation 23 [1/1] (0.00ns)   --->   "%bit_reverse_buf_stream_mdf_word_t_0_stream_mdf_word_t_0_bank_addr = getelementptr i128 %bit_reverse_buf_stream_mdf_word_t_0_stream_mdf_word_t_0_bank, i64 0, i64 %zext_ln261" [mdf_fft/fft_mdf.cpp:261->mdf_fft/fft_mdf.cpp:373]   --->   Operation 23 'getelementptr' 'bit_reverse_buf_stream_mdf_word_t_0_stream_mdf_word_t_0_bank_addr' <Predicate = true> <Delay = 0.00>
ST_2 : Operation 24 [1/1] (0.00ns)   --->   "%bit_reverse_buf_stream_mdf_word_t_0_stream_mdf_word_t_0_bank_1_addr = getelementptr i128 %bit_reverse_buf_stream_mdf_word_t_0_stream_mdf_word_t_0_bank_1, i64 0, i64 %zext_ln261" [mdf_fft/fft_mdf.cpp:261->mdf_fft/fft_mdf.cpp:373]   --->   Operation 24 'getelementptr' 'bit_reverse_buf_stream_mdf_word_t_0_stream_mdf_word_t_0_bank_1_addr' <Predicate = true> <Delay = 0.00>
ST_2 : Operation 25 [1/1] (2.77ns)   --->   "%store_ln261 = store i128 %x_data, i8 %bit_reverse_buf_stream_mdf_word_t_0_stream_mdf_word_t_0_bank_addr" [mdf_fft/fft_mdf.cpp:261->mdf_fft/fft_mdf.cpp:373]   --->   Operation 25 'store' 'store_ln261' <Predicate = (!tmp)> <Delay = 2.77> <CoreInst = "RAM">   --->   Core 82 'RAM' <Latency = 1> <II = 1> <Delay = 2.77> <Storage> <Opcode : 'load' 'store'> <Ports = 2> <Width = 128> <Depth = 256> <RAM>
ST_2 : Operation 26 [1/1] (0.00ns)   --->   "%br_ln261 = br void %arrayidx22.i.exit.i" [mdf_fft/fft_mdf.cpp:261->mdf_fft/fft_mdf.cpp:373]   --->   Operation 26 'br' 'br_ln261' <Predicate = (!tmp)> <Delay = 0.00>
ST_2 : Operation 27 [1/1] (2.77ns)   --->   "%store_ln261 = store i128 %x_data, i8 %bit_reverse_buf_stream_mdf_word_t_0_stream_mdf_word_t_0_bank_1_addr" [mdf_fft/fft_mdf.cpp:261->mdf_fft/fft_mdf.cpp:373]   --->   Operation 27 'store' 'store_ln261' <Predicate = (tmp)> <Delay = 2.77> <CoreInst = "RAM">   --->   Core 82 'RAM' <Latency = 1> <II = 1> <Delay = 2.77> <Storage> <Opcode : 'load' 'store'> <Ports = 2> <Width = 128> <Depth = 256> <RAM>
ST_2 : Operation 28 [1/1] (0.00ns)   --->   "%br_ln261 = br void %arrayidx22.i.exit.i" [mdf_fft/fft_mdf.cpp:261->mdf_fft/fft_mdf.cpp:373]   --->   Operation 28 'br' 'br_ln261' <Predicate = (tmp)> <Delay = 0.00>
ST_2 : Operation 29 [1/1] (2.18ns)   --->   "%add_ln262 = add i32 %wr_cnt_load, i32 1" [mdf_fft/fft_mdf.cpp:262->mdf_fft/fft_mdf.cpp:373]   --->   Operation 29 'add' 'add_ln262' <Predicate = true> <Delay = 2.18> <CoreInst = "Adder">   --->   Core 1 'Adder' <Latency = 0> <II = 1> <Delay = 2.18> <FuncUnit> <Opcode : 'add' 'sub'> <InPorts = 2> <OutPorts = 1>
ST_2 : Operation 30 [1/1] (2.18ns)   --->   "%icmp_ln263 = icmp_eq  i32 %add_ln262, i32 256" [mdf_fft/fft_mdf.cpp:263->mdf_fft/fft_mdf.cpp:373]   --->   Operation 30 'icmp' 'icmp_ln263' <Predicate = true> <Delay = 2.18> <CoreInst = "Cmp">   --->   Core 9 'Cmp' <Latency = 0> <II = 1> <Delay = 2.18> <FuncUnit> <Opcode : 'icmp'> <InPorts = 2> <OutPorts = 1>
ST_2 : Operation 31 [1/1] (0.77ns)   --->   "%select_ln263 = select i1 %icmp_ln263, i32 0, i32 %add_ln262" [mdf_fft/fft_mdf.cpp:263->mdf_fft/fft_mdf.cpp:373]   --->   Operation 31 'select' 'select_ln263' <Predicate = true> <Delay = 0.77> <CoreInst = "Sel">   --->   Core 73 'Sel' <Latency = 0> <II = 1> <Delay = 0.77> <FuncUnit> <Opcode : 'select'> <InPorts = 3> <OutPorts = 1>
ST_2 : Operation 32 [1/1] (0.00ns)   --->   "%store_ln263 = store i32 %select_ln263, i32 %wr_cnt" [mdf_fft/fft_mdf.cpp:263->mdf_fft/fft_mdf.cpp:373]   --->   Operation 32 'store' 'store_ln263' <Predicate = true> <Delay = 0.00>
ST_2 : Operation 33 [1/1] (0.00ns)   --->   "%br_ln258 = br void %for.cond.i960.i" [mdf_fft/fft_mdf.cpp:258->mdf_fft/fft_mdf.cpp:373]   --->   Operation 33 'br' 'br_ln258' <Predicate = true> <Delay = 0.00>


============================================================
+ Verbose Summary: Timing violations
============================================================
Target clock period: 10.000ns, clock uncertainty: 2.700ns.

 <State 1>: 4.382ns
The critical path consists of the following:
	'store' operation 0 bit ('store_ln258', mdf_fft/fft_mdf.cpp:258->mdf_fft/fft_mdf.cpp:373) of constant 0 on local variable 'i', mdf_fft/fft_mdf.cpp:258->mdf_fft/fft_mdf.cpp:373 [9]  (1.324 ns)
	'load' operation 9 bit ('i', mdf_fft/fft_mdf.cpp:258->mdf_fft/fft_mdf.cpp:373) on local variable 'i', mdf_fft/fft_mdf.cpp:258->mdf_fft/fft_mdf.cpp:373 [12]  (0.000 ns)
	'icmp' operation 1 bit ('icmp_ln258', mdf_fft/fft_mdf.cpp:258->mdf_fft/fft_mdf.cpp:373) [13]  (1.734 ns)
	'store' operation 0 bit ('store_ln258', mdf_fft/fft_mdf.cpp:258->mdf_fft/fft_mdf.cpp:373) of variable 'i', mdf_fft/fft_mdf.cpp:258->mdf_fft/fft_mdf.cpp:373 on local variable 'i', mdf_fft/fft_mdf.cpp:258->mdf_fft/fft_mdf.cpp:373 [38]  (1.324 ns)

 <State 2>: 6.168ns
The critical path consists of the following:
	fifo read operation ('s9_read', mdf_fft/fft_mdf.cpp:260->mdf_fft/fft_mdf.cpp:373) on port 's9' (mdf_fft/fft_mdf.cpp:260->mdf_fft/fft_mdf.cpp:373) [20]  (3.396 ns)
	'store' operation 0 bit ('store_ln261', mdf_fft/fft_mdf.cpp:261->mdf_fft/fft_mdf.cpp:373) of variable 'x.data', mdf_fft/fft_mdf.cpp:260->mdf_fft/fft_mdf.cpp:373 on array 'bit_reverse_buf_stream_mdf_word_t_0_stream_mdf_word_t_0_bank_1' [31]  (2.772 ns)


============================================================
+ Verbose Summary: Binding
============================================================
N/A
* FSMD analyzer results:
  - Output states:
 - Input state : 
  - Chain level:
	State 1
	State 2


============================================================
+ Verbose Summary: Datapath Resource usage 
============================================================
N/A
