

================================================================
== Vitis HLS Report for 'Block_ZL8stage_nfILi1EEvRN3hls6streamI10mdf_word_tLi0EEES4_exit_proc20'
================================================================
* Date:           Tue Jun 30 20:58:04 2026

* Version:        2023.2 (Build 4023990 on Oct 11 2023)
* Project:        mdf_fft_hls
* Solution:       solution1 (Vivado IP Flow Target)
* Product family: artix7
* Target device:  xc7a200t-fbg676-2


================================================================
== Performance Estimates
================================================================
+ Timing: 
    * Summary: 
    +--------+----------+----------+------------+
    |  Clock |  Target  | Estimated| Uncertainty|
    +--------+----------+----------+------------+
    |ap_clk  |  10.00 ns|  6.168 ns|     2.70 ns|
    +--------+----------+----------+------------+

+ Latency: 
    * Summary: 
    +---------+---------+----------+----------+-----+-----+---------+
    |  Latency (cycles) |  Latency (absolute) |  Interval | Pipeline|
    |   min   |   max   |    min   |    max   | min | max |   Type  |
    +---------+---------+----------+----------+-----+-----+---------+
    |      259|      259|  2.590 us|  2.590 us|  259|  259|       no|
    +---------+---------+----------+----------+-----+-----+---------+

    + Detail: 
        * Instance: 
        +------------------------------------------------------------------------------------------+--------------------------------------------------------------------------------+---------+---------+----------+----------+-----+-----+---------+
        |                                                                                          |                                                                                |  Latency (cycles) |  Latency (absolute) |  Interval | Pipeline|
        |                                         Instance                                         |                                     Module                                     |   min   |   max   |    min   |    max   | min | max |   Type  |
        +------------------------------------------------------------------------------------------+--------------------------------------------------------------------------------+---------+---------+----------+----------+-----+-----+---------+
        |grp_Block_ZL8stage_nfILi1EEvRN3hls6streamI10mdf_word_tLi0EEES4_exit_proc20_Pipelin_fu_26  |Block_ZL8stage_nfILi1EEvRN3hls6streamI10mdf_word_tLi0EEES4_exit_proc20_Pipelin  |      258|      258|  2.580 us|  2.580 us|  258|  258|       no|
        +------------------------------------------------------------------------------------------+--------------------------------------------------------------------------------+---------+---------+----------+----------+-----+-----+---------+

        * Loop: 
        N/A



================================================================
== Utilization Estimates
================================================================
* Summary: 
+-----------------+---------+-----+--------+--------+-----+
|       Name      | BRAM_18K| DSP |   FF   |   LUT  | URAM|
+-----------------+---------+-----+--------+--------+-----+
|DSP              |        -|    -|       -|       -|    -|
|Expression       |        -|    -|       0|      41|    -|
|FIFO             |        -|    -|       -|       -|    -|
|Instance         |        -|    -|      44|     192|    -|
|Memory           |        -|    -|       -|       -|    -|
|Multiplexer      |        -|    -|       -|      31|    -|
|Register         |        -|    -|      37|       -|    -|
+-----------------+---------+-----+--------+--------+-----+
|Total            |        0|    0|      81|     264|    0|
+-----------------+---------+-----+--------+--------+-----+
|Available        |      730|  740|  269200|  134600|    0|
+-----------------+---------+-----+--------+--------+-----+
|Utilization (%)  |        0|    0|      ~0|      ~0|    0|
+-----------------+---------+-----+--------+--------+-----+

+ Detail: 
    * Instance: 
    +------------------------------------------------------------------------------------------+--------------------------------------------------------------------------------+---------+----+----+-----+-----+
    |                                         Instance                                         |                                     Module                                     | BRAM_18K| DSP| FF | LUT | URAM|
    +------------------------------------------------------------------------------------------+--------------------------------------------------------------------------------+---------+----+----+-----+-----+
    |grp_Block_ZL8stage_nfILi1EEvRN3hls6streamI10mdf_word_tLi0EEES4_exit_proc20_Pipelin_fu_26  |Block_ZL8stage_nfILi1EEvRN3hls6streamI10mdf_word_tLi0EEES4_exit_proc20_Pipelin  |        0|   0|  44|  192|    0|
    +------------------------------------------------------------------------------------------+--------------------------------------------------------------------------------+---------+----+----+-----+-----+
    |Total                                                                                     |                                                                                |        0|   0|  44|  192|    0|
    +------------------------------------------------------------------------------------------+--------------------------------------------------------------------------------+---------+----+----+-----+-----+

    * DSP: 
    N/A

    * Memory: 
    N/A

    * FIFO: 
    N/A

    * Expression: 
    +--------------------+----------+----+---+----+------------+------------+
    |    Variable Name   | Operation| DSP| FF| LUT| Bitwidth P0| Bitwidth P1|
    +--------------------+----------+----+---+----+------------+------------+
    |sub_ln268_fu_48_p2  |         -|   0|  0|  39|           1|          32|
    |ap_block_state1     |        or|   0|  0|   2|           1|           1|
    +--------------------+----------+----+---+----+------------+------------+
    |Total               |          |   0|  0|  41|           2|          33|
    +--------------------+----------+----+---+----+------------+------------+

    * Multiplexer: 
    +-----------+----+-----------+-----+-----------+
    |    Name   | LUT| Input Size| Bits| Total Bits|
    +-----------+----+-----------+-----+-----------+
    |ap_NS_fsm  |  13|          3|    1|          3|
    |ap_done    |   9|          2|    1|          2|
    |s9_read    |   9|          2|    1|          2|
    +-----------+----+-----------+-----+-----------+
    |Total      |  31|          7|    3|          7|
    +-----------+----+-----------+-----+-----------+

    * Register: 
    +-------------------------------------------------------------------------------------------------------+----+----+-----+-----------+
    |                                                  Name                                                 | FF | LUT| Bits| Const Bits|
    +-------------------------------------------------------------------------------------------------------+----+----+-----+-----------+
    |ap_CS_fsm                                                                                              |   2|   0|    2|          0|
    |ap_done_reg                                                                                            |   1|   0|    1|          0|
    |empty_reg_60                                                                                           |   1|   0|    1|          0|
    |grp_Block_ZL8stage_nfILi1EEvRN3hls6streamI10mdf_word_tLi0EEES4_exit_proc20_Pipelin_fu_26_ap_start_reg  |   1|   0|    1|          0|
    |wr_bank                                                                                                |  32|   0|   32|          0|
    +-------------------------------------------------------------------------------------------------------+----+----+-----+-----------+
    |Total                                                                                                  |  37|   0|   37|          0|
    +-------------------------------------------------------------------------------------------------------+----+----+-----+-----------+



================================================================
== Interface
================================================================
* Summary: 
+-------------------------------------------------------------------------+-----+-----+------------+--------------------------------------------------------------------------+--------------+
|                                RTL Ports                                | Dir | Bits|  Protocol  |                               Source Object                              |    C Type    |
+-------------------------------------------------------------------------+-----+-----+------------+--------------------------------------------------------------------------+--------------+
|ap_clk                                                                   |   in|    1|  ap_ctrl_hs|  Block__ZL8stage_nfILi1EEvRN3hls6streamI10mdf_word_tLi0EEES4_.exit_proc20|  return value|
|ap_rst                                                                   |   in|    1|  ap_ctrl_hs|  Block__ZL8stage_nfILi1EEvRN3hls6streamI10mdf_word_tLi0EEES4_.exit_proc20|  return value|
|ap_start                                                                 |   in|    1|  ap_ctrl_hs|  Block__ZL8stage_nfILi1EEvRN3hls6streamI10mdf_word_tLi0EEES4_.exit_proc20|  return value|
|ap_done                                                                  |  out|    1|  ap_ctrl_hs|  Block__ZL8stage_nfILi1EEvRN3hls6streamI10mdf_word_tLi0EEES4_.exit_proc20|  return value|
|ap_continue                                                              |   in|    1|  ap_ctrl_hs|  Block__ZL8stage_nfILi1EEvRN3hls6streamI10mdf_word_tLi0EEES4_.exit_proc20|  return value|
|ap_idle                                                                  |  out|    1|  ap_ctrl_hs|  Block__ZL8stage_nfILi1EEvRN3hls6streamI10mdf_word_tLi0EEES4_.exit_proc20|  return value|
|ap_ready                                                                 |  out|    1|  ap_ctrl_hs|  Block__ZL8stage_nfILi1EEvRN3hls6streamI10mdf_word_tLi0EEES4_.exit_proc20|  return value|
|ap_return                                                                |  out|    1|  ap_ctrl_hs|  Block__ZL8stage_nfILi1EEvRN3hls6streamI10mdf_word_tLi0EEES4_.exit_proc20|  return value|
|s9_dout                                                                  |   in|  129|     ap_fifo|                                                                        s9|       pointer|
|s9_num_data_valid                                                        |   in|   10|     ap_fifo|                                                                        s9|       pointer|
|s9_fifo_cap                                                              |   in|   10|     ap_fifo|                                                                        s9|       pointer|
|s9_empty_n                                                               |   in|    1|     ap_fifo|                                                                        s9|       pointer|
|s9_read                                                                  |  out|    1|     ap_fifo|                                                                        s9|       pointer|
|bit_reverse_buf_stream_mdf_word_t_0_stream_mdf_word_t_0_bank_address0    |  out|    8|   ap_memory|              bit_reverse_buf_stream_mdf_word_t_0_stream_mdf_word_t_0_bank|         array|
|bit_reverse_buf_stream_mdf_word_t_0_stream_mdf_word_t_0_bank_ce0         |  out|    1|   ap_memory|              bit_reverse_buf_stream_mdf_word_t_0_stream_mdf_word_t_0_bank|         array|
|bit_reverse_buf_stream_mdf_word_t_0_stream_mdf_word_t_0_bank_we0         |  out|    1|   ap_memory|              bit_reverse_buf_stream_mdf_word_t_0_stream_mdf_word_t_0_bank|         array|
|bit_reverse_buf_stream_mdf_word_t_0_stream_mdf_word_t_0_bank_d0          |  out|  128|   ap_memory|              bit_reverse_buf_stream_mdf_word_t_0_stream_mdf_word_t_0_bank|         array|
|bit_reverse_buf_stream_mdf_word_t_0_stream_mdf_word_t_0_bank_1_address0  |  out|    8|   ap_memory|            bit_reverse_buf_stream_mdf_word_t_0_stream_mdf_word_t_0_bank_1|         array|
|bit_reverse_buf_stream_mdf_word_t_0_stream_mdf_word_t_0_bank_1_ce0       |  out|    1|   ap_memory|            bit_reverse_buf_stream_mdf_word_t_0_stream_mdf_word_t_0_bank_1|         array|
|bit_reverse_buf_stream_mdf_word_t_0_stream_mdf_word_t_0_bank_1_we0       |  out|    1|   ap_memory|            bit_reverse_buf_stream_mdf_word_t_0_stream_mdf_word_t_0_bank_1|         array|
|bit_reverse_buf_stream_mdf_word_t_0_stream_mdf_word_t_0_bank_1_d0        |  out|  128|   ap_memory|            bit_reverse_buf_stream_mdf_word_t_0_stream_mdf_word_t_0_bank_1|         array|
+-------------------------------------------------------------------------+-----+-----+------------+--------------------------------------------------------------------------+--------------+

============================================================
+ Verbose Summary: Synthesis Manager
============================================================
InlineROM: 1
ExposeGlobal: 0
============================================================
+ Verbose Summary: CDFG Model
============================================================
IsTopModel: 0
ResetActiveHigh: 1
IsCombinational: 2
IsDatapathOnly: 0
HasWiredReturn: 1
HasMFsm: 0
HasVarLatency: 1
IsPipeline: 0
IsRtlPipelined: 0
IsInstanceOverlapped: 0
IsDontTouch: 0
HasImplIP: 0
IsGatedGlobalClock: 0


============================================================
+ Verbose Summary: Schedule
============================================================
* Number of FSM states : 2
* Pipeline : 0
* Dataflow Pipeline: 0

* FSM state transitions: 
1 --> 2 
2 --> 

* FSM state operations: 

State 1 <SV = 0> <Delay = 2.18>
ST_1 : Operation 3 [1/1] (0.00ns)   --->   "%rd_bank = load i32 %wr_bank"   --->   Operation 3 'load' 'rd_bank' <Predicate = true> <Delay = 0.00>
ST_1 : Operation 4 [1/1] (0.00ns)   --->   "%empty = trunc i32 %rd_bank"   --->   Operation 4 'trunc' 'empty' <Predicate = true> <Delay = 0.00>
ST_1 : Operation 5 [1/1] (0.00ns)   --->   "%empty_128 = wait i32 @_ssdm_op_Wait"   --->   Operation 5 'wait' 'empty_128' <Predicate = true> <Delay = 0.00>
ST_1 : Operation 6 [2/2] (0.00ns)   --->   "%call_ln0 = call void @Block__ZL8stage_nfILi1EEvRN3hls6streamI10mdf_word_tLi0EEES4_.exit_proc20_Pipelin, i128 %bit_reverse_buf_stream_mdf_word_t_0_stream_mdf_word_t_0_bank_1, i128 %bit_reverse_buf_stream_mdf_word_t_0_stream_mdf_word_t_0_bank, i129 %s9, i1 %empty, i32 %wr_cnt"   --->   Operation 6 'call' 'call_ln0' <Predicate = true> <Delay = 0.00> <CoreType = "Generic">   --->   Core 0 '' <Latency = 0> <II = 1> <Delay = 1.00> <Generic> <Opcode : >
ST_1 : Operation 7 [1/1] (2.18ns)   --->   "%sub_ln268 = sub i32 1, i32 %rd_bank" [mdf_fft/fft_mdf.cpp:268->mdf_fft/fft_mdf.cpp:373]   --->   Operation 7 'sub' 'sub_ln268' <Predicate = true> <Delay = 2.18> <CoreInst = "Adder">   --->   Core 1 'Adder' <Latency = 0> <II = 1> <Delay = 2.18> <FuncUnit> <Opcode : 'add' 'sub'> <InPorts = 2> <OutPorts = 1>
ST_1 : Operation 8 [1/1] (0.00ns)   --->   "%store_ln268 = store i32 %sub_ln268, i32 %wr_bank" [mdf_fft/fft_mdf.cpp:268->mdf_fft/fft_mdf.cpp:373]   --->   Operation 8 'store' 'store_ln268' <Predicate = true> <Delay = 0.00>

State 2 <SV = 1> <Delay = 0.00>
ST_2 : Operation 9 [1/1] (0.00ns)   --->   "%specinterface_ln0 = specinterface void @_ssdm_op_SpecInterface, i129 %s9, void @empty_10, i32 0, i32 0, void @empty_9, i32 0, i32 0, void @empty_9, void @empty_9, void @empty_9, i32 0, i32 0, i32 0, i32 0, void @empty_9, void @empty_9, i32 4294967295, i32 0"   --->   Operation 9 'specinterface' 'specinterface_ln0' <Predicate = true> <Delay = 0.00>
ST_2 : Operation 10 [1/2] (0.00ns)   --->   "%call_ln0 = call void @Block__ZL8stage_nfILi1EEvRN3hls6streamI10mdf_word_tLi0EEES4_.exit_proc20_Pipelin, i128 %bit_reverse_buf_stream_mdf_word_t_0_stream_mdf_word_t_0_bank_1, i128 %bit_reverse_buf_stream_mdf_word_t_0_stream_mdf_word_t_0_bank, i129 %s9, i1 %empty, i32 %wr_cnt"   --->   Operation 10 'call' 'call_ln0' <Predicate = true> <Delay = 0.00> <CoreType = "Generic">   --->   Core 0 '' <Latency = 0> <II = 1> <Delay = 1.00> <Generic> <Opcode : >
ST_2 : Operation 11 [1/1] (0.00ns)   --->   "%ret_ln0 = ret i1 %empty"   --->   Operation 11 'ret' 'ret_ln0' <Predicate = true> <Delay = 0.00>


============================================================
+ Verbose Summary: Binding
============================================================
STG Binding: 
---------------- STG Properties BEGIN ----------------
- Is combinational: 0
- Is one-state seq: 0
- Is datapath-only: 0
- Is pipelined: 0
- Is top level: 0
Port [ Return ] is wired: 1; IO mode=ap_ctrl_hs:ce=0
Port [ s9]:  wired=1; compound=1; hidden=0; nouse=0; global=0; static=0; extern=0; dir=0; type=3; pingpong=0; private_global=0; IO mode=ap_fifo:ce=0
Port [ bit_reverse_buf_stream_mdf_word_t_0_stream_mdf_word_t_0_bank]:  wired=1; compound=1; hidden=0; nouse=0; global=0; static=0; extern=0; dir=1; type=1; pingpong=1; private_global=0; MemPort=[03]; IO mode=ap_memory:ce=0
Port [ bit_reverse_buf_stream_mdf_word_t_0_stream_mdf_word_t_0_bank_1]:  wired=1; compound=1; hidden=0; nouse=0; global=0; static=0; extern=0; dir=1; type=1; pingpong=1; private_global=0; MemPort=[03]; IO mode=ap_memory:ce=0
Port [ wr_bank]:  wired=0; compound=0; hidden=1; nouse=0; global=1; static=1; extern=0; dir=2; type=0; pingpong=0; private_global=1; IO mode=ap_ovld:ce=0
Port [ wr_cnt]:  wired=0; compound=0; hidden=1; nouse=1; global=1; static=1; extern=0; dir=2; type=0; pingpong=0; private_global=0; IO mode=ap_ovld:ce=0
---------------- STG Properties END ------------------

---------------- Datapath Model BEGIN ----------------

<LifeTime>
<method=bitvector/>
rd_bank           (load         ) [ 000]
empty             (trunc        ) [ 001]
empty_128         (wait         ) [ 000]
sub_ln268         (sub          ) [ 000]
store_ln268       (store        ) [ 000]
specinterface_ln0 (specinterface) [ 000]
call_ln0          (call         ) [ 000]
ret_ln0           (ret          ) [ 000]
</LifeTime>

<model>

<comp_list>
<comp id="0" class="1000" name="s9">
<pin_list>
<pin id="1" dir="1" index="0" bw="1" slack="0"/>
</pin_list>
<bind>
<StgValue><ssdm name="s9"/></StgValue>
</bind>
</comp>

<comp id="2" class="1000" name="bit_reverse_buf_stream_mdf_word_t_0_stream_mdf_word_t_0_bank">
<pin_list>
<pin id="3" dir="1" index="0" bw="1" slack="0"/>
</pin_list>
<bind>
<StgValue><ssdm name="bit_reverse_buf_stream_mdf_word_t_0_stream_mdf_word_t_0_bank"/><MemPortTyVec>0 3 </MemPortTyVec>
</StgValue>
</bind>
</comp>

<comp id="4" class="1000" name="bit_reverse_buf_stream_mdf_word_t_0_stream_mdf_word_t_0_bank_1">
<pin_list>
<pin id="5" dir="1" index="0" bw="1" slack="0"/>
</pin_list>
<bind>
<StgValue><ssdm name="bit_reverse_buf_stream_mdf_word_t_0_stream_mdf_word_t_0_bank_1"/><MemPortTyVec>0 3 </MemPortTyVec>
</StgValue>
</bind>
</comp>

<comp id="6" class="1000" name="wr_bank">
<pin_list>
<pin id="7" dir="1" index="0" bw="1" slack="0"/>
</pin_list>
<bind>
<StgValue><ssdm name="wr_bank"/></StgValue>
</bind>
</comp>

<comp id="8" class="1000" name="wr_cnt">
<pin_list>
<pin id="9" dir="1" index="0" bw="1" slack="0"/>
</pin_list>
<bind>
<StgValue><ssdm name="wr_cnt"/></StgValue>
</bind>
</comp>

<comp id="10" class="1001" name="const_10">
<pin_list>
<pin id="11" dir="1" index="0" bw="1" slack="2147483647"/>
</pin_list>
<bind>
<StgValue><ssdm name="_ssdm_op_Wait"/></StgValue>
</bind>
</comp>

<comp id="12" class="1001" name="const_12">
<pin_list>
<pin id="13" dir="1" index="0" bw="1" slack="0"/>
</pin_list>
<bind>
<StgValue><ssdm name="Block__ZL8stage_nfILi1EEvRN3hls6streamI10mdf_word_tLi0EEES4_.exit_proc20_Pipelin"/></StgValue>
</bind>
</comp>

<comp id="14" class="1001" name="const_14">
<pin_list>
<pin id="15" dir="1" index="0" bw="1" slack="0"/>
</pin_list>
<bind>
<StgValue><ssdm name=""/></StgValue>
</bind>
</comp>

<comp id="16" class="1001" name="const_16">
<pin_list>
<pin id="17" dir="1" index="0" bw="1" slack="2147483647"/>
</pin_list>
<bind>
<StgValue><ssdm name="_ssdm_op_SpecInterface"/></StgValue>
</bind>
</comp>

<comp id="18" class="1001" name="const_18">
<pin_list>
<pin id="19" dir="1" index="0" bw="1" slack="2147483647"/>
</pin_list>
<bind>
<StgValue><ssdm name="empty_10"/></StgValue>
</bind>
</comp>

<comp id="20" class="1001" name="const_20">
<pin_list>
<pin id="21" dir="1" index="0" bw="1" slack="2147483647"/>
</pin_list>
<bind>
<StgValue><ssdm name=""/></StgValue>
</bind>
</comp>

<comp id="22" class="1001" name="const_22">
<pin_list>
<pin id="23" dir="1" index="0" bw="1" slack="2147483647"/>
</pin_list>
<bind>
<StgValue><ssdm name="empty_9"/></StgValue>
</bind>
</comp>

<comp id="24" class="1001" name="const_24">
<pin_list>
<pin id="25" dir="1" index="0" bw="1" slack="2147483647"/>
</pin_list>
<bind>
<StgValue><ssdm name=""/></StgValue>
</bind>
</comp>

<comp id="26" class="1004" name="grp_Block_ZL8stage_nfILi1EEvRN3hls6streamI10mdf_word_tLi0EEES4_exit_proc20_Pipelin_fu_26">
<pin_list>
<pin id="27" dir="0" index="0" bw="0" slack="0"/>
<pin id="28" dir="0" index="1" bw="128" slack="0"/>
<pin id="29" dir="0" index="2" bw="128" slack="0"/>
<pin id="30" dir="0" index="3" bw="129" slack="0"/>
<pin id="31" dir="0" index="4" bw="1" slack="0"/>
<pin id="32" dir="0" index="5" bw="32" slack="0"/>
<pin id="33" dir="1" index="6" bw="0" slack="2147483647"/>
</pin_list>
<bind>
<opcode="call(48) " fcode="call"/>
<opset="call_ln0/1 "/>
</bind>
</comp>

<comp id="39" class="1004" name="rd_bank_load_fu_39">
<pin_list>
<pin id="40" dir="0" index="0" bw="32" slack="0"/>
<pin id="41" dir="1" index="1" bw="32" slack="0"/>
</pin_list>
<bind>
<opcode="load(27) " fcode="load"/>
<opset="rd_bank/1 "/>
</bind>
</comp>

<comp id="43" class="1004" name="empty_fu_43">
<pin_list>
<pin id="44" dir="0" index="0" bw="32" slack="0"/>
<pin id="45" dir="1" index="1" bw="1" slack="0"/>
</pin_list>
<bind>
<opcode="trunc(33) " fcode="trunc"/>
<opset="empty/1 "/>
</bind>
</comp>

<comp id="48" class="1004" name="sub_ln268_fu_48">
<pin_list>
<pin id="49" dir="0" index="0" bw="1" slack="0"/>
<pin id="50" dir="0" index="1" bw="32" slack="0"/>
<pin id="51" dir="1" index="2" bw="32" slack="0"/>
</pin_list>
<bind>
<opcode="sub(10) " fcode="sub"/>
<opset="sub_ln268/1 "/>
</bind>
</comp>

<comp id="54" class="1004" name="store_ln268_store_fu_54">
<pin_list>
<pin id="55" dir="0" index="0" bw="32" slack="0"/>
<pin id="56" dir="0" index="1" bw="32" slack="0"/>
<pin id="57" dir="1" index="2" bw="0" slack="2147483647"/>
</pin_list>
<bind>
<opcode="store(28) " fcode="store"/>
<opset="store_ln268/1 "/>
</bind>
</comp>

<comp id="60" class="1005" name="empty_reg_60">
<pin_list>
<pin id="61" dir="0" index="0" bw="1" slack="1"/>
<pin id="62" dir="1" index="1" bw="1" slack="1"/>
</pin_list>
<bind>
<opset="empty "/>
</bind>
</comp>

</comp_list>

<net_list>
<net id="34"><net_src comp="12" pin="0"/><net_sink comp="26" pin=0"/></net>

<net id="35"><net_src comp="4" pin="0"/><net_sink comp="26" pin=1"/></net>

<net id="36"><net_src comp="2" pin="0"/><net_sink comp="26" pin=2"/></net>

<net id="37"><net_src comp="0" pin="0"/><net_sink comp="26" pin=3"/></net>

<net id="38"><net_src comp="8" pin="0"/><net_sink comp="26" pin=5"/></net>

<net id="42"><net_src comp="6" pin="0"/><net_sink comp="39" pin=0"/></net>

<net id="46"><net_src comp="39" pin="1"/><net_sink comp="43" pin=0"/></net>

<net id="47"><net_src comp="43" pin="1"/><net_sink comp="26" pin=4"/></net>

<net id="52"><net_src comp="14" pin="0"/><net_sink comp="48" pin=0"/></net>

<net id="53"><net_src comp="39" pin="1"/><net_sink comp="48" pin=1"/></net>

<net id="58"><net_src comp="48" pin="2"/><net_sink comp="54" pin=0"/></net>

<net id="59"><net_src comp="6" pin="0"/><net_sink comp="54" pin=1"/></net>

<net id="63"><net_src comp="43" pin="1"/><net_sink comp="60" pin=0"/></net>

<net id="64"><net_src comp="60" pin="1"/><net_sink comp="26" pin=4"/></net>

</net_list>

</model> 
---------------- Datapath Model END ------------------

* FSMD analyzer results:
  - Output states:
	Port: bit_reverse_buf_stream_mdf_word_t_0_stream_mdf_word_t_0_bank | {1 2 }
	Port: bit_reverse_buf_stream_mdf_word_t_0_stream_mdf_word_t_0_bank_1 | {1 2 }
	Port: wr_bank | {1 }
	Port: wr_cnt | {1 2 }
 - Input state : 
	Port: Block__ZL8stage_nfILi1EEvRN3hls6streamI10mdf_word_tLi0EEES4_.exit_proc20 : s9 | {1 2 }
	Port: Block__ZL8stage_nfILi1EEvRN3hls6streamI10mdf_word_tLi0EEES4_.exit_proc20 : bit_reverse_buf_stream_mdf_word_t_0_stream_mdf_word_t_0_bank | {}
	Port: Block__ZL8stage_nfILi1EEvRN3hls6streamI10mdf_word_tLi0EEES4_.exit_proc20 : bit_reverse_buf_stream_mdf_word_t_0_stream_mdf_word_t_0_bank_1 | {}
	Port: Block__ZL8stage_nfILi1EEvRN3hls6streamI10mdf_word_tLi0EEES4_.exit_proc20 : wr_bank | {1 }
	Port: Block__ZL8stage_nfILi1EEvRN3hls6streamI10mdf_word_tLi0EEES4_.exit_proc20 : wr_cnt | {1 2 }
  - Chain level:
	State 1
		empty : 1
		call_ln0 : 2
		sub_ln268 : 1
		store_ln268 : 2
	State 2


============================================================
+ Verbose Summary: Datapath Resource usage 
============================================================

* Functional unit list:
|----------|------------------------------------------------------------------------------------------|---------|---------|
| Operation|                                      Functional Unit                                     |    FF   |   LUT   |
|----------|------------------------------------------------------------------------------------------|---------|---------|
|   call   | grp_Block_ZL8stage_nfILi1EEvRN3hls6streamI10mdf_word_tLi0EEES4_exit_proc20_Pipelin_fu_26 |    10   |   142   |
|----------|------------------------------------------------------------------------------------------|---------|---------|
|    sub   |                                      sub_ln268_fu_48                                     |    0    |    39   |
|----------|------------------------------------------------------------------------------------------|---------|---------|
|   trunc  |                                        empty_fu_43                                       |    0    |    0    |
|----------|------------------------------------------------------------------------------------------|---------|---------|
|   Total  |                                                                                          |    10   |   181   |
|----------|------------------------------------------------------------------------------------------|---------|---------|

Memories:
N/A

* Register list:
+------------+--------+
|            |   FF   |
+------------+--------+
|empty_reg_60|    1   |
+------------+--------+
|    Total   |    1   |
+------------+--------+

* Multiplexer (MUX) list: 
|------------------------------------------------------------------------------------------|------|------|------|--------||---------||---------|
|                                           Comp                                           |  Pin | Size |  BW  | S x BW ||  Delay  ||   LUT   |
|------------------------------------------------------------------------------------------|------|------|------|--------||---------||---------|
| grp_Block_ZL8stage_nfILi1EEvRN3hls6streamI10mdf_word_tLi0EEES4_exit_proc20_Pipelin_fu_26 |  p4  |   2  |   1  |    2   ||    9    |
|------------------------------------------------------------------------------------------|------|------|------|--------||---------||---------|
|                                           Total                                          |      |      |      |    2   ||  1.324  ||    9    |
|------------------------------------------------------------------------------------------|------|------|------|--------||---------||---------|



* Summary:
+-----------+--------+--------+--------+
|           |  Delay |   FF   |   LUT  |
+-----------+--------+--------+--------+
|  Function |    -   |   10   |   181  |
|   Memory  |    -   |    -   |    -   |
|Multiplexer|    1   |    -   |    9   |
|  Register |    -   |    1   |    -   |
+-----------+--------+--------+--------+
|   Total   |    1   |   11   |   190  |
+-----------+--------+--------+--------+
