

================================================================
== Vitis HLS Report for 'fft_mdf'
================================================================
* Date:           Tue Jun 30 20:57:55 2026

* Version:        2023.2 (Build 4023990 on Oct 11 2023)
* Project:        mdf_fft_hls
* Solution:       solution1 (Vivado IP Flow Target)
* Product family: artix7
* Target device:  xc7a200t-fbg676-2


================================================================
== Performance Estimates
================================================================
+ Timing: 
    * Summary: 
    +--------+----------+----------+------------+
    |  Clock |  Target  | Estimated| Uncertainty|
    +--------+----------+----------+------------+
    |ap_clk  |  10.00 ns|  6.886 ns|     2.70 ns|
    +--------+----------+----------+------------+

+ Latency: 
    * Summary: 
    +---------+---------+----------+----------+-----+-----+----------+
    |  Latency (cycles) |  Latency (absolute) |  Interval | Pipeline |
    |   min   |   max   |    min   |    max   | min | max |   Type   |
    +---------+---------+----------+----------+-----+-----+----------+
    |      573|      573|  5.730 us|  5.730 us|  263|  263|  dataflow|
    +---------+---------+----------+----------+-----+-----+----------+

    + Detail: 
        * Instance: 
        N/A

        * Loop: 
        N/A

============================================================
+ Verbose Summary: Synthesis Manager
============================================================
InlineROM: 1
ExposeGlobal: 0
============================================================
+ Verbose Summary: CDFG Model
============================================================
IsTopModel: 1
ResetActiveHigh: 1
IsCombinational: 2
IsDatapathOnly: 0
HasWiredReturn: 1
HasMFsm: 0
HasVarLatency: 1
IsPipeline: 0
IsRtlPipelined: 0
IsInstanceOverlapped: 0
IsDontTouch: 0
HasImplIP: 0
IsGatedGlobalClock: 0


============================================================
+ Verbose Summary: Schedule
============================================================
* Number of FSM states : 30
* Pipeline : 0
* Dataflow Pipeline: 1
  DF-Pipeline-0: Size = 30, States = { 1 2 3 4 5 6 7 8 9 10 11 12 13 14 15 16 17 18 19 20 21 22 23 24 25 26 27 28 29 30 }

* FSM state transitions: 
1 --> 2 
2 --> 3 
3 --> 4 
4 --> 5 
5 --> 6 
6 --> 7 
7 --> 8 
8 --> 9 
9 --> 10 
10 --> 11 
11 --> 12 
12 --> 13 
13 --> 14 
14 --> 15 
15 --> 16 
16 --> 17 
17 --> 18 
18 --> 19 
19 --> 20 
20 --> 21 
21 --> 22 
22 --> 23 
23 --> 24 
24 --> 25 
25 --> 26 
26 --> 27 
27 --> 28 
28 --> 29 
29 --> 30 
30 --> 

* FSM state operations: 

State 1 <SV = 0> <Delay = 0.00>
ST_1 : Operation 31 [1/1] (0.00ns)   --->   "%w_in = alloca i64 1"   --->   Operation 31 'alloca' 'w_in' <Predicate = true> <Delay = 0.00> <CoreInst = "FIFO">   --->   Core 78 'FIFO' <Latency = 0> <II = 1> <Delay = 3.39> <Storage> <Opcode : 'read' 'write' 'nbread' 'nbwrite'> <Ports = 0> <Width = 129> <Depth = 260> <FIFO>
ST_1 : Operation 32 [1/1] (0.00ns)   --->   "%w_out = alloca i64 1"   --->   Operation 32 'alloca' 'w_out' <Predicate = true> <Delay = 0.00> <CoreInst = "FIFO">   --->   Core 78 'FIFO' <Latency = 0> <II = 1> <Delay = 3.39> <Storage> <Opcode : 'read' 'write' 'nbread' 'nbwrite'> <Ports = 0> <Width = 129> <Depth = 260> <FIFO>
ST_1 : Operation 33 [1/1] (0.00ns)   --->   "%s0 = alloca i64 1"   --->   Operation 33 'alloca' 's0' <Predicate = true> <Delay = 0.00> <CoreInst = "FIFO">   --->   Core 78 'FIFO' <Latency = 0> <II = 1> <Delay = 3.39> <Storage> <Opcode : 'read' 'write' 'nbread' 'nbwrite'> <Ports = 0> <Width = 129> <Depth = 260> <FIFO>
ST_1 : Operation 34 [1/1] (0.00ns)   --->   "%s1 = alloca i64 1"   --->   Operation 34 'alloca' 's1' <Predicate = true> <Delay = 0.00> <CoreInst = "FIFO">   --->   Core 78 'FIFO' <Latency = 0> <II = 1> <Delay = 3.39> <Storage> <Opcode : 'read' 'write' 'nbread' 'nbwrite'> <Ports = 0> <Width = 129> <Depth = 260> <FIFO>
ST_1 : Operation 35 [1/1] (0.00ns)   --->   "%s2 = alloca i64 1"   --->   Operation 35 'alloca' 's2' <Predicate = true> <Delay = 0.00> <CoreInst = "FIFO">   --->   Core 78 'FIFO' <Latency = 0> <II = 1> <Delay = 3.39> <Storage> <Opcode : 'read' 'write' 'nbread' 'nbwrite'> <Ports = 0> <Width = 129> <Depth = 260> <FIFO>
ST_1 : Operation 36 [1/1] (0.00ns)   --->   "%s3 = alloca i64 1"   --->   Operation 36 'alloca' 's3' <Predicate = true> <Delay = 0.00> <CoreInst = "FIFO">   --->   Core 78 'FIFO' <Latency = 0> <II = 1> <Delay = 3.39> <Storage> <Opcode : 'read' 'write' 'nbread' 'nbwrite'> <Ports = 0> <Width = 129> <Depth = 260> <FIFO>
ST_1 : Operation 37 [1/1] (0.00ns)   --->   "%s4 = alloca i64 1"   --->   Operation 37 'alloca' 's4' <Predicate = true> <Delay = 0.00> <CoreInst = "FIFO">   --->   Core 78 'FIFO' <Latency = 0> <II = 1> <Delay = 3.39> <Storage> <Opcode : 'read' 'write' 'nbread' 'nbwrite'> <Ports = 0> <Width = 129> <Depth = 260> <FIFO>
ST_1 : Operation 38 [1/1] (0.00ns)   --->   "%s5 = alloca i64 1"   --->   Operation 38 'alloca' 's5' <Predicate = true> <Delay = 0.00> <CoreInst = "FIFO">   --->   Core 78 'FIFO' <Latency = 0> <II = 1> <Delay = 3.39> <Storage> <Opcode : 'read' 'write' 'nbread' 'nbwrite'> <Ports = 0> <Width = 129> <Depth = 260> <FIFO>
ST_1 : Operation 39 [1/1] (0.00ns)   --->   "%s6 = alloca i64 1"   --->   Operation 39 'alloca' 's6' <Predicate = true> <Delay = 0.00> <CoreInst = "FIFO">   --->   Core 78 'FIFO' <Latency = 0> <II = 1> <Delay = 3.39> <Storage> <Opcode : 'read' 'write' 'nbread' 'nbwrite'> <Ports = 0> <Width = 129> <Depth = 260> <FIFO>
ST_1 : Operation 40 [1/1] (0.00ns)   --->   "%s7 = alloca i64 1"   --->   Operation 40 'alloca' 's7' <Predicate = true> <Delay = 0.00> <CoreInst = "FIFO">   --->   Core 78 'FIFO' <Latency = 0> <II = 1> <Delay = 3.39> <Storage> <Opcode : 'read' 'write' 'nbread' 'nbwrite'> <Ports = 0> <Width = 129> <Depth = 260> <FIFO>
ST_1 : Operation 41 [1/1] (0.00ns)   --->   "%s8 = alloca i64 1"   --->   Operation 41 'alloca' 's8' <Predicate = true> <Delay = 0.00> <CoreInst = "FIFO">   --->   Core 78 'FIFO' <Latency = 0> <II = 1> <Delay = 3.39> <Storage> <Opcode : 'read' 'write' 'nbread' 'nbwrite'> <Ports = 0> <Width = 129> <Depth = 260> <FIFO>
ST_1 : Operation 42 [1/1] (0.00ns)   --->   "%s9 = alloca i64 1"   --->   Operation 42 'alloca' 's9' <Predicate = true> <Delay = 0.00> <CoreInst = "FIFO">   --->   Core 78 'FIFO' <Latency = 0> <II = 1> <Delay = 3.39> <Storage> <Opcode : 'read' 'write' 'nbread' 'nbwrite'> <Ports = 0> <Width = 129> <Depth = 260> <FIFO>

State 2 <SV = 1> <Delay = 0.00>
ST_2 : Operation 43 [2/2] (0.00ns)   --->   "%call_ln356 = call void @axis_to_word, i128 %s_in_V_data_V, i16 %s_in_V_keep_V, i16 %s_in_V_strb_V, i1 %s_in_V_user_V, i1 %s_in_V_last_V, i1 %s_in_V_id_V, i1 %s_in_V_dest_V, i129 %w_in" [mdf_fft/fft_mdf.cpp:356]   --->   Operation 43 'call' 'call_ln356' <Predicate = true> <Delay = 0.00> <CoreType = "Generic">   --->   Core 0 '' <Latency = 0> <II = 1> <Delay = 1.00> <Generic> <Opcode : >

State 3 <SV = 2> <Delay = 0.00>
ST_3 : Operation 44 [1/2] (0.00ns)   --->   "%call_ln356 = call void @axis_to_word, i128 %s_in_V_data_V, i16 %s_in_V_keep_V, i16 %s_in_V_strb_V, i1 %s_in_V_user_V, i1 %s_in_V_last_V, i1 %s_in_V_id_V, i1 %s_in_V_dest_V, i129 %w_in" [mdf_fft/fft_mdf.cpp:356]   --->   Operation 44 'call' 'call_ln356' <Predicate = true> <Delay = 0.00> <CoreType = "Generic">   --->   Core 0 '' <Latency = 0> <II = 1> <Delay = 1.00> <Generic> <Opcode : >

State 4 <SV = 3> <Delay = 0.00>
ST_4 : Operation 45 [2/2] (0.00ns)   --->   "%call_ln0 = call void @Loop_VITIS_LOOP_95_1_proc10, i129 %s0, i129 %w_in, i16 %void_stage_fb_0_128_stream_mdf_word_t_0_stream_mdf_word_t_0_delay_re, i16 %void_stage_fb_0_128_stream_mdf_word_t_0_stream_mdf_word_t_0_delay_re_44, i16 %void_stage_fb_0_128_stream_mdf_word_t_0_stream_mdf_word_t_0_delay_re_45, i16 %void_stage_fb_0_128_stream_mdf_word_t_0_stream_mdf_word_t_0_delay_re_46, i16 %void_stage_fb_0_128_stream_mdf_word_t_0_stream_mdf_word_t_0_delay_im, i16 %void_stage_fb_0_128_stream_mdf_word_t_0_stream_mdf_word_t_0_delay_im_47, i16 %void_stage_fb_0_128_stream_mdf_word_t_0_stream_mdf_word_t_0_delay_im_48, i16 %void_stage_fb_0_128_stream_mdf_word_t_0_stream_mdf_word_t_0_delay_im_49, i15 %TW_COS_LUT25, i15 %TW_SIN_LUT30"   --->   Operation 45 'call' 'call_ln0' <Predicate = true> <Delay = 0.00> <CoreType = "Generic">   --->   Core 0 '' <Latency = 0> <II = 1> <Delay = 1.00> <Generic> <Opcode : >

State 5 <SV = 4> <Delay = 0.00>
ST_5 : Operation 46 [1/2] (0.00ns)   --->   "%call_ln0 = call void @Loop_VITIS_LOOP_95_1_proc10, i129 %s0, i129 %w_in, i16 %void_stage_fb_0_128_stream_mdf_word_t_0_stream_mdf_word_t_0_delay_re, i16 %void_stage_fb_0_128_stream_mdf_word_t_0_stream_mdf_word_t_0_delay_re_44, i16 %void_stage_fb_0_128_stream_mdf_word_t_0_stream_mdf_word_t_0_delay_re_45, i16 %void_stage_fb_0_128_stream_mdf_word_t_0_stream_mdf_word_t_0_delay_re_46, i16 %void_stage_fb_0_128_stream_mdf_word_t_0_stream_mdf_word_t_0_delay_im, i16 %void_stage_fb_0_128_stream_mdf_word_t_0_stream_mdf_word_t_0_delay_im_47, i16 %void_stage_fb_0_128_stream_mdf_word_t_0_stream_mdf_word_t_0_delay_im_48, i16 %void_stage_fb_0_128_stream_mdf_word_t_0_stream_mdf_word_t_0_delay_im_49, i15 %TW_COS_LUT25, i15 %TW_SIN_LUT30"   --->   Operation 46 'call' 'call_ln0' <Predicate = true> <Delay = 0.00> <CoreType = "Generic">   --->   Core 0 '' <Latency = 0> <II = 1> <Delay = 1.00> <Generic> <Opcode : >

State 6 <SV = 5> <Delay = 0.00>
ST_6 : Operation 47 [2/2] (0.00ns)   --->   "%call_ln0 = call void @Loop_VITIS_LOOP_95_1_proc111, i129 %s1, i129 %s0, i16 %void_stage_fb_1_64_stream_mdf_word_t_0_stream_mdf_word_t_0_delay_re, i16 %void_stage_fb_1_64_stream_mdf_word_t_0_stream_mdf_word_t_0_delay_re_38, i16 %void_stage_fb_1_64_stream_mdf_word_t_0_stream_mdf_word_t_0_delay_re_39, i16 %void_stage_fb_1_64_stream_mdf_word_t_0_stream_mdf_word_t_0_delay_re_40, i16 %void_stage_fb_1_64_stream_mdf_word_t_0_stream_mdf_word_t_0_delay_im, i16 %void_stage_fb_1_64_stream_mdf_word_t_0_stream_mdf_word_t_0_delay_im_41, i16 %void_stage_fb_1_64_stream_mdf_word_t_0_stream_mdf_word_t_0_delay_im_42, i16 %void_stage_fb_1_64_stream_mdf_word_t_0_stream_mdf_word_t_0_delay_im_43, i15 %TW_COS_LUT24, i15 %TW_SIN_LUT29"   --->   Operation 47 'call' 'call_ln0' <Predicate = true> <Delay = 0.00> <CoreType = "Generic">   --->   Core 0 '' <Latency = 0> <II = 1> <Delay = 1.00> <Generic> <Opcode : >

State 7 <SV = 6> <Delay = 0.00>
ST_7 : Operation 48 [1/2] (0.00ns)   --->   "%call_ln0 = call void @Loop_VITIS_LOOP_95_1_proc111, i129 %s1, i129 %s0, i16 %void_stage_fb_1_64_stream_mdf_word_t_0_stream_mdf_word_t_0_delay_re, i16 %void_stage_fb_1_64_stream_mdf_word_t_0_stream_mdf_word_t_0_delay_re_38, i16 %void_stage_fb_1_64_stream_mdf_word_t_0_stream_mdf_word_t_0_delay_re_39, i16 %void_stage_fb_1_64_stream_mdf_word_t_0_stream_mdf_word_t_0_delay_re_40, i16 %void_stage_fb_1_64_stream_mdf_word_t_0_stream_mdf_word_t_0_delay_im, i16 %void_stage_fb_1_64_stream_mdf_word_t_0_stream_mdf_word_t_0_delay_im_41, i16 %void_stage_fb_1_64_stream_mdf_word_t_0_stream_mdf_word_t_0_delay_im_42, i16 %void_stage_fb_1_64_stream_mdf_word_t_0_stream_mdf_word_t_0_delay_im_43, i15 %TW_COS_LUT24, i15 %TW_SIN_LUT29"   --->   Operation 48 'call' 'call_ln0' <Predicate = true> <Delay = 0.00> <CoreType = "Generic">   --->   Core 0 '' <Latency = 0> <II = 1> <Delay = 1.00> <Generic> <Opcode : >

State 8 <SV = 7> <Delay = 0.00>
ST_8 : Operation 49 [2/2] (0.00ns)   --->   "%call_ln0 = call void @Loop_VITIS_LOOP_95_1_proc212, i129 %s2, i129 %s1, i16 %void_stage_fb_2_32_stream_mdf_word_t_0_stream_mdf_word_t_0_delay_re, i16 %void_stage_fb_2_32_stream_mdf_word_t_0_stream_mdf_word_t_0_delay_re_32, i16 %void_stage_fb_2_32_stream_mdf_word_t_0_stream_mdf_word_t_0_delay_re_33, i16 %void_stage_fb_2_32_stream_mdf_word_t_0_stream_mdf_word_t_0_delay_re_34, i16 %void_stage_fb_2_32_stream_mdf_word_t_0_stream_mdf_word_t_0_delay_im, i16 %void_stage_fb_2_32_stream_mdf_word_t_0_stream_mdf_word_t_0_delay_im_35, i16 %void_stage_fb_2_32_stream_mdf_word_t_0_stream_mdf_word_t_0_delay_im_36, i16 %void_stage_fb_2_32_stream_mdf_word_t_0_stream_mdf_word_t_0_delay_im_37, i15 %TW_COS_LUT23, i15 %TW_SIN_LUT28"   --->   Operation 49 'call' 'call_ln0' <Predicate = true> <Delay = 0.00> <CoreType = "Generic">   --->   Core 0 '' <Latency = 0> <II = 1> <Delay = 1.00> <Generic> <Opcode : >

State 9 <SV = 8> <Delay = 0.00>
ST_9 : Operation 50 [1/2] (0.00ns)   --->   "%call_ln0 = call void @Loop_VITIS_LOOP_95_1_proc212, i129 %s2, i129 %s1, i16 %void_stage_fb_2_32_stream_mdf_word_t_0_stream_mdf_word_t_0_delay_re, i16 %void_stage_fb_2_32_stream_mdf_word_t_0_stream_mdf_word_t_0_delay_re_32, i16 %void_stage_fb_2_32_stream_mdf_word_t_0_stream_mdf_word_t_0_delay_re_33, i16 %void_stage_fb_2_32_stream_mdf_word_t_0_stream_mdf_word_t_0_delay_re_34, i16 %void_stage_fb_2_32_stream_mdf_word_t_0_stream_mdf_word_t_0_delay_im, i16 %void_stage_fb_2_32_stream_mdf_word_t_0_stream_mdf_word_t_0_delay_im_35, i16 %void_stage_fb_2_32_stream_mdf_word_t_0_stream_mdf_word_t_0_delay_im_36, i16 %void_stage_fb_2_32_stream_mdf_word_t_0_stream_mdf_word_t_0_delay_im_37, i15 %TW_COS_LUT23, i15 %TW_SIN_LUT28"   --->   Operation 50 'call' 'call_ln0' <Predicate = true> <Delay = 0.00> <CoreType = "Generic">   --->   Core 0 '' <Latency = 0> <II = 1> <Delay = 1.00> <Generic> <Opcode : >

State 10 <SV = 9> <Delay = 0.00>
ST_10 : Operation 51 [2/2] (0.00ns)   --->   "%call_ln0 = call void @Loop_VITIS_LOOP_95_1_proc313, i129 %s3, i129 %s2, i16 %void_stage_fb_3_16_stream_mdf_word_t_0_stream_mdf_word_t_0_delay_re, i16 %void_stage_fb_3_16_stream_mdf_word_t_0_stream_mdf_word_t_0_delay_re_26, i16 %void_stage_fb_3_16_stream_mdf_word_t_0_stream_mdf_word_t_0_delay_re_27, i16 %void_stage_fb_3_16_stream_mdf_word_t_0_stream_mdf_word_t_0_delay_re_28, i16 %void_stage_fb_3_16_stream_mdf_word_t_0_stream_mdf_word_t_0_delay_im, i16 %void_stage_fb_3_16_stream_mdf_word_t_0_stream_mdf_word_t_0_delay_im_29, i16 %void_stage_fb_3_16_stream_mdf_word_t_0_stream_mdf_word_t_0_delay_im_30, i16 %void_stage_fb_3_16_stream_mdf_word_t_0_stream_mdf_word_t_0_delay_im_31, i15 %TW_COS_LUT22, i15 %TW_SIN_LUT27"   --->   Operation 51 'call' 'call_ln0' <Predicate = true> <Delay = 0.00> <CoreType = "Generic">   --->   Core 0 '' <Latency = 0> <II = 1> <Delay = 1.00> <Generic> <Opcode : >

State 11 <SV = 10> <Delay = 0.00>
ST_11 : Operation 52 [1/2] (0.00ns)   --->   "%call_ln0 = call void @Loop_VITIS_LOOP_95_1_proc313, i129 %s3, i129 %s2, i16 %void_stage_fb_3_16_stream_mdf_word_t_0_stream_mdf_word_t_0_delay_re, i16 %void_stage_fb_3_16_stream_mdf_word_t_0_stream_mdf_word_t_0_delay_re_26, i16 %void_stage_fb_3_16_stream_mdf_word_t_0_stream_mdf_word_t_0_delay_re_27, i16 %void_stage_fb_3_16_stream_mdf_word_t_0_stream_mdf_word_t_0_delay_re_28, i16 %void_stage_fb_3_16_stream_mdf_word_t_0_stream_mdf_word_t_0_delay_im, i16 %void_stage_fb_3_16_stream_mdf_word_t_0_stream_mdf_word_t_0_delay_im_29, i16 %void_stage_fb_3_16_stream_mdf_word_t_0_stream_mdf_word_t_0_delay_im_30, i16 %void_stage_fb_3_16_stream_mdf_word_t_0_stream_mdf_word_t_0_delay_im_31, i15 %TW_COS_LUT22, i15 %TW_SIN_LUT27"   --->   Operation 52 'call' 'call_ln0' <Predicate = true> <Delay = 0.00> <CoreType = "Generic">   --->   Core 0 '' <Latency = 0> <II = 1> <Delay = 1.00> <Generic> <Opcode : >

State 12 <SV = 11> <Delay = 0.00>
ST_12 : Operation 53 [2/2] (0.00ns)   --->   "%call_ln0 = call void @Loop_VITIS_LOOP_95_1_proc414, i129 %s4, i129 %s3, i16 %void_stage_fb_4_8_stream_mdf_word_t_0_stream_mdf_word_t_0_delay_re, i16 %void_stage_fb_4_8_stream_mdf_word_t_0_stream_mdf_word_t_0_delay_re_20, i16 %void_stage_fb_4_8_stream_mdf_word_t_0_stream_mdf_word_t_0_delay_re_21, i16 %void_stage_fb_4_8_stream_mdf_word_t_0_stream_mdf_word_t_0_delay_re_22, i16 %void_stage_fb_4_8_stream_mdf_word_t_0_stream_mdf_word_t_0_delay_im, i16 %void_stage_fb_4_8_stream_mdf_word_t_0_stream_mdf_word_t_0_delay_im_23, i16 %void_stage_fb_4_8_stream_mdf_word_t_0_stream_mdf_word_t_0_delay_im_24, i16 %void_stage_fb_4_8_stream_mdf_word_t_0_stream_mdf_word_t_0_delay_im_25, i15 %TW_COS_LUT21, i15 %TW_SIN_LUT26"   --->   Operation 53 'call' 'call_ln0' <Predicate = true> <Delay = 0.00> <CoreType = "Generic">   --->   Core 0 '' <Latency = 0> <II = 1> <Delay = 1.00> <Generic> <Opcode : >

State 13 <SV = 12> <Delay = 0.00>
ST_13 : Operation 54 [1/2] (0.00ns)   --->   "%call_ln0 = call void @Loop_VITIS_LOOP_95_1_proc414, i129 %s4, i129 %s3, i16 %void_stage_fb_4_8_stream_mdf_word_t_0_stream_mdf_word_t_0_delay_re, i16 %void_stage_fb_4_8_stream_mdf_word_t_0_stream_mdf_word_t_0_delay_re_20, i16 %void_stage_fb_4_8_stream_mdf_word_t_0_stream_mdf_word_t_0_delay_re_21, i16 %void_stage_fb_4_8_stream_mdf_word_t_0_stream_mdf_word_t_0_delay_re_22, i16 %void_stage_fb_4_8_stream_mdf_word_t_0_stream_mdf_word_t_0_delay_im, i16 %void_stage_fb_4_8_stream_mdf_word_t_0_stream_mdf_word_t_0_delay_im_23, i16 %void_stage_fb_4_8_stream_mdf_word_t_0_stream_mdf_word_t_0_delay_im_24, i16 %void_stage_fb_4_8_stream_mdf_word_t_0_stream_mdf_word_t_0_delay_im_25, i15 %TW_COS_LUT21, i15 %TW_SIN_LUT26"   --->   Operation 54 'call' 'call_ln0' <Predicate = true> <Delay = 0.00> <CoreType = "Generic">   --->   Core 0 '' <Latency = 0> <II = 1> <Delay = 1.00> <Generic> <Opcode : >

State 14 <SV = 13> <Delay = 0.00>
ST_14 : Operation 55 [2/2] (0.00ns)   --->   "%call_ln0 = call void @Loop_VITIS_LOOP_95_1_proc515, i129 %s5, i129 %s4, i16 %void_stage_fb_5_4_stream_mdf_word_t_0_stream_mdf_word_t_0_delay_re, i16 %void_stage_fb_5_4_stream_mdf_word_t_0_stream_mdf_word_t_0_delay_re_14, i16 %void_stage_fb_5_4_stream_mdf_word_t_0_stream_mdf_word_t_0_delay_re_15, i16 %void_stage_fb_5_4_stream_mdf_word_t_0_stream_mdf_word_t_0_delay_re_16, i16 %void_stage_fb_5_4_stream_mdf_word_t_0_stream_mdf_word_t_0_delay_im, i16 %void_stage_fb_5_4_stream_mdf_word_t_0_stream_mdf_word_t_0_delay_im_17, i16 %void_stage_fb_5_4_stream_mdf_word_t_0_stream_mdf_word_t_0_delay_im_18, i16 %void_stage_fb_5_4_stream_mdf_word_t_0_stream_mdf_word_t_0_delay_im_19, i15 %TW_COS_LUT, i15 %TW_SIN_LUT"   --->   Operation 55 'call' 'call_ln0' <Predicate = true> <Delay = 0.00> <CoreType = "Generic">   --->   Core 0 '' <Latency = 0> <II = 1> <Delay = 1.00> <Generic> <Opcode : >

State 15 <SV = 14> <Delay = 0.00>
ST_15 : Operation 56 [1/2] (0.00ns)   --->   "%call_ln0 = call void @Loop_VITIS_LOOP_95_1_proc515, i129 %s5, i129 %s4, i16 %void_stage_fb_5_4_stream_mdf_word_t_0_stream_mdf_word_t_0_delay_re, i16 %void_stage_fb_5_4_stream_mdf_word_t_0_stream_mdf_word_t_0_delay_re_14, i16 %void_stage_fb_5_4_stream_mdf_word_t_0_stream_mdf_word_t_0_delay_re_15, i16 %void_stage_fb_5_4_stream_mdf_word_t_0_stream_mdf_word_t_0_delay_re_16, i16 %void_stage_fb_5_4_stream_mdf_word_t_0_stream_mdf_word_t_0_delay_im, i16 %void_stage_fb_5_4_stream_mdf_word_t_0_stream_mdf_word_t_0_delay_im_17, i16 %void_stage_fb_5_4_stream_mdf_word_t_0_stream_mdf_word_t_0_delay_im_18, i16 %void_stage_fb_5_4_stream_mdf_word_t_0_stream_mdf_word_t_0_delay_im_19, i15 %TW_COS_LUT, i15 %TW_SIN_LUT"   --->   Operation 56 'call' 'call_ln0' <Predicate = true> <Delay = 0.00> <CoreType = "Generic">   --->   Core 0 '' <Latency = 0> <II = 1> <Delay = 1.00> <Generic> <Opcode : >

State 16 <SV = 15> <Delay = 0.00>
ST_16 : Operation 57 [2/2] (0.00ns)   --->   "%call_ln0 = call void @Loop_VITIS_LOOP_95_1_proc616, i129 %s6, i129 %s5, i16 %void_stage_fb_6_2_stream_mdf_word_t_0_stream_mdf_word_t_0_delay_re, i16 %void_stage_fb_6_2_stream_mdf_word_t_0_stream_mdf_word_t_0_delay_re_8, i16 %void_stage_fb_6_2_stream_mdf_word_t_0_stream_mdf_word_t_0_delay_re_9, i16 %void_stage_fb_6_2_stream_mdf_word_t_0_stream_mdf_word_t_0_delay_re_10, i16 %void_stage_fb_6_2_stream_mdf_word_t_0_stream_mdf_word_t_0_delay_im, i16 %void_stage_fb_6_2_stream_mdf_word_t_0_stream_mdf_word_t_0_delay_im_11, i16 %void_stage_fb_6_2_stream_mdf_word_t_0_stream_mdf_word_t_0_delay_im_12, i16 %void_stage_fb_6_2_stream_mdf_word_t_0_stream_mdf_word_t_0_delay_im_13"   --->   Operation 57 'call' 'call_ln0' <Predicate = true> <Delay = 0.00> <CoreType = "Generic">   --->   Core 0 '' <Latency = 0> <II = 1> <Delay = 1.00> <Generic> <Opcode : >

State 17 <SV = 16> <Delay = 0.00>
ST_17 : Operation 58 [1/2] (0.00ns)   --->   "%call_ln0 = call void @Loop_VITIS_LOOP_95_1_proc616, i129 %s6, i129 %s5, i16 %void_stage_fb_6_2_stream_mdf_word_t_0_stream_mdf_word_t_0_delay_re, i16 %void_stage_fb_6_2_stream_mdf_word_t_0_stream_mdf_word_t_0_delay_re_8, i16 %void_stage_fb_6_2_stream_mdf_word_t_0_stream_mdf_word_t_0_delay_re_9, i16 %void_stage_fb_6_2_stream_mdf_word_t_0_stream_mdf_word_t_0_delay_re_10, i16 %void_stage_fb_6_2_stream_mdf_word_t_0_stream_mdf_word_t_0_delay_im, i16 %void_stage_fb_6_2_stream_mdf_word_t_0_stream_mdf_word_t_0_delay_im_11, i16 %void_stage_fb_6_2_stream_mdf_word_t_0_stream_mdf_word_t_0_delay_im_12, i16 %void_stage_fb_6_2_stream_mdf_word_t_0_stream_mdf_word_t_0_delay_im_13"   --->   Operation 58 'call' 'call_ln0' <Predicate = true> <Delay = 0.00> <CoreType = "Generic">   --->   Core 0 '' <Latency = 0> <II = 1> <Delay = 1.00> <Generic> <Opcode : >

State 18 <SV = 17> <Delay = 0.00>
ST_18 : Operation 59 [2/2] (0.00ns)   --->   "%call_ln0 = call void @Loop_VITIS_LOOP_95_1_proc717, i129 %s7, i129 %s6, i16 %void_stage_fb_7_1_stream_mdf_word_t_0_stream_mdf_word_t_0_delay_re_0, i16 %void_stage_fb_7_1_stream_mdf_word_t_0_stream_mdf_word_t_0_delay_re_2_0, i16 %void_stage_fb_7_1_stream_mdf_word_t_0_stream_mdf_word_t_0_delay_re_3_0, i16 %void_stage_fb_7_1_stream_mdf_word_t_0_stream_mdf_word_t_0_delay_re_4_0, i16 %void_stage_fb_7_1_stream_mdf_word_t_0_stream_mdf_word_t_0_delay_im_0, i16 %void_stage_fb_7_1_stream_mdf_word_t_0_stream_mdf_word_t_0_delay_im_5_0, i16 %void_stage_fb_7_1_stream_mdf_word_t_0_stream_mdf_word_t_0_delay_im_6_0, i16 %void_stage_fb_7_1_stream_mdf_word_t_0_stream_mdf_word_t_0_delay_im_7_0"   --->   Operation 59 'call' 'call_ln0' <Predicate = true> <Delay = 0.00> <CoreType = "Generic">   --->   Core 0 '' <Latency = 0> <II = 1> <Delay = 1.00> <Generic> <Opcode : >

State 19 <SV = 18> <Delay = 0.00>
ST_19 : Operation 60 [1/2] (0.00ns)   --->   "%call_ln0 = call void @Loop_VITIS_LOOP_95_1_proc717, i129 %s7, i129 %s6, i16 %void_stage_fb_7_1_stream_mdf_word_t_0_stream_mdf_word_t_0_delay_re_0, i16 %void_stage_fb_7_1_stream_mdf_word_t_0_stream_mdf_word_t_0_delay_re_2_0, i16 %void_stage_fb_7_1_stream_mdf_word_t_0_stream_mdf_word_t_0_delay_re_3_0, i16 %void_stage_fb_7_1_stream_mdf_word_t_0_stream_mdf_word_t_0_delay_re_4_0, i16 %void_stage_fb_7_1_stream_mdf_word_t_0_stream_mdf_word_t_0_delay_im_0, i16 %void_stage_fb_7_1_stream_mdf_word_t_0_stream_mdf_word_t_0_delay_im_5_0, i16 %void_stage_fb_7_1_stream_mdf_word_t_0_stream_mdf_word_t_0_delay_im_6_0, i16 %void_stage_fb_7_1_stream_mdf_word_t_0_stream_mdf_word_t_0_delay_im_7_0"   --->   Operation 60 'call' 'call_ln0' <Predicate = true> <Delay = 0.00> <CoreType = "Generic">   --->   Core 0 '' <Latency = 0> <II = 1> <Delay = 1.00> <Generic> <Opcode : >

State 20 <SV = 19> <Delay = 0.00>
ST_20 : Operation 61 [2/2] (0.00ns)   --->   "%call_ln0 = call void @Loop_VITIS_LOOP_168_1_proc18, i129 %s7, i129 %s8"   --->   Operation 61 'call' 'call_ln0' <Predicate = true> <Delay = 0.00> <CoreType = "Generic">   --->   Core 0 '' <Latency = 0> <II = 1> <Delay = 1.00> <Generic> <Opcode : >

State 21 <SV = 20> <Delay = 0.00>
ST_21 : Operation 62 [1/2] (0.00ns)   --->   "%call_ln0 = call void @Loop_VITIS_LOOP_168_1_proc18, i129 %s7, i129 %s8"   --->   Operation 62 'call' 'call_ln0' <Predicate = true> <Delay = 0.00> <CoreType = "Generic">   --->   Core 0 '' <Latency = 0> <II = 1> <Delay = 1.00> <Generic> <Opcode : >

State 22 <SV = 21> <Delay = 0.00>
ST_22 : Operation 63 [2/2] (0.00ns)   --->   "%call_ln0 = call void @Loop_VITIS_LOOP_168_1_proc819, i129 %s8, i129 %s9"   --->   Operation 63 'call' 'call_ln0' <Predicate = true> <Delay = 0.00> <CoreType = "Generic">   --->   Core 0 '' <Latency = 0> <II = 1> <Delay = 1.00> <Generic> <Opcode : >

State 23 <SV = 22> <Delay = 0.00>
ST_23 : Operation 64 [1/2] (0.00ns)   --->   "%call_ln0 = call void @Loop_VITIS_LOOP_168_1_proc819, i129 %s8, i129 %s9"   --->   Operation 64 'call' 'call_ln0' <Predicate = true> <Delay = 0.00> <CoreType = "Generic">   --->   Core 0 '' <Latency = 0> <II = 1> <Delay = 1.00> <Generic> <Opcode : >

State 24 <SV = 23> <Delay = 0.00>
ST_24 : Operation 65 [2/2] (0.00ns)   --->   "%rd_bank_cast_loc_channel = call i1 @Block__ZL8stage_nfILi1EEvRN3hls6streamI10mdf_word_tLi0EEES4_.exit_proc20, i129 %s9, i128 %bit_reverse_buf_stream_mdf_word_t_0_stream_mdf_word_t_0_bank, i128 %bit_reverse_buf_stream_mdf_word_t_0_stream_mdf_word_t_0_bank_1, i32 %wr_bank, i32 %wr_cnt"   --->   Operation 65 'call' 'rd_bank_cast_loc_channel' <Predicate = true> <Delay = 0.00> <CoreInst = "FIFO_SRL">   --->   Core 81 'FIFO_SRL' <Latency = 0> <II = 1> <Delay = 3.18> <Storage> <Opcode : 'read' 'write' 'nbread' 'nbwrite'> <Ports = 0> <Width = 1> <Depth = 2> <FIFO>

State 25 <SV = 24> <Delay = 0.00>
ST_25 : Operation 66 [1/2] (0.00ns)   --->   "%rd_bank_cast_loc_channel = call i1 @Block__ZL8stage_nfILi1EEvRN3hls6streamI10mdf_word_tLi0EEES4_.exit_proc20, i129 %s9, i128 %bit_reverse_buf_stream_mdf_word_t_0_stream_mdf_word_t_0_bank, i128 %bit_reverse_buf_stream_mdf_word_t_0_stream_mdf_word_t_0_bank_1, i32 %wr_bank, i32 %wr_cnt"   --->   Operation 66 'call' 'rd_bank_cast_loc_channel' <Predicate = true> <Delay = 0.00> <CoreInst = "FIFO_SRL">   --->   Core 81 'FIFO_SRL' <Latency = 0> <II = 1> <Delay = 3.18> <Storage> <Opcode : 'read' 'write' 'nbread' 'nbwrite'> <Ports = 0> <Width = 1> <Depth = 2> <FIFO>

State 26 <SV = 25> <Delay = 3.18>
ST_26 : Operation 67 [2/2] (3.18ns)   --->   "%call_ln0 = call void @Loop_read_loop_proc, i1 %rd_bank_cast_loc_channel, i129 %w_out, i128 %bit_reverse_buf_stream_mdf_word_t_0_stream_mdf_word_t_0_bank, i128 %bit_reverse_buf_stream_mdf_word_t_0_stream_mdf_word_t_0_bank_1"   --->   Operation 67 'call' 'call_ln0' <Predicate = true> <Delay = 3.18> <CoreType = "Generic">   --->   Core 0 '' <Latency = 0> <II = 1> <Delay = 1.00> <Generic> <Opcode : >

State 27 <SV = 26> <Delay = 0.00>
ST_27 : Operation 68 [1/2] (0.00ns)   --->   "%call_ln0 = call void @Loop_read_loop_proc, i1 %rd_bank_cast_loc_channel, i129 %w_out, i128 %bit_reverse_buf_stream_mdf_word_t_0_stream_mdf_word_t_0_bank, i128 %bit_reverse_buf_stream_mdf_word_t_0_stream_mdf_word_t_0_bank_1"   --->   Operation 68 'call' 'call_ln0' <Predicate = true> <Delay = 0.00> <CoreType = "Generic">   --->   Core 0 '' <Latency = 0> <II = 1> <Delay = 1.00> <Generic> <Opcode : >

State 28 <SV = 27> <Delay = 0.00>
ST_28 : Operation 69 [2/2] (0.00ns)   --->   "%call_ln376 = call void @word_to_axis, i129 %w_out, i128 %s_out_V_data_V, i16 %s_out_V_keep_V, i16 %s_out_V_strb_V, i1 %s_out_V_user_V, i1 %s_out_V_last_V, i1 %s_out_V_id_V, i1 %s_out_V_dest_V" [mdf_fft/fft_mdf.cpp:376]   --->   Operation 69 'call' 'call_ln376' <Predicate = true> <Delay = 0.00> <CoreType = "Generic">   --->   Core 0 '' <Latency = 0> <II = 1> <Delay = 1.00> <Generic> <Opcode : >

State 29 <SV = 28> <Delay = 0.00>
ST_29 : Operation 70 [1/2] (0.00ns)   --->   "%call_ln376 = call void @word_to_axis, i129 %w_out, i128 %s_out_V_data_V, i16 %s_out_V_keep_V, i16 %s_out_V_strb_V, i1 %s_out_V_user_V, i1 %s_out_V_last_V, i1 %s_out_V_id_V, i1 %s_out_V_dest_V" [mdf_fft/fft_mdf.cpp:376]   --->   Operation 70 'call' 'call_ln376' <Predicate = true> <Delay = 0.00> <CoreType = "Generic">   --->   Core 0 '' <Latency = 0> <II = 1> <Delay = 1.00> <Generic> <Opcode : >

State 30 <SV = 29> <Delay = 0.00>
ST_30 : Operation 71 [1/1] (0.00ns)   --->   "%specdataflowpipeline_ln336 = specdataflowpipeline void @_ssdm_op_SpecDataflowPipeline, i32 4294967295, i32 0, void @empty_9" [mdf_fft/fft_mdf.cpp:336]   --->   Operation 71 'specdataflowpipeline' 'specdataflowpipeline_ln336' <Predicate = true> <Delay = 0.00>
ST_30 : Operation 72 [1/1] (0.00ns)   --->   "%spectopmodule_ln328 = spectopmodule void @_ssdm_op_SpecTopModule, void @empty_3" [mdf_fft/fft_mdf.cpp:328]   --->   Operation 72 'spectopmodule' 'spectopmodule_ln328' <Predicate = true> <Delay = 0.00>
ST_30 : Operation 73 [1/1] (0.00ns)   --->   "%specinterface_ln328 = specinterface void @_ssdm_op_SpecInterface, i32 0, void @empty_1, i32 0, i32 0, void @empty_9, i32 0, i32 0, void @empty_9, void @empty_9, void @empty_9, i32 0, i32 0, i32 0, i32 0, void @empty_9, void @empty_9, i32 4294967295, i32 0" [mdf_fft/fft_mdf.cpp:328]   --->   Operation 73 'specinterface' 'specinterface_ln328' <Predicate = true> <Delay = 0.00>
ST_30 : Operation 74 [1/1] (0.00ns)   --->   "%specinterface_ln0 = specinterface void @_ssdm_op_SpecInterface, i128 %s_in_V_data_V, i16 %s_in_V_keep_V, i16 %s_in_V_strb_V, i1 %s_in_V_user_V, i1 %s_in_V_last_V, i1 %s_in_V_id_V, i1 %s_in_V_dest_V, void @empty_11, i32 1, i32 1, void @empty_7, i32 0, i32 0, void @empty_9, void @empty_9, void @empty_9, i32 0, i32 0, i32 0, i32 0, void @empty_9, void @empty_9, i32 4294967295, i32 0"   --->   Operation 74 'specinterface' 'specinterface_ln0' <Predicate = true> <Delay = 0.00>
ST_30 : Operation 75 [1/1] (0.00ns)   --->   "%specbitsmap_ln0 = specbitsmap void @_ssdm_op_SpecBitsMap, i128 %s_in_V_data_V"   --->   Operation 75 'specbitsmap' 'specbitsmap_ln0' <Predicate = true> <Delay = 0.00>
ST_30 : Operation 76 [1/1] (0.00ns)   --->   "%specbitsmap_ln0 = specbitsmap void @_ssdm_op_SpecBitsMap, i16 %s_in_V_keep_V"   --->   Operation 76 'specbitsmap' 'specbitsmap_ln0' <Predicate = true> <Delay = 0.00>
ST_30 : Operation 77 [1/1] (0.00ns)   --->   "%specbitsmap_ln0 = specbitsmap void @_ssdm_op_SpecBitsMap, i16 %s_in_V_strb_V"   --->   Operation 77 'specbitsmap' 'specbitsmap_ln0' <Predicate = true> <Delay = 0.00>
ST_30 : Operation 78 [1/1] (0.00ns)   --->   "%specbitsmap_ln0 = specbitsmap void @_ssdm_op_SpecBitsMap, i1 %s_in_V_user_V"   --->   Operation 78 'specbitsmap' 'specbitsmap_ln0' <Predicate = true> <Delay = 0.00>
ST_30 : Operation 79 [1/1] (0.00ns)   --->   "%specbitsmap_ln0 = specbitsmap void @_ssdm_op_SpecBitsMap, i1 %s_in_V_last_V"   --->   Operation 79 'specbitsmap' 'specbitsmap_ln0' <Predicate = true> <Delay = 0.00>
ST_30 : Operation 80 [1/1] (0.00ns)   --->   "%specbitsmap_ln0 = specbitsmap void @_ssdm_op_SpecBitsMap, i1 %s_in_V_id_V"   --->   Operation 80 'specbitsmap' 'specbitsmap_ln0' <Predicate = true> <Delay = 0.00>
ST_30 : Operation 81 [1/1] (0.00ns)   --->   "%specbitsmap_ln0 = specbitsmap void @_ssdm_op_SpecBitsMap, i1 %s_in_V_dest_V"   --->   Operation 81 'specbitsmap' 'specbitsmap_ln0' <Predicate = true> <Delay = 0.00>
ST_30 : Operation 82 [1/1] (0.00ns)   --->   "%specinterface_ln0 = specinterface void @_ssdm_op_SpecInterface, i128 %s_out_V_data_V, i16 %s_out_V_keep_V, i16 %s_out_V_strb_V, i1 %s_out_V_user_V, i1 %s_out_V_last_V, i1 %s_out_V_id_V, i1 %s_out_V_dest_V, void @empty_11, i32 1, i32 1, void @empty_7, i32 0, i32 0, void @empty_9, void @empty_9, void @empty_9, i32 0, i32 0, i32 0, i32 0, void @empty_9, void @empty_9, i32 4294967295, i32 0"   --->   Operation 82 'specinterface' 'specinterface_ln0' <Predicate = true> <Delay = 0.00>
ST_30 : Operation 83 [1/1] (0.00ns)   --->   "%specbitsmap_ln0 = specbitsmap void @_ssdm_op_SpecBitsMap, i128 %s_out_V_data_V"   --->   Operation 83 'specbitsmap' 'specbitsmap_ln0' <Predicate = true> <Delay = 0.00>
ST_30 : Operation 84 [1/1] (0.00ns)   --->   "%specbitsmap_ln0 = specbitsmap void @_ssdm_op_SpecBitsMap, i16 %s_out_V_keep_V"   --->   Operation 84 'specbitsmap' 'specbitsmap_ln0' <Predicate = true> <Delay = 0.00>
ST_30 : Operation 85 [1/1] (0.00ns)   --->   "%specbitsmap_ln0 = specbitsmap void @_ssdm_op_SpecBitsMap, i16 %s_out_V_strb_V"   --->   Operation 85 'specbitsmap' 'specbitsmap_ln0' <Predicate = true> <Delay = 0.00>
ST_30 : Operation 86 [1/1] (0.00ns)   --->   "%specbitsmap_ln0 = specbitsmap void @_ssdm_op_SpecBitsMap, i1 %s_out_V_user_V"   --->   Operation 86 'specbitsmap' 'specbitsmap_ln0' <Predicate = true> <Delay = 0.00>
ST_30 : Operation 87 [1/1] (0.00ns)   --->   "%specbitsmap_ln0 = specbitsmap void @_ssdm_op_SpecBitsMap, i1 %s_out_V_last_V"   --->   Operation 87 'specbitsmap' 'specbitsmap_ln0' <Predicate = true> <Delay = 0.00>
ST_30 : Operation 88 [1/1] (0.00ns)   --->   "%specbitsmap_ln0 = specbitsmap void @_ssdm_op_SpecBitsMap, i1 %s_out_V_id_V"   --->   Operation 88 'specbitsmap' 'specbitsmap_ln0' <Predicate = true> <Delay = 0.00>
ST_30 : Operation 89 [1/1] (0.00ns)   --->   "%specbitsmap_ln0 = specbitsmap void @_ssdm_op_SpecBitsMap, i1 %s_out_V_dest_V"   --->   Operation 89 'specbitsmap' 'specbitsmap_ln0' <Predicate = true> <Delay = 0.00>
ST_30 : Operation 90 [1/1] (0.00ns)   --->   "%empty = specchannel i32 @_ssdm_op_SpecChannel, void @w_in_str, i32 1, void @p_str, void @p_str, i32 260, i32 260, i129 %w_in, i129 %w_in"   --->   Operation 90 'specchannel' 'empty' <Predicate = true> <Delay = 0.00>
ST_30 : Operation 91 [1/1] (0.00ns)   --->   "%specinterface_ln0 = specinterface void @_ssdm_op_SpecInterface, i129 %w_in, void @empty_10, i32 0, i32 0, void @empty_9, i32 0, i32 0, void @empty_9, void @empty_9, void @empty_9, i32 0, i32 0, i32 0, i32 0, void @empty_9, void @empty_9, i32 4294967295, i32 0"   --->   Operation 91 'specinterface' 'specinterface_ln0' <Predicate = true> <Delay = 0.00>
ST_30 : Operation 92 [1/1] (0.00ns)   --->   "%empty_27 = specchannel i32 @_ssdm_op_SpecChannel, void @w_out_str, i32 1, void @p_str, void @p_str, i32 260, i32 260, i129 %w_out, i129 %w_out"   --->   Operation 92 'specchannel' 'empty_27' <Predicate = true> <Delay = 0.00>
ST_30 : Operation 93 [1/1] (0.00ns)   --->   "%specinterface_ln0 = specinterface void @_ssdm_op_SpecInterface, i129 %w_out, void @empty_10, i32 0, i32 0, void @empty_9, i32 0, i32 0, void @empty_9, void @empty_9, void @empty_9, i32 0, i32 0, i32 0, i32 0, void @empty_9, void @empty_9, i32 4294967295, i32 0"   --->   Operation 93 'specinterface' 'specinterface_ln0' <Predicate = true> <Delay = 0.00>
ST_30 : Operation 94 [1/1] (0.00ns)   --->   "%empty_28 = specchannel i32 @_ssdm_op_SpecChannel, void @s0_str, i32 1, void @p_str, void @p_str, i32 260, i32 260, i129 %s0, i129 %s0"   --->   Operation 94 'specchannel' 'empty_28' <Predicate = true> <Delay = 0.00>
ST_30 : Operation 95 [1/1] (0.00ns)   --->   "%specinterface_ln0 = specinterface void @_ssdm_op_SpecInterface, i129 %s0, void @empty_10, i32 0, i32 0, void @empty_9, i32 0, i32 0, void @empty_9, void @empty_9, void @empty_9, i32 0, i32 0, i32 0, i32 0, void @empty_9, void @empty_9, i32 4294967295, i32 0"   --->   Operation 95 'specinterface' 'specinterface_ln0' <Predicate = true> <Delay = 0.00>
ST_30 : Operation 96 [1/1] (0.00ns)   --->   "%empty_29 = specchannel i32 @_ssdm_op_SpecChannel, void @s1_str, i32 1, void @p_str, void @p_str, i32 260, i32 260, i129 %s1, i129 %s1"   --->   Operation 96 'specchannel' 'empty_29' <Predicate = true> <Delay = 0.00>
ST_30 : Operation 97 [1/1] (0.00ns)   --->   "%specinterface_ln0 = specinterface void @_ssdm_op_SpecInterface, i129 %s1, void @empty_10, i32 0, i32 0, void @empty_9, i32 0, i32 0, void @empty_9, void @empty_9, void @empty_9, i32 0, i32 0, i32 0, i32 0, void @empty_9, void @empty_9, i32 4294967295, i32 0"   --->   Operation 97 'specinterface' 'specinterface_ln0' <Predicate = true> <Delay = 0.00>
ST_30 : Operation 98 [1/1] (0.00ns)   --->   "%empty_30 = specchannel i32 @_ssdm_op_SpecChannel, void @s2_str, i32 1, void @p_str, void @p_str, i32 260, i32 260, i129 %s2, i129 %s2"   --->   Operation 98 'specchannel' 'empty_30' <Predicate = true> <Delay = 0.00>
ST_30 : Operation 99 [1/1] (0.00ns)   --->   "%specinterface_ln0 = specinterface void @_ssdm_op_SpecInterface, i129 %s2, void @empty_10, i32 0, i32 0, void @empty_9, i32 0, i32 0, void @empty_9, void @empty_9, void @empty_9, i32 0, i32 0, i32 0, i32 0, void @empty_9, void @empty_9, i32 4294967295, i32 0"   --->   Operation 99 'specinterface' 'specinterface_ln0' <Predicate = true> <Delay = 0.00>
ST_30 : Operation 100 [1/1] (0.00ns)   --->   "%empty_31 = specchannel i32 @_ssdm_op_SpecChannel, void @s3_str, i32 1, void @p_str, void @p_str, i32 260, i32 260, i129 %s3, i129 %s3"   --->   Operation 100 'specchannel' 'empty_31' <Predicate = true> <Delay = 0.00>
ST_30 : Operation 101 [1/1] (0.00ns)   --->   "%specinterface_ln0 = specinterface void @_ssdm_op_SpecInterface, i129 %s3, void @empty_10, i32 0, i32 0, void @empty_9, i32 0, i32 0, void @empty_9, void @empty_9, void @empty_9, i32 0, i32 0, i32 0, i32 0, void @empty_9, void @empty_9, i32 4294967295, i32 0"   --->   Operation 101 'specinterface' 'specinterface_ln0' <Predicate = true> <Delay = 0.00>
ST_30 : Operation 102 [1/1] (0.00ns)   --->   "%empty_32 = specchannel i32 @_ssdm_op_SpecChannel, void @s4_str, i32 1, void @p_str, void @p_str, i32 260, i32 260, i129 %s4, i129 %s4"   --->   Operation 102 'specchannel' 'empty_32' <Predicate = true> <Delay = 0.00>
ST_30 : Operation 103 [1/1] (0.00ns)   --->   "%specinterface_ln0 = specinterface void @_ssdm_op_SpecInterface, i129 %s4, void @empty_10, i32 0, i32 0, void @empty_9, i32 0, i32 0, void @empty_9, void @empty_9, void @empty_9, i32 0, i32 0, i32 0, i32 0, void @empty_9, void @empty_9, i32 4294967295, i32 0"   --->   Operation 103 'specinterface' 'specinterface_ln0' <Predicate = true> <Delay = 0.00>
ST_30 : Operation 104 [1/1] (0.00ns)   --->   "%empty_33 = specchannel i32 @_ssdm_op_SpecChannel, void @s5_str, i32 1, void @p_str, void @p_str, i32 260, i32 260, i129 %s5, i129 %s5"   --->   Operation 104 'specchannel' 'empty_33' <Predicate = true> <Delay = 0.00>
ST_30 : Operation 105 [1/1] (0.00ns)   --->   "%specinterface_ln0 = specinterface void @_ssdm_op_SpecInterface, i129 %s5, void @empty_10, i32 0, i32 0, void @empty_9, i32 0, i32 0, void @empty_9, void @empty_9, void @empty_9, i32 0, i32 0, i32 0, i32 0, void @empty_9, void @empty_9, i32 4294967295, i32 0"   --->   Operation 105 'specinterface' 'specinterface_ln0' <Predicate = true> <Delay = 0.00>
ST_30 : Operation 106 [1/1] (0.00ns)   --->   "%empty_34 = specchannel i32 @_ssdm_op_SpecChannel, void @s6_str, i32 1, void @p_str, void @p_str, i32 260, i32 260, i129 %s6, i129 %s6"   --->   Operation 106 'specchannel' 'empty_34' <Predicate = true> <Delay = 0.00>
ST_30 : Operation 107 [1/1] (0.00ns)   --->   "%specinterface_ln0 = specinterface void @_ssdm_op_SpecInterface, i129 %s6, void @empty_10, i32 0, i32 0, void @empty_9, i32 0, i32 0, void @empty_9, void @empty_9, void @empty_9, i32 0, i32 0, i32 0, i32 0, void @empty_9, void @empty_9, i32 4294967295, i32 0"   --->   Operation 107 'specinterface' 'specinterface_ln0' <Predicate = true> <Delay = 0.00>
ST_30 : Operation 108 [1/1] (0.00ns)   --->   "%empty_35 = specchannel i32 @_ssdm_op_SpecChannel, void @s7_str, i32 1, void @p_str, void @p_str, i32 260, i32 260, i129 %s7, i129 %s7"   --->   Operation 108 'specchannel' 'empty_35' <Predicate = true> <Delay = 0.00>
ST_30 : Operation 109 [1/1] (0.00ns)   --->   "%specinterface_ln0 = specinterface void @_ssdm_op_SpecInterface, i129 %s7, void @empty_10, i32 0, i32 0, void @empty_9, i32 0, i32 0, void @empty_9, void @empty_9, void @empty_9, i32 0, i32 0, i32 0, i32 0, void @empty_9, void @empty_9, i32 4294967295, i32 0"   --->   Operation 109 'specinterface' 'specinterface_ln0' <Predicate = true> <Delay = 0.00>
ST_30 : Operation 110 [1/1] (0.00ns)   --->   "%empty_36 = specchannel i32 @_ssdm_op_SpecChannel, void @s8_str, i32 1, void @p_str, void @p_str, i32 260, i32 260, i129 %s8, i129 %s8"   --->   Operation 110 'specchannel' 'empty_36' <Predicate = true> <Delay = 0.00>
ST_30 : Operation 111 [1/1] (0.00ns)   --->   "%specinterface_ln0 = specinterface void @_ssdm_op_SpecInterface, i129 %s8, void @empty_10, i32 0, i32 0, void @empty_9, i32 0, i32 0, void @empty_9, void @empty_9, void @empty_9, i32 0, i32 0, i32 0, i32 0, void @empty_9, void @empty_9, i32 4294967295, i32 0"   --->   Operation 111 'specinterface' 'specinterface_ln0' <Predicate = true> <Delay = 0.00>
ST_30 : Operation 112 [1/1] (0.00ns)   --->   "%empty_37 = specchannel i32 @_ssdm_op_SpecChannel, void @s9_str, i32 1, void @p_str, void @p_str, i32 260, i32 260, i129 %s9, i129 %s9"   --->   Operation 112 'specchannel' 'empty_37' <Predicate = true> <Delay = 0.00>
ST_30 : Operation 113 [1/1] (0.00ns)   --->   "%specinterface_ln0 = specinterface void @_ssdm_op_SpecInterface, i129 %s9, void @empty_10, i32 0, i32 0, void @empty_9, i32 0, i32 0, void @empty_9, void @empty_9, void @empty_9, i32 0, i32 0, i32 0, i32 0, void @empty_9, void @empty_9, i32 4294967295, i32 0"   --->   Operation 113 'specinterface' 'specinterface_ln0' <Predicate = true> <Delay = 0.00>
ST_30 : Operation 114 [1/1] (0.00ns)   --->   "%specaxissidechannel_ln95 = specaxissidechannel void @_ssdm_op_SpecAXISSideChannel, i128 %s_out_V_data_V, i16 %s_out_V_keep_V, i16 %s_out_V_strb_V, i1 %s_out_V_user_V, i1 %s_out_V_last_V, i1 %s_out_V_id_V, i1 %s_out_V_dest_V, void @empty_12" [mdf_fft/fft_mdf.cpp:95->mdf_fft/fft_mdf.cpp:359]   --->   Operation 114 'specaxissidechannel' 'specaxissidechannel_ln95' <Predicate = true> <Delay = 0.00>
ST_30 : Operation 115 [1/1] (0.00ns)   --->   "%specaxissidechannel_ln95 = specaxissidechannel void @_ssdm_op_SpecAXISSideChannel, i128 %s_in_V_data_V, i16 %s_in_V_keep_V, i16 %s_in_V_strb_V, i1 %s_in_V_user_V, i1 %s_in_V_last_V, i1 %s_in_V_id_V, i1 %s_in_V_dest_V, void @empty_4" [mdf_fft/fft_mdf.cpp:95->mdf_fft/fft_mdf.cpp:359]   --->   Operation 115 'specaxissidechannel' 'specaxissidechannel_ln95' <Predicate = true> <Delay = 0.00>
ST_30 : Operation 116 [1/1] (0.00ns)   --->   "%ret_ln377 = ret" [mdf_fft/fft_mdf.cpp:377]   --->   Operation 116 'ret' 'ret_ln377' <Predicate = true> <Delay = 0.00>


============================================================
+ Verbose Summary: Timing violations
============================================================
Target clock period: 10.000ns, clock uncertainty: 2.700ns.

 <State 1>: 0.000ns
The critical path consists of the following:

 <State 2>: 0.000ns
The critical path consists of the following:

 <State 3>: 0.000ns
The critical path consists of the following:

 <State 4>: 0.000ns
The critical path consists of the following:

 <State 5>: 0.000ns
The critical path consists of the following:

 <State 6>: 0.000ns
The critical path consists of the following:

 <State 7>: 0.000ns
The critical path consists of the following:

 <State 8>: 0.000ns
The critical path consists of the following:

 <State 9>: 0.000ns
The critical path consists of the following:

 <State 10>: 0.000ns
The critical path consists of the following:

 <State 11>: 0.000ns
The critical path consists of the following:

 <State 12>: 0.000ns
The critical path consists of the following:

 <State 13>: 0.000ns
The critical path consists of the following:

 <State 14>: 0.000ns
The critical path consists of the following:

 <State 15>: 0.000ns
The critical path consists of the following:

 <State 16>: 0.000ns
The critical path consists of the following:

 <State 17>: 0.000ns
The critical path consists of the following:

 <State 18>: 0.000ns
The critical path consists of the following:

 <State 19>: 0.000ns
The critical path consists of the following:

 <State 20>: 0.000ns
The critical path consists of the following:

 <State 21>: 0.000ns
The critical path consists of the following:

 <State 22>: 0.000ns
The critical path consists of the following:

 <State 23>: 0.000ns
The critical path consists of the following:

 <State 24>: 0.000ns
The critical path consists of the following:

 <State 25>: 0.000ns
The critical path consists of the following:

 <State 26>: 3.187ns
The critical path consists of the following:
	'call' operation 0 bit ('call_ln0') to 'Loop_read_loop_proc' [164]  (3.187 ns)

 <State 27>: 0.000ns
The critical path consists of the following:

 <State 28>: 0.000ns
The critical path consists of the following:

 <State 29>: 0.000ns
The critical path consists of the following:

 <State 30>: 0.000ns
The critical path consists of the following:


============================================================
+ Verbose Summary: Binding
============================================================
N/A
* FSMD analyzer results:
  - Output states:
 - Input state : 
  - Chain level:
	State 1
	State 2
	State 3
	State 4
	State 5
	State 6
	State 7
	State 8
	State 9
	State 10
	State 11
	State 12
	State 13
	State 14
	State 15
	State 16
	State 17
	State 18
	State 19
	State 20
	State 21
	State 22
	State 23
	State 24
	State 25
	State 26
	State 27
	State 28
	State 29
	State 30


============================================================
+ Verbose Summary: Datapath Resource usage 
============================================================
N/A
