C:\Users\ntoum\Desktop\thesis_repo\hls\mdf_fft_hls\solution1\.autopilot\db\fft_mdf.pp.0.cpp:1316:7: warning: Added loop label VITIS_LOOP_1207_1:   [xilinx-label-all-loops]
      for (i = 0; i < __N - 1; ++i) {
      ^~~
      VITIS_LOOP_1207_1: 
C:\Users\ntoum\Desktop\thesis_repo\hls\mdf_fft_hls\solution1\.autopilot\db\fft_mdf.pp.0.cpp:1316:7: note: FIX-IT applied suggested code changes
C:\Users\ntoum\Desktop\thesis_repo\hls\mdf_fft_hls\solution1\.autopilot\db\fft_mdf.pp.0.cpp:2290:5: warning: Added loop label VITIS_LOOP_676_1:   [xilinx-label-all-loops]
    for (unsigned i = low; i != high; ++i) {
    ^~~
    VITIS_LOOP_676_1: 
C:\Users\ntoum\Desktop\thesis_repo\hls\mdf_fft_hls\solution1\.autopilot\db\fft_mdf.pp.0.cpp:2290:5: note: FIX-IT applied suggested code changes
C:\Users\ntoum\Desktop\thesis_repo\hls\mdf_fft_hls\solution1\.autopilot\db\fft_mdf.pp.0.cpp:2304:5: warning: Added loop label VITIS_LOOP_690_1:   [xilinx-label-all-loops]
    for (unsigned i = low; i != high; ++i) {
    ^~~
    VITIS_LOOP_690_1: 
C:\Users\ntoum\Desktop\thesis_repo\hls\mdf_fft_hls\solution1\.autopilot\db\fft_mdf.pp.0.cpp:2304:5: note: FIX-IT applied suggested code changes
C:\Users\ntoum\Desktop\thesis_repo\hls\mdf_fft_hls\solution1\.autopilot\db\fft_mdf.pp.0.cpp:2318:5: warning: Added loop label VITIS_LOOP_704_1:   [xilinx-label-all-loops]
    for (unsigned i = low; i != high; ++i) {
    ^~~
    VITIS_LOOP_704_1: 
C:\Users\ntoum\Desktop\thesis_repo\hls\mdf_fft_hls\solution1\.autopilot\db\fft_mdf.pp.0.cpp:2318:5: note: FIX-IT applied suggested code changes
C:\Users\ntoum\Desktop\thesis_repo\hls\mdf_fft_hls\solution1\.autopilot\db\fft_mdf.pp.0.cpp:3947:7: warning: Added loop label VITIS_LOOP_1247_1:   [xilinx-label-all-loops]
      for (i = 0; i < __N - 1; ++i) {
      ^~~
      VITIS_LOOP_1247_1: 
C:\Users\ntoum\Desktop\thesis_repo\hls\mdf_fft_hls\solution1\.autopilot\db\fft_mdf.pp.0.cpp:3947:7: note: FIX-IT applied suggested code changes
C:\Users\ntoum\Desktop\thesis_repo\hls\mdf_fft_hls\solution1\.autopilot\db\fft_mdf.pp.0.cpp:9858:2: warning: Added loop label VITIS_LOOP_30_1:   [xilinx-label-all-loops]
 for (int p = 0; p < MDF_P; p++) {
 ^~~
 VITIS_LOOP_30_1: 
C:\Users\ntoum\Desktop\thesis_repo\hls\mdf_fft_hls\solution1\.autopilot\db\fft_mdf.pp.0.cpp:9858:2: note: FIX-IT applied suggested code changes
C:\Users\ntoum\Desktop\thesis_repo\hls\mdf_fft_hls\solution1\.autopilot\db\fft_mdf.pp.0.cpp:9868:2: warning: Added loop label VITIS_LOOP_40_1:   [xilinx-label-all-loops]
 for (int p = 0; p < MDF_P; p++) {
 ^~~
 VITIS_LOOP_40_1: 
C:\Users\ntoum\Desktop\thesis_repo\hls\mdf_fft_hls\solution1\.autopilot\db\fft_mdf.pp.0.cpp:9868:2: note: FIX-IT applied suggested code changes
C:\Users\ntoum\Desktop\thesis_repo\hls\mdf_fft_hls\solution1\.autopilot\db\fft_mdf.pp.0.cpp:9907:2: warning: Added loop label VITIS_LOOP_95_1:   [xilinx-label-all-loops]
 for (int cyc = 0; cyc < MDF_WORDS; cyc++) {
 ^~~
 VITIS_LOOP_95_1: 
C:\Users\ntoum\Desktop\thesis_repo\hls\mdf_fft_hls\solution1\.autopilot\db\fft_mdf.pp.0.cpp:9907:2: note: FIX-IT applied suggested code changes
C:\Users\ntoum\Desktop\thesis_repo\hls\mdf_fft_hls\solution1\.autopilot\db\fft_mdf.pp.0.cpp:9921:9: warning: Added loop label VITIS_LOOP_109_2:   [xilinx-label-all-loops]
        for (int p = 0; p < MDF_P; p++) {
        ^~~
        VITIS_LOOP_109_2: 
C:\Users\ntoum\Desktop\thesis_repo\hls\mdf_fft_hls\solution1\.autopilot\db\fft_mdf.pp.0.cpp:9921:9: note: FIX-IT applied suggested code changes
C:\Users\ntoum\Desktop\thesis_repo\hls\mdf_fft_hls\solution1\.autopilot\db\fft_mdf.pp.0.cpp:9931:13: warning: Added loop label VITIS_LOOP_119_3:   [xilinx-label-all-loops]
            for (int p = 0; p < MDF_P; p++) {
            ^~~
            VITIS_LOOP_119_3: 
C:\Users\ntoum\Desktop\thesis_repo\hls\mdf_fft_hls\solution1\.autopilot\db\fft_mdf.pp.0.cpp:9931:13: note: FIX-IT applied suggested code changes
C:\Users\ntoum\Desktop\thesis_repo\hls\mdf_fft_hls\solution1\.autopilot\db\fft_mdf.pp.0.cpp:9944:13: warning: Added loop label VITIS_LOOP_132_4:   [xilinx-label-all-loops]
            for (int p = 0; p < MDF_P; p++) {
            ^~~
            VITIS_LOOP_132_4: 
C:\Users\ntoum\Desktop\thesis_repo\hls\mdf_fft_hls\solution1\.autopilot\db\fft_mdf.pp.0.cpp:9944:13: note: FIX-IT applied suggested code changes
C:\Users\ntoum\Desktop\thesis_repo\hls\mdf_fft_hls\solution1\.autopilot\db\fft_mdf.pp.0.cpp:9969:2: warning: Added loop label VITIS_LOOP_168_1:   [xilinx-label-all-loops]
 for (int cyc = 0; cyc < MDF_WORDS; cyc++) {
 ^~~
 VITIS_LOOP_168_1: 
C:\Users\ntoum\Desktop\thesis_repo\hls\mdf_fft_hls\solution1\.autopilot\db\fft_mdf.pp.0.cpp:9969:2: note: FIX-IT applied suggested code changes
C:\Users\ntoum\Desktop\thesis_repo\hls\mdf_fft_hls\solution1\.autopilot\db\fft_mdf.pp.0.cpp:10024:9: warning: Added loop label VITIS_LOOP_223_2:   [xilinx-label-all-loops]
        for (int p = 0; p < MDF_P; p++) {
        ^~~
        VITIS_LOOP_223_2: 
C:\Users\ntoum\Desktop\thesis_repo\hls\mdf_fft_hls\solution1\.autopilot\db\fft_mdf.pp.0.cpp:10024:9: note: FIX-IT applied suggested code changes
C:\Users\ntoum\Desktop\thesis_repo\hls\mdf_fft_hls\solution1\.autopilot\db\fft_mdf.pp.0.cpp:10069:9: warning: Added loop label VITIS_LOOP_277_1:   [xilinx-label-all-loops]
        for (int b = 0; b < 8; b++) {
        ^~~
        VITIS_LOOP_277_1: 
C:\Users\ntoum\Desktop\thesis_repo\hls\mdf_fft_hls\solution1\.autopilot\db\fft_mdf.pp.0.cpp:10069:9: note: FIX-IT applied suggested code changes
C:\Users\ntoum\Desktop\thesis_repo\hls\mdf_fft_hls\solution1\.autopilot\db\fft_mdf.pp.0.cpp:10093:5: warning: Added loop label VITIS_LOOP_301_1:   [xilinx-label-all-loops]
    for (int i = 0; i < MDF_WORDS; i++) {
    ^~~
    VITIS_LOOP_301_1: 
C:\Users\ntoum\Desktop\thesis_repo\hls\mdf_fft_hls\solution1\.autopilot\db\fft_mdf.pp.0.cpp:10093:5: note: FIX-IT applied suggested code changes
C:\Users\ntoum\Desktop\thesis_repo\hls\mdf_fft_hls\solution1\.autopilot\db\fft_mdf.pp.0.cpp:10105:5: warning: Added loop label VITIS_LOOP_313_1:   [xilinx-label-all-loops]
    for (int i = 0; i < MDF_WORDS; i++) {
    ^~~
    VITIS_LOOP_313_1: 
C:\Users\ntoum\Desktop\thesis_repo\hls\mdf_fft_hls\solution1\.autopilot\db\fft_mdf.pp.0.cpp:10105:5: note: FIX-IT applied suggested code changes
