

================================================================
== Vitis HLS Report for 'Loop_read_loop_proc'
================================================================
* Date:           Tue Jun 30 20:57:54 2026

* Version:        2023.2 (Build 4023990 on Oct 11 2023)
* Project:        mdf_fft_hls
* Solution:       solution1 (Vivado IP Flow Target)
* Product family: artix7
* Target device:  xc7a200t-fbg676-2


================================================================
== Performance Estimates
================================================================
+ Timing: 
    * Summary: 
    +--------+----------+----------+------------+
    |  Clock |  Target  | Estimated| Uncertainty|
    +--------+----------+----------+------------+
    |ap_clk  |  10.00 ns|  4.382 ns|     2.70 ns|
    +--------+----------+----------+------------+

+ Latency: 
    * Summary: 
    +---------+---------+----------+----------+-----+-----+---------+
    |  Latency (cycles) |  Latency (absolute) |  Interval | Pipeline|
    |   min   |   max   |    min   |    max   | min | max |   Type  |
    +---------+---------+----------+----------+-----+-----+---------+
    |      259|      259|  2.590 us|  2.590 us|  259|  259|       no|
    +---------+---------+----------+----------+-----+-----+---------+

    + Detail: 
        * Instance: 
        N/A

        * Loop: 
        +-------------+---------+---------+----------+-----------+-----------+------+----------+
        |             |  Latency (cycles) | Iteration|  Initiation Interval  | Trip |          |
        |  Loop Name  |   min   |   max   |  Latency |  achieved |   target  | Count| Pipelined|
        +-------------+---------+---------+----------+-----------+-----------+------+----------+
        |- read_loop  |      257|      257|         3|          1|          1|   256|  yes(flp)|
        +-------------+---------+---------+----------+-----------+-----------+------+----------+

============================================================
+ Verbose Summary: Synthesis Manager
============================================================
InlineROM: 1
ExposeGlobal: 0
============================================================
+ Verbose Summary: CDFG Model
============================================================
IsTopModel: 0
ResetActiveHigh: 1
IsCombinational: 2
IsDatapathOnly: 0
HasWiredReturn: 1
HasMFsm: 1
HasVarLatency: 1
IsPipeline: 0
IsRtlPipelined: 0
IsInstanceOverlapped: 0
IsDontTouch: 0
HasImplIP: 0
IsGatedGlobalClock: 0

+ Individual pipeline summary: 
  * Pipeline-0: initiation interval (II) = 1, depth = 3


============================================================
+ Verbose Summary: Schedule
============================================================
* Number of FSM states : 3
* Pipeline : 1
  Pipeline-0 : II = 1, D = 3, States = { 1 2 3 }
* Dataflow Pipeline: 0

* FSM state transitions: 
1 --> 2 
2 --> 3 
3 --> 

* FSM state operations: 

State 1 <SV = 0> <Delay = 4.38>
ST_1 : Operation 6 [1/1] (0.00ns)   --->   "%i = alloca i32 1" [mdf_fft/fft_mdf.cpp:271->mdf_fft/fft_mdf.cpp:373]   --->   Operation 6 'alloca' 'i' <Predicate = true> <Delay = 0.00>
ST_1 : Operation 7 [1/1] (0.00ns)   --->   "%specinterface_ln0 = specinterface void @_ssdm_op_SpecInterface, i129 %w_out, void @empty_10, i32 0, i32 0, void @empty_9, i32 0, i32 0, void @empty_9, void @empty_9, void @empty_9, i32 0, i32 0, i32 0, i32 0, void @empty_9, void @empty_9, i32 4294967295, i32 0"   --->   Operation 7 'specinterface' 'specinterface_ln0' <Predicate = true> <Delay = 0.00>
ST_1 : Operation 8 [1/1] (3.18ns)   --->   "%p_read_1 = read i1 @_ssdm_op_Read.ap_auto.i1, i1 %p_read"   --->   Operation 8 'read' 'p_read_1' <Predicate = true> <Delay = 3.18> <CoreInst = "FIFO_SRL">   --->   Core 81 'FIFO_SRL' <Latency = 0> <II = 1> <Delay = 3.18> <Storage> <Opcode : 'read' 'write' 'nbread' 'nbwrite'> <Ports = 0> <Width = -1> <Depth = -1> <FIFO>
ST_1 : Operation 9 [1/1] (1.32ns)   --->   "%store_ln271 = store i9 0, i9 %i" [mdf_fft/fft_mdf.cpp:271->mdf_fft/fft_mdf.cpp:373]   --->   Operation 9 'store' 'store_ln271' <Predicate = true> <Delay = 1.32>
ST_1 : Operation 10 [1/1] (0.00ns)   --->   "%br_ln0 = br void %for.cond6.i.i.i"   --->   Operation 10 'br' 'br_ln0' <Predicate = true> <Delay = 0.00>
ST_1 : Operation 11 [1/1] (0.00ns)   --->   "%i_5 = load i9 %i" [mdf_fft/fft_mdf.cpp:271->mdf_fft/fft_mdf.cpp:373]   --->   Operation 11 'load' 'i_5' <Predicate = true> <Delay = 0.00>
ST_1 : Operation 12 [1/1] (1.73ns)   --->   "%icmp_ln271 = icmp_eq  i9 %i_5, i9 256" [mdf_fft/fft_mdf.cpp:271->mdf_fft/fft_mdf.cpp:373]   --->   Operation 12 'icmp' 'icmp_ln271' <Predicate = true> <Delay = 1.73> <CoreInst = "Cmp">   --->   Core 9 'Cmp' <Latency = 0> <II = 1> <Delay = 1.73> <FuncUnit> <Opcode : 'icmp'> <InPorts = 2> <OutPorts = 1>
ST_1 : Operation 13 [1/1] (1.73ns)   --->   "%i_6 = add i9 %i_5, i9 1" [mdf_fft/fft_mdf.cpp:271->mdf_fft/fft_mdf.cpp:373]   --->   Operation 13 'add' 'i_6' <Predicate = true> <Delay = 1.73> <CoreInst = "Adder">   --->   Core 1 'Adder' <Latency = 0> <II = 1> <Delay = 1.73> <FuncUnit> <Opcode : 'add' 'sub'> <InPorts = 2> <OutPorts = 1>
ST_1 : Operation 14 [1/1] (0.00ns)   --->   "%br_ln271 = br i1 %icmp_ln271, void %for.body9.i.i.i, void %Loop_read_loop_proc.exit" [mdf_fft/fft_mdf.cpp:271->mdf_fft/fft_mdf.cpp:373]   --->   Operation 14 'br' 'br_ln271' <Predicate = true> <Delay = 0.00>
ST_1 : Operation 15 [1/1] (0.00ns)   --->   "%rev = partselect i8 @_ssdm_op_PartSelect.i8.i9.i32.i32, i9 %i_5, i32 7, i32 0" [mdf_fft/fft_mdf.cpp:279->mdf_fft/fft_mdf.cpp:373]   --->   Operation 15 'partselect' 'rev' <Predicate = (!icmp_ln271)> <Delay = 0.00>
ST_1 : Operation 16 [1/1] (0.00ns)   --->   "%zext_ln282 = zext i8 %rev" [mdf_fft/fft_mdf.cpp:282->mdf_fft/fft_mdf.cpp:373]   --->   Operation 16 'zext' 'zext_ln282' <Predicate = (!icmp_ln271)> <Delay = 0.00>
ST_1 : Operation 17 [1/1] (0.00ns)   --->   "%bit_reverse_buf_stream_mdf_word_t_0_stream_mdf_word_t_0_bank_addr = getelementptr i128 %bit_reverse_buf_stream_mdf_word_t_0_stream_mdf_word_t_0_bank, i64 0, i64 %zext_ln282" [mdf_fft/fft_mdf.cpp:282->mdf_fft/fft_mdf.cpp:373]   --->   Operation 17 'getelementptr' 'bit_reverse_buf_stream_mdf_word_t_0_stream_mdf_word_t_0_bank_addr' <Predicate = (!icmp_ln271 & !p_read_1)> <Delay = 0.00>
ST_1 : Operation 18 [2/2] (2.77ns)   --->   "%bit_reverse_buf_stream_mdf_word_t_0_stream_mdf_word_t_0_bank_load = load i8 %bit_reverse_buf_stream_mdf_word_t_0_stream_mdf_word_t_0_bank_addr" [mdf_fft/fft_mdf.cpp:282->mdf_fft/fft_mdf.cpp:373]   --->   Operation 18 'load' 'bit_reverse_buf_stream_mdf_word_t_0_stream_mdf_word_t_0_bank_load' <Predicate = (!icmp_ln271 & !p_read_1)> <Delay = 2.77> <CoreInst = "RAM">   --->   Core 82 'RAM' <Latency = 1> <II = 1> <Delay = 2.77> <Storage> <Opcode : 'load' 'store'> <Ports = 2> <Width = 128> <Depth = 256> <RAM>
ST_1 : Operation 19 [1/1] (0.00ns)   --->   "%bit_reverse_buf_stream_mdf_word_t_0_stream_mdf_word_t_0_bank_1_addr = getelementptr i128 %bit_reverse_buf_stream_mdf_word_t_0_stream_mdf_word_t_0_bank_1, i64 0, i64 %zext_ln282" [mdf_fft/fft_mdf.cpp:282->mdf_fft/fft_mdf.cpp:373]   --->   Operation 19 'getelementptr' 'bit_reverse_buf_stream_mdf_word_t_0_stream_mdf_word_t_0_bank_1_addr' <Predicate = (!icmp_ln271 & p_read_1)> <Delay = 0.00>
ST_1 : Operation 20 [2/2] (2.77ns)   --->   "%bit_reverse_buf_stream_mdf_word_t_0_stream_mdf_word_t_0_bank_1_load = load i8 %bit_reverse_buf_stream_mdf_word_t_0_stream_mdf_word_t_0_bank_1_addr" [mdf_fft/fft_mdf.cpp:282->mdf_fft/fft_mdf.cpp:373]   --->   Operation 20 'load' 'bit_reverse_buf_stream_mdf_word_t_0_stream_mdf_word_t_0_bank_1_load' <Predicate = (!icmp_ln271 & p_read_1)> <Delay = 2.77> <CoreInst = "RAM">   --->   Core 82 'RAM' <Latency = 1> <II = 1> <Delay = 2.77> <Storage> <Opcode : 'load' 'store'> <Ports = 2> <Width = 128> <Depth = 256> <RAM>
ST_1 : Operation 21 [1/1] (1.73ns)   --->   "%y_last = icmp_eq  i9 %i_5, i9 255" [mdf_fft/fft_mdf.cpp:290->mdf_fft/fft_mdf.cpp:373]   --->   Operation 21 'icmp' 'y_last' <Predicate = (!icmp_ln271)> <Delay = 1.73> <CoreInst = "Cmp">   --->   Core 9 'Cmp' <Latency = 0> <II = 1> <Delay = 1.73> <FuncUnit> <Opcode : 'icmp'> <InPorts = 2> <OutPorts = 1>
ST_1 : Operation 22 [1/1] (1.32ns)   --->   "%store_ln271 = store i9 %i_6, i9 %i" [mdf_fft/fft_mdf.cpp:271->mdf_fft/fft_mdf.cpp:373]   --->   Operation 22 'store' 'store_ln271' <Predicate = (!icmp_ln271)> <Delay = 1.32>

State 2 <SV = 1> <Delay = 4.26>
ST_2 : Operation 23 [1/2] (2.77ns)   --->   "%bit_reverse_buf_stream_mdf_word_t_0_stream_mdf_word_t_0_bank_load = load i8 %bit_reverse_buf_stream_mdf_word_t_0_stream_mdf_word_t_0_bank_addr" [mdf_fft/fft_mdf.cpp:282->mdf_fft/fft_mdf.cpp:373]   --->   Operation 23 'load' 'bit_reverse_buf_stream_mdf_word_t_0_stream_mdf_word_t_0_bank_load' <Predicate = (!icmp_ln271 & !p_read_1)> <Delay = 2.77> <CoreInst = "RAM">   --->   Core 82 'RAM' <Latency = 1> <II = 1> <Delay = 2.77> <Storage> <Opcode : 'load' 'store'> <Ports = 2> <Width = 128> <Depth = 256> <RAM>
ST_2 : Operation 24 [1/2] (2.77ns)   --->   "%bit_reverse_buf_stream_mdf_word_t_0_stream_mdf_word_t_0_bank_1_load = load i8 %bit_reverse_buf_stream_mdf_word_t_0_stream_mdf_word_t_0_bank_1_addr" [mdf_fft/fft_mdf.cpp:282->mdf_fft/fft_mdf.cpp:373]   --->   Operation 24 'load' 'bit_reverse_buf_stream_mdf_word_t_0_stream_mdf_word_t_0_bank_1_load' <Predicate = (!icmp_ln271 & p_read_1)> <Delay = 2.77> <CoreInst = "RAM">   --->   Core 82 'RAM' <Latency = 1> <II = 1> <Delay = 2.77> <Storage> <Opcode : 'load' 'store'> <Ports = 2> <Width = 128> <Depth = 256> <RAM>
ST_2 : Operation 25 [1/1] (1.49ns)   --->   "%raw = select i1 %p_read_1, i128 %bit_reverse_buf_stream_mdf_word_t_0_stream_mdf_word_t_0_bank_1_load, i128 %bit_reverse_buf_stream_mdf_word_t_0_stream_mdf_word_t_0_bank_load" [mdf_fft/fft_mdf.cpp:282->mdf_fft/fft_mdf.cpp:373]   --->   Operation 25 'select' 'raw' <Predicate = (!icmp_ln271)> <Delay = 1.49> <CoreInst = "Sel">   --->   Core 73 'Sel' <Latency = 0> <II = 1> <Delay = 1.49> <FuncUnit> <Opcode : 'select'> <InPorts = 3> <OutPorts = 1>
ST_2 : Operation 26 [1/1] (0.00ns)   --->   "%trunc_ln286 = trunc i128 %raw" [mdf_fft/fft_mdf.cpp:286->mdf_fft/fft_mdf.cpp:373]   --->   Operation 26 'trunc' 'trunc_ln286' <Predicate = (!icmp_ln271)> <Delay = 0.00>
ST_2 : Operation 27 [1/1] (0.00ns)   --->   "%tmp_7_i_i = partselect i32 @_ssdm_op_PartSelect.i32.i128.i32.i32, i128 %raw, i32 64, i32 95" [mdf_fft/fft_mdf.cpp:287->mdf_fft/fft_mdf.cpp:373]   --->   Operation 27 'partselect' 'tmp_7_i_i' <Predicate = (!icmp_ln271)> <Delay = 0.00>
ST_2 : Operation 28 [1/1] (0.00ns)   --->   "%tmp_9_i_i = partselect i32 @_ssdm_op_PartSelect.i32.i128.i32.i32, i128 %raw, i32 32, i32 63" [mdf_fft/fft_mdf.cpp:288->mdf_fft/fft_mdf.cpp:373]   --->   Operation 28 'partselect' 'tmp_9_i_i' <Predicate = (!icmp_ln271)> <Delay = 0.00>
ST_2 : Operation 29 [1/1] (0.00ns)   --->   "%tmp_10_i_i = partselect i32 @_ssdm_op_PartSelect.i32.i128.i32.i32, i128 %raw, i32 96, i32 127" [mdf_fft/fft_mdf.cpp:289->mdf_fft/fft_mdf.cpp:373]   --->   Operation 29 'partselect' 'tmp_10_i_i' <Predicate = (!icmp_ln271)> <Delay = 0.00>

State 3 <SV = 2> <Delay = 3.39>
ST_3 : Operation 30 [1/1] (0.00ns)   --->   "%specpipeline_ln272 = specpipeline void @_ssdm_op_SpecPipeline, i32 1, i32 0, i32 0, i32 0, void @empty_9" [mdf_fft/fft_mdf.cpp:272->mdf_fft/fft_mdf.cpp:373]   --->   Operation 30 'specpipeline' 'specpipeline_ln272' <Predicate = (!icmp_ln271)> <Delay = 0.00>
ST_3 : Operation 31 [1/1] (0.00ns)   --->   "%speclooptripcount_ln276 = speclooptripcount void @_ssdm_op_SpecLoopTripCount, i64 256, i64 256, i64 256" [mdf_fft/fft_mdf.cpp:276->mdf_fft/fft_mdf.cpp:373]   --->   Operation 31 'speclooptripcount' 'speclooptripcount_ln276' <Predicate = (!icmp_ln271)> <Delay = 0.00>
ST_3 : Operation 32 [1/1] (0.00ns)   --->   "%specloopname_ln271 = specloopname void @_ssdm_op_SpecLoopName, void @empty" [mdf_fft/fft_mdf.cpp:271->mdf_fft/fft_mdf.cpp:373]   --->   Operation 32 'specloopname' 'specloopname_ln271' <Predicate = (!icmp_ln271)> <Delay = 0.00>
ST_3 : Operation 33 [1/1] (0.00ns)   --->   "%tmp_11_i_i = bitconcatenate i129 @_ssdm_op_BitConcatenate.i129.i1.i32.i32.i32.i32, i1 %y_last, i32 %tmp_10_i_i, i32 %tmp_9_i_i, i32 %tmp_7_i_i, i32 %trunc_ln286" [mdf_fft/fft_mdf.cpp:291->mdf_fft/fft_mdf.cpp:373]   --->   Operation 33 'bitconcatenate' 'tmp_11_i_i' <Predicate = (!icmp_ln271)> <Delay = 0.00>
ST_3 : Operation 34 [1/1] (3.39ns)   --->   "%write_ln291 = write void @_ssdm_op_Write.ap_fifo.volatile.i129P0A, i129 %w_out, i129 %tmp_11_i_i" [mdf_fft/fft_mdf.cpp:291->mdf_fft/fft_mdf.cpp:373]   --->   Operation 34 'write' 'write_ln291' <Predicate = (!icmp_ln271)> <Delay = 3.39> <CoreInst = "FIFO">   --->   Core 78 'FIFO' <Latency = 0> <II = 1> <Delay = 3.39> <Storage> <Opcode : 'read' 'write' 'nbread' 'nbwrite'> <Ports = 0> <Width = 129> <Depth = 260> <FIFO>
ST_3 : Operation 35 [1/1] (0.00ns)   --->   "%br_ln271 = br void %for.cond6.i.i.i" [mdf_fft/fft_mdf.cpp:271->mdf_fft/fft_mdf.cpp:373]   --->   Operation 35 'br' 'br_ln271' <Predicate = (!icmp_ln271)> <Delay = 0.00>
ST_3 : Operation 36 [1/1] (0.00ns)   --->   "%ret_ln0 = ret"   --->   Operation 36 'ret' 'ret_ln0' <Predicate = (icmp_ln271)> <Delay = 0.00>


============================================================
+ Verbose Summary: Timing violations
============================================================
Target clock period: 10.000ns, clock uncertainty: 2.700ns.

 <State 1>: 4.382ns
The critical path consists of the following:
	'store' operation 0 bit ('store_ln271', mdf_fft/fft_mdf.cpp:271->mdf_fft/fft_mdf.cpp:373) of constant 0 on local variable 'i', mdf_fft/fft_mdf.cpp:271->mdf_fft/fft_mdf.cpp:373 [8]  (1.324 ns)
	'load' operation 9 bit ('i', mdf_fft/fft_mdf.cpp:271->mdf_fft/fft_mdf.cpp:373) on local variable 'i', mdf_fft/fft_mdf.cpp:271->mdf_fft/fft_mdf.cpp:373 [11]  (0.000 ns)
	'add' operation 9 bit ('i', mdf_fft/fft_mdf.cpp:271->mdf_fft/fft_mdf.cpp:373) [13]  (1.734 ns)
	'store' operation 0 bit ('store_ln271', mdf_fft/fft_mdf.cpp:271->mdf_fft/fft_mdf.cpp:373) of variable 'i', mdf_fft/fft_mdf.cpp:271->mdf_fft/fft_mdf.cpp:373 on local variable 'i', mdf_fft/fft_mdf.cpp:271->mdf_fft/fft_mdf.cpp:373 [33]  (1.324 ns)

 <State 2>: 4.267ns
The critical path consists of the following:
	'load' operation 128 bit ('bit_reverse_buf_stream_mdf_word_t_0_stream_mdf_word_t_0_bank_load', mdf_fft/fft_mdf.cpp:282->mdf_fft/fft_mdf.cpp:373) on array 'bit_reverse_buf_stream_mdf_word_t_0_stream_mdf_word_t_0_bank' [22]  (2.772 ns)
	'select' operation 128 bit ('raw', mdf_fft/fft_mdf.cpp:282->mdf_fft/fft_mdf.cpp:373) [25]  (1.495 ns)

 <State 3>: 3.396ns
The critical path consists of the following:
	fifo write operation ('write_ln291', mdf_fft/fft_mdf.cpp:291->mdf_fft/fft_mdf.cpp:373) on port 'w_out' (mdf_fft/fft_mdf.cpp:291->mdf_fft/fft_mdf.cpp:373) [32]  (3.396 ns)


============================================================
+ Verbose Summary: Binding
============================================================
N/A
* FSMD analyzer results:
  - Output states:
 - Input state : 
  - Chain level:
	State 1
	State 2
	State 3


============================================================
+ Verbose Summary: Datapath Resource usage 
============================================================
N/A
