

================================================================
== Vitis HLS Report for 'Loop_VITIS_LOOP_168_1_proc18'
================================================================
* Date:           Tue Jun 30 20:57:54 2026

* Version:        2023.2 (Build 4023990 on Oct 11 2023)
* Project:        mdf_fft_hls
* Solution:       solution1 (Vivado IP Flow Target)
* Product family: artix7
* Target device:  xc7a200t-fbg676-2


================================================================
== Performance Estimates
================================================================
+ Timing: 
    * Summary: 
    +--------+----------+----------+------------+
    |  Clock |  Target  | Estimated| Uncertainty|
    +--------+----------+----------+------------+
    |ap_clk  |  10.00 ns|  6.438 ns|     2.70 ns|
    +--------+----------+----------+------------+

+ Latency: 
    * Summary: 
    +---------+---------+----------+----------+-----+-----+---------+
    |  Latency (cycles) |  Latency (absolute) |  Interval | Pipeline|
    |   min   |   max   |    min   |    max   | min | max |   Type  |
    +---------+---------+----------+----------+-----+-----+---------+
    |      259|      259|  2.590 us|  2.590 us|  259|  259|       no|
    +---------+---------+----------+----------+-----+-----+---------+

    + Detail: 
        * Instance: 
        N/A

        * Loop: 
        +--------------------+---------+---------+----------+-----------+-----------+------+----------+
        |                    |  Latency (cycles) | Iteration|  Initiation Interval  | Trip |          |
        |      Loop Name     |   min   |   max   |  Latency |  achieved |   target  | Count| Pipelined|
        +--------------------+---------+---------+----------+-----------+-----------+------+----------+
        |- VITIS_LOOP_168_1  |      257|      257|         3|          1|          1|   256|  yes(flp)|
        +--------------------+---------+---------+----------+-----------+-----------+------+----------+

============================================================
+ Verbose Summary: Synthesis Manager
============================================================
InlineROM: 1
ExposeGlobal: 0
============================================================
+ Verbose Summary: CDFG Model
============================================================
IsTopModel: 0
ResetActiveHigh: 1
IsCombinational: 2
IsDatapathOnly: 0
HasWiredReturn: 1
HasMFsm: 1
HasVarLatency: 1
IsPipeline: 0
IsRtlPipelined: 0
IsInstanceOverlapped: 0
IsDontTouch: 0
HasImplIP: 0
IsGatedGlobalClock: 0

+ Individual pipeline summary: 
  * Pipeline-0: initiation interval (II) = 1, depth = 3


============================================================
+ Verbose Summary: Schedule
============================================================
* Number of FSM states : 3
* Pipeline : 1
  Pipeline-0 : II = 1, D = 3, States = { 1 2 3 }
* Dataflow Pipeline: 0

* FSM state transitions: 
1 --> 2 
2 --> 3 
3 --> 

* FSM state operations: 

State 1 <SV = 0> <Delay = 4.38>
ST_1 : Operation 6 [1/1] (0.00ns)   --->   "%cyc = alloca i32 1" [mdf_fft/fft_mdf.cpp:168->mdf_fft/fft_mdf.cpp:369]   --->   Operation 6 'alloca' 'cyc' <Predicate = true> <Delay = 0.00>
ST_1 : Operation 7 [1/1] (0.00ns)   --->   "%specinterface_ln0 = specinterface void @_ssdm_op_SpecInterface, i129 %s8, void @empty_10, i32 0, i32 0, void @empty_9, i32 0, i32 0, void @empty_9, void @empty_9, void @empty_9, i32 0, i32 0, i32 0, i32 0, void @empty_9, void @empty_9, i32 4294967295, i32 0"   --->   Operation 7 'specinterface' 'specinterface_ln0' <Predicate = true> <Delay = 0.00>
ST_1 : Operation 8 [1/1] (0.00ns)   --->   "%specinterface_ln0 = specinterface void @_ssdm_op_SpecInterface, i129 %s7, void @empty_10, i32 0, i32 0, void @empty_9, i32 0, i32 0, void @empty_9, void @empty_9, void @empty_9, i32 0, i32 0, i32 0, i32 0, void @empty_9, void @empty_9, i32 4294967295, i32 0"   --->   Operation 8 'specinterface' 'specinterface_ln0' <Predicate = true> <Delay = 0.00>
ST_1 : Operation 9 [1/1] (1.32ns)   --->   "%store_ln168 = store i9 0, i9 %cyc" [mdf_fft/fft_mdf.cpp:168->mdf_fft/fft_mdf.cpp:369]   --->   Operation 9 'store' 'store_ln168' <Predicate = true> <Delay = 1.32>
ST_1 : Operation 10 [1/1] (0.00ns)   --->   "%br_ln0 = br void %for.cond.i1257"   --->   Operation 10 'br' 'br_ln0' <Predicate = true> <Delay = 0.00>
ST_1 : Operation 11 [1/1] (0.00ns)   --->   "%cyc_16 = load i9 %cyc" [mdf_fft/fft_mdf.cpp:168->mdf_fft/fft_mdf.cpp:369]   --->   Operation 11 'load' 'cyc_16' <Predicate = true> <Delay = 0.00>
ST_1 : Operation 12 [1/1] (1.73ns)   --->   "%icmp_ln168 = icmp_eq  i9 %cyc_16, i9 256" [mdf_fft/fft_mdf.cpp:168->mdf_fft/fft_mdf.cpp:369]   --->   Operation 12 'icmp' 'icmp_ln168' <Predicate = true> <Delay = 1.73> <CoreInst = "Cmp">   --->   Core 9 'Cmp' <Latency = 0> <II = 1> <Delay = 1.73> <FuncUnit> <Opcode : 'icmp'> <InPorts = 2> <OutPorts = 1>
ST_1 : Operation 13 [1/1] (1.73ns)   --->   "%cyc_17 = add i9 %cyc_16, i9 1" [mdf_fft/fft_mdf.cpp:168->mdf_fft/fft_mdf.cpp:369]   --->   Operation 13 'add' 'cyc_17' <Predicate = true> <Delay = 1.73> <CoreInst = "Adder">   --->   Core 1 'Adder' <Latency = 0> <II = 1> <Delay = 1.73> <FuncUnit> <Opcode : 'add' 'sub'> <InPorts = 2> <OutPorts = 1>
ST_1 : Operation 14 [1/1] (0.00ns)   --->   "%br_ln168 = br i1 %icmp_ln168, void %for.body.i1262, void %for.cond.i1021.exitStub" [mdf_fft/fft_mdf.cpp:168->mdf_fft/fft_mdf.cpp:369]   --->   Operation 14 'br' 'br_ln168' <Predicate = true> <Delay = 0.00>
ST_1 : Operation 15 [1/1] (1.32ns)   --->   "%store_ln168 = store i9 %cyc_17, i9 %cyc" [mdf_fft/fft_mdf.cpp:168->mdf_fft/fft_mdf.cpp:369]   --->   Operation 15 'store' 'store_ln168' <Predicate = (!icmp_ln168)> <Delay = 1.32>

State 2 <SV = 1> <Delay = 6.43>
ST_2 : Operation 16 [1/1] (3.39ns)   --->   "%s7_read = read i129 @_ssdm_op_Read.ap_fifo.volatile.i129P0A, i129 %s7" [mdf_fft/fft_mdf.cpp:171->mdf_fft/fft_mdf.cpp:369]   --->   Operation 16 'read' 's7_read' <Predicate = (!icmp_ln168)> <Delay = 3.39> <CoreInst = "FIFO">   --->   Core 78 'FIFO' <Latency = 0> <II = 1> <Delay = 3.39> <Storage> <Opcode : 'read' 'write' 'nbread' 'nbwrite'> <Ports = 0> <Width = 129> <Depth = 260> <FIFO>
ST_2 : Operation 17 [1/1] (0.00ns)   --->   "%tmp = bitselect i1 @_ssdm_op_BitSelect.i1.i129.i32, i129 %s7_read, i32 128" [mdf_fft/fft_mdf.cpp:171->mdf_fft/fft_mdf.cpp:369]   --->   Operation 17 'bitselect' 'tmp' <Predicate = (!icmp_ln168)> <Delay = 0.00>
ST_2 : Operation 18 [1/1] (0.00ns)   --->   "%in_re = trunc i129 %s7_read" [mdf_fft/fft_mdf.cpp:32->mdf_fft/fft_mdf.cpp:173->mdf_fft/fft_mdf.cpp:369]   --->   Operation 18 'trunc' 'in_re' <Predicate = (!icmp_ln168)> <Delay = 0.00>
ST_2 : Operation 19 [1/1] (0.00ns)   --->   "%sext_ln182 = sext i16 %in_re" [mdf_fft/fft_mdf.cpp:182->mdf_fft/fft_mdf.cpp:369]   --->   Operation 19 'sext' 'sext_ln182' <Predicate = (!icmp_ln168)> <Delay = 0.00>
ST_2 : Operation 20 [1/1] (0.00ns)   --->   "%in_im = partselect i16 @_ssdm_op_PartSelect.i16.i129.i32.i32, i129 %s7_read, i32 16, i32 31" [mdf_fft/fft_mdf.cpp:33->mdf_fft/fft_mdf.cpp:173->mdf_fft/fft_mdf.cpp:369]   --->   Operation 20 'partselect' 'in_im' <Predicate = (!icmp_ln168)> <Delay = 0.00>
ST_2 : Operation 21 [1/1] (0.00ns)   --->   "%sext_ln183 = sext i16 %in_im" [mdf_fft/fft_mdf.cpp:183->mdf_fft/fft_mdf.cpp:369]   --->   Operation 21 'sext' 'sext_ln183' <Predicate = (!icmp_ln168)> <Delay = 0.00>
ST_2 : Operation 22 [1/1] (0.00ns)   --->   "%in_re_23 = partselect i16 @_ssdm_op_PartSelect.i16.i129.i32.i32, i129 %s7_read, i32 32, i32 47" [mdf_fft/fft_mdf.cpp:32->mdf_fft/fft_mdf.cpp:173->mdf_fft/fft_mdf.cpp:369]   --->   Operation 22 'partselect' 'in_re_23' <Predicate = (!icmp_ln168)> <Delay = 0.00>
ST_2 : Operation 23 [1/1] (0.00ns)   --->   "%sext_ln189 = sext i16 %in_re_23" [mdf_fft/fft_mdf.cpp:189->mdf_fft/fft_mdf.cpp:369]   --->   Operation 23 'sext' 'sext_ln189' <Predicate = (!icmp_ln168)> <Delay = 0.00>
ST_2 : Operation 24 [1/1] (0.00ns)   --->   "%in_im_20 = partselect i16 @_ssdm_op_PartSelect.i16.i129.i32.i32, i129 %s7_read, i32 48, i32 63" [mdf_fft/fft_mdf.cpp:33->mdf_fft/fft_mdf.cpp:173->mdf_fft/fft_mdf.cpp:369]   --->   Operation 24 'partselect' 'in_im_20' <Predicate = (!icmp_ln168)> <Delay = 0.00>
ST_2 : Operation 25 [1/1] (0.00ns)   --->   "%sext_ln190 = sext i16 %in_im_20" [mdf_fft/fft_mdf.cpp:190->mdf_fft/fft_mdf.cpp:369]   --->   Operation 25 'sext' 'sext_ln190' <Predicate = (!icmp_ln168)> <Delay = 0.00>
ST_2 : Operation 26 [1/1] (0.00ns)   --->   "%in_re_24 = partselect i16 @_ssdm_op_PartSelect.i16.i129.i32.i32, i129 %s7_read, i32 64, i32 79" [mdf_fft/fft_mdf.cpp:32->mdf_fft/fft_mdf.cpp:173->mdf_fft/fft_mdf.cpp:369]   --->   Operation 26 'partselect' 'in_re_24' <Predicate = (!icmp_ln168)> <Delay = 0.00>
ST_2 : Operation 27 [1/1] (0.00ns)   --->   "%sext_ln182_1 = sext i16 %in_re_24" [mdf_fft/fft_mdf.cpp:182->mdf_fft/fft_mdf.cpp:369]   --->   Operation 27 'sext' 'sext_ln182_1' <Predicate = (!icmp_ln168)> <Delay = 0.00>
ST_2 : Operation 28 [1/1] (1.84ns)   --->   "%diff_re_A = sub i17 %sext_ln182, i17 %sext_ln182_1" [mdf_fft/fft_mdf.cpp:182->mdf_fft/fft_mdf.cpp:369]   --->   Operation 28 'sub' 'diff_re_A' <Predicate = (!icmp_ln168)> <Delay = 1.84> <CoreInst = "Adder">   --->   Core 1 'Adder' <Latency = 0> <II = 1> <Delay = 1.84> <FuncUnit> <Opcode : 'add' 'sub'> <InPorts = 2> <OutPorts = 1>
ST_2 : Operation 29 [1/1] (0.00ns)   --->   "%trunc_ln182 = trunc i17 %diff_re_A" [mdf_fft/fft_mdf.cpp:182->mdf_fft/fft_mdf.cpp:369]   --->   Operation 29 'trunc' 'trunc_ln182' <Predicate = (!icmp_ln168)> <Delay = 0.00>
ST_2 : Operation 30 [1/1] (1.84ns)   --->   "%sum_re_A = add i17 %sext_ln182_1, i17 %sext_ln182" [mdf_fft/fft_mdf.cpp:180->mdf_fft/fft_mdf.cpp:369]   --->   Operation 30 'add' 'sum_re_A' <Predicate = (!icmp_ln168)> <Delay = 1.84> <CoreInst = "Adder">   --->   Core 1 'Adder' <Latency = 0> <II = 1> <Delay = 1.84> <FuncUnit> <Opcode : 'add' 'sub'> <InPorts = 2> <OutPorts = 1>
ST_2 : Operation 31 [1/1] (0.00ns)   --->   "%trunc_ln180 = trunc i17 %sum_re_A" [mdf_fft/fft_mdf.cpp:180->mdf_fft/fft_mdf.cpp:369]   --->   Operation 31 'trunc' 'trunc_ln180' <Predicate = (!icmp_ln168)> <Delay = 0.00>
ST_2 : Operation 32 [1/1] (0.00ns)   --->   "%in_im_21 = partselect i16 @_ssdm_op_PartSelect.i16.i129.i32.i32, i129 %s7_read, i32 80, i32 95" [mdf_fft/fft_mdf.cpp:33->mdf_fft/fft_mdf.cpp:173->mdf_fft/fft_mdf.cpp:369]   --->   Operation 32 'partselect' 'in_im_21' <Predicate = (!icmp_ln168)> <Delay = 0.00>
ST_2 : Operation 33 [1/1] (0.00ns)   --->   "%sext_ln183_1 = sext i16 %in_im_21" [mdf_fft/fft_mdf.cpp:183->mdf_fft/fft_mdf.cpp:369]   --->   Operation 33 'sext' 'sext_ln183_1' <Predicate = (!icmp_ln168)> <Delay = 0.00>
ST_2 : Operation 34 [1/1] (1.84ns)   --->   "%diff_im_A = sub i17 %sext_ln183, i17 %sext_ln183_1" [mdf_fft/fft_mdf.cpp:183->mdf_fft/fft_mdf.cpp:369]   --->   Operation 34 'sub' 'diff_im_A' <Predicate = (!icmp_ln168)> <Delay = 1.84> <CoreInst = "Adder">   --->   Core 1 'Adder' <Latency = 0> <II = 1> <Delay = 1.84> <FuncUnit> <Opcode : 'add' 'sub'> <InPorts = 2> <OutPorts = 1>
ST_2 : Operation 35 [1/1] (0.00ns)   --->   "%trunc_ln183 = trunc i17 %diff_im_A" [mdf_fft/fft_mdf.cpp:183->mdf_fft/fft_mdf.cpp:369]   --->   Operation 35 'trunc' 'trunc_ln183' <Predicate = (!icmp_ln168)> <Delay = 0.00>
ST_2 : Operation 36 [1/1] (1.84ns)   --->   "%sum_im_A = add i17 %sext_ln183_1, i17 %sext_ln183" [mdf_fft/fft_mdf.cpp:181->mdf_fft/fft_mdf.cpp:369]   --->   Operation 36 'add' 'sum_im_A' <Predicate = (!icmp_ln168)> <Delay = 1.84> <CoreInst = "Adder">   --->   Core 1 'Adder' <Latency = 0> <II = 1> <Delay = 1.84> <FuncUnit> <Opcode : 'add' 'sub'> <InPorts = 2> <OutPorts = 1>
ST_2 : Operation 37 [1/1] (0.00ns)   --->   "%trunc_ln181 = trunc i17 %sum_im_A" [mdf_fft/fft_mdf.cpp:181->mdf_fft/fft_mdf.cpp:369]   --->   Operation 37 'trunc' 'trunc_ln181' <Predicate = (!icmp_ln168)> <Delay = 0.00>
ST_2 : Operation 38 [1/1] (0.00ns)   --->   "%in_re_25 = partselect i16 @_ssdm_op_PartSelect.i16.i129.i32.i32, i129 %s7_read, i32 96, i32 111" [mdf_fft/fft_mdf.cpp:32->mdf_fft/fft_mdf.cpp:173->mdf_fft/fft_mdf.cpp:369]   --->   Operation 38 'partselect' 'in_re_25' <Predicate = (!icmp_ln168)> <Delay = 0.00>
ST_2 : Operation 39 [1/1] (0.00ns)   --->   "%sext_ln189_1 = sext i16 %in_re_25" [mdf_fft/fft_mdf.cpp:189->mdf_fft/fft_mdf.cpp:369]   --->   Operation 39 'sext' 'sext_ln189_1' <Predicate = (!icmp_ln168)> <Delay = 0.00>
ST_2 : Operation 40 [1/1] (1.84ns)   --->   "%v_134 = sub i17 %sext_ln189_1, i17 %sext_ln189" [mdf_fft/fft_mdf.cpp:201->mdf_fft/fft_mdf.cpp:369]   --->   Operation 40 'sub' 'v_134' <Predicate = (!icmp_ln168)> <Delay = 1.84> <CoreInst = "Adder">   --->   Core 1 'Adder' <Latency = 0> <II = 1> <Delay = 1.84> <FuncUnit> <Opcode : 'add' 'sub'> <InPorts = 2> <OutPorts = 1>
ST_2 : Operation 41 [1/1] (0.00ns)   --->   "%trunc_ln51 = trunc i17 %v_134" [mdf_fft/fft_mdf.cpp:51->mdf_fft/fft_mdf.cpp:225->mdf_fft/fft_mdf.cpp:369]   --->   Operation 41 'trunc' 'trunc_ln51' <Predicate = (!icmp_ln168)> <Delay = 0.00>
ST_2 : Operation 42 [1/1] (1.84ns)   --->   "%sum_re_B = add i17 %sext_ln189_1, i17 %sext_ln189" [mdf_fft/fft_mdf.cpp:187->mdf_fft/fft_mdf.cpp:369]   --->   Operation 42 'add' 'sum_re_B' <Predicate = (!icmp_ln168)> <Delay = 1.84> <CoreInst = "Adder">   --->   Core 1 'Adder' <Latency = 0> <II = 1> <Delay = 1.84> <FuncUnit> <Opcode : 'add' 'sub'> <InPorts = 2> <OutPorts = 1>
ST_2 : Operation 43 [1/1] (0.00ns)   --->   "%trunc_ln187 = trunc i17 %sum_re_B" [mdf_fft/fft_mdf.cpp:187->mdf_fft/fft_mdf.cpp:369]   --->   Operation 43 'trunc' 'trunc_ln187' <Predicate = (!icmp_ln168)> <Delay = 0.00>
ST_2 : Operation 44 [1/1] (0.00ns)   --->   "%in_im_22 = partselect i16 @_ssdm_op_PartSelect.i16.i129.i32.i32, i129 %s7_read, i32 112, i32 127" [mdf_fft/fft_mdf.cpp:33->mdf_fft/fft_mdf.cpp:173->mdf_fft/fft_mdf.cpp:369]   --->   Operation 44 'partselect' 'in_im_22' <Predicate = (!icmp_ln168)> <Delay = 0.00>
ST_2 : Operation 45 [1/1] (0.00ns)   --->   "%sext_ln190_1 = sext i16 %in_im_22" [mdf_fft/fft_mdf.cpp:190->mdf_fft/fft_mdf.cpp:369]   --->   Operation 45 'sext' 'sext_ln190_1' <Predicate = (!icmp_ln168)> <Delay = 0.00>
ST_2 : Operation 46 [1/1] (1.84ns)   --->   "%diff_im_B = sub i17 %sext_ln190, i17 %sext_ln190_1" [mdf_fft/fft_mdf.cpp:190->mdf_fft/fft_mdf.cpp:369]   --->   Operation 46 'sub' 'diff_im_B' <Predicate = (!icmp_ln168)> <Delay = 1.84> <CoreInst = "Adder">   --->   Core 1 'Adder' <Latency = 0> <II = 1> <Delay = 1.84> <FuncUnit> <Opcode : 'add' 'sub'> <InPorts = 2> <OutPorts = 1>
ST_2 : Operation 47 [1/1] (0.00ns)   --->   "%trunc_ln190 = trunc i17 %diff_im_B" [mdf_fft/fft_mdf.cpp:190->mdf_fft/fft_mdf.cpp:369]   --->   Operation 47 'trunc' 'trunc_ln190' <Predicate = (!icmp_ln168)> <Delay = 0.00>
ST_2 : Operation 48 [1/1] (1.84ns)   --->   "%sum_im_B = add i17 %sext_ln190_1, i17 %sext_ln190" [mdf_fft/fft_mdf.cpp:188->mdf_fft/fft_mdf.cpp:369]   --->   Operation 48 'add' 'sum_im_B' <Predicate = (!icmp_ln168)> <Delay = 1.84> <CoreInst = "Adder">   --->   Core 1 'Adder' <Latency = 0> <II = 1> <Delay = 1.84> <FuncUnit> <Opcode : 'add' 'sub'> <InPorts = 2> <OutPorts = 1>
ST_2 : Operation 49 [1/1] (0.00ns)   --->   "%trunc_ln188 = trunc i17 %sum_im_B" [mdf_fft/fft_mdf.cpp:188->mdf_fft/fft_mdf.cpp:369]   --->   Operation 49 'trunc' 'trunc_ln188' <Predicate = (!icmp_ln168)> <Delay = 0.00>
ST_2 : Operation 50 [1/1] (1.20ns)   --->   "%icmp_ln53 = icmp_eq  i2 %trunc_ln180, i2 3" [mdf_fft/fft_mdf.cpp:53->mdf_fft/fft_mdf.cpp:225->mdf_fft/fft_mdf.cpp:369]   --->   Operation 50 'icmp' 'icmp_ln53' <Predicate = (!icmp_ln168)> <Delay = 1.20> <CoreInst = "Cmp">   --->   Core 9 'Cmp' <Latency = 0> <II = 1> <Delay = 1.20> <FuncUnit> <Opcode : 'icmp'> <InPorts = 2> <OutPorts = 1>
ST_2 : Operation 51 [1/1] (1.20ns)   --->   "%icmp_ln53_70 = icmp_eq  i2 %trunc_ln181, i2 3" [mdf_fft/fft_mdf.cpp:53->mdf_fft/fft_mdf.cpp:226->mdf_fft/fft_mdf.cpp:369]   --->   Operation 51 'icmp' 'icmp_ln53_70' <Predicate = (!icmp_ln168)> <Delay = 1.20> <CoreInst = "Cmp">   --->   Core 9 'Cmp' <Latency = 0> <II = 1> <Delay = 1.20> <FuncUnit> <Opcode : 'icmp'> <InPorts = 2> <OutPorts = 1>
ST_2 : Operation 52 [1/1] (1.20ns)   --->   "%icmp_ln53_71 = icmp_eq  i2 %trunc_ln187, i2 3" [mdf_fft/fft_mdf.cpp:53->mdf_fft/fft_mdf.cpp:225->mdf_fft/fft_mdf.cpp:369]   --->   Operation 52 'icmp' 'icmp_ln53_71' <Predicate = (!icmp_ln168)> <Delay = 1.20> <CoreInst = "Cmp">   --->   Core 9 'Cmp' <Latency = 0> <II = 1> <Delay = 1.20> <FuncUnit> <Opcode : 'icmp'> <InPorts = 2> <OutPorts = 1>
ST_2 : Operation 53 [1/1] (1.20ns)   --->   "%icmp_ln53_72 = icmp_eq  i2 %trunc_ln188, i2 3" [mdf_fft/fft_mdf.cpp:53->mdf_fft/fft_mdf.cpp:226->mdf_fft/fft_mdf.cpp:369]   --->   Operation 53 'icmp' 'icmp_ln53_72' <Predicate = (!icmp_ln168)> <Delay = 1.20> <CoreInst = "Cmp">   --->   Core 9 'Cmp' <Latency = 0> <II = 1> <Delay = 1.20> <FuncUnit> <Opcode : 'icmp'> <InPorts = 2> <OutPorts = 1>
ST_2 : Operation 54 [1/1] (1.20ns)   --->   "%icmp_ln53_73 = icmp_eq  i2 %trunc_ln182, i2 3" [mdf_fft/fft_mdf.cpp:53->mdf_fft/fft_mdf.cpp:225->mdf_fft/fft_mdf.cpp:369]   --->   Operation 54 'icmp' 'icmp_ln53_73' <Predicate = (!icmp_ln168)> <Delay = 1.20> <CoreInst = "Cmp">   --->   Core 9 'Cmp' <Latency = 0> <II = 1> <Delay = 1.20> <FuncUnit> <Opcode : 'icmp'> <InPorts = 2> <OutPorts = 1>
ST_2 : Operation 55 [1/1] (1.20ns)   --->   "%icmp_ln53_74 = icmp_eq  i2 %trunc_ln183, i2 3" [mdf_fft/fft_mdf.cpp:53->mdf_fft/fft_mdf.cpp:226->mdf_fft/fft_mdf.cpp:369]   --->   Operation 55 'icmp' 'icmp_ln53_74' <Predicate = (!icmp_ln168)> <Delay = 1.20> <CoreInst = "Cmp">   --->   Core 9 'Cmp' <Latency = 0> <II = 1> <Delay = 1.20> <FuncUnit> <Opcode : 'icmp'> <InPorts = 2> <OutPorts = 1>
ST_2 : Operation 56 [1/1] (1.20ns)   --->   "%icmp_ln53_75 = icmp_eq  i2 %trunc_ln190, i2 3" [mdf_fft/fft_mdf.cpp:53->mdf_fft/fft_mdf.cpp:225->mdf_fft/fft_mdf.cpp:369]   --->   Operation 56 'icmp' 'icmp_ln53_75' <Predicate = (!icmp_ln168)> <Delay = 1.20> <CoreInst = "Cmp">   --->   Core 9 'Cmp' <Latency = 0> <II = 1> <Delay = 1.20> <FuncUnit> <Opcode : 'icmp'> <InPorts = 2> <OutPorts = 1>
ST_2 : Operation 57 [1/1] (1.20ns)   --->   "%icmp_ln53_76 = icmp_eq  i2 %trunc_ln51, i2 3" [mdf_fft/fft_mdf.cpp:53->mdf_fft/fft_mdf.cpp:226->mdf_fft/fft_mdf.cpp:369]   --->   Operation 57 'icmp' 'icmp_ln53_76' <Predicate = (!icmp_ln168)> <Delay = 1.20> <CoreInst = "Cmp">   --->   Core 9 'Cmp' <Latency = 0> <II = 1> <Delay = 1.20> <FuncUnit> <Opcode : 'icmp'> <InPorts = 2> <OutPorts = 1>

State 3 <SV = 2> <Delay = 5.25>
ST_3 : Operation 58 [1/1] (0.00ns)   --->   "%specpipeline_ln169 = specpipeline void @_ssdm_op_SpecPipeline, i32 1, i32 0, i32 0, i32 0, void @empty_9" [mdf_fft/fft_mdf.cpp:169->mdf_fft/fft_mdf.cpp:369]   --->   Operation 58 'specpipeline' 'specpipeline_ln169' <Predicate = (!icmp_ln168)> <Delay = 0.00>
ST_3 : Operation 59 [1/1] (0.00ns)   --->   "%speclooptripcount_ln171 = speclooptripcount void @_ssdm_op_SpecLoopTripCount, i64 256, i64 256, i64 256" [mdf_fft/fft_mdf.cpp:171->mdf_fft/fft_mdf.cpp:369]   --->   Operation 59 'speclooptripcount' 'speclooptripcount_ln171' <Predicate = (!icmp_ln168)> <Delay = 0.00>
ST_3 : Operation 60 [1/1] (0.00ns)   --->   "%specloopname_ln168 = specloopname void @_ssdm_op_SpecLoopName, void @empty_2" [mdf_fft/fft_mdf.cpp:168->mdf_fft/fft_mdf.cpp:369]   --->   Operation 60 'specloopname' 'specloopname_ln168' <Predicate = (!icmp_ln168)> <Delay = 0.00>
ST_3 : Operation 61 [1/1] (0.00ns)   --->   "%zext_ln53 = zext i1 %icmp_ln53" [mdf_fft/fft_mdf.cpp:53->mdf_fft/fft_mdf.cpp:225->mdf_fft/fft_mdf.cpp:369]   --->   Operation 61 'zext' 'zext_ln53' <Predicate = (!icmp_ln168)> <Delay = 0.00>
ST_3 : Operation 62 [1/1] (1.86ns)   --->   "%add_ln53 = add i17 %sum_re_A, i17 %zext_ln53" [mdf_fft/fft_mdf.cpp:53->mdf_fft/fft_mdf.cpp:225->mdf_fft/fft_mdf.cpp:369]   --->   Operation 62 'add' 'add_ln53' <Predicate = (!icmp_ln168)> <Delay = 1.86> <CoreInst = "Adder">   --->   Core 1 'Adder' <Latency = 0> <II = 1> <Delay = 1.86> <FuncUnit> <Opcode : 'add' 'sub'> <InPorts = 2> <OutPorts = 1>
ST_3 : Operation 63 [1/1] (0.00ns)   --->   "%scaled_re = partselect i16 @_ssdm_op_PartSelect.i16.i17.i32.i32, i17 %add_ln53, i32 1, i32 16" [mdf_fft/fft_mdf.cpp:53->mdf_fft/fft_mdf.cpp:225->mdf_fft/fft_mdf.cpp:369]   --->   Operation 63 'partselect' 'scaled_re' <Predicate = (!icmp_ln168)> <Delay = 0.00>
ST_3 : Operation 64 [1/1] (0.00ns)   --->   "%zext_ln53_128 = zext i1 %icmp_ln53_70" [mdf_fft/fft_mdf.cpp:53->mdf_fft/fft_mdf.cpp:226->mdf_fft/fft_mdf.cpp:369]   --->   Operation 64 'zext' 'zext_ln53_128' <Predicate = (!icmp_ln168)> <Delay = 0.00>
ST_3 : Operation 65 [1/1] (1.86ns)   --->   "%add_ln53_70 = add i17 %sum_im_A, i17 %zext_ln53_128" [mdf_fft/fft_mdf.cpp:53->mdf_fft/fft_mdf.cpp:226->mdf_fft/fft_mdf.cpp:369]   --->   Operation 65 'add' 'add_ln53_70' <Predicate = (!icmp_ln168)> <Delay = 1.86> <CoreInst = "Adder">   --->   Core 1 'Adder' <Latency = 0> <II = 1> <Delay = 1.86> <FuncUnit> <Opcode : 'add' 'sub'> <InPorts = 2> <OutPorts = 1>
ST_3 : Operation 66 [1/1] (0.00ns)   --->   "%scaled_im = partselect i16 @_ssdm_op_PartSelect.i16.i17.i32.i32, i17 %add_ln53_70, i32 1, i32 16" [mdf_fft/fft_mdf.cpp:53->mdf_fft/fft_mdf.cpp:226->mdf_fft/fft_mdf.cpp:369]   --->   Operation 66 'partselect' 'scaled_im' <Predicate = (!icmp_ln168)> <Delay = 0.00>
ST_3 : Operation 67 [1/1] (0.00ns)   --->   "%zext_ln53_129 = zext i1 %icmp_ln53_71" [mdf_fft/fft_mdf.cpp:53->mdf_fft/fft_mdf.cpp:225->mdf_fft/fft_mdf.cpp:369]   --->   Operation 67 'zext' 'zext_ln53_129' <Predicate = (!icmp_ln168)> <Delay = 0.00>
ST_3 : Operation 68 [1/1] (1.86ns)   --->   "%add_ln53_71 = add i17 %sum_re_B, i17 %zext_ln53_129" [mdf_fft/fft_mdf.cpp:53->mdf_fft/fft_mdf.cpp:225->mdf_fft/fft_mdf.cpp:369]   --->   Operation 68 'add' 'add_ln53_71' <Predicate = (!icmp_ln168)> <Delay = 1.86> <CoreInst = "Adder">   --->   Core 1 'Adder' <Latency = 0> <II = 1> <Delay = 1.86> <FuncUnit> <Opcode : 'add' 'sub'> <InPorts = 2> <OutPorts = 1>
ST_3 : Operation 69 [1/1] (0.00ns)   --->   "%scaled_re_4 = partselect i16 @_ssdm_op_PartSelect.i16.i17.i32.i32, i17 %add_ln53_71, i32 1, i32 16" [mdf_fft/fft_mdf.cpp:53->mdf_fft/fft_mdf.cpp:225->mdf_fft/fft_mdf.cpp:369]   --->   Operation 69 'partselect' 'scaled_re_4' <Predicate = (!icmp_ln168)> <Delay = 0.00>
ST_3 : Operation 70 [1/1] (0.00ns)   --->   "%zext_ln53_130 = zext i1 %icmp_ln53_72" [mdf_fft/fft_mdf.cpp:53->mdf_fft/fft_mdf.cpp:226->mdf_fft/fft_mdf.cpp:369]   --->   Operation 70 'zext' 'zext_ln53_130' <Predicate = (!icmp_ln168)> <Delay = 0.00>
ST_3 : Operation 71 [1/1] (1.86ns)   --->   "%add_ln53_72 = add i17 %sum_im_B, i17 %zext_ln53_130" [mdf_fft/fft_mdf.cpp:53->mdf_fft/fft_mdf.cpp:226->mdf_fft/fft_mdf.cpp:369]   --->   Operation 71 'add' 'add_ln53_72' <Predicate = (!icmp_ln168)> <Delay = 1.86> <CoreInst = "Adder">   --->   Core 1 'Adder' <Latency = 0> <II = 1> <Delay = 1.86> <FuncUnit> <Opcode : 'add' 'sub'> <InPorts = 2> <OutPorts = 1>
ST_3 : Operation 72 [1/1] (0.00ns)   --->   "%scaled_im_4 = partselect i16 @_ssdm_op_PartSelect.i16.i17.i32.i32, i17 %add_ln53_72, i32 1, i32 16" [mdf_fft/fft_mdf.cpp:53->mdf_fft/fft_mdf.cpp:226->mdf_fft/fft_mdf.cpp:369]   --->   Operation 72 'partselect' 'scaled_im_4' <Predicate = (!icmp_ln168)> <Delay = 0.00>
ST_3 : Operation 73 [1/1] (0.00ns)   --->   "%zext_ln53_131 = zext i1 %icmp_ln53_73" [mdf_fft/fft_mdf.cpp:53->mdf_fft/fft_mdf.cpp:225->mdf_fft/fft_mdf.cpp:369]   --->   Operation 73 'zext' 'zext_ln53_131' <Predicate = (!icmp_ln168)> <Delay = 0.00>
ST_3 : Operation 74 [1/1] (1.86ns)   --->   "%add_ln53_73 = add i17 %diff_re_A, i17 %zext_ln53_131" [mdf_fft/fft_mdf.cpp:53->mdf_fft/fft_mdf.cpp:225->mdf_fft/fft_mdf.cpp:369]   --->   Operation 74 'add' 'add_ln53_73' <Predicate = (!icmp_ln168)> <Delay = 1.86> <CoreInst = "Adder">   --->   Core 1 'Adder' <Latency = 0> <II = 1> <Delay = 1.86> <FuncUnit> <Opcode : 'add' 'sub'> <InPorts = 2> <OutPorts = 1>
ST_3 : Operation 75 [1/1] (0.00ns)   --->   "%scaled_re_5 = partselect i16 @_ssdm_op_PartSelect.i16.i17.i32.i32, i17 %add_ln53_73, i32 1, i32 16" [mdf_fft/fft_mdf.cpp:53->mdf_fft/fft_mdf.cpp:225->mdf_fft/fft_mdf.cpp:369]   --->   Operation 75 'partselect' 'scaled_re_5' <Predicate = (!icmp_ln168)> <Delay = 0.00>
ST_3 : Operation 76 [1/1] (0.00ns)   --->   "%zext_ln53_132 = zext i1 %icmp_ln53_74" [mdf_fft/fft_mdf.cpp:53->mdf_fft/fft_mdf.cpp:226->mdf_fft/fft_mdf.cpp:369]   --->   Operation 76 'zext' 'zext_ln53_132' <Predicate = (!icmp_ln168)> <Delay = 0.00>
ST_3 : Operation 77 [1/1] (1.86ns)   --->   "%add_ln53_74 = add i17 %diff_im_A, i17 %zext_ln53_132" [mdf_fft/fft_mdf.cpp:53->mdf_fft/fft_mdf.cpp:226->mdf_fft/fft_mdf.cpp:369]   --->   Operation 77 'add' 'add_ln53_74' <Predicate = (!icmp_ln168)> <Delay = 1.86> <CoreInst = "Adder">   --->   Core 1 'Adder' <Latency = 0> <II = 1> <Delay = 1.86> <FuncUnit> <Opcode : 'add' 'sub'> <InPorts = 2> <OutPorts = 1>
ST_3 : Operation 78 [1/1] (0.00ns)   --->   "%scaled_im_5 = partselect i16 @_ssdm_op_PartSelect.i16.i17.i32.i32, i17 %add_ln53_74, i32 1, i32 16" [mdf_fft/fft_mdf.cpp:53->mdf_fft/fft_mdf.cpp:226->mdf_fft/fft_mdf.cpp:369]   --->   Operation 78 'partselect' 'scaled_im_5' <Predicate = (!icmp_ln168)> <Delay = 0.00>
ST_3 : Operation 79 [1/1] (0.00ns)   --->   "%zext_ln53_133 = zext i1 %icmp_ln53_75" [mdf_fft/fft_mdf.cpp:53->mdf_fft/fft_mdf.cpp:225->mdf_fft/fft_mdf.cpp:369]   --->   Operation 79 'zext' 'zext_ln53_133' <Predicate = (!icmp_ln168)> <Delay = 0.00>
ST_3 : Operation 80 [1/1] (1.86ns)   --->   "%add_ln53_75 = add i17 %diff_im_B, i17 %zext_ln53_133" [mdf_fft/fft_mdf.cpp:53->mdf_fft/fft_mdf.cpp:225->mdf_fft/fft_mdf.cpp:369]   --->   Operation 80 'add' 'add_ln53_75' <Predicate = (!icmp_ln168)> <Delay = 1.86> <CoreInst = "Adder">   --->   Core 1 'Adder' <Latency = 0> <II = 1> <Delay = 1.86> <FuncUnit> <Opcode : 'add' 'sub'> <InPorts = 2> <OutPorts = 1>
ST_3 : Operation 81 [1/1] (0.00ns)   --->   "%scaled_re_6 = partselect i16 @_ssdm_op_PartSelect.i16.i17.i32.i32, i17 %add_ln53_75, i32 1, i32 16" [mdf_fft/fft_mdf.cpp:53->mdf_fft/fft_mdf.cpp:225->mdf_fft/fft_mdf.cpp:369]   --->   Operation 81 'partselect' 'scaled_re_6' <Predicate = (!icmp_ln168)> <Delay = 0.00>
ST_3 : Operation 82 [1/1] (0.00ns)   --->   "%zext_ln53_134 = zext i1 %icmp_ln53_76" [mdf_fft/fft_mdf.cpp:53->mdf_fft/fft_mdf.cpp:226->mdf_fft/fft_mdf.cpp:369]   --->   Operation 82 'zext' 'zext_ln53_134' <Predicate = (!icmp_ln168)> <Delay = 0.00>
ST_3 : Operation 83 [1/1] (1.86ns)   --->   "%add_ln53_76 = add i17 %v_134, i17 %zext_ln53_134" [mdf_fft/fft_mdf.cpp:53->mdf_fft/fft_mdf.cpp:226->mdf_fft/fft_mdf.cpp:369]   --->   Operation 83 'add' 'add_ln53_76' <Predicate = (!icmp_ln168)> <Delay = 1.86> <CoreInst = "Adder">   --->   Core 1 'Adder' <Latency = 0> <II = 1> <Delay = 1.86> <FuncUnit> <Opcode : 'add' 'sub'> <InPorts = 2> <OutPorts = 1>
ST_3 : Operation 84 [1/1] (0.00ns)   --->   "%scaled_im_6 = partselect i16 @_ssdm_op_PartSelect.i16.i17.i32.i32, i17 %add_ln53_76, i32 1, i32 16" [mdf_fft/fft_mdf.cpp:53->mdf_fft/fft_mdf.cpp:226->mdf_fft/fft_mdf.cpp:369]   --->   Operation 84 'partselect' 'scaled_im_6' <Predicate = (!icmp_ln168)> <Delay = 0.00>
ST_3 : Operation 85 [1/1] (0.00ns)   --->   "%tmp_s = bitconcatenate i129 @_ssdm_op_BitConcatenate.i129.i1.i16.i16.i16.i16.i16.i16.i16.i16, i1 %tmp, i16 %scaled_im_6, i16 %scaled_re_6, i16 %scaled_im_5, i16 %scaled_re_5, i16 %scaled_im_4, i16 %scaled_re_4, i16 %scaled_im, i16 %scaled_re" [mdf_fft/fft_mdf.cpp:231->mdf_fft/fft_mdf.cpp:369]   --->   Operation 85 'bitconcatenate' 'tmp_s' <Predicate = (!icmp_ln168)> <Delay = 0.00>
ST_3 : Operation 86 [1/1] (3.39ns)   --->   "%write_ln231 = write void @_ssdm_op_Write.ap_fifo.volatile.i129P0A, i129 %s8, i129 %tmp_s" [mdf_fft/fft_mdf.cpp:231->mdf_fft/fft_mdf.cpp:369]   --->   Operation 86 'write' 'write_ln231' <Predicate = (!icmp_ln168)> <Delay = 3.39> <CoreInst = "FIFO">   --->   Core 78 'FIFO' <Latency = 0> <II = 1> <Delay = 3.39> <Storage> <Opcode : 'read' 'write' 'nbread' 'nbwrite'> <Ports = 0> <Width = 129> <Depth = 260> <FIFO>
ST_3 : Operation 87 [1/1] (0.00ns)   --->   "%br_ln168 = br void %for.cond.i1257" [mdf_fft/fft_mdf.cpp:168->mdf_fft/fft_mdf.cpp:369]   --->   Operation 87 'br' 'br_ln168' <Predicate = (!icmp_ln168)> <Delay = 0.00>
ST_3 : Operation 88 [1/1] (0.00ns)   --->   "%ret_ln0 = ret"   --->   Operation 88 'ret' 'ret_ln0' <Predicate = (icmp_ln168)> <Delay = 0.00>


============================================================
+ Verbose Summary: Timing violations
============================================================
Target clock period: 10.000ns, clock uncertainty: 2.700ns.

 <State 1>: 4.382ns
The critical path consists of the following:
	'store' operation 0 bit ('store_ln168', mdf_fft/fft_mdf.cpp:168->mdf_fft/fft_mdf.cpp:369) of constant 0 on local variable 'cyc', mdf_fft/fft_mdf.cpp:168->mdf_fft/fft_mdf.cpp:369 [6]  (1.324 ns)
	'load' operation 9 bit ('cyc', mdf_fft/fft_mdf.cpp:168->mdf_fft/fft_mdf.cpp:369) on local variable 'cyc', mdf_fft/fft_mdf.cpp:168->mdf_fft/fft_mdf.cpp:369 [9]  (0.000 ns)
	'add' operation 9 bit ('cyc', mdf_fft/fft_mdf.cpp:168->mdf_fft/fft_mdf.cpp:369) [11]  (1.734 ns)
	'store' operation 0 bit ('store_ln168', mdf_fft/fft_mdf.cpp:168->mdf_fft/fft_mdf.cpp:369) of variable 'cyc', mdf_fft/fft_mdf.cpp:168->mdf_fft/fft_mdf.cpp:369 on local variable 'cyc', mdf_fft/fft_mdf.cpp:168->mdf_fft/fft_mdf.cpp:369 [85]  (1.324 ns)

 <State 2>: 6.438ns
The critical path consists of the following:
	fifo read operation ('s7_read', mdf_fft/fft_mdf.cpp:171->mdf_fft/fft_mdf.cpp:369) on port 's7' (mdf_fft/fft_mdf.cpp:171->mdf_fft/fft_mdf.cpp:369) [17]  (3.396 ns)
	'add' operation 17 bit ('sum_re_A', mdf_fft/fft_mdf.cpp:180->mdf_fft/fft_mdf.cpp:369) [31]  (1.840 ns)
	'icmp' operation 1 bit ('icmp_ln53', mdf_fft/fft_mdf.cpp:53->mdf_fft/fft_mdf.cpp:225->mdf_fft/fft_mdf.cpp:369) [51]  (1.202 ns)

 <State 3>: 5.257ns
The critical path consists of the following:
	'add' operation 17 bit ('add_ln53', mdf_fft/fft_mdf.cpp:53->mdf_fft/fft_mdf.cpp:225->mdf_fft/fft_mdf.cpp:369) [53]  (1.861 ns)
	fifo write operation ('write_ln231', mdf_fft/fft_mdf.cpp:231->mdf_fft/fft_mdf.cpp:369) on port 's8' (mdf_fft/fft_mdf.cpp:231->mdf_fft/fft_mdf.cpp:369) [84]  (3.396 ns)


============================================================
+ Verbose Summary: Binding
============================================================
N/A
* FSMD analyzer results:
  - Output states:
 - Input state : 
  - Chain level:
	State 1
	State 2
	State 3


============================================================
+ Verbose Summary: Datapath Resource usage 
============================================================
N/A
