

================================================================
== Vitis HLS Report for 'Loop_VITIS_LOOP_168_1_proc819'
================================================================
* Date:           Tue Jun 30 20:57:54 2026

* Version:        2023.2 (Build 4023990 on Oct 11 2023)
* Project:        mdf_fft_hls
* Solution:       solution1 (Vivado IP Flow Target)
* Product family: artix7
* Target device:  xc7a200t-fbg676-2


================================================================
== Performance Estimates
================================================================
+ Timing: 
    * Summary: 
    +--------+----------+----------+------------+
    |  Clock |  Target  | Estimated| Uncertainty|
    +--------+----------+----------+------------+
    |ap_clk  |  10.00 ns|  6.438 ns|     2.70 ns|
    +--------+----------+----------+------------+

+ Latency: 
    * Summary: 
    +---------+---------+----------+----------+-----+-----+---------+
    |  Latency (cycles) |  Latency (absolute) |  Interval | Pipeline|
    |   min   |   max   |    min   |    max   | min | max |   Type  |
    +---------+---------+----------+----------+-----+-----+---------+
    |      259|      259|  2.590 us|  2.590 us|  259|  259|       no|
    +---------+---------+----------+----------+-----+-----+---------+

    + Detail: 
        * Instance: 
        N/A

        * Loop: 
        +--------------------+---------+---------+----------+-----------+-----------+------+----------+
        |                    |  Latency (cycles) | Iteration|  Initiation Interval  | Trip |          |
        |      Loop Name     |   min   |   max   |  Latency |  achieved |   target  | Count| Pipelined|
        +--------------------+---------+---------+----------+-----------+-----------+------+----------+
        |- VITIS_LOOP_168_1  |      257|      257|         3|          1|          1|   256|  yes(flp)|
        +--------------------+---------+---------+----------+-----------+-----------+------+----------+

============================================================
+ Verbose Summary: Synthesis Manager
============================================================
InlineROM: 1
ExposeGlobal: 0
============================================================
+ Verbose Summary: CDFG Model
============================================================
IsTopModel: 0
ResetActiveHigh: 1
IsCombinational: 2
IsDatapathOnly: 0
HasWiredReturn: 1
HasMFsm: 1
HasVarLatency: 1
IsPipeline: 0
IsRtlPipelined: 0
IsInstanceOverlapped: 0
IsDontTouch: 0
HasImplIP: 0
IsGatedGlobalClock: 0

+ Individual pipeline summary: 
  * Pipeline-0: initiation interval (II) = 1, depth = 3


============================================================
+ Verbose Summary: Schedule
============================================================
* Number of FSM states : 3
* Pipeline : 1
  Pipeline-0 : II = 1, D = 3, States = { 1 2 3 }
* Dataflow Pipeline: 0

* FSM state transitions: 
1 --> 2 
2 --> 3 
3 --> 

* FSM state operations: 

State 1 <SV = 0> <Delay = 4.38>
ST_1 : Operation 6 [1/1] (0.00ns)   --->   "%cyc = alloca i32 1" [mdf_fft/fft_mdf.cpp:168->mdf_fft/fft_mdf.cpp:370]   --->   Operation 6 'alloca' 'cyc' <Predicate = true> <Delay = 0.00>
ST_1 : Operation 7 [1/1] (0.00ns)   --->   "%specinterface_ln0 = specinterface void @_ssdm_op_SpecInterface, i129 %s9, void @empty_10, i32 0, i32 0, void @empty_9, i32 0, i32 0, void @empty_9, void @empty_9, void @empty_9, i32 0, i32 0, i32 0, i32 0, void @empty_9, void @empty_9, i32 4294967295, i32 0"   --->   Operation 7 'specinterface' 'specinterface_ln0' <Predicate = true> <Delay = 0.00>
ST_1 : Operation 8 [1/1] (0.00ns)   --->   "%specinterface_ln0 = specinterface void @_ssdm_op_SpecInterface, i129 %s8, void @empty_10, i32 0, i32 0, void @empty_9, i32 0, i32 0, void @empty_9, void @empty_9, void @empty_9, i32 0, i32 0, i32 0, i32 0, void @empty_9, void @empty_9, i32 4294967295, i32 0"   --->   Operation 8 'specinterface' 'specinterface_ln0' <Predicate = true> <Delay = 0.00>
ST_1 : Operation 9 [1/1] (1.32ns)   --->   "%store_ln168 = store i9 0, i9 %cyc" [mdf_fft/fft_mdf.cpp:168->mdf_fft/fft_mdf.cpp:370]   --->   Operation 9 'store' 'store_ln168' <Predicate = true> <Delay = 1.32>
ST_1 : Operation 10 [1/1] (0.00ns)   --->   "%br_ln0 = br void %for.cond.i1021"   --->   Operation 10 'br' 'br_ln0' <Predicate = true> <Delay = 0.00>
ST_1 : Operation 11 [1/1] (0.00ns)   --->   "%cyc_14 = load i9 %cyc" [mdf_fft/fft_mdf.cpp:168->mdf_fft/fft_mdf.cpp:370]   --->   Operation 11 'load' 'cyc_14' <Predicate = true> <Delay = 0.00>
ST_1 : Operation 12 [1/1] (1.73ns)   --->   "%icmp_ln168 = icmp_eq  i9 %cyc_14, i9 256" [mdf_fft/fft_mdf.cpp:168->mdf_fft/fft_mdf.cpp:370]   --->   Operation 12 'icmp' 'icmp_ln168' <Predicate = true> <Delay = 1.73> <CoreInst = "Cmp">   --->   Core 9 'Cmp' <Latency = 0> <II = 1> <Delay = 1.73> <FuncUnit> <Opcode : 'icmp'> <InPorts = 2> <OutPorts = 1>
ST_1 : Operation 13 [1/1] (1.73ns)   --->   "%cyc_15 = add i9 %cyc_14, i9 1" [mdf_fft/fft_mdf.cpp:168->mdf_fft/fft_mdf.cpp:370]   --->   Operation 13 'add' 'cyc_15' <Predicate = true> <Delay = 1.73> <CoreInst = "Adder">   --->   Core 1 'Adder' <Latency = 0> <II = 1> <Delay = 1.73> <FuncUnit> <Opcode : 'add' 'sub'> <InPorts = 2> <OutPorts = 1>
ST_1 : Operation 14 [1/1] (0.00ns)   --->   "%br_ln168 = br i1 %icmp_ln168, void %for.body.i1026, void %_ZL8stage_nfILi1EEvRN3hls6streamI10mdf_word_tLi0EEES4_.exit.exitStub" [mdf_fft/fft_mdf.cpp:168->mdf_fft/fft_mdf.cpp:370]   --->   Operation 14 'br' 'br_ln168' <Predicate = true> <Delay = 0.00>
ST_1 : Operation 15 [1/1] (1.32ns)   --->   "%store_ln168 = store i9 %cyc_15, i9 %cyc" [mdf_fft/fft_mdf.cpp:168->mdf_fft/fft_mdf.cpp:370]   --->   Operation 15 'store' 'store_ln168' <Predicate = (!icmp_ln168)> <Delay = 1.32>

State 2 <SV = 1> <Delay = 6.43>
ST_2 : Operation 16 [1/1] (3.39ns)   --->   "%s8_read = read i129 @_ssdm_op_Read.ap_fifo.volatile.i129P0A, i129 %s8" [mdf_fft/fft_mdf.cpp:171->mdf_fft/fft_mdf.cpp:370]   --->   Operation 16 'read' 's8_read' <Predicate = (!icmp_ln168)> <Delay = 3.39> <CoreInst = "FIFO">   --->   Core 78 'FIFO' <Latency = 0> <II = 1> <Delay = 3.39> <Storage> <Opcode : 'read' 'write' 'nbread' 'nbwrite'> <Ports = 0> <Width = 129> <Depth = 260> <FIFO>
ST_2 : Operation 17 [1/1] (0.00ns)   --->   "%tmp = bitselect i1 @_ssdm_op_BitSelect.i1.i129.i32, i129 %s8_read, i32 128" [mdf_fft/fft_mdf.cpp:171->mdf_fft/fft_mdf.cpp:370]   --->   Operation 17 'bitselect' 'tmp' <Predicate = (!icmp_ln168)> <Delay = 0.00>
ST_2 : Operation 18 [1/1] (0.00ns)   --->   "%in_re = trunc i129 %s8_read" [mdf_fft/fft_mdf.cpp:32->mdf_fft/fft_mdf.cpp:173->mdf_fft/fft_mdf.cpp:370]   --->   Operation 18 'trunc' 'in_re' <Predicate = (!icmp_ln168)> <Delay = 0.00>
ST_2 : Operation 19 [1/1] (0.00ns)   --->   "%sext_ln206 = sext i16 %in_re" [mdf_fft/fft_mdf.cpp:206->mdf_fft/fft_mdf.cpp:370]   --->   Operation 19 'sext' 'sext_ln206' <Predicate = (!icmp_ln168)> <Delay = 0.00>
ST_2 : Operation 20 [1/1] (0.00ns)   --->   "%in_im = partselect i16 @_ssdm_op_PartSelect.i16.i129.i32.i32, i129 %s8_read, i32 16, i32 31" [mdf_fft/fft_mdf.cpp:33->mdf_fft/fft_mdf.cpp:173->mdf_fft/fft_mdf.cpp:370]   --->   Operation 20 'partselect' 'in_im' <Predicate = (!icmp_ln168)> <Delay = 0.00>
ST_2 : Operation 21 [1/1] (0.00ns)   --->   "%sext_ln207 = sext i16 %in_im" [mdf_fft/fft_mdf.cpp:207->mdf_fft/fft_mdf.cpp:370]   --->   Operation 21 'sext' 'sext_ln207' <Predicate = (!icmp_ln168)> <Delay = 0.00>
ST_2 : Operation 22 [1/1] (0.00ns)   --->   "%in_re_20 = partselect i16 @_ssdm_op_PartSelect.i16.i129.i32.i32, i129 %s8_read, i32 32, i32 47" [mdf_fft/fft_mdf.cpp:32->mdf_fft/fft_mdf.cpp:173->mdf_fft/fft_mdf.cpp:370]   --->   Operation 22 'partselect' 'in_re_20' <Predicate = (!icmp_ln168)> <Delay = 0.00>
ST_2 : Operation 23 [1/1] (0.00ns)   --->   "%sext_ln206_1 = sext i16 %in_re_20" [mdf_fft/fft_mdf.cpp:206->mdf_fft/fft_mdf.cpp:370]   --->   Operation 23 'sext' 'sext_ln206_1' <Predicate = (!icmp_ln168)> <Delay = 0.00>
ST_2 : Operation 24 [1/1] (1.84ns)   --->   "%diff_re_A = sub i17 %sext_ln206, i17 %sext_ln206_1" [mdf_fft/fft_mdf.cpp:206->mdf_fft/fft_mdf.cpp:370]   --->   Operation 24 'sub' 'diff_re_A' <Predicate = (!icmp_ln168)> <Delay = 1.84> <CoreInst = "Adder">   --->   Core 1 'Adder' <Latency = 0> <II = 1> <Delay = 1.84> <FuncUnit> <Opcode : 'add' 'sub'> <InPorts = 2> <OutPorts = 1>
ST_2 : Operation 25 [1/1] (0.00ns)   --->   "%trunc_ln206 = trunc i17 %diff_re_A" [mdf_fft/fft_mdf.cpp:206->mdf_fft/fft_mdf.cpp:370]   --->   Operation 25 'trunc' 'trunc_ln206' <Predicate = (!icmp_ln168)> <Delay = 0.00>
ST_2 : Operation 26 [1/1] (1.84ns)   --->   "%sum_re_A = add i17 %sext_ln206_1, i17 %sext_ln206" [mdf_fft/fft_mdf.cpp:204->mdf_fft/fft_mdf.cpp:370]   --->   Operation 26 'add' 'sum_re_A' <Predicate = (!icmp_ln168)> <Delay = 1.84> <CoreInst = "Adder">   --->   Core 1 'Adder' <Latency = 0> <II = 1> <Delay = 1.84> <FuncUnit> <Opcode : 'add' 'sub'> <InPorts = 2> <OutPorts = 1>
ST_2 : Operation 27 [1/1] (0.00ns)   --->   "%trunc_ln204 = trunc i17 %sum_re_A" [mdf_fft/fft_mdf.cpp:204->mdf_fft/fft_mdf.cpp:370]   --->   Operation 27 'trunc' 'trunc_ln204' <Predicate = (!icmp_ln168)> <Delay = 0.00>
ST_2 : Operation 28 [1/1] (0.00ns)   --->   "%in_im_17 = partselect i16 @_ssdm_op_PartSelect.i16.i129.i32.i32, i129 %s8_read, i32 48, i32 63" [mdf_fft/fft_mdf.cpp:33->mdf_fft/fft_mdf.cpp:173->mdf_fft/fft_mdf.cpp:370]   --->   Operation 28 'partselect' 'in_im_17' <Predicate = (!icmp_ln168)> <Delay = 0.00>
ST_2 : Operation 29 [1/1] (0.00ns)   --->   "%sext_ln207_1 = sext i16 %in_im_17" [mdf_fft/fft_mdf.cpp:207->mdf_fft/fft_mdf.cpp:370]   --->   Operation 29 'sext' 'sext_ln207_1' <Predicate = (!icmp_ln168)> <Delay = 0.00>
ST_2 : Operation 30 [1/1] (1.84ns)   --->   "%diff_im_A = sub i17 %sext_ln207, i17 %sext_ln207_1" [mdf_fft/fft_mdf.cpp:207->mdf_fft/fft_mdf.cpp:370]   --->   Operation 30 'sub' 'diff_im_A' <Predicate = (!icmp_ln168)> <Delay = 1.84> <CoreInst = "Adder">   --->   Core 1 'Adder' <Latency = 0> <II = 1> <Delay = 1.84> <FuncUnit> <Opcode : 'add' 'sub'> <InPorts = 2> <OutPorts = 1>
ST_2 : Operation 31 [1/1] (0.00ns)   --->   "%trunc_ln207 = trunc i17 %diff_im_A" [mdf_fft/fft_mdf.cpp:207->mdf_fft/fft_mdf.cpp:370]   --->   Operation 31 'trunc' 'trunc_ln207' <Predicate = (!icmp_ln168)> <Delay = 0.00>
ST_2 : Operation 32 [1/1] (1.84ns)   --->   "%sum_im_A = add i17 %sext_ln207_1, i17 %sext_ln207" [mdf_fft/fft_mdf.cpp:205->mdf_fft/fft_mdf.cpp:370]   --->   Operation 32 'add' 'sum_im_A' <Predicate = (!icmp_ln168)> <Delay = 1.84> <CoreInst = "Adder">   --->   Core 1 'Adder' <Latency = 0> <II = 1> <Delay = 1.84> <FuncUnit> <Opcode : 'add' 'sub'> <InPorts = 2> <OutPorts = 1>
ST_2 : Operation 33 [1/1] (0.00ns)   --->   "%trunc_ln205 = trunc i17 %sum_im_A" [mdf_fft/fft_mdf.cpp:205->mdf_fft/fft_mdf.cpp:370]   --->   Operation 33 'trunc' 'trunc_ln205' <Predicate = (!icmp_ln168)> <Delay = 0.00>
ST_2 : Operation 34 [1/1] (0.00ns)   --->   "%in_re_21 = partselect i16 @_ssdm_op_PartSelect.i16.i129.i32.i32, i129 %s8_read, i32 64, i32 79" [mdf_fft/fft_mdf.cpp:32->mdf_fft/fft_mdf.cpp:173->mdf_fft/fft_mdf.cpp:370]   --->   Operation 34 'partselect' 'in_re_21' <Predicate = (!icmp_ln168)> <Delay = 0.00>
ST_2 : Operation 35 [1/1] (0.00ns)   --->   "%sext_ln211 = sext i16 %in_re_21" [mdf_fft/fft_mdf.cpp:211->mdf_fft/fft_mdf.cpp:370]   --->   Operation 35 'sext' 'sext_ln211' <Predicate = (!icmp_ln168)> <Delay = 0.00>
ST_2 : Operation 36 [1/1] (0.00ns)   --->   "%in_im_18 = partselect i16 @_ssdm_op_PartSelect.i16.i129.i32.i32, i129 %s8_read, i32 80, i32 95" [mdf_fft/fft_mdf.cpp:33->mdf_fft/fft_mdf.cpp:173->mdf_fft/fft_mdf.cpp:370]   --->   Operation 36 'partselect' 'in_im_18' <Predicate = (!icmp_ln168)> <Delay = 0.00>
ST_2 : Operation 37 [1/1] (0.00ns)   --->   "%sext_ln212 = sext i16 %in_im_18" [mdf_fft/fft_mdf.cpp:212->mdf_fft/fft_mdf.cpp:370]   --->   Operation 37 'sext' 'sext_ln212' <Predicate = (!icmp_ln168)> <Delay = 0.00>
ST_2 : Operation 38 [1/1] (0.00ns)   --->   "%in_re_22 = partselect i16 @_ssdm_op_PartSelect.i16.i129.i32.i32, i129 %s8_read, i32 96, i32 111" [mdf_fft/fft_mdf.cpp:32->mdf_fft/fft_mdf.cpp:173->mdf_fft/fft_mdf.cpp:370]   --->   Operation 38 'partselect' 'in_re_22' <Predicate = (!icmp_ln168)> <Delay = 0.00>
ST_2 : Operation 39 [1/1] (0.00ns)   --->   "%sext_ln211_1 = sext i16 %in_re_22" [mdf_fft/fft_mdf.cpp:211->mdf_fft/fft_mdf.cpp:370]   --->   Operation 39 'sext' 'sext_ln211_1' <Predicate = (!icmp_ln168)> <Delay = 0.00>
ST_2 : Operation 40 [1/1] (1.84ns)   --->   "%diff_re_B = sub i17 %sext_ln211, i17 %sext_ln211_1" [mdf_fft/fft_mdf.cpp:211->mdf_fft/fft_mdf.cpp:370]   --->   Operation 40 'sub' 'diff_re_B' <Predicate = (!icmp_ln168)> <Delay = 1.84> <CoreInst = "Adder">   --->   Core 1 'Adder' <Latency = 0> <II = 1> <Delay = 1.84> <FuncUnit> <Opcode : 'add' 'sub'> <InPorts = 2> <OutPorts = 1>
ST_2 : Operation 41 [1/1] (0.00ns)   --->   "%trunc_ln211 = trunc i17 %diff_re_B" [mdf_fft/fft_mdf.cpp:211->mdf_fft/fft_mdf.cpp:370]   --->   Operation 41 'trunc' 'trunc_ln211' <Predicate = (!icmp_ln168)> <Delay = 0.00>
ST_2 : Operation 42 [1/1] (1.84ns)   --->   "%sum_re_B = add i17 %sext_ln211_1, i17 %sext_ln211" [mdf_fft/fft_mdf.cpp:209->mdf_fft/fft_mdf.cpp:370]   --->   Operation 42 'add' 'sum_re_B' <Predicate = (!icmp_ln168)> <Delay = 1.84> <CoreInst = "Adder">   --->   Core 1 'Adder' <Latency = 0> <II = 1> <Delay = 1.84> <FuncUnit> <Opcode : 'add' 'sub'> <InPorts = 2> <OutPorts = 1>
ST_2 : Operation 43 [1/1] (0.00ns)   --->   "%trunc_ln209 = trunc i17 %sum_re_B" [mdf_fft/fft_mdf.cpp:209->mdf_fft/fft_mdf.cpp:370]   --->   Operation 43 'trunc' 'trunc_ln209' <Predicate = (!icmp_ln168)> <Delay = 0.00>
ST_2 : Operation 44 [1/1] (0.00ns)   --->   "%in_im_19 = partselect i16 @_ssdm_op_PartSelect.i16.i129.i32.i32, i129 %s8_read, i32 112, i32 127" [mdf_fft/fft_mdf.cpp:33->mdf_fft/fft_mdf.cpp:173->mdf_fft/fft_mdf.cpp:370]   --->   Operation 44 'partselect' 'in_im_19' <Predicate = (!icmp_ln168)> <Delay = 0.00>
ST_2 : Operation 45 [1/1] (0.00ns)   --->   "%sext_ln212_1 = sext i16 %in_im_19" [mdf_fft/fft_mdf.cpp:212->mdf_fft/fft_mdf.cpp:370]   --->   Operation 45 'sext' 'sext_ln212_1' <Predicate = (!icmp_ln168)> <Delay = 0.00>
ST_2 : Operation 46 [1/1] (1.84ns)   --->   "%diff_im_B = sub i17 %sext_ln212, i17 %sext_ln212_1" [mdf_fft/fft_mdf.cpp:212->mdf_fft/fft_mdf.cpp:370]   --->   Operation 46 'sub' 'diff_im_B' <Predicate = (!icmp_ln168)> <Delay = 1.84> <CoreInst = "Adder">   --->   Core 1 'Adder' <Latency = 0> <II = 1> <Delay = 1.84> <FuncUnit> <Opcode : 'add' 'sub'> <InPorts = 2> <OutPorts = 1>
ST_2 : Operation 47 [1/1] (0.00ns)   --->   "%trunc_ln212 = trunc i17 %diff_im_B" [mdf_fft/fft_mdf.cpp:212->mdf_fft/fft_mdf.cpp:370]   --->   Operation 47 'trunc' 'trunc_ln212' <Predicate = (!icmp_ln168)> <Delay = 0.00>
ST_2 : Operation 48 [1/1] (1.84ns)   --->   "%sum_im_B = add i17 %sext_ln212_1, i17 %sext_ln212" [mdf_fft/fft_mdf.cpp:210->mdf_fft/fft_mdf.cpp:370]   --->   Operation 48 'add' 'sum_im_B' <Predicate = (!icmp_ln168)> <Delay = 1.84> <CoreInst = "Adder">   --->   Core 1 'Adder' <Latency = 0> <II = 1> <Delay = 1.84> <FuncUnit> <Opcode : 'add' 'sub'> <InPorts = 2> <OutPorts = 1>
ST_2 : Operation 49 [1/1] (0.00ns)   --->   "%trunc_ln210 = trunc i17 %sum_im_B" [mdf_fft/fft_mdf.cpp:210->mdf_fft/fft_mdf.cpp:370]   --->   Operation 49 'trunc' 'trunc_ln210' <Predicate = (!icmp_ln168)> <Delay = 0.00>
ST_2 : Operation 50 [1/1] (1.20ns)   --->   "%icmp_ln53 = icmp_eq  i2 %trunc_ln204, i2 3" [mdf_fft/fft_mdf.cpp:53->mdf_fft/fft_mdf.cpp:225->mdf_fft/fft_mdf.cpp:370]   --->   Operation 50 'icmp' 'icmp_ln53' <Predicate = (!icmp_ln168)> <Delay = 1.20> <CoreInst = "Cmp">   --->   Core 9 'Cmp' <Latency = 0> <II = 1> <Delay = 1.20> <FuncUnit> <Opcode : 'icmp'> <InPorts = 2> <OutPorts = 1>
ST_2 : Operation 51 [1/1] (1.20ns)   --->   "%icmp_ln53_63 = icmp_eq  i2 %trunc_ln205, i2 3" [mdf_fft/fft_mdf.cpp:53->mdf_fft/fft_mdf.cpp:226->mdf_fft/fft_mdf.cpp:370]   --->   Operation 51 'icmp' 'icmp_ln53_63' <Predicate = (!icmp_ln168)> <Delay = 1.20> <CoreInst = "Cmp">   --->   Core 9 'Cmp' <Latency = 0> <II = 1> <Delay = 1.20> <FuncUnit> <Opcode : 'icmp'> <InPorts = 2> <OutPorts = 1>
ST_2 : Operation 52 [1/1] (1.20ns)   --->   "%icmp_ln53_64 = icmp_eq  i2 %trunc_ln206, i2 3" [mdf_fft/fft_mdf.cpp:53->mdf_fft/fft_mdf.cpp:225->mdf_fft/fft_mdf.cpp:370]   --->   Operation 52 'icmp' 'icmp_ln53_64' <Predicate = (!icmp_ln168)> <Delay = 1.20> <CoreInst = "Cmp">   --->   Core 9 'Cmp' <Latency = 0> <II = 1> <Delay = 1.20> <FuncUnit> <Opcode : 'icmp'> <InPorts = 2> <OutPorts = 1>
ST_2 : Operation 53 [1/1] (1.20ns)   --->   "%icmp_ln53_65 = icmp_eq  i2 %trunc_ln207, i2 3" [mdf_fft/fft_mdf.cpp:53->mdf_fft/fft_mdf.cpp:226->mdf_fft/fft_mdf.cpp:370]   --->   Operation 53 'icmp' 'icmp_ln53_65' <Predicate = (!icmp_ln168)> <Delay = 1.20> <CoreInst = "Cmp">   --->   Core 9 'Cmp' <Latency = 0> <II = 1> <Delay = 1.20> <FuncUnit> <Opcode : 'icmp'> <InPorts = 2> <OutPorts = 1>
ST_2 : Operation 54 [1/1] (1.20ns)   --->   "%icmp_ln53_66 = icmp_eq  i2 %trunc_ln209, i2 3" [mdf_fft/fft_mdf.cpp:53->mdf_fft/fft_mdf.cpp:225->mdf_fft/fft_mdf.cpp:370]   --->   Operation 54 'icmp' 'icmp_ln53_66' <Predicate = (!icmp_ln168)> <Delay = 1.20> <CoreInst = "Cmp">   --->   Core 9 'Cmp' <Latency = 0> <II = 1> <Delay = 1.20> <FuncUnit> <Opcode : 'icmp'> <InPorts = 2> <OutPorts = 1>
ST_2 : Operation 55 [1/1] (1.20ns)   --->   "%icmp_ln53_67 = icmp_eq  i2 %trunc_ln210, i2 3" [mdf_fft/fft_mdf.cpp:53->mdf_fft/fft_mdf.cpp:226->mdf_fft/fft_mdf.cpp:370]   --->   Operation 55 'icmp' 'icmp_ln53_67' <Predicate = (!icmp_ln168)> <Delay = 1.20> <CoreInst = "Cmp">   --->   Core 9 'Cmp' <Latency = 0> <II = 1> <Delay = 1.20> <FuncUnit> <Opcode : 'icmp'> <InPorts = 2> <OutPorts = 1>
ST_2 : Operation 56 [1/1] (1.20ns)   --->   "%icmp_ln53_68 = icmp_eq  i2 %trunc_ln211, i2 3" [mdf_fft/fft_mdf.cpp:53->mdf_fft/fft_mdf.cpp:225->mdf_fft/fft_mdf.cpp:370]   --->   Operation 56 'icmp' 'icmp_ln53_68' <Predicate = (!icmp_ln168)> <Delay = 1.20> <CoreInst = "Cmp">   --->   Core 9 'Cmp' <Latency = 0> <II = 1> <Delay = 1.20> <FuncUnit> <Opcode : 'icmp'> <InPorts = 2> <OutPorts = 1>
ST_2 : Operation 57 [1/1] (1.20ns)   --->   "%icmp_ln53_69 = icmp_eq  i2 %trunc_ln212, i2 3" [mdf_fft/fft_mdf.cpp:53->mdf_fft/fft_mdf.cpp:226->mdf_fft/fft_mdf.cpp:370]   --->   Operation 57 'icmp' 'icmp_ln53_69' <Predicate = (!icmp_ln168)> <Delay = 1.20> <CoreInst = "Cmp">   --->   Core 9 'Cmp' <Latency = 0> <II = 1> <Delay = 1.20> <FuncUnit> <Opcode : 'icmp'> <InPorts = 2> <OutPorts = 1>

State 3 <SV = 2> <Delay = 5.25>
ST_3 : Operation 58 [1/1] (0.00ns)   --->   "%specpipeline_ln169 = specpipeline void @_ssdm_op_SpecPipeline, i32 1, i32 0, i32 0, i32 0, void @empty_9" [mdf_fft/fft_mdf.cpp:169->mdf_fft/fft_mdf.cpp:370]   --->   Operation 58 'specpipeline' 'specpipeline_ln169' <Predicate = (!icmp_ln168)> <Delay = 0.00>
ST_3 : Operation 59 [1/1] (0.00ns)   --->   "%speclooptripcount_ln171 = speclooptripcount void @_ssdm_op_SpecLoopTripCount, i64 256, i64 256, i64 256" [mdf_fft/fft_mdf.cpp:171->mdf_fft/fft_mdf.cpp:370]   --->   Operation 59 'speclooptripcount' 'speclooptripcount_ln171' <Predicate = (!icmp_ln168)> <Delay = 0.00>
ST_3 : Operation 60 [1/1] (0.00ns)   --->   "%specloopname_ln168 = specloopname void @_ssdm_op_SpecLoopName, void @empty_2" [mdf_fft/fft_mdf.cpp:168->mdf_fft/fft_mdf.cpp:370]   --->   Operation 60 'specloopname' 'specloopname_ln168' <Predicate = (!icmp_ln168)> <Delay = 0.00>
ST_3 : Operation 61 [1/1] (0.00ns)   --->   "%zext_ln53 = zext i1 %icmp_ln53" [mdf_fft/fft_mdf.cpp:53->mdf_fft/fft_mdf.cpp:225->mdf_fft/fft_mdf.cpp:370]   --->   Operation 61 'zext' 'zext_ln53' <Predicate = (!icmp_ln168)> <Delay = 0.00>
ST_3 : Operation 62 [1/1] (1.86ns)   --->   "%add_ln53 = add i17 %sum_re_A, i17 %zext_ln53" [mdf_fft/fft_mdf.cpp:53->mdf_fft/fft_mdf.cpp:225->mdf_fft/fft_mdf.cpp:370]   --->   Operation 62 'add' 'add_ln53' <Predicate = (!icmp_ln168)> <Delay = 1.86> <CoreInst = "Adder">   --->   Core 1 'Adder' <Latency = 0> <II = 1> <Delay = 1.86> <FuncUnit> <Opcode : 'add' 'sub'> <InPorts = 2> <OutPorts = 1>
ST_3 : Operation 63 [1/1] (0.00ns)   --->   "%scaled_re = partselect i16 @_ssdm_op_PartSelect.i16.i17.i32.i32, i17 %add_ln53, i32 1, i32 16" [mdf_fft/fft_mdf.cpp:53->mdf_fft/fft_mdf.cpp:225->mdf_fft/fft_mdf.cpp:370]   --->   Operation 63 'partselect' 'scaled_re' <Predicate = (!icmp_ln168)> <Delay = 0.00>
ST_3 : Operation 64 [1/1] (0.00ns)   --->   "%zext_ln53_121 = zext i1 %icmp_ln53_63" [mdf_fft/fft_mdf.cpp:53->mdf_fft/fft_mdf.cpp:226->mdf_fft/fft_mdf.cpp:370]   --->   Operation 64 'zext' 'zext_ln53_121' <Predicate = (!icmp_ln168)> <Delay = 0.00>
ST_3 : Operation 65 [1/1] (1.86ns)   --->   "%add_ln53_63 = add i17 %sum_im_A, i17 %zext_ln53_121" [mdf_fft/fft_mdf.cpp:53->mdf_fft/fft_mdf.cpp:226->mdf_fft/fft_mdf.cpp:370]   --->   Operation 65 'add' 'add_ln53_63' <Predicate = (!icmp_ln168)> <Delay = 1.86> <CoreInst = "Adder">   --->   Core 1 'Adder' <Latency = 0> <II = 1> <Delay = 1.86> <FuncUnit> <Opcode : 'add' 'sub'> <InPorts = 2> <OutPorts = 1>
ST_3 : Operation 66 [1/1] (0.00ns)   --->   "%scaled_im = partselect i16 @_ssdm_op_PartSelect.i16.i17.i32.i32, i17 %add_ln53_63, i32 1, i32 16" [mdf_fft/fft_mdf.cpp:53->mdf_fft/fft_mdf.cpp:226->mdf_fft/fft_mdf.cpp:370]   --->   Operation 66 'partselect' 'scaled_im' <Predicate = (!icmp_ln168)> <Delay = 0.00>
ST_3 : Operation 67 [1/1] (0.00ns)   --->   "%zext_ln53_122 = zext i1 %icmp_ln53_64" [mdf_fft/fft_mdf.cpp:53->mdf_fft/fft_mdf.cpp:225->mdf_fft/fft_mdf.cpp:370]   --->   Operation 67 'zext' 'zext_ln53_122' <Predicate = (!icmp_ln168)> <Delay = 0.00>
ST_3 : Operation 68 [1/1] (1.86ns)   --->   "%add_ln53_64 = add i17 %diff_re_A, i17 %zext_ln53_122" [mdf_fft/fft_mdf.cpp:53->mdf_fft/fft_mdf.cpp:225->mdf_fft/fft_mdf.cpp:370]   --->   Operation 68 'add' 'add_ln53_64' <Predicate = (!icmp_ln168)> <Delay = 1.86> <CoreInst = "Adder">   --->   Core 1 'Adder' <Latency = 0> <II = 1> <Delay = 1.86> <FuncUnit> <Opcode : 'add' 'sub'> <InPorts = 2> <OutPorts = 1>
ST_3 : Operation 69 [1/1] (0.00ns)   --->   "%scaled_re_1 = partselect i16 @_ssdm_op_PartSelect.i16.i17.i32.i32, i17 %add_ln53_64, i32 1, i32 16" [mdf_fft/fft_mdf.cpp:53->mdf_fft/fft_mdf.cpp:225->mdf_fft/fft_mdf.cpp:370]   --->   Operation 69 'partselect' 'scaled_re_1' <Predicate = (!icmp_ln168)> <Delay = 0.00>
ST_3 : Operation 70 [1/1] (0.00ns)   --->   "%zext_ln53_123 = zext i1 %icmp_ln53_65" [mdf_fft/fft_mdf.cpp:53->mdf_fft/fft_mdf.cpp:226->mdf_fft/fft_mdf.cpp:370]   --->   Operation 70 'zext' 'zext_ln53_123' <Predicate = (!icmp_ln168)> <Delay = 0.00>
ST_3 : Operation 71 [1/1] (1.86ns)   --->   "%add_ln53_65 = add i17 %diff_im_A, i17 %zext_ln53_123" [mdf_fft/fft_mdf.cpp:53->mdf_fft/fft_mdf.cpp:226->mdf_fft/fft_mdf.cpp:370]   --->   Operation 71 'add' 'add_ln53_65' <Predicate = (!icmp_ln168)> <Delay = 1.86> <CoreInst = "Adder">   --->   Core 1 'Adder' <Latency = 0> <II = 1> <Delay = 1.86> <FuncUnit> <Opcode : 'add' 'sub'> <InPorts = 2> <OutPorts = 1>
ST_3 : Operation 72 [1/1] (0.00ns)   --->   "%scaled_im_1 = partselect i16 @_ssdm_op_PartSelect.i16.i17.i32.i32, i17 %add_ln53_65, i32 1, i32 16" [mdf_fft/fft_mdf.cpp:53->mdf_fft/fft_mdf.cpp:226->mdf_fft/fft_mdf.cpp:370]   --->   Operation 72 'partselect' 'scaled_im_1' <Predicate = (!icmp_ln168)> <Delay = 0.00>
ST_3 : Operation 73 [1/1] (0.00ns)   --->   "%zext_ln53_124 = zext i1 %icmp_ln53_66" [mdf_fft/fft_mdf.cpp:53->mdf_fft/fft_mdf.cpp:225->mdf_fft/fft_mdf.cpp:370]   --->   Operation 73 'zext' 'zext_ln53_124' <Predicate = (!icmp_ln168)> <Delay = 0.00>
ST_3 : Operation 74 [1/1] (1.86ns)   --->   "%add_ln53_66 = add i17 %sum_re_B, i17 %zext_ln53_124" [mdf_fft/fft_mdf.cpp:53->mdf_fft/fft_mdf.cpp:225->mdf_fft/fft_mdf.cpp:370]   --->   Operation 74 'add' 'add_ln53_66' <Predicate = (!icmp_ln168)> <Delay = 1.86> <CoreInst = "Adder">   --->   Core 1 'Adder' <Latency = 0> <II = 1> <Delay = 1.86> <FuncUnit> <Opcode : 'add' 'sub'> <InPorts = 2> <OutPorts = 1>
ST_3 : Operation 75 [1/1] (0.00ns)   --->   "%scaled_re_2 = partselect i16 @_ssdm_op_PartSelect.i16.i17.i32.i32, i17 %add_ln53_66, i32 1, i32 16" [mdf_fft/fft_mdf.cpp:53->mdf_fft/fft_mdf.cpp:225->mdf_fft/fft_mdf.cpp:370]   --->   Operation 75 'partselect' 'scaled_re_2' <Predicate = (!icmp_ln168)> <Delay = 0.00>
ST_3 : Operation 76 [1/1] (0.00ns)   --->   "%zext_ln53_125 = zext i1 %icmp_ln53_67" [mdf_fft/fft_mdf.cpp:53->mdf_fft/fft_mdf.cpp:226->mdf_fft/fft_mdf.cpp:370]   --->   Operation 76 'zext' 'zext_ln53_125' <Predicate = (!icmp_ln168)> <Delay = 0.00>
ST_3 : Operation 77 [1/1] (1.86ns)   --->   "%add_ln53_67 = add i17 %sum_im_B, i17 %zext_ln53_125" [mdf_fft/fft_mdf.cpp:53->mdf_fft/fft_mdf.cpp:226->mdf_fft/fft_mdf.cpp:370]   --->   Operation 77 'add' 'add_ln53_67' <Predicate = (!icmp_ln168)> <Delay = 1.86> <CoreInst = "Adder">   --->   Core 1 'Adder' <Latency = 0> <II = 1> <Delay = 1.86> <FuncUnit> <Opcode : 'add' 'sub'> <InPorts = 2> <OutPorts = 1>
ST_3 : Operation 78 [1/1] (0.00ns)   --->   "%scaled_im_2 = partselect i16 @_ssdm_op_PartSelect.i16.i17.i32.i32, i17 %add_ln53_67, i32 1, i32 16" [mdf_fft/fft_mdf.cpp:53->mdf_fft/fft_mdf.cpp:226->mdf_fft/fft_mdf.cpp:370]   --->   Operation 78 'partselect' 'scaled_im_2' <Predicate = (!icmp_ln168)> <Delay = 0.00>
ST_3 : Operation 79 [1/1] (0.00ns)   --->   "%zext_ln53_126 = zext i1 %icmp_ln53_68" [mdf_fft/fft_mdf.cpp:53->mdf_fft/fft_mdf.cpp:225->mdf_fft/fft_mdf.cpp:370]   --->   Operation 79 'zext' 'zext_ln53_126' <Predicate = (!icmp_ln168)> <Delay = 0.00>
ST_3 : Operation 80 [1/1] (1.86ns)   --->   "%add_ln53_68 = add i17 %diff_re_B, i17 %zext_ln53_126" [mdf_fft/fft_mdf.cpp:53->mdf_fft/fft_mdf.cpp:225->mdf_fft/fft_mdf.cpp:370]   --->   Operation 80 'add' 'add_ln53_68' <Predicate = (!icmp_ln168)> <Delay = 1.86> <CoreInst = "Adder">   --->   Core 1 'Adder' <Latency = 0> <II = 1> <Delay = 1.86> <FuncUnit> <Opcode : 'add' 'sub'> <InPorts = 2> <OutPorts = 1>
ST_3 : Operation 81 [1/1] (0.00ns)   --->   "%scaled_re_3 = partselect i16 @_ssdm_op_PartSelect.i16.i17.i32.i32, i17 %add_ln53_68, i32 1, i32 16" [mdf_fft/fft_mdf.cpp:53->mdf_fft/fft_mdf.cpp:225->mdf_fft/fft_mdf.cpp:370]   --->   Operation 81 'partselect' 'scaled_re_3' <Predicate = (!icmp_ln168)> <Delay = 0.00>
ST_3 : Operation 82 [1/1] (0.00ns)   --->   "%zext_ln53_127 = zext i1 %icmp_ln53_69" [mdf_fft/fft_mdf.cpp:53->mdf_fft/fft_mdf.cpp:226->mdf_fft/fft_mdf.cpp:370]   --->   Operation 82 'zext' 'zext_ln53_127' <Predicate = (!icmp_ln168)> <Delay = 0.00>
ST_3 : Operation 83 [1/1] (1.86ns)   --->   "%add_ln53_69 = add i17 %diff_im_B, i17 %zext_ln53_127" [mdf_fft/fft_mdf.cpp:53->mdf_fft/fft_mdf.cpp:226->mdf_fft/fft_mdf.cpp:370]   --->   Operation 83 'add' 'add_ln53_69' <Predicate = (!icmp_ln168)> <Delay = 1.86> <CoreInst = "Adder">   --->   Core 1 'Adder' <Latency = 0> <II = 1> <Delay = 1.86> <FuncUnit> <Opcode : 'add' 'sub'> <InPorts = 2> <OutPorts = 1>
ST_3 : Operation 84 [1/1] (0.00ns)   --->   "%scaled_im_3 = partselect i16 @_ssdm_op_PartSelect.i16.i17.i32.i32, i17 %add_ln53_69, i32 1, i32 16" [mdf_fft/fft_mdf.cpp:53->mdf_fft/fft_mdf.cpp:226->mdf_fft/fft_mdf.cpp:370]   --->   Operation 84 'partselect' 'scaled_im_3' <Predicate = (!icmp_ln168)> <Delay = 0.00>
ST_3 : Operation 85 [1/1] (0.00ns)   --->   "%tmp_2 = bitconcatenate i129 @_ssdm_op_BitConcatenate.i129.i1.i16.i16.i16.i16.i16.i16.i16.i16, i1 %tmp, i16 %scaled_im_3, i16 %scaled_re_3, i16 %scaled_im_2, i16 %scaled_re_2, i16 %scaled_im_1, i16 %scaled_re_1, i16 %scaled_im, i16 %scaled_re" [mdf_fft/fft_mdf.cpp:231->mdf_fft/fft_mdf.cpp:370]   --->   Operation 85 'bitconcatenate' 'tmp_2' <Predicate = (!icmp_ln168)> <Delay = 0.00>
ST_3 : Operation 86 [1/1] (3.39ns)   --->   "%write_ln231 = write void @_ssdm_op_Write.ap_fifo.volatile.i129P0A, i129 %s9, i129 %tmp_2" [mdf_fft/fft_mdf.cpp:231->mdf_fft/fft_mdf.cpp:370]   --->   Operation 86 'write' 'write_ln231' <Predicate = (!icmp_ln168)> <Delay = 3.39> <CoreInst = "FIFO">   --->   Core 78 'FIFO' <Latency = 0> <II = 1> <Delay = 3.39> <Storage> <Opcode : 'read' 'write' 'nbread' 'nbwrite'> <Ports = 0> <Width = 129> <Depth = 260> <FIFO>
ST_3 : Operation 87 [1/1] (0.00ns)   --->   "%br_ln168 = br void %for.cond.i1021" [mdf_fft/fft_mdf.cpp:168->mdf_fft/fft_mdf.cpp:370]   --->   Operation 87 'br' 'br_ln168' <Predicate = (!icmp_ln168)> <Delay = 0.00>
ST_3 : Operation 88 [1/1] (0.00ns)   --->   "%ret_ln0 = ret"   --->   Operation 88 'ret' 'ret_ln0' <Predicate = (icmp_ln168)> <Delay = 0.00>


============================================================
+ Verbose Summary: Binding
============================================================
STG Binding: 
---------------- STG Properties BEGIN ----------------
- Is combinational: 0
- Is one-state seq: 0
- Is datapath-only: 0
- Is pipelined: 0
- Is top level: 0
Port [ Return ] is wired: 1; IO mode=ap_ctrl_hs:ce=0
Port [ s8]:  wired=1; compound=1; hidden=0; nouse=0; global=0; static=0; extern=0; dir=0; type=3; pingpong=0; private_global=0; IO mode=ap_fifo:ce=0
Port [ s9]:  wired=1; compound=1; hidden=0; nouse=0; global=0; static=0; extern=0; dir=1; type=3; pingpong=0; private_global=0; IO mode=ap_fifo:ce=0
---------------- STG Properties END ------------------

---------------- Datapath Model BEGIN ----------------

<LifeTime>
<method=bitvector/>
cyc                     (alloca           ) [ 0100]
specinterface_ln0       (specinterface    ) [ 0000]
specinterface_ln0       (specinterface    ) [ 0000]
store_ln168             (store            ) [ 0000]
br_ln0                  (br               ) [ 0000]
cyc_14                  (load             ) [ 0000]
icmp_ln168              (icmp             ) [ 0111]
cyc_15                  (add              ) [ 0000]
br_ln168                (br               ) [ 0000]
store_ln168             (store            ) [ 0000]
s8_read                 (read             ) [ 0000]
tmp                     (bitselect        ) [ 0101]
in_re                   (trunc            ) [ 0000]
sext_ln206              (sext             ) [ 0000]
in_im                   (partselect       ) [ 0000]
sext_ln207              (sext             ) [ 0000]
in_re_20                (partselect       ) [ 0000]
sext_ln206_1            (sext             ) [ 0000]
diff_re_A               (sub              ) [ 0101]
trunc_ln206             (trunc            ) [ 0000]
sum_re_A                (add              ) [ 0101]
trunc_ln204             (trunc            ) [ 0000]
in_im_17                (partselect       ) [ 0000]
sext_ln207_1            (sext             ) [ 0000]
diff_im_A               (sub              ) [ 0101]
trunc_ln207             (trunc            ) [ 0000]
sum_im_A                (add              ) [ 0101]
trunc_ln205             (trunc            ) [ 0000]
in_re_21                (partselect       ) [ 0000]
sext_ln211              (sext             ) [ 0000]
in_im_18                (partselect       ) [ 0000]
sext_ln212              (sext             ) [ 0000]
in_re_22                (partselect       ) [ 0000]
sext_ln211_1            (sext             ) [ 0000]
diff_re_B               (sub              ) [ 0101]
trunc_ln211             (trunc            ) [ 0000]
sum_re_B                (add              ) [ 0101]
trunc_ln209             (trunc            ) [ 0000]
in_im_19                (partselect       ) [ 0000]
sext_ln212_1            (sext             ) [ 0000]
diff_im_B               (sub              ) [ 0101]
trunc_ln212             (trunc            ) [ 0000]
sum_im_B                (add              ) [ 0101]
trunc_ln210             (trunc            ) [ 0000]
icmp_ln53               (icmp             ) [ 0101]
icmp_ln53_63            (icmp             ) [ 0101]
icmp_ln53_64            (icmp             ) [ 0101]
icmp_ln53_65            (icmp             ) [ 0101]
icmp_ln53_66            (icmp             ) [ 0101]
icmp_ln53_67            (icmp             ) [ 0101]
icmp_ln53_68            (icmp             ) [ 0101]
icmp_ln53_69            (icmp             ) [ 0101]
specpipeline_ln169      (specpipeline     ) [ 0000]
speclooptripcount_ln171 (speclooptripcount) [ 0000]
specloopname_ln168      (specloopname     ) [ 0000]
zext_ln53               (zext             ) [ 0000]
add_ln53                (add              ) [ 0000]
scaled_re               (partselect       ) [ 0000]
zext_ln53_121           (zext             ) [ 0000]
add_ln53_63             (add              ) [ 0000]
scaled_im               (partselect       ) [ 0000]
zext_ln53_122           (zext             ) [ 0000]
add_ln53_64             (add              ) [ 0000]
scaled_re_1             (partselect       ) [ 0000]
zext_ln53_123           (zext             ) [ 0000]
add_ln53_65             (add              ) [ 0000]
scaled_im_1             (partselect       ) [ 0000]
zext_ln53_124           (zext             ) [ 0000]
add_ln53_66             (add              ) [ 0000]
scaled_re_2             (partselect       ) [ 0000]
zext_ln53_125           (zext             ) [ 0000]
add_ln53_67             (add              ) [ 0000]
scaled_im_2             (partselect       ) [ 0000]
zext_ln53_126           (zext             ) [ 0000]
add_ln53_68             (add              ) [ 0000]
scaled_re_3             (partselect       ) [ 0000]
zext_ln53_127           (zext             ) [ 0000]
add_ln53_69             (add              ) [ 0000]
scaled_im_3             (partselect       ) [ 0000]
tmp_2                   (bitconcatenate   ) [ 0000]
write_ln231             (write            ) [ 0000]
br_ln168                (br               ) [ 0000]
ret_ln0                 (ret              ) [ 0000]
</LifeTime>

<model>

<comp_list>
<comp id="0" class="1000" name="s8">
<pin_list>
<pin id="1" dir="1" index="0" bw="1" slack="0"/>
</pin_list>
<bind>
<StgValue><ssdm name="s8"/></StgValue>
</bind>
</comp>

<comp id="2" class="1000" name="s9">
<pin_list>
<pin id="3" dir="1" index="0" bw="1" slack="0"/>
</pin_list>
<bind>
<StgValue><ssdm name="s9"/></StgValue>
</bind>
</comp>

<comp id="4" class="1001" name="const_4">
<pin_list>
<pin id="5" dir="1" index="0" bw="1" slack="0"/>
</pin_list>
<bind>
<StgValue><ssdm name=""/></StgValue>
</bind>
</comp>

<comp id="6" class="1001" name="const_6">
<pin_list>
<pin id="7" dir="1" index="0" bw="1" slack="2147483647"/>
</pin_list>
<bind>
<StgValue><ssdm name="_ssdm_op_SpecInterface"/></StgValue>
</bind>
</comp>

<comp id="8" class="1001" name="const_8">
<pin_list>
<pin id="9" dir="1" index="0" bw="1" slack="2147483647"/>
</pin_list>
<bind>
<StgValue><ssdm name="empty_10"/></StgValue>
</bind>
</comp>

<comp id="10" class="1001" name="const_10">
<pin_list>
<pin id="11" dir="1" index="0" bw="1" slack="2147483647"/>
</pin_list>
<bind>
<StgValue><ssdm name=""/></StgValue>
</bind>
</comp>

<comp id="12" class="1001" name="const_12">
<pin_list>
<pin id="13" dir="1" index="0" bw="1" slack="2147483647"/>
</pin_list>
<bind>
<StgValue><ssdm name="empty_9"/></StgValue>
</bind>
</comp>

<comp id="14" class="1001" name="const_14">
<pin_list>
<pin id="15" dir="1" index="0" bw="1" slack="2147483647"/>
</pin_list>
<bind>
<StgValue><ssdm name=""/></StgValue>
</bind>
</comp>

<comp id="16" class="1001" name="const_16">
<pin_list>
<pin id="17" dir="1" index="0" bw="1" slack="0"/>
</pin_list>
<bind>
<StgValue><ssdm name=""/></StgValue>
</bind>
</comp>

<comp id="18" class="1001" name="const_18">
<pin_list>
<pin id="19" dir="1" index="0" bw="1" slack="0"/>
</pin_list>
<bind>
<StgValue><ssdm name=""/></StgValue>
</bind>
</comp>

<comp id="20" class="1001" name="const_20">
<pin_list>
<pin id="21" dir="1" index="0" bw="1" slack="0"/>
</pin_list>
<bind>
<StgValue><ssdm name=""/></StgValue>
</bind>
</comp>

<comp id="22" class="1001" name="const_22">
<pin_list>
<pin id="23" dir="1" index="0" bw="1" slack="0"/>
</pin_list>
<bind>
<StgValue><ssdm name="_ssdm_op_Read.ap_fifo.volatile.i129P0A"/></StgValue>
</bind>
</comp>

<comp id="24" class="1001" name="const_24">
<pin_list>
<pin id="25" dir="1" index="0" bw="1" slack="0"/>
</pin_list>
<bind>
<StgValue><ssdm name="_ssdm_op_BitSelect.i1.i129.i32"/></StgValue>
</bind>
</comp>

<comp id="26" class="1001" name="const_26">
<pin_list>
<pin id="27" dir="1" index="0" bw="1" slack="0"/>
</pin_list>
<bind>
<StgValue><ssdm name=""/></StgValue>
</bind>
</comp>

<comp id="28" class="1001" name="const_28">
<pin_list>
<pin id="29" dir="1" index="0" bw="1" slack="0"/>
</pin_list>
<bind>
<StgValue><ssdm name="_ssdm_op_PartSelect.i16.i129.i32.i32"/></StgValue>
</bind>
</comp>

<comp id="30" class="1001" name="const_30">
<pin_list>
<pin id="31" dir="1" index="0" bw="1" slack="0"/>
</pin_list>
<bind>
<StgValue><ssdm name=""/></StgValue>
</bind>
</comp>

<comp id="32" class="1001" name="const_32">
<pin_list>
<pin id="33" dir="1" index="0" bw="1" slack="0"/>
</pin_list>
<bind>
<StgValue><ssdm name=""/></StgValue>
</bind>
</comp>

<comp id="34" class="1001" name="const_34">
<pin_list>
<pin id="35" dir="1" index="0" bw="1" slack="0"/>
</pin_list>
<bind>
<StgValue><ssdm name=""/></StgValue>
</bind>
</comp>

<comp id="36" class="1001" name="const_36">
<pin_list>
<pin id="37" dir="1" index="0" bw="1" slack="0"/>
</pin_list>
<bind>
<StgValue><ssdm name=""/></StgValue>
</bind>
</comp>

<comp id="38" class="1001" name="const_38">
<pin_list>
<pin id="39" dir="1" index="0" bw="1" slack="0"/>
</pin_list>
<bind>
<StgValue><ssdm name=""/></StgValue>
</bind>
</comp>

<comp id="40" class="1001" name="const_40">
<pin_list>
<pin id="41" dir="1" index="0" bw="1" slack="0"/>
</pin_list>
<bind>
<StgValue><ssdm name=""/></StgValue>
</bind>
</comp>

<comp id="42" class="1001" name="const_42">
<pin_list>
<pin id="43" dir="1" index="0" bw="1" slack="0"/>
</pin_list>
<bind>
<StgValue><ssdm name=""/></StgValue>
</bind>
</comp>

<comp id="44" class="1001" name="const_44">
<pin_list>
<pin id="45" dir="1" index="0" bw="1" slack="0"/>
</pin_list>
<bind>
<StgValue><ssdm name=""/></StgValue>
</bind>
</comp>

<comp id="46" class="1001" name="const_46">
<pin_list>
<pin id="47" dir="1" index="0" bw="1" slack="0"/>
</pin_list>
<bind>
<StgValue><ssdm name=""/></StgValue>
</bind>
</comp>

<comp id="48" class="1001" name="const_48">
<pin_list>
<pin id="49" dir="1" index="0" bw="1" slack="0"/>
</pin_list>
<bind>
<StgValue><ssdm name=""/></StgValue>
</bind>
</comp>

<comp id="50" class="1001" name="const_50">
<pin_list>
<pin id="51" dir="1" index="0" bw="1" slack="0"/>
</pin_list>
<bind>
<StgValue><ssdm name=""/></StgValue>
</bind>
</comp>

<comp id="52" class="1001" name="const_52">
<pin_list>
<pin id="53" dir="1" index="0" bw="1" slack="0"/>
</pin_list>
<bind>
<StgValue><ssdm name=""/></StgValue>
</bind>
</comp>

<comp id="54" class="1001" name="const_54">
<pin_list>
<pin id="55" dir="1" index="0" bw="1" slack="0"/>
</pin_list>
<bind>
<StgValue><ssdm name=""/></StgValue>
</bind>
</comp>

<comp id="56" class="1001" name="const_56">
<pin_list>
<pin id="57" dir="1" index="0" bw="1" slack="0"/>
</pin_list>
<bind>
<StgValue><ssdm name=""/></StgValue>
</bind>
</comp>

<comp id="58" class="1001" name="const_58">
<pin_list>
<pin id="59" dir="1" index="0" bw="1" slack="0"/>
</pin_list>
<bind>
<StgValue><ssdm name=""/></StgValue>
</bind>
</comp>

<comp id="60" class="1001" name="const_60">
<pin_list>
<pin id="61" dir="1" index="0" bw="1" slack="2147483647"/>
</pin_list>
<bind>
<StgValue><ssdm name="_ssdm_op_SpecPipeline"/></StgValue>
</bind>
</comp>

<comp id="62" class="1001" name="const_62">
<pin_list>
<pin id="63" dir="1" index="0" bw="1" slack="2147483647"/>
</pin_list>
<bind>
<StgValue><ssdm name="_ssdm_op_SpecLoopTripCount"/></StgValue>
</bind>
</comp>

<comp id="64" class="1001" name="const_64">
<pin_list>
<pin id="65" dir="1" index="0" bw="1" slack="2147483647"/>
</pin_list>
<bind>
<StgValue><ssdm name=""/></StgValue>
</bind>
</comp>

<comp id="66" class="1001" name="const_66">
<pin_list>
<pin id="67" dir="1" index="0" bw="1" slack="2147483647"/>
</pin_list>
<bind>
<StgValue><ssdm name="_ssdm_op_SpecLoopName"/></StgValue>
</bind>
</comp>

<comp id="68" class="1001" name="const_68">
<pin_list>
<pin id="69" dir="1" index="0" bw="1" slack="2147483647"/>
</pin_list>
<bind>
<StgValue><ssdm name="empty_2"/></StgValue>
</bind>
</comp>

<comp id="70" class="1001" name="const_70">
<pin_list>
<pin id="71" dir="1" index="0" bw="1" slack="0"/>
</pin_list>
<bind>
<StgValue><ssdm name="_ssdm_op_PartSelect.i16.i17.i32.i32"/></StgValue>
</bind>
</comp>

<comp id="72" class="1001" name="const_72">
<pin_list>
<pin id="73" dir="1" index="0" bw="1" slack="0"/>
</pin_list>
<bind>
<StgValue><ssdm name="_ssdm_op_BitConcatenate.i129.i1.i16.i16.i16.i16.i16.i16.i16.i16"/></StgValue>
</bind>
</comp>

<comp id="74" class="1001" name="const_74">
<pin_list>
<pin id="75" dir="1" index="0" bw="1" slack="0"/>
</pin_list>
<bind>
<StgValue><ssdm name="_ssdm_op_Write.ap_fifo.volatile.i129P0A"/></StgValue>
</bind>
</comp>

<comp id="76" class="1004" name="cyc_fu_76">
<pin_list>
<pin id="77" dir="0" index="0" bw="1" slack="0"/>
<pin id="78" dir="1" index="1" bw="9" slack="0"/>
</pin_list>
<bind>
<opcode="alloca(26) " fcode="alloca"/>
<opset="cyc/1 "/>
</bind>
</comp>

<comp id="80" class="1004" name="s8_read_read_fu_80">
<pin_list>
<pin id="81" dir="0" index="0" bw="129" slack="0"/>
<pin id="82" dir="0" index="1" bw="129" slack="0"/>
<pin id="83" dir="1" index="2" bw="129" slack="0"/>
</pin_list>
<bind>
<opcode="read(1150) " fcode="read"/>
<opset="s8_read/2 "/>
</bind>
</comp>

<comp id="86" class="1004" name="write_ln231_write_fu_86">
<pin_list>
<pin id="87" dir="0" index="0" bw="0" slack="0"/>
<pin id="88" dir="0" index="1" bw="129" slack="0"/>
<pin id="89" dir="0" index="2" bw="129" slack="0"/>
<pin id="90" dir="1" index="3" bw="0" slack="2147483647"/>
</pin_list>
<bind>
<opcode="write(1151) " fcode="write"/>
<opset="write_ln231/3 "/>
</bind>
</comp>

<comp id="93" class="1004" name="store_ln168_store_fu_93">
<pin_list>
<pin id="94" dir="0" index="0" bw="1" slack="0"/>
<pin id="95" dir="0" index="1" bw="9" slack="0"/>
<pin id="96" dir="1" index="2" bw="0" slack="2147483647"/>
</pin_list>
<bind>
<opcode="store(28) " fcode="store"/>
<opset="store_ln168/1 "/>
</bind>
</comp>

<comp id="98" class="1004" name="cyc_14_load_fu_98">
<pin_list>
<pin id="99" dir="0" index="0" bw="9" slack="0"/>
<pin id="100" dir="1" index="1" bw="9" slack="0"/>
</pin_list>
<bind>
<opcode="load(27) " fcode="load"/>
<opset="cyc_14/1 "/>
</bind>
</comp>

<comp id="101" class="1004" name="icmp_ln168_fu_101">
<pin_list>
<pin id="102" dir="0" index="0" bw="9" slack="0"/>
<pin id="103" dir="0" index="1" bw="9" slack="0"/>
<pin id="104" dir="1" index="2" bw="1" slack="1"/>
</pin_list>
<bind>
<opcode="icmp(45) " fcode="icmp"/>
<opset="icmp_ln168/1 "/>
</bind>
</comp>

<comp id="107" class="1004" name="cyc_15_fu_107">
<pin_list>
<pin id="108" dir="0" index="0" bw="9" slack="0"/>
<pin id="109" dir="0" index="1" bw="1" slack="0"/>
<pin id="110" dir="1" index="2" bw="9" slack="0"/>
</pin_list>
<bind>
<opcode="add(8) " fcode="add"/>
<opset="cyc_15/1 "/>
</bind>
</comp>

<comp id="113" class="1004" name="store_ln168_store_fu_113">
<pin_list>
<pin id="114" dir="0" index="0" bw="9" slack="0"/>
<pin id="115" dir="0" index="1" bw="9" slack="0"/>
<pin id="116" dir="1" index="2" bw="0" slack="2147483647"/>
</pin_list>
<bind>
<opcode="store(28) " fcode="store"/>
<opset="store_ln168/1 "/>
</bind>
</comp>

<comp id="118" class="1004" name="tmp_fu_118">
<pin_list>
<pin id="119" dir="0" index="0" bw="1" slack="0"/>
<pin id="120" dir="0" index="1" bw="129" slack="0"/>
<pin id="121" dir="0" index="2" bw="9" slack="0"/>
<pin id="122" dir="1" index="3" bw="1" slack="1"/>
</pin_list>
<bind>
<opcode="bitselect(1000) " fcode="bitselect"/>
<opset="tmp/2 "/>
</bind>
</comp>

<comp id="126" class="1004" name="in_re_fu_126">
<pin_list>
<pin id="127" dir="0" index="0" bw="129" slack="0"/>
<pin id="128" dir="1" index="1" bw="16" slack="0"/>
</pin_list>
<bind>
<opcode="trunc(33) " fcode="trunc"/>
<opset="in_re/2 "/>
</bind>
</comp>

<comp id="130" class="1004" name="sext_ln206_fu_130">
<pin_list>
<pin id="131" dir="0" index="0" bw="16" slack="0"/>
<pin id="132" dir="1" index="1" bw="17" slack="0"/>
</pin_list>
<bind>
<opcode="sext(35) " fcode="sext"/>
<opset="sext_ln206/2 "/>
</bind>
</comp>

<comp id="134" class="1004" name="in_im_fu_134">
<pin_list>
<pin id="135" dir="0" index="0" bw="16" slack="0"/>
<pin id="136" dir="0" index="1" bw="129" slack="0"/>
<pin id="137" dir="0" index="2" bw="6" slack="0"/>
<pin id="138" dir="0" index="3" bw="6" slack="0"/>
<pin id="139" dir="1" index="4" bw="16" slack="0"/>
</pin_list>
<bind>
<opcode="partselect(1002) " fcode="partselect"/>
<opset="in_im/2 "/>
</bind>
</comp>

<comp id="144" class="1004" name="sext_ln207_fu_144">
<pin_list>
<pin id="145" dir="0" index="0" bw="16" slack="0"/>
<pin id="146" dir="1" index="1" bw="17" slack="0"/>
</pin_list>
<bind>
<opcode="sext(35) " fcode="sext"/>
<opset="sext_ln207/2 "/>
</bind>
</comp>

<comp id="148" class="1004" name="in_re_20_fu_148">
<pin_list>
<pin id="149" dir="0" index="0" bw="16" slack="0"/>
<pin id="150" dir="0" index="1" bw="129" slack="0"/>
<pin id="151" dir="0" index="2" bw="7" slack="0"/>
<pin id="152" dir="0" index="3" bw="7" slack="0"/>
<pin id="153" dir="1" index="4" bw="16" slack="0"/>
</pin_list>
<bind>
<opcode="partselect(1002) " fcode="partselect"/>
<opset="in_re_20/2 "/>
</bind>
</comp>

<comp id="158" class="1004" name="sext_ln206_1_fu_158">
<pin_list>
<pin id="159" dir="0" index="0" bw="16" slack="0"/>
<pin id="160" dir="1" index="1" bw="17" slack="0"/>
</pin_list>
<bind>
<opcode="sext(35) " fcode="sext"/>
<opset="sext_ln206_1/2 "/>
</bind>
</comp>

<comp id="162" class="1004" name="diff_re_A_fu_162">
<pin_list>
<pin id="163" dir="0" index="0" bw="16" slack="0"/>
<pin id="164" dir="0" index="1" bw="16" slack="0"/>
<pin id="165" dir="1" index="2" bw="17" slack="0"/>
</pin_list>
<bind>
<opcode="sub(10) " fcode="sub"/>
<opset="diff_re_A/2 "/>
</bind>
</comp>

<comp id="168" class="1004" name="trunc_ln206_fu_168">
<pin_list>
<pin id="169" dir="0" index="0" bw="17" slack="0"/>
<pin id="170" dir="1" index="1" bw="2" slack="0"/>
</pin_list>
<bind>
<opcode="trunc(33) " fcode="trunc"/>
<opset="trunc_ln206/2 "/>
</bind>
</comp>

<comp id="172" class="1004" name="sum_re_A_fu_172">
<pin_list>
<pin id="173" dir="0" index="0" bw="16" slack="0"/>
<pin id="174" dir="0" index="1" bw="16" slack="0"/>
<pin id="175" dir="1" index="2" bw="17" slack="0"/>
</pin_list>
<bind>
<opcode="add(8) " fcode="add"/>
<opset="sum_re_A/2 "/>
</bind>
</comp>

<comp id="178" class="1004" name="trunc_ln204_fu_178">
<pin_list>
<pin id="179" dir="0" index="0" bw="17" slack="0"/>
<pin id="180" dir="1" index="1" bw="2" slack="0"/>
</pin_list>
<bind>
<opcode="trunc(33) " fcode="trunc"/>
<opset="trunc_ln204/2 "/>
</bind>
</comp>

<comp id="182" class="1004" name="in_im_17_fu_182">
<pin_list>
<pin id="183" dir="0" index="0" bw="16" slack="0"/>
<pin id="184" dir="0" index="1" bw="129" slack="0"/>
<pin id="185" dir="0" index="2" bw="7" slack="0"/>
<pin id="186" dir="0" index="3" bw="7" slack="0"/>
<pin id="187" dir="1" index="4" bw="16" slack="0"/>
</pin_list>
<bind>
<opcode="partselect(1002) " fcode="partselect"/>
<opset="in_im_17/2 "/>
</bind>
</comp>

<comp id="192" class="1004" name="sext_ln207_1_fu_192">
<pin_list>
<pin id="193" dir="0" index="0" bw="16" slack="0"/>
<pin id="194" dir="1" index="1" bw="17" slack="0"/>
</pin_list>
<bind>
<opcode="sext(35) " fcode="sext"/>
<opset="sext_ln207_1/2 "/>
</bind>
</comp>

<comp id="196" class="1004" name="diff_im_A_fu_196">
<pin_list>
<pin id="197" dir="0" index="0" bw="16" slack="0"/>
<pin id="198" dir="0" index="1" bw="16" slack="0"/>
<pin id="199" dir="1" index="2" bw="17" slack="0"/>
</pin_list>
<bind>
<opcode="sub(10) " fcode="sub"/>
<opset="diff_im_A/2 "/>
</bind>
</comp>

<comp id="202" class="1004" name="trunc_ln207_fu_202">
<pin_list>
<pin id="203" dir="0" index="0" bw="17" slack="0"/>
<pin id="204" dir="1" index="1" bw="2" slack="0"/>
</pin_list>
<bind>
<opcode="trunc(33) " fcode="trunc"/>
<opset="trunc_ln207/2 "/>
</bind>
</comp>

<comp id="206" class="1004" name="sum_im_A_fu_206">
<pin_list>
<pin id="207" dir="0" index="0" bw="16" slack="0"/>
<pin id="208" dir="0" index="1" bw="16" slack="0"/>
<pin id="209" dir="1" index="2" bw="17" slack="0"/>
</pin_list>
<bind>
<opcode="add(8) " fcode="add"/>
<opset="sum_im_A/2 "/>
</bind>
</comp>

<comp id="212" class="1004" name="trunc_ln205_fu_212">
<pin_list>
<pin id="213" dir="0" index="0" bw="17" slack="0"/>
<pin id="214" dir="1" index="1" bw="2" slack="0"/>
</pin_list>
<bind>
<opcode="trunc(33) " fcode="trunc"/>
<opset="trunc_ln205/2 "/>
</bind>
</comp>

<comp id="216" class="1004" name="in_re_21_fu_216">
<pin_list>
<pin id="217" dir="0" index="0" bw="16" slack="0"/>
<pin id="218" dir="0" index="1" bw="129" slack="0"/>
<pin id="219" dir="0" index="2" bw="8" slack="0"/>
<pin id="220" dir="0" index="3" bw="8" slack="0"/>
<pin id="221" dir="1" index="4" bw="16" slack="0"/>
</pin_list>
<bind>
<opcode="partselect(1002) " fcode="partselect"/>
<opset="in_re_21/2 "/>
</bind>
</comp>

<comp id="226" class="1004" name="sext_ln211_fu_226">
<pin_list>
<pin id="227" dir="0" index="0" bw="16" slack="0"/>
<pin id="228" dir="1" index="1" bw="17" slack="0"/>
</pin_list>
<bind>
<opcode="sext(35) " fcode="sext"/>
<opset="sext_ln211/2 "/>
</bind>
</comp>

<comp id="230" class="1004" name="in_im_18_fu_230">
<pin_list>
<pin id="231" dir="0" index="0" bw="16" slack="0"/>
<pin id="232" dir="0" index="1" bw="129" slack="0"/>
<pin id="233" dir="0" index="2" bw="8" slack="0"/>
<pin id="234" dir="0" index="3" bw="8" slack="0"/>
<pin id="235" dir="1" index="4" bw="16" slack="0"/>
</pin_list>
<bind>
<opcode="partselect(1002) " fcode="partselect"/>
<opset="in_im_18/2 "/>
</bind>
</comp>

<comp id="240" class="1004" name="sext_ln212_fu_240">
<pin_list>
<pin id="241" dir="0" index="0" bw="16" slack="0"/>
<pin id="242" dir="1" index="1" bw="17" slack="0"/>
</pin_list>
<bind>
<opcode="sext(35) " fcode="sext"/>
<opset="sext_ln212/2 "/>
</bind>
</comp>

<comp id="244" class="1004" name="in_re_22_fu_244">
<pin_list>
<pin id="245" dir="0" index="0" bw="16" slack="0"/>
<pin id="246" dir="0" index="1" bw="129" slack="0"/>
<pin id="247" dir="0" index="2" bw="8" slack="0"/>
<pin id="248" dir="0" index="3" bw="8" slack="0"/>
<pin id="249" dir="1" index="4" bw="16" slack="0"/>
</pin_list>
<bind>
<opcode="partselect(1002) " fcode="partselect"/>
<opset="in_re_22/2 "/>
</bind>
</comp>

<comp id="254" class="1004" name="sext_ln211_1_fu_254">
<pin_list>
<pin id="255" dir="0" index="0" bw="16" slack="0"/>
<pin id="256" dir="1" index="1" bw="17" slack="0"/>
</pin_list>
<bind>
<opcode="sext(35) " fcode="sext"/>
<opset="sext_ln211_1/2 "/>
</bind>
</comp>

<comp id="258" class="1004" name="diff_re_B_fu_258">
<pin_list>
<pin id="259" dir="0" index="0" bw="16" slack="0"/>
<pin id="260" dir="0" index="1" bw="16" slack="0"/>
<pin id="261" dir="1" index="2" bw="17" slack="0"/>
</pin_list>
<bind>
<opcode="sub(10) " fcode="sub"/>
<opset="diff_re_B/2 "/>
</bind>
</comp>

<comp id="264" class="1004" name="trunc_ln211_fu_264">
<pin_list>
<pin id="265" dir="0" index="0" bw="17" slack="0"/>
<pin id="266" dir="1" index="1" bw="2" slack="0"/>
</pin_list>
<bind>
<opcode="trunc(33) " fcode="trunc"/>
<opset="trunc_ln211/2 "/>
</bind>
</comp>

<comp id="268" class="1004" name="sum_re_B_fu_268">
<pin_list>
<pin id="269" dir="0" index="0" bw="16" slack="0"/>
<pin id="270" dir="0" index="1" bw="16" slack="0"/>
<pin id="271" dir="1" index="2" bw="17" slack="0"/>
</pin_list>
<bind>
<opcode="add(8) " fcode="add"/>
<opset="sum_re_B/2 "/>
</bind>
</comp>

<comp id="274" class="1004" name="trunc_ln209_fu_274">
<pin_list>
<pin id="275" dir="0" index="0" bw="17" slack="0"/>
<pin id="276" dir="1" index="1" bw="2" slack="0"/>
</pin_list>
<bind>
<opcode="trunc(33) " fcode="trunc"/>
<opset="trunc_ln209/2 "/>
</bind>
</comp>

<comp id="278" class="1004" name="in_im_19_fu_278">
<pin_list>
<pin id="279" dir="0" index="0" bw="16" slack="0"/>
<pin id="280" dir="0" index="1" bw="129" slack="0"/>
<pin id="281" dir="0" index="2" bw="8" slack="0"/>
<pin id="282" dir="0" index="3" bw="8" slack="0"/>
<pin id="283" dir="1" index="4" bw="16" slack="0"/>
</pin_list>
<bind>
<opcode="partselect(1002) " fcode="partselect"/>
<opset="in_im_19/2 "/>
</bind>
</comp>

<comp id="288" class="1004" name="sext_ln212_1_fu_288">
<pin_list>
<pin id="289" dir="0" index="0" bw="16" slack="0"/>
<pin id="290" dir="1" index="1" bw="17" slack="0"/>
</pin_list>
<bind>
<opcode="sext(35) " fcode="sext"/>
<opset="sext_ln212_1/2 "/>
</bind>
</comp>

<comp id="292" class="1004" name="diff_im_B_fu_292">
<pin_list>
<pin id="293" dir="0" index="0" bw="16" slack="0"/>
<pin id="294" dir="0" index="1" bw="16" slack="0"/>
<pin id="295" dir="1" index="2" bw="17" slack="0"/>
</pin_list>
<bind>
<opcode="sub(10) " fcode="sub"/>
<opset="diff_im_B/2 "/>
</bind>
</comp>

<comp id="298" class="1004" name="trunc_ln212_fu_298">
<pin_list>
<pin id="299" dir="0" index="0" bw="17" slack="0"/>
<pin id="300" dir="1" index="1" bw="2" slack="0"/>
</pin_list>
<bind>
<opcode="trunc(33) " fcode="trunc"/>
<opset="trunc_ln212/2 "/>
</bind>
</comp>

<comp id="302" class="1004" name="sum_im_B_fu_302">
<pin_list>
<pin id="303" dir="0" index="0" bw="16" slack="0"/>
<pin id="304" dir="0" index="1" bw="16" slack="0"/>
<pin id="305" dir="1" index="2" bw="17" slack="0"/>
</pin_list>
<bind>
<opcode="add(8) " fcode="add"/>
<opset="sum_im_B/2 "/>
</bind>
</comp>

<comp id="308" class="1004" name="trunc_ln210_fu_308">
<pin_list>
<pin id="309" dir="0" index="0" bw="17" slack="0"/>
<pin id="310" dir="1" index="1" bw="2" slack="0"/>
</pin_list>
<bind>
<opcode="trunc(33) " fcode="trunc"/>
<opset="trunc_ln210/2 "/>
</bind>
</comp>

<comp id="312" class="1004" name="icmp_ln53_fu_312">
<pin_list>
<pin id="313" dir="0" index="0" bw="2" slack="0"/>
<pin id="314" dir="0" index="1" bw="1" slack="0"/>
<pin id="315" dir="1" index="2" bw="1" slack="1"/>
</pin_list>
<bind>
<opcode="icmp(45) " fcode="icmp"/>
<opset="icmp_ln53/2 "/>
</bind>
</comp>

<comp id="318" class="1004" name="icmp_ln53_63_fu_318">
<pin_list>
<pin id="319" dir="0" index="0" bw="2" slack="0"/>
<pin id="320" dir="0" index="1" bw="1" slack="0"/>
<pin id="321" dir="1" index="2" bw="1" slack="1"/>
</pin_list>
<bind>
<opcode="icmp(45) " fcode="icmp"/>
<opset="icmp_ln53_63/2 "/>
</bind>
</comp>

<comp id="324" class="1004" name="icmp_ln53_64_fu_324">
<pin_list>
<pin id="325" dir="0" index="0" bw="2" slack="0"/>
<pin id="326" dir="0" index="1" bw="1" slack="0"/>
<pin id="327" dir="1" index="2" bw="1" slack="1"/>
</pin_list>
<bind>
<opcode="icmp(45) " fcode="icmp"/>
<opset="icmp_ln53_64/2 "/>
</bind>
</comp>

<comp id="330" class="1004" name="icmp_ln53_65_fu_330">
<pin_list>
<pin id="331" dir="0" index="0" bw="2" slack="0"/>
<pin id="332" dir="0" index="1" bw="1" slack="0"/>
<pin id="333" dir="1" index="2" bw="1" slack="1"/>
</pin_list>
<bind>
<opcode="icmp(45) " fcode="icmp"/>
<opset="icmp_ln53_65/2 "/>
</bind>
</comp>

<comp id="336" class="1004" name="icmp_ln53_66_fu_336">
<pin_list>
<pin id="337" dir="0" index="0" bw="2" slack="0"/>
<pin id="338" dir="0" index="1" bw="1" slack="0"/>
<pin id="339" dir="1" index="2" bw="1" slack="1"/>
</pin_list>
<bind>
<opcode="icmp(45) " fcode="icmp"/>
<opset="icmp_ln53_66/2 "/>
</bind>
</comp>

<comp id="342" class="1004" name="icmp_ln53_67_fu_342">
<pin_list>
<pin id="343" dir="0" index="0" bw="2" slack="0"/>
<pin id="344" dir="0" index="1" bw="1" slack="0"/>
<pin id="345" dir="1" index="2" bw="1" slack="1"/>
</pin_list>
<bind>
<opcode="icmp(45) " fcode="icmp"/>
<opset="icmp_ln53_67/2 "/>
</bind>
</comp>

<comp id="348" class="1004" name="icmp_ln53_68_fu_348">
<pin_list>
<pin id="349" dir="0" index="0" bw="2" slack="0"/>
<pin id="350" dir="0" index="1" bw="1" slack="0"/>
<pin id="351" dir="1" index="2" bw="1" slack="1"/>
</pin_list>
<bind>
<opcode="icmp(45) " fcode="icmp"/>
<opset="icmp_ln53_68/2 "/>
</bind>
</comp>

<comp id="354" class="1004" name="icmp_ln53_69_fu_354">
<pin_list>
<pin id="355" dir="0" index="0" bw="2" slack="0"/>
<pin id="356" dir="0" index="1" bw="1" slack="0"/>
<pin id="357" dir="1" index="2" bw="1" slack="1"/>
</pin_list>
<bind>
<opcode="icmp(45) " fcode="icmp"/>
<opset="icmp_ln53_69/2 "/>
</bind>
</comp>

<comp id="360" class="1004" name="zext_ln53_fu_360">
<pin_list>
<pin id="361" dir="0" index="0" bw="1" slack="1"/>
<pin id="362" dir="1" index="1" bw="17" slack="0"/>
</pin_list>
<bind>
<opcode="zext(34) " fcode="zext"/>
<opset="zext_ln53/3 "/>
</bind>
</comp>

<comp id="363" class="1004" name="add_ln53_fu_363">
<pin_list>
<pin id="364" dir="0" index="0" bw="17" slack="1"/>
<pin id="365" dir="0" index="1" bw="1" slack="0"/>
<pin id="366" dir="1" index="2" bw="17" slack="0"/>
</pin_list>
<bind>
<opcode="add(8) " fcode="add"/>
<opset="add_ln53/3 "/>
</bind>
</comp>

<comp id="368" class="1004" name="scaled_re_fu_368">
<pin_list>
<pin id="369" dir="0" index="0" bw="16" slack="0"/>
<pin id="370" dir="0" index="1" bw="17" slack="0"/>
<pin id="371" dir="0" index="2" bw="1" slack="0"/>
<pin id="372" dir="0" index="3" bw="6" slack="0"/>
<pin id="373" dir="1" index="4" bw="16" slack="0"/>
</pin_list>
<bind>
<opcode="partselect(1002) " fcode="partselect"/>
<opset="scaled_re/3 "/>
</bind>
</comp>

<comp id="378" class="1004" name="zext_ln53_121_fu_378">
<pin_list>
<pin id="379" dir="0" index="0" bw="1" slack="1"/>
<pin id="380" dir="1" index="1" bw="17" slack="0"/>
</pin_list>
<bind>
<opcode="zext(34) " fcode="zext"/>
<opset="zext_ln53_121/3 "/>
</bind>
</comp>

<comp id="381" class="1004" name="add_ln53_63_fu_381">
<pin_list>
<pin id="382" dir="0" index="0" bw="17" slack="1"/>
<pin id="383" dir="0" index="1" bw="1" slack="0"/>
<pin id="384" dir="1" index="2" bw="17" slack="0"/>
</pin_list>
<bind>
<opcode="add(8) " fcode="add"/>
<opset="add_ln53_63/3 "/>
</bind>
</comp>

<comp id="386" class="1004" name="scaled_im_fu_386">
<pin_list>
<pin id="387" dir="0" index="0" bw="16" slack="0"/>
<pin id="388" dir="0" index="1" bw="17" slack="0"/>
<pin id="389" dir="0" index="2" bw="1" slack="0"/>
<pin id="390" dir="0" index="3" bw="6" slack="0"/>
<pin id="391" dir="1" index="4" bw="16" slack="0"/>
</pin_list>
<bind>
<opcode="partselect(1002) " fcode="partselect"/>
<opset="scaled_im/3 "/>
</bind>
</comp>

<comp id="396" class="1004" name="zext_ln53_122_fu_396">
<pin_list>
<pin id="397" dir="0" index="0" bw="1" slack="1"/>
<pin id="398" dir="1" index="1" bw="17" slack="0"/>
</pin_list>
<bind>
<opcode="zext(34) " fcode="zext"/>
<opset="zext_ln53_122/3 "/>
</bind>
</comp>

<comp id="399" class="1004" name="add_ln53_64_fu_399">
<pin_list>
<pin id="400" dir="0" index="0" bw="17" slack="1"/>
<pin id="401" dir="0" index="1" bw="1" slack="0"/>
<pin id="402" dir="1" index="2" bw="17" slack="0"/>
</pin_list>
<bind>
<opcode="add(8) " fcode="add"/>
<opset="add_ln53_64/3 "/>
</bind>
</comp>

<comp id="404" class="1004" name="scaled_re_1_fu_404">
<pin_list>
<pin id="405" dir="0" index="0" bw="16" slack="0"/>
<pin id="406" dir="0" index="1" bw="17" slack="0"/>
<pin id="407" dir="0" index="2" bw="1" slack="0"/>
<pin id="408" dir="0" index="3" bw="6" slack="0"/>
<pin id="409" dir="1" index="4" bw="16" slack="0"/>
</pin_list>
<bind>
<opcode="partselect(1002) " fcode="partselect"/>
<opset="scaled_re_1/3 "/>
</bind>
</comp>

<comp id="414" class="1004" name="zext_ln53_123_fu_414">
<pin_list>
<pin id="415" dir="0" index="0" bw="1" slack="1"/>
<pin id="416" dir="1" index="1" bw="17" slack="0"/>
</pin_list>
<bind>
<opcode="zext(34) " fcode="zext"/>
<opset="zext_ln53_123/3 "/>
</bind>
</comp>

<comp id="417" class="1004" name="add_ln53_65_fu_417">
<pin_list>
<pin id="418" dir="0" index="0" bw="17" slack="1"/>
<pin id="419" dir="0" index="1" bw="1" slack="0"/>
<pin id="420" dir="1" index="2" bw="17" slack="0"/>
</pin_list>
<bind>
<opcode="add(8) " fcode="add"/>
<opset="add_ln53_65/3 "/>
</bind>
</comp>

<comp id="422" class="1004" name="scaled_im_1_fu_422">
<pin_list>
<pin id="423" dir="0" index="0" bw="16" slack="0"/>
<pin id="424" dir="0" index="1" bw="17" slack="0"/>
<pin id="425" dir="0" index="2" bw="1" slack="0"/>
<pin id="426" dir="0" index="3" bw="6" slack="0"/>
<pin id="427" dir="1" index="4" bw="16" slack="0"/>
</pin_list>
<bind>
<opcode="partselect(1002) " fcode="partselect"/>
<opset="scaled_im_1/3 "/>
</bind>
</comp>

<comp id="432" class="1004" name="zext_ln53_124_fu_432">
<pin_list>
<pin id="433" dir="0" index="0" bw="1" slack="1"/>
<pin id="434" dir="1" index="1" bw="17" slack="0"/>
</pin_list>
<bind>
<opcode="zext(34) " fcode="zext"/>
<opset="zext_ln53_124/3 "/>
</bind>
</comp>

<comp id="435" class="1004" name="add_ln53_66_fu_435">
<pin_list>
<pin id="436" dir="0" index="0" bw="17" slack="1"/>
<pin id="437" dir="0" index="1" bw="1" slack="0"/>
<pin id="438" dir="1" index="2" bw="17" slack="0"/>
</pin_list>
<bind>
<opcode="add(8) " fcode="add"/>
<opset="add_ln53_66/3 "/>
</bind>
</comp>

<comp id="440" class="1004" name="scaled_re_2_fu_440">
<pin_list>
<pin id="441" dir="0" index="0" bw="16" slack="0"/>
<pin id="442" dir="0" index="1" bw="17" slack="0"/>
<pin id="443" dir="0" index="2" bw="1" slack="0"/>
<pin id="444" dir="0" index="3" bw="6" slack="0"/>
<pin id="445" dir="1" index="4" bw="16" slack="0"/>
</pin_list>
<bind>
<opcode="partselect(1002) " fcode="partselect"/>
<opset="scaled_re_2/3 "/>
</bind>
</comp>

<comp id="450" class="1004" name="zext_ln53_125_fu_450">
<pin_list>
<pin id="451" dir="0" index="0" bw="1" slack="1"/>
<pin id="452" dir="1" index="1" bw="17" slack="0"/>
</pin_list>
<bind>
<opcode="zext(34) " fcode="zext"/>
<opset="zext_ln53_125/3 "/>
</bind>
</comp>

<comp id="453" class="1004" name="add_ln53_67_fu_453">
<pin_list>
<pin id="454" dir="0" index="0" bw="17" slack="1"/>
<pin id="455" dir="0" index="1" bw="1" slack="0"/>
<pin id="456" dir="1" index="2" bw="17" slack="0"/>
</pin_list>
<bind>
<opcode="add(8) " fcode="add"/>
<opset="add_ln53_67/3 "/>
</bind>
</comp>

<comp id="458" class="1004" name="scaled_im_2_fu_458">
<pin_list>
<pin id="459" dir="0" index="0" bw="16" slack="0"/>
<pin id="460" dir="0" index="1" bw="17" slack="0"/>
<pin id="461" dir="0" index="2" bw="1" slack="0"/>
<pin id="462" dir="0" index="3" bw="6" slack="0"/>
<pin id="463" dir="1" index="4" bw="16" slack="0"/>
</pin_list>
<bind>
<opcode="partselect(1002) " fcode="partselect"/>
<opset="scaled_im_2/3 "/>
</bind>
</comp>

<comp id="468" class="1004" name="zext_ln53_126_fu_468">
<pin_list>
<pin id="469" dir="0" index="0" bw="1" slack="1"/>
<pin id="470" dir="1" index="1" bw="17" slack="0"/>
</pin_list>
<bind>
<opcode="zext(34) " fcode="zext"/>
<opset="zext_ln53_126/3 "/>
</bind>
</comp>

<comp id="471" class="1004" name="add_ln53_68_fu_471">
<pin_list>
<pin id="472" dir="0" index="0" bw="17" slack="1"/>
<pin id="473" dir="0" index="1" bw="1" slack="0"/>
<pin id="474" dir="1" index="2" bw="17" slack="0"/>
</pin_list>
<bind>
<opcode="add(8) " fcode="add"/>
<opset="add_ln53_68/3 "/>
</bind>
</comp>

<comp id="476" class="1004" name="scaled_re_3_fu_476">
<pin_list>
<pin id="477" dir="0" index="0" bw="16" slack="0"/>
<pin id="478" dir="0" index="1" bw="17" slack="0"/>
<pin id="479" dir="0" index="2" bw="1" slack="0"/>
<pin id="480" dir="0" index="3" bw="6" slack="0"/>
<pin id="481" dir="1" index="4" bw="16" slack="0"/>
</pin_list>
<bind>
<opcode="partselect(1002) " fcode="partselect"/>
<opset="scaled_re_3/3 "/>
</bind>
</comp>

<comp id="486" class="1004" name="zext_ln53_127_fu_486">
<pin_list>
<pin id="487" dir="0" index="0" bw="1" slack="1"/>
<pin id="488" dir="1" index="1" bw="17" slack="0"/>
</pin_list>
<bind>
<opcode="zext(34) " fcode="zext"/>
<opset="zext_ln53_127/3 "/>
</bind>
</comp>

<comp id="489" class="1004" name="add_ln53_69_fu_489">
<pin_list>
<pin id="490" dir="0" index="0" bw="17" slack="1"/>
<pin id="491" dir="0" index="1" bw="1" slack="0"/>
<pin id="492" dir="1" index="2" bw="17" slack="0"/>
</pin_list>
<bind>
<opcode="add(8) " fcode="add"/>
<opset="add_ln53_69/3 "/>
</bind>
</comp>

<comp id="494" class="1004" name="scaled_im_3_fu_494">
<pin_list>
<pin id="495" dir="0" index="0" bw="16" slack="0"/>
<pin id="496" dir="0" index="1" bw="17" slack="0"/>
<pin id="497" dir="0" index="2" bw="1" slack="0"/>
<pin id="498" dir="0" index="3" bw="6" slack="0"/>
<pin id="499" dir="1" index="4" bw="16" slack="0"/>
</pin_list>
<bind>
<opcode="partselect(1002) " fcode="partselect"/>
<opset="scaled_im_3/3 "/>
</bind>
</comp>

<comp id="504" class="1004" name="tmp_2_fu_504">
<pin_list>
<pin id="505" dir="0" index="0" bw="129" slack="0"/>
<pin id="506" dir="0" index="1" bw="1" slack="1"/>
<pin id="507" dir="0" index="2" bw="16" slack="0"/>
<pin id="508" dir="0" index="3" bw="16" slack="0"/>
<pin id="509" dir="0" index="4" bw="16" slack="0"/>
<pin id="510" dir="0" index="5" bw="16" slack="0"/>
<pin id="511" dir="0" index="6" bw="16" slack="0"/>
<pin id="512" dir="0" index="7" bw="16" slack="0"/>
<pin id="513" dir="0" index="8" bw="16" slack="0"/>
<pin id="514" dir="0" index="9" bw="16" slack="0"/>
<pin id="515" dir="1" index="10" bw="129" slack="0"/>
</pin_list>
<bind>
<opcode="bitconcatenate(1004) " fcode="bitconcatenate"/>
<opset="tmp_2/3 "/>
</bind>
</comp>

<comp id="526" class="1005" name="cyc_reg_526">
<pin_list>
<pin id="527" dir="0" index="0" bw="9" slack="0"/>
<pin id="528" dir="1" index="1" bw="9" slack="0"/>
</pin_list>
<bind>
<opset="cyc "/>
</bind>
</comp>

<comp id="533" class="1005" name="icmp_ln168_reg_533">
<pin_list>
<pin id="534" dir="0" index="0" bw="1" slack="1"/>
<pin id="535" dir="1" index="1" bw="1" slack="2147483647"/>
</pin_list>
<bind>
<opset="icmp_ln168 "/>
</bind>
</comp>

<comp id="537" class="1005" name="tmp_reg_537">
<pin_list>
<pin id="538" dir="0" index="0" bw="1" slack="1"/>
<pin id="539" dir="1" index="1" bw="1" slack="1"/>
</pin_list>
<bind>
<opset="tmp "/>
</bind>
</comp>

<comp id="542" class="1005" name="diff_re_A_reg_542">
<pin_list>
<pin id="543" dir="0" index="0" bw="17" slack="1"/>
<pin id="544" dir="1" index="1" bw="17" slack="1"/>
</pin_list>
<bind>
<opset="diff_re_A "/>
</bind>
</comp>

<comp id="547" class="1005" name="sum_re_A_reg_547">
<pin_list>
<pin id="548" dir="0" index="0" bw="17" slack="1"/>
<pin id="549" dir="1" index="1" bw="17" slack="1"/>
</pin_list>
<bind>
<opset="sum_re_A "/>
</bind>
</comp>

<comp id="552" class="1005" name="diff_im_A_reg_552">
<pin_list>
<pin id="553" dir="0" index="0" bw="17" slack="1"/>
<pin id="554" dir="1" index="1" bw="17" slack="1"/>
</pin_list>
<bind>
<opset="diff_im_A "/>
</bind>
</comp>

<comp id="557" class="1005" name="sum_im_A_reg_557">
<pin_list>
<pin id="558" dir="0" index="0" bw="17" slack="1"/>
<pin id="559" dir="1" index="1" bw="17" slack="1"/>
</pin_list>
<bind>
<opset="sum_im_A "/>
</bind>
</comp>

<comp id="562" class="1005" name="diff_re_B_reg_562">
<pin_list>
<pin id="563" dir="0" index="0" bw="17" slack="1"/>
<pin id="564" dir="1" index="1" bw="17" slack="1"/>
</pin_list>
<bind>
<opset="diff_re_B "/>
</bind>
</comp>

<comp id="567" class="1005" name="sum_re_B_reg_567">
<pin_list>
<pin id="568" dir="0" index="0" bw="17" slack="1"/>
<pin id="569" dir="1" index="1" bw="17" slack="1"/>
</pin_list>
<bind>
<opset="sum_re_B "/>
</bind>
</comp>

<comp id="572" class="1005" name="diff_im_B_reg_572">
<pin_list>
<pin id="573" dir="0" index="0" bw="17" slack="1"/>
<pin id="574" dir="1" index="1" bw="17" slack="1"/>
</pin_list>
<bind>
<opset="diff_im_B "/>
</bind>
</comp>

<comp id="577" class="1005" name="sum_im_B_reg_577">
<pin_list>
<pin id="578" dir="0" index="0" bw="17" slack="1"/>
<pin id="579" dir="1" index="1" bw="17" slack="1"/>
</pin_list>
<bind>
<opset="sum_im_B "/>
</bind>
</comp>

<comp id="582" class="1005" name="icmp_ln53_reg_582">
<pin_list>
<pin id="583" dir="0" index="0" bw="1" slack="1"/>
<pin id="584" dir="1" index="1" bw="1" slack="1"/>
</pin_list>
<bind>
<opset="icmp_ln53 "/>
</bind>
</comp>

<comp id="587" class="1005" name="icmp_ln53_63_reg_587">
<pin_list>
<pin id="588" dir="0" index="0" bw="1" slack="1"/>
<pin id="589" dir="1" index="1" bw="1" slack="1"/>
</pin_list>
<bind>
<opset="icmp_ln53_63 "/>
</bind>
</comp>

<comp id="592" class="1005" name="icmp_ln53_64_reg_592">
<pin_list>
<pin id="593" dir="0" index="0" bw="1" slack="1"/>
<pin id="594" dir="1" index="1" bw="1" slack="1"/>
</pin_list>
<bind>
<opset="icmp_ln53_64 "/>
</bind>
</comp>

<comp id="597" class="1005" name="icmp_ln53_65_reg_597">
<pin_list>
<pin id="598" dir="0" index="0" bw="1" slack="1"/>
<pin id="599" dir="1" index="1" bw="1" slack="1"/>
</pin_list>
<bind>
<opset="icmp_ln53_65 "/>
</bind>
</comp>

<comp id="602" class="1005" name="icmp_ln53_66_reg_602">
<pin_list>
<pin id="603" dir="0" index="0" bw="1" slack="1"/>
<pin id="604" dir="1" index="1" bw="1" slack="1"/>
</pin_list>
<bind>
<opset="icmp_ln53_66 "/>
</bind>
</comp>

<comp id="607" class="1005" name="icmp_ln53_67_reg_607">
<pin_list>
<pin id="608" dir="0" index="0" bw="1" slack="1"/>
<pin id="609" dir="1" index="1" bw="1" slack="1"/>
</pin_list>
<bind>
<opset="icmp_ln53_67 "/>
</bind>
</comp>

<comp id="612" class="1005" name="icmp_ln53_68_reg_612">
<pin_list>
<pin id="613" dir="0" index="0" bw="1" slack="1"/>
<pin id="614" dir="1" index="1" bw="1" slack="1"/>
</pin_list>
<bind>
<opset="icmp_ln53_68 "/>
</bind>
</comp>

<comp id="617" class="1005" name="icmp_ln53_69_reg_617">
<pin_list>
<pin id="618" dir="0" index="0" bw="1" slack="1"/>
<pin id="619" dir="1" index="1" bw="1" slack="1"/>
</pin_list>
<bind>
<opset="icmp_ln53_69 "/>
</bind>
</comp>

</comp_list>

<net_list>
<net id="79"><net_src comp="4" pin="0"/><net_sink comp="76" pin=0"/></net>

<net id="84"><net_src comp="22" pin="0"/><net_sink comp="80" pin=0"/></net>

<net id="85"><net_src comp="0" pin="0"/><net_sink comp="80" pin=1"/></net>

<net id="91"><net_src comp="74" pin="0"/><net_sink comp="86" pin=0"/></net>

<net id="92"><net_src comp="2" pin="0"/><net_sink comp="86" pin=1"/></net>

<net id="97"><net_src comp="16" pin="0"/><net_sink comp="93" pin=0"/></net>

<net id="105"><net_src comp="98" pin="1"/><net_sink comp="101" pin=0"/></net>

<net id="106"><net_src comp="18" pin="0"/><net_sink comp="101" pin=1"/></net>

<net id="111"><net_src comp="98" pin="1"/><net_sink comp="107" pin=0"/></net>

<net id="112"><net_src comp="20" pin="0"/><net_sink comp="107" pin=1"/></net>

<net id="117"><net_src comp="107" pin="2"/><net_sink comp="113" pin=0"/></net>

<net id="123"><net_src comp="24" pin="0"/><net_sink comp="118" pin=0"/></net>

<net id="124"><net_src comp="80" pin="2"/><net_sink comp="118" pin=1"/></net>

<net id="125"><net_src comp="26" pin="0"/><net_sink comp="118" pin=2"/></net>

<net id="129"><net_src comp="80" pin="2"/><net_sink comp="126" pin=0"/></net>

<net id="133"><net_src comp="126" pin="1"/><net_sink comp="130" pin=0"/></net>

<net id="140"><net_src comp="28" pin="0"/><net_sink comp="134" pin=0"/></net>

<net id="141"><net_src comp="80" pin="2"/><net_sink comp="134" pin=1"/></net>

<net id="142"><net_src comp="30" pin="0"/><net_sink comp="134" pin=2"/></net>

<net id="143"><net_src comp="32" pin="0"/><net_sink comp="134" pin=3"/></net>

<net id="147"><net_src comp="134" pin="4"/><net_sink comp="144" pin=0"/></net>

<net id="154"><net_src comp="28" pin="0"/><net_sink comp="148" pin=0"/></net>

<net id="155"><net_src comp="80" pin="2"/><net_sink comp="148" pin=1"/></net>

<net id="156"><net_src comp="34" pin="0"/><net_sink comp="148" pin=2"/></net>

<net id="157"><net_src comp="36" pin="0"/><net_sink comp="148" pin=3"/></net>

<net id="161"><net_src comp="148" pin="4"/><net_sink comp="158" pin=0"/></net>

<net id="166"><net_src comp="130" pin="1"/><net_sink comp="162" pin=0"/></net>

<net id="167"><net_src comp="158" pin="1"/><net_sink comp="162" pin=1"/></net>

<net id="171"><net_src comp="162" pin="2"/><net_sink comp="168" pin=0"/></net>

<net id="176"><net_src comp="158" pin="1"/><net_sink comp="172" pin=0"/></net>

<net id="177"><net_src comp="130" pin="1"/><net_sink comp="172" pin=1"/></net>

<net id="181"><net_src comp="172" pin="2"/><net_sink comp="178" pin=0"/></net>

<net id="188"><net_src comp="28" pin="0"/><net_sink comp="182" pin=0"/></net>

<net id="189"><net_src comp="80" pin="2"/><net_sink comp="182" pin=1"/></net>

<net id="190"><net_src comp="38" pin="0"/><net_sink comp="182" pin=2"/></net>

<net id="191"><net_src comp="40" pin="0"/><net_sink comp="182" pin=3"/></net>

<net id="195"><net_src comp="182" pin="4"/><net_sink comp="192" pin=0"/></net>

<net id="200"><net_src comp="144" pin="1"/><net_sink comp="196" pin=0"/></net>

<net id="201"><net_src comp="192" pin="1"/><net_sink comp="196" pin=1"/></net>

<net id="205"><net_src comp="196" pin="2"/><net_sink comp="202" pin=0"/></net>

<net id="210"><net_src comp="192" pin="1"/><net_sink comp="206" pin=0"/></net>

<net id="211"><net_src comp="144" pin="1"/><net_sink comp="206" pin=1"/></net>

<net id="215"><net_src comp="206" pin="2"/><net_sink comp="212" pin=0"/></net>

<net id="222"><net_src comp="28" pin="0"/><net_sink comp="216" pin=0"/></net>

<net id="223"><net_src comp="80" pin="2"/><net_sink comp="216" pin=1"/></net>

<net id="224"><net_src comp="42" pin="0"/><net_sink comp="216" pin=2"/></net>

<net id="225"><net_src comp="44" pin="0"/><net_sink comp="216" pin=3"/></net>

<net id="229"><net_src comp="216" pin="4"/><net_sink comp="226" pin=0"/></net>

<net id="236"><net_src comp="28" pin="0"/><net_sink comp="230" pin=0"/></net>

<net id="237"><net_src comp="80" pin="2"/><net_sink comp="230" pin=1"/></net>

<net id="238"><net_src comp="46" pin="0"/><net_sink comp="230" pin=2"/></net>

<net id="239"><net_src comp="48" pin="0"/><net_sink comp="230" pin=3"/></net>

<net id="243"><net_src comp="230" pin="4"/><net_sink comp="240" pin=0"/></net>

<net id="250"><net_src comp="28" pin="0"/><net_sink comp="244" pin=0"/></net>

<net id="251"><net_src comp="80" pin="2"/><net_sink comp="244" pin=1"/></net>

<net id="252"><net_src comp="50" pin="0"/><net_sink comp="244" pin=2"/></net>

<net id="253"><net_src comp="52" pin="0"/><net_sink comp="244" pin=3"/></net>

<net id="257"><net_src comp="244" pin="4"/><net_sink comp="254" pin=0"/></net>

<net id="262"><net_src comp="226" pin="1"/><net_sink comp="258" pin=0"/></net>

<net id="263"><net_src comp="254" pin="1"/><net_sink comp="258" pin=1"/></net>

<net id="267"><net_src comp="258" pin="2"/><net_sink comp="264" pin=0"/></net>

<net id="272"><net_src comp="254" pin="1"/><net_sink comp="268" pin=0"/></net>

<net id="273"><net_src comp="226" pin="1"/><net_sink comp="268" pin=1"/></net>

<net id="277"><net_src comp="268" pin="2"/><net_sink comp="274" pin=0"/></net>

<net id="284"><net_src comp="28" pin="0"/><net_sink comp="278" pin=0"/></net>

<net id="285"><net_src comp="80" pin="2"/><net_sink comp="278" pin=1"/></net>

<net id="286"><net_src comp="54" pin="0"/><net_sink comp="278" pin=2"/></net>

<net id="287"><net_src comp="56" pin="0"/><net_sink comp="278" pin=3"/></net>

<net id="291"><net_src comp="278" pin="4"/><net_sink comp="288" pin=0"/></net>

<net id="296"><net_src comp="240" pin="1"/><net_sink comp="292" pin=0"/></net>

<net id="297"><net_src comp="288" pin="1"/><net_sink comp="292" pin=1"/></net>

<net id="301"><net_src comp="292" pin="2"/><net_sink comp="298" pin=0"/></net>

<net id="306"><net_src comp="288" pin="1"/><net_sink comp="302" pin=0"/></net>

<net id="307"><net_src comp="240" pin="1"/><net_sink comp="302" pin=1"/></net>

<net id="311"><net_src comp="302" pin="2"/><net_sink comp="308" pin=0"/></net>

<net id="316"><net_src comp="178" pin="1"/><net_sink comp="312" pin=0"/></net>

<net id="317"><net_src comp="58" pin="0"/><net_sink comp="312" pin=1"/></net>

<net id="322"><net_src comp="212" pin="1"/><net_sink comp="318" pin=0"/></net>

<net id="323"><net_src comp="58" pin="0"/><net_sink comp="318" pin=1"/></net>

<net id="328"><net_src comp="168" pin="1"/><net_sink comp="324" pin=0"/></net>

<net id="329"><net_src comp="58" pin="0"/><net_sink comp="324" pin=1"/></net>

<net id="334"><net_src comp="202" pin="1"/><net_sink comp="330" pin=0"/></net>

<net id="335"><net_src comp="58" pin="0"/><net_sink comp="330" pin=1"/></net>

<net id="340"><net_src comp="274" pin="1"/><net_sink comp="336" pin=0"/></net>

<net id="341"><net_src comp="58" pin="0"/><net_sink comp="336" pin=1"/></net>

<net id="346"><net_src comp="308" pin="1"/><net_sink comp="342" pin=0"/></net>

<net id="347"><net_src comp="58" pin="0"/><net_sink comp="342" pin=1"/></net>

<net id="352"><net_src comp="264" pin="1"/><net_sink comp="348" pin=0"/></net>

<net id="353"><net_src comp="58" pin="0"/><net_sink comp="348" pin=1"/></net>

<net id="358"><net_src comp="298" pin="1"/><net_sink comp="354" pin=0"/></net>

<net id="359"><net_src comp="58" pin="0"/><net_sink comp="354" pin=1"/></net>

<net id="367"><net_src comp="360" pin="1"/><net_sink comp="363" pin=1"/></net>

<net id="374"><net_src comp="70" pin="0"/><net_sink comp="368" pin=0"/></net>

<net id="375"><net_src comp="363" pin="2"/><net_sink comp="368" pin=1"/></net>

<net id="376"><net_src comp="4" pin="0"/><net_sink comp="368" pin=2"/></net>

<net id="377"><net_src comp="30" pin="0"/><net_sink comp="368" pin=3"/></net>

<net id="385"><net_src comp="378" pin="1"/><net_sink comp="381" pin=1"/></net>

<net id="392"><net_src comp="70" pin="0"/><net_sink comp="386" pin=0"/></net>

<net id="393"><net_src comp="381" pin="2"/><net_sink comp="386" pin=1"/></net>

<net id="394"><net_src comp="4" pin="0"/><net_sink comp="386" pin=2"/></net>

<net id="395"><net_src comp="30" pin="0"/><net_sink comp="386" pin=3"/></net>

<net id="403"><net_src comp="396" pin="1"/><net_sink comp="399" pin=1"/></net>

<net id="410"><net_src comp="70" pin="0"/><net_sink comp="404" pin=0"/></net>

<net id="411"><net_src comp="399" pin="2"/><net_sink comp="404" pin=1"/></net>

<net id="412"><net_src comp="4" pin="0"/><net_sink comp="404" pin=2"/></net>

<net id="413"><net_src comp="30" pin="0"/><net_sink comp="404" pin=3"/></net>

<net id="421"><net_src comp="414" pin="1"/><net_sink comp="417" pin=1"/></net>

<net id="428"><net_src comp="70" pin="0"/><net_sink comp="422" pin=0"/></net>

<net id="429"><net_src comp="417" pin="2"/><net_sink comp="422" pin=1"/></net>

<net id="430"><net_src comp="4" pin="0"/><net_sink comp="422" pin=2"/></net>

<net id="431"><net_src comp="30" pin="0"/><net_sink comp="422" pin=3"/></net>

<net id="439"><net_src comp="432" pin="1"/><net_sink comp="435" pin=1"/></net>

<net id="446"><net_src comp="70" pin="0"/><net_sink comp="440" pin=0"/></net>

<net id="447"><net_src comp="435" pin="2"/><net_sink comp="440" pin=1"/></net>

<net id="448"><net_src comp="4" pin="0"/><net_sink comp="440" pin=2"/></net>

<net id="449"><net_src comp="30" pin="0"/><net_sink comp="440" pin=3"/></net>

<net id="457"><net_src comp="450" pin="1"/><net_sink comp="453" pin=1"/></net>

<net id="464"><net_src comp="70" pin="0"/><net_sink comp="458" pin=0"/></net>

<net id="465"><net_src comp="453" pin="2"/><net_sink comp="458" pin=1"/></net>

<net id="466"><net_src comp="4" pin="0"/><net_sink comp="458" pin=2"/></net>

<net id="467"><net_src comp="30" pin="0"/><net_sink comp="458" pin=3"/></net>

<net id="475"><net_src comp="468" pin="1"/><net_sink comp="471" pin=1"/></net>

<net id="482"><net_src comp="70" pin="0"/><net_sink comp="476" pin=0"/></net>

<net id="483"><net_src comp="471" pin="2"/><net_sink comp="476" pin=1"/></net>

<net id="484"><net_src comp="4" pin="0"/><net_sink comp="476" pin=2"/></net>

<net id="485"><net_src comp="30" pin="0"/><net_sink comp="476" pin=3"/></net>

<net id="493"><net_src comp="486" pin="1"/><net_sink comp="489" pin=1"/></net>

<net id="500"><net_src comp="70" pin="0"/><net_sink comp="494" pin=0"/></net>

<net id="501"><net_src comp="489" pin="2"/><net_sink comp="494" pin=1"/></net>

<net id="502"><net_src comp="4" pin="0"/><net_sink comp="494" pin=2"/></net>

<net id="503"><net_src comp="30" pin="0"/><net_sink comp="494" pin=3"/></net>

<net id="516"><net_src comp="72" pin="0"/><net_sink comp="504" pin=0"/></net>

<net id="517"><net_src comp="494" pin="4"/><net_sink comp="504" pin=2"/></net>

<net id="518"><net_src comp="476" pin="4"/><net_sink comp="504" pin=3"/></net>

<net id="519"><net_src comp="458" pin="4"/><net_sink comp="504" pin=4"/></net>

<net id="520"><net_src comp="440" pin="4"/><net_sink comp="504" pin=5"/></net>

<net id="521"><net_src comp="422" pin="4"/><net_sink comp="504" pin=6"/></net>

<net id="522"><net_src comp="404" pin="4"/><net_sink comp="504" pin=7"/></net>

<net id="523"><net_src comp="386" pin="4"/><net_sink comp="504" pin=8"/></net>

<net id="524"><net_src comp="368" pin="4"/><net_sink comp="504" pin=9"/></net>

<net id="525"><net_src comp="504" pin="10"/><net_sink comp="86" pin=2"/></net>

<net id="529"><net_src comp="76" pin="1"/><net_sink comp="526" pin=0"/></net>

<net id="530"><net_src comp="526" pin="1"/><net_sink comp="93" pin=1"/></net>

<net id="531"><net_src comp="526" pin="1"/><net_sink comp="98" pin=0"/></net>

<net id="532"><net_src comp="526" pin="1"/><net_sink comp="113" pin=1"/></net>

<net id="536"><net_src comp="101" pin="2"/><net_sink comp="533" pin=0"/></net>

<net id="540"><net_src comp="118" pin="3"/><net_sink comp="537" pin=0"/></net>

<net id="541"><net_src comp="537" pin="1"/><net_sink comp="504" pin=1"/></net>

<net id="545"><net_src comp="162" pin="2"/><net_sink comp="542" pin=0"/></net>

<net id="546"><net_src comp="542" pin="1"/><net_sink comp="399" pin=0"/></net>

<net id="550"><net_src comp="172" pin="2"/><net_sink comp="547" pin=0"/></net>

<net id="551"><net_src comp="547" pin="1"/><net_sink comp="363" pin=0"/></net>

<net id="555"><net_src comp="196" pin="2"/><net_sink comp="552" pin=0"/></net>

<net id="556"><net_src comp="552" pin="1"/><net_sink comp="417" pin=0"/></net>

<net id="560"><net_src comp="206" pin="2"/><net_sink comp="557" pin=0"/></net>

<net id="561"><net_src comp="557" pin="1"/><net_sink comp="381" pin=0"/></net>

<net id="565"><net_src comp="258" pin="2"/><net_sink comp="562" pin=0"/></net>

<net id="566"><net_src comp="562" pin="1"/><net_sink comp="471" pin=0"/></net>

<net id="570"><net_src comp="268" pin="2"/><net_sink comp="567" pin=0"/></net>

<net id="571"><net_src comp="567" pin="1"/><net_sink comp="435" pin=0"/></net>

<net id="575"><net_src comp="292" pin="2"/><net_sink comp="572" pin=0"/></net>

<net id="576"><net_src comp="572" pin="1"/><net_sink comp="489" pin=0"/></net>

<net id="580"><net_src comp="302" pin="2"/><net_sink comp="577" pin=0"/></net>

<net id="581"><net_src comp="577" pin="1"/><net_sink comp="453" pin=0"/></net>

<net id="585"><net_src comp="312" pin="2"/><net_sink comp="582" pin=0"/></net>

<net id="586"><net_src comp="582" pin="1"/><net_sink comp="360" pin=0"/></net>

<net id="590"><net_src comp="318" pin="2"/><net_sink comp="587" pin=0"/></net>

<net id="591"><net_src comp="587" pin="1"/><net_sink comp="378" pin=0"/></net>

<net id="595"><net_src comp="324" pin="2"/><net_sink comp="592" pin=0"/></net>

<net id="596"><net_src comp="592" pin="1"/><net_sink comp="396" pin=0"/></net>

<net id="600"><net_src comp="330" pin="2"/><net_sink comp="597" pin=0"/></net>

<net id="601"><net_src comp="597" pin="1"/><net_sink comp="414" pin=0"/></net>

<net id="605"><net_src comp="336" pin="2"/><net_sink comp="602" pin=0"/></net>

<net id="606"><net_src comp="602" pin="1"/><net_sink comp="432" pin=0"/></net>

<net id="610"><net_src comp="342" pin="2"/><net_sink comp="607" pin=0"/></net>

<net id="611"><net_src comp="607" pin="1"/><net_sink comp="450" pin=0"/></net>

<net id="615"><net_src comp="348" pin="2"/><net_sink comp="612" pin=0"/></net>

<net id="616"><net_src comp="612" pin="1"/><net_sink comp="468" pin=0"/></net>

<net id="620"><net_src comp="354" pin="2"/><net_sink comp="617" pin=0"/></net>

<net id="621"><net_src comp="617" pin="1"/><net_sink comp="486" pin=0"/></net>

</net_list>

</model> 
---------------- Datapath Model END ------------------

* FSMD analyzer results:
  - Output states:
	Port: s9 | {3 }
 - Input state : 
	Port: Loop_VITIS_LOOP_168_1_proc819 : s8 | {2 }
  - Chain level:
	State 1
		store_ln168 : 1
		cyc_14 : 1
		icmp_ln168 : 2
		cyc_15 : 2
		br_ln168 : 3
		store_ln168 : 3
	State 2
		sext_ln206 : 1
		sext_ln207 : 1
		sext_ln206_1 : 1
		diff_re_A : 2
		trunc_ln206 : 3
		sum_re_A : 2
		trunc_ln204 : 3
		sext_ln207_1 : 1
		diff_im_A : 2
		trunc_ln207 : 3
		sum_im_A : 2
		trunc_ln205 : 3
		sext_ln211 : 1
		sext_ln212 : 1
		sext_ln211_1 : 1
		diff_re_B : 2
		trunc_ln211 : 3
		sum_re_B : 2
		trunc_ln209 : 3
		sext_ln212_1 : 1
		diff_im_B : 2
		trunc_ln212 : 3
		sum_im_B : 2
		trunc_ln210 : 3
		icmp_ln53 : 4
		icmp_ln53_63 : 4
		icmp_ln53_64 : 4
		icmp_ln53_65 : 4
		icmp_ln53_66 : 4
		icmp_ln53_67 : 4
		icmp_ln53_68 : 4
		icmp_ln53_69 : 4
	State 3
		add_ln53 : 1
		scaled_re : 2
		add_ln53_63 : 1
		scaled_im : 2
		add_ln53_64 : 1
		scaled_re_1 : 2
		add_ln53_65 : 1
		scaled_im_1 : 2
		add_ln53_66 : 1
		scaled_re_2 : 2
		add_ln53_67 : 1
		scaled_im_2 : 2
		add_ln53_68 : 1
		scaled_re_3 : 2
		add_ln53_69 : 1
		scaled_im_3 : 2
		tmp_2 : 3
		write_ln231 : 4


============================================================
+ Verbose Summary: Datapath Resource usage 
============================================================

* Functional unit list:
|----------|-------------------------|---------|---------|
| Operation|     Functional Unit     |    FF   |   LUT   |
|----------|-------------------------|---------|---------|
|          |      cyc_15_fu_107      |    0    |    16   |
|          |     sum_re_A_fu_172     |    0    |    23   |
|          |     sum_im_A_fu_206     |    0    |    23   |
|          |     sum_re_B_fu_268     |    0    |    23   |
|          |     sum_im_B_fu_302     |    0    |    23   |
|          |     add_ln53_fu_363     |    0    |    24   |
|    add   |    add_ln53_63_fu_381   |    0    |    24   |
|          |    add_ln53_64_fu_399   |    0    |    24   |
|          |    add_ln53_65_fu_417   |    0    |    24   |
|          |    add_ln53_66_fu_435   |    0    |    24   |
|          |    add_ln53_67_fu_453   |    0    |    24   |
|          |    add_ln53_68_fu_471   |    0    |    24   |
|          |    add_ln53_69_fu_489   |    0    |    24   |
|----------|-------------------------|---------|---------|
|          |    icmp_ln168_fu_101    |    0    |    16   |
|          |     icmp_ln53_fu_312    |    0    |    10   |
|          |   icmp_ln53_63_fu_318   |    0    |    10   |
|          |   icmp_ln53_64_fu_324   |    0    |    10   |
|   icmp   |   icmp_ln53_65_fu_330   |    0    |    10   |
|          |   icmp_ln53_66_fu_336   |    0    |    10   |
|          |   icmp_ln53_67_fu_342   |    0    |    10   |
|          |   icmp_ln53_68_fu_348   |    0    |    10   |
|          |   icmp_ln53_69_fu_354   |    0    |    10   |
|----------|-------------------------|---------|---------|
|          |     diff_re_A_fu_162    |    0    |    23   |
|    sub   |     diff_im_A_fu_196    |    0    |    23   |
|          |     diff_re_B_fu_258    |    0    |    23   |
|          |     diff_im_B_fu_292    |    0    |    23   |
|----------|-------------------------|---------|---------|
|   read   |    s8_read_read_fu_80   |    0    |    0    |
|----------|-------------------------|---------|---------|
|   write  | write_ln231_write_fu_86 |    0    |    0    |
|----------|-------------------------|---------|---------|
| bitselect|        tmp_fu_118       |    0    |    0    |
|----------|-------------------------|---------|---------|
|          |       in_re_fu_126      |    0    |    0    |
|          |    trunc_ln206_fu_168   |    0    |    0    |
|          |    trunc_ln204_fu_178   |    0    |    0    |
|          |    trunc_ln207_fu_202   |    0    |    0    |
|   trunc  |    trunc_ln205_fu_212   |    0    |    0    |
|          |    trunc_ln211_fu_264   |    0    |    0    |
|          |    trunc_ln209_fu_274   |    0    |    0    |
|          |    trunc_ln212_fu_298   |    0    |    0    |
|          |    trunc_ln210_fu_308   |    0    |    0    |
|----------|-------------------------|---------|---------|
|          |    sext_ln206_fu_130    |    0    |    0    |
|          |    sext_ln207_fu_144    |    0    |    0    |
|          |   sext_ln206_1_fu_158   |    0    |    0    |
|   sext   |   sext_ln207_1_fu_192   |    0    |    0    |
|          |    sext_ln211_fu_226    |    0    |    0    |
|          |    sext_ln212_fu_240    |    0    |    0    |
|          |   sext_ln211_1_fu_254   |    0    |    0    |
|          |   sext_ln212_1_fu_288   |    0    |    0    |
|----------|-------------------------|---------|---------|
|          |       in_im_fu_134      |    0    |    0    |
|          |     in_re_20_fu_148     |    0    |    0    |
|          |     in_im_17_fu_182     |    0    |    0    |
|          |     in_re_21_fu_216     |    0    |    0    |
|          |     in_im_18_fu_230     |    0    |    0    |
|          |     in_re_22_fu_244     |    0    |    0    |
|          |     in_im_19_fu_278     |    0    |    0    |
|partselect|     scaled_re_fu_368    |    0    |    0    |
|          |     scaled_im_fu_386    |    0    |    0    |
|          |    scaled_re_1_fu_404   |    0    |    0    |
|          |    scaled_im_1_fu_422   |    0    |    0    |
|          |    scaled_re_2_fu_440   |    0    |    0    |
|          |    scaled_im_2_fu_458   |    0    |    0    |
|          |    scaled_re_3_fu_476   |    0    |    0    |
|          |    scaled_im_3_fu_494   |    0    |    0    |
|----------|-------------------------|---------|---------|
|          |     zext_ln53_fu_360    |    0    |    0    |
|          |   zext_ln53_121_fu_378  |    0    |    0    |
|          |   zext_ln53_122_fu_396  |    0    |    0    |
|   zext   |   zext_ln53_123_fu_414  |    0    |    0    |
|          |   zext_ln53_124_fu_432  |    0    |    0    |
|          |   zext_ln53_125_fu_450  |    0    |    0    |
|          |   zext_ln53_126_fu_468  |    0    |    0    |
|          |   zext_ln53_127_fu_486  |    0    |    0    |
|----------|-------------------------|---------|---------|
|bitconcatenate|       tmp_2_fu_504      |    0    |    0    |
|----------|-------------------------|---------|---------|
|   Total  |                         |    0    |   488   |
|----------|-------------------------|---------|---------|

Memories:
N/A

* Register list:
+--------------------+--------+
|                    |   FF   |
+--------------------+--------+
|     cyc_reg_526    |    9   |
|  diff_im_A_reg_552 |   17   |
|  diff_im_B_reg_572 |   17   |
|  diff_re_A_reg_542 |   17   |
|  diff_re_B_reg_562 |   17   |
| icmp_ln168_reg_533 |    1   |
|icmp_ln53_63_reg_587|    1   |
|icmp_ln53_64_reg_592|    1   |
|icmp_ln53_65_reg_597|    1   |
|icmp_ln53_66_reg_602|    1   |
|icmp_ln53_67_reg_607|    1   |
|icmp_ln53_68_reg_612|    1   |
|icmp_ln53_69_reg_617|    1   |
|  icmp_ln53_reg_582 |    1   |
|  sum_im_A_reg_557  |   17   |
|  sum_im_B_reg_577  |   17   |
|  sum_re_A_reg_547  |   17   |
|  sum_re_B_reg_567  |   17   |
|     tmp_reg_537    |    1   |
+--------------------+--------+
|        Total       |   155  |
+--------------------+--------+

* Multiplexer (MUX) list: 
|--------|------|------|------|--------|
|  Comp  |  Pin | Size |  BW  | S x BW |
|--------|------|------|------|--------|
|  Total |      |      |      |    0   |
|--------|------|------|------|--------|



* Summary:
+-----------+--------+--------+
|           |   FF   |   LUT  |
+-----------+--------+--------+
|  Function |    0   |   488  |
|   Memory  |    -   |    -   |
|Multiplexer|    -   |    -   |
|  Register |   155  |    -   |
+-----------+--------+--------+
|   Total   |   155  |   488  |
+-----------+--------+--------+
