

================================================================
== Vitis HLS Report for 'Loop_VITIS_LOOP_168_1_proc819'
================================================================
* Date:           Tue Jun 30 20:57:54 2026

* Version:        2023.2 (Build 4023990 on Oct 11 2023)
* Project:        mdf_fft_hls
* Solution:       solution1 (Vivado IP Flow Target)
* Product family: artix7
* Target device:  xc7a200t-fbg676-2


================================================================
== Performance Estimates
================================================================
+ Timing: 
    * Summary: 
    +--------+----------+----------+------------+
    |  Clock |  Target  | Estimated| Uncertainty|
    +--------+----------+----------+------------+
    |ap_clk  |  10.00 ns|  6.438 ns|     2.70 ns|
    +--------+----------+----------+------------+

+ Latency: 
    * Summary: 
    +---------+---------+----------+----------+-----+-----+---------+
    |  Latency (cycles) |  Latency (absolute) |  Interval | Pipeline|
    |   min   |   max   |    min   |    max   | min | max |   Type  |
    +---------+---------+----------+----------+-----+-----+---------+
    |      259|      259|  2.590 us|  2.590 us|  259|  259|       no|
    +---------+---------+----------+----------+-----+-----+---------+

    + Detail: 
        * Instance: 
        N/A

        * Loop: 
        +--------------------+---------+---------+----------+-----------+-----------+------+----------+
        |                    |  Latency (cycles) | Iteration|  Initiation Interval  | Trip |          |
        |      Loop Name     |   min   |   max   |  Latency |  achieved |   target  | Count| Pipelined|
        +--------------------+---------+---------+----------+-----------+-----------+------+----------+
        |- VITIS_LOOP_168_1  |      257|      257|         3|          1|          1|   256|  yes(flp)|
        +--------------------+---------+---------+----------+-----------+-----------+------+----------+

============================================================
+ Verbose Summary: Synthesis Manager
============================================================
InlineROM: 1
ExposeGlobal: 0
============================================================
+ Verbose Summary: CDFG Model
============================================================
IsTopModel: 0
ResetActiveHigh: 1
IsCombinational: 2
IsDatapathOnly: 0
HasWiredReturn: 1
HasMFsm: 1
HasVarLatency: 1
IsPipeline: 0
IsRtlPipelined: 0
IsInstanceOverlapped: 0
IsDontTouch: 0
HasImplIP: 0
IsGatedGlobalClock: 0

+ Individual pipeline summary: 
  * Pipeline-0: initiation interval (II) = 1, depth = 3


============================================================
+ Verbose Summary: Schedule
============================================================
* Number of FSM states : 3
* Pipeline : 1
  Pipeline-0 : II = 1, D = 3, States = { 1 2 3 }
* Dataflow Pipeline: 0

* FSM state transitions: 
1 --> 2 
2 --> 3 
3 --> 

* FSM state operations: 

State 1 <SV = 0> <Delay = 4.38>
ST_1 : Operation 6 [1/1] (0.00ns)   --->   "%cyc = alloca i32 1" [mdf_fft/fft_mdf.cpp:168->mdf_fft/fft_mdf.cpp:370]   --->   Operation 6 'alloca' 'cyc' <Predicate = true> <Delay = 0.00>
ST_1 : Operation 7 [1/1] (0.00ns)   --->   "%specinterface_ln0 = specinterface void @_ssdm_op_SpecInterface, i129 %s9, void @empty_10, i32 0, i32 0, void @empty_9, i32 0, i32 0, void @empty_9, void @empty_9, void @empty_9, i32 0, i32 0, i32 0, i32 0, void @empty_9, void @empty_9, i32 4294967295, i32 0"   --->   Operation 7 'specinterface' 'specinterface_ln0' <Predicate = true> <Delay = 0.00>
ST_1 : Operation 8 [1/1] (0.00ns)   --->   "%specinterface_ln0 = specinterface void @_ssdm_op_SpecInterface, i129 %s8, void @empty_10, i32 0, i32 0, void @empty_9, i32 0, i32 0, void @empty_9, void @empty_9, void @empty_9, i32 0, i32 0, i32 0, i32 0, void @empty_9, void @empty_9, i32 4294967295, i32 0"   --->   Operation 8 'specinterface' 'specinterface_ln0' <Predicate = true> <Delay = 0.00>
ST_1 : Operation 9 [1/1] (1.32ns)   --->   "%store_ln168 = store i9 0, i9 %cyc" [mdf_fft/fft_mdf.cpp:168->mdf_fft/fft_mdf.cpp:370]   --->   Operation 9 'store' 'store_ln168' <Predicate = true> <Delay = 1.32>
ST_1 : Operation 10 [1/1] (0.00ns)   --->   "%br_ln0 = br void %for.cond.i1021"   --->   Operation 10 'br' 'br_ln0' <Predicate = true> <Delay = 0.00>
ST_1 : Operation 11 [1/1] (0.00ns)   --->   "%cyc_14 = load i9 %cyc" [mdf_fft/fft_mdf.cpp:168->mdf_fft/fft_mdf.cpp:370]   --->   Operation 11 'load' 'cyc_14' <Predicate = true> <Delay = 0.00>
ST_1 : Operation 12 [1/1] (1.73ns)   --->   "%icmp_ln168 = icmp_eq  i9 %cyc_14, i9 256" [mdf_fft/fft_mdf.cpp:168->mdf_fft/fft_mdf.cpp:370]   --->   Operation 12 'icmp' 'icmp_ln168' <Predicate = true> <Delay = 1.73> <CoreInst = "Cmp">   --->   Core 9 'Cmp' <Latency = 0> <II = 1> <Delay = 1.73> <FuncUnit> <Opcode : 'icmp'> <InPorts = 2> <OutPorts = 1>
ST_1 : Operation 13 [1/1] (1.73ns)   --->   "%cyc_15 = add i9 %cyc_14, i9 1" [mdf_fft/fft_mdf.cpp:168->mdf_fft/fft_mdf.cpp:370]   --->   Operation 13 'add' 'cyc_15' <Predicate = true> <Delay = 1.73> <CoreInst = "Adder">   --->   Core 1 'Adder' <Latency = 0> <II = 1> <Delay = 1.73> <FuncUnit> <Opcode : 'add' 'sub'> <InPorts = 2> <OutPorts = 1>
ST_1 : Operation 14 [1/1] (0.00ns)   --->   "%br_ln168 = br i1 %icmp_ln168, void %for.body.i1026, void %_ZL8stage_nfILi1EEvRN3hls6streamI10mdf_word_tLi0EEES4_.exit.exitStub" [mdf_fft/fft_mdf.cpp:168->mdf_fft/fft_mdf.cpp:370]   --->   Operation 14 'br' 'br_ln168' <Predicate = true> <Delay = 0.00>
ST_1 : Operation 15 [1/1] (1.32ns)   --->   "%store_ln168 = store i9 %cyc_15, i9 %cyc" [mdf_fft/fft_mdf.cpp:168->mdf_fft/fft_mdf.cpp:370]   --->   Operation 15 'store' 'store_ln168' <Predicate = (!icmp_ln168)> <Delay = 1.32>

State 2 <SV = 1> <Delay = 6.43>
ST_2 : Operation 16 [1/1] (3.39ns)   --->   "%s8_read = read i129 @_ssdm_op_Read.ap_fifo.volatile.i129P0A, i129 %s8" [mdf_fft/fft_mdf.cpp:171->mdf_fft/fft_mdf.cpp:370]   --->   Operation 16 'read' 's8_read' <Predicate = (!icmp_ln168)> <Delay = 3.39> <CoreInst = "FIFO">   --->   Core 78 'FIFO' <Latency = 0> <II = 1> <Delay = 3.39> <Storage> <Opcode : 'read' 'write' 'nbread' 'nbwrite'> <Ports = 0> <Width = 129> <Depth = 260> <FIFO>
ST_2 : Operation 17 [1/1] (0.00ns)   --->   "%tmp = bitselect i1 @_ssdm_op_BitSelect.i1.i129.i32, i129 %s8_read, i32 128" [mdf_fft/fft_mdf.cpp:171->mdf_fft/fft_mdf.cpp:370]   --->   Operation 17 'bitselect' 'tmp' <Predicate = (!icmp_ln168)> <Delay = 0.00>
ST_2 : Operation 18 [1/1] (0.00ns)   --->   "%in_re = trunc i129 %s8_read" [mdf_fft/fft_mdf.cpp:32->mdf_fft/fft_mdf.cpp:173->mdf_fft/fft_mdf.cpp:370]   --->   Operation 18 'trunc' 'in_re' <Predicate = (!icmp_ln168)> <Delay = 0.00>
ST_2 : Operation 19 [1/1] (0.00ns)   --->   "%sext_ln206 = sext i16 %in_re" [mdf_fft/fft_mdf.cpp:206->mdf_fft/fft_mdf.cpp:370]   --->   Operation 19 'sext' 'sext_ln206' <Predicate = (!icmp_ln168)> <Delay = 0.00>
ST_2 : Operation 20 [1/1] (0.00ns)   --->   "%in_im = partselect i16 @_ssdm_op_PartSelect.i16.i129.i32.i32, i129 %s8_read, i32 16, i32 31" [mdf_fft/fft_mdf.cpp:33->mdf_fft/fft_mdf.cpp:173->mdf_fft/fft_mdf.cpp:370]   --->   Operation 20 'partselect' 'in_im' <Predicate = (!icmp_ln168)> <Delay = 0.00>
ST_2 : Operation 21 [1/1] (0.00ns)   --->   "%sext_ln207 = sext i16 %in_im" [mdf_fft/fft_mdf.cpp:207->mdf_fft/fft_mdf.cpp:370]   --->   Operation 21 'sext' 'sext_ln207' <Predicate = (!icmp_ln168)> <Delay = 0.00>
ST_2 : Operation 22 [1/1] (0.00ns)   --->   "%in_re_20 = partselect i16 @_ssdm_op_PartSelect.i16.i129.i32.i32, i129 %s8_read, i32 32, i32 47" [mdf_fft/fft_mdf.cpp:32->mdf_fft/fft_mdf.cpp:173->mdf_fft/fft_mdf.cpp:370]   --->   Operation 22 'partselect' 'in_re_20' <Predicate = (!icmp_ln168)> <Delay = 0.00>
ST_2 : Operation 23 [1/1] (0.00ns)   --->   "%sext_ln206_1 = sext i16 %in_re_20" [mdf_fft/fft_mdf.cpp:206->mdf_fft/fft_mdf.cpp:370]   --->   Operation 23 'sext' 'sext_ln206_1' <Predicate = (!icmp_ln168)> <Delay = 0.00>
ST_2 : Operation 24 [1/1] (1.84ns)   --->   "%diff_re_A = sub i17 %sext_ln206, i17 %sext_ln206_1" [mdf_fft/fft_mdf.cpp:206->mdf_fft/fft_mdf.cpp:370]   --->   Operation 24 'sub' 'diff_re_A' <Predicate = (!icmp_ln168)> <Delay = 1.84> <CoreInst = "Adder">   --->   Core 1 'Adder' <Latency = 0> <II = 1> <Delay = 1.84> <FuncUnit> <Opcode : 'add' 'sub'> <InPorts = 2> <OutPorts = 1>
ST_2 : Operation 25 [1/1] (0.00ns)   --->   "%trunc_ln206 = trunc i17 %diff_re_A" [mdf_fft/fft_mdf.cpp:206->mdf_fft/fft_mdf.cpp:370]   --->   Operation 25 'trunc' 'trunc_ln206' <Predicate = (!icmp_ln168)> <Delay = 0.00>
ST_2 : Operation 26 [1/1] (1.84ns)   --->   "%sum_re_A = add i17 %sext_ln206_1, i17 %sext_ln206" [mdf_fft/fft_mdf.cpp:204->mdf_fft/fft_mdf.cpp:370]   --->   Operation 26 'add' 'sum_re_A' <Predicate = (!icmp_ln168)> <Delay = 1.84> <CoreInst = "Adder">   --->   Core 1 'Adder' <Latency = 0> <II = 1> <Delay = 1.84> <FuncUnit> <Opcode : 'add' 'sub'> <InPorts = 2> <OutPorts = 1>
ST_2 : Operation 27 [1/1] (0.00ns)   --->   "%trunc_ln204 = trunc i17 %sum_re_A" [mdf_fft/fft_mdf.cpp:204->mdf_fft/fft_mdf.cpp:370]   --->   Operation 27 'trunc' 'trunc_ln204' <Predicate = (!icmp_ln168)> <Delay = 0.00>
ST_2 : Operation 28 [1/1] (0.00ns)   --->   "%in_im_17 = partselect i16 @_ssdm_op_PartSelect.i16.i129.i32.i32, i129 %s8_read, i32 48, i32 63" [mdf_fft/fft_mdf.cpp:33->mdf_fft/fft_mdf.cpp:173->mdf_fft/fft_mdf.cpp:370]   --->   Operation 28 'partselect' 'in_im_17' <Predicate = (!icmp_ln168)> <Delay = 0.00>
ST_2 : Operation 29 [1/1] (0.00ns)   --->   "%sext_ln207_1 = sext i16 %in_im_17" [mdf_fft/fft_mdf.cpp:207->mdf_fft/fft_mdf.cpp:370]   --->   Operation 29 'sext' 'sext_ln207_1' <Predicate = (!icmp_ln168)> <Delay = 0.00>
ST_2 : Operation 30 [1/1] (1.84ns)   --->   "%diff_im_A = sub i17 %sext_ln207, i17 %sext_ln207_1" [mdf_fft/fft_mdf.cpp:207->mdf_fft/fft_mdf.cpp:370]   --->   Operation 30 'sub' 'diff_im_A' <Predicate = (!icmp_ln168)> <Delay = 1.84> <CoreInst = "Adder">   --->   Core 1 'Adder' <Latency = 0> <II = 1> <Delay = 1.84> <FuncUnit> <Opcode : 'add' 'sub'> <InPorts = 2> <OutPorts = 1>
ST_2 : Operation 31 [1/1] (0.00ns)   --->   "%trunc_ln207 = trunc i17 %diff_im_A" [mdf_fft/fft_mdf.cpp:207->mdf_fft/fft_mdf.cpp:370]   --->   Operation 31 'trunc' 'trunc_ln207' <Predicate = (!icmp_ln168)> <Delay = 0.00>
ST_2 : Operation 32 [1/1] (1.84ns)   --->   "%sum_im_A = add i17 %sext_ln207_1, i17 %sext_ln207" [mdf_fft/fft_mdf.cpp:205->mdf_fft/fft_mdf.cpp:370]   --->   Operation 32 'add' 'sum_im_A' <Predicate = (!icmp_ln168)> <Delay = 1.84> <CoreInst = "Adder">   --->   Core 1 'Adder' <Latency = 0> <II = 1> <Delay = 1.84> <FuncUnit> <Opcode : 'add' 'sub'> <InPorts = 2> <OutPorts = 1>
ST_2 : Operation 33 [1/1] (0.00ns)   --->   "%trunc_ln205 = trunc i17 %sum_im_A" [mdf_fft/fft_mdf.cpp:205->mdf_fft/fft_mdf.cpp:370]   --->   Operation 33 'trunc' 'trunc_ln205' <Predicate = (!icmp_ln168)> <Delay = 0.00>
ST_2 : Operation 34 [1/1] (0.00ns)   --->   "%in_re_21 = partselect i16 @_ssdm_op_PartSelect.i16.i129.i32.i32, i129 %s8_read, i32 64, i32 79" [mdf_fft/fft_mdf.cpp:32->mdf_fft/fft_mdf.cpp:173->mdf_fft/fft_mdf.cpp:370]   --->   Operation 34 'partselect' 'in_re_21' <Predicate = (!icmp_ln168)> <Delay = 0.00>
ST_2 : Operation 35 [1/1] (0.00ns)   --->   "%sext_ln211 = sext i16 %in_re_21" [mdf_fft/fft_mdf.cpp:211->mdf_fft/fft_mdf.cpp:370]   --->   Operation 35 'sext' 'sext_ln211' <Predicate = (!icmp_ln168)> <Delay = 0.00>
ST_2 : Operation 36 [1/1] (0.00ns)   --->   "%in_im_18 = partselect i16 @_ssdm_op_PartSelect.i16.i129.i32.i32, i129 %s8_read, i32 80, i32 95" [mdf_fft/fft_mdf.cpp:33->mdf_fft/fft_mdf.cpp:173->mdf_fft/fft_mdf.cpp:370]   --->   Operation 36 'partselect' 'in_im_18' <Predicate = (!icmp_ln168)> <Delay = 0.00>
ST_2 : Operation 37 [1/1] (0.00ns)   --->   "%sext_ln212 = sext i16 %in_im_18" [mdf_fft/fft_mdf.cpp:212->mdf_fft/fft_mdf.cpp:370]   --->   Operation 37 'sext' 'sext_ln212' <Predicate = (!icmp_ln168)> <Delay = 0.00>
ST_2 : Operation 38 [1/1] (0.00ns)   --->   "%in_re_22 = partselect i16 @_ssdm_op_PartSelect.i16.i129.i32.i32, i129 %s8_read, i32 96, i32 111" [mdf_fft/fft_mdf.cpp:32->mdf_fft/fft_mdf.cpp:173->mdf_fft/fft_mdf.cpp:370]   --->   Operation 38 'partselect' 'in_re_22' <Predicate = (!icmp_ln168)> <Delay = 0.00>
ST_2 : Operation 39 [1/1] (0.00ns)   --->   "%sext_ln211_1 = sext i16 %in_re_22" [mdf_fft/fft_mdf.cpp:211->mdf_fft/fft_mdf.cpp:370]   --->   Operation 39 'sext' 'sext_ln211_1' <Predicate = (!icmp_ln168)> <Delay = 0.00>
ST_2 : Operation 40 [1/1] (1.84ns)   --->   "%diff_re_B = sub i17 %sext_ln211, i17 %sext_ln211_1" [mdf_fft/fft_mdf.cpp:211->mdf_fft/fft_mdf.cpp:370]   --->   Operation 40 'sub' 'diff_re_B' <Predicate = (!icmp_ln168)> <Delay = 1.84> <CoreInst = "Adder">   --->   Core 1 'Adder' <Latency = 0> <II = 1> <Delay = 1.84> <FuncUnit> <Opcode : 'add' 'sub'> <InPorts = 2> <OutPorts = 1>
ST_2 : Operation 41 [1/1] (0.00ns)   --->   "%trunc_ln211 = trunc i17 %diff_re_B" [mdf_fft/fft_mdf.cpp:211->mdf_fft/fft_mdf.cpp:370]   --->   Operation 41 'trunc' 'trunc_ln211' <Predicate = (!icmp_ln168)> <Delay = 0.00>
ST_2 : Operation 42 [1/1] (1.84ns)   --->   "%sum_re_B = add i17 %sext_ln211_1, i17 %sext_ln211" [mdf_fft/fft_mdf.cpp:209->mdf_fft/fft_mdf.cpp:370]   --->   Operation 42 'add' 'sum_re_B' <Predicate = (!icmp_ln168)> <Delay = 1.84> <CoreInst = "Adder">   --->   Core 1 'Adder' <Latency = 0> <II = 1> <Delay = 1.84> <FuncUnit> <Opcode : 'add' 'sub'> <InPorts = 2> <OutPorts = 1>
ST_2 : Operation 43 [1/1] (0.00ns)   --->   "%trunc_ln209 = trunc i17 %sum_re_B" [mdf_fft/fft_mdf.cpp:209->mdf_fft/fft_mdf.cpp:370]   --->   Operation 43 'trunc' 'trunc_ln209' <Predicate = (!icmp_ln168)> <Delay = 0.00>
ST_2 : Operation 44 [1/1] (0.00ns)   --->   "%in_im_19 = partselect i16 @_ssdm_op_PartSelect.i16.i129.i32.i32, i129 %s8_read, i32 112, i32 127" [mdf_fft/fft_mdf.cpp:33->mdf_fft/fft_mdf.cpp:173->mdf_fft/fft_mdf.cpp:370]   --->   Operation 44 'partselect' 'in_im_19' <Predicate = (!icmp_ln168)> <Delay = 0.00>
ST_2 : Operation 45 [1/1] (0.00ns)   --->   "%sext_ln212_1 = sext i16 %in_im_19" [mdf_fft/fft_mdf.cpp:212->mdf_fft/fft_mdf.cpp:370]   --->   Operation 45 'sext' 'sext_ln212_1' <Predicate = (!icmp_ln168)> <Delay = 0.00>
ST_2 : Operation 46 [1/1] (1.84ns)   --->   "%diff_im_B = sub i17 %sext_ln212, i17 %sext_ln212_1" [mdf_fft/fft_mdf.cpp:212->mdf_fft/fft_mdf.cpp:370]   --->   Operation 46 'sub' 'diff_im_B' <Predicate = (!icmp_ln168)> <Delay = 1.84> <CoreInst = "Adder">   --->   Core 1 'Adder' <Latency = 0> <II = 1> <Delay = 1.84> <FuncUnit> <Opcode : 'add' 'sub'> <InPorts = 2> <OutPorts = 1>
ST_2 : Operation 47 [1/1] (0.00ns)   --->   "%trunc_ln212 = trunc i17 %diff_im_B" [mdf_fft/fft_mdf.cpp:212->mdf_fft/fft_mdf.cpp:370]   --->   Operation 47 'trunc' 'trunc_ln212' <Predicate = (!icmp_ln168)> <Delay = 0.00>
ST_2 : Operation 48 [1/1] (1.84ns)   --->   "%sum_im_B = add i17 %sext_ln212_1, i17 %sext_ln212" [mdf_fft/fft_mdf.cpp:210->mdf_fft/fft_mdf.cpp:370]   --->   Operation 48 'add' 'sum_im_B' <Predicate = (!icmp_ln168)> <Delay = 1.84> <CoreInst = "Adder">   --->   Core 1 'Adder' <Latency = 0> <II = 1> <Delay = 1.84> <FuncUnit> <Opcode : 'add' 'sub'> <InPorts = 2> <OutPorts = 1>
ST_2 : Operation 49 [1/1] (0.00ns)   --->   "%trunc_ln210 = trunc i17 %sum_im_B" [mdf_fft/fft_mdf.cpp:210->mdf_fft/fft_mdf.cpp:370]   --->   Operation 49 'trunc' 'trunc_ln210' <Predicate = (!icmp_ln168)> <Delay = 0.00>
ST_2 : Operation 50 [1/1] (1.20ns)   --->   "%icmp_ln53 = icmp_eq  i2 %trunc_ln204, i2 3" [mdf_fft/fft_mdf.cpp:53->mdf_fft/fft_mdf.cpp:225->mdf_fft/fft_mdf.cpp:370]   --->   Operation 50 'icmp' 'icmp_ln53' <Predicate = (!icmp_ln168)> <Delay = 1.20> <CoreInst = "Cmp">   --->   Core 9 'Cmp' <Latency = 0> <II = 1> <Delay = 1.20> <FuncUnit> <Opcode : 'icmp'> <InPorts = 2> <OutPorts = 1>
ST_2 : Operation 51 [1/1] (1.20ns)   --->   "%icmp_ln53_63 = icmp_eq  i2 %trunc_ln205, i2 3" [mdf_fft/fft_mdf.cpp:53->mdf_fft/fft_mdf.cpp:226->mdf_fft/fft_mdf.cpp:370]   --->   Operation 51 'icmp' 'icmp_ln53_63' <Predicate = (!icmp_ln168)> <Delay = 1.20> <CoreInst = "Cmp">   --->   Core 9 'Cmp' <Latency = 0> <II = 1> <Delay = 1.20> <FuncUnit> <Opcode : 'icmp'> <InPorts = 2> <OutPorts = 1>
ST_2 : Operation 52 [1/1] (1.20ns)   --->   "%icmp_ln53_64 = icmp_eq  i2 %trunc_ln206, i2 3" [mdf_fft/fft_mdf.cpp:53->mdf_fft/fft_mdf.cpp:225->mdf_fft/fft_mdf.cpp:370]   --->   Operation 52 'icmp' 'icmp_ln53_64' <Predicate = (!icmp_ln168)> <Delay = 1.20> <CoreInst = "Cmp">   --->   Core 9 'Cmp' <Latency = 0> <II = 1> <Delay = 1.20> <FuncUnit> <Opcode : 'icmp'> <InPorts = 2> <OutPorts = 1>
ST_2 : Operation 53 [1/1] (1.20ns)   --->   "%icmp_ln53_65 = icmp_eq  i2 %trunc_ln207, i2 3" [mdf_fft/fft_mdf.cpp:53->mdf_fft/fft_mdf.cpp:226->mdf_fft/fft_mdf.cpp:370]   --->   Operation 53 'icmp' 'icmp_ln53_65' <Predicate = (!icmp_ln168)> <Delay = 1.20> <CoreInst = "Cmp">   --->   Core 9 'Cmp' <Latency = 0> <II = 1> <Delay = 1.20> <FuncUnit> <Opcode : 'icmp'> <InPorts = 2> <OutPorts = 1>
ST_2 : Operation 54 [1/1] (1.20ns)   --->   "%icmp_ln53_66 = icmp_eq  i2 %trunc_ln209, i2 3" [mdf_fft/fft_mdf.cpp:53->mdf_fft/fft_mdf.cpp:225->mdf_fft/fft_mdf.cpp:370]   --->   Operation 54 'icmp' 'icmp_ln53_66' <Predicate = (!icmp_ln168)> <Delay = 1.20> <CoreInst = "Cmp">   --->   Core 9 'Cmp' <Latency = 0> <II = 1> <Delay = 1.20> <FuncUnit> <Opcode : 'icmp'> <InPorts = 2> <OutPorts = 1>
ST_2 : Operation 55 [1/1] (1.20ns)   --->   "%icmp_ln53_67 = icmp_eq  i2 %trunc_ln210, i2 3" [mdf_fft/fft_mdf.cpp:53->mdf_fft/fft_mdf.cpp:226->mdf_fft/fft_mdf.cpp:370]   --->   Operation 55 'icmp' 'icmp_ln53_67' <Predicate = (!icmp_ln168)> <Delay = 1.20> <CoreInst = "Cmp">   --->   Core 9 'Cmp' <Latency = 0> <II = 1> <Delay = 1.20> <FuncUnit> <Opcode : 'icmp'> <InPorts = 2> <OutPorts = 1>
ST_2 : Operation 56 [1/1] (1.20ns)   --->   "%icmp_ln53_68 = icmp_eq  i2 %trunc_ln211, i2 3" [mdf_fft/fft_mdf.cpp:53->mdf_fft/fft_mdf.cpp:225->mdf_fft/fft_mdf.cpp:370]   --->   Operation 56 'icmp' 'icmp_ln53_68' <Predicate = (!icmp_ln168)> <Delay = 1.20> <CoreInst = "Cmp">   --->   Core 9 'Cmp' <Latency = 0> <II = 1> <Delay = 1.20> <FuncUnit> <Opcode : 'icmp'> <InPorts = 2> <OutPorts = 1>
ST_2 : Operation 57 [1/1] (1.20ns)   --->   "%icmp_ln53_69 = icmp_eq  i2 %trunc_ln212, i2 3" [mdf_fft/fft_mdf.cpp:53->mdf_fft/fft_mdf.cpp:226->mdf_fft/fft_mdf.cpp:370]   --->   Operation 57 'icmp' 'icmp_ln53_69' <Predicate = (!icmp_ln168)> <Delay = 1.20> <CoreInst = "Cmp">   --->   Core 9 'Cmp' <Latency = 0> <II = 1> <Delay = 1.20> <FuncUnit> <Opcode : 'icmp'> <InPorts = 2> <OutPorts = 1>

State 3 <SV = 2> <Delay = 5.25>
ST_3 : Operation 58 [1/1] (0.00ns)   --->   "%specpipeline_ln169 = specpipeline void @_ssdm_op_SpecPipeline, i32 1, i32 0, i32 0, i32 0, void @empty_9" [mdf_fft/fft_mdf.cpp:169->mdf_fft/fft_mdf.cpp:370]   --->   Operation 58 'specpipeline' 'specpipeline_ln169' <Predicate = (!icmp_ln168)> <Delay = 0.00>
ST_3 : Operation 59 [1/1] (0.00ns)   --->   "%speclooptripcount_ln171 = speclooptripcount void @_ssdm_op_SpecLoopTripCount, i64 256, i64 256, i64 256" [mdf_fft/fft_mdf.cpp:171->mdf_fft/fft_mdf.cpp:370]   --->   Operation 59 'speclooptripcount' 'speclooptripcount_ln171' <Predicate = (!icmp_ln168)> <Delay = 0.00>
ST_3 : Operation 60 [1/1] (0.00ns)   --->   "%specloopname_ln168 = specloopname void @_ssdm_op_SpecLoopName, void @empty_2" [mdf_fft/fft_mdf.cpp:168->mdf_fft/fft_mdf.cpp:370]   --->   Operation 60 'specloopname' 'specloopname_ln168' <Predicate = (!icmp_ln168)> <Delay = 0.00>
ST_3 : Operation 61 [1/1] (0.00ns)   --->   "%zext_ln53 = zext i1 %icmp_ln53" [mdf_fft/fft_mdf.cpp:53->mdf_fft/fft_mdf.cpp:225->mdf_fft/fft_mdf.cpp:370]   --->   Operation 61 'zext' 'zext_ln53' <Predicate = (!icmp_ln168)> <Delay = 0.00>
ST_3 : Operation 62 [1/1] (1.86ns)   --->   "%add_ln53 = add i17 %sum_re_A, i17 %zext_ln53" [mdf_fft/fft_mdf.cpp:53->mdf_fft/fft_mdf.cpp:225->mdf_fft/fft_mdf.cpp:370]   --->   Operation 62 'add' 'add_ln53' <Predicate = (!icmp_ln168)> <Delay = 1.86> <CoreInst = "Adder">   --->   Core 1 'Adder' <Latency = 0> <II = 1> <Delay = 1.86> <FuncUnit> <Opcode : 'add' 'sub'> <InPorts = 2> <OutPorts = 1>
ST_3 : Operation 63 [1/1] (0.00ns)   --->   "%scaled_re = partselect i16 @_ssdm_op_PartSelect.i16.i17.i32.i32, i17 %add_ln53, i32 1, i32 16" [mdf_fft/fft_mdf.cpp:53->mdf_fft/fft_mdf.cpp:225->mdf_fft/fft_mdf.cpp:370]   --->   Operation 63 'partselect' 'scaled_re' <Predicate = (!icmp_ln168)> <Delay = 0.00>
ST_3 : Operation 64 [1/1] (0.00ns)   --->   "%zext_ln53_121 = zext i1 %icmp_ln53_63" [mdf_fft/fft_mdf.cpp:53->mdf_fft/fft_mdf.cpp:226->mdf_fft/fft_mdf.cpp:370]   --->   Operation 64 'zext' 'zext_ln53_121' <Predicate = (!icmp_ln168)> <Delay = 0.00>
ST_3 : Operation 65 [1/1] (1.86ns)   --->   "%add_ln53_63 = add i17 %sum_im_A, i17 %zext_ln53_121" [mdf_fft/fft_mdf.cpp:53->mdf_fft/fft_mdf.cpp:226->mdf_fft/fft_mdf.cpp:370]   --->   Operation 65 'add' 'add_ln53_63' <Predicate = (!icmp_ln168)> <Delay = 1.86> <CoreInst = "Adder">   --->   Core 1 'Adder' <Latency = 0> <II = 1> <Delay = 1.86> <FuncUnit> <Opcode : 'add' 'sub'> <InPorts = 2> <OutPorts = 1>
ST_3 : Operation 66 [1/1] (0.00ns)   --->   "%scaled_im = partselect i16 @_ssdm_op_PartSelect.i16.i17.i32.i32, i17 %add_ln53_63, i32 1, i32 16" [mdf_fft/fft_mdf.cpp:53->mdf_fft/fft_mdf.cpp:226->mdf_fft/fft_mdf.cpp:370]   --->   Operation 66 'partselect' 'scaled_im' <Predicate = (!icmp_ln168)> <Delay = 0.00>
ST_3 : Operation 67 [1/1] (0.00ns)   --->   "%zext_ln53_122 = zext i1 %icmp_ln53_64" [mdf_fft/fft_mdf.cpp:53->mdf_fft/fft_mdf.cpp:225->mdf_fft/fft_mdf.cpp:370]   --->   Operation 67 'zext' 'zext_ln53_122' <Predicate = (!icmp_ln168)> <Delay = 0.00>
ST_3 : Operation 68 [1/1] (1.86ns)   --->   "%add_ln53_64 = add i17 %diff_re_A, i17 %zext_ln53_122" [mdf_fft/fft_mdf.cpp:53->mdf_fft/fft_mdf.cpp:225->mdf_fft/fft_mdf.cpp:370]   --->   Operation 68 'add' 'add_ln53_64' <Predicate = (!icmp_ln168)> <Delay = 1.86> <CoreInst = "Adder">   --->   Core 1 'Adder' <Latency = 0> <II = 1> <Delay = 1.86> <FuncUnit> <Opcode : 'add' 'sub'> <InPorts = 2> <OutPorts = 1>
ST_3 : Operation 69 [1/1] (0.00ns)   --->   "%scaled_re_1 = partselect i16 @_ssdm_op_PartSelect.i16.i17.i32.i32, i17 %add_ln53_64, i32 1, i32 16" [mdf_fft/fft_mdf.cpp:53->mdf_fft/fft_mdf.cpp:225->mdf_fft/fft_mdf.cpp:370]   --->   Operation 69 'partselect' 'scaled_re_1' <Predicate = (!icmp_ln168)> <Delay = 0.00>
ST_3 : Operation 70 [1/1] (0.00ns)   --->   "%zext_ln53_123 = zext i1 %icmp_ln53_65" [mdf_fft/fft_mdf.cpp:53->mdf_fft/fft_mdf.cpp:226->mdf_fft/fft_mdf.cpp:370]   --->   Operation 70 'zext' 'zext_ln53_123' <Predicate = (!icmp_ln168)> <Delay = 0.00>
ST_3 : Operation 71 [1/1] (1.86ns)   --->   "%add_ln53_65 = add i17 %diff_im_A, i17 %zext_ln53_123" [mdf_fft/fft_mdf.cpp:53->mdf_fft/fft_mdf.cpp:226->mdf_fft/fft_mdf.cpp:370]   --->   Operation 71 'add' 'add_ln53_65' <Predicate = (!icmp_ln168)> <Delay = 1.86> <CoreInst = "Adder">   --->   Core 1 'Adder' <Latency = 0> <II = 1> <Delay = 1.86> <FuncUnit> <Opcode : 'add' 'sub'> <InPorts = 2> <OutPorts = 1>
ST_3 : Operation 72 [1/1] (0.00ns)   --->   "%scaled_im_1 = partselect i16 @_ssdm_op_PartSelect.i16.i17.i32.i32, i17 %add_ln53_65, i32 1, i32 16" [mdf_fft/fft_mdf.cpp:53->mdf_fft/fft_mdf.cpp:226->mdf_fft/fft_mdf.cpp:370]   --->   Operation 72 'partselect' 'scaled_im_1' <Predicate = (!icmp_ln168)> <Delay = 0.00>
ST_3 : Operation 73 [1/1] (0.00ns)   --->   "%zext_ln53_124 = zext i1 %icmp_ln53_66" [mdf_fft/fft_mdf.cpp:53->mdf_fft/fft_mdf.cpp:225->mdf_fft/fft_mdf.cpp:370]   --->   Operation 73 'zext' 'zext_ln53_124' <Predicate = (!icmp_ln168)> <Delay = 0.00>
ST_3 : Operation 74 [1/1] (1.86ns)   --->   "%add_ln53_66 = add i17 %sum_re_B, i17 %zext_ln53_124" [mdf_fft/fft_mdf.cpp:53->mdf_fft/fft_mdf.cpp:225->mdf_fft/fft_mdf.cpp:370]   --->   Operation 74 'add' 'add_ln53_66' <Predicate = (!icmp_ln168)> <Delay = 1.86> <CoreInst = "Adder">   --->   Core 1 'Adder' <Latency = 0> <II = 1> <Delay = 1.86> <FuncUnit> <Opcode : 'add' 'sub'> <InPorts = 2> <OutPorts = 1>
ST_3 : Operation 75 [1/1] (0.00ns)   --->   "%scaled_re_2 = partselect i16 @_ssdm_op_PartSelect.i16.i17.i32.i32, i17 %add_ln53_66, i32 1, i32 16" [mdf_fft/fft_mdf.cpp:53->mdf_fft/fft_mdf.cpp:225->mdf_fft/fft_mdf.cpp:370]   --->   Operation 75 'partselect' 'scaled_re_2' <Predicate = (!icmp_ln168)> <Delay = 0.00>
ST_3 : Operation 76 [1/1] (0.00ns)   --->   "%zext_ln53_125 = zext i1 %icmp_ln53_67" [mdf_fft/fft_mdf.cpp:53->mdf_fft/fft_mdf.cpp:226->mdf_fft/fft_mdf.cpp:370]   --->   Operation 76 'zext' 'zext_ln53_125' <Predicate = (!icmp_ln168)> <Delay = 0.00>
ST_3 : Operation 77 [1/1] (1.86ns)   --->   "%add_ln53_67 = add i17 %sum_im_B, i17 %zext_ln53_125" [mdf_fft/fft_mdf.cpp:53->mdf_fft/fft_mdf.cpp:226->mdf_fft/fft_mdf.cpp:370]   --->   Operation 77 'add' 'add_ln53_67' <Predicate = (!icmp_ln168)> <Delay = 1.86> <CoreInst = "Adder">   --->   Core 1 'Adder' <Latency = 0> <II = 1> <Delay = 1.86> <FuncUnit> <Opcode : 'add' 'sub'> <InPorts = 2> <OutPorts = 1>
ST_3 : Operation 78 [1/1] (0.00ns)   --->   "%scaled_im_2 = partselect i16 @_ssdm_op_PartSelect.i16.i17.i32.i32, i17 %add_ln53_67, i32 1, i32 16" [mdf_fft/fft_mdf.cpp:53->mdf_fft/fft_mdf.cpp:226->mdf_fft/fft_mdf.cpp:370]   --->   Operation 78 'partselect' 'scaled_im_2' <Predicate = (!icmp_ln168)> <Delay = 0.00>
ST_3 : Operation 79 [1/1] (0.00ns)   --->   "%zext_ln53_126 = zext i1 %icmp_ln53_68" [mdf_fft/fft_mdf.cpp:53->mdf_fft/fft_mdf.cpp:225->mdf_fft/fft_mdf.cpp:370]   --->   Operation 79 'zext' 'zext_ln53_126' <Predicate = (!icmp_ln168)> <Delay = 0.00>
ST_3 : Operation 80 [1/1] (1.86ns)   --->   "%add_ln53_68 = add i17 %diff_re_B, i17 %zext_ln53_126" [mdf_fft/fft_mdf.cpp:53->mdf_fft/fft_mdf.cpp:225->mdf_fft/fft_mdf.cpp:370]   --->   Operation 80 'add' 'add_ln53_68' <Predicate = (!icmp_ln168)> <Delay = 1.86> <CoreInst = "Adder">   --->   Core 1 'Adder' <Latency = 0> <II = 1> <Delay = 1.86> <FuncUnit> <Opcode : 'add' 'sub'> <InPorts = 2> <OutPorts = 1>
ST_3 : Operation 81 [1/1] (0.00ns)   --->   "%scaled_re_3 = partselect i16 @_ssdm_op_PartSelect.i16.i17.i32.i32, i17 %add_ln53_68, i32 1, i32 16" [mdf_fft/fft_mdf.cpp:53->mdf_fft/fft_mdf.cpp:225->mdf_fft/fft_mdf.cpp:370]   --->   Operation 81 'partselect' 'scaled_re_3' <Predicate = (!icmp_ln168)> <Delay = 0.00>
ST_3 : Operation 82 [1/1] (0.00ns)   --->   "%zext_ln53_127 = zext i1 %icmp_ln53_69" [mdf_fft/fft_mdf.cpp:53->mdf_fft/fft_mdf.cpp:226->mdf_fft/fft_mdf.cpp:370]   --->   Operation 82 'zext' 'zext_ln53_127' <Predicate = (!icmp_ln168)> <Delay = 0.00>
ST_3 : Operation 83 [1/1] (1.86ns)   --->   "%add_ln53_69 = add i17 %diff_im_B, i17 %zext_ln53_127" [mdf_fft/fft_mdf.cpp:53->mdf_fft/fft_mdf.cpp:226->mdf_fft/fft_mdf.cpp:370]   --->   Operation 83 'add' 'add_ln53_69' <Predicate = (!icmp_ln168)> <Delay = 1.86> <CoreInst = "Adder">   --->   Core 1 'Adder' <Latency = 0> <II = 1> <Delay = 1.86> <FuncUnit> <Opcode : 'add' 'sub'> <InPorts = 2> <OutPorts = 1>
ST_3 : Operation 84 [1/1] (0.00ns)   --->   "%scaled_im_3 = partselect i16 @_ssdm_op_PartSelect.i16.i17.i32.i32, i17 %add_ln53_69, i32 1, i32 16" [mdf_fft/fft_mdf.cpp:53->mdf_fft/fft_mdf.cpp:226->mdf_fft/fft_mdf.cpp:370]   --->   Operation 84 'partselect' 'scaled_im_3' <Predicate = (!icmp_ln168)> <Delay = 0.00>
ST_3 : Operation 85 [1/1] (0.00ns)   --->   "%tmp_2 = bitconcatenate i129 @_ssdm_op_BitConcatenate.i129.i1.i16.i16.i16.i16.i16.i16.i16.i16, i1 %tmp, i16 %scaled_im_3, i16 %scaled_re_3, i16 %scaled_im_2, i16 %scaled_re_2, i16 %scaled_im_1, i16 %scaled_re_1, i16 %scaled_im, i16 %scaled_re" [mdf_fft/fft_mdf.cpp:231->mdf_fft/fft_mdf.cpp:370]   --->   Operation 85 'bitconcatenate' 'tmp_2' <Predicate = (!icmp_ln168)> <Delay = 0.00>
ST_3 : Operation 86 [1/1] (3.39ns)   --->   "%write_ln231 = write void @_ssdm_op_Write.ap_fifo.volatile.i129P0A, i129 %s9, i129 %tmp_2" [mdf_fft/fft_mdf.cpp:231->mdf_fft/fft_mdf.cpp:370]   --->   Operation 86 'write' 'write_ln231' <Predicate = (!icmp_ln168)> <Delay = 3.39> <CoreInst = "FIFO">   --->   Core 78 'FIFO' <Latency = 0> <II = 1> <Delay = 3.39> <Storage> <Opcode : 'read' 'write' 'nbread' 'nbwrite'> <Ports = 0> <Width = 129> <Depth = 260> <FIFO>
ST_3 : Operation 87 [1/1] (0.00ns)   --->   "%br_ln168 = br void %for.cond.i1021" [mdf_fft/fft_mdf.cpp:168->mdf_fft/fft_mdf.cpp:370]   --->   Operation 87 'br' 'br_ln168' <Predicate = (!icmp_ln168)> <Delay = 0.00>
ST_3 : Operation 88 [1/1] (0.00ns)   --->   "%ret_ln0 = ret"   --->   Operation 88 'ret' 'ret_ln0' <Predicate = (icmp_ln168)> <Delay = 0.00>


============================================================
+ Verbose Summary: Timing violations
============================================================
Target clock period: 10.000ns, clock uncertainty: 2.700ns.

 <State 1>: 4.382ns
The critical path consists of the following:
	'store' operation 0 bit ('store_ln168', mdf_fft/fft_mdf.cpp:168->mdf_fft/fft_mdf.cpp:370) of constant 0 on local variable 'cyc', mdf_fft/fft_mdf.cpp:168->mdf_fft/fft_mdf.cpp:370 [6]  (1.324 ns)
	'load' operation 9 bit ('cyc', mdf_fft/fft_mdf.cpp:168->mdf_fft/fft_mdf.cpp:370) on local variable 'cyc', mdf_fft/fft_mdf.cpp:168->mdf_fft/fft_mdf.cpp:370 [9]  (0.000 ns)
	'add' operation 9 bit ('cyc', mdf_fft/fft_mdf.cpp:168->mdf_fft/fft_mdf.cpp:370) [11]  (1.734 ns)
	'store' operation 0 bit ('store_ln168', mdf_fft/fft_mdf.cpp:168->mdf_fft/fft_mdf.cpp:370) of variable 'cyc', mdf_fft/fft_mdf.cpp:168->mdf_fft/fft_mdf.cpp:370 on local variable 'cyc', mdf_fft/fft_mdf.cpp:168->mdf_fft/fft_mdf.cpp:370 [85]  (1.324 ns)

 <State 2>: 6.438ns
The critical path consists of the following:
	fifo read operation ('s8_read', mdf_fft/fft_mdf.cpp:171->mdf_fft/fft_mdf.cpp:370) on port 's8' (mdf_fft/fft_mdf.cpp:171->mdf_fft/fft_mdf.cpp:370) [17]  (3.396 ns)
	'add' operation 17 bit ('sum_re_A', mdf_fft/fft_mdf.cpp:204->mdf_fft/fft_mdf.cpp:370) [27]  (1.840 ns)
	'icmp' operation 1 bit ('icmp_ln53', mdf_fft/fft_mdf.cpp:53->mdf_fft/fft_mdf.cpp:225->mdf_fft/fft_mdf.cpp:370) [51]  (1.202 ns)

 <State 3>: 5.257ns
The critical path consists of the following:
	'add' operation 17 bit ('add_ln53', mdf_fft/fft_mdf.cpp:53->mdf_fft/fft_mdf.cpp:225->mdf_fft/fft_mdf.cpp:370) [53]  (1.861 ns)
	fifo write operation ('write_ln231', mdf_fft/fft_mdf.cpp:231->mdf_fft/fft_mdf.cpp:370) on port 's9' (mdf_fft/fft_mdf.cpp:231->mdf_fft/fft_mdf.cpp:370) [84]  (3.396 ns)


============================================================
+ Verbose Summary: Binding
============================================================
N/A
* FSMD analyzer results:
  - Output states:
 - Input state : 
  - Chain level:
	State 1
	State 2
	State 3


============================================================
+ Verbose Summary: Datapath Resource usage 
============================================================
N/A
