

================================================================
== Vitis HLS Report for 'Loop_VITIS_LOOP_95_1_proc717'
================================================================
* Date:           Tue Jun 30 20:57:53 2026

* Version:        2023.2 (Build 4023990 on Oct 11 2023)
* Project:        mdf_fft_hls
* Solution:       solution1 (Vivado IP Flow Target)
* Product family: artix7
* Target device:  xc7a200t-fbg676-2


================================================================
== Performance Estimates
================================================================
+ Timing: 
    * Summary: 
    +--------+----------+----------+------------+
    |  Clock |  Target  | Estimated| Uncertainty|
    +--------+----------+----------+------------+
    |ap_clk  |  10.00 ns|  6.480 ns|     2.70 ns|
    +--------+----------+----------+------------+

+ Latency: 
    * Summary: 
    +---------+---------+----------+----------+-----+-----+---------+
    |  Latency (cycles) |  Latency (absolute) |  Interval | Pipeline|
    |   min   |   max   |    min   |    max   | min | max |   Type  |
    +---------+---------+----------+----------+-----+-----+---------+
    |      261|      261|  2.610 us|  2.610 us|  261|  261|       no|
    +---------+---------+----------+----------+-----+-----+---------+

    + Detail: 
        * Instance: 
        N/A

        * Loop: 
        +-------------------+---------+---------+----------+-----------+-----------+------+----------+
        |                   |  Latency (cycles) | Iteration|  Initiation Interval  | Trip |          |
        |     Loop Name     |   min   |   max   |  Latency |  achieved |   target  | Count| Pipelined|
        +-------------------+---------+---------+----------+-----------+-----------+------+----------+
        |- VITIS_LOOP_95_1  |      259|      259|         5|          1|          1|   256|  yes(flp)|
        +-------------------+---------+---------+----------+-----------+-----------+------+----------+

============================================================
+ Verbose Summary: Synthesis Manager
============================================================
InlineROM: 1
ExposeGlobal: 0
============================================================
+ Verbose Summary: CDFG Model
============================================================
IsTopModel: 0
ResetActiveHigh: 1
IsCombinational: 2
IsDatapathOnly: 0
HasWiredReturn: 1
HasMFsm: 1
HasVarLatency: 1
IsPipeline: 0
IsRtlPipelined: 0
IsInstanceOverlapped: 0
IsDontTouch: 0
HasImplIP: 0
IsGatedGlobalClock: 0

+ Individual pipeline summary: 
  * Pipeline-0: initiation interval (II) = 1, depth = 5


============================================================
+ Verbose Summary: Schedule
============================================================
* Number of FSM states : 5
* Pipeline : 1
  Pipeline-0 : II = 1, D = 5, States = { 1 2 3 4 5 }
* Dataflow Pipeline: 0

* FSM state transitions: 
1 --> 2 
2 --> 3 
3 --> 4 
4 --> 5 
5 --> 

* FSM state operations: 

State 1 <SV = 0> <Delay = 6.45>
ST_1 : Operation 8 [1/1] (0.00ns)   --->   "%cyc = alloca i32 1" [mdf_fft/fft_mdf.cpp:95->mdf_fft/fft_mdf.cpp:366]   --->   Operation 8 'alloca' 'cyc' <Predicate = true> <Delay = 0.00>
ST_1 : Operation 9 [1/1] (0.00ns)   --->   "%specinterface_ln0 = specinterface void @_ssdm_op_SpecInterface, i129 %s7, void @empty_10, i32 0, i32 0, void @empty_9, i32 0, i32 0, void @empty_9, void @empty_9, void @empty_9, i32 0, i32 0, i32 0, i32 0, void @empty_9, void @empty_9, i32 4294967295, i32 0"   --->   Operation 9 'specinterface' 'specinterface_ln0' <Predicate = true> <Delay = 0.00>
ST_1 : Operation 10 [1/1] (0.00ns)   --->   "%specinterface_ln0 = specinterface void @_ssdm_op_SpecInterface, i129 %s6, void @empty_10, i32 0, i32 0, void @empty_9, i32 0, i32 0, void @empty_9, void @empty_9, void @empty_9, i32 0, i32 0, i32 0, i32 0, void @empty_9, void @empty_9, i32 4294967295, i32 0"   --->   Operation 10 'specinterface' 'specinterface_ln0' <Predicate = true> <Delay = 0.00>
ST_1 : Operation 11 [1/1] (1.32ns)   --->   "%store_ln95 = store i9 0, i9 %cyc" [mdf_fft/fft_mdf.cpp:95->mdf_fft/fft_mdf.cpp:366]   --->   Operation 11 'store' 'store_ln95' <Predicate = true> <Delay = 1.32>
ST_1 : Operation 12 [1/1] (0.00ns)   --->   "%br_ln0 = br void %for.cond.i1664"   --->   Operation 12 'br' 'br_ln0' <Predicate = true> <Delay = 0.00>
ST_1 : Operation 13 [1/1] (0.00ns)   --->   "%cyc_1 = load i9 %cyc" [mdf_fft/fft_mdf.cpp:95->mdf_fft/fft_mdf.cpp:366]   --->   Operation 13 'load' 'cyc_1' <Predicate = true> <Delay = 0.00>
ST_1 : Operation 14 [1/1] (1.73ns)   --->   "%icmp_ln95 = icmp_eq  i9 %cyc_1, i9 256" [mdf_fft/fft_mdf.cpp:95->mdf_fft/fft_mdf.cpp:366]   --->   Operation 14 'icmp' 'icmp_ln95' <Predicate = true> <Delay = 1.73> <CoreInst = "Cmp">   --->   Core 9 'Cmp' <Latency = 0> <II = 1> <Delay = 1.73> <FuncUnit> <Opcode : 'icmp'> <InPorts = 2> <OutPorts = 1>
ST_1 : Operation 15 [1/1] (1.73ns)   --->   "%cyc_2 = add i9 %cyc_1, i9 1" [mdf_fft/fft_mdf.cpp:95->mdf_fft/fft_mdf.cpp:366]   --->   Operation 15 'add' 'cyc_2' <Predicate = true> <Delay = 1.73> <CoreInst = "Adder">   --->   Core 1 'Adder' <Latency = 0> <II = 1> <Delay = 1.73> <FuncUnit> <Opcode : 'add' 'sub'> <InPorts = 2> <OutPorts = 1>
ST_1 : Operation 16 [1/1] (0.00ns)   --->   "%br_ln95 = br i1 %icmp_ln95, void %for.body.i1669, void %for.cond.i1257.exitStub" [mdf_fft/fft_mdf.cpp:95->mdf_fft/fft_mdf.cpp:366]   --->   Operation 16 'br' 'br_ln95' <Predicate = true> <Delay = 0.00>
ST_1 : Operation 17 [1/1] (0.00ns)   --->   "%trunc_ln95 = trunc i9 %cyc_1" [mdf_fft/fft_mdf.cpp:95->mdf_fft/fft_mdf.cpp:366]   --->   Operation 17 'trunc' 'trunc_ln95' <Predicate = (!icmp_ln95)> <Delay = 0.00>
ST_1 : Operation 18 [1/1] (3.39ns)   --->   "%s6_read = read i129 @_ssdm_op_Read.ap_fifo.volatile.i129P0A, i129 %s6" [mdf_fft/fft_mdf.cpp:100->mdf_fft/fft_mdf.cpp:366]   --->   Operation 18 'read' 's6_read' <Predicate = (!icmp_ln95)> <Delay = 3.39> <CoreInst = "FIFO">   --->   Core 78 'FIFO' <Latency = 0> <II = 1> <Delay = 3.39> <Storage> <Opcode : 'read' 'write' 'nbread' 'nbwrite'> <Ports = 0> <Width = 129> <Depth = 260> <FIFO>
ST_1 : Operation 19 [1/1] (0.00ns)   --->   "%y_last = bitselect i1 @_ssdm_op_BitSelect.i1.i129.i32, i129 %s6_read, i32 128" [mdf_fft/fft_mdf.cpp:100->mdf_fft/fft_mdf.cpp:366]   --->   Operation 19 'bitselect' 'y_last' <Predicate = (!icmp_ln95)> <Delay = 0.00>
ST_1 : Operation 20 [1/1] (0.00ns)   --->   "%in_re = trunc i129 %s6_read" [mdf_fft/fft_mdf.cpp:32->mdf_fft/fft_mdf.cpp:102->mdf_fft/fft_mdf.cpp:366]   --->   Operation 20 'trunc' 'in_re' <Predicate = (!icmp_ln95)> <Delay = 0.00>
ST_1 : Operation 21 [1/1] (0.00ns)   --->   "%in_im = partselect i16 @_ssdm_op_PartSelect.i16.i129.i32.i32, i129 %s6_read, i32 16, i32 31" [mdf_fft/fft_mdf.cpp:33->mdf_fft/fft_mdf.cpp:102->mdf_fft/fft_mdf.cpp:366]   --->   Operation 21 'partselect' 'in_im' <Predicate = (!icmp_ln95)> <Delay = 0.00>
ST_1 : Operation 22 [1/1] (0.00ns)   --->   "%in_re_1 = partselect i16 @_ssdm_op_PartSelect.i16.i129.i32.i32, i129 %s6_read, i32 32, i32 47" [mdf_fft/fft_mdf.cpp:32->mdf_fft/fft_mdf.cpp:102->mdf_fft/fft_mdf.cpp:366]   --->   Operation 22 'partselect' 'in_re_1' <Predicate = (!icmp_ln95)> <Delay = 0.00>
ST_1 : Operation 23 [1/1] (0.00ns)   --->   "%in_im_1 = partselect i16 @_ssdm_op_PartSelect.i16.i129.i32.i32, i129 %s6_read, i32 48, i32 63" [mdf_fft/fft_mdf.cpp:33->mdf_fft/fft_mdf.cpp:102->mdf_fft/fft_mdf.cpp:366]   --->   Operation 23 'partselect' 'in_im_1' <Predicate = (!icmp_ln95)> <Delay = 0.00>
ST_1 : Operation 24 [1/1] (0.00ns)   --->   "%in_re_2 = partselect i16 @_ssdm_op_PartSelect.i16.i129.i32.i32, i129 %s6_read, i32 64, i32 79" [mdf_fft/fft_mdf.cpp:32->mdf_fft/fft_mdf.cpp:102->mdf_fft/fft_mdf.cpp:366]   --->   Operation 24 'partselect' 'in_re_2' <Predicate = (!icmp_ln95)> <Delay = 0.00>
ST_1 : Operation 25 [1/1] (0.00ns)   --->   "%in_im_2 = partselect i16 @_ssdm_op_PartSelect.i16.i129.i32.i32, i129 %s6_read, i32 80, i32 95" [mdf_fft/fft_mdf.cpp:33->mdf_fft/fft_mdf.cpp:102->mdf_fft/fft_mdf.cpp:366]   --->   Operation 25 'partselect' 'in_im_2' <Predicate = (!icmp_ln95)> <Delay = 0.00>
ST_1 : Operation 26 [1/1] (0.00ns)   --->   "%in_re_3 = partselect i16 @_ssdm_op_PartSelect.i16.i129.i32.i32, i129 %s6_read, i32 96, i32 111" [mdf_fft/fft_mdf.cpp:32->mdf_fft/fft_mdf.cpp:102->mdf_fft/fft_mdf.cpp:366]   --->   Operation 26 'partselect' 'in_re_3' <Predicate = (!icmp_ln95)> <Delay = 0.00>
ST_1 : Operation 27 [1/1] (0.00ns)   --->   "%in_im_3 = partselect i16 @_ssdm_op_PartSelect.i16.i129.i32.i32, i129 %s6_read, i32 112, i32 127" [mdf_fft/fft_mdf.cpp:33->mdf_fft/fft_mdf.cpp:102->mdf_fft/fft_mdf.cpp:366]   --->   Operation 27 'partselect' 'in_im_3' <Predicate = (!icmp_ln95)> <Delay = 0.00>
ST_1 : Operation 28 [1/1] (0.00ns)   --->   "%br_ln117 = br i1 %trunc_ln95, void %for.body22.i1728, void %for.body51.i2367" [mdf_fft/fft_mdf.cpp:117->mdf_fft/fft_mdf.cpp:366]   --->   Operation 28 'br' 'br_ln117' <Predicate = (!icmp_ln95)> <Delay = 0.00>
ST_1 : Operation 29 [1/1] (1.32ns)   --->   "%store_ln95 = store i9 %cyc_2, i9 %cyc" [mdf_fft/fft_mdf.cpp:95->mdf_fft/fft_mdf.cpp:366]   --->   Operation 29 'store' 'store_ln95' <Predicate = (!icmp_ln95)> <Delay = 1.32>

State 2 <SV = 1> <Delay = 6.22>
ST_2 : Operation 30 [1/1] (0.00ns)   --->   "%a_re_1 = load i16 %void_stage_fb_7_1_stream_mdf_word_t_0_stream_mdf_word_t_0_delay_re_2_0" [mdf_fft/fft_mdf.cpp:111->mdf_fft/fft_mdf.cpp:366]   --->   Operation 30 'load' 'a_re_1' <Predicate = (!icmp_ln95)> <Delay = 0.00>
ST_2 : Operation 31 [1/1] (0.00ns)   --->   "%a_re_3 = load i16 %void_stage_fb_7_1_stream_mdf_word_t_0_stream_mdf_word_t_0_delay_re_4_0" [mdf_fft/fft_mdf.cpp:111->mdf_fft/fft_mdf.cpp:366]   --->   Operation 31 'load' 'a_re_3' <Predicate = (!icmp_ln95)> <Delay = 0.00>
ST_2 : Operation 32 [1/1] (0.00ns)   --->   "%a_im_3 = load i16 %void_stage_fb_7_1_stream_mdf_word_t_0_stream_mdf_word_t_0_delay_im_7_0" [mdf_fft/fft_mdf.cpp:112->mdf_fft/fft_mdf.cpp:366]   --->   Operation 32 'load' 'a_im_3' <Predicate = (!icmp_ln95)> <Delay = 0.00>
ST_2 : Operation 33 [1/1] (0.00ns)   --->   "%sext_ln63_1 = sext i16 %a_re_1" [mdf_fft/fft_mdf.cpp:63->mdf_fft/fft_mdf.cpp:126->mdf_fft/fft_mdf.cpp:366]   --->   Operation 33 'sext' 'sext_ln63_1' <Predicate = (!icmp_ln95 & !trunc_ln95)> <Delay = 0.00>
ST_2 : Operation 34 [3/3] (1.38ns) (grouped into DSP with root node pr_1)   --->   "%mul_ln63 = mul i31 %sext_ln63_1, i31 23170" [mdf_fft/fft_mdf.cpp:63->mdf_fft/fft_mdf.cpp:126->mdf_fft/fft_mdf.cpp:366]   --->   Operation 34 'mul' 'mul_ln63' <Predicate = (!icmp_ln95 & !trunc_ln95)> <Delay = 1.38> <CoreInst = "DSP48">   --->   Core 119 'DSP48' <Latency = 3> <II = 1> <Delay = 1.82> <IPBlock> <Opcode : '' 'add' 'sub' 'mul' 'select'> <InPorts = 0> <OutPorts = 1> <Sync> <CReg>
ST_2 : Operation 35 [3/3] (1.38ns) (grouped into DSP with root node pi_1)   --->   "%mul_ln64 = mul i31 %sext_ln63_1, i31 2147460477" [mdf_fft/fft_mdf.cpp:64->mdf_fft/fft_mdf.cpp:126->mdf_fft/fft_mdf.cpp:366]   --->   Operation 35 'mul' 'mul_ln64' <Predicate = (!icmp_ln95 & !trunc_ln95)> <Delay = 1.38> <CoreInst = "DSP48">   --->   Core 119 'DSP48' <Latency = 3> <II = 1> <Delay = 1.82> <IPBlock> <Opcode : '' 'add' 'sub' 'mul' 'select'> <InPorts = 0> <OutPorts = 1> <Sync> <CReg>
ST_2 : Operation 36 [1/1] (1.32ns)   --->   "%store_ln121 = store i16 %in_re_1, i16 %void_stage_fb_7_1_stream_mdf_word_t_0_stream_mdf_word_t_0_delay_re_2_0" [mdf_fft/fft_mdf.cpp:121->mdf_fft/fft_mdf.cpp:366]   --->   Operation 36 'store' 'store_ln121' <Predicate = (!icmp_ln95 & !trunc_ln95)> <Delay = 1.32>
ST_2 : Operation 37 [1/1] (1.32ns)   --->   "%store_ln121 = store i16 %in_re_3, i16 %void_stage_fb_7_1_stream_mdf_word_t_0_stream_mdf_word_t_0_delay_re_4_0" [mdf_fft/fft_mdf.cpp:121->mdf_fft/fft_mdf.cpp:366]   --->   Operation 37 'store' 'store_ln121' <Predicate = (!icmp_ln95 & !trunc_ln95)> <Delay = 1.32>
ST_2 : Operation 38 [1/1] (1.32ns)   --->   "%store_ln122 = store i16 %in_im_3, i16 %void_stage_fb_7_1_stream_mdf_word_t_0_stream_mdf_word_t_0_delay_im_7_0" [mdf_fft/fft_mdf.cpp:122->mdf_fft/fft_mdf.cpp:366]   --->   Operation 38 'store' 'store_ln122' <Predicate = (!icmp_ln95 & !trunc_ln95)> <Delay = 1.32>
ST_2 : Operation 39 [1/1] (0.00ns)   --->   "%sext_ln63_5 = sext i16 %a_re_3" [mdf_fft/fft_mdf.cpp:63->mdf_fft/fft_mdf.cpp:126->mdf_fft/fft_mdf.cpp:366]   --->   Operation 39 'sext' 'sext_ln63_5' <Predicate = (!icmp_ln95 & !trunc_ln95)> <Delay = 0.00>
ST_2 : Operation 40 [1/1] (0.00ns)   --->   "%sext_ln63_6 = sext i16 %a_im_3" [mdf_fft/fft_mdf.cpp:63->mdf_fft/fft_mdf.cpp:126->mdf_fft/fft_mdf.cpp:366]   --->   Operation 40 'sext' 'sext_ln63_6' <Predicate = (!icmp_ln95 & !trunc_ln95)> <Delay = 0.00>
ST_2 : Operation 41 [1/1] (3.38ns) (grouped into DSP with root node mul_ln64_2)   --->   "%add_ln64 = add i17 %sext_ln63_6, i17 %sext_ln63_5" [mdf_fft/fft_mdf.cpp:64->mdf_fft/fft_mdf.cpp:126->mdf_fft/fft_mdf.cpp:366]   --->   Operation 41 'add' 'add_ln64' <Predicate = (!icmp_ln95 & !trunc_ln95)> <Delay = 3.38> <CoreInst = "DSP48">   --->   Core 119 'DSP48' <Latency = 3> <II = 1> <Delay = 1.82> <IPBlock> <Opcode : '' 'add' 'sub' 'mul' 'select'> <InPorts = 0> <OutPorts = 1> <Sync> <CReg>
ST_2 : Operation 42 [1/1] (0.00ns) (grouped into DSP with root node mul_ln64_2)   --->   "%sext_ln64_1 = sext i17 %add_ln64" [mdf_fft/fft_mdf.cpp:64->mdf_fft/fft_mdf.cpp:126->mdf_fft/fft_mdf.cpp:366]   --->   Operation 42 'sext' 'sext_ln64_1' <Predicate = (!icmp_ln95 & !trunc_ln95)> <Delay = 0.00>
ST_2 : Operation 43 [1/1] (3.38ns) (grouped into DSP with root node mul_ln63_2)   --->   "%sub_ln63 = sub i17 %sext_ln63_5, i17 %sext_ln63_6" [mdf_fft/fft_mdf.cpp:63->mdf_fft/fft_mdf.cpp:126->mdf_fft/fft_mdf.cpp:366]   --->   Operation 43 'sub' 'sub_ln63' <Predicate = (!icmp_ln95 & !trunc_ln95)> <Delay = 3.38> <CoreInst = "DSP48">   --->   Core 119 'DSP48' <Latency = 3> <II = 1> <Delay = 1.82> <IPBlock> <Opcode : '' 'add' 'sub' 'mul' 'select'> <InPorts = 0> <OutPorts = 1> <Sync> <CReg>
ST_2 : Operation 44 [1/1] (0.00ns) (grouped into DSP with root node mul_ln63_2)   --->   "%sext_ln63_7 = sext i17 %sub_ln63" [mdf_fft/fft_mdf.cpp:63->mdf_fft/fft_mdf.cpp:126->mdf_fft/fft_mdf.cpp:366]   --->   Operation 44 'sext' 'sext_ln63_7' <Predicate = (!icmp_ln95 & !trunc_ln95)> <Delay = 0.00>
ST_2 : Operation 45 [4/4] (1.38ns) (root node of the DSP)   --->   "%mul_ln63_2 = mul i31 %sext_ln63_7, i31 2147460477" [mdf_fft/fft_mdf.cpp:63->mdf_fft/fft_mdf.cpp:126->mdf_fft/fft_mdf.cpp:366]   --->   Operation 45 'mul' 'mul_ln63_2' <Predicate = (!icmp_ln95 & !trunc_ln95)> <Delay = 1.38> <CoreInst = "DSP48">   --->   Core 119 'DSP48' <Latency = 3> <II = 1> <Delay = 1.82> <IPBlock> <Opcode : '' 'add' 'sub' 'mul' 'select'> <InPorts = 0> <OutPorts = 1> <Sync> <CReg>
ST_2 : Operation 46 [4/4] (1.38ns) (root node of the DSP)   --->   "%mul_ln64_2 = mul i31 %sext_ln64_1, i31 2147460477" [mdf_fft/fft_mdf.cpp:64->mdf_fft/fft_mdf.cpp:126->mdf_fft/fft_mdf.cpp:366]   --->   Operation 46 'mul' 'mul_ln64_2' <Predicate = (!icmp_ln95 & !trunc_ln95)> <Delay = 1.38> <CoreInst = "DSP48">   --->   Core 119 'DSP48' <Latency = 3> <II = 1> <Delay = 1.82> <IPBlock> <Opcode : '' 'add' 'sub' 'mul' 'select'> <InPorts = 0> <OutPorts = 1> <Sync> <CReg>
ST_2 : Operation 47 [1/1] (0.00ns)   --->   "%sext_ln136_2 = sext i16 %a_re_1" [mdf_fft/fft_mdf.cpp:136->mdf_fft/fft_mdf.cpp:366]   --->   Operation 47 'sext' 'sext_ln136_2' <Predicate = (!icmp_ln95 & trunc_ln95)> <Delay = 0.00>
ST_2 : Operation 48 [1/1] (0.00ns)   --->   "%sext_ln136_3 = sext i16 %in_re_1" [mdf_fft/fft_mdf.cpp:136->mdf_fft/fft_mdf.cpp:366]   --->   Operation 48 'sext' 'sext_ln136_3' <Predicate = (!icmp_ln95 & trunc_ln95)> <Delay = 0.00>
ST_2 : Operation 49 [1/1] (1.84ns)   --->   "%diff_re_1 = sub i17 %sext_ln136_2, i17 %sext_ln136_3" [mdf_fft/fft_mdf.cpp:136->mdf_fft/fft_mdf.cpp:366]   --->   Operation 49 'sub' 'diff_re_1' <Predicate = (!icmp_ln95 & trunc_ln95)> <Delay = 1.84> <CoreInst = "Adder">   --->   Core 1 'Adder' <Latency = 0> <II = 1> <Delay = 1.84> <FuncUnit> <Opcode : 'add' 'sub'> <InPorts = 2> <OutPorts = 1>
ST_2 : Operation 50 [1/1] (0.00ns)   --->   "%trunc_ln136_1 = trunc i17 %diff_re_1" [mdf_fft/fft_mdf.cpp:136->mdf_fft/fft_mdf.cpp:366]   --->   Operation 50 'trunc' 'trunc_ln136_1' <Predicate = (!icmp_ln95 & trunc_ln95)> <Delay = 0.00>
ST_2 : Operation 51 [1/1] (1.84ns)   --->   "%sum_re_1 = add i17 %sext_ln136_2, i17 %sext_ln136_3" [mdf_fft/fft_mdf.cpp:134->mdf_fft/fft_mdf.cpp:366]   --->   Operation 51 'add' 'sum_re_1' <Predicate = (!icmp_ln95 & trunc_ln95)> <Delay = 1.84> <CoreInst = "Adder">   --->   Core 1 'Adder' <Latency = 0> <II = 1> <Delay = 1.84> <FuncUnit> <Opcode : 'add' 'sub'> <InPorts = 2> <OutPorts = 1>
ST_2 : Operation 52 [1/1] (0.00ns)   --->   "%trunc_ln134_1 = trunc i17 %sum_re_1" [mdf_fft/fft_mdf.cpp:134->mdf_fft/fft_mdf.cpp:366]   --->   Operation 52 'trunc' 'trunc_ln134_1' <Predicate = (!icmp_ln95 & trunc_ln95)> <Delay = 0.00>
ST_2 : Operation 53 [1/1] (1.20ns)   --->   "%icmp_ln53_4 = icmp_eq  i2 %trunc_ln136_1, i2 3" [mdf_fft/fft_mdf.cpp:53->mdf_fft/fft_mdf.cpp:139->mdf_fft/fft_mdf.cpp:366]   --->   Operation 53 'icmp' 'icmp_ln53_4' <Predicate = (!icmp_ln95 & trunc_ln95)> <Delay = 1.20> <CoreInst = "Cmp">   --->   Core 9 'Cmp' <Latency = 0> <II = 1> <Delay = 1.20> <FuncUnit> <Opcode : 'icmp'> <InPorts = 2> <OutPorts = 1>
ST_2 : Operation 54 [1/1] (0.00ns)   --->   "%zext_ln53_4 = zext i1 %icmp_ln53_4" [mdf_fft/fft_mdf.cpp:53->mdf_fft/fft_mdf.cpp:139->mdf_fft/fft_mdf.cpp:366]   --->   Operation 54 'zext' 'zext_ln53_4' <Predicate = (!icmp_ln95 & trunc_ln95)> <Delay = 0.00>
ST_2 : Operation 55 [1/1] (1.86ns)   --->   "%add_ln53_4 = add i17 %diff_re_1, i17 %zext_ln53_4" [mdf_fft/fft_mdf.cpp:53->mdf_fft/fft_mdf.cpp:139->mdf_fft/fft_mdf.cpp:366]   --->   Operation 55 'add' 'add_ln53_4' <Predicate = (!icmp_ln95 & trunc_ln95)> <Delay = 1.86> <CoreInst = "Adder">   --->   Core 1 'Adder' <Latency = 0> <II = 1> <Delay = 1.86> <FuncUnit> <Opcode : 'add' 'sub'> <InPorts = 2> <OutPorts = 1>
ST_2 : Operation 56 [1/1] (0.00ns)   --->   "%trunc_ln53_4 = partselect i16 @_ssdm_op_PartSelect.i16.i17.i32.i32, i17 %add_ln53_4, i32 1, i32 16" [mdf_fft/fft_mdf.cpp:53->mdf_fft/fft_mdf.cpp:139->mdf_fft/fft_mdf.cpp:366]   --->   Operation 56 'partselect' 'trunc_ln53_4' <Predicate = (!icmp_ln95 & trunc_ln95)> <Delay = 0.00>
ST_2 : Operation 57 [1/1] (1.20ns)   --->   "%icmp_ln53_6 = icmp_eq  i2 %trunc_ln134_1, i2 3" [mdf_fft/fft_mdf.cpp:53->mdf_fft/fft_mdf.cpp:141->mdf_fft/fft_mdf.cpp:366]   --->   Operation 57 'icmp' 'icmp_ln53_6' <Predicate = (!icmp_ln95 & trunc_ln95)> <Delay = 1.20> <CoreInst = "Cmp">   --->   Core 9 'Cmp' <Latency = 0> <II = 1> <Delay = 1.20> <FuncUnit> <Opcode : 'icmp'> <InPorts = 2> <OutPorts = 1>
ST_2 : Operation 58 [1/1] (0.00ns)   --->   "%zext_ln53_6 = zext i1 %icmp_ln53_6" [mdf_fft/fft_mdf.cpp:53->mdf_fft/fft_mdf.cpp:141->mdf_fft/fft_mdf.cpp:366]   --->   Operation 58 'zext' 'zext_ln53_6' <Predicate = (!icmp_ln95 & trunc_ln95)> <Delay = 0.00>
ST_2 : Operation 59 [1/1] (1.86ns)   --->   "%add_ln53_6 = add i17 %sum_re_1, i17 %zext_ln53_6" [mdf_fft/fft_mdf.cpp:53->mdf_fft/fft_mdf.cpp:141->mdf_fft/fft_mdf.cpp:366]   --->   Operation 59 'add' 'add_ln53_6' <Predicate = (!icmp_ln95 & trunc_ln95)> <Delay = 1.86> <CoreInst = "Adder">   --->   Core 1 'Adder' <Latency = 0> <II = 1> <Delay = 1.86> <FuncUnit> <Opcode : 'add' 'sub'> <InPorts = 2> <OutPorts = 1>
ST_2 : Operation 60 [1/1] (0.00ns)   --->   "%out_re_1 = partselect i16 @_ssdm_op_PartSelect.i16.i17.i32.i32, i17 %add_ln53_6, i32 1, i32 16" [mdf_fft/fft_mdf.cpp:53->mdf_fft/fft_mdf.cpp:141->mdf_fft/fft_mdf.cpp:366]   --->   Operation 60 'partselect' 'out_re_1' <Predicate = (!icmp_ln95 & trunc_ln95)> <Delay = 0.00>
ST_2 : Operation 61 [1/1] (0.00ns)   --->   "%sext_ln136_6 = sext i16 %a_re_3" [mdf_fft/fft_mdf.cpp:136->mdf_fft/fft_mdf.cpp:366]   --->   Operation 61 'sext' 'sext_ln136_6' <Predicate = (!icmp_ln95 & trunc_ln95)> <Delay = 0.00>
ST_2 : Operation 62 [1/1] (0.00ns)   --->   "%sext_ln136_7 = sext i16 %in_re_3" [mdf_fft/fft_mdf.cpp:136->mdf_fft/fft_mdf.cpp:366]   --->   Operation 62 'sext' 'sext_ln136_7' <Predicate = (!icmp_ln95 & trunc_ln95)> <Delay = 0.00>
ST_2 : Operation 63 [1/1] (1.84ns)   --->   "%diff_re_3 = sub i17 %sext_ln136_6, i17 %sext_ln136_7" [mdf_fft/fft_mdf.cpp:136->mdf_fft/fft_mdf.cpp:366]   --->   Operation 63 'sub' 'diff_re_3' <Predicate = (!icmp_ln95 & trunc_ln95)> <Delay = 1.84> <CoreInst = "Adder">   --->   Core 1 'Adder' <Latency = 0> <II = 1> <Delay = 1.84> <FuncUnit> <Opcode : 'add' 'sub'> <InPorts = 2> <OutPorts = 1>
ST_2 : Operation 64 [1/1] (0.00ns)   --->   "%trunc_ln136_3 = trunc i17 %diff_re_3" [mdf_fft/fft_mdf.cpp:136->mdf_fft/fft_mdf.cpp:366]   --->   Operation 64 'trunc' 'trunc_ln136_3' <Predicate = (!icmp_ln95 & trunc_ln95)> <Delay = 0.00>
ST_2 : Operation 65 [1/1] (1.84ns)   --->   "%sum_re_3 = add i17 %sext_ln136_6, i17 %sext_ln136_7" [mdf_fft/fft_mdf.cpp:134->mdf_fft/fft_mdf.cpp:366]   --->   Operation 65 'add' 'sum_re_3' <Predicate = (!icmp_ln95 & trunc_ln95)> <Delay = 1.84> <CoreInst = "Adder">   --->   Core 1 'Adder' <Latency = 0> <II = 1> <Delay = 1.84> <FuncUnit> <Opcode : 'add' 'sub'> <InPorts = 2> <OutPorts = 1>
ST_2 : Operation 66 [1/1] (0.00ns)   --->   "%trunc_ln134_3 = trunc i17 %sum_re_3" [mdf_fft/fft_mdf.cpp:134->mdf_fft/fft_mdf.cpp:366]   --->   Operation 66 'trunc' 'trunc_ln134_3' <Predicate = (!icmp_ln95 & trunc_ln95)> <Delay = 0.00>
ST_2 : Operation 67 [1/1] (0.00ns)   --->   "%sext_ln137_6 = sext i16 %a_im_3" [mdf_fft/fft_mdf.cpp:137->mdf_fft/fft_mdf.cpp:366]   --->   Operation 67 'sext' 'sext_ln137_6' <Predicate = (!icmp_ln95 & trunc_ln95)> <Delay = 0.00>
ST_2 : Operation 68 [1/1] (0.00ns)   --->   "%sext_ln137_7 = sext i16 %in_im_3" [mdf_fft/fft_mdf.cpp:137->mdf_fft/fft_mdf.cpp:366]   --->   Operation 68 'sext' 'sext_ln137_7' <Predicate = (!icmp_ln95 & trunc_ln95)> <Delay = 0.00>
ST_2 : Operation 69 [1/1] (1.84ns)   --->   "%diff_im_3 = sub i17 %sext_ln137_6, i17 %sext_ln137_7" [mdf_fft/fft_mdf.cpp:137->mdf_fft/fft_mdf.cpp:366]   --->   Operation 69 'sub' 'diff_im_3' <Predicate = (!icmp_ln95 & trunc_ln95)> <Delay = 1.84> <CoreInst = "Adder">   --->   Core 1 'Adder' <Latency = 0> <II = 1> <Delay = 1.84> <FuncUnit> <Opcode : 'add' 'sub'> <InPorts = 2> <OutPorts = 1>
ST_2 : Operation 70 [1/1] (0.00ns)   --->   "%trunc_ln137_3 = trunc i17 %diff_im_3" [mdf_fft/fft_mdf.cpp:137->mdf_fft/fft_mdf.cpp:366]   --->   Operation 70 'trunc' 'trunc_ln137_3' <Predicate = (!icmp_ln95 & trunc_ln95)> <Delay = 0.00>
ST_2 : Operation 71 [1/1] (1.84ns)   --->   "%sum_im_3 = add i17 %sext_ln137_6, i17 %sext_ln137_7" [mdf_fft/fft_mdf.cpp:135->mdf_fft/fft_mdf.cpp:366]   --->   Operation 71 'add' 'sum_im_3' <Predicate = (!icmp_ln95 & trunc_ln95)> <Delay = 1.84> <CoreInst = "Adder">   --->   Core 1 'Adder' <Latency = 0> <II = 1> <Delay = 1.84> <FuncUnit> <Opcode : 'add' 'sub'> <InPorts = 2> <OutPorts = 1>
ST_2 : Operation 72 [1/1] (0.00ns)   --->   "%trunc_ln135_3 = trunc i17 %sum_im_3" [mdf_fft/fft_mdf.cpp:135->mdf_fft/fft_mdf.cpp:366]   --->   Operation 72 'trunc' 'trunc_ln135_3' <Predicate = (!icmp_ln95 & trunc_ln95)> <Delay = 0.00>
ST_2 : Operation 73 [1/1] (1.20ns)   --->   "%icmp_ln53_12 = icmp_eq  i2 %trunc_ln136_3, i2 3" [mdf_fft/fft_mdf.cpp:53->mdf_fft/fft_mdf.cpp:139->mdf_fft/fft_mdf.cpp:366]   --->   Operation 73 'icmp' 'icmp_ln53_12' <Predicate = (!icmp_ln95 & trunc_ln95)> <Delay = 1.20> <CoreInst = "Cmp">   --->   Core 9 'Cmp' <Latency = 0> <II = 1> <Delay = 1.20> <FuncUnit> <Opcode : 'icmp'> <InPorts = 2> <OutPorts = 1>
ST_2 : Operation 74 [1/1] (0.00ns)   --->   "%zext_ln53_12 = zext i1 %icmp_ln53_12" [mdf_fft/fft_mdf.cpp:53->mdf_fft/fft_mdf.cpp:139->mdf_fft/fft_mdf.cpp:366]   --->   Operation 74 'zext' 'zext_ln53_12' <Predicate = (!icmp_ln95 & trunc_ln95)> <Delay = 0.00>
ST_2 : Operation 75 [1/1] (1.86ns)   --->   "%add_ln53_12 = add i17 %diff_re_3, i17 %zext_ln53_12" [mdf_fft/fft_mdf.cpp:53->mdf_fft/fft_mdf.cpp:139->mdf_fft/fft_mdf.cpp:366]   --->   Operation 75 'add' 'add_ln53_12' <Predicate = (!icmp_ln95 & trunc_ln95)> <Delay = 1.86> <CoreInst = "Adder">   --->   Core 1 'Adder' <Latency = 0> <II = 1> <Delay = 1.86> <FuncUnit> <Opcode : 'add' 'sub'> <InPorts = 2> <OutPorts = 1>
ST_2 : Operation 76 [1/1] (0.00ns)   --->   "%trunc_ln53_s = partselect i16 @_ssdm_op_PartSelect.i16.i17.i32.i32, i17 %add_ln53_12, i32 1, i32 16" [mdf_fft/fft_mdf.cpp:53->mdf_fft/fft_mdf.cpp:139->mdf_fft/fft_mdf.cpp:366]   --->   Operation 76 'partselect' 'trunc_ln53_s' <Predicate = (!icmp_ln95 & trunc_ln95)> <Delay = 0.00>
ST_2 : Operation 77 [1/1] (1.32ns)   --->   "%store_ln139 = store i16 %trunc_ln53_4, i16 %void_stage_fb_7_1_stream_mdf_word_t_0_stream_mdf_word_t_0_delay_re_2_0" [mdf_fft/fft_mdf.cpp:139->mdf_fft/fft_mdf.cpp:366]   --->   Operation 77 'store' 'store_ln139' <Predicate = (!icmp_ln95 & trunc_ln95)> <Delay = 1.32>
ST_2 : Operation 78 [1/1] (1.32ns)   --->   "%store_ln139 = store i16 %trunc_ln53_s, i16 %void_stage_fb_7_1_stream_mdf_word_t_0_stream_mdf_word_t_0_delay_re_4_0" [mdf_fft/fft_mdf.cpp:139->mdf_fft/fft_mdf.cpp:366]   --->   Operation 78 'store' 'store_ln139' <Predicate = (!icmp_ln95 & trunc_ln95)> <Delay = 1.32>
ST_2 : Operation 79 [1/1] (1.20ns)   --->   "%icmp_ln53_13 = icmp_eq  i2 %trunc_ln137_3, i2 3" [mdf_fft/fft_mdf.cpp:53->mdf_fft/fft_mdf.cpp:140->mdf_fft/fft_mdf.cpp:366]   --->   Operation 79 'icmp' 'icmp_ln53_13' <Predicate = (!icmp_ln95 & trunc_ln95)> <Delay = 1.20> <CoreInst = "Cmp">   --->   Core 9 'Cmp' <Latency = 0> <II = 1> <Delay = 1.20> <FuncUnit> <Opcode : 'icmp'> <InPorts = 2> <OutPorts = 1>
ST_2 : Operation 80 [1/1] (0.00ns)   --->   "%zext_ln53_13 = zext i1 %icmp_ln53_13" [mdf_fft/fft_mdf.cpp:53->mdf_fft/fft_mdf.cpp:140->mdf_fft/fft_mdf.cpp:366]   --->   Operation 80 'zext' 'zext_ln53_13' <Predicate = (!icmp_ln95 & trunc_ln95)> <Delay = 0.00>
ST_2 : Operation 81 [1/1] (1.86ns)   --->   "%add_ln53_13 = add i17 %diff_im_3, i17 %zext_ln53_13" [mdf_fft/fft_mdf.cpp:53->mdf_fft/fft_mdf.cpp:140->mdf_fft/fft_mdf.cpp:366]   --->   Operation 81 'add' 'add_ln53_13' <Predicate = (!icmp_ln95 & trunc_ln95)> <Delay = 1.86> <CoreInst = "Adder">   --->   Core 1 'Adder' <Latency = 0> <II = 1> <Delay = 1.86> <FuncUnit> <Opcode : 'add' 'sub'> <InPorts = 2> <OutPorts = 1>
ST_2 : Operation 82 [1/1] (0.00ns)   --->   "%trunc_ln53_2 = partselect i16 @_ssdm_op_PartSelect.i16.i17.i32.i32, i17 %add_ln53_13, i32 1, i32 16" [mdf_fft/fft_mdf.cpp:53->mdf_fft/fft_mdf.cpp:140->mdf_fft/fft_mdf.cpp:366]   --->   Operation 82 'partselect' 'trunc_ln53_2' <Predicate = (!icmp_ln95 & trunc_ln95)> <Delay = 0.00>
ST_2 : Operation 83 [1/1] (1.32ns)   --->   "%store_ln140 = store i16 %trunc_ln53_2, i16 %void_stage_fb_7_1_stream_mdf_word_t_0_stream_mdf_word_t_0_delay_im_7_0" [mdf_fft/fft_mdf.cpp:140->mdf_fft/fft_mdf.cpp:366]   --->   Operation 83 'store' 'store_ln140' <Predicate = (!icmp_ln95 & trunc_ln95)> <Delay = 1.32>
ST_2 : Operation 84 [1/1] (1.20ns)   --->   "%icmp_ln53_14 = icmp_eq  i2 %trunc_ln134_3, i2 3" [mdf_fft/fft_mdf.cpp:53->mdf_fft/fft_mdf.cpp:141->mdf_fft/fft_mdf.cpp:366]   --->   Operation 84 'icmp' 'icmp_ln53_14' <Predicate = (!icmp_ln95 & trunc_ln95)> <Delay = 1.20> <CoreInst = "Cmp">   --->   Core 9 'Cmp' <Latency = 0> <II = 1> <Delay = 1.20> <FuncUnit> <Opcode : 'icmp'> <InPorts = 2> <OutPorts = 1>
ST_2 : Operation 85 [1/1] (0.00ns)   --->   "%zext_ln53_14 = zext i1 %icmp_ln53_14" [mdf_fft/fft_mdf.cpp:53->mdf_fft/fft_mdf.cpp:141->mdf_fft/fft_mdf.cpp:366]   --->   Operation 85 'zext' 'zext_ln53_14' <Predicate = (!icmp_ln95 & trunc_ln95)> <Delay = 0.00>
ST_2 : Operation 86 [1/1] (1.86ns)   --->   "%add_ln53_14 = add i17 %sum_re_3, i17 %zext_ln53_14" [mdf_fft/fft_mdf.cpp:53->mdf_fft/fft_mdf.cpp:141->mdf_fft/fft_mdf.cpp:366]   --->   Operation 86 'add' 'add_ln53_14' <Predicate = (!icmp_ln95 & trunc_ln95)> <Delay = 1.86> <CoreInst = "Adder">   --->   Core 1 'Adder' <Latency = 0> <II = 1> <Delay = 1.86> <FuncUnit> <Opcode : 'add' 'sub'> <InPorts = 2> <OutPorts = 1>
ST_2 : Operation 87 [1/1] (0.00ns)   --->   "%out_re_3 = partselect i16 @_ssdm_op_PartSelect.i16.i17.i32.i32, i17 %add_ln53_14, i32 1, i32 16" [mdf_fft/fft_mdf.cpp:53->mdf_fft/fft_mdf.cpp:141->mdf_fft/fft_mdf.cpp:366]   --->   Operation 87 'partselect' 'out_re_3' <Predicate = (!icmp_ln95 & trunc_ln95)> <Delay = 0.00>
ST_2 : Operation 88 [1/1] (1.20ns)   --->   "%icmp_ln53_15 = icmp_eq  i2 %trunc_ln135_3, i2 3" [mdf_fft/fft_mdf.cpp:53->mdf_fft/fft_mdf.cpp:142->mdf_fft/fft_mdf.cpp:366]   --->   Operation 88 'icmp' 'icmp_ln53_15' <Predicate = (!icmp_ln95 & trunc_ln95)> <Delay = 1.20> <CoreInst = "Cmp">   --->   Core 9 'Cmp' <Latency = 0> <II = 1> <Delay = 1.20> <FuncUnit> <Opcode : 'icmp'> <InPorts = 2> <OutPorts = 1>
ST_2 : Operation 89 [1/1] (0.00ns)   --->   "%zext_ln53_15 = zext i1 %icmp_ln53_15" [mdf_fft/fft_mdf.cpp:53->mdf_fft/fft_mdf.cpp:142->mdf_fft/fft_mdf.cpp:366]   --->   Operation 89 'zext' 'zext_ln53_15' <Predicate = (!icmp_ln95 & trunc_ln95)> <Delay = 0.00>
ST_2 : Operation 90 [1/1] (1.86ns)   --->   "%add_ln53_15 = add i17 %sum_im_3, i17 %zext_ln53_15" [mdf_fft/fft_mdf.cpp:53->mdf_fft/fft_mdf.cpp:142->mdf_fft/fft_mdf.cpp:366]   --->   Operation 90 'add' 'add_ln53_15' <Predicate = (!icmp_ln95 & trunc_ln95)> <Delay = 1.86> <CoreInst = "Adder">   --->   Core 1 'Adder' <Latency = 0> <II = 1> <Delay = 1.86> <FuncUnit> <Opcode : 'add' 'sub'> <InPorts = 2> <OutPorts = 1>
ST_2 : Operation 91 [1/1] (0.00ns)   --->   "%out_im_3 = partselect i16 @_ssdm_op_PartSelect.i16.i17.i32.i32, i17 %add_ln53_15, i32 1, i32 16" [mdf_fft/fft_mdf.cpp:53->mdf_fft/fft_mdf.cpp:142->mdf_fft/fft_mdf.cpp:366]   --->   Operation 91 'partselect' 'out_im_3' <Predicate = (!icmp_ln95 & trunc_ln95)> <Delay = 0.00>

State 3 <SV = 2> <Delay = 1.38>
ST_3 : Operation 92 [2/3] (1.38ns) (grouped into DSP with root node pr_1)   --->   "%mul_ln63 = mul i31 %sext_ln63_1, i31 23170" [mdf_fft/fft_mdf.cpp:63->mdf_fft/fft_mdf.cpp:126->mdf_fft/fft_mdf.cpp:366]   --->   Operation 92 'mul' 'mul_ln63' <Predicate = (!icmp_ln95 & !trunc_ln95)> <Delay = 1.38> <CoreInst = "DSP48">   --->   Core 119 'DSP48' <Latency = 3> <II = 1> <Delay = 1.82> <IPBlock> <Opcode : '' 'add' 'sub' 'mul' 'select'> <InPorts = 0> <OutPorts = 1> <Sync> <CReg>
ST_3 : Operation 93 [2/3] (1.38ns) (grouped into DSP with root node pi_1)   --->   "%mul_ln64 = mul i31 %sext_ln63_1, i31 2147460477" [mdf_fft/fft_mdf.cpp:64->mdf_fft/fft_mdf.cpp:126->mdf_fft/fft_mdf.cpp:366]   --->   Operation 93 'mul' 'mul_ln64' <Predicate = (!icmp_ln95 & !trunc_ln95)> <Delay = 1.38> <CoreInst = "DSP48">   --->   Core 119 'DSP48' <Latency = 3> <II = 1> <Delay = 1.82> <IPBlock> <Opcode : '' 'add' 'sub' 'mul' 'select'> <InPorts = 0> <OutPorts = 1> <Sync> <CReg>
ST_3 : Operation 94 [3/4] (1.38ns) (root node of the DSP)   --->   "%mul_ln63_2 = mul i31 %sext_ln63_7, i31 2147460477" [mdf_fft/fft_mdf.cpp:63->mdf_fft/fft_mdf.cpp:126->mdf_fft/fft_mdf.cpp:366]   --->   Operation 94 'mul' 'mul_ln63_2' <Predicate = (!icmp_ln95 & !trunc_ln95)> <Delay = 1.38> <CoreInst = "DSP48">   --->   Core 119 'DSP48' <Latency = 3> <II = 1> <Delay = 1.82> <IPBlock> <Opcode : '' 'add' 'sub' 'mul' 'select'> <InPorts = 0> <OutPorts = 1> <Sync> <CReg>
ST_3 : Operation 95 [3/4] (1.38ns) (root node of the DSP)   --->   "%mul_ln64_2 = mul i31 %sext_ln64_1, i31 2147460477" [mdf_fft/fft_mdf.cpp:64->mdf_fft/fft_mdf.cpp:126->mdf_fft/fft_mdf.cpp:366]   --->   Operation 95 'mul' 'mul_ln64_2' <Predicate = (!icmp_ln95 & !trunc_ln95)> <Delay = 1.38> <CoreInst = "DSP48">   --->   Core 119 'DSP48' <Latency = 3> <II = 1> <Delay = 1.82> <IPBlock> <Opcode : '' 'add' 'sub' 'mul' 'select'> <InPorts = 0> <OutPorts = 1> <Sync> <CReg>

State 4 <SV = 3> <Delay = 6.38>
ST_4 : Operation 96 [1/1] (0.00ns)   --->   "%specpipeline_ln96 = specpipeline void @_ssdm_op_SpecPipeline, i32 1, i32 0, i32 0, i32 0, void @empty_9" [mdf_fft/fft_mdf.cpp:96->mdf_fft/fft_mdf.cpp:366]   --->   Operation 96 'specpipeline' 'specpipeline_ln96' <Predicate = (!icmp_ln95)> <Delay = 0.00>
ST_4 : Operation 97 [1/1] (0.00ns)   --->   "%speclooptripcount_ln97 = speclooptripcount void @_ssdm_op_SpecLoopTripCount, i64 256, i64 256, i64 256" [mdf_fft/fft_mdf.cpp:97->mdf_fft/fft_mdf.cpp:366]   --->   Operation 97 'speclooptripcount' 'speclooptripcount_ln97' <Predicate = (!icmp_ln95)> <Delay = 0.00>
ST_4 : Operation 98 [1/1] (0.00ns)   --->   "%specloopname_ln95 = specloopname void @_ssdm_op_SpecLoopName, void @empty_0" [mdf_fft/fft_mdf.cpp:95->mdf_fft/fft_mdf.cpp:366]   --->   Operation 98 'specloopname' 'specloopname_ln95' <Predicate = (!icmp_ln95)> <Delay = 0.00>
ST_4 : Operation 99 [1/1] (0.00ns)   --->   "%a_re = load i16 %void_stage_fb_7_1_stream_mdf_word_t_0_stream_mdf_word_t_0_delay_re_0" [mdf_fft/fft_mdf.cpp:111->mdf_fft/fft_mdf.cpp:366]   --->   Operation 99 'load' 'a_re' <Predicate = (!icmp_ln95)> <Delay = 0.00>
ST_4 : Operation 100 [1/1] (0.00ns)   --->   "%a_im = load i16 %void_stage_fb_7_1_stream_mdf_word_t_0_stream_mdf_word_t_0_delay_im_0" [mdf_fft/fft_mdf.cpp:112->mdf_fft/fft_mdf.cpp:366]   --->   Operation 100 'load' 'a_im' <Predicate = (!icmp_ln95)> <Delay = 0.00>
ST_4 : Operation 101 [1/1] (0.00ns)   --->   "%a_im_1 = load i16 %void_stage_fb_7_1_stream_mdf_word_t_0_stream_mdf_word_t_0_delay_im_5_0" [mdf_fft/fft_mdf.cpp:112->mdf_fft/fft_mdf.cpp:366]   --->   Operation 101 'load' 'a_im_1' <Predicate = (!icmp_ln95)> <Delay = 0.00>
ST_4 : Operation 102 [1/1] (0.00ns)   --->   "%a_re_2 = load i16 %void_stage_fb_7_1_stream_mdf_word_t_0_stream_mdf_word_t_0_delay_re_3_0" [mdf_fft/fft_mdf.cpp:111->mdf_fft/fft_mdf.cpp:366]   --->   Operation 102 'load' 'a_re_2' <Predicate = (!icmp_ln95)> <Delay = 0.00>
ST_4 : Operation 103 [1/1] (0.00ns)   --->   "%a_im_2 = load i16 %void_stage_fb_7_1_stream_mdf_word_t_0_stream_mdf_word_t_0_delay_im_6_0" [mdf_fft/fft_mdf.cpp:112->mdf_fft/fft_mdf.cpp:366]   --->   Operation 103 'load' 'a_im_2' <Predicate = (!icmp_ln95)> <Delay = 0.00>
ST_4 : Operation 104 [1/1] (0.00ns)   --->   "%sext_ln64 = sext i16 %a_re" [mdf_fft/fft_mdf.cpp:64->mdf_fft/fft_mdf.cpp:126->mdf_fft/fft_mdf.cpp:366]   --->   Operation 104 'sext' 'sext_ln64' <Predicate = (!icmp_ln95 & !trunc_ln95)> <Delay = 0.00>
ST_4 : Operation 105 [1/1] (0.00ns)   --->   "%sext_ln63 = sext i16 %a_im" [mdf_fft/fft_mdf.cpp:63->mdf_fft/fft_mdf.cpp:126->mdf_fft/fft_mdf.cpp:366]   --->   Operation 105 'sext' 'sext_ln63' <Predicate = (!icmp_ln95 & !trunc_ln95)> <Delay = 0.00>
ST_4 : Operation 106 [1/1] (0.00ns)   --->   "%shl_ln63_1 = bitconcatenate i31 @_ssdm_op_BitConcatenate.i31.i16.i15, i16 %a_re, i15 0" [mdf_fft/fft_mdf.cpp:63->mdf_fft/fft_mdf.cpp:126->mdf_fft/fft_mdf.cpp:366]   --->   Operation 106 'bitconcatenate' 'shl_ln63_1' <Predicate = (!icmp_ln95 & !trunc_ln95)> <Delay = 0.00>
ST_4 : Operation 107 [1/1] (0.00ns) (grouped into TernaryAdder)   --->   "%sub_ln63_1 = sub i31 %shl_ln63_1, i31 %sext_ln64" [mdf_fft/fft_mdf.cpp:63->mdf_fft/fft_mdf.cpp:126->mdf_fft/fft_mdf.cpp:366]   --->   Operation 107 'sub' 'sub_ln63_1' <Predicate = (!icmp_ln95 & !trunc_ln95)> <Delay = 0.00> <CoreInst = "TAddSub">   --->   Core 10 'TAddSub' <Latency = 0> <II = 1> <Delay = 1.84> <IPBlock> <Opcode : '' 'add' 'sub'> <InPorts = 3> <OutPorts = 1> <Sync> <CReg>
ST_4 : Operation 108 [1/1] (3.69ns) (root node of TernaryAdder)   --->   "%pr = add i31 %sub_ln63_1, i31 %sext_ln63" [mdf_fft/fft_mdf.cpp:63->mdf_fft/fft_mdf.cpp:126->mdf_fft/fft_mdf.cpp:366]   --->   Operation 108 'add' 'pr' <Predicate = (!icmp_ln95 & !trunc_ln95)> <Delay = 3.69> <CoreInst = "TAddSub">   --->   Core 10 'TAddSub' <Latency = 0> <II = 1> <Delay = 1.84> <IPBlock> <Opcode : '' 'add' 'sub'> <InPorts = 3> <OutPorts = 1> <Sync> <CReg>
ST_4 : Operation 109 [1/1] (0.00ns)   --->   "%shl_ln = bitconcatenate i31 @_ssdm_op_BitConcatenate.i31.i16.i15, i16 %a_im, i15 0" [mdf_fft/fft_mdf.cpp:64->mdf_fft/fft_mdf.cpp:126->mdf_fft/fft_mdf.cpp:366]   --->   Operation 109 'bitconcatenate' 'shl_ln' <Predicate = (!icmp_ln95 & !trunc_ln95)> <Delay = 0.00>
ST_4 : Operation 110 [1/1] (0.00ns) (grouped into TernaryAdder)   --->   "%sub_ln64 = sub i31 %shl_ln, i31 %sext_ln63" [mdf_fft/fft_mdf.cpp:64->mdf_fft/fft_mdf.cpp:126->mdf_fft/fft_mdf.cpp:366]   --->   Operation 110 'sub' 'sub_ln64' <Predicate = (!icmp_ln95 & !trunc_ln95)> <Delay = 0.00> <CoreInst = "TAddSub">   --->   Core 10 'TAddSub' <Latency = 0> <II = 1> <Delay = 1.84> <IPBlock> <Opcode : '' 'add' 'sub'> <InPorts = 3> <OutPorts = 1> <Sync> <CReg>
ST_4 : Operation 111 [1/1] (3.69ns) (root node of TernaryAdder)   --->   "%pi = sub i31 %sub_ln64, i31 %sext_ln64" [mdf_fft/fft_mdf.cpp:64->mdf_fft/fft_mdf.cpp:126->mdf_fft/fft_mdf.cpp:366]   --->   Operation 111 'sub' 'pi' <Predicate = (!icmp_ln95 & !trunc_ln95)> <Delay = 3.69> <CoreInst = "TAddSub">   --->   Core 10 'TAddSub' <Latency = 0> <II = 1> <Delay = 1.84> <IPBlock> <Opcode : '' 'add' 'sub'> <InPorts = 3> <OutPorts = 1> <Sync> <CReg>
ST_4 : Operation 112 [1/1] (0.00ns)   --->   "%out_re_4 = partselect i16 @_ssdm_op_PartSelect.i16.i31.i32.i32, i31 %pr, i32 15, i32 30" [mdf_fft/fft_mdf.cpp:65->mdf_fft/fft_mdf.cpp:126->mdf_fft/fft_mdf.cpp:366]   --->   Operation 112 'partselect' 'out_re_4' <Predicate = (!icmp_ln95 & !trunc_ln95)> <Delay = 0.00>
ST_4 : Operation 113 [1/1] (0.00ns)   --->   "%out_im_4 = partselect i16 @_ssdm_op_PartSelect.i16.i31.i32.i32, i31 %pi, i32 15, i32 30" [mdf_fft/fft_mdf.cpp:66->mdf_fft/fft_mdf.cpp:126->mdf_fft/fft_mdf.cpp:366]   --->   Operation 113 'partselect' 'out_im_4' <Predicate = (!icmp_ln95 & !trunc_ln95)> <Delay = 0.00>
ST_4 : Operation 114 [1/3] (0.00ns) (grouped into DSP with root node pr_1)   --->   "%mul_ln63 = mul i31 %sext_ln63_1, i31 23170" [mdf_fft/fft_mdf.cpp:63->mdf_fft/fft_mdf.cpp:126->mdf_fft/fft_mdf.cpp:366]   --->   Operation 114 'mul' 'mul_ln63' <Predicate = (!icmp_ln95 & !trunc_ln95)> <Delay = 0.00> <CoreInst = "DSP48">   --->   Core 119 'DSP48' <Latency = 3> <II = 1> <Delay = 1.82> <IPBlock> <Opcode : '' 'add' 'sub' 'mul' 'select'> <InPorts = 0> <OutPorts = 1> <Sync> <CReg>
ST_4 : Operation 115 [1/1] (0.00ns)   --->   "%sext_ln63_2 = sext i16 %a_im_1" [mdf_fft/fft_mdf.cpp:63->mdf_fft/fft_mdf.cpp:126->mdf_fft/fft_mdf.cpp:366]   --->   Operation 115 'sext' 'sext_ln63_2' <Predicate = (!icmp_ln95 & !trunc_ln95)> <Delay = 0.00>
ST_4 : Operation 116 [1/1] (4.62ns)   --->   "%mul_ln63_1 = mul i31 %sext_ln63_2, i31 23171" [mdf_fft/fft_mdf.cpp:63->mdf_fft/fft_mdf.cpp:126->mdf_fft/fft_mdf.cpp:366]   --->   Operation 116 'mul' 'mul_ln63_1' <Predicate = (!icmp_ln95 & !trunc_ln95)> <Delay = 4.62> <CoreInst = "Multiplier">   --->   Core 3 'Multiplier' <Latency = 0> <II = 1> <Delay = 4.62> <FuncUnit> <Opcode : 'mul'> <InPorts = 2> <OutPorts = 1>
ST_4 : Operation 117 [2/2] (1.76ns) (root node of the DSP)   --->   "%pr_1 = add i31 %mul_ln63_1, i31 %mul_ln63" [mdf_fft/fft_mdf.cpp:63->mdf_fft/fft_mdf.cpp:126->mdf_fft/fft_mdf.cpp:366]   --->   Operation 117 'add' 'pr_1' <Predicate = (!icmp_ln95 & !trunc_ln95)> <Delay = 1.76> <CoreInst = "DSP48">   --->   Core 119 'DSP48' <Latency = 3> <II = 1> <Delay = 1.82> <IPBlock> <Opcode : '' 'add' 'sub' 'mul' 'select'> <InPorts = 0> <OutPorts = 1> <Sync> <CReg>
ST_4 : Operation 118 [1/3] (0.00ns) (grouped into DSP with root node pi_1)   --->   "%mul_ln64 = mul i31 %sext_ln63_1, i31 2147460477" [mdf_fft/fft_mdf.cpp:64->mdf_fft/fft_mdf.cpp:126->mdf_fft/fft_mdf.cpp:366]   --->   Operation 118 'mul' 'mul_ln64' <Predicate = (!icmp_ln95 & !trunc_ln95)> <Delay = 0.00> <CoreInst = "DSP48">   --->   Core 119 'DSP48' <Latency = 3> <II = 1> <Delay = 1.82> <IPBlock> <Opcode : '' 'add' 'sub' 'mul' 'select'> <InPorts = 0> <OutPorts = 1> <Sync> <CReg>
ST_4 : Operation 119 [1/1] (4.62ns)   --->   "%mul_ln64_1 = mul i31 %sext_ln63_2, i31 23170" [mdf_fft/fft_mdf.cpp:64->mdf_fft/fft_mdf.cpp:126->mdf_fft/fft_mdf.cpp:366]   --->   Operation 119 'mul' 'mul_ln64_1' <Predicate = (!icmp_ln95 & !trunc_ln95)> <Delay = 4.62> <CoreInst = "Multiplier">   --->   Core 3 'Multiplier' <Latency = 0> <II = 1> <Delay = 4.62> <FuncUnit> <Opcode : 'mul'> <InPorts = 2> <OutPorts = 1>
ST_4 : Operation 120 [2/2] (1.76ns) (root node of the DSP)   --->   "%pi_1 = add i31 %mul_ln64_1, i31 %mul_ln64" [mdf_fft/fft_mdf.cpp:64->mdf_fft/fft_mdf.cpp:126->mdf_fft/fft_mdf.cpp:366]   --->   Operation 120 'add' 'pi_1' <Predicate = (!icmp_ln95 & !trunc_ln95)> <Delay = 1.76> <CoreInst = "DSP48">   --->   Core 119 'DSP48' <Latency = 3> <II = 1> <Delay = 1.82> <IPBlock> <Opcode : '' 'add' 'sub' 'mul' 'select'> <InPorts = 0> <OutPorts = 1> <Sync> <CReg>
ST_4 : Operation 121 [1/1] (0.00ns)   --->   "%sext_ln63_3 = sext i16 %a_re_2" [mdf_fft/fft_mdf.cpp:63->mdf_fft/fft_mdf.cpp:126->mdf_fft/fft_mdf.cpp:366]   --->   Operation 121 'sext' 'sext_ln63_3' <Predicate = (!icmp_ln95 & !trunc_ln95)> <Delay = 0.00>
ST_4 : Operation 122 [1/1] (0.00ns)   --->   "%sext_ln63_4 = sext i16 %a_im_2" [mdf_fft/fft_mdf.cpp:63->mdf_fft/fft_mdf.cpp:126->mdf_fft/fft_mdf.cpp:366]   --->   Operation 122 'sext' 'sext_ln63_4' <Predicate = (!icmp_ln95 & !trunc_ln95)> <Delay = 0.00>
ST_4 : Operation 123 [1/1] (0.00ns)   --->   "%shl_ln1 = bitconcatenate i31 @_ssdm_op_BitConcatenate.i31.i16.i15, i16 %a_im_2, i15 0" [mdf_fft/fft_mdf.cpp:63->mdf_fft/fft_mdf.cpp:126->mdf_fft/fft_mdf.cpp:366]   --->   Operation 123 'bitconcatenate' 'shl_ln1' <Predicate = (!icmp_ln95 & !trunc_ln95)> <Delay = 0.00>
ST_4 : Operation 124 [1/1] (2.15ns)   --->   "%pr_2 = sub i31 %shl_ln1, i31 %sext_ln63_3" [mdf_fft/fft_mdf.cpp:63->mdf_fft/fft_mdf.cpp:126->mdf_fft/fft_mdf.cpp:366]   --->   Operation 124 'sub' 'pr_2' <Predicate = (!icmp_ln95 & !trunc_ln95)> <Delay = 2.15> <CoreInst = "Adder">   --->   Core 1 'Adder' <Latency = 0> <II = 1> <Delay = 2.15> <FuncUnit> <Opcode : 'add' 'sub'> <InPorts = 2> <OutPorts = 1>
ST_4 : Operation 125 [1/1] (0.00ns)   --->   "%shl_ln64_1 = bitconcatenate i31 @_ssdm_op_BitConcatenate.i31.i16.i15, i16 %a_re_2, i15 0" [mdf_fft/fft_mdf.cpp:64->mdf_fft/fft_mdf.cpp:126->mdf_fft/fft_mdf.cpp:366]   --->   Operation 125 'bitconcatenate' 'shl_ln64_1' <Predicate = (!icmp_ln95 & !trunc_ln95)> <Delay = 0.00>
ST_4 : Operation 126 [1/1] (0.00ns) (grouped into TernaryAdder)   --->   "%sub_ln64_2 = sub i31 0, i31 %shl_ln64_1" [mdf_fft/fft_mdf.cpp:64->mdf_fft/fft_mdf.cpp:126->mdf_fft/fft_mdf.cpp:366]   --->   Operation 126 'sub' 'sub_ln64_2' <Predicate = (!icmp_ln95 & !trunc_ln95)> <Delay = 0.00> <CoreInst = "TAddSub">   --->   Core 10 'TAddSub' <Latency = 0> <II = 1> <Delay = 1.84> <IPBlock> <Opcode : '' 'add' 'sub'> <InPorts = 3> <OutPorts = 1> <Sync> <CReg>
ST_4 : Operation 127 [1/1] (3.69ns) (root node of TernaryAdder)   --->   "%pi_2 = sub i31 %sub_ln64_2, i31 %sext_ln63_4" [mdf_fft/fft_mdf.cpp:64->mdf_fft/fft_mdf.cpp:126->mdf_fft/fft_mdf.cpp:366]   --->   Operation 127 'sub' 'pi_2' <Predicate = (!icmp_ln95 & !trunc_ln95)> <Delay = 3.69> <CoreInst = "TAddSub">   --->   Core 10 'TAddSub' <Latency = 0> <II = 1> <Delay = 1.84> <IPBlock> <Opcode : '' 'add' 'sub'> <InPorts = 3> <OutPorts = 1> <Sync> <CReg>
ST_4 : Operation 128 [1/1] (0.00ns)   --->   "%out_re_6 = partselect i16 @_ssdm_op_PartSelect.i16.i31.i32.i32, i31 %pr_2, i32 15, i32 30" [mdf_fft/fft_mdf.cpp:65->mdf_fft/fft_mdf.cpp:126->mdf_fft/fft_mdf.cpp:366]   --->   Operation 128 'partselect' 'out_re_6' <Predicate = (!icmp_ln95 & !trunc_ln95)> <Delay = 0.00>
ST_4 : Operation 129 [1/1] (0.00ns)   --->   "%out_im_6 = partselect i16 @_ssdm_op_PartSelect.i16.i31.i32.i32, i31 %pi_2, i32 15, i32 30" [mdf_fft/fft_mdf.cpp:66->mdf_fft/fft_mdf.cpp:126->mdf_fft/fft_mdf.cpp:366]   --->   Operation 129 'partselect' 'out_im_6' <Predicate = (!icmp_ln95 & !trunc_ln95)> <Delay = 0.00>
ST_4 : Operation 130 [1/1] (1.32ns)   --->   "%store_ln121 = store i16 %in_re, i16 %void_stage_fb_7_1_stream_mdf_word_t_0_stream_mdf_word_t_0_delay_re_0" [mdf_fft/fft_mdf.cpp:121->mdf_fft/fft_mdf.cpp:366]   --->   Operation 130 'store' 'store_ln121' <Predicate = (!icmp_ln95 & !trunc_ln95)> <Delay = 1.32>
ST_4 : Operation 131 [1/1] (1.32ns)   --->   "%store_ln121 = store i16 %in_re_2, i16 %void_stage_fb_7_1_stream_mdf_word_t_0_stream_mdf_word_t_0_delay_re_3_0" [mdf_fft/fft_mdf.cpp:121->mdf_fft/fft_mdf.cpp:366]   --->   Operation 131 'store' 'store_ln121' <Predicate = (!icmp_ln95 & !trunc_ln95)> <Delay = 1.32>
ST_4 : Operation 132 [1/1] (1.32ns)   --->   "%store_ln122 = store i16 %in_im, i16 %void_stage_fb_7_1_stream_mdf_word_t_0_stream_mdf_word_t_0_delay_im_0" [mdf_fft/fft_mdf.cpp:122->mdf_fft/fft_mdf.cpp:366]   --->   Operation 132 'store' 'store_ln122' <Predicate = (!icmp_ln95 & !trunc_ln95)> <Delay = 1.32>
ST_4 : Operation 133 [1/1] (1.32ns)   --->   "%store_ln122 = store i16 %in_im_1, i16 %void_stage_fb_7_1_stream_mdf_word_t_0_stream_mdf_word_t_0_delay_im_5_0" [mdf_fft/fft_mdf.cpp:122->mdf_fft/fft_mdf.cpp:366]   --->   Operation 133 'store' 'store_ln122' <Predicate = (!icmp_ln95 & !trunc_ln95)> <Delay = 1.32>
ST_4 : Operation 134 [1/1] (1.32ns)   --->   "%store_ln122 = store i16 %in_im_2, i16 %void_stage_fb_7_1_stream_mdf_word_t_0_stream_mdf_word_t_0_delay_im_6_0" [mdf_fft/fft_mdf.cpp:122->mdf_fft/fft_mdf.cpp:366]   --->   Operation 134 'store' 'store_ln122' <Predicate = (!icmp_ln95 & !trunc_ln95)> <Delay = 1.32>
ST_4 : Operation 135 [2/4] (1.38ns) (root node of the DSP)   --->   "%mul_ln63_2 = mul i31 %sext_ln63_7, i31 2147460477" [mdf_fft/fft_mdf.cpp:63->mdf_fft/fft_mdf.cpp:126->mdf_fft/fft_mdf.cpp:366]   --->   Operation 135 'mul' 'mul_ln63_2' <Predicate = (!icmp_ln95 & !trunc_ln95)> <Delay = 1.38> <CoreInst = "DSP48">   --->   Core 119 'DSP48' <Latency = 3> <II = 1> <Delay = 1.82> <IPBlock> <Opcode : '' 'add' 'sub' 'mul' 'select'> <InPorts = 0> <OutPorts = 1> <Sync> <CReg>
ST_4 : Operation 136 [2/4] (1.38ns) (root node of the DSP)   --->   "%mul_ln64_2 = mul i31 %sext_ln64_1, i31 2147460477" [mdf_fft/fft_mdf.cpp:64->mdf_fft/fft_mdf.cpp:126->mdf_fft/fft_mdf.cpp:366]   --->   Operation 136 'mul' 'mul_ln64_2' <Predicate = (!icmp_ln95 & !trunc_ln95)> <Delay = 1.38> <CoreInst = "DSP48">   --->   Core 119 'DSP48' <Latency = 3> <II = 1> <Delay = 1.82> <IPBlock> <Opcode : '' 'add' 'sub' 'mul' 'select'> <InPorts = 0> <OutPorts = 1> <Sync> <CReg>
ST_4 : Operation 137 [1/1] (0.00ns)   --->   "%sext_ln136 = sext i16 %a_re" [mdf_fft/fft_mdf.cpp:136->mdf_fft/fft_mdf.cpp:366]   --->   Operation 137 'sext' 'sext_ln136' <Predicate = (!icmp_ln95 & trunc_ln95)> <Delay = 0.00>
ST_4 : Operation 138 [1/1] (0.00ns)   --->   "%sext_ln136_1 = sext i16 %in_re" [mdf_fft/fft_mdf.cpp:136->mdf_fft/fft_mdf.cpp:366]   --->   Operation 138 'sext' 'sext_ln136_1' <Predicate = (!icmp_ln95 & trunc_ln95)> <Delay = 0.00>
ST_4 : Operation 139 [1/1] (1.84ns)   --->   "%diff_re = sub i17 %sext_ln136, i17 %sext_ln136_1" [mdf_fft/fft_mdf.cpp:136->mdf_fft/fft_mdf.cpp:366]   --->   Operation 139 'sub' 'diff_re' <Predicate = (!icmp_ln95 & trunc_ln95)> <Delay = 1.84> <CoreInst = "Adder">   --->   Core 1 'Adder' <Latency = 0> <II = 1> <Delay = 1.84> <FuncUnit> <Opcode : 'add' 'sub'> <InPorts = 2> <OutPorts = 1>
ST_4 : Operation 140 [1/1] (0.00ns)   --->   "%trunc_ln136 = trunc i17 %diff_re" [mdf_fft/fft_mdf.cpp:136->mdf_fft/fft_mdf.cpp:366]   --->   Operation 140 'trunc' 'trunc_ln136' <Predicate = (!icmp_ln95 & trunc_ln95)> <Delay = 0.00>
ST_4 : Operation 141 [1/1] (1.84ns)   --->   "%sum_re = add i17 %sext_ln136, i17 %sext_ln136_1" [mdf_fft/fft_mdf.cpp:134->mdf_fft/fft_mdf.cpp:366]   --->   Operation 141 'add' 'sum_re' <Predicate = (!icmp_ln95 & trunc_ln95)> <Delay = 1.84> <CoreInst = "Adder">   --->   Core 1 'Adder' <Latency = 0> <II = 1> <Delay = 1.84> <FuncUnit> <Opcode : 'add' 'sub'> <InPorts = 2> <OutPorts = 1>
ST_4 : Operation 142 [1/1] (0.00ns)   --->   "%trunc_ln134 = trunc i17 %sum_re" [mdf_fft/fft_mdf.cpp:134->mdf_fft/fft_mdf.cpp:366]   --->   Operation 142 'trunc' 'trunc_ln134' <Predicate = (!icmp_ln95 & trunc_ln95)> <Delay = 0.00>
ST_4 : Operation 143 [1/1] (0.00ns)   --->   "%sext_ln137 = sext i16 %a_im" [mdf_fft/fft_mdf.cpp:137->mdf_fft/fft_mdf.cpp:366]   --->   Operation 143 'sext' 'sext_ln137' <Predicate = (!icmp_ln95 & trunc_ln95)> <Delay = 0.00>
ST_4 : Operation 144 [1/1] (0.00ns)   --->   "%sext_ln137_1 = sext i16 %in_im" [mdf_fft/fft_mdf.cpp:137->mdf_fft/fft_mdf.cpp:366]   --->   Operation 144 'sext' 'sext_ln137_1' <Predicate = (!icmp_ln95 & trunc_ln95)> <Delay = 0.00>
ST_4 : Operation 145 [1/1] (1.84ns)   --->   "%diff_im = sub i17 %sext_ln137, i17 %sext_ln137_1" [mdf_fft/fft_mdf.cpp:137->mdf_fft/fft_mdf.cpp:366]   --->   Operation 145 'sub' 'diff_im' <Predicate = (!icmp_ln95 & trunc_ln95)> <Delay = 1.84> <CoreInst = "Adder">   --->   Core 1 'Adder' <Latency = 0> <II = 1> <Delay = 1.84> <FuncUnit> <Opcode : 'add' 'sub'> <InPorts = 2> <OutPorts = 1>
ST_4 : Operation 146 [1/1] (0.00ns)   --->   "%trunc_ln137 = trunc i17 %diff_im" [mdf_fft/fft_mdf.cpp:137->mdf_fft/fft_mdf.cpp:366]   --->   Operation 146 'trunc' 'trunc_ln137' <Predicate = (!icmp_ln95 & trunc_ln95)> <Delay = 0.00>
ST_4 : Operation 147 [1/1] (1.84ns)   --->   "%sum_im = add i17 %sext_ln137, i17 %sext_ln137_1" [mdf_fft/fft_mdf.cpp:135->mdf_fft/fft_mdf.cpp:366]   --->   Operation 147 'add' 'sum_im' <Predicate = (!icmp_ln95 & trunc_ln95)> <Delay = 1.84> <CoreInst = "Adder">   --->   Core 1 'Adder' <Latency = 0> <II = 1> <Delay = 1.84> <FuncUnit> <Opcode : 'add' 'sub'> <InPorts = 2> <OutPorts = 1>
ST_4 : Operation 148 [1/1] (0.00ns)   --->   "%trunc_ln135 = trunc i17 %sum_im" [mdf_fft/fft_mdf.cpp:135->mdf_fft/fft_mdf.cpp:366]   --->   Operation 148 'trunc' 'trunc_ln135' <Predicate = (!icmp_ln95 & trunc_ln95)> <Delay = 0.00>
ST_4 : Operation 149 [1/1] (1.20ns)   --->   "%icmp_ln53 = icmp_eq  i2 %trunc_ln136, i2 3" [mdf_fft/fft_mdf.cpp:53->mdf_fft/fft_mdf.cpp:139->mdf_fft/fft_mdf.cpp:366]   --->   Operation 149 'icmp' 'icmp_ln53' <Predicate = (!icmp_ln95 & trunc_ln95)> <Delay = 1.20> <CoreInst = "Cmp">   --->   Core 9 'Cmp' <Latency = 0> <II = 1> <Delay = 1.20> <FuncUnit> <Opcode : 'icmp'> <InPorts = 2> <OutPorts = 1>
ST_4 : Operation 150 [1/1] (0.00ns)   --->   "%zext_ln53 = zext i1 %icmp_ln53" [mdf_fft/fft_mdf.cpp:53->mdf_fft/fft_mdf.cpp:139->mdf_fft/fft_mdf.cpp:366]   --->   Operation 150 'zext' 'zext_ln53' <Predicate = (!icmp_ln95 & trunc_ln95)> <Delay = 0.00>
ST_4 : Operation 151 [1/1] (1.86ns)   --->   "%add_ln53 = add i17 %diff_re, i17 %zext_ln53" [mdf_fft/fft_mdf.cpp:53->mdf_fft/fft_mdf.cpp:139->mdf_fft/fft_mdf.cpp:366]   --->   Operation 151 'add' 'add_ln53' <Predicate = (!icmp_ln95 & trunc_ln95)> <Delay = 1.86> <CoreInst = "Adder">   --->   Core 1 'Adder' <Latency = 0> <II = 1> <Delay = 1.86> <FuncUnit> <Opcode : 'add' 'sub'> <InPorts = 2> <OutPorts = 1>
ST_4 : Operation 152 [1/1] (0.00ns)   --->   "%trunc_ln5 = partselect i16 @_ssdm_op_PartSelect.i16.i17.i32.i32, i17 %add_ln53, i32 1, i32 16" [mdf_fft/fft_mdf.cpp:53->mdf_fft/fft_mdf.cpp:139->mdf_fft/fft_mdf.cpp:366]   --->   Operation 152 'partselect' 'trunc_ln5' <Predicate = (!icmp_ln95 & trunc_ln95)> <Delay = 0.00>
ST_4 : Operation 153 [1/1] (1.20ns)   --->   "%icmp_ln53_1 = icmp_eq  i2 %trunc_ln137, i2 3" [mdf_fft/fft_mdf.cpp:53->mdf_fft/fft_mdf.cpp:140->mdf_fft/fft_mdf.cpp:366]   --->   Operation 153 'icmp' 'icmp_ln53_1' <Predicate = (!icmp_ln95 & trunc_ln95)> <Delay = 1.20> <CoreInst = "Cmp">   --->   Core 9 'Cmp' <Latency = 0> <II = 1> <Delay = 1.20> <FuncUnit> <Opcode : 'icmp'> <InPorts = 2> <OutPorts = 1>
ST_4 : Operation 154 [1/1] (0.00ns)   --->   "%zext_ln53_1 = zext i1 %icmp_ln53_1" [mdf_fft/fft_mdf.cpp:53->mdf_fft/fft_mdf.cpp:140->mdf_fft/fft_mdf.cpp:366]   --->   Operation 154 'zext' 'zext_ln53_1' <Predicate = (!icmp_ln95 & trunc_ln95)> <Delay = 0.00>
ST_4 : Operation 155 [1/1] (1.86ns)   --->   "%add_ln53_1 = add i17 %diff_im, i17 %zext_ln53_1" [mdf_fft/fft_mdf.cpp:53->mdf_fft/fft_mdf.cpp:140->mdf_fft/fft_mdf.cpp:366]   --->   Operation 155 'add' 'add_ln53_1' <Predicate = (!icmp_ln95 & trunc_ln95)> <Delay = 1.86> <CoreInst = "Adder">   --->   Core 1 'Adder' <Latency = 0> <II = 1> <Delay = 1.86> <FuncUnit> <Opcode : 'add' 'sub'> <InPorts = 2> <OutPorts = 1>
ST_4 : Operation 156 [1/1] (0.00ns)   --->   "%trunc_ln53_1 = partselect i16 @_ssdm_op_PartSelect.i16.i17.i32.i32, i17 %add_ln53_1, i32 1, i32 16" [mdf_fft/fft_mdf.cpp:53->mdf_fft/fft_mdf.cpp:140->mdf_fft/fft_mdf.cpp:366]   --->   Operation 156 'partselect' 'trunc_ln53_1' <Predicate = (!icmp_ln95 & trunc_ln95)> <Delay = 0.00>
ST_4 : Operation 157 [1/1] (1.20ns)   --->   "%icmp_ln53_2 = icmp_eq  i2 %trunc_ln134, i2 3" [mdf_fft/fft_mdf.cpp:53->mdf_fft/fft_mdf.cpp:141->mdf_fft/fft_mdf.cpp:366]   --->   Operation 157 'icmp' 'icmp_ln53_2' <Predicate = (!icmp_ln95 & trunc_ln95)> <Delay = 1.20> <CoreInst = "Cmp">   --->   Core 9 'Cmp' <Latency = 0> <II = 1> <Delay = 1.20> <FuncUnit> <Opcode : 'icmp'> <InPorts = 2> <OutPorts = 1>
ST_4 : Operation 158 [1/1] (0.00ns)   --->   "%zext_ln53_2 = zext i1 %icmp_ln53_2" [mdf_fft/fft_mdf.cpp:53->mdf_fft/fft_mdf.cpp:141->mdf_fft/fft_mdf.cpp:366]   --->   Operation 158 'zext' 'zext_ln53_2' <Predicate = (!icmp_ln95 & trunc_ln95)> <Delay = 0.00>
ST_4 : Operation 159 [1/1] (1.86ns)   --->   "%add_ln53_2 = add i17 %sum_re, i17 %zext_ln53_2" [mdf_fft/fft_mdf.cpp:53->mdf_fft/fft_mdf.cpp:141->mdf_fft/fft_mdf.cpp:366]   --->   Operation 159 'add' 'add_ln53_2' <Predicate = (!icmp_ln95 & trunc_ln95)> <Delay = 1.86> <CoreInst = "Adder">   --->   Core 1 'Adder' <Latency = 0> <II = 1> <Delay = 1.86> <FuncUnit> <Opcode : 'add' 'sub'> <InPorts = 2> <OutPorts = 1>
ST_4 : Operation 160 [1/1] (0.00ns)   --->   "%out_re = partselect i16 @_ssdm_op_PartSelect.i16.i17.i32.i32, i17 %add_ln53_2, i32 1, i32 16" [mdf_fft/fft_mdf.cpp:53->mdf_fft/fft_mdf.cpp:141->mdf_fft/fft_mdf.cpp:366]   --->   Operation 160 'partselect' 'out_re' <Predicate = (!icmp_ln95 & trunc_ln95)> <Delay = 0.00>
ST_4 : Operation 161 [1/1] (1.20ns)   --->   "%icmp_ln53_3 = icmp_eq  i2 %trunc_ln135, i2 3" [mdf_fft/fft_mdf.cpp:53->mdf_fft/fft_mdf.cpp:142->mdf_fft/fft_mdf.cpp:366]   --->   Operation 161 'icmp' 'icmp_ln53_3' <Predicate = (!icmp_ln95 & trunc_ln95)> <Delay = 1.20> <CoreInst = "Cmp">   --->   Core 9 'Cmp' <Latency = 0> <II = 1> <Delay = 1.20> <FuncUnit> <Opcode : 'icmp'> <InPorts = 2> <OutPorts = 1>
ST_4 : Operation 162 [1/1] (0.00ns)   --->   "%zext_ln53_3 = zext i1 %icmp_ln53_3" [mdf_fft/fft_mdf.cpp:53->mdf_fft/fft_mdf.cpp:142->mdf_fft/fft_mdf.cpp:366]   --->   Operation 162 'zext' 'zext_ln53_3' <Predicate = (!icmp_ln95 & trunc_ln95)> <Delay = 0.00>
ST_4 : Operation 163 [1/1] (1.86ns)   --->   "%add_ln53_3 = add i17 %sum_im, i17 %zext_ln53_3" [mdf_fft/fft_mdf.cpp:53->mdf_fft/fft_mdf.cpp:142->mdf_fft/fft_mdf.cpp:366]   --->   Operation 163 'add' 'add_ln53_3' <Predicate = (!icmp_ln95 & trunc_ln95)> <Delay = 1.86> <CoreInst = "Adder">   --->   Core 1 'Adder' <Latency = 0> <II = 1> <Delay = 1.86> <FuncUnit> <Opcode : 'add' 'sub'> <InPorts = 2> <OutPorts = 1>
ST_4 : Operation 164 [1/1] (0.00ns)   --->   "%out_im = partselect i16 @_ssdm_op_PartSelect.i16.i17.i32.i32, i17 %add_ln53_3, i32 1, i32 16" [mdf_fft/fft_mdf.cpp:53->mdf_fft/fft_mdf.cpp:142->mdf_fft/fft_mdf.cpp:366]   --->   Operation 164 'partselect' 'out_im' <Predicate = (!icmp_ln95 & trunc_ln95)> <Delay = 0.00>
ST_4 : Operation 165 [1/1] (0.00ns)   --->   "%sext_ln137_2 = sext i16 %a_im_1" [mdf_fft/fft_mdf.cpp:137->mdf_fft/fft_mdf.cpp:366]   --->   Operation 165 'sext' 'sext_ln137_2' <Predicate = (!icmp_ln95 & trunc_ln95)> <Delay = 0.00>
ST_4 : Operation 166 [1/1] (0.00ns)   --->   "%sext_ln137_3 = sext i16 %in_im_1" [mdf_fft/fft_mdf.cpp:137->mdf_fft/fft_mdf.cpp:366]   --->   Operation 166 'sext' 'sext_ln137_3' <Predicate = (!icmp_ln95 & trunc_ln95)> <Delay = 0.00>
ST_4 : Operation 167 [1/1] (1.84ns)   --->   "%diff_im_1 = sub i17 %sext_ln137_2, i17 %sext_ln137_3" [mdf_fft/fft_mdf.cpp:137->mdf_fft/fft_mdf.cpp:366]   --->   Operation 167 'sub' 'diff_im_1' <Predicate = (!icmp_ln95 & trunc_ln95)> <Delay = 1.84> <CoreInst = "Adder">   --->   Core 1 'Adder' <Latency = 0> <II = 1> <Delay = 1.84> <FuncUnit> <Opcode : 'add' 'sub'> <InPorts = 2> <OutPorts = 1>
ST_4 : Operation 168 [1/1] (0.00ns)   --->   "%trunc_ln137_1 = trunc i17 %diff_im_1" [mdf_fft/fft_mdf.cpp:137->mdf_fft/fft_mdf.cpp:366]   --->   Operation 168 'trunc' 'trunc_ln137_1' <Predicate = (!icmp_ln95 & trunc_ln95)> <Delay = 0.00>
ST_4 : Operation 169 [1/1] (1.84ns)   --->   "%sum_im_1 = add i17 %sext_ln137_2, i17 %sext_ln137_3" [mdf_fft/fft_mdf.cpp:135->mdf_fft/fft_mdf.cpp:366]   --->   Operation 169 'add' 'sum_im_1' <Predicate = (!icmp_ln95 & trunc_ln95)> <Delay = 1.84> <CoreInst = "Adder">   --->   Core 1 'Adder' <Latency = 0> <II = 1> <Delay = 1.84> <FuncUnit> <Opcode : 'add' 'sub'> <InPorts = 2> <OutPorts = 1>
ST_4 : Operation 170 [1/1] (0.00ns)   --->   "%trunc_ln135_1 = trunc i17 %sum_im_1" [mdf_fft/fft_mdf.cpp:135->mdf_fft/fft_mdf.cpp:366]   --->   Operation 170 'trunc' 'trunc_ln135_1' <Predicate = (!icmp_ln95 & trunc_ln95)> <Delay = 0.00>
ST_4 : Operation 171 [1/1] (1.20ns)   --->   "%icmp_ln53_5 = icmp_eq  i2 %trunc_ln137_1, i2 3" [mdf_fft/fft_mdf.cpp:53->mdf_fft/fft_mdf.cpp:140->mdf_fft/fft_mdf.cpp:366]   --->   Operation 171 'icmp' 'icmp_ln53_5' <Predicate = (!icmp_ln95 & trunc_ln95)> <Delay = 1.20> <CoreInst = "Cmp">   --->   Core 9 'Cmp' <Latency = 0> <II = 1> <Delay = 1.20> <FuncUnit> <Opcode : 'icmp'> <InPorts = 2> <OutPorts = 1>
ST_4 : Operation 172 [1/1] (0.00ns)   --->   "%zext_ln53_5 = zext i1 %icmp_ln53_5" [mdf_fft/fft_mdf.cpp:53->mdf_fft/fft_mdf.cpp:140->mdf_fft/fft_mdf.cpp:366]   --->   Operation 172 'zext' 'zext_ln53_5' <Predicate = (!icmp_ln95 & trunc_ln95)> <Delay = 0.00>
ST_4 : Operation 173 [1/1] (1.86ns)   --->   "%add_ln53_5 = add i17 %diff_im_1, i17 %zext_ln53_5" [mdf_fft/fft_mdf.cpp:53->mdf_fft/fft_mdf.cpp:140->mdf_fft/fft_mdf.cpp:366]   --->   Operation 173 'add' 'add_ln53_5' <Predicate = (!icmp_ln95 & trunc_ln95)> <Delay = 1.86> <CoreInst = "Adder">   --->   Core 1 'Adder' <Latency = 0> <II = 1> <Delay = 1.86> <FuncUnit> <Opcode : 'add' 'sub'> <InPorts = 2> <OutPorts = 1>
ST_4 : Operation 174 [1/1] (0.00ns)   --->   "%trunc_ln53_5 = partselect i16 @_ssdm_op_PartSelect.i16.i17.i32.i32, i17 %add_ln53_5, i32 1, i32 16" [mdf_fft/fft_mdf.cpp:53->mdf_fft/fft_mdf.cpp:140->mdf_fft/fft_mdf.cpp:366]   --->   Operation 174 'partselect' 'trunc_ln53_5' <Predicate = (!icmp_ln95 & trunc_ln95)> <Delay = 0.00>
ST_4 : Operation 175 [1/1] (1.20ns)   --->   "%icmp_ln53_7 = icmp_eq  i2 %trunc_ln135_1, i2 3" [mdf_fft/fft_mdf.cpp:53->mdf_fft/fft_mdf.cpp:142->mdf_fft/fft_mdf.cpp:366]   --->   Operation 175 'icmp' 'icmp_ln53_7' <Predicate = (!icmp_ln95 & trunc_ln95)> <Delay = 1.20> <CoreInst = "Cmp">   --->   Core 9 'Cmp' <Latency = 0> <II = 1> <Delay = 1.20> <FuncUnit> <Opcode : 'icmp'> <InPorts = 2> <OutPorts = 1>
ST_4 : Operation 176 [1/1] (0.00ns)   --->   "%zext_ln53_7 = zext i1 %icmp_ln53_7" [mdf_fft/fft_mdf.cpp:53->mdf_fft/fft_mdf.cpp:142->mdf_fft/fft_mdf.cpp:366]   --->   Operation 176 'zext' 'zext_ln53_7' <Predicate = (!icmp_ln95 & trunc_ln95)> <Delay = 0.00>
ST_4 : Operation 177 [1/1] (1.86ns)   --->   "%add_ln53_7 = add i17 %sum_im_1, i17 %zext_ln53_7" [mdf_fft/fft_mdf.cpp:53->mdf_fft/fft_mdf.cpp:142->mdf_fft/fft_mdf.cpp:366]   --->   Operation 177 'add' 'add_ln53_7' <Predicate = (!icmp_ln95 & trunc_ln95)> <Delay = 1.86> <CoreInst = "Adder">   --->   Core 1 'Adder' <Latency = 0> <II = 1> <Delay = 1.86> <FuncUnit> <Opcode : 'add' 'sub'> <InPorts = 2> <OutPorts = 1>
ST_4 : Operation 178 [1/1] (0.00ns)   --->   "%out_im_1 = partselect i16 @_ssdm_op_PartSelect.i16.i17.i32.i32, i17 %add_ln53_7, i32 1, i32 16" [mdf_fft/fft_mdf.cpp:53->mdf_fft/fft_mdf.cpp:142->mdf_fft/fft_mdf.cpp:366]   --->   Operation 178 'partselect' 'out_im_1' <Predicate = (!icmp_ln95 & trunc_ln95)> <Delay = 0.00>
ST_4 : Operation 179 [1/1] (0.00ns)   --->   "%sext_ln136_4 = sext i16 %a_re_2" [mdf_fft/fft_mdf.cpp:136->mdf_fft/fft_mdf.cpp:366]   --->   Operation 179 'sext' 'sext_ln136_4' <Predicate = (!icmp_ln95 & trunc_ln95)> <Delay = 0.00>
ST_4 : Operation 180 [1/1] (0.00ns)   --->   "%sext_ln136_5 = sext i16 %in_re_2" [mdf_fft/fft_mdf.cpp:136->mdf_fft/fft_mdf.cpp:366]   --->   Operation 180 'sext' 'sext_ln136_5' <Predicate = (!icmp_ln95 & trunc_ln95)> <Delay = 0.00>
ST_4 : Operation 181 [1/1] (1.84ns)   --->   "%diff_re_2 = sub i17 %sext_ln136_4, i17 %sext_ln136_5" [mdf_fft/fft_mdf.cpp:136->mdf_fft/fft_mdf.cpp:366]   --->   Operation 181 'sub' 'diff_re_2' <Predicate = (!icmp_ln95 & trunc_ln95)> <Delay = 1.84> <CoreInst = "Adder">   --->   Core 1 'Adder' <Latency = 0> <II = 1> <Delay = 1.84> <FuncUnit> <Opcode : 'add' 'sub'> <InPorts = 2> <OutPorts = 1>
ST_4 : Operation 182 [1/1] (0.00ns)   --->   "%trunc_ln136_2 = trunc i17 %diff_re_2" [mdf_fft/fft_mdf.cpp:136->mdf_fft/fft_mdf.cpp:366]   --->   Operation 182 'trunc' 'trunc_ln136_2' <Predicate = (!icmp_ln95 & trunc_ln95)> <Delay = 0.00>
ST_4 : Operation 183 [1/1] (1.84ns)   --->   "%sum_re_2 = add i17 %sext_ln136_4, i17 %sext_ln136_5" [mdf_fft/fft_mdf.cpp:134->mdf_fft/fft_mdf.cpp:366]   --->   Operation 183 'add' 'sum_re_2' <Predicate = (!icmp_ln95 & trunc_ln95)> <Delay = 1.84> <CoreInst = "Adder">   --->   Core 1 'Adder' <Latency = 0> <II = 1> <Delay = 1.84> <FuncUnit> <Opcode : 'add' 'sub'> <InPorts = 2> <OutPorts = 1>
ST_4 : Operation 184 [1/1] (0.00ns)   --->   "%trunc_ln134_2 = trunc i17 %sum_re_2" [mdf_fft/fft_mdf.cpp:134->mdf_fft/fft_mdf.cpp:366]   --->   Operation 184 'trunc' 'trunc_ln134_2' <Predicate = (!icmp_ln95 & trunc_ln95)> <Delay = 0.00>
ST_4 : Operation 185 [1/1] (0.00ns)   --->   "%sext_ln137_4 = sext i16 %a_im_2" [mdf_fft/fft_mdf.cpp:137->mdf_fft/fft_mdf.cpp:366]   --->   Operation 185 'sext' 'sext_ln137_4' <Predicate = (!icmp_ln95 & trunc_ln95)> <Delay = 0.00>
ST_4 : Operation 186 [1/1] (0.00ns)   --->   "%sext_ln137_5 = sext i16 %in_im_2" [mdf_fft/fft_mdf.cpp:137->mdf_fft/fft_mdf.cpp:366]   --->   Operation 186 'sext' 'sext_ln137_5' <Predicate = (!icmp_ln95 & trunc_ln95)> <Delay = 0.00>
ST_4 : Operation 187 [1/1] (1.84ns)   --->   "%diff_im_2 = sub i17 %sext_ln137_4, i17 %sext_ln137_5" [mdf_fft/fft_mdf.cpp:137->mdf_fft/fft_mdf.cpp:366]   --->   Operation 187 'sub' 'diff_im_2' <Predicate = (!icmp_ln95 & trunc_ln95)> <Delay = 1.84> <CoreInst = "Adder">   --->   Core 1 'Adder' <Latency = 0> <II = 1> <Delay = 1.84> <FuncUnit> <Opcode : 'add' 'sub'> <InPorts = 2> <OutPorts = 1>
ST_4 : Operation 188 [1/1] (0.00ns)   --->   "%trunc_ln137_2 = trunc i17 %diff_im_2" [mdf_fft/fft_mdf.cpp:137->mdf_fft/fft_mdf.cpp:366]   --->   Operation 188 'trunc' 'trunc_ln137_2' <Predicate = (!icmp_ln95 & trunc_ln95)> <Delay = 0.00>
ST_4 : Operation 189 [1/1] (1.84ns)   --->   "%sum_im_2 = add i17 %sext_ln137_4, i17 %sext_ln137_5" [mdf_fft/fft_mdf.cpp:135->mdf_fft/fft_mdf.cpp:366]   --->   Operation 189 'add' 'sum_im_2' <Predicate = (!icmp_ln95 & trunc_ln95)> <Delay = 1.84> <CoreInst = "Adder">   --->   Core 1 'Adder' <Latency = 0> <II = 1> <Delay = 1.84> <FuncUnit> <Opcode : 'add' 'sub'> <InPorts = 2> <OutPorts = 1>
ST_4 : Operation 190 [1/1] (0.00ns)   --->   "%trunc_ln135_2 = trunc i17 %sum_im_2" [mdf_fft/fft_mdf.cpp:135->mdf_fft/fft_mdf.cpp:366]   --->   Operation 190 'trunc' 'trunc_ln135_2' <Predicate = (!icmp_ln95 & trunc_ln95)> <Delay = 0.00>
ST_4 : Operation 191 [1/1] (1.20ns)   --->   "%icmp_ln53_8 = icmp_eq  i2 %trunc_ln136_2, i2 3" [mdf_fft/fft_mdf.cpp:53->mdf_fft/fft_mdf.cpp:139->mdf_fft/fft_mdf.cpp:366]   --->   Operation 191 'icmp' 'icmp_ln53_8' <Predicate = (!icmp_ln95 & trunc_ln95)> <Delay = 1.20> <CoreInst = "Cmp">   --->   Core 9 'Cmp' <Latency = 0> <II = 1> <Delay = 1.20> <FuncUnit> <Opcode : 'icmp'> <InPorts = 2> <OutPorts = 1>
ST_4 : Operation 192 [1/1] (0.00ns)   --->   "%zext_ln53_8 = zext i1 %icmp_ln53_8" [mdf_fft/fft_mdf.cpp:53->mdf_fft/fft_mdf.cpp:139->mdf_fft/fft_mdf.cpp:366]   --->   Operation 192 'zext' 'zext_ln53_8' <Predicate = (!icmp_ln95 & trunc_ln95)> <Delay = 0.00>
ST_4 : Operation 193 [1/1] (1.86ns)   --->   "%add_ln53_8 = add i17 %diff_re_2, i17 %zext_ln53_8" [mdf_fft/fft_mdf.cpp:53->mdf_fft/fft_mdf.cpp:139->mdf_fft/fft_mdf.cpp:366]   --->   Operation 193 'add' 'add_ln53_8' <Predicate = (!icmp_ln95 & trunc_ln95)> <Delay = 1.86> <CoreInst = "Adder">   --->   Core 1 'Adder' <Latency = 0> <II = 1> <Delay = 1.86> <FuncUnit> <Opcode : 'add' 'sub'> <InPorts = 2> <OutPorts = 1>
ST_4 : Operation 194 [1/1] (0.00ns)   --->   "%trunc_ln53_8 = partselect i16 @_ssdm_op_PartSelect.i16.i17.i32.i32, i17 %add_ln53_8, i32 1, i32 16" [mdf_fft/fft_mdf.cpp:53->mdf_fft/fft_mdf.cpp:139->mdf_fft/fft_mdf.cpp:366]   --->   Operation 194 'partselect' 'trunc_ln53_8' <Predicate = (!icmp_ln95 & trunc_ln95)> <Delay = 0.00>
ST_4 : Operation 195 [1/1] (1.20ns)   --->   "%icmp_ln53_9 = icmp_eq  i2 %trunc_ln137_2, i2 3" [mdf_fft/fft_mdf.cpp:53->mdf_fft/fft_mdf.cpp:140->mdf_fft/fft_mdf.cpp:366]   --->   Operation 195 'icmp' 'icmp_ln53_9' <Predicate = (!icmp_ln95 & trunc_ln95)> <Delay = 1.20> <CoreInst = "Cmp">   --->   Core 9 'Cmp' <Latency = 0> <II = 1> <Delay = 1.20> <FuncUnit> <Opcode : 'icmp'> <InPorts = 2> <OutPorts = 1>
ST_4 : Operation 196 [1/1] (0.00ns)   --->   "%zext_ln53_9 = zext i1 %icmp_ln53_9" [mdf_fft/fft_mdf.cpp:53->mdf_fft/fft_mdf.cpp:140->mdf_fft/fft_mdf.cpp:366]   --->   Operation 196 'zext' 'zext_ln53_9' <Predicate = (!icmp_ln95 & trunc_ln95)> <Delay = 0.00>
ST_4 : Operation 197 [1/1] (1.86ns)   --->   "%add_ln53_9 = add i17 %diff_im_2, i17 %zext_ln53_9" [mdf_fft/fft_mdf.cpp:53->mdf_fft/fft_mdf.cpp:140->mdf_fft/fft_mdf.cpp:366]   --->   Operation 197 'add' 'add_ln53_9' <Predicate = (!icmp_ln95 & trunc_ln95)> <Delay = 1.86> <CoreInst = "Adder">   --->   Core 1 'Adder' <Latency = 0> <II = 1> <Delay = 1.86> <FuncUnit> <Opcode : 'add' 'sub'> <InPorts = 2> <OutPorts = 1>
ST_4 : Operation 198 [1/1] (0.00ns)   --->   "%trunc_ln53_9 = partselect i16 @_ssdm_op_PartSelect.i16.i17.i32.i32, i17 %add_ln53_9, i32 1, i32 16" [mdf_fft/fft_mdf.cpp:53->mdf_fft/fft_mdf.cpp:140->mdf_fft/fft_mdf.cpp:366]   --->   Operation 198 'partselect' 'trunc_ln53_9' <Predicate = (!icmp_ln95 & trunc_ln95)> <Delay = 0.00>
ST_4 : Operation 199 [1/1] (1.20ns)   --->   "%icmp_ln53_10 = icmp_eq  i2 %trunc_ln134_2, i2 3" [mdf_fft/fft_mdf.cpp:53->mdf_fft/fft_mdf.cpp:141->mdf_fft/fft_mdf.cpp:366]   --->   Operation 199 'icmp' 'icmp_ln53_10' <Predicate = (!icmp_ln95 & trunc_ln95)> <Delay = 1.20> <CoreInst = "Cmp">   --->   Core 9 'Cmp' <Latency = 0> <II = 1> <Delay = 1.20> <FuncUnit> <Opcode : 'icmp'> <InPorts = 2> <OutPorts = 1>
ST_4 : Operation 200 [1/1] (0.00ns)   --->   "%zext_ln53_10 = zext i1 %icmp_ln53_10" [mdf_fft/fft_mdf.cpp:53->mdf_fft/fft_mdf.cpp:141->mdf_fft/fft_mdf.cpp:366]   --->   Operation 200 'zext' 'zext_ln53_10' <Predicate = (!icmp_ln95 & trunc_ln95)> <Delay = 0.00>
ST_4 : Operation 201 [1/1] (1.86ns)   --->   "%add_ln53_10 = add i17 %sum_re_2, i17 %zext_ln53_10" [mdf_fft/fft_mdf.cpp:53->mdf_fft/fft_mdf.cpp:141->mdf_fft/fft_mdf.cpp:366]   --->   Operation 201 'add' 'add_ln53_10' <Predicate = (!icmp_ln95 & trunc_ln95)> <Delay = 1.86> <CoreInst = "Adder">   --->   Core 1 'Adder' <Latency = 0> <II = 1> <Delay = 1.86> <FuncUnit> <Opcode : 'add' 'sub'> <InPorts = 2> <OutPorts = 1>
ST_4 : Operation 202 [1/1] (0.00ns)   --->   "%out_re_2 = partselect i16 @_ssdm_op_PartSelect.i16.i17.i32.i32, i17 %add_ln53_10, i32 1, i32 16" [mdf_fft/fft_mdf.cpp:53->mdf_fft/fft_mdf.cpp:141->mdf_fft/fft_mdf.cpp:366]   --->   Operation 202 'partselect' 'out_re_2' <Predicate = (!icmp_ln95 & trunc_ln95)> <Delay = 0.00>
ST_4 : Operation 203 [1/1] (1.20ns)   --->   "%icmp_ln53_11 = icmp_eq  i2 %trunc_ln135_2, i2 3" [mdf_fft/fft_mdf.cpp:53->mdf_fft/fft_mdf.cpp:142->mdf_fft/fft_mdf.cpp:366]   --->   Operation 203 'icmp' 'icmp_ln53_11' <Predicate = (!icmp_ln95 & trunc_ln95)> <Delay = 1.20> <CoreInst = "Cmp">   --->   Core 9 'Cmp' <Latency = 0> <II = 1> <Delay = 1.20> <FuncUnit> <Opcode : 'icmp'> <InPorts = 2> <OutPorts = 1>
ST_4 : Operation 204 [1/1] (0.00ns)   --->   "%zext_ln53_11 = zext i1 %icmp_ln53_11" [mdf_fft/fft_mdf.cpp:53->mdf_fft/fft_mdf.cpp:142->mdf_fft/fft_mdf.cpp:366]   --->   Operation 204 'zext' 'zext_ln53_11' <Predicate = (!icmp_ln95 & trunc_ln95)> <Delay = 0.00>
ST_4 : Operation 205 [1/1] (1.86ns)   --->   "%add_ln53_11 = add i17 %sum_im_2, i17 %zext_ln53_11" [mdf_fft/fft_mdf.cpp:53->mdf_fft/fft_mdf.cpp:142->mdf_fft/fft_mdf.cpp:366]   --->   Operation 205 'add' 'add_ln53_11' <Predicate = (!icmp_ln95 & trunc_ln95)> <Delay = 1.86> <CoreInst = "Adder">   --->   Core 1 'Adder' <Latency = 0> <II = 1> <Delay = 1.86> <FuncUnit> <Opcode : 'add' 'sub'> <InPorts = 2> <OutPorts = 1>
ST_4 : Operation 206 [1/1] (0.00ns)   --->   "%out_im_2 = partselect i16 @_ssdm_op_PartSelect.i16.i17.i32.i32, i17 %add_ln53_11, i32 1, i32 16" [mdf_fft/fft_mdf.cpp:53->mdf_fft/fft_mdf.cpp:142->mdf_fft/fft_mdf.cpp:366]   --->   Operation 206 'partselect' 'out_im_2' <Predicate = (!icmp_ln95 & trunc_ln95)> <Delay = 0.00>
ST_4 : Operation 207 [1/1] (1.32ns)   --->   "%store_ln139 = store i16 %trunc_ln5, i16 %void_stage_fb_7_1_stream_mdf_word_t_0_stream_mdf_word_t_0_delay_re_0" [mdf_fft/fft_mdf.cpp:139->mdf_fft/fft_mdf.cpp:366]   --->   Operation 207 'store' 'store_ln139' <Predicate = (!icmp_ln95 & trunc_ln95)> <Delay = 1.32>
ST_4 : Operation 208 [1/1] (1.32ns)   --->   "%store_ln139 = store i16 %trunc_ln53_8, i16 %void_stage_fb_7_1_stream_mdf_word_t_0_stream_mdf_word_t_0_delay_re_3_0" [mdf_fft/fft_mdf.cpp:139->mdf_fft/fft_mdf.cpp:366]   --->   Operation 208 'store' 'store_ln139' <Predicate = (!icmp_ln95 & trunc_ln95)> <Delay = 1.32>
ST_4 : Operation 209 [1/1] (1.32ns)   --->   "%store_ln140 = store i16 %trunc_ln53_1, i16 %void_stage_fb_7_1_stream_mdf_word_t_0_stream_mdf_word_t_0_delay_im_0" [mdf_fft/fft_mdf.cpp:140->mdf_fft/fft_mdf.cpp:366]   --->   Operation 209 'store' 'store_ln140' <Predicate = (!icmp_ln95 & trunc_ln95)> <Delay = 1.32>
ST_4 : Operation 210 [1/1] (1.32ns)   --->   "%store_ln140 = store i16 %trunc_ln53_5, i16 %void_stage_fb_7_1_stream_mdf_word_t_0_stream_mdf_word_t_0_delay_im_5_0" [mdf_fft/fft_mdf.cpp:140->mdf_fft/fft_mdf.cpp:366]   --->   Operation 210 'store' 'store_ln140' <Predicate = (!icmp_ln95 & trunc_ln95)> <Delay = 1.32>
ST_4 : Operation 211 [1/1] (1.32ns)   --->   "%store_ln140 = store i16 %trunc_ln53_9, i16 %void_stage_fb_7_1_stream_mdf_word_t_0_stream_mdf_word_t_0_delay_im_6_0" [mdf_fft/fft_mdf.cpp:140->mdf_fft/fft_mdf.cpp:366]   --->   Operation 211 'store' 'store_ln140' <Predicate = (!icmp_ln95 & trunc_ln95)> <Delay = 1.32>
ST_4 : Operation 212 [1/1] (1.32ns)   --->   "%br_ln0 = br void %for.body.i.i2421"   --->   Operation 212 'br' 'br_ln0' <Predicate = (!icmp_ln95 & trunc_ln95)> <Delay = 1.32>

State 5 <SV = 4> <Delay = 6.47>
ST_5 : Operation 213 [1/2] (1.76ns) (root node of the DSP)   --->   "%pr_1 = add i31 %mul_ln63_1, i31 %mul_ln63" [mdf_fft/fft_mdf.cpp:63->mdf_fft/fft_mdf.cpp:126->mdf_fft/fft_mdf.cpp:366]   --->   Operation 213 'add' 'pr_1' <Predicate = (!icmp_ln95 & !trunc_ln95)> <Delay = 1.76> <CoreInst = "DSP48">   --->   Core 119 'DSP48' <Latency = 3> <II = 1> <Delay = 1.82> <IPBlock> <Opcode : '' 'add' 'sub' 'mul' 'select'> <InPorts = 0> <OutPorts = 1> <Sync> <CReg>
ST_5 : Operation 214 [1/2] (1.76ns) (root node of the DSP)   --->   "%pi_1 = add i31 %mul_ln64_1, i31 %mul_ln64" [mdf_fft/fft_mdf.cpp:64->mdf_fft/fft_mdf.cpp:126->mdf_fft/fft_mdf.cpp:366]   --->   Operation 214 'add' 'pi_1' <Predicate = (!icmp_ln95 & !trunc_ln95)> <Delay = 1.76> <CoreInst = "DSP48">   --->   Core 119 'DSP48' <Latency = 3> <II = 1> <Delay = 1.82> <IPBlock> <Opcode : '' 'add' 'sub' 'mul' 'select'> <InPorts = 0> <OutPorts = 1> <Sync> <CReg>
ST_5 : Operation 215 [1/1] (0.00ns)   --->   "%out_re_5 = partselect i16 @_ssdm_op_PartSelect.i16.i31.i32.i32, i31 %pr_1, i32 15, i32 30" [mdf_fft/fft_mdf.cpp:65->mdf_fft/fft_mdf.cpp:126->mdf_fft/fft_mdf.cpp:366]   --->   Operation 215 'partselect' 'out_re_5' <Predicate = (!icmp_ln95 & !trunc_ln95)> <Delay = 0.00>
ST_5 : Operation 216 [1/1] (0.00ns)   --->   "%out_im_5 = partselect i16 @_ssdm_op_PartSelect.i16.i31.i32.i32, i31 %pi_1, i32 15, i32 30" [mdf_fft/fft_mdf.cpp:66->mdf_fft/fft_mdf.cpp:126->mdf_fft/fft_mdf.cpp:366]   --->   Operation 216 'partselect' 'out_im_5' <Predicate = (!icmp_ln95 & !trunc_ln95)> <Delay = 0.00>
ST_5 : Operation 217 [1/4] (0.00ns) (root node of the DSP)   --->   "%mul_ln63_2 = mul i31 %sext_ln63_7, i31 2147460477" [mdf_fft/fft_mdf.cpp:63->mdf_fft/fft_mdf.cpp:126->mdf_fft/fft_mdf.cpp:366]   --->   Operation 217 'mul' 'mul_ln63_2' <Predicate = (!icmp_ln95 & !trunc_ln95)> <Delay = 0.00> <CoreInst = "DSP48">   --->   Core 119 'DSP48' <Latency = 3> <II = 1> <Delay = 1.82> <IPBlock> <Opcode : '' 'add' 'sub' 'mul' 'select'> <InPorts = 0> <OutPorts = 1> <Sync> <CReg>
ST_5 : Operation 218 [1/4] (0.00ns) (root node of the DSP)   --->   "%mul_ln64_2 = mul i31 %sext_ln64_1, i31 2147460477" [mdf_fft/fft_mdf.cpp:64->mdf_fft/fft_mdf.cpp:126->mdf_fft/fft_mdf.cpp:366]   --->   Operation 218 'mul' 'mul_ln64_2' <Predicate = (!icmp_ln95 & !trunc_ln95)> <Delay = 0.00> <CoreInst = "DSP48">   --->   Core 119 'DSP48' <Latency = 3> <II = 1> <Delay = 1.82> <IPBlock> <Opcode : '' 'add' 'sub' 'mul' 'select'> <InPorts = 0> <OutPorts = 1> <Sync> <CReg>
ST_5 : Operation 219 [1/1] (0.00ns)   --->   "%out_re_7 = partselect i16 @_ssdm_op_PartSelect.i16.i31.i32.i32, i31 %mul_ln63_2, i32 15, i32 30" [mdf_fft/fft_mdf.cpp:65->mdf_fft/fft_mdf.cpp:126->mdf_fft/fft_mdf.cpp:366]   --->   Operation 219 'partselect' 'out_re_7' <Predicate = (!icmp_ln95 & !trunc_ln95)> <Delay = 0.00>
ST_5 : Operation 220 [1/1] (0.00ns)   --->   "%out_im_7 = partselect i16 @_ssdm_op_PartSelect.i16.i31.i32.i32, i31 %mul_ln64_2, i32 15, i32 30" [mdf_fft/fft_mdf.cpp:66->mdf_fft/fft_mdf.cpp:126->mdf_fft/fft_mdf.cpp:366]   --->   Operation 220 'partselect' 'out_im_7' <Predicate = (!icmp_ln95 & !trunc_ln95)> <Delay = 0.00>
ST_5 : Operation 221 [1/1] (1.32ns)   --->   "%br_ln128 = br void %for.body.i.i2421" [mdf_fft/fft_mdf.cpp:128->mdf_fft/fft_mdf.cpp:366]   --->   Operation 221 'br' 'br_ln128' <Predicate = (!icmp_ln95 & !trunc_ln95)> <Delay = 1.32>
ST_5 : Operation 222 [1/1] (0.00ns)   --->   "%out_im_11 = phi i16 %out_im, void %for.body51.i2367, i16 %out_im_4, void %for.body22.i1728"   --->   Operation 222 'phi' 'out_im_11' <Predicate = (!icmp_ln95)> <Delay = 0.00>
ST_5 : Operation 223 [1/1] (0.00ns)   --->   "%out_im_10 = phi i16 %out_im_1, void %for.body51.i2367, i16 %out_im_5, void %for.body22.i1728"   --->   Operation 223 'phi' 'out_im_10' <Predicate = (!icmp_ln95)> <Delay = 0.00>
ST_5 : Operation 224 [1/1] (0.00ns)   --->   "%out_im_9 = phi i16 %out_im_2, void %for.body51.i2367, i16 %out_im_6, void %for.body22.i1728"   --->   Operation 224 'phi' 'out_im_9' <Predicate = (!icmp_ln95)> <Delay = 0.00>
ST_5 : Operation 225 [1/1] (0.00ns)   --->   "%out_im_8 = phi i16 %out_im_3, void %for.body51.i2367, i16 %out_im_7, void %for.body22.i1728"   --->   Operation 225 'phi' 'out_im_8' <Predicate = (!icmp_ln95)> <Delay = 0.00>
ST_5 : Operation 226 [1/1] (0.00ns)   --->   "%out_re_11 = phi i16 %out_re, void %for.body51.i2367, i16 %out_re_4, void %for.body22.i1728"   --->   Operation 226 'phi' 'out_re_11' <Predicate = (!icmp_ln95)> <Delay = 0.00>
ST_5 : Operation 227 [1/1] (0.00ns)   --->   "%out_re_10 = phi i16 %out_re_1, void %for.body51.i2367, i16 %out_re_5, void %for.body22.i1728"   --->   Operation 227 'phi' 'out_re_10' <Predicate = (!icmp_ln95)> <Delay = 0.00>
ST_5 : Operation 228 [1/1] (0.00ns)   --->   "%out_re_9 = phi i16 %out_re_2, void %for.body51.i2367, i16 %out_re_6, void %for.body22.i1728"   --->   Operation 228 'phi' 'out_re_9' <Predicate = (!icmp_ln95)> <Delay = 0.00>
ST_5 : Operation 229 [1/1] (0.00ns)   --->   "%out_re_8 = phi i16 %out_re_3, void %for.body51.i2367, i16 %out_re_7, void %for.body22.i1728"   --->   Operation 229 'phi' 'out_re_8' <Predicate = (!icmp_ln95)> <Delay = 0.00>
ST_5 : Operation 230 [1/1] (0.00ns)   --->   "%tmp_3 = bitconcatenate i129 @_ssdm_op_BitConcatenate.i129.i1.i16.i16.i16.i16.i16.i16.i16.i16, i1 %y_last, i16 %out_im_8, i16 %out_re_8, i16 %out_im_9, i16 %out_re_9, i16 %out_im_10, i16 %out_re_10, i16 %out_im_11, i16 %out_re_11" [mdf_fft/fft_mdf.cpp:148->mdf_fft/fft_mdf.cpp:366]   --->   Operation 230 'bitconcatenate' 'tmp_3' <Predicate = (!icmp_ln95)> <Delay = 0.00>
ST_5 : Operation 231 [1/1] (3.39ns)   --->   "%write_ln148 = write void @_ssdm_op_Write.ap_fifo.volatile.i129P0A, i129 %s7, i129 %tmp_3" [mdf_fft/fft_mdf.cpp:148->mdf_fft/fft_mdf.cpp:366]   --->   Operation 231 'write' 'write_ln148' <Predicate = (!icmp_ln95)> <Delay = 3.39> <CoreInst = "FIFO">   --->   Core 78 'FIFO' <Latency = 0> <II = 1> <Delay = 3.39> <Storage> <Opcode : 'read' 'write' 'nbread' 'nbwrite'> <Ports = 0> <Width = 129> <Depth = 260> <FIFO>
ST_5 : Operation 232 [1/1] (0.00ns)   --->   "%br_ln95 = br void %for.cond.i1664" [mdf_fft/fft_mdf.cpp:95->mdf_fft/fft_mdf.cpp:366]   --->   Operation 232 'br' 'br_ln95' <Predicate = (!icmp_ln95)> <Delay = 0.00>
ST_5 : Operation 233 [1/1] (0.00ns)   --->   "%ret_ln0 = ret"   --->   Operation 233 'ret' 'ret_ln0' <Predicate = (icmp_ln95)> <Delay = 0.00>


============================================================
+ Verbose Summary: Timing violations
============================================================
Target clock period: 10.000ns, clock uncertainty: 2.700ns.

 <State 1>: 6.454ns
The critical path consists of the following:
	'store' operation 0 bit ('store_ln95', mdf_fft/fft_mdf.cpp:95->mdf_fft/fft_mdf.cpp:366) of constant 0 on local variable 'cyc', mdf_fft/fft_mdf.cpp:95->mdf_fft/fft_mdf.cpp:366 [14]  (1.324 ns)
	'load' operation 9 bit ('cyc', mdf_fft/fft_mdf.cpp:95->mdf_fft/fft_mdf.cpp:366) on local variable 'cyc', mdf_fft/fft_mdf.cpp:95->mdf_fft/fft_mdf.cpp:366 [17]  (0.000 ns)
	'icmp' operation 1 bit ('icmp_ln95', mdf_fft/fft_mdf.cpp:95->mdf_fft/fft_mdf.cpp:366) [18]  (1.734 ns)
	fifo read operation ('s6_read', mdf_fft/fft_mdf.cpp:100->mdf_fft/fft_mdf.cpp:366) on port 's6' (mdf_fft/fft_mdf.cpp:100->mdf_fft/fft_mdf.cpp:366) [26]  (3.396 ns)

 <State 2>: 6.227ns
The critical path consists of the following:
	'load' operation 16 bit ('dl_re', mdf_fft/fft_mdf.cpp:111->mdf_fft/fft_mdf.cpp:366) on static variable 'void_stage_fb_7_1_stream_mdf_word_t_0_stream_mdf_word_t_0_delay_re_2_0' [38]  (0.000 ns)
	'sub' operation 17 bit ('diff_re', mdf_fft/fft_mdf.cpp:136->mdf_fft/fft_mdf.cpp:366) [125]  (1.840 ns)
	'icmp' operation 1 bit ('icmp_ln53_4', mdf_fft/fft_mdf.cpp:53->mdf_fft/fft_mdf.cpp:139->mdf_fft/fft_mdf.cpp:366) [135]  (1.202 ns)
	'add' operation 17 bit ('add_ln53_4', mdf_fft/fft_mdf.cpp:53->mdf_fft/fft_mdf.cpp:139->mdf_fft/fft_mdf.cpp:366) [137]  (1.861 ns)
	'store' operation 0 bit ('store_ln139', mdf_fft/fft_mdf.cpp:139->mdf_fft/fft_mdf.cpp:366) of variable 'trunc_ln53_4', mdf_fft/fft_mdf.cpp:53->mdf_fft/fft_mdf.cpp:139->mdf_fft/fft_mdf.cpp:366 on static variable 'void_stage_fb_7_1_stream_mdf_word_t_0_stream_mdf_word_t_0_delay_re_2_0' [196]  (1.324 ns)

 <State 3>: 1.380ns
The critical path consists of the following:
	'mul' operation 31 bit of DSP[60] ('mul_ln63', mdf_fft/fft_mdf.cpp:63->mdf_fft/fft_mdf.cpp:126->mdf_fft/fft_mdf.cpp:366) [57]  (1.380 ns)

 <State 4>: 6.380ns
The critical path consists of the following:
	'load' operation 16 bit ('dl_im', mdf_fft/fft_mdf.cpp:112->mdf_fft/fft_mdf.cpp:366) on static variable 'void_stage_fb_7_1_stream_mdf_word_t_0_stream_mdf_word_t_0_delay_im_5_0' [39]  (0.000 ns)
	'mul' operation 31 bit ('mul_ln63_1', mdf_fft/fft_mdf.cpp:63->mdf_fft/fft_mdf.cpp:126->mdf_fft/fft_mdf.cpp:366) [59]  (4.620 ns)
	'add' operation 31 bit of DSP[60] ('pr', mdf_fft/fft_mdf.cpp:63->mdf_fft/fft_mdf.cpp:126->mdf_fft/fft_mdf.cpp:366) [60]  (1.760 ns)

 <State 5>: 6.480ns
The critical path consists of the following:
	'add' operation 31 bit of DSP[60] ('pr', mdf_fft/fft_mdf.cpp:63->mdf_fft/fft_mdf.cpp:126->mdf_fft/fft_mdf.cpp:366) [60]  (1.760 ns)
	multiplexor before 'phi' operation 16 bit ('out_im') with incoming values : ('out_im', mdf_fft/fft_mdf.cpp:66->mdf_fft/fft_mdf.cpp:126->mdf_fft/fft_mdf.cpp:366) ('out_im', mdf_fft/fft_mdf.cpp:53->mdf_fft/fft_mdf.cpp:142->mdf_fft/fft_mdf.cpp:366) [217]  (1.324 ns)
	'phi' operation 16 bit ('out_im') with incoming values : ('out_im', mdf_fft/fft_mdf.cpp:66->mdf_fft/fft_mdf.cpp:126->mdf_fft/fft_mdf.cpp:366) ('out_im', mdf_fft/fft_mdf.cpp:53->mdf_fft/fft_mdf.cpp:142->mdf_fft/fft_mdf.cpp:366) [217]  (0.000 ns)
	fifo write operation ('write_ln148', mdf_fft/fft_mdf.cpp:148->mdf_fft/fft_mdf.cpp:366) on port 's7' (mdf_fft/fft_mdf.cpp:148->mdf_fft/fft_mdf.cpp:366) [226]  (3.396 ns)


============================================================
+ Verbose Summary: Binding
============================================================
N/A
* FSMD analyzer results:
  - Output states:
 - Input state : 
  - Chain level:
	State 1
	State 2
	State 3
	State 4
	State 5


============================================================
+ Verbose Summary: Datapath Resource usage 
============================================================
N/A
