

================================================================
== Vitis HLS Report for 'Loop_read_loop_proc'
================================================================
* Date:           Tue Jun 30 20:57:54 2026

* Version:        2023.2 (Build 4023990 on Oct 11 2023)
* Project:        mdf_fft_hls
* Solution:       solution1 (Vivado IP Flow Target)
* Product family: artix7
* Target device:  xc7a200t-fbg676-2


================================================================
== Performance Estimates
================================================================
+ Timing: 
    * Summary: 
    +--------+----------+----------+------------+
    |  Clock |  Target  | Estimated| Uncertainty|
    +--------+----------+----------+------------+
    |ap_clk  |  10.00 ns|  4.382 ns|     2.70 ns|
    +--------+----------+----------+------------+

+ Latency: 
    * Summary: 
    +---------+---------+----------+----------+-----+-----+---------+
    |  Latency (cycles) |  Latency (absolute) |  Interval | Pipeline|
    |   min   |   max   |    min   |    max   | min | max |   Type  |
    +---------+---------+----------+----------+-----+-----+---------+
    |      259|      259|  2.590 us|  2.590 us|  259|  259|       no|
    +---------+---------+----------+----------+-----+-----+---------+

    + Detail: 
        * Instance: 
        N/A

        * Loop: 
        +-------------+---------+---------+----------+-----------+-----------+------+----------+
        |             |  Latency (cycles) | Iteration|  Initiation Interval  | Trip |          |
        |  Loop Name  |   min   |   max   |  Latency |  achieved |   target  | Count| Pipelined|
        +-------------+---------+---------+----------+-----------+-----------+------+----------+
        |- read_loop  |      257|      257|         3|          1|          1|   256|  yes(flp)|
        +-------------+---------+---------+----------+-----------+-----------+------+----------+

============================================================
+ Verbose Summary: Synthesis Manager
============================================================
InlineROM: 1
ExposeGlobal: 0
============================================================
+ Verbose Summary: CDFG Model
============================================================
IsTopModel: 0
ResetActiveHigh: 1
IsCombinational: 2
IsDatapathOnly: 0
HasWiredReturn: 1
HasMFsm: 1
HasVarLatency: 1
IsPipeline: 0
IsRtlPipelined: 0
IsInstanceOverlapped: 0
IsDontTouch: 0
HasImplIP: 0
IsGatedGlobalClock: 0

+ Individual pipeline summary: 
  * Pipeline-0: initiation interval (II) = 1, depth = 3


============================================================
+ Verbose Summary: Schedule
============================================================
* Number of FSM states : 3
* Pipeline : 1
  Pipeline-0 : II = 1, D = 3, States = { 1 2 3 }
* Dataflow Pipeline: 0

* FSM state transitions: 
1 --> 2 
2 --> 3 
3 --> 

* FSM state operations: 

State 1 <SV = 0> <Delay = 4.38>
ST_1 : Operation 6 [1/1] (0.00ns)   --->   "%i = alloca i32 1" [mdf_fft/fft_mdf.cpp:271->mdf_fft/fft_mdf.cpp:373]   --->   Operation 6 'alloca' 'i' <Predicate = true> <Delay = 0.00>
ST_1 : Operation 7 [1/1] (0.00ns)   --->   "%specinterface_ln0 = specinterface void @_ssdm_op_SpecInterface, i129 %w_out, void @empty_10, i32 0, i32 0, void @empty_9, i32 0, i32 0, void @empty_9, void @empty_9, void @empty_9, i32 0, i32 0, i32 0, i32 0, void @empty_9, void @empty_9, i32 4294967295, i32 0"   --->   Operation 7 'specinterface' 'specinterface_ln0' <Predicate = true> <Delay = 0.00>
ST_1 : Operation 8 [1/1] (3.18ns)   --->   "%p_read_1 = read i1 @_ssdm_op_Read.ap_auto.i1, i1 %p_read"   --->   Operation 8 'read' 'p_read_1' <Predicate = true> <Delay = 3.18> <CoreInst = "FIFO_SRL">   --->   Core 81 'FIFO_SRL' <Latency = 0> <II = 1> <Delay = 3.18> <Storage> <Opcode : 'read' 'write' 'nbread' 'nbwrite'> <Ports = 0> <Width = -1> <Depth = -1> <FIFO>
ST_1 : Operation 9 [1/1] (1.32ns)   --->   "%store_ln271 = store i9 0, i9 %i" [mdf_fft/fft_mdf.cpp:271->mdf_fft/fft_mdf.cpp:373]   --->   Operation 9 'store' 'store_ln271' <Predicate = true> <Delay = 1.32>
ST_1 : Operation 10 [1/1] (0.00ns)   --->   "%br_ln0 = br void %for.cond6.i.i.i"   --->   Operation 10 'br' 'br_ln0' <Predicate = true> <Delay = 0.00>
ST_1 : Operation 11 [1/1] (0.00ns)   --->   "%i_5 = load i9 %i" [mdf_fft/fft_mdf.cpp:271->mdf_fft/fft_mdf.cpp:373]   --->   Operation 11 'load' 'i_5' <Predicate = true> <Delay = 0.00>
ST_1 : Operation 12 [1/1] (1.73ns)   --->   "%icmp_ln271 = icmp_eq  i9 %i_5, i9 256" [mdf_fft/fft_mdf.cpp:271->mdf_fft/fft_mdf.cpp:373]   --->   Operation 12 'icmp' 'icmp_ln271' <Predicate = true> <Delay = 1.73> <CoreInst = "Cmp">   --->   Core 9 'Cmp' <Latency = 0> <II = 1> <Delay = 1.73> <FuncUnit> <Opcode : 'icmp'> <InPorts = 2> <OutPorts = 1>
ST_1 : Operation 13 [1/1] (1.73ns)   --->   "%i_6 = add i9 %i_5, i9 1" [mdf_fft/fft_mdf.cpp:271->mdf_fft/fft_mdf.cpp:373]   --->   Operation 13 'add' 'i_6' <Predicate = true> <Delay = 1.73> <CoreInst = "Adder">   --->   Core 1 'Adder' <Latency = 0> <II = 1> <Delay = 1.73> <FuncUnit> <Opcode : 'add' 'sub'> <InPorts = 2> <OutPorts = 1>
ST_1 : Operation 14 [1/1] (0.00ns)   --->   "%br_ln271 = br i1 %icmp_ln271, void %for.body9.i.i.i, void %Loop_read_loop_proc.exit" [mdf_fft/fft_mdf.cpp:271->mdf_fft/fft_mdf.cpp:373]   --->   Operation 14 'br' 'br_ln271' <Predicate = true> <Delay = 0.00>
ST_1 : Operation 15 [1/1] (0.00ns)   --->   "%rev = partselect i8 @_ssdm_op_PartSelect.i8.i9.i32.i32, i9 %i_5, i32 7, i32 0" [mdf_fft/fft_mdf.cpp:279->mdf_fft/fft_mdf.cpp:373]   --->   Operation 15 'partselect' 'rev' <Predicate = (!icmp_ln271)> <Delay = 0.00>
ST_1 : Operation 16 [1/1] (0.00ns)   --->   "%zext_ln282 = zext i8 %rev" [mdf_fft/fft_mdf.cpp:282->mdf_fft/fft_mdf.cpp:373]   --->   Operation 16 'zext' 'zext_ln282' <Predicate = (!icmp_ln271)> <Delay = 0.00>
ST_1 : Operation 17 [1/1] (0.00ns)   --->   "%bit_reverse_buf_stream_mdf_word_t_0_stream_mdf_word_t_0_bank_addr = getelementptr i128 %bit_reverse_buf_stream_mdf_word_t_0_stream_mdf_word_t_0_bank, i64 0, i64 %zext_ln282" [mdf_fft/fft_mdf.cpp:282->mdf_fft/fft_mdf.cpp:373]   --->   Operation 17 'getelementptr' 'bit_reverse_buf_stream_mdf_word_t_0_stream_mdf_word_t_0_bank_addr' <Predicate = (!icmp_ln271 & !p_read_1)> <Delay = 0.00>
ST_1 : Operation 18 [2/2] (2.77ns)   --->   "%bit_reverse_buf_stream_mdf_word_t_0_stream_mdf_word_t_0_bank_load = load i8 %bit_reverse_buf_stream_mdf_word_t_0_stream_mdf_word_t_0_bank_addr" [mdf_fft/fft_mdf.cpp:282->mdf_fft/fft_mdf.cpp:373]   --->   Operation 18 'load' 'bit_reverse_buf_stream_mdf_word_t_0_stream_mdf_word_t_0_bank_load' <Predicate = (!icmp_ln271 & !p_read_1)> <Delay = 2.77> <CoreInst = "RAM">   --->   Core 82 'RAM' <Latency = 1> <II = 1> <Delay = 2.77> <Storage> <Opcode : 'load' 'store'> <Ports = 2> <Width = 128> <Depth = 256> <RAM>
ST_1 : Operation 19 [1/1] (0.00ns)   --->   "%bit_reverse_buf_stream_mdf_word_t_0_stream_mdf_word_t_0_bank_1_addr = getelementptr i128 %bit_reverse_buf_stream_mdf_word_t_0_stream_mdf_word_t_0_bank_1, i64 0, i64 %zext_ln282" [mdf_fft/fft_mdf.cpp:282->mdf_fft/fft_mdf.cpp:373]   --->   Operation 19 'getelementptr' 'bit_reverse_buf_stream_mdf_word_t_0_stream_mdf_word_t_0_bank_1_addr' <Predicate = (!icmp_ln271 & p_read_1)> <Delay = 0.00>
ST_1 : Operation 20 [2/2] (2.77ns)   --->   "%bit_reverse_buf_stream_mdf_word_t_0_stream_mdf_word_t_0_bank_1_load = load i8 %bit_reverse_buf_stream_mdf_word_t_0_stream_mdf_word_t_0_bank_1_addr" [mdf_fft/fft_mdf.cpp:282->mdf_fft/fft_mdf.cpp:373]   --->   Operation 20 'load' 'bit_reverse_buf_stream_mdf_word_t_0_stream_mdf_word_t_0_bank_1_load' <Predicate = (!icmp_ln271 & p_read_1)> <Delay = 2.77> <CoreInst = "RAM">   --->   Core 82 'RAM' <Latency = 1> <II = 1> <Delay = 2.77> <Storage> <Opcode : 'load' 'store'> <Ports = 2> <Width = 128> <Depth = 256> <RAM>
ST_1 : Operation 21 [1/1] (1.73ns)   --->   "%y_last = icmp_eq  i9 %i_5, i9 255" [mdf_fft/fft_mdf.cpp:290->mdf_fft/fft_mdf.cpp:373]   --->   Operation 21 'icmp' 'y_last' <Predicate = (!icmp_ln271)> <Delay = 1.73> <CoreInst = "Cmp">   --->   Core 9 'Cmp' <Latency = 0> <II = 1> <Delay = 1.73> <FuncUnit> <Opcode : 'icmp'> <InPorts = 2> <OutPorts = 1>
ST_1 : Operation 22 [1/1] (1.32ns)   --->   "%store_ln271 = store i9 %i_6, i9 %i" [mdf_fft/fft_mdf.cpp:271->mdf_fft/fft_mdf.cpp:373]   --->   Operation 22 'store' 'store_ln271' <Predicate = (!icmp_ln271)> <Delay = 1.32>

State 2 <SV = 1> <Delay = 4.26>
ST_2 : Operation 23 [1/2] (2.77ns)   --->   "%bit_reverse_buf_stream_mdf_word_t_0_stream_mdf_word_t_0_bank_load = load i8 %bit_reverse_buf_stream_mdf_word_t_0_stream_mdf_word_t_0_bank_addr" [mdf_fft/fft_mdf.cpp:282->mdf_fft/fft_mdf.cpp:373]   --->   Operation 23 'load' 'bit_reverse_buf_stream_mdf_word_t_0_stream_mdf_word_t_0_bank_load' <Predicate = (!icmp_ln271 & !p_read_1)> <Delay = 2.77> <CoreInst = "RAM">   --->   Core 82 'RAM' <Latency = 1> <II = 1> <Delay = 2.77> <Storage> <Opcode : 'load' 'store'> <Ports = 2> <Width = 128> <Depth = 256> <RAM>
ST_2 : Operation 24 [1/2] (2.77ns)   --->   "%bit_reverse_buf_stream_mdf_word_t_0_stream_mdf_word_t_0_bank_1_load = load i8 %bit_reverse_buf_stream_mdf_word_t_0_stream_mdf_word_t_0_bank_1_addr" [mdf_fft/fft_mdf.cpp:282->mdf_fft/fft_mdf.cpp:373]   --->   Operation 24 'load' 'bit_reverse_buf_stream_mdf_word_t_0_stream_mdf_word_t_0_bank_1_load' <Predicate = (!icmp_ln271 & p_read_1)> <Delay = 2.77> <CoreInst = "RAM">   --->   Core 82 'RAM' <Latency = 1> <II = 1> <Delay = 2.77> <Storage> <Opcode : 'load' 'store'> <Ports = 2> <Width = 128> <Depth = 256> <RAM>
ST_2 : Operation 25 [1/1] (1.49ns)   --->   "%raw = select i1 %p_read_1, i128 %bit_reverse_buf_stream_mdf_word_t_0_stream_mdf_word_t_0_bank_1_load, i128 %bit_reverse_buf_stream_mdf_word_t_0_stream_mdf_word_t_0_bank_load" [mdf_fft/fft_mdf.cpp:282->mdf_fft/fft_mdf.cpp:373]   --->   Operation 25 'select' 'raw' <Predicate = (!icmp_ln271)> <Delay = 1.49> <CoreInst = "Sel">   --->   Core 73 'Sel' <Latency = 0> <II = 1> <Delay = 1.49> <FuncUnit> <Opcode : 'select'> <InPorts = 3> <OutPorts = 1>
ST_2 : Operation 26 [1/1] (0.00ns)   --->   "%trunc_ln286 = trunc i128 %raw" [mdf_fft/fft_mdf.cpp:286->mdf_fft/fft_mdf.cpp:373]   --->   Operation 26 'trunc' 'trunc_ln286' <Predicate = (!icmp_ln271)> <Delay = 0.00>
ST_2 : Operation 27 [1/1] (0.00ns)   --->   "%tmp_7_i_i = partselect i32 @_ssdm_op_PartSelect.i32.i128.i32.i32, i128 %raw, i32 64, i32 95" [mdf_fft/fft_mdf.cpp:287->mdf_fft/fft_mdf.cpp:373]   --->   Operation 27 'partselect' 'tmp_7_i_i' <Predicate = (!icmp_ln271)> <Delay = 0.00>
ST_2 : Operation 28 [1/1] (0.00ns)   --->   "%tmp_9_i_i = partselect i32 @_ssdm_op_PartSelect.i32.i128.i32.i32, i128 %raw, i32 32, i32 63" [mdf_fft/fft_mdf.cpp:288->mdf_fft/fft_mdf.cpp:373]   --->   Operation 28 'partselect' 'tmp_9_i_i' <Predicate = (!icmp_ln271)> <Delay = 0.00>
ST_2 : Operation 29 [1/1] (0.00ns)   --->   "%tmp_10_i_i = partselect i32 @_ssdm_op_PartSelect.i32.i128.i32.i32, i128 %raw, i32 96, i32 127" [mdf_fft/fft_mdf.cpp:289->mdf_fft/fft_mdf.cpp:373]   --->   Operation 29 'partselect' 'tmp_10_i_i' <Predicate = (!icmp_ln271)> <Delay = 0.00>

State 3 <SV = 2> <Delay = 3.39>
ST_3 : Operation 30 [1/1] (0.00ns)   --->   "%specpipeline_ln272 = specpipeline void @_ssdm_op_SpecPipeline, i32 1, i32 0, i32 0, i32 0, void @empty_9" [mdf_fft/fft_mdf.cpp:272->mdf_fft/fft_mdf.cpp:373]   --->   Operation 30 'specpipeline' 'specpipeline_ln272' <Predicate = (!icmp_ln271)> <Delay = 0.00>
ST_3 : Operation 31 [1/1] (0.00ns)   --->   "%speclooptripcount_ln276 = speclooptripcount void @_ssdm_op_SpecLoopTripCount, i64 256, i64 256, i64 256" [mdf_fft/fft_mdf.cpp:276->mdf_fft/fft_mdf.cpp:373]   --->   Operation 31 'speclooptripcount' 'speclooptripcount_ln276' <Predicate = (!icmp_ln271)> <Delay = 0.00>
ST_3 : Operation 32 [1/1] (0.00ns)   --->   "%specloopname_ln271 = specloopname void @_ssdm_op_SpecLoopName, void @empty" [mdf_fft/fft_mdf.cpp:271->mdf_fft/fft_mdf.cpp:373]   --->   Operation 32 'specloopname' 'specloopname_ln271' <Predicate = (!icmp_ln271)> <Delay = 0.00>
ST_3 : Operation 33 [1/1] (0.00ns)   --->   "%tmp_11_i_i = bitconcatenate i129 @_ssdm_op_BitConcatenate.i129.i1.i32.i32.i32.i32, i1 %y_last, i32 %tmp_10_i_i, i32 %tmp_9_i_i, i32 %tmp_7_i_i, i32 %trunc_ln286" [mdf_fft/fft_mdf.cpp:291->mdf_fft/fft_mdf.cpp:373]   --->   Operation 33 'bitconcatenate' 'tmp_11_i_i' <Predicate = (!icmp_ln271)> <Delay = 0.00>
ST_3 : Operation 34 [1/1] (3.39ns)   --->   "%write_ln291 = write void @_ssdm_op_Write.ap_fifo.volatile.i129P0A, i129 %w_out, i129 %tmp_11_i_i" [mdf_fft/fft_mdf.cpp:291->mdf_fft/fft_mdf.cpp:373]   --->   Operation 34 'write' 'write_ln291' <Predicate = (!icmp_ln271)> <Delay = 3.39> <CoreInst = "FIFO">   --->   Core 78 'FIFO' <Latency = 0> <II = 1> <Delay = 3.39> <Storage> <Opcode : 'read' 'write' 'nbread' 'nbwrite'> <Ports = 0> <Width = 129> <Depth = 260> <FIFO>
ST_3 : Operation 35 [1/1] (0.00ns)   --->   "%br_ln271 = br void %for.cond6.i.i.i" [mdf_fft/fft_mdf.cpp:271->mdf_fft/fft_mdf.cpp:373]   --->   Operation 35 'br' 'br_ln271' <Predicate = (!icmp_ln271)> <Delay = 0.00>
ST_3 : Operation 36 [1/1] (0.00ns)   --->   "%ret_ln0 = ret"   --->   Operation 36 'ret' 'ret_ln0' <Predicate = (icmp_ln271)> <Delay = 0.00>


============================================================
+ Verbose Summary: Binding
============================================================
STG Binding: 
---------------- STG Properties BEGIN ----------------
- Is combinational: 0
- Is one-state seq: 0
- Is datapath-only: 0
- Is pipelined: 0
- Is top level: 0
Port [ Return ] is wired: 1; IO mode=ap_ctrl_hs:ce=0
Port [ p_read]:  wired=1; compound=0; hidden=0; nouse=0; global=0; static=0; extern=0; dir=0; type=0; pingpong=0; private_global=0; IO mode=ap_none:ce=0
Port [ w_out]:  wired=1; compound=1; hidden=0; nouse=0; global=0; static=0; extern=0; dir=1; type=3; pingpong=0; private_global=0; IO mode=ap_fifo:ce=0
Port [ bit_reverse_buf_stream_mdf_word_t_0_stream_mdf_word_t_0_bank]:  wired=1; compound=1; hidden=0; nouse=0; global=1; static=1; extern=0; dir=0; type=1; pingpong=1; private_global=0; MemPort=[13]; IO mode=ap_memory:ce=0
Port [ bit_reverse_buf_stream_mdf_word_t_0_stream_mdf_word_t_0_bank_1]:  wired=1; compound=1; hidden=0; nouse=0; global=1; static=1; extern=0; dir=0; type=1; pingpong=1; private_global=0; MemPort=[13]; IO mode=ap_memory:ce=0
---------------- STG Properties END ------------------

---------------- Datapath Model BEGIN ----------------

<LifeTime>
<method=bitvector/>
i                                                                   (alloca           ) [ 0100]
specinterface_ln0                                                   (specinterface    ) [ 0000]
p_read_1                                                            (read             ) [ 0110]
store_ln271                                                         (store            ) [ 0000]
br_ln0                                                              (br               ) [ 0000]
i_5                                                                 (load             ) [ 0000]
icmp_ln271                                                          (icmp             ) [ 0111]
i_6                                                                 (add              ) [ 0000]
br_ln271                                                            (br               ) [ 0000]
rev                                                                 (partselect       ) [ 0000]
zext_ln282                                                          (zext             ) [ 0000]
bit_reverse_buf_stream_mdf_word_t_0_stream_mdf_word_t_0_bank_addr   (getelementptr    ) [ 0110]
bit_reverse_buf_stream_mdf_word_t_0_stream_mdf_word_t_0_bank_1_addr (getelementptr    ) [ 0110]
y_last                                                              (icmp             ) [ 0111]
store_ln271                                                         (store            ) [ 0000]
bit_reverse_buf_stream_mdf_word_t_0_stream_mdf_word_t_0_bank_load   (load             ) [ 0000]
bit_reverse_buf_stream_mdf_word_t_0_stream_mdf_word_t_0_bank_1_load (load             ) [ 0000]
raw                                                                 (select           ) [ 0000]
trunc_ln286                                                         (trunc            ) [ 0101]
tmp_7_i_i                                                           (partselect       ) [ 0101]
tmp_9_i_i                                                           (partselect       ) [ 0101]
tmp_10_i_i                                                          (partselect       ) [ 0101]
specpipeline_ln272                                                  (specpipeline     ) [ 0000]
speclooptripcount_ln276                                             (speclooptripcount) [ 0000]
specloopname_ln271                                                  (specloopname     ) [ 0000]
tmp_11_i_i                                                          (bitconcatenate   ) [ 0000]
write_ln291                                                         (write            ) [ 0000]
br_ln271                                                            (br               ) [ 0000]
ret_ln0                                                             (ret              ) [ 0000]
</LifeTime>

<model>

<comp_list>
<comp id="0" class="1000" name="p_read">
<pin_list>
<pin id="1" dir="1" index="0" bw="1" slack="0"/>
</pin_list>
<bind>
<StgValue><ssdm name="p_read"/></StgValue>
</bind>
</comp>

<comp id="2" class="1000" name="w_out">
<pin_list>
<pin id="3" dir="1" index="0" bw="1" slack="0"/>
</pin_list>
<bind>
<StgValue><ssdm name="w_out"/></StgValue>
</bind>
</comp>

<comp id="4" class="1000" name="bit_reverse_buf_stream_mdf_word_t_0_stream_mdf_word_t_0_bank">
<pin_list>
<pin id="5" dir="1" index="0" bw="1" slack="0"/>
</pin_list>
<bind>
<StgValue><ssdm name="bit_reverse_buf_stream_mdf_word_t_0_stream_mdf_word_t_0_bank"/><MemPortTyVec>1 3 </MemPortTyVec>
</StgValue>
</bind>
</comp>

<comp id="6" class="1000" name="bit_reverse_buf_stream_mdf_word_t_0_stream_mdf_word_t_0_bank_1">
<pin_list>
<pin id="7" dir="1" index="0" bw="1" slack="0"/>
</pin_list>
<bind>
<StgValue><ssdm name="bit_reverse_buf_stream_mdf_word_t_0_stream_mdf_word_t_0_bank_1"/><MemPortTyVec>1 3 </MemPortTyVec>
</StgValue>
</bind>
</comp>

<comp id="8" class="1001" name="const_8">
<pin_list>
<pin id="9" dir="1" index="0" bw="1" slack="0"/>
</pin_list>
<bind>
<StgValue><ssdm name=""/></StgValue>
</bind>
</comp>

<comp id="10" class="1001" name="const_10">
<pin_list>
<pin id="11" dir="1" index="0" bw="1" slack="2147483647"/>
</pin_list>
<bind>
<StgValue><ssdm name="_ssdm_op_SpecInterface"/></StgValue>
</bind>
</comp>

<comp id="12" class="1001" name="const_12">
<pin_list>
<pin id="13" dir="1" index="0" bw="1" slack="2147483647"/>
</pin_list>
<bind>
<StgValue><ssdm name="empty_10"/></StgValue>
</bind>
</comp>

<comp id="14" class="1001" name="const_14">
<pin_list>
<pin id="15" dir="1" index="0" bw="1" slack="0"/>
</pin_list>
<bind>
<StgValue><ssdm name=""/></StgValue>
</bind>
</comp>

<comp id="16" class="1001" name="const_16">
<pin_list>
<pin id="17" dir="1" index="0" bw="1" slack="2147483647"/>
</pin_list>
<bind>
<StgValue><ssdm name="empty_9"/></StgValue>
</bind>
</comp>

<comp id="18" class="1001" name="const_18">
<pin_list>
<pin id="19" dir="1" index="0" bw="1" slack="2147483647"/>
</pin_list>
<bind>
<StgValue><ssdm name=""/></StgValue>
</bind>
</comp>

<comp id="20" class="1001" name="const_20">
<pin_list>
<pin id="21" dir="1" index="0" bw="1" slack="0"/>
</pin_list>
<bind>
<StgValue><ssdm name="_ssdm_op_Read.ap_auto.i1"/></StgValue>
</bind>
</comp>

<comp id="22" class="1001" name="const_22">
<pin_list>
<pin id="23" dir="1" index="0" bw="1" slack="0"/>
</pin_list>
<bind>
<StgValue><ssdm name=""/></StgValue>
</bind>
</comp>

<comp id="24" class="1001" name="const_24">
<pin_list>
<pin id="25" dir="1" index="0" bw="1" slack="0"/>
</pin_list>
<bind>
<StgValue><ssdm name=""/></StgValue>
</bind>
</comp>

<comp id="26" class="1001" name="const_26">
<pin_list>
<pin id="27" dir="1" index="0" bw="1" slack="0"/>
</pin_list>
<bind>
<StgValue><ssdm name=""/></StgValue>
</bind>
</comp>

<comp id="28" class="1001" name="const_28">
<pin_list>
<pin id="29" dir="1" index="0" bw="1" slack="0"/>
</pin_list>
<bind>
<StgValue><ssdm name="_ssdm_op_PartSelect.i8.i9.i32.i32"/></StgValue>
</bind>
</comp>

<comp id="30" class="1001" name="const_30">
<pin_list>
<pin id="31" dir="1" index="0" bw="1" slack="0"/>
</pin_list>
<bind>
<StgValue><ssdm name=""/></StgValue>
</bind>
</comp>

<comp id="32" class="1001" name="const_32">
<pin_list>
<pin id="33" dir="1" index="0" bw="1" slack="0"/>
</pin_list>
<bind>
<StgValue><ssdm name=""/></StgValue>
</bind>
</comp>

<comp id="34" class="1001" name="const_34">
<pin_list>
<pin id="35" dir="1" index="0" bw="1" slack="0"/>
</pin_list>
<bind>
<StgValue><ssdm name=""/></StgValue>
</bind>
</comp>

<comp id="36" class="1001" name="const_36">
<pin_list>
<pin id="37" dir="1" index="0" bw="1" slack="0"/>
</pin_list>
<bind>
<StgValue><ssdm name="_ssdm_op_PartSelect.i32.i128.i32.i32"/></StgValue>
</bind>
</comp>

<comp id="38" class="1001" name="const_38">
<pin_list>
<pin id="39" dir="1" index="0" bw="1" slack="0"/>
</pin_list>
<bind>
<StgValue><ssdm name=""/></StgValue>
</bind>
</comp>

<comp id="40" class="1001" name="const_40">
<pin_list>
<pin id="41" dir="1" index="0" bw="1" slack="0"/>
</pin_list>
<bind>
<StgValue><ssdm name=""/></StgValue>
</bind>
</comp>

<comp id="42" class="1001" name="const_42">
<pin_list>
<pin id="43" dir="1" index="0" bw="1" slack="0"/>
</pin_list>
<bind>
<StgValue><ssdm name=""/></StgValue>
</bind>
</comp>

<comp id="44" class="1001" name="const_44">
<pin_list>
<pin id="45" dir="1" index="0" bw="1" slack="0"/>
</pin_list>
<bind>
<StgValue><ssdm name=""/></StgValue>
</bind>
</comp>

<comp id="46" class="1001" name="const_46">
<pin_list>
<pin id="47" dir="1" index="0" bw="1" slack="0"/>
</pin_list>
<bind>
<StgValue><ssdm name=""/></StgValue>
</bind>
</comp>

<comp id="48" class="1001" name="const_48">
<pin_list>
<pin id="49" dir="1" index="0" bw="1" slack="0"/>
</pin_list>
<bind>
<StgValue><ssdm name=""/></StgValue>
</bind>
</comp>

<comp id="50" class="1001" name="const_50">
<pin_list>
<pin id="51" dir="1" index="0" bw="1" slack="2147483647"/>
</pin_list>
<bind>
<StgValue><ssdm name="_ssdm_op_SpecPipeline"/></StgValue>
</bind>
</comp>

<comp id="52" class="1001" name="const_52">
<pin_list>
<pin id="53" dir="1" index="0" bw="1" slack="2147483647"/>
</pin_list>
<bind>
<StgValue><ssdm name="_ssdm_op_SpecLoopTripCount"/></StgValue>
</bind>
</comp>

<comp id="54" class="1001" name="const_54">
<pin_list>
<pin id="55" dir="1" index="0" bw="1" slack="2147483647"/>
</pin_list>
<bind>
<StgValue><ssdm name=""/></StgValue>
</bind>
</comp>

<comp id="56" class="1001" name="const_56">
<pin_list>
<pin id="57" dir="1" index="0" bw="1" slack="2147483647"/>
</pin_list>
<bind>
<StgValue><ssdm name="_ssdm_op_SpecLoopName"/></StgValue>
</bind>
</comp>

<comp id="58" class="1001" name="const_58">
<pin_list>
<pin id="59" dir="1" index="0" bw="1" slack="2147483647"/>
</pin_list>
<bind>
<StgValue><ssdm name="empty"/></StgValue>
</bind>
</comp>

<comp id="60" class="1001" name="const_60">
<pin_list>
<pin id="61" dir="1" index="0" bw="1" slack="0"/>
</pin_list>
<bind>
<StgValue><ssdm name="_ssdm_op_BitConcatenate.i129.i1.i32.i32.i32.i32"/></StgValue>
</bind>
</comp>

<comp id="62" class="1001" name="const_62">
<pin_list>
<pin id="63" dir="1" index="0" bw="1" slack="0"/>
</pin_list>
<bind>
<StgValue><ssdm name="_ssdm_op_Write.ap_fifo.volatile.i129P0A"/></StgValue>
</bind>
</comp>

<comp id="64" class="1004" name="i_fu_64">
<pin_list>
<pin id="65" dir="0" index="0" bw="1" slack="0"/>
<pin id="66" dir="1" index="1" bw="9" slack="0"/>
</pin_list>
<bind>
<opcode="alloca(26) " fcode="alloca"/>
<opset="i/1 "/>
</bind>
</comp>

<comp id="68" class="1004" name="p_read_1_read_fu_68">
<pin_list>
<pin id="69" dir="0" index="0" bw="1" slack="0"/>
<pin id="70" dir="0" index="1" bw="1" slack="0"/>
<pin id="71" dir="1" index="2" bw="1" slack="1"/>
</pin_list>
<bind>
<opcode="read(1150) " fcode="read"/>
<opset="p_read_1/1 "/>
</bind>
</comp>

<comp id="74" class="1004" name="write_ln291_write_fu_74">
<pin_list>
<pin id="75" dir="0" index="0" bw="0" slack="0"/>
<pin id="76" dir="0" index="1" bw="129" slack="0"/>
<pin id="77" dir="0" index="2" bw="129" slack="0"/>
<pin id="78" dir="1" index="3" bw="0" slack="2147483647"/>
</pin_list>
<bind>
<opcode="write(1151) " fcode="write"/>
<opset="write_ln291/3 "/>
</bind>
</comp>

<comp id="81" class="1004" name="bit_reverse_buf_stream_mdf_word_t_0_stream_mdf_word_t_0_bank_addr_gep_fu_81">
<pin_list>
<pin id="82" dir="0" index="0" bw="128" slack="0"/>
<pin id="83" dir="0" index="1" bw="1" slack="0"/>
<pin id="84" dir="0" index="2" bw="8" slack="0"/>
<pin id="85" dir="1" index="3" bw="8" slack="0"/>
</pin_list>
<bind>
<opcode="getelementptr(29) " fcode="getelementptr"/>
<opset="bit_reverse_buf_stream_mdf_word_t_0_stream_mdf_word_t_0_bank_addr/1 "/>
</bind>
</comp>

<comp id="88" class="1004" name="grp_access_fu_88">
<pin_list>
<pin id="89" dir="0" index="0" bw="8" slack="0"/>
<pin id="90" dir="0" index="1" bw="128" slack="2147483647"/>
<pin id="91" dir="0" index="2" bw="0" slack="2147483647"/>
<pin id="92" dir="1" index="3" bw="128" slack="0"/>
</pin_list>
<bind>
<opcode="load(27) " fcode="load"/>
<opset="bit_reverse_buf_stream_mdf_word_t_0_stream_mdf_word_t_0_bank_load/1 "/>
</bind>
</comp>

<comp id="94" class="1004" name="bit_reverse_buf_stream_mdf_word_t_0_stream_mdf_word_t_0_bank_1_addr_gep_fu_94">
<pin_list>
<pin id="95" dir="0" index="0" bw="128" slack="0"/>
<pin id="96" dir="0" index="1" bw="1" slack="0"/>
<pin id="97" dir="0" index="2" bw="8" slack="0"/>
<pin id="98" dir="1" index="3" bw="8" slack="0"/>
</pin_list>
<bind>
<opcode="getelementptr(29) " fcode="getelementptr"/>
<opset="bit_reverse_buf_stream_mdf_word_t_0_stream_mdf_word_t_0_bank_1_addr/1 "/>
</bind>
</comp>

<comp id="101" class="1004" name="grp_access_fu_101">
<pin_list>
<pin id="102" dir="0" index="0" bw="8" slack="0"/>
<pin id="103" dir="0" index="1" bw="128" slack="2147483647"/>
<pin id="104" dir="0" index="2" bw="0" slack="2147483647"/>
<pin id="105" dir="1" index="3" bw="128" slack="0"/>
</pin_list>
<bind>
<opcode="load(27) " fcode="load"/>
<opset="bit_reverse_buf_stream_mdf_word_t_0_stream_mdf_word_t_0_bank_1_load/1 "/>
</bind>
</comp>

<comp id="107" class="1004" name="store_ln271_store_fu_107">
<pin_list>
<pin id="108" dir="0" index="0" bw="1" slack="0"/>
<pin id="109" dir="0" index="1" bw="9" slack="0"/>
<pin id="110" dir="1" index="2" bw="0" slack="2147483647"/>
</pin_list>
<bind>
<opcode="store(28) " fcode="store"/>
<opset="store_ln271/1 "/>
</bind>
</comp>

<comp id="112" class="1004" name="i_5_load_fu_112">
<pin_list>
<pin id="113" dir="0" index="0" bw="9" slack="0"/>
<pin id="114" dir="1" index="1" bw="9" slack="0"/>
</pin_list>
<bind>
<opcode="load(27) " fcode="load"/>
<opset="i_5/1 "/>
</bind>
</comp>

<comp id="115" class="1004" name="icmp_ln271_fu_115">
<pin_list>
<pin id="116" dir="0" index="0" bw="9" slack="0"/>
<pin id="117" dir="0" index="1" bw="9" slack="0"/>
<pin id="118" dir="1" index="2" bw="1" slack="1"/>
</pin_list>
<bind>
<opcode="icmp(45) " fcode="icmp"/>
<opset="icmp_ln271/1 "/>
</bind>
</comp>

<comp id="121" class="1004" name="i_6_fu_121">
<pin_list>
<pin id="122" dir="0" index="0" bw="9" slack="0"/>
<pin id="123" dir="0" index="1" bw="1" slack="0"/>
<pin id="124" dir="1" index="2" bw="9" slack="0"/>
</pin_list>
<bind>
<opcode="add(8) " fcode="add"/>
<opset="i_6/1 "/>
</bind>
</comp>

<comp id="127" class="1004" name="rev_fu_127">
<pin_list>
<pin id="128" dir="0" index="0" bw="8" slack="0"/>
<pin id="129" dir="0" index="1" bw="9" slack="0"/>
<pin id="130" dir="0" index="2" bw="4" slack="0"/>
<pin id="131" dir="0" index="3" bw="1" slack="0"/>
<pin id="132" dir="1" index="4" bw="8" slack="0"/>
</pin_list>
<bind>
<opcode="partselect(1002) " fcode="partselect"/>
<opset="rev/1 "/>
</bind>
</comp>

<comp id="137" class="1004" name="zext_ln282_fu_137">
<pin_list>
<pin id="138" dir="0" index="0" bw="8" slack="0"/>
<pin id="139" dir="1" index="1" bw="64" slack="0"/>
</pin_list>
<bind>
<opcode="zext(34) " fcode="zext"/>
<opset="zext_ln282/1 "/>
</bind>
</comp>

<comp id="143" class="1004" name="y_last_fu_143">
<pin_list>
<pin id="144" dir="0" index="0" bw="9" slack="0"/>
<pin id="145" dir="0" index="1" bw="9" slack="0"/>
<pin id="146" dir="1" index="2" bw="1" slack="2"/>
</pin_list>
<bind>
<opcode="icmp(45) " fcode="icmp"/>
<opset="y_last/1 "/>
</bind>
</comp>

<comp id="149" class="1004" name="store_ln271_store_fu_149">
<pin_list>
<pin id="150" dir="0" index="0" bw="9" slack="0"/>
<pin id="151" dir="0" index="1" bw="9" slack="0"/>
<pin id="152" dir="1" index="2" bw="0" slack="2147483647"/>
</pin_list>
<bind>
<opcode="store(28) " fcode="store"/>
<opset="store_ln271/1 "/>
</bind>
</comp>

<comp id="154" class="1004" name="raw_fu_154">
<pin_list>
<pin id="155" dir="0" index="0" bw="1" slack="1"/>
<pin id="156" dir="0" index="1" bw="128" slack="0"/>
<pin id="157" dir="0" index="2" bw="128" slack="0"/>
<pin id="158" dir="1" index="3" bw="128" slack="0"/>
</pin_list>
<bind>
<opcode="select(49) " fcode="select"/>
<opset="raw/2 "/>
</bind>
</comp>

<comp id="161" class="1004" name="trunc_ln286_fu_161">
<pin_list>
<pin id="162" dir="0" index="0" bw="128" slack="0"/>
<pin id="163" dir="1" index="1" bw="32" slack="1"/>
</pin_list>
<bind>
<opcode="trunc(33) " fcode="trunc"/>
<opset="trunc_ln286/2 "/>
</bind>
</comp>

<comp id="165" class="1004" name="tmp_7_i_i_fu_165">
<pin_list>
<pin id="166" dir="0" index="0" bw="32" slack="0"/>
<pin id="167" dir="0" index="1" bw="128" slack="0"/>
<pin id="168" dir="0" index="2" bw="8" slack="0"/>
<pin id="169" dir="0" index="3" bw="8" slack="0"/>
<pin id="170" dir="1" index="4" bw="32" slack="1"/>
</pin_list>
<bind>
<opcode="partselect(1002) " fcode="partselect"/>
<opset="tmp_7_i_i/2 "/>
</bind>
</comp>

<comp id="175" class="1004" name="tmp_9_i_i_fu_175">
<pin_list>
<pin id="176" dir="0" index="0" bw="32" slack="0"/>
<pin id="177" dir="0" index="1" bw="128" slack="0"/>
<pin id="178" dir="0" index="2" bw="7" slack="0"/>
<pin id="179" dir="0" index="3" bw="7" slack="0"/>
<pin id="180" dir="1" index="4" bw="32" slack="1"/>
</pin_list>
<bind>
<opcode="partselect(1002) " fcode="partselect"/>
<opset="tmp_9_i_i/2 "/>
</bind>
</comp>

<comp id="185" class="1004" name="tmp_10_i_i_fu_185">
<pin_list>
<pin id="186" dir="0" index="0" bw="32" slack="0"/>
<pin id="187" dir="0" index="1" bw="128" slack="0"/>
<pin id="188" dir="0" index="2" bw="8" slack="0"/>
<pin id="189" dir="0" index="3" bw="8" slack="0"/>
<pin id="190" dir="1" index="4" bw="32" slack="1"/>
</pin_list>
<bind>
<opcode="partselect(1002) " fcode="partselect"/>
<opset="tmp_10_i_i/2 "/>
</bind>
</comp>

<comp id="195" class="1004" name="tmp_11_i_i_fu_195">
<pin_list>
<pin id="196" dir="0" index="0" bw="129" slack="0"/>
<pin id="197" dir="0" index="1" bw="1" slack="2"/>
<pin id="198" dir="0" index="2" bw="32" slack="1"/>
<pin id="199" dir="0" index="3" bw="32" slack="1"/>
<pin id="200" dir="0" index="4" bw="32" slack="1"/>
<pin id="201" dir="0" index="5" bw="32" slack="1"/>
<pin id="202" dir="1" index="6" bw="129" slack="0"/>
</pin_list>
<bind>
<opcode="bitconcatenate(1004) " fcode="bitconcatenate"/>
<opset="tmp_11_i_i/3 "/>
</bind>
</comp>

<comp id="205" class="1005" name="i_reg_205">
<pin_list>
<pin id="206" dir="0" index="0" bw="9" slack="0"/>
<pin id="207" dir="1" index="1" bw="9" slack="0"/>
</pin_list>
<bind>
<opset="i "/>
</bind>
</comp>

<comp id="212" class="1005" name="p_read_1_reg_212">
<pin_list>
<pin id="213" dir="0" index="0" bw="1" slack="1"/>
<pin id="214" dir="1" index="1" bw="1" slack="1"/>
</pin_list>
<bind>
<opset="p_read_1 "/>
</bind>
</comp>

<comp id="217" class="1005" name="icmp_ln271_reg_217">
<pin_list>
<pin id="218" dir="0" index="0" bw="1" slack="1"/>
<pin id="219" dir="1" index="1" bw="1" slack="2147483647"/>
</pin_list>
<bind>
<opset="icmp_ln271 "/>
</bind>
</comp>

<comp id="221" class="1005" name="bit_reverse_buf_stream_mdf_word_t_0_stream_mdf_word_t_0_bank_addr_reg_221">
<pin_list>
<pin id="222" dir="0" index="0" bw="8" slack="1"/>
<pin id="223" dir="1" index="1" bw="8" slack="1"/>
</pin_list>
<bind>
<opset="bit_reverse_buf_stream_mdf_word_t_0_stream_mdf_word_t_0_bank_addr "/>
</bind>
</comp>

<comp id="226" class="1005" name="bit_reverse_buf_stream_mdf_word_t_0_stream_mdf_word_t_0_bank_1_addr_reg_226">
<pin_list>
<pin id="227" dir="0" index="0" bw="8" slack="1"/>
<pin id="228" dir="1" index="1" bw="8" slack="1"/>
</pin_list>
<bind>
<opset="bit_reverse_buf_stream_mdf_word_t_0_stream_mdf_word_t_0_bank_1_addr "/>
</bind>
</comp>

<comp id="231" class="1005" name="y_last_reg_231">
<pin_list>
<pin id="232" dir="0" index="0" bw="1" slack="2"/>
<pin id="233" dir="1" index="1" bw="1" slack="2"/>
</pin_list>
<bind>
<opset="y_last "/>
</bind>
</comp>

<comp id="236" class="1005" name="trunc_ln286_reg_236">
<pin_list>
<pin id="237" dir="0" index="0" bw="32" slack="1"/>
<pin id="238" dir="1" index="1" bw="32" slack="1"/>
</pin_list>
<bind>
<opset="trunc_ln286 "/>
</bind>
</comp>

<comp id="241" class="1005" name="tmp_7_i_i_reg_241">
<pin_list>
<pin id="242" dir="0" index="0" bw="32" slack="1"/>
<pin id="243" dir="1" index="1" bw="32" slack="1"/>
</pin_list>
<bind>
<opset="tmp_7_i_i "/>
</bind>
</comp>

<comp id="246" class="1005" name="tmp_9_i_i_reg_246">
<pin_list>
<pin id="247" dir="0" index="0" bw="32" slack="1"/>
<pin id="248" dir="1" index="1" bw="32" slack="1"/>
</pin_list>
<bind>
<opset="tmp_9_i_i "/>
</bind>
</comp>

<comp id="251" class="1005" name="tmp_10_i_i_reg_251">
<pin_list>
<pin id="252" dir="0" index="0" bw="32" slack="1"/>
<pin id="253" dir="1" index="1" bw="32" slack="1"/>
</pin_list>
<bind>
<opset="tmp_10_i_i "/>
</bind>
</comp>

</comp_list>

<net_list>
<net id="67"><net_src comp="8" pin="0"/><net_sink comp="64" pin=0"/></net>

<net id="72"><net_src comp="20" pin="0"/><net_sink comp="68" pin=0"/></net>

<net id="73"><net_src comp="0" pin="0"/><net_sink comp="68" pin=1"/></net>

<net id="79"><net_src comp="62" pin="0"/><net_sink comp="74" pin=0"/></net>

<net id="80"><net_src comp="2" pin="0"/><net_sink comp="74" pin=1"/></net>

<net id="86"><net_src comp="4" pin="0"/><net_sink comp="81" pin=0"/></net>

<net id="87"><net_src comp="32" pin="0"/><net_sink comp="81" pin=1"/></net>

<net id="93"><net_src comp="81" pin="3"/><net_sink comp="88" pin=0"/></net>

<net id="99"><net_src comp="6" pin="0"/><net_sink comp="94" pin=0"/></net>

<net id="100"><net_src comp="32" pin="0"/><net_sink comp="94" pin=1"/></net>

<net id="106"><net_src comp="94" pin="3"/><net_sink comp="101" pin=0"/></net>

<net id="111"><net_src comp="22" pin="0"/><net_sink comp="107" pin=0"/></net>

<net id="119"><net_src comp="112" pin="1"/><net_sink comp="115" pin=0"/></net>

<net id="120"><net_src comp="24" pin="0"/><net_sink comp="115" pin=1"/></net>

<net id="125"><net_src comp="112" pin="1"/><net_sink comp="121" pin=0"/></net>

<net id="126"><net_src comp="26" pin="0"/><net_sink comp="121" pin=1"/></net>

<net id="133"><net_src comp="28" pin="0"/><net_sink comp="127" pin=0"/></net>

<net id="134"><net_src comp="112" pin="1"/><net_sink comp="127" pin=1"/></net>

<net id="135"><net_src comp="30" pin="0"/><net_sink comp="127" pin=2"/></net>

<net id="136"><net_src comp="14" pin="0"/><net_sink comp="127" pin=3"/></net>

<net id="140"><net_src comp="127" pin="4"/><net_sink comp="137" pin=0"/></net>

<net id="141"><net_src comp="137" pin="1"/><net_sink comp="81" pin=2"/></net>

<net id="142"><net_src comp="137" pin="1"/><net_sink comp="94" pin=2"/></net>

<net id="147"><net_src comp="112" pin="1"/><net_sink comp="143" pin=0"/></net>

<net id="148"><net_src comp="34" pin="0"/><net_sink comp="143" pin=1"/></net>

<net id="153"><net_src comp="121" pin="2"/><net_sink comp="149" pin=0"/></net>

<net id="159"><net_src comp="101" pin="3"/><net_sink comp="154" pin=1"/></net>

<net id="160"><net_src comp="88" pin="3"/><net_sink comp="154" pin=2"/></net>

<net id="164"><net_src comp="154" pin="3"/><net_sink comp="161" pin=0"/></net>

<net id="171"><net_src comp="36" pin="0"/><net_sink comp="165" pin=0"/></net>

<net id="172"><net_src comp="154" pin="3"/><net_sink comp="165" pin=1"/></net>

<net id="173"><net_src comp="38" pin="0"/><net_sink comp="165" pin=2"/></net>

<net id="174"><net_src comp="40" pin="0"/><net_sink comp="165" pin=3"/></net>

<net id="181"><net_src comp="36" pin="0"/><net_sink comp="175" pin=0"/></net>

<net id="182"><net_src comp="154" pin="3"/><net_sink comp="175" pin=1"/></net>

<net id="183"><net_src comp="42" pin="0"/><net_sink comp="175" pin=2"/></net>

<net id="184"><net_src comp="44" pin="0"/><net_sink comp="175" pin=3"/></net>

<net id="191"><net_src comp="36" pin="0"/><net_sink comp="185" pin=0"/></net>

<net id="192"><net_src comp="154" pin="3"/><net_sink comp="185" pin=1"/></net>

<net id="193"><net_src comp="46" pin="0"/><net_sink comp="185" pin=2"/></net>

<net id="194"><net_src comp="48" pin="0"/><net_sink comp="185" pin=3"/></net>

<net id="203"><net_src comp="60" pin="0"/><net_sink comp="195" pin=0"/></net>

<net id="204"><net_src comp="195" pin="6"/><net_sink comp="74" pin=2"/></net>

<net id="208"><net_src comp="64" pin="1"/><net_sink comp="205" pin=0"/></net>

<net id="209"><net_src comp="205" pin="1"/><net_sink comp="107" pin=1"/></net>

<net id="210"><net_src comp="205" pin="1"/><net_sink comp="112" pin=0"/></net>

<net id="211"><net_src comp="205" pin="1"/><net_sink comp="149" pin=1"/></net>

<net id="215"><net_src comp="68" pin="2"/><net_sink comp="212" pin=0"/></net>

<net id="216"><net_src comp="212" pin="1"/><net_sink comp="154" pin=0"/></net>

<net id="220"><net_src comp="115" pin="2"/><net_sink comp="217" pin=0"/></net>

<net id="224"><net_src comp="81" pin="3"/><net_sink comp="221" pin=0"/></net>

<net id="225"><net_src comp="221" pin="1"/><net_sink comp="88" pin=0"/></net>

<net id="229"><net_src comp="94" pin="3"/><net_sink comp="226" pin=0"/></net>

<net id="230"><net_src comp="226" pin="1"/><net_sink comp="101" pin=0"/></net>

<net id="234"><net_src comp="143" pin="2"/><net_sink comp="231" pin=0"/></net>

<net id="235"><net_src comp="231" pin="1"/><net_sink comp="195" pin=1"/></net>

<net id="239"><net_src comp="161" pin="1"/><net_sink comp="236" pin=0"/></net>

<net id="240"><net_src comp="236" pin="1"/><net_sink comp="195" pin=5"/></net>

<net id="244"><net_src comp="165" pin="4"/><net_sink comp="241" pin=0"/></net>

<net id="245"><net_src comp="241" pin="1"/><net_sink comp="195" pin=4"/></net>

<net id="249"><net_src comp="175" pin="4"/><net_sink comp="246" pin=0"/></net>

<net id="250"><net_src comp="246" pin="1"/><net_sink comp="195" pin=3"/></net>

<net id="254"><net_src comp="185" pin="4"/><net_sink comp="251" pin=0"/></net>

<net id="255"><net_src comp="251" pin="1"/><net_sink comp="195" pin=2"/></net>

</net_list>

</model> 
---------------- Datapath Model END ------------------

* FSMD analyzer results:
  - Output states:
	Port: w_out | {3 }
 - Input state : 
	Port: Loop_read_loop_proc : p_read | {1 }
	Port: Loop_read_loop_proc : bit_reverse_buf_stream_mdf_word_t_0_stream_mdf_word_t_0_bank | {1 2 }
	Port: Loop_read_loop_proc : bit_reverse_buf_stream_mdf_word_t_0_stream_mdf_word_t_0_bank_1 | {1 2 }
  - Chain level:
	State 1
		store_ln271 : 1
		i_5 : 1
		icmp_ln271 : 2
		i_6 : 2
		br_ln271 : 3
		rev : 2
		zext_ln282 : 3
		bit_reverse_buf_stream_mdf_word_t_0_stream_mdf_word_t_0_bank_addr : 4
		bit_reverse_buf_stream_mdf_word_t_0_stream_mdf_word_t_0_bank_load : 5
		bit_reverse_buf_stream_mdf_word_t_0_stream_mdf_word_t_0_bank_1_addr : 4
		bit_reverse_buf_stream_mdf_word_t_0_stream_mdf_word_t_0_bank_1_load : 5
		y_last : 2
		store_ln271 : 3
	State 2
		raw : 1
		trunc_ln286 : 2
		tmp_7_i_i : 2
		tmp_9_i_i : 2
		tmp_10_i_i : 2
	State 3
		write_ln291 : 1


============================================================
+ Verbose Summary: Datapath Resource usage 
============================================================

* Functional unit list:
|----------|-------------------------|---------|---------|
| Operation|     Functional Unit     |    FF   |   LUT   |
|----------|-------------------------|---------|---------|
|  select  |        raw_fu_154       |    0    |   128   |
|----------|-------------------------|---------|---------|
|   icmp   |    icmp_ln271_fu_115    |    0    |    16   |
|          |      y_last_fu_143      |    0    |    16   |
|----------|-------------------------|---------|---------|
|    add   |        i_6_fu_121       |    0    |    16   |
|----------|-------------------------|---------|---------|
|   read   |   p_read_1_read_fu_68   |    0    |    0    |
|----------|-------------------------|---------|---------|
|   write  | write_ln291_write_fu_74 |    0    |    0    |
|----------|-------------------------|---------|---------|
|          |        rev_fu_127       |    0    |    0    |
|partselect|     tmp_7_i_i_fu_165    |    0    |    0    |
|          |     tmp_9_i_i_fu_175    |    0    |    0    |
|          |    tmp_10_i_i_fu_185    |    0    |    0    |
|----------|-------------------------|---------|---------|
|   zext   |    zext_ln282_fu_137    |    0    |    0    |
|----------|-------------------------|---------|---------|
|   trunc  |    trunc_ln286_fu_161   |    0    |    0    |
|----------|-------------------------|---------|---------|
|bitconcatenate|    tmp_11_i_i_fu_195    |    0    |    0    |
|----------|-------------------------|---------|---------|
|   Total  |                         |    0    |   176   |
|----------|-------------------------|---------|---------|

Memories:
N/A

* Register list:
+---------------------------------------------------------------------------+--------+
|                                                                           |   FF   |
+---------------------------------------------------------------------------+--------+
|bit_reverse_buf_stream_mdf_word_t_0_stream_mdf_word_t_0_bank_1_addr_reg_226|    8   |
| bit_reverse_buf_stream_mdf_word_t_0_stream_mdf_word_t_0_bank_addr_reg_221 |    8   |
|                                 i_reg_205                                 |    9   |
|                             icmp_ln271_reg_217                            |    1   |
|                              p_read_1_reg_212                             |    1   |
|                             tmp_10_i_i_reg_251                            |   32   |
|                             tmp_7_i_i_reg_241                             |   32   |
|                             tmp_9_i_i_reg_246                             |   32   |
|                            trunc_ln286_reg_236                            |   32   |
|                               y_last_reg_231                              |    1   |
+---------------------------------------------------------------------------+--------+
|                                   Total                                   |   156  |
+---------------------------------------------------------------------------+--------+

* Multiplexer (MUX) list: 
|-------------------|------|------|------|--------||---------||---------|
|        Comp       |  Pin | Size |  BW  | S x BW ||  Delay  ||   LUT   |
|-------------------|------|------|------|--------||---------||---------|
|  grp_access_fu_88 |  p0  |   2  |   8  |   16   ||    9    |
| grp_access_fu_101 |  p0  |   2  |   8  |   16   ||    9    |
|-------------------|------|------|------|--------||---------||---------|
|       Total       |      |      |      |   32   ||  2.648  ||    18   |
|-------------------|------|------|------|--------||---------||---------|



* Summary:
+-----------+--------+--------+--------+
|           |  Delay |   FF   |   LUT  |
+-----------+--------+--------+--------+
|  Function |    -   |    0   |   176  |
|   Memory  |    -   |    -   |    -   |
|Multiplexer|    2   |    -   |   18   |
|  Register |    -   |   156  |    -   |
+-----------+--------+--------+--------+
|   Total   |    2   |   156  |   194  |
+-----------+--------+--------+--------+
