

================================================================
== Vitis HLS Report for 'word_to_axis'
================================================================
* Date:           Tue Jun 30 20:57:55 2026

* Version:        2023.2 (Build 4023990 on Oct 11 2023)
* Project:        mdf_fft_hls
* Solution:       solution1 (Vivado IP Flow Target)
* Product family: artix7
* Target device:  xc7a200t-fbg676-2


================================================================
== Performance Estimates
================================================================
+ Timing: 
    * Summary: 
    +--------+----------+----------+------------+
    |  Clock |  Target  | Estimated| Uncertainty|
    +--------+----------+----------+------------+
    |ap_clk  |  10.00 ns|  4.396 ns|     2.70 ns|
    +--------+----------+----------+------------+

+ Latency: 
    * Summary: 
    +---------+---------+----------+----------+-----+-----+---------+
    |  Latency (cycles) |  Latency (absolute) |  Interval | Pipeline|
    |   min   |   max   |    min   |    max   | min | max |   Type  |
    +---------+---------+----------+----------+-----+-----+---------+
    |      259|      259|  2.590 us|  2.590 us|  259|  259|       no|
    +---------+---------+----------+----------+-----+-----+---------+

    + Detail: 
        * Instance: 
        N/A

        * Loop: 
        +--------------------+---------+---------+----------+-----------+-----------+------+----------+
        |                    |  Latency (cycles) | Iteration|  Initiation Interval  | Trip |          |
        |      Loop Name     |   min   |   max   |  Latency |  achieved |   target  | Count| Pipelined|
        +--------------------+---------+---------+----------+-----------+-----------+------+----------+
        |- VITIS_LOOP_313_1  |      257|      257|         3|          1|          1|   256|  yes(flp)|
        +--------------------+---------+---------+----------+-----------+-----------+------+----------+

============================================================
+ Verbose Summary: Synthesis Manager
============================================================
InlineROM: 1
ExposeGlobal: 0
============================================================
+ Verbose Summary: CDFG Model
============================================================
IsTopModel: 0
ResetActiveHigh: 1
IsCombinational: 2
IsDatapathOnly: 0
HasWiredReturn: 1
HasMFsm: 1
HasVarLatency: 1
IsPipeline: 0
IsRtlPipelined: 0
IsInstanceOverlapped: 0
IsDontTouch: 0
HasImplIP: 0
IsGatedGlobalClock: 0

+ Individual pipeline summary: 
  * Pipeline-0: initiation interval (II) = 1, depth = 3


============================================================
+ Verbose Summary: Schedule
============================================================
* Number of FSM states : 3
* Pipeline : 1
  Pipeline-0 : II = 1, D = 3, States = { 1 2 3 }
* Dataflow Pipeline: 0

* FSM state transitions: 
1 --> 2 
2 --> 3 
3 --> 

* FSM state operations: 

State 1 <SV = 0> <Delay = 4.38>
ST_1 : Operation 6 [1/1] (0.00ns)   --->   "%i = alloca i32 1" [mdf_fft/fft_mdf.cpp:313]   --->   Operation 6 'alloca' 'i' <Predicate = true> <Delay = 0.00>
ST_1 : Operation 7 [1/1] (0.00ns)   --->   "%specaxissidechannel_ln0 = specaxissidechannel void @_ssdm_op_SpecAXISSideChannel, i128 %s_out_V_data_V, i16 %s_out_V_keep_V, i16 %s_out_V_strb_V, i1 %s_out_V_user_V, i1 %s_out_V_last_V, i1 %s_out_V_id_V, i1 %s_out_V_dest_V, void @empty_12"   --->   Operation 7 'specaxissidechannel' 'specaxissidechannel_ln0' <Predicate = true> <Delay = 0.00>
ST_1 : Operation 8 [1/1] (0.00ns)   --->   "%specinterface_ln0 = specinterface void @_ssdm_op_SpecInterface, i129 %w_out, void @empty_10, i32 0, i32 0, void @empty_9, i32 0, i32 0, void @empty_9, void @empty_9, void @empty_9, i32 0, i32 0, i32 0, i32 0, void @empty_9, void @empty_9, i32 4294967295, i32 0"   --->   Operation 8 'specinterface' 'specinterface_ln0' <Predicate = true> <Delay = 0.00>
ST_1 : Operation 9 [1/1] (0.00ns)   --->   "%specinterface_ln0 = specinterface void @_ssdm_op_SpecInterface, i1 %s_out_V_dest_V, i1 %s_out_V_id_V, i1 %s_out_V_last_V, i1 %s_out_V_user_V, i16 %s_out_V_strb_V, i16 %s_out_V_keep_V, i128 %s_out_V_data_V, void @empty_11, i32 1, i32 1, void @empty_7, i32 0, i32 0, void @empty_9, void @empty_9, void @empty_9, i32 0, i32 0, i32 0, i32 0, void @empty_9, void @empty_9, i32 4294967295, i32 0"   --->   Operation 9 'specinterface' 'specinterface_ln0' <Predicate = true> <Delay = 0.00>
ST_1 : Operation 10 [1/1] (1.32ns)   --->   "%store_ln313 = store i9 0, i9 %i" [mdf_fft/fft_mdf.cpp:313]   --->   Operation 10 'store' 'store_ln313' <Predicate = true> <Delay = 1.32>
ST_1 : Operation 11 [1/1] (0.00ns)   --->   "%br_ln313 = br void %for.inc" [mdf_fft/fft_mdf.cpp:313]   --->   Operation 11 'br' 'br_ln313' <Predicate = true> <Delay = 0.00>
ST_1 : Operation 12 [1/1] (0.00ns)   --->   "%i_1 = load i9 %i" [mdf_fft/fft_mdf.cpp:313]   --->   Operation 12 'load' 'i_1' <Predicate = true> <Delay = 0.00>
ST_1 : Operation 13 [1/1] (1.73ns)   --->   "%icmp_ln313 = icmp_eq  i9 %i_1, i9 256" [mdf_fft/fft_mdf.cpp:313]   --->   Operation 13 'icmp' 'icmp_ln313' <Predicate = true> <Delay = 1.73> <CoreInst = "Cmp">   --->   Core 9 'Cmp' <Latency = 0> <II = 1> <Delay = 1.73> <FuncUnit> <Opcode : 'icmp'> <InPorts = 2> <OutPorts = 1>
ST_1 : Operation 14 [1/1] (1.73ns)   --->   "%i_2 = add i9 %i_1, i9 1" [mdf_fft/fft_mdf.cpp:313]   --->   Operation 14 'add' 'i_2' <Predicate = true> <Delay = 1.73> <CoreInst = "Adder">   --->   Core 1 'Adder' <Latency = 0> <II = 1> <Delay = 1.73> <FuncUnit> <Opcode : 'add' 'sub'> <InPorts = 2> <OutPorts = 1>
ST_1 : Operation 15 [1/1] (0.00ns)   --->   "%br_ln313 = br i1 %icmp_ln313, void %for.inc.split, void %for.end" [mdf_fft/fft_mdf.cpp:313]   --->   Operation 15 'br' 'br_ln313' <Predicate = true> <Delay = 0.00>
ST_1 : Operation 16 [1/1] (1.32ns)   --->   "%store_ln313 = store i9 %i_2, i9 %i" [mdf_fft/fft_mdf.cpp:313]   --->   Operation 16 'store' 'store_ln313' <Predicate = (!icmp_ln313)> <Delay = 1.32>

State 2 <SV = 1> <Delay = 4.39>
ST_2 : Operation 17 [1/1] (3.39ns)   --->   "%w_out_read = read i129 @_ssdm_op_Read.ap_fifo.volatile.i129P0A, i129 %w_out" [mdf_fft/fft_mdf.cpp:315]   --->   Operation 17 'read' 'w_out_read' <Predicate = (!icmp_ln313)> <Delay = 3.39> <CoreInst = "FIFO">   --->   Core 78 'FIFO' <Latency = 0> <II = 1> <Delay = 3.39> <Storage> <Opcode : 'read' 'write' 'nbread' 'nbwrite'> <Ports = 0> <Width = 129> <Depth = 260> <FIFO>
ST_2 : Operation 18 [1/1] (0.00ns)   --->   "%trunc_ln315 = trunc i129 %w_out_read" [mdf_fft/fft_mdf.cpp:315]   --->   Operation 18 'trunc' 'trunc_ln315' <Predicate = (!icmp_ln313)> <Delay = 0.00>
ST_2 : Operation 19 [1/1] (0.00ns)   --->   "%tmp = bitselect i1 @_ssdm_op_BitSelect.i1.i129.i32, i129 %w_out_read, i32 128" [mdf_fft/fft_mdf.cpp:315]   --->   Operation 19 'bitselect' 'tmp' <Predicate = (!icmp_ln313)> <Delay = 0.00>
ST_2 : Operation 20 [2/2] (1.00ns)   --->   "%write_ln321 = write void @_ssdm_op_Write.axis.volatile.i128P0A.i16P0A.i16P0A.i1P0A.i1P0A.i1P0A.i1P0A, i128 %s_out_V_data_V, i16 %s_out_V_keep_V, i16 %s_out_V_strb_V, i1 %s_out_V_user_V, i1 %s_out_V_last_V, i1 %s_out_V_id_V, i1 %s_out_V_dest_V, i128 %trunc_ln315, i16 65535, i16 65535, i1 0, i1 %tmp, i1 0, i1 0" [mdf_fft/fft_mdf.cpp:321]   --->   Operation 20 'write' 'write_ln321' <Predicate = (!icmp_ln313)> <Delay = 1.00> <CoreInst = "axis">   --->   Core 115 'axis' <Latency = 0> <II = 1> <Delay = 1.00> <Adapter> <Opcode : >

State 3 <SV = 2> <Delay = 1.00>
ST_3 : Operation 21 [1/1] (0.00ns)   --->   "%specpipeline_ln314 = specpipeline void @_ssdm_op_SpecPipeline, i32 1, i32 0, i32 0, i32 0, void @empty_9" [mdf_fft/fft_mdf.cpp:314]   --->   Operation 21 'specpipeline' 'specpipeline_ln314' <Predicate = (!icmp_ln313)> <Delay = 0.00>
ST_3 : Operation 22 [1/1] (0.00ns)   --->   "%speclooptripcount_ln313 = speclooptripcount void @_ssdm_op_SpecLoopTripCount, i64 256, i64 256, i64 256" [mdf_fft/fft_mdf.cpp:313]   --->   Operation 22 'speclooptripcount' 'speclooptripcount_ln313' <Predicate = (!icmp_ln313)> <Delay = 0.00>
ST_3 : Operation 23 [1/1] (0.00ns)   --->   "%specloopname_ln313 = specloopname void @_ssdm_op_SpecLoopName, void @empty_6" [mdf_fft/fft_mdf.cpp:313]   --->   Operation 23 'specloopname' 'specloopname_ln313' <Predicate = (!icmp_ln313)> <Delay = 0.00>
ST_3 : Operation 24 [1/2] (1.00ns)   --->   "%write_ln321 = write void @_ssdm_op_Write.axis.volatile.i128P0A.i16P0A.i16P0A.i1P0A.i1P0A.i1P0A.i1P0A, i128 %s_out_V_data_V, i16 %s_out_V_keep_V, i16 %s_out_V_strb_V, i1 %s_out_V_user_V, i1 %s_out_V_last_V, i1 %s_out_V_id_V, i1 %s_out_V_dest_V, i128 %trunc_ln315, i16 65535, i16 65535, i1 0, i1 %tmp, i1 0, i1 0" [mdf_fft/fft_mdf.cpp:321]   --->   Operation 24 'write' 'write_ln321' <Predicate = (!icmp_ln313)> <Delay = 1.00> <CoreInst = "axis">   --->   Core 115 'axis' <Latency = 0> <II = 1> <Delay = 1.00> <Adapter> <Opcode : >
ST_3 : Operation 25 [1/1] (0.00ns)   --->   "%br_ln313 = br void %for.inc" [mdf_fft/fft_mdf.cpp:313]   --->   Operation 25 'br' 'br_ln313' <Predicate = (!icmp_ln313)> <Delay = 0.00>
ST_3 : Operation 26 [1/1] (0.00ns)   --->   "%ret_ln323 = ret" [mdf_fft/fft_mdf.cpp:323]   --->   Operation 26 'ret' 'ret_ln323' <Predicate = (icmp_ln313)> <Delay = 0.00>


============================================================
+ Verbose Summary: Binding
============================================================
STG Binding: 
---------------- STG Properties BEGIN ----------------
- Is combinational: 0
- Is one-state seq: 0
- Is datapath-only: 0
- Is pipelined: 0
- Is top level: 0
Port [ Return ] is wired: 1; IO mode=ap_ctrl_hs:ce=0
Port [ w_out]:  wired=1; compound=1; hidden=0; nouse=0; global=0; static=0; extern=0; dir=0; type=3; pingpong=0; private_global=0; IO mode=ap_fifo:ce=0
Port [ s_out_V_data_V]:  wired=1; compound=1; hidden=0; nouse=0; global=0; static=0; extern=0; dir=1; type=0; pingpong=0; private_global=0; IO mode=axis:ce=0
Port [ s_out_V_keep_V]:  wired=1; compound=1; hidden=0; nouse=0; global=0; static=0; extern=0; dir=1; type=0; pingpong=0; private_global=0; IO mode=axis:ce=0
Port [ s_out_V_strb_V]:  wired=1; compound=1; hidden=0; nouse=0; global=0; static=0; extern=0; dir=1; type=0; pingpong=0; private_global=0; IO mode=axis:ce=0
Port [ s_out_V_user_V]:  wired=1; compound=1; hidden=0; nouse=0; global=0; static=0; extern=0; dir=1; type=0; pingpong=0; private_global=0; IO mode=axis:ce=0
Port [ s_out_V_last_V]:  wired=1; compound=1; hidden=0; nouse=0; global=0; static=0; extern=0; dir=1; type=0; pingpong=0; private_global=0; IO mode=axis:ce=0
Port [ s_out_V_id_V]:  wired=1; compound=1; hidden=0; nouse=0; global=0; static=0; extern=0; dir=1; type=0; pingpong=0; private_global=0; IO mode=axis:ce=0
Port [ s_out_V_dest_V]:  wired=1; compound=1; hidden=0; nouse=0; global=0; static=0; extern=0; dir=1; type=0; pingpong=0; private_global=0; IO mode=axis:ce=0
---------------- STG Properties END ------------------

---------------- Datapath Model BEGIN ----------------

<LifeTime>
<method=bitvector/>
i                       (alloca             ) [ 0100]
specaxissidechannel_ln0 (specaxissidechannel) [ 0000]
specinterface_ln0       (specinterface      ) [ 0000]
specinterface_ln0       (specinterface      ) [ 0000]
store_ln313             (store              ) [ 0000]
br_ln313                (br                 ) [ 0000]
i_1                     (load               ) [ 0000]
icmp_ln313              (icmp               ) [ 0111]
i_2                     (add                ) [ 0000]
br_ln313                (br                 ) [ 0000]
store_ln313             (store              ) [ 0000]
w_out_read              (read               ) [ 0000]
trunc_ln315             (trunc              ) [ 0101]
tmp                     (bitselect          ) [ 0101]
specpipeline_ln314      (specpipeline       ) [ 0000]
speclooptripcount_ln313 (speclooptripcount  ) [ 0000]
specloopname_ln313      (specloopname       ) [ 0000]
write_ln321             (write              ) [ 0000]
br_ln313                (br                 ) [ 0000]
ret_ln323               (ret                ) [ 0000]
</LifeTime>

<model>

<comp_list>
<comp id="0" class="1000" name="w_out">
<pin_list>
<pin id="1" dir="1" index="0" bw="1" slack="0"/>
</pin_list>
<bind>
<StgValue><ssdm name="w_out"/></StgValue>
</bind>
</comp>

<comp id="2" class="1000" name="s_out_V_data_V">
<pin_list>
<pin id="3" dir="1" index="0" bw="1" slack="0"/>
</pin_list>
<bind>
<StgValue><ssdm name="s_out_V_data_V"/></StgValue>
</bind>
</comp>

<comp id="4" class="1000" name="s_out_V_keep_V">
<pin_list>
<pin id="5" dir="1" index="0" bw="1" slack="0"/>
</pin_list>
<bind>
<StgValue><ssdm name="s_out_V_keep_V"/></StgValue>
</bind>
</comp>

<comp id="6" class="1000" name="s_out_V_strb_V">
<pin_list>
<pin id="7" dir="1" index="0" bw="1" slack="0"/>
</pin_list>
<bind>
<StgValue><ssdm name="s_out_V_strb_V"/></StgValue>
</bind>
</comp>

<comp id="8" class="1000" name="s_out_V_user_V">
<pin_list>
<pin id="9" dir="1" index="0" bw="1" slack="0"/>
</pin_list>
<bind>
<StgValue><ssdm name="s_out_V_user_V"/></StgValue>
</bind>
</comp>

<comp id="10" class="1000" name="s_out_V_last_V">
<pin_list>
<pin id="11" dir="1" index="0" bw="1" slack="0"/>
</pin_list>
<bind>
<StgValue><ssdm name="s_out_V_last_V"/></StgValue>
</bind>
</comp>

<comp id="12" class="1000" name="s_out_V_id_V">
<pin_list>
<pin id="13" dir="1" index="0" bw="1" slack="0"/>
</pin_list>
<bind>
<StgValue><ssdm name="s_out_V_id_V"/></StgValue>
</bind>
</comp>

<comp id="14" class="1000" name="s_out_V_dest_V">
<pin_list>
<pin id="15" dir="1" index="0" bw="1" slack="0"/>
</pin_list>
<bind>
<StgValue><ssdm name="s_out_V_dest_V"/></StgValue>
</bind>
</comp>

<comp id="16" class="1001" name="const_16">
<pin_list>
<pin id="17" dir="1" index="0" bw="1" slack="0"/>
</pin_list>
<bind>
<StgValue><ssdm name=""/></StgValue>
</bind>
</comp>

<comp id="18" class="1001" name="const_18">
<pin_list>
<pin id="19" dir="1" index="0" bw="1" slack="2147483647"/>
</pin_list>
<bind>
<StgValue><ssdm name="_ssdm_op_SpecAXISSideChannel"/></StgValue>
</bind>
</comp>

<comp id="20" class="1001" name="const_20">
<pin_list>
<pin id="21" dir="1" index="0" bw="1" slack="2147483647"/>
</pin_list>
<bind>
<StgValue><ssdm name="empty_12"/></StgValue>
</bind>
</comp>

<comp id="22" class="1001" name="const_22">
<pin_list>
<pin id="23" dir="1" index="0" bw="1" slack="2147483647"/>
</pin_list>
<bind>
<StgValue><ssdm name="_ssdm_op_SpecInterface"/></StgValue>
</bind>
</comp>

<comp id="24" class="1001" name="const_24">
<pin_list>
<pin id="25" dir="1" index="0" bw="1" slack="2147483647"/>
</pin_list>
<bind>
<StgValue><ssdm name="empty_10"/></StgValue>
</bind>
</comp>

<comp id="26" class="1001" name="const_26">
<pin_list>
<pin id="27" dir="1" index="0" bw="1" slack="2147483647"/>
</pin_list>
<bind>
<StgValue><ssdm name=""/></StgValue>
</bind>
</comp>

<comp id="28" class="1001" name="const_28">
<pin_list>
<pin id="29" dir="1" index="0" bw="1" slack="2147483647"/>
</pin_list>
<bind>
<StgValue><ssdm name="empty_9"/></StgValue>
</bind>
</comp>

<comp id="30" class="1001" name="const_30">
<pin_list>
<pin id="31" dir="1" index="0" bw="1" slack="2147483647"/>
</pin_list>
<bind>
<StgValue><ssdm name=""/></StgValue>
</bind>
</comp>

<comp id="32" class="1001" name="const_32">
<pin_list>
<pin id="33" dir="1" index="0" bw="1" slack="2147483647"/>
</pin_list>
<bind>
<StgValue><ssdm name="empty_11"/></StgValue>
</bind>
</comp>

<comp id="34" class="1001" name="const_34">
<pin_list>
<pin id="35" dir="1" index="0" bw="1" slack="2147483647"/>
</pin_list>
<bind>
<StgValue><ssdm name="empty_7"/></StgValue>
</bind>
</comp>

<comp id="36" class="1001" name="const_36">
<pin_list>
<pin id="37" dir="1" index="0" bw="1" slack="0"/>
</pin_list>
<bind>
<StgValue><ssdm name=""/></StgValue>
</bind>
</comp>

<comp id="38" class="1001" name="const_38">
<pin_list>
<pin id="39" dir="1" index="0" bw="1" slack="0"/>
</pin_list>
<bind>
<StgValue><ssdm name=""/></StgValue>
</bind>
</comp>

<comp id="40" class="1001" name="const_40">
<pin_list>
<pin id="41" dir="1" index="0" bw="1" slack="0"/>
</pin_list>
<bind>
<StgValue><ssdm name=""/></StgValue>
</bind>
</comp>

<comp id="42" class="1001" name="const_42">
<pin_list>
<pin id="43" dir="1" index="0" bw="1" slack="0"/>
</pin_list>
<bind>
<StgValue><ssdm name="_ssdm_op_Read.ap_fifo.volatile.i129P0A"/></StgValue>
</bind>
</comp>

<comp id="44" class="1001" name="const_44">
<pin_list>
<pin id="45" dir="1" index="0" bw="1" slack="0"/>
</pin_list>
<bind>
<StgValue><ssdm name="_ssdm_op_BitSelect.i1.i129.i32"/></StgValue>
</bind>
</comp>

<comp id="46" class="1001" name="const_46">
<pin_list>
<pin id="47" dir="1" index="0" bw="1" slack="0"/>
</pin_list>
<bind>
<StgValue><ssdm name=""/></StgValue>
</bind>
</comp>

<comp id="48" class="1001" name="const_48">
<pin_list>
<pin id="49" dir="1" index="0" bw="1" slack="0"/>
</pin_list>
<bind>
<StgValue><ssdm name="_ssdm_op_Write.axis.volatile.i128P0A.i16P0A.i16P0A.i1P0A.i1P0A.i1P0A.i1P0A"/></StgValue>
</bind>
</comp>

<comp id="50" class="1001" name="const_50">
<pin_list>
<pin id="51" dir="1" index="0" bw="1" slack="0"/>
</pin_list>
<bind>
<StgValue><ssdm name=""/></StgValue>
</bind>
</comp>

<comp id="52" class="1001" name="const_52">
<pin_list>
<pin id="53" dir="1" index="0" bw="1" slack="0"/>
</pin_list>
<bind>
<StgValue><ssdm name=""/></StgValue>
</bind>
</comp>

<comp id="54" class="1001" name="const_54">
<pin_list>
<pin id="55" dir="1" index="0" bw="1" slack="2147483647"/>
</pin_list>
<bind>
<StgValue><ssdm name="_ssdm_op_SpecPipeline"/></StgValue>
</bind>
</comp>

<comp id="56" class="1001" name="const_56">
<pin_list>
<pin id="57" dir="1" index="0" bw="1" slack="2147483647"/>
</pin_list>
<bind>
<StgValue><ssdm name="_ssdm_op_SpecLoopTripCount"/></StgValue>
</bind>
</comp>

<comp id="58" class="1001" name="const_58">
<pin_list>
<pin id="59" dir="1" index="0" bw="1" slack="2147483647"/>
</pin_list>
<bind>
<StgValue><ssdm name=""/></StgValue>
</bind>
</comp>

<comp id="60" class="1001" name="const_60">
<pin_list>
<pin id="61" dir="1" index="0" bw="1" slack="2147483647"/>
</pin_list>
<bind>
<StgValue><ssdm name="_ssdm_op_SpecLoopName"/></StgValue>
</bind>
</comp>

<comp id="62" class="1001" name="const_62">
<pin_list>
<pin id="63" dir="1" index="0" bw="1" slack="2147483647"/>
</pin_list>
<bind>
<StgValue><ssdm name="empty_6"/></StgValue>
</bind>
</comp>

<comp id="64" class="1004" name="i_fu_64">
<pin_list>
<pin id="65" dir="0" index="0" bw="1" slack="0"/>
<pin id="66" dir="1" index="1" bw="9" slack="0"/>
</pin_list>
<bind>
<opcode="alloca(26) " fcode="alloca"/>
<opset="i/1 "/>
</bind>
</comp>

<comp id="68" class="1004" name="w_out_read_read_fu_68">
<pin_list>
<pin id="69" dir="0" index="0" bw="129" slack="0"/>
<pin id="70" dir="0" index="1" bw="129" slack="0"/>
<pin id="71" dir="1" index="2" bw="129" slack="0"/>
</pin_list>
<bind>
<opcode="read(1150) " fcode="read"/>
<opset="w_out_read/2 "/>
</bind>
</comp>

<comp id="74" class="1004" name="grp_write_fu_74">
<pin_list>
<pin id="75" dir="0" index="0" bw="0" slack="0"/>
<pin id="76" dir="0" index="1" bw="128" slack="0"/>
<pin id="77" dir="0" index="2" bw="16" slack="0"/>
<pin id="78" dir="0" index="3" bw="16" slack="0"/>
<pin id="79" dir="0" index="4" bw="1" slack="0"/>
<pin id="80" dir="0" index="5" bw="1" slack="0"/>
<pin id="81" dir="0" index="6" bw="1" slack="0"/>
<pin id="82" dir="0" index="7" bw="1" slack="0"/>
<pin id="83" dir="0" index="8" bw="128" slack="0"/>
<pin id="84" dir="0" index="9" bw="1" slack="0"/>
<pin id="85" dir="0" index="10" bw="1" slack="0"/>
<pin id="86" dir="0" index="11" bw="1" slack="0"/>
<pin id="87" dir="0" index="12" bw="1" slack="0"/>
<pin id="88" dir="0" index="13" bw="1" slack="0"/>
<pin id="89" dir="0" index="14" bw="1" slack="0"/>
<pin id="90" dir="1" index="15" bw="0" slack="2147483647"/>
</pin_list>
<bind>
<opcode="write(1151) " fcode="write"/>
<opset="write_ln321/2 "/>
</bind>
</comp>

<comp id="104" class="1004" name="store_ln313_store_fu_104">
<pin_list>
<pin id="105" dir="0" index="0" bw="1" slack="0"/>
<pin id="106" dir="0" index="1" bw="9" slack="0"/>
<pin id="107" dir="1" index="2" bw="0" slack="2147483647"/>
</pin_list>
<bind>
<opcode="store(28) " fcode="store"/>
<opset="store_ln313/1 "/>
</bind>
</comp>

<comp id="109" class="1004" name="i_1_load_fu_109">
<pin_list>
<pin id="110" dir="0" index="0" bw="9" slack="0"/>
<pin id="111" dir="1" index="1" bw="9" slack="0"/>
</pin_list>
<bind>
<opcode="load(27) " fcode="load"/>
<opset="i_1/1 "/>
</bind>
</comp>

<comp id="112" class="1004" name="icmp_ln313_fu_112">
<pin_list>
<pin id="113" dir="0" index="0" bw="9" slack="0"/>
<pin id="114" dir="0" index="1" bw="9" slack="0"/>
<pin id="115" dir="1" index="2" bw="1" slack="1"/>
</pin_list>
<bind>
<opcode="icmp(45) " fcode="icmp"/>
<opset="icmp_ln313/1 "/>
</bind>
</comp>

<comp id="118" class="1004" name="i_2_fu_118">
<pin_list>
<pin id="119" dir="0" index="0" bw="9" slack="0"/>
<pin id="120" dir="0" index="1" bw="1" slack="0"/>
<pin id="121" dir="1" index="2" bw="9" slack="0"/>
</pin_list>
<bind>
<opcode="add(8) " fcode="add"/>
<opset="i_2/1 "/>
</bind>
</comp>

<comp id="124" class="1004" name="store_ln313_store_fu_124">
<pin_list>
<pin id="125" dir="0" index="0" bw="9" slack="0"/>
<pin id="126" dir="0" index="1" bw="9" slack="0"/>
<pin id="127" dir="1" index="2" bw="0" slack="2147483647"/>
</pin_list>
<bind>
<opcode="store(28) " fcode="store"/>
<opset="store_ln313/1 "/>
</bind>
</comp>

<comp id="129" class="1004" name="trunc_ln315_fu_129">
<pin_list>
<pin id="130" dir="0" index="0" bw="129" slack="0"/>
<pin id="131" dir="1" index="1" bw="128" slack="0"/>
</pin_list>
<bind>
<opcode="trunc(33) " fcode="trunc"/>
<opset="trunc_ln315/2 "/>
</bind>
</comp>

<comp id="134" class="1004" name="tmp_fu_134">
<pin_list>
<pin id="135" dir="0" index="0" bw="1" slack="0"/>
<pin id="136" dir="0" index="1" bw="129" slack="0"/>
<pin id="137" dir="0" index="2" bw="9" slack="0"/>
<pin id="138" dir="1" index="3" bw="1" slack="0"/>
</pin_list>
<bind>
<opcode="bitselect(1000) " fcode="bitselect"/>
<opset="tmp/2 "/>
</bind>
</comp>

<comp id="143" class="1005" name="i_reg_143">
<pin_list>
<pin id="144" dir="0" index="0" bw="9" slack="0"/>
<pin id="145" dir="1" index="1" bw="9" slack="0"/>
</pin_list>
<bind>
<opset="i "/>
</bind>
</comp>

<comp id="150" class="1005" name="icmp_ln313_reg_150">
<pin_list>
<pin id="151" dir="0" index="0" bw="1" slack="1"/>
<pin id="152" dir="1" index="1" bw="1" slack="2147483647"/>
</pin_list>
<bind>
<opset="icmp_ln313 "/>
</bind>
</comp>

<comp id="154" class="1005" name="trunc_ln315_reg_154">
<pin_list>
<pin id="155" dir="0" index="0" bw="128" slack="1"/>
<pin id="156" dir="1" index="1" bw="128" slack="1"/>
</pin_list>
<bind>
<opset="trunc_ln315 "/>
</bind>
</comp>

<comp id="159" class="1005" name="tmp_reg_159">
<pin_list>
<pin id="160" dir="0" index="0" bw="1" slack="1"/>
<pin id="161" dir="1" index="1" bw="1" slack="1"/>
</pin_list>
<bind>
<opset="tmp "/>
</bind>
</comp>

</comp_list>

<net_list>
<net id="67"><net_src comp="16" pin="0"/><net_sink comp="64" pin=0"/></net>

<net id="72"><net_src comp="42" pin="0"/><net_sink comp="68" pin=0"/></net>

<net id="73"><net_src comp="0" pin="0"/><net_sink comp="68" pin=1"/></net>

<net id="91"><net_src comp="48" pin="0"/><net_sink comp="74" pin=0"/></net>

<net id="92"><net_src comp="2" pin="0"/><net_sink comp="74" pin=1"/></net>

<net id="93"><net_src comp="4" pin="0"/><net_sink comp="74" pin=2"/></net>

<net id="94"><net_src comp="6" pin="0"/><net_sink comp="74" pin=3"/></net>

<net id="95"><net_src comp="8" pin="0"/><net_sink comp="74" pin=4"/></net>

<net id="96"><net_src comp="10" pin="0"/><net_sink comp="74" pin=5"/></net>

<net id="97"><net_src comp="12" pin="0"/><net_sink comp="74" pin=6"/></net>

<net id="98"><net_src comp="14" pin="0"/><net_sink comp="74" pin=7"/></net>

<net id="99"><net_src comp="50" pin="0"/><net_sink comp="74" pin=9"/></net>

<net id="100"><net_src comp="50" pin="0"/><net_sink comp="74" pin=10"/></net>

<net id="101"><net_src comp="52" pin="0"/><net_sink comp="74" pin=11"/></net>

<net id="102"><net_src comp="52" pin="0"/><net_sink comp="74" pin=13"/></net>

<net id="103"><net_src comp="52" pin="0"/><net_sink comp="74" pin=14"/></net>

<net id="108"><net_src comp="36" pin="0"/><net_sink comp="104" pin=0"/></net>

<net id="116"><net_src comp="109" pin="1"/><net_sink comp="112" pin=0"/></net>

<net id="117"><net_src comp="38" pin="0"/><net_sink comp="112" pin=1"/></net>

<net id="122"><net_src comp="109" pin="1"/><net_sink comp="118" pin=0"/></net>

<net id="123"><net_src comp="40" pin="0"/><net_sink comp="118" pin=1"/></net>

<net id="128"><net_src comp="118" pin="2"/><net_sink comp="124" pin=0"/></net>

<net id="132"><net_src comp="68" pin="2"/><net_sink comp="129" pin=0"/></net>

<net id="133"><net_src comp="129" pin="1"/><net_sink comp="74" pin=8"/></net>

<net id="139"><net_src comp="44" pin="0"/><net_sink comp="134" pin=0"/></net>

<net id="140"><net_src comp="68" pin="2"/><net_sink comp="134" pin=1"/></net>

<net id="141"><net_src comp="46" pin="0"/><net_sink comp="134" pin=2"/></net>

<net id="142"><net_src comp="134" pin="3"/><net_sink comp="74" pin=12"/></net>

<net id="146"><net_src comp="64" pin="1"/><net_sink comp="143" pin=0"/></net>

<net id="147"><net_src comp="143" pin="1"/><net_sink comp="104" pin=1"/></net>

<net id="148"><net_src comp="143" pin="1"/><net_sink comp="109" pin=0"/></net>

<net id="149"><net_src comp="143" pin="1"/><net_sink comp="124" pin=1"/></net>

<net id="153"><net_src comp="112" pin="2"/><net_sink comp="150" pin=0"/></net>

<net id="157"><net_src comp="129" pin="1"/><net_sink comp="154" pin=0"/></net>

<net id="158"><net_src comp="154" pin="1"/><net_sink comp="74" pin=8"/></net>

<net id="162"><net_src comp="134" pin="3"/><net_sink comp="159" pin=0"/></net>

<net id="163"><net_src comp="159" pin="1"/><net_sink comp="74" pin=12"/></net>

</net_list>

</model> 
---------------- Datapath Model END ------------------

* FSMD analyzer results:
  - Output states:
	Port: s_out_V_data_V | {3 }
	Port: s_out_V_keep_V | {3 }
	Port: s_out_V_strb_V | {3 }
	Port: s_out_V_user_V | {3 }
	Port: s_out_V_last_V | {3 }
	Port: s_out_V_id_V | {3 }
	Port: s_out_V_dest_V | {3 }
 - Input state : 
	Port: word_to_axis : w_out | {2 }
  - Chain level:
	State 1
		store_ln313 : 1
		i_1 : 1
		icmp_ln313 : 2
		i_2 : 2
		br_ln313 : 3
		store_ln313 : 3
	State 2
		write_ln321 : 1
	State 3


============================================================
+ Verbose Summary: Datapath Resource usage 
============================================================

* Functional unit list:
|----------|-----------------------|---------|---------|
| Operation|    Functional Unit    |    FF   |   LUT   |
|----------|-----------------------|---------|---------|
|   icmp   |   icmp_ln313_fu_112   |    0    |    16   |
|----------|-----------------------|---------|---------|
|    add   |       i_2_fu_118      |    0    |    16   |
|----------|-----------------------|---------|---------|
|   read   | w_out_read_read_fu_68 |    0    |    0    |
|----------|-----------------------|---------|---------|
|   write  |    grp_write_fu_74    |    0    |    0    |
|----------|-----------------------|---------|---------|
|   trunc  |   trunc_ln315_fu_129  |    0    |    0    |
|----------|-----------------------|---------|---------|
| bitselect|       tmp_fu_134      |    0    |    0    |
|----------|-----------------------|---------|---------|
|   Total  |                       |    0    |    32   |
|----------|-----------------------|---------|---------|

Memories:
N/A

* Register list:
+-------------------+--------+
|                   |   FF   |
+-------------------+--------+
|     i_reg_143     |    9   |
| icmp_ln313_reg_150|    1   |
|    tmp_reg_159    |    1   |
|trunc_ln315_reg_154|   128  |
+-------------------+--------+
|       Total       |   139  |
+-------------------+--------+

* Multiplexer (MUX) list: 
|-----------------|------|------|------|--------||---------||---------|
|       Comp      |  Pin | Size |  BW  | S x BW ||  Delay  ||   LUT   |
|-----------------|------|------|------|--------||---------||---------|
| grp_write_fu_74 |  p8  |   2  |  128 |   256  ||    9    |
| grp_write_fu_74 |  p12 |   2  |   1  |    2   ||    9    |
|-----------------|------|------|------|--------||---------||---------|
|      Total      |      |      |      |   258  ||  2.648  ||    18   |
|-----------------|------|------|------|--------||---------||---------|



* Summary:
+-----------+--------+--------+--------+
|           |  Delay |   FF   |   LUT  |
+-----------+--------+--------+--------+
|  Function |    -   |    0   |   32   |
|   Memory  |    -   |    -   |    -   |
|Multiplexer|    2   |    -   |   18   |
|  Register |    -   |   139  |    -   |
+-----------+--------+--------+--------+
|   Total   |    2   |   139  |   50   |
+-----------+--------+--------+--------+
