Copyright 1986-2022 Xilinx, Inc. All Rights Reserved. Copyright 2022-2023 Advanced Micro Devices, Inc. All Rights Reserved.
---------------------------------------------------------------------------------------------------------------------------------------------
| Tool Version : Vivado v.2023.2 (win64) Build 4029153 Fri Oct 13 20:14:34 MDT 2023
| Date         : Tue Jun 30 21:01:54 2026
| Host         : CHNtoumas running 64-bit major release  (build 9200)
| Command      : report_timing -max_paths 10 -file ./report/fft_mdf_timing_paths_synth.rpt
| Design       : bd_0_wrapper
| Device       : 7a200t-fbg676
| Speed File   : -2  PRODUCTION 1.23 2018-06-13
| Design State : Synthesized
---------------------------------------------------------------------------------------------------------------------------------------------

Timing Report

Slack (MET) :             4.334ns  (required time - arrival time)
  Source:                 bd_0_i/hls_inst/inst/s6_U/U_fft_mdf_fifo_w129_d260_A_ram/mem_reg_1/CLKARDCLK
                            (rising edge-triggered cell RAMB36E1 clocked by ap_clk  {rise@0.000ns fall@5.000ns period=10.000ns})
  Destination:            bd_0_i/hls_inst/inst/Loop_VITIS_LOOP_95_1_proc717_U0/am_addmul_16s_16s_16s_31_4_1_U161/fft_mdf_am_addmul_16s_16s_16s_31_4_1_DSP48_3_U/p_reg_reg/D[14]
                            (rising edge-triggered cell DSP48E1 clocked by ap_clk  {rise@0.000ns fall@5.000ns period=10.000ns})
  Path Group:             ap_clk
  Path Type:              Setup (Max at Slow Process Corner)
  Requirement:            10.000ns  (ap_clk rise@10.000ns - ap_clk rise@0.000ns)
  Data Path Delay:        5.278ns  (logic 2.896ns (54.868%)  route 2.382ns (45.132%))
  Logic Levels:           7  (CARRY4=5 LUT2=1 LUT3=1)
  Clock Path Skew:        -0.039ns (DCD - SCD + CPR)
    Destination Clock Delay (DCD):    0.748ns = ( 10.748 - 10.000 ) 
    Source Clock Delay      (SCD):    0.787ns
    Clock Pessimism Removal (CPR):    0.000ns
  Clock Uncertainty:      0.035ns  ((TSJ^2 + TIJ^2)^1/2 + DJ) / 2 + PE
    Total System Jitter     (TSJ):    0.071ns
    Total Input Jitter      (TIJ):    0.000ns
    Discrete Jitter          (DJ):    0.000ns
    Phase Error              (PE):    0.000ns

    Location             Delay type                Incr(ns)  Path(ns)    Netlist Resource(s)
  -------------------------------------------------------------------    -------------------
                         (clock ap_clk rise edge)     0.000     0.000 r  
                                                      0.000     0.000 r  ap_clk (IN)
                         net (fo=7671, unset)         0.787     0.787    bd_0_i/hls_inst/inst/s6_U/U_fft_mdf_fifo_w129_d260_A_ram/ap_clk
                         RAMB36E1                                     r  bd_0_i/hls_inst/inst/s6_U/U_fft_mdf_fifo_w129_d260_A_ram/mem_reg_1/CLKARDCLK
  -------------------------------------------------------------------    -------------------
                         RAMB36E1 (Prop_ramb36e1_CLKARDCLK_DOBDO[9])
                                                      0.734     1.521 r  bd_0_i/hls_inst/inst/s6_U/U_fft_mdf_fifo_w129_d260_A_ram/mem_reg_1/DOBDO[9]
                         net (fo=3, unplaced)         0.646     2.167    bd_0_i/hls_inst/inst/Loop_VITIS_LOOP_95_1_proc717_U0/am_addmul_16s_16s_16s_31_4_1_U161/fft_mdf_am_addmul_16s_16s_16s_31_4_1_DSP48_3_U/mem_reg[17]
                         LUT2 (Prop_lut2_I1_O)        0.105     2.272 r  bd_0_i/hls_inst/inst/Loop_VITIS_LOOP_95_1_proc717_U0/am_addmul_16s_16s_16s_31_4_1_U161/fft_mdf_am_addmul_16s_16s_16s_31_4_1_DSP48_3_U/void_stage_fb_7_1_stream_mdf_word_t_0_stream_mdf_word_t_0_delay_im_7_0[2]_i_7/O
                         net (fo=1, unplaced)         0.000     2.272    bd_0_i/hls_inst/inst/Loop_VITIS_LOOP_95_1_proc717_U0/am_addmul_16s_16s_16s_31_4_1_U161/fft_mdf_am_addmul_16s_16s_16s_31_4_1_DSP48_3_U/void_stage_fb_7_1_stream_mdf_word_t_0_stream_mdf_word_t_0_delay_im_7_0[2]_i_7_n_9
                         CARRY4 (Prop_carry4_S[1]_CO[3])
                                                      0.457     2.729 r  bd_0_i/hls_inst/inst/Loop_VITIS_LOOP_95_1_proc717_U0/am_addmul_16s_16s_16s_31_4_1_U161/fft_mdf_am_addmul_16s_16s_16s_31_4_1_DSP48_3_U/void_stage_fb_7_1_stream_mdf_word_t_0_stream_mdf_word_t_0_delay_im_7_0_reg[2]_i_3/CO[3]
                         net (fo=1, unplaced)         0.008     2.737    bd_0_i/hls_inst/inst/Loop_VITIS_LOOP_95_1_proc717_U0/am_addmul_16s_16s_16s_31_4_1_U161/fft_mdf_am_addmul_16s_16s_16s_31_4_1_DSP48_3_U/void_stage_fb_7_1_stream_mdf_word_t_0_stream_mdf_word_t_0_delay_im_7_0_reg[2]_i_3_n_9
                         CARRY4 (Prop_carry4_CI_CO[3])
                                                      0.098     2.835 r  bd_0_i/hls_inst/inst/Loop_VITIS_LOOP_95_1_proc717_U0/am_addmul_16s_16s_16s_31_4_1_U161/fft_mdf_am_addmul_16s_16s_16s_31_4_1_DSP48_3_U/void_stage_fb_7_1_stream_mdf_word_t_0_stream_mdf_word_t_0_delay_im_7_0_reg[6]_i_3/CO[3]
                         net (fo=1, unplaced)         0.000     2.835    bd_0_i/hls_inst/inst/Loop_VITIS_LOOP_95_1_proc717_U0/am_addmul_16s_16s_16s_31_4_1_U161/fft_mdf_am_addmul_16s_16s_16s_31_4_1_DSP48_3_U/void_stage_fb_7_1_stream_mdf_word_t_0_stream_mdf_word_t_0_delay_im_7_0_reg[6]_i_3_n_9
                         CARRY4 (Prop_carry4_CI_O[1])
                                                      0.277     3.112 r  bd_0_i/hls_inst/inst/Loop_VITIS_LOOP_95_1_proc717_U0/am_addmul_16s_16s_16s_31_4_1_U161/fft_mdf_am_addmul_16s_16s_16s_31_4_1_DSP48_3_U/void_stage_fb_7_1_stream_mdf_word_t_0_stream_mdf_word_t_0_delay_im_7_0_reg[10]_i_3/O[1]
                         net (fo=1, unplaced)         0.564     3.676    bd_0_i/hls_inst/inst/Loop_VITIS_LOOP_95_1_proc717_U0/am_addmul_16s_16s_16s_31_4_1_U161/fft_mdf_am_addmul_16s_16s_16s_31_4_1_DSP48_3_U/diff_im_3_fu_462_p2[9]
                         CARRY4 (Prop_carry4_S[1]_CO[3])
                                                      0.700     4.376 r  bd_0_i/hls_inst/inst/Loop_VITIS_LOOP_95_1_proc717_U0/am_addmul_16s_16s_16s_31_4_1_U161/fft_mdf_am_addmul_16s_16s_16s_31_4_1_DSP48_3_U/void_stage_fb_7_1_stream_mdf_word_t_0_stream_mdf_word_t_0_delay_im_7_0_reg[10]_i_2/CO[3]
                         net (fo=1, unplaced)         0.000     4.376    bd_0_i/hls_inst/inst/Loop_VITIS_LOOP_95_1_proc717_U0/am_addmul_16s_16s_16s_31_4_1_U161/fft_mdf_am_addmul_16s_16s_16s_31_4_1_DSP48_3_U/void_stage_fb_7_1_stream_mdf_word_t_0_stream_mdf_word_t_0_delay_im_7_0_reg[10]_i_2_n_9
                         CARRY4 (Prop_carry4_CI_O[3])
                                                      0.275     4.651 r  bd_0_i/hls_inst/inst/Loop_VITIS_LOOP_95_1_proc717_U0/am_addmul_16s_16s_16s_31_4_1_U161/fft_mdf_am_addmul_16s_16s_16s_31_4_1_DSP48_3_U/void_stage_fb_7_1_stream_mdf_word_t_0_stream_mdf_word_t_0_delay_im_7_0_reg[14]_i_2/O[3]
                         net (fo=1, unplaced)         0.519     5.170    bd_0_i/hls_inst/inst/Loop_VITIS_LOOP_95_1_proc717_U0/am_addmul_16s_16s_16s_31_4_1_U161/fft_mdf_am_addmul_16s_16s_16s_31_4_1_DSP48_3_U/add_ln53_13_fu_530_p2[15]
                         LUT3 (Prop_lut3_I0_O)        0.250     5.420 r  bd_0_i/hls_inst/inst/Loop_VITIS_LOOP_95_1_proc717_U0/am_addmul_16s_16s_16s_31_4_1_U161/fft_mdf_am_addmul_16s_16s_16s_31_4_1_DSP48_3_U/void_stage_fb_7_1_stream_mdf_word_t_0_stream_mdf_word_t_0_delay_im_7_0[14]_i_1/O
                         net (fo=3, unplaced)         0.646     6.065    bd_0_i/hls_inst/inst/Loop_VITIS_LOOP_95_1_proc717_U0/am_addmul_16s_16s_16s_31_4_1_U161/fft_mdf_am_addmul_16s_16s_16s_31_4_1_DSP48_3_U/trunc_ln95_reg_1329_reg[0][14]
                         DSP48E1                                      r  bd_0_i/hls_inst/inst/Loop_VITIS_LOOP_95_1_proc717_U0/am_addmul_16s_16s_16s_31_4_1_U161/fft_mdf_am_addmul_16s_16s_16s_31_4_1_DSP48_3_U/p_reg_reg/D[14]
  -------------------------------------------------------------------    -------------------

                         (clock ap_clk rise edge)    10.000    10.000 r  
                                                      0.000    10.000 r  ap_clk (IN)
                         net (fo=7671, unset)         0.748    10.748    bd_0_i/hls_inst/inst/Loop_VITIS_LOOP_95_1_proc717_U0/am_addmul_16s_16s_16s_31_4_1_U161/fft_mdf_am_addmul_16s_16s_16s_31_4_1_DSP48_3_U/ap_clk
                         DSP48E1                                      r  bd_0_i/hls_inst/inst/Loop_VITIS_LOOP_95_1_proc717_U0/am_addmul_16s_16s_16s_31_4_1_U161/fft_mdf_am_addmul_16s_16s_16s_31_4_1_DSP48_3_U/p_reg_reg/CLK
                         clock pessimism              0.000    10.748    
                         clock uncertainty           -0.035    10.712    
                         DSP48E1 (Setup_dsp48e1_CLK_D[14])
                                                     -0.313    10.399    bd_0_i/hls_inst/inst/Loop_VITIS_LOOP_95_1_proc717_U0/am_addmul_16s_16s_16s_31_4_1_U161/fft_mdf_am_addmul_16s_16s_16s_31_4_1_DSP48_3_U/p_reg_reg
  -------------------------------------------------------------------
                         required time                         10.399    
                         arrival time                          -6.065    
  -------------------------------------------------------------------
                         slack                                  4.334    

Slack (MET) :             4.334ns  (required time - arrival time)
  Source:                 bd_0_i/hls_inst/inst/s6_U/U_fft_mdf_fifo_w129_d260_A_ram/mem_reg_1/CLKARDCLK
                            (rising edge-triggered cell RAMB36E1 clocked by ap_clk  {rise@0.000ns fall@5.000ns period=10.000ns})
  Destination:            bd_0_i/hls_inst/inst/Loop_VITIS_LOOP_95_1_proc717_U0/am_submul_16s_16s_16s_31_4_1_U162/fft_mdf_am_submul_16s_16s_16s_31_4_1_DSP48_4_U/p_reg_reg/D[14]
                            (rising edge-triggered cell DSP48E1 clocked by ap_clk  {rise@0.000ns fall@5.000ns period=10.000ns})
  Path Group:             ap_clk
  Path Type:              Setup (Max at Slow Process Corner)
  Requirement:            10.000ns  (ap_clk rise@10.000ns - ap_clk rise@0.000ns)
  Data Path Delay:        5.278ns  (logic 2.896ns (54.868%)  route 2.382ns (45.132%))
  Logic Levels:           7  (CARRY4=5 LUT2=1 LUT3=1)
  Clock Path Skew:        -0.039ns (DCD - SCD + CPR)
    Destination Clock Delay (DCD):    0.748ns = ( 10.748 - 10.000 ) 
    Source Clock Delay      (SCD):    0.787ns
    Clock Pessimism Removal (CPR):    0.000ns
  Clock Uncertainty:      0.035ns  ((TSJ^2 + TIJ^2)^1/2 + DJ) / 2 + PE
    Total System Jitter     (TSJ):    0.071ns
    Total Input Jitter      (TIJ):    0.000ns
    Discrete Jitter          (DJ):    0.000ns
    Phase Error              (PE):    0.000ns

    Location             Delay type                Incr(ns)  Path(ns)    Netlist Resource(s)
  -------------------------------------------------------------------    -------------------
                         (clock ap_clk rise edge)     0.000     0.000 r  
                                                      0.000     0.000 r  ap_clk (IN)
                         net (fo=7671, unset)         0.787     0.787    bd_0_i/hls_inst/inst/s6_U/U_fft_mdf_fifo_w129_d260_A_ram/ap_clk
                         RAMB36E1                                     r  bd_0_i/hls_inst/inst/s6_U/U_fft_mdf_fifo_w129_d260_A_ram/mem_reg_1/CLKARDCLK
  -------------------------------------------------------------------    -------------------
                         RAMB36E1 (Prop_ramb36e1_CLKARDCLK_DOADO[25])
                                                      0.734     1.521 r  bd_0_i/hls_inst/inst/s6_U/U_fft_mdf_fifo_w129_d260_A_ram/mem_reg_1/DOADO[25]
                         net (fo=3, unplaced)         0.646     2.167    bd_0_i/hls_inst/inst/Loop_VITIS_LOOP_95_1_proc717_U0/am_addmul_16s_16s_16s_31_4_1_U161/fft_mdf_am_addmul_16s_16s_16s_31_4_1_DSP48_3_U/mem_reg[1]
                         LUT2 (Prop_lut2_I1_O)        0.105     2.272 r  bd_0_i/hls_inst/inst/Loop_VITIS_LOOP_95_1_proc717_U0/am_addmul_16s_16s_16s_31_4_1_U161/fft_mdf_am_addmul_16s_16s_16s_31_4_1_DSP48_3_U/void_stage_fb_7_1_stream_mdf_word_t_0_stream_mdf_word_t_0_delay_re_4_0[2]_i_7/O
                         net (fo=1, unplaced)         0.000     2.272    bd_0_i/hls_inst/inst/Loop_VITIS_LOOP_95_1_proc717_U0/am_addmul_16s_16s_16s_31_4_1_U161/fft_mdf_am_addmul_16s_16s_16s_31_4_1_DSP48_3_U/void_stage_fb_7_1_stream_mdf_word_t_0_stream_mdf_word_t_0_delay_re_4_0[2]_i_7_n_9
                         CARRY4 (Prop_carry4_S[1]_CO[3])
                                                      0.457     2.729 r  bd_0_i/hls_inst/inst/Loop_VITIS_LOOP_95_1_proc717_U0/am_addmul_16s_16s_16s_31_4_1_U161/fft_mdf_am_addmul_16s_16s_16s_31_4_1_DSP48_3_U/void_stage_fb_7_1_stream_mdf_word_t_0_stream_mdf_word_t_0_delay_re_4_0_reg[2]_i_3/CO[3]
                         net (fo=1, unplaced)         0.008     2.737    bd_0_i/hls_inst/inst/Loop_VITIS_LOOP_95_1_proc717_U0/am_addmul_16s_16s_16s_31_4_1_U161/fft_mdf_am_addmul_16s_16s_16s_31_4_1_DSP48_3_U/void_stage_fb_7_1_stream_mdf_word_t_0_stream_mdf_word_t_0_delay_re_4_0_reg[2]_i_3_n_9
                         CARRY4 (Prop_carry4_CI_CO[3])
                                                      0.098     2.835 r  bd_0_i/hls_inst/inst/Loop_VITIS_LOOP_95_1_proc717_U0/am_addmul_16s_16s_16s_31_4_1_U161/fft_mdf_am_addmul_16s_16s_16s_31_4_1_DSP48_3_U/void_stage_fb_7_1_stream_mdf_word_t_0_stream_mdf_word_t_0_delay_re_4_0_reg[6]_i_3/CO[3]
                         net (fo=1, unplaced)         0.000     2.835    bd_0_i/hls_inst/inst/Loop_VITIS_LOOP_95_1_proc717_U0/am_addmul_16s_16s_16s_31_4_1_U161/fft_mdf_am_addmul_16s_16s_16s_31_4_1_DSP48_3_U/void_stage_fb_7_1_stream_mdf_word_t_0_stream_mdf_word_t_0_delay_re_4_0_reg[6]_i_3_n_9
                         CARRY4 (Prop_carry4_CI_O[1])
                                                      0.277     3.112 r  bd_0_i/hls_inst/inst/Loop_VITIS_LOOP_95_1_proc717_U0/am_addmul_16s_16s_16s_31_4_1_U161/fft_mdf_am_addmul_16s_16s_16s_31_4_1_DSP48_3_U/void_stage_fb_7_1_stream_mdf_word_t_0_stream_mdf_word_t_0_delay_re_4_0_reg[10]_i_3/O[1]
                         net (fo=1, unplaced)         0.564     3.676    bd_0_i/hls_inst/inst/Loop_VITIS_LOOP_95_1_proc717_U0/am_addmul_16s_16s_16s_31_4_1_U161/fft_mdf_am_addmul_16s_16s_16s_31_4_1_DSP48_3_U/diff_re_3_fu_435_p2[9]
                         CARRY4 (Prop_carry4_S[1]_CO[3])
                                                      0.700     4.376 r  bd_0_i/hls_inst/inst/Loop_VITIS_LOOP_95_1_proc717_U0/am_addmul_16s_16s_16s_31_4_1_U161/fft_mdf_am_addmul_16s_16s_16s_31_4_1_DSP48_3_U/void_stage_fb_7_1_stream_mdf_word_t_0_stream_mdf_word_t_0_delay_re_4_0_reg[10]_i_2/CO[3]
                         net (fo=1, unplaced)         0.000     4.376    bd_0_i/hls_inst/inst/Loop_VITIS_LOOP_95_1_proc717_U0/am_addmul_16s_16s_16s_31_4_1_U161/fft_mdf_am_addmul_16s_16s_16s_31_4_1_DSP48_3_U/void_stage_fb_7_1_stream_mdf_word_t_0_stream_mdf_word_t_0_delay_re_4_0_reg[10]_i_2_n_9
                         CARRY4 (Prop_carry4_CI_O[3])
                                                      0.275     4.651 r  bd_0_i/hls_inst/inst/Loop_VITIS_LOOP_95_1_proc717_U0/am_addmul_16s_16s_16s_31_4_1_U161/fft_mdf_am_addmul_16s_16s_16s_31_4_1_DSP48_3_U/void_stage_fb_7_1_stream_mdf_word_t_0_stream_mdf_word_t_0_delay_re_4_0_reg[14]_i_2/O[3]
                         net (fo=1, unplaced)         0.519     5.170    bd_0_i/hls_inst/inst/Loop_VITIS_LOOP_95_1_proc717_U0/am_addmul_16s_16s_16s_31_4_1_U161/fft_mdf_am_addmul_16s_16s_16s_31_4_1_DSP48_3_U/add_ln53_12_fu_492_p2[15]
                         LUT3 (Prop_lut3_I0_O)        0.250     5.420 r  bd_0_i/hls_inst/inst/Loop_VITIS_LOOP_95_1_proc717_U0/am_addmul_16s_16s_16s_31_4_1_U161/fft_mdf_am_addmul_16s_16s_16s_31_4_1_DSP48_3_U/void_stage_fb_7_1_stream_mdf_word_t_0_stream_mdf_word_t_0_delay_re_4_0[14]_i_1/O
                         net (fo=3, unplaced)         0.646     6.065    bd_0_i/hls_inst/inst/Loop_VITIS_LOOP_95_1_proc717_U0/am_submul_16s_16s_16s_31_4_1_U162/fft_mdf_am_submul_16s_16s_16s_31_4_1_DSP48_4_U/D[14]
                         DSP48E1                                      r  bd_0_i/hls_inst/inst/Loop_VITIS_LOOP_95_1_proc717_U0/am_submul_16s_16s_16s_31_4_1_U162/fft_mdf_am_submul_16s_16s_16s_31_4_1_DSP48_4_U/p_reg_reg/D[14]
  -------------------------------------------------------------------    -------------------

                         (clock ap_clk rise edge)    10.000    10.000 r  
                                                      0.000    10.000 r  ap_clk (IN)
                         net (fo=7671, unset)         0.748    10.748    bd_0_i/hls_inst/inst/Loop_VITIS_LOOP_95_1_proc717_U0/am_submul_16s_16s_16s_31_4_1_U162/fft_mdf_am_submul_16s_16s_16s_31_4_1_DSP48_4_U/ap_clk
                         DSP48E1                                      r  bd_0_i/hls_inst/inst/Loop_VITIS_LOOP_95_1_proc717_U0/am_submul_16s_16s_16s_31_4_1_U162/fft_mdf_am_submul_16s_16s_16s_31_4_1_DSP48_4_U/p_reg_reg/CLK
                         clock pessimism              0.000    10.748    
                         clock uncertainty           -0.035    10.712    
                         DSP48E1 (Setup_dsp48e1_CLK_D[14])
                                                     -0.313    10.399    bd_0_i/hls_inst/inst/Loop_VITIS_LOOP_95_1_proc717_U0/am_submul_16s_16s_16s_31_4_1_U162/fft_mdf_am_submul_16s_16s_16s_31_4_1_DSP48_4_U/p_reg_reg
  -------------------------------------------------------------------
                         required time                         10.399    
                         arrival time                          -6.065    
  -------------------------------------------------------------------
                         slack                                  4.334    

Slack (MET) :             4.350ns  (required time - arrival time)
  Source:                 bd_0_i/hls_inst/inst/s6_U/U_fft_mdf_fifo_w129_d260_A_ram/mem_reg_1/CLKARDCLK
                            (rising edge-triggered cell RAMB36E1 clocked by ap_clk  {rise@0.000ns fall@5.000ns period=10.000ns})
  Destination:            bd_0_i/hls_inst/inst/Loop_VITIS_LOOP_95_1_proc717_U0/am_addmul_16s_16s_16s_31_4_1_U161/fft_mdf_am_addmul_16s_16s_16s_31_4_1_DSP48_3_U/p_reg_reg/A[14]
                            (rising edge-triggered cell DSP48E1 clocked by ap_clk  {rise@0.000ns fall@5.000ns period=10.000ns})
  Path Group:             ap_clk
  Path Type:              Setup (Max at Slow Process Corner)
  Requirement:            10.000ns  (ap_clk rise@10.000ns - ap_clk rise@0.000ns)
  Data Path Delay:        5.278ns  (logic 2.896ns (54.868%)  route 2.382ns (45.132%))
  Logic Levels:           7  (CARRY4=5 LUT2=1 LUT3=1)
  Clock Path Skew:        -0.039ns (DCD - SCD + CPR)
    Destination Clock Delay (DCD):    0.748ns = ( 10.748 - 10.000 ) 
    Source Clock Delay      (SCD):    0.787ns
    Clock Pessimism Removal (CPR):    0.000ns
  Clock Uncertainty:      0.035ns  ((TSJ^2 + TIJ^2)^1/2 + DJ) / 2 + PE
    Total System Jitter     (TSJ):    0.071ns
    Total Input Jitter      (TIJ):    0.000ns
    Discrete Jitter          (DJ):    0.000ns
    Phase Error              (PE):    0.000ns

    Location             Delay type                Incr(ns)  Path(ns)    Netlist Resource(s)
  -------------------------------------------------------------------    -------------------
                         (clock ap_clk rise edge)     0.000     0.000 r  
                                                      0.000     0.000 r  ap_clk (IN)
                         net (fo=7671, unset)         0.787     0.787    bd_0_i/hls_inst/inst/s6_U/U_fft_mdf_fifo_w129_d260_A_ram/ap_clk
                         RAMB36E1                                     r  bd_0_i/hls_inst/inst/s6_U/U_fft_mdf_fifo_w129_d260_A_ram/mem_reg_1/CLKARDCLK
  -------------------------------------------------------------------    -------------------
                         RAMB36E1 (Prop_ramb36e1_CLKARDCLK_DOADO[25])
                                                      0.734     1.521 r  bd_0_i/hls_inst/inst/s6_U/U_fft_mdf_fifo_w129_d260_A_ram/mem_reg_1/DOADO[25]
                         net (fo=3, unplaced)         0.646     2.167    bd_0_i/hls_inst/inst/Loop_VITIS_LOOP_95_1_proc717_U0/am_addmul_16s_16s_16s_31_4_1_U161/fft_mdf_am_addmul_16s_16s_16s_31_4_1_DSP48_3_U/mem_reg[1]
                         LUT2 (Prop_lut2_I1_O)        0.105     2.272 r  bd_0_i/hls_inst/inst/Loop_VITIS_LOOP_95_1_proc717_U0/am_addmul_16s_16s_16s_31_4_1_U161/fft_mdf_am_addmul_16s_16s_16s_31_4_1_DSP48_3_U/void_stage_fb_7_1_stream_mdf_word_t_0_stream_mdf_word_t_0_delay_re_4_0[2]_i_7/O
                         net (fo=1, unplaced)         0.000     2.272    bd_0_i/hls_inst/inst/Loop_VITIS_LOOP_95_1_proc717_U0/am_addmul_16s_16s_16s_31_4_1_U161/fft_mdf_am_addmul_16s_16s_16s_31_4_1_DSP48_3_U/void_stage_fb_7_1_stream_mdf_word_t_0_stream_mdf_word_t_0_delay_re_4_0[2]_i_7_n_9
                         CARRY4 (Prop_carry4_S[1]_CO[3])
                                                      0.457     2.729 r  bd_0_i/hls_inst/inst/Loop_VITIS_LOOP_95_1_proc717_U0/am_addmul_16s_16s_16s_31_4_1_U161/fft_mdf_am_addmul_16s_16s_16s_31_4_1_DSP48_3_U/void_stage_fb_7_1_stream_mdf_word_t_0_stream_mdf_word_t_0_delay_re_4_0_reg[2]_i_3/CO[3]
                         net (fo=1, unplaced)         0.008     2.737    bd_0_i/hls_inst/inst/Loop_VITIS_LOOP_95_1_proc717_U0/am_addmul_16s_16s_16s_31_4_1_U161/fft_mdf_am_addmul_16s_16s_16s_31_4_1_DSP48_3_U/void_stage_fb_7_1_stream_mdf_word_t_0_stream_mdf_word_t_0_delay_re_4_0_reg[2]_i_3_n_9
                         CARRY4 (Prop_carry4_CI_CO[3])
                                                      0.098     2.835 r  bd_0_i/hls_inst/inst/Loop_VITIS_LOOP_95_1_proc717_U0/am_addmul_16s_16s_16s_31_4_1_U161/fft_mdf_am_addmul_16s_16s_16s_31_4_1_DSP48_3_U/void_stage_fb_7_1_stream_mdf_word_t_0_stream_mdf_word_t_0_delay_re_4_0_reg[6]_i_3/CO[3]
                         net (fo=1, unplaced)         0.000     2.835    bd_0_i/hls_inst/inst/Loop_VITIS_LOOP_95_1_proc717_U0/am_addmul_16s_16s_16s_31_4_1_U161/fft_mdf_am_addmul_16s_16s_16s_31_4_1_DSP48_3_U/void_stage_fb_7_1_stream_mdf_word_t_0_stream_mdf_word_t_0_delay_re_4_0_reg[6]_i_3_n_9
                         CARRY4 (Prop_carry4_CI_O[1])
                                                      0.277     3.112 r  bd_0_i/hls_inst/inst/Loop_VITIS_LOOP_95_1_proc717_U0/am_addmul_16s_16s_16s_31_4_1_U161/fft_mdf_am_addmul_16s_16s_16s_31_4_1_DSP48_3_U/void_stage_fb_7_1_stream_mdf_word_t_0_stream_mdf_word_t_0_delay_re_4_0_reg[10]_i_3/O[1]
                         net (fo=1, unplaced)         0.564     3.676    bd_0_i/hls_inst/inst/Loop_VITIS_LOOP_95_1_proc717_U0/am_addmul_16s_16s_16s_31_4_1_U161/fft_mdf_am_addmul_16s_16s_16s_31_4_1_DSP48_3_U/diff_re_3_fu_435_p2[9]
                         CARRY4 (Prop_carry4_S[1]_CO[3])
                                                      0.700     4.376 r  bd_0_i/hls_inst/inst/Loop_VITIS_LOOP_95_1_proc717_U0/am_addmul_16s_16s_16s_31_4_1_U161/fft_mdf_am_addmul_16s_16s_16s_31_4_1_DSP48_3_U/void_stage_fb_7_1_stream_mdf_word_t_0_stream_mdf_word_t_0_delay_re_4_0_reg[10]_i_2/CO[3]
                         net (fo=1, unplaced)         0.000     4.376    bd_0_i/hls_inst/inst/Loop_VITIS_LOOP_95_1_proc717_U0/am_addmul_16s_16s_16s_31_4_1_U161/fft_mdf_am_addmul_16s_16s_16s_31_4_1_DSP48_3_U/void_stage_fb_7_1_stream_mdf_word_t_0_stream_mdf_word_t_0_delay_re_4_0_reg[10]_i_2_n_9
                         CARRY4 (Prop_carry4_CI_O[3])
                                                      0.275     4.651 r  bd_0_i/hls_inst/inst/Loop_VITIS_LOOP_95_1_proc717_U0/am_addmul_16s_16s_16s_31_4_1_U161/fft_mdf_am_addmul_16s_16s_16s_31_4_1_DSP48_3_U/void_stage_fb_7_1_stream_mdf_word_t_0_stream_mdf_word_t_0_delay_re_4_0_reg[14]_i_2/O[3]
                         net (fo=1, unplaced)         0.519     5.170    bd_0_i/hls_inst/inst/Loop_VITIS_LOOP_95_1_proc717_U0/am_addmul_16s_16s_16s_31_4_1_U161/fft_mdf_am_addmul_16s_16s_16s_31_4_1_DSP48_3_U/add_ln53_12_fu_492_p2[15]
                         LUT3 (Prop_lut3_I0_O)        0.250     5.420 r  bd_0_i/hls_inst/inst/Loop_VITIS_LOOP_95_1_proc717_U0/am_addmul_16s_16s_16s_31_4_1_U161/fft_mdf_am_addmul_16s_16s_16s_31_4_1_DSP48_3_U/void_stage_fb_7_1_stream_mdf_word_t_0_stream_mdf_word_t_0_delay_re_4_0[14]_i_1/O
                         net (fo=3, unplaced)         0.646     6.065    bd_0_i/hls_inst/inst/Loop_VITIS_LOOP_95_1_proc717_U0/am_addmul_16s_16s_16s_31_4_1_U161/fft_mdf_am_addmul_16s_16s_16s_31_4_1_DSP48_3_U/A[14]
                         DSP48E1                                      r  bd_0_i/hls_inst/inst/Loop_VITIS_LOOP_95_1_proc717_U0/am_addmul_16s_16s_16s_31_4_1_U161/fft_mdf_am_addmul_16s_16s_16s_31_4_1_DSP48_3_U/p_reg_reg/A[14]
  -------------------------------------------------------------------    -------------------

                         (clock ap_clk rise edge)    10.000    10.000 r  
                                                      0.000    10.000 r  ap_clk (IN)
                         net (fo=7671, unset)         0.748    10.748    bd_0_i/hls_inst/inst/Loop_VITIS_LOOP_95_1_proc717_U0/am_addmul_16s_16s_16s_31_4_1_U161/fft_mdf_am_addmul_16s_16s_16s_31_4_1_DSP48_3_U/ap_clk
                         DSP48E1                                      r  bd_0_i/hls_inst/inst/Loop_VITIS_LOOP_95_1_proc717_U0/am_addmul_16s_16s_16s_31_4_1_U161/fft_mdf_am_addmul_16s_16s_16s_31_4_1_DSP48_3_U/p_reg_reg/CLK
                         clock pessimism              0.000    10.748    
                         clock uncertainty           -0.035    10.712    
                         DSP48E1 (Setup_dsp48e1_CLK_A[14])
                                                     -0.297    10.415    bd_0_i/hls_inst/inst/Loop_VITIS_LOOP_95_1_proc717_U0/am_addmul_16s_16s_16s_31_4_1_U161/fft_mdf_am_addmul_16s_16s_16s_31_4_1_DSP48_3_U/p_reg_reg
  -------------------------------------------------------------------
                         required time                         10.415    
                         arrival time                          -6.065    
  -------------------------------------------------------------------
                         slack                                  4.350    

Slack (MET) :             4.350ns  (required time - arrival time)
  Source:                 bd_0_i/hls_inst/inst/s6_U/U_fft_mdf_fifo_w129_d260_A_ram/mem_reg_1/CLKARDCLK
                            (rising edge-triggered cell RAMB36E1 clocked by ap_clk  {rise@0.000ns fall@5.000ns period=10.000ns})
  Destination:            bd_0_i/hls_inst/inst/Loop_VITIS_LOOP_95_1_proc717_U0/am_submul_16s_16s_16s_31_4_1_U162/fft_mdf_am_submul_16s_16s_16s_31_4_1_DSP48_4_U/p_reg_reg/A[14]
                            (rising edge-triggered cell DSP48E1 clocked by ap_clk  {rise@0.000ns fall@5.000ns period=10.000ns})
  Path Group:             ap_clk
  Path Type:              Setup (Max at Slow Process Corner)
  Requirement:            10.000ns  (ap_clk rise@10.000ns - ap_clk rise@0.000ns)
  Data Path Delay:        5.278ns  (logic 2.896ns (54.868%)  route 2.382ns (45.132%))
  Logic Levels:           7  (CARRY4=5 LUT2=1 LUT3=1)
  Clock Path Skew:        -0.039ns (DCD - SCD + CPR)
    Destination Clock Delay (DCD):    0.748ns = ( 10.748 - 10.000 ) 
    Source Clock Delay      (SCD):    0.787ns
    Clock Pessimism Removal (CPR):    0.000ns
  Clock Uncertainty:      0.035ns  ((TSJ^2 + TIJ^2)^1/2 + DJ) / 2 + PE
    Total System Jitter     (TSJ):    0.071ns
    Total Input Jitter      (TIJ):    0.000ns
    Discrete Jitter          (DJ):    0.000ns
    Phase Error              (PE):    0.000ns

    Location             Delay type                Incr(ns)  Path(ns)    Netlist Resource(s)
  -------------------------------------------------------------------    -------------------
                         (clock ap_clk rise edge)     0.000     0.000 r  
                                                      0.000     0.000 r  ap_clk (IN)
                         net (fo=7671, unset)         0.787     0.787    bd_0_i/hls_inst/inst/s6_U/U_fft_mdf_fifo_w129_d260_A_ram/ap_clk
                         RAMB36E1                                     r  bd_0_i/hls_inst/inst/s6_U/U_fft_mdf_fifo_w129_d260_A_ram/mem_reg_1/CLKARDCLK
  -------------------------------------------------------------------    -------------------
                         RAMB36E1 (Prop_ramb36e1_CLKARDCLK_DOBDO[9])
                                                      0.734     1.521 r  bd_0_i/hls_inst/inst/s6_U/U_fft_mdf_fifo_w129_d260_A_ram/mem_reg_1/DOBDO[9]
                         net (fo=3, unplaced)         0.646     2.167    bd_0_i/hls_inst/inst/Loop_VITIS_LOOP_95_1_proc717_U0/am_addmul_16s_16s_16s_31_4_1_U161/fft_mdf_am_addmul_16s_16s_16s_31_4_1_DSP48_3_U/mem_reg[17]
                         LUT2 (Prop_lut2_I1_O)        0.105     2.272 r  bd_0_i/hls_inst/inst/Loop_VITIS_LOOP_95_1_proc717_U0/am_addmul_16s_16s_16s_31_4_1_U161/fft_mdf_am_addmul_16s_16s_16s_31_4_1_DSP48_3_U/void_stage_fb_7_1_stream_mdf_word_t_0_stream_mdf_word_t_0_delay_im_7_0[2]_i_7/O
                         net (fo=1, unplaced)         0.000     2.272    bd_0_i/hls_inst/inst/Loop_VITIS_LOOP_95_1_proc717_U0/am_addmul_16s_16s_16s_31_4_1_U161/fft_mdf_am_addmul_16s_16s_16s_31_4_1_DSP48_3_U/void_stage_fb_7_1_stream_mdf_word_t_0_stream_mdf_word_t_0_delay_im_7_0[2]_i_7_n_9
                         CARRY4 (Prop_carry4_S[1]_CO[3])
                                                      0.457     2.729 r  bd_0_i/hls_inst/inst/Loop_VITIS_LOOP_95_1_proc717_U0/am_addmul_16s_16s_16s_31_4_1_U161/fft_mdf_am_addmul_16s_16s_16s_31_4_1_DSP48_3_U/void_stage_fb_7_1_stream_mdf_word_t_0_stream_mdf_word_t_0_delay_im_7_0_reg[2]_i_3/CO[3]
                         net (fo=1, unplaced)         0.008     2.737    bd_0_i/hls_inst/inst/Loop_VITIS_LOOP_95_1_proc717_U0/am_addmul_16s_16s_16s_31_4_1_U161/fft_mdf_am_addmul_16s_16s_16s_31_4_1_DSP48_3_U/void_stage_fb_7_1_stream_mdf_word_t_0_stream_mdf_word_t_0_delay_im_7_0_reg[2]_i_3_n_9
                         CARRY4 (Prop_carry4_CI_CO[3])
                                                      0.098     2.835 r  bd_0_i/hls_inst/inst/Loop_VITIS_LOOP_95_1_proc717_U0/am_addmul_16s_16s_16s_31_4_1_U161/fft_mdf_am_addmul_16s_16s_16s_31_4_1_DSP48_3_U/void_stage_fb_7_1_stream_mdf_word_t_0_stream_mdf_word_t_0_delay_im_7_0_reg[6]_i_3/CO[3]
                         net (fo=1, unplaced)         0.000     2.835    bd_0_i/hls_inst/inst/Loop_VITIS_LOOP_95_1_proc717_U0/am_addmul_16s_16s_16s_31_4_1_U161/fft_mdf_am_addmul_16s_16s_16s_31_4_1_DSP48_3_U/void_stage_fb_7_1_stream_mdf_word_t_0_stream_mdf_word_t_0_delay_im_7_0_reg[6]_i_3_n_9
                         CARRY4 (Prop_carry4_CI_O[1])
                                                      0.277     3.112 r  bd_0_i/hls_inst/inst/Loop_VITIS_LOOP_95_1_proc717_U0/am_addmul_16s_16s_16s_31_4_1_U161/fft_mdf_am_addmul_16s_16s_16s_31_4_1_DSP48_3_U/void_stage_fb_7_1_stream_mdf_word_t_0_stream_mdf_word_t_0_delay_im_7_0_reg[10]_i_3/O[1]
                         net (fo=1, unplaced)         0.564     3.676    bd_0_i/hls_inst/inst/Loop_VITIS_LOOP_95_1_proc717_U0/am_addmul_16s_16s_16s_31_4_1_U161/fft_mdf_am_addmul_16s_16s_16s_31_4_1_DSP48_3_U/diff_im_3_fu_462_p2[9]
                         CARRY4 (Prop_carry4_S[1]_CO[3])
                                                      0.700     4.376 r  bd_0_i/hls_inst/inst/Loop_VITIS_LOOP_95_1_proc717_U0/am_addmul_16s_16s_16s_31_4_1_U161/fft_mdf_am_addmul_16s_16s_16s_31_4_1_DSP48_3_U/void_stage_fb_7_1_stream_mdf_word_t_0_stream_mdf_word_t_0_delay_im_7_0_reg[10]_i_2/CO[3]
                         net (fo=1, unplaced)         0.000     4.376    bd_0_i/hls_inst/inst/Loop_VITIS_LOOP_95_1_proc717_U0/am_addmul_16s_16s_16s_31_4_1_U161/fft_mdf_am_addmul_16s_16s_16s_31_4_1_DSP48_3_U/void_stage_fb_7_1_stream_mdf_word_t_0_stream_mdf_word_t_0_delay_im_7_0_reg[10]_i_2_n_9
                         CARRY4 (Prop_carry4_CI_O[3])
                                                      0.275     4.651 r  bd_0_i/hls_inst/inst/Loop_VITIS_LOOP_95_1_proc717_U0/am_addmul_16s_16s_16s_31_4_1_U161/fft_mdf_am_addmul_16s_16s_16s_31_4_1_DSP48_3_U/void_stage_fb_7_1_stream_mdf_word_t_0_stream_mdf_word_t_0_delay_im_7_0_reg[14]_i_2/O[3]
                         net (fo=1, unplaced)         0.519     5.170    bd_0_i/hls_inst/inst/Loop_VITIS_LOOP_95_1_proc717_U0/am_addmul_16s_16s_16s_31_4_1_U161/fft_mdf_am_addmul_16s_16s_16s_31_4_1_DSP48_3_U/add_ln53_13_fu_530_p2[15]
                         LUT3 (Prop_lut3_I0_O)        0.250     5.420 r  bd_0_i/hls_inst/inst/Loop_VITIS_LOOP_95_1_proc717_U0/am_addmul_16s_16s_16s_31_4_1_U161/fft_mdf_am_addmul_16s_16s_16s_31_4_1_DSP48_3_U/void_stage_fb_7_1_stream_mdf_word_t_0_stream_mdf_word_t_0_delay_im_7_0[14]_i_1/O
                         net (fo=3, unplaced)         0.646     6.065    bd_0_i/hls_inst/inst/Loop_VITIS_LOOP_95_1_proc717_U0/am_submul_16s_16s_16s_31_4_1_U162/fft_mdf_am_submul_16s_16s_16s_31_4_1_DSP48_4_U/p_reg_reg_0[14]
                         DSP48E1                                      r  bd_0_i/hls_inst/inst/Loop_VITIS_LOOP_95_1_proc717_U0/am_submul_16s_16s_16s_31_4_1_U162/fft_mdf_am_submul_16s_16s_16s_31_4_1_DSP48_4_U/p_reg_reg/A[14]
  -------------------------------------------------------------------    -------------------

                         (clock ap_clk rise edge)    10.000    10.000 r  
                                                      0.000    10.000 r  ap_clk (IN)
                         net (fo=7671, unset)         0.748    10.748    bd_0_i/hls_inst/inst/Loop_VITIS_LOOP_95_1_proc717_U0/am_submul_16s_16s_16s_31_4_1_U162/fft_mdf_am_submul_16s_16s_16s_31_4_1_DSP48_4_U/ap_clk
                         DSP48E1                                      r  bd_0_i/hls_inst/inst/Loop_VITIS_LOOP_95_1_proc717_U0/am_submul_16s_16s_16s_31_4_1_U162/fft_mdf_am_submul_16s_16s_16s_31_4_1_DSP48_4_U/p_reg_reg/CLK
                         clock pessimism              0.000    10.748    
                         clock uncertainty           -0.035    10.712    
                         DSP48E1 (Setup_dsp48e1_CLK_A[14])
                                                     -0.297    10.415    bd_0_i/hls_inst/inst/Loop_VITIS_LOOP_95_1_proc717_U0/am_submul_16s_16s_16s_31_4_1_U162/fft_mdf_am_submul_16s_16s_16s_31_4_1_DSP48_4_U/p_reg_reg
  -------------------------------------------------------------------
                         required time                         10.415    
                         arrival time                          -6.065    
  -------------------------------------------------------------------
                         slack                                  4.350    

Slack (MET) :             4.350ns  (required time - arrival time)
  Source:                 bd_0_i/hls_inst/inst/s6_U/U_fft_mdf_fifo_w129_d260_A_ram/mem_reg_0/CLKARDCLK
                            (rising edge-triggered cell RAMB36E1 clocked by ap_clk  {rise@0.000ns fall@5.000ns period=10.000ns})
  Destination:            bd_0_i/hls_inst/inst/Loop_VITIS_LOOP_95_1_proc717_U0/mac_muladd_16s_15ns_31s_31_4_1_U159/fft_mdf_mac_muladd_16s_15ns_31s_31_4_1_DSP48_2_U/m_reg_reg/A[14]
                            (rising edge-triggered cell DSP48E1 clocked by ap_clk  {rise@0.000ns fall@5.000ns period=10.000ns})
  Path Group:             ap_clk
  Path Type:              Setup (Max at Slow Process Corner)
  Requirement:            10.000ns  (ap_clk rise@10.000ns - ap_clk rise@0.000ns)
  Data Path Delay:        5.278ns  (logic 2.896ns (54.868%)  route 2.382ns (45.132%))
  Logic Levels:           7  (CARRY4=5 LUT2=1 LUT3=1)
  Clock Path Skew:        -0.039ns (DCD - SCD + CPR)
    Destination Clock Delay (DCD):    0.748ns = ( 10.748 - 10.000 ) 
    Source Clock Delay      (SCD):    0.787ns
    Clock Pessimism Removal (CPR):    0.000ns
  Clock Uncertainty:      0.035ns  ((TSJ^2 + TIJ^2)^1/2 + DJ) / 2 + PE
    Total System Jitter     (TSJ):    0.071ns
    Total Input Jitter      (TIJ):    0.000ns
    Discrete Jitter          (DJ):    0.000ns
    Phase Error              (PE):    0.000ns

    Location             Delay type                Incr(ns)  Path(ns)    Netlist Resource(s)
  -------------------------------------------------------------------    -------------------
                         (clock ap_clk rise edge)     0.000     0.000 r  
                                                      0.000     0.000 r  ap_clk (IN)
                         net (fo=7671, unset)         0.787     0.787    bd_0_i/hls_inst/inst/s6_U/U_fft_mdf_fifo_w129_d260_A_ram/ap_clk
                         RAMB36E1                                     r  bd_0_i/hls_inst/inst/s6_U/U_fft_mdf_fifo_w129_d260_A_ram/mem_reg_0/CLKARDCLK
  -------------------------------------------------------------------    -------------------
                         RAMB36E1 (Prop_ramb36e1_CLKARDCLK_DOBDO[1])
                                                      0.734     1.521 r  bd_0_i/hls_inst/inst/s6_U/U_fft_mdf_fifo_w129_d260_A_ram/mem_reg_0/DOBDO[1]
                         net (fo=3, unplaced)         0.646     2.167    bd_0_i/hls_inst/inst/Loop_VITIS_LOOP_95_1_proc717_U0/mac_muladd_16s_16s_31s_31_4_1_U160/fft_mdf_mac_muladd_16s_16s_31s_31_4_1_DSP48_0_U/mem_reg[1]
                         LUT2 (Prop_lut2_I1_O)        0.105     2.272 r  bd_0_i/hls_inst/inst/Loop_VITIS_LOOP_95_1_proc717_U0/mac_muladd_16s_16s_31s_31_4_1_U160/fft_mdf_mac_muladd_16s_16s_31s_31_4_1_DSP48_0_U/void_stage_fb_7_1_stream_mdf_word_t_0_stream_mdf_word_t_0_delay_re_2_0[2]_i_7/O
                         net (fo=1, unplaced)         0.000     2.272    bd_0_i/hls_inst/inst/Loop_VITIS_LOOP_95_1_proc717_U0/mac_muladd_16s_16s_31s_31_4_1_U160/fft_mdf_mac_muladd_16s_16s_31s_31_4_1_DSP48_0_U/void_stage_fb_7_1_stream_mdf_word_t_0_stream_mdf_word_t_0_delay_re_2_0[2]_i_7_n_9
                         CARRY4 (Prop_carry4_S[1]_CO[3])
                                                      0.457     2.729 r  bd_0_i/hls_inst/inst/Loop_VITIS_LOOP_95_1_proc717_U0/mac_muladd_16s_16s_31s_31_4_1_U160/fft_mdf_mac_muladd_16s_16s_31s_31_4_1_DSP48_0_U/void_stage_fb_7_1_stream_mdf_word_t_0_stream_mdf_word_t_0_delay_re_2_0_reg[2]_i_3/CO[3]
                         net (fo=1, unplaced)         0.008     2.737    bd_0_i/hls_inst/inst/Loop_VITIS_LOOP_95_1_proc717_U0/mac_muladd_16s_16s_31s_31_4_1_U160/fft_mdf_mac_muladd_16s_16s_31s_31_4_1_DSP48_0_U/void_stage_fb_7_1_stream_mdf_word_t_0_stream_mdf_word_t_0_delay_re_2_0_reg[2]_i_3_n_9
                         CARRY4 (Prop_carry4_CI_CO[3])
                                                      0.098     2.835 r  bd_0_i/hls_inst/inst/Loop_VITIS_LOOP_95_1_proc717_U0/mac_muladd_16s_16s_31s_31_4_1_U160/fft_mdf_mac_muladd_16s_16s_31s_31_4_1_DSP48_0_U/void_stage_fb_7_1_stream_mdf_word_t_0_stream_mdf_word_t_0_delay_re_2_0_reg[6]_i_3/CO[3]
                         net (fo=1, unplaced)         0.000     2.835    bd_0_i/hls_inst/inst/Loop_VITIS_LOOP_95_1_proc717_U0/mac_muladd_16s_16s_31s_31_4_1_U160/fft_mdf_mac_muladd_16s_16s_31s_31_4_1_DSP48_0_U/void_stage_fb_7_1_stream_mdf_word_t_0_stream_mdf_word_t_0_delay_re_2_0_reg[6]_i_3_n_9
                         CARRY4 (Prop_carry4_CI_O[1])
                                                      0.277     3.112 r  bd_0_i/hls_inst/inst/Loop_VITIS_LOOP_95_1_proc717_U0/mac_muladd_16s_16s_31s_31_4_1_U160/fft_mdf_mac_muladd_16s_16s_31s_31_4_1_DSP48_0_U/void_stage_fb_7_1_stream_mdf_word_t_0_stream_mdf_word_t_0_delay_re_2_0_reg[10]_i_3/O[1]
                         net (fo=1, unplaced)         0.564     3.676    bd_0_i/hls_inst/inst/Loop_VITIS_LOOP_95_1_proc717_U0/mac_muladd_16s_16s_31s_31_4_1_U160/fft_mdf_mac_muladd_16s_16s_31s_31_4_1_DSP48_0_U/diff_re_1_fu_356_p2[9]
                         CARRY4 (Prop_carry4_S[1]_CO[3])
                                                      0.700     4.376 r  bd_0_i/hls_inst/inst/Loop_VITIS_LOOP_95_1_proc717_U0/mac_muladd_16s_16s_31s_31_4_1_U160/fft_mdf_mac_muladd_16s_16s_31s_31_4_1_DSP48_0_U/void_stage_fb_7_1_stream_mdf_word_t_0_stream_mdf_word_t_0_delay_re_2_0_reg[10]_i_2/CO[3]
                         net (fo=1, unplaced)         0.000     4.376    bd_0_i/hls_inst/inst/Loop_VITIS_LOOP_95_1_proc717_U0/mac_muladd_16s_16s_31s_31_4_1_U160/fft_mdf_mac_muladd_16s_16s_31s_31_4_1_DSP48_0_U/void_stage_fb_7_1_stream_mdf_word_t_0_stream_mdf_word_t_0_delay_re_2_0_reg[10]_i_2_n_9
                         CARRY4 (Prop_carry4_CI_O[3])
                                                      0.275     4.651 r  bd_0_i/hls_inst/inst/Loop_VITIS_LOOP_95_1_proc717_U0/mac_muladd_16s_16s_31s_31_4_1_U160/fft_mdf_mac_muladd_16s_16s_31s_31_4_1_DSP48_0_U/void_stage_fb_7_1_stream_mdf_word_t_0_stream_mdf_word_t_0_delay_re_2_0_reg[14]_i_2/O[3]
                         net (fo=1, unplaced)         0.519     5.170    bd_0_i/hls_inst/inst/Loop_VITIS_LOOP_95_1_proc717_U0/mac_muladd_16s_16s_31s_31_4_1_U160/fft_mdf_mac_muladd_16s_16s_31s_31_4_1_DSP48_0_U/add_ln53_4_fu_386_p2[15]
                         LUT3 (Prop_lut3_I0_O)        0.250     5.420 r  bd_0_i/hls_inst/inst/Loop_VITIS_LOOP_95_1_proc717_U0/mac_muladd_16s_16s_31s_31_4_1_U160/fft_mdf_mac_muladd_16s_16s_31s_31_4_1_DSP48_0_U/void_stage_fb_7_1_stream_mdf_word_t_0_stream_mdf_word_t_0_delay_re_2_0[14]_i_1/O
                         net (fo=3, unplaced)         0.646     6.065    bd_0_i/hls_inst/inst/Loop_VITIS_LOOP_95_1_proc717_U0/mac_muladd_16s_15ns_31s_31_4_1_U159/fft_mdf_mac_muladd_16s_15ns_31s_31_4_1_DSP48_2_U/A[14]
                         DSP48E1                                      r  bd_0_i/hls_inst/inst/Loop_VITIS_LOOP_95_1_proc717_U0/mac_muladd_16s_15ns_31s_31_4_1_U159/fft_mdf_mac_muladd_16s_15ns_31s_31_4_1_DSP48_2_U/m_reg_reg/A[14]
  -------------------------------------------------------------------    -------------------

                         (clock ap_clk rise edge)    10.000    10.000 r  
                                                      0.000    10.000 r  ap_clk (IN)
                         net (fo=7671, unset)         0.748    10.748    bd_0_i/hls_inst/inst/Loop_VITIS_LOOP_95_1_proc717_U0/mac_muladd_16s_15ns_31s_31_4_1_U159/fft_mdf_mac_muladd_16s_15ns_31s_31_4_1_DSP48_2_U/ap_clk
                         DSP48E1                                      r  bd_0_i/hls_inst/inst/Loop_VITIS_LOOP_95_1_proc717_U0/mac_muladd_16s_15ns_31s_31_4_1_U159/fft_mdf_mac_muladd_16s_15ns_31s_31_4_1_DSP48_2_U/m_reg_reg/CLK
                         clock pessimism              0.000    10.748    
                         clock uncertainty           -0.035    10.712    
                         DSP48E1 (Setup_dsp48e1_CLK_A[14])
                                                     -0.297    10.415    bd_0_i/hls_inst/inst/Loop_VITIS_LOOP_95_1_proc717_U0/mac_muladd_16s_15ns_31s_31_4_1_U159/fft_mdf_mac_muladd_16s_15ns_31s_31_4_1_DSP48_2_U/m_reg_reg
  -------------------------------------------------------------------
                         required time                         10.415    
                         arrival time                          -6.065    
  -------------------------------------------------------------------
                         slack                                  4.350    

Slack (MET) :             4.350ns  (required time - arrival time)
  Source:                 bd_0_i/hls_inst/inst/s6_U/U_fft_mdf_fifo_w129_d260_A_ram/mem_reg_0/CLKARDCLK
                            (rising edge-triggered cell RAMB36E1 clocked by ap_clk  {rise@0.000ns fall@5.000ns period=10.000ns})
  Destination:            bd_0_i/hls_inst/inst/Loop_VITIS_LOOP_95_1_proc717_U0/mac_muladd_16s_16s_31s_31_4_1_U160/fft_mdf_mac_muladd_16s_16s_31s_31_4_1_DSP48_0_U/m_reg_reg/A[14]
                            (rising edge-triggered cell DSP48E1 clocked by ap_clk  {rise@0.000ns fall@5.000ns period=10.000ns})
  Path Group:             ap_clk
  Path Type:              Setup (Max at Slow Process Corner)
  Requirement:            10.000ns  (ap_clk rise@10.000ns - ap_clk rise@0.000ns)
  Data Path Delay:        5.278ns  (logic 2.896ns (54.868%)  route 2.382ns (45.132%))
  Logic Levels:           7  (CARRY4=5 LUT2=1 LUT3=1)
  Clock Path Skew:        -0.039ns (DCD - SCD + CPR)
    Destination Clock Delay (DCD):    0.748ns = ( 10.748 - 10.000 ) 
    Source Clock Delay      (SCD):    0.787ns
    Clock Pessimism Removal (CPR):    0.000ns
  Clock Uncertainty:      0.035ns  ((TSJ^2 + TIJ^2)^1/2 + DJ) / 2 + PE
    Total System Jitter     (TSJ):    0.071ns
    Total Input Jitter      (TIJ):    0.000ns
    Discrete Jitter          (DJ):    0.000ns
    Phase Error              (PE):    0.000ns

    Location             Delay type                Incr(ns)  Path(ns)    Netlist Resource(s)
  -------------------------------------------------------------------    -------------------
                         (clock ap_clk rise edge)     0.000     0.000 r  
                                                      0.000     0.000 r  ap_clk (IN)
                         net (fo=7671, unset)         0.787     0.787    bd_0_i/hls_inst/inst/s6_U/U_fft_mdf_fifo_w129_d260_A_ram/ap_clk
                         RAMB36E1                                     r  bd_0_i/hls_inst/inst/s6_U/U_fft_mdf_fifo_w129_d260_A_ram/mem_reg_0/CLKARDCLK
  -------------------------------------------------------------------    -------------------
                         RAMB36E1 (Prop_ramb36e1_CLKARDCLK_DOBDO[1])
                                                      0.734     1.521 r  bd_0_i/hls_inst/inst/s6_U/U_fft_mdf_fifo_w129_d260_A_ram/mem_reg_0/DOBDO[1]
                         net (fo=3, unplaced)         0.646     2.167    bd_0_i/hls_inst/inst/Loop_VITIS_LOOP_95_1_proc717_U0/mac_muladd_16s_16s_31s_31_4_1_U160/fft_mdf_mac_muladd_16s_16s_31s_31_4_1_DSP48_0_U/mem_reg[1]
                         LUT2 (Prop_lut2_I1_O)        0.105     2.272 r  bd_0_i/hls_inst/inst/Loop_VITIS_LOOP_95_1_proc717_U0/mac_muladd_16s_16s_31s_31_4_1_U160/fft_mdf_mac_muladd_16s_16s_31s_31_4_1_DSP48_0_U/void_stage_fb_7_1_stream_mdf_word_t_0_stream_mdf_word_t_0_delay_re_2_0[2]_i_7/O
                         net (fo=1, unplaced)         0.000     2.272    bd_0_i/hls_inst/inst/Loop_VITIS_LOOP_95_1_proc717_U0/mac_muladd_16s_16s_31s_31_4_1_U160/fft_mdf_mac_muladd_16s_16s_31s_31_4_1_DSP48_0_U/void_stage_fb_7_1_stream_mdf_word_t_0_stream_mdf_word_t_0_delay_re_2_0[2]_i_7_n_9
                         CARRY4 (Prop_carry4_S[1]_CO[3])
                                                      0.457     2.729 r  bd_0_i/hls_inst/inst/Loop_VITIS_LOOP_95_1_proc717_U0/mac_muladd_16s_16s_31s_31_4_1_U160/fft_mdf_mac_muladd_16s_16s_31s_31_4_1_DSP48_0_U/void_stage_fb_7_1_stream_mdf_word_t_0_stream_mdf_word_t_0_delay_re_2_0_reg[2]_i_3/CO[3]
                         net (fo=1, unplaced)         0.008     2.737    bd_0_i/hls_inst/inst/Loop_VITIS_LOOP_95_1_proc717_U0/mac_muladd_16s_16s_31s_31_4_1_U160/fft_mdf_mac_muladd_16s_16s_31s_31_4_1_DSP48_0_U/void_stage_fb_7_1_stream_mdf_word_t_0_stream_mdf_word_t_0_delay_re_2_0_reg[2]_i_3_n_9
                         CARRY4 (Prop_carry4_CI_CO[3])
                                                      0.098     2.835 r  bd_0_i/hls_inst/inst/Loop_VITIS_LOOP_95_1_proc717_U0/mac_muladd_16s_16s_31s_31_4_1_U160/fft_mdf_mac_muladd_16s_16s_31s_31_4_1_DSP48_0_U/void_stage_fb_7_1_stream_mdf_word_t_0_stream_mdf_word_t_0_delay_re_2_0_reg[6]_i_3/CO[3]
                         net (fo=1, unplaced)         0.000     2.835    bd_0_i/hls_inst/inst/Loop_VITIS_LOOP_95_1_proc717_U0/mac_muladd_16s_16s_31s_31_4_1_U160/fft_mdf_mac_muladd_16s_16s_31s_31_4_1_DSP48_0_U/void_stage_fb_7_1_stream_mdf_word_t_0_stream_mdf_word_t_0_delay_re_2_0_reg[6]_i_3_n_9
                         CARRY4 (Prop_carry4_CI_O[1])
                                                      0.277     3.112 r  bd_0_i/hls_inst/inst/Loop_VITIS_LOOP_95_1_proc717_U0/mac_muladd_16s_16s_31s_31_4_1_U160/fft_mdf_mac_muladd_16s_16s_31s_31_4_1_DSP48_0_U/void_stage_fb_7_1_stream_mdf_word_t_0_stream_mdf_word_t_0_delay_re_2_0_reg[10]_i_3/O[1]
                         net (fo=1, unplaced)         0.564     3.676    bd_0_i/hls_inst/inst/Loop_VITIS_LOOP_95_1_proc717_U0/mac_muladd_16s_16s_31s_31_4_1_U160/fft_mdf_mac_muladd_16s_16s_31s_31_4_1_DSP48_0_U/diff_re_1_fu_356_p2[9]
                         CARRY4 (Prop_carry4_S[1]_CO[3])
                                                      0.700     4.376 r  bd_0_i/hls_inst/inst/Loop_VITIS_LOOP_95_1_proc717_U0/mac_muladd_16s_16s_31s_31_4_1_U160/fft_mdf_mac_muladd_16s_16s_31s_31_4_1_DSP48_0_U/void_stage_fb_7_1_stream_mdf_word_t_0_stream_mdf_word_t_0_delay_re_2_0_reg[10]_i_2/CO[3]
                         net (fo=1, unplaced)         0.000     4.376    bd_0_i/hls_inst/inst/Loop_VITIS_LOOP_95_1_proc717_U0/mac_muladd_16s_16s_31s_31_4_1_U160/fft_mdf_mac_muladd_16s_16s_31s_31_4_1_DSP48_0_U/void_stage_fb_7_1_stream_mdf_word_t_0_stream_mdf_word_t_0_delay_re_2_0_reg[10]_i_2_n_9
                         CARRY4 (Prop_carry4_CI_O[3])
                                                      0.275     4.651 r  bd_0_i/hls_inst/inst/Loop_VITIS_LOOP_95_1_proc717_U0/mac_muladd_16s_16s_31s_31_4_1_U160/fft_mdf_mac_muladd_16s_16s_31s_31_4_1_DSP48_0_U/void_stage_fb_7_1_stream_mdf_word_t_0_stream_mdf_word_t_0_delay_re_2_0_reg[14]_i_2/O[3]
                         net (fo=1, unplaced)         0.519     5.170    bd_0_i/hls_inst/inst/Loop_VITIS_LOOP_95_1_proc717_U0/mac_muladd_16s_16s_31s_31_4_1_U160/fft_mdf_mac_muladd_16s_16s_31s_31_4_1_DSP48_0_U/add_ln53_4_fu_386_p2[15]
                         LUT3 (Prop_lut3_I0_O)        0.250     5.420 r  bd_0_i/hls_inst/inst/Loop_VITIS_LOOP_95_1_proc717_U0/mac_muladd_16s_16s_31s_31_4_1_U160/fft_mdf_mac_muladd_16s_16s_31s_31_4_1_DSP48_0_U/void_stage_fb_7_1_stream_mdf_word_t_0_stream_mdf_word_t_0_delay_re_2_0[14]_i_1/O
                         net (fo=3, unplaced)         0.646     6.065    bd_0_i/hls_inst/inst/Loop_VITIS_LOOP_95_1_proc717_U0/mac_muladd_16s_16s_31s_31_4_1_U160/fft_mdf_mac_muladd_16s_16s_31s_31_4_1_DSP48_0_U/A[14]
                         DSP48E1                                      r  bd_0_i/hls_inst/inst/Loop_VITIS_LOOP_95_1_proc717_U0/mac_muladd_16s_16s_31s_31_4_1_U160/fft_mdf_mac_muladd_16s_16s_31s_31_4_1_DSP48_0_U/m_reg_reg/A[14]
  -------------------------------------------------------------------    -------------------

                         (clock ap_clk rise edge)    10.000    10.000 r  
                                                      0.000    10.000 r  ap_clk (IN)
                         net (fo=7671, unset)         0.748    10.748    bd_0_i/hls_inst/inst/Loop_VITIS_LOOP_95_1_proc717_U0/mac_muladd_16s_16s_31s_31_4_1_U160/fft_mdf_mac_muladd_16s_16s_31s_31_4_1_DSP48_0_U/ap_clk
                         DSP48E1                                      r  bd_0_i/hls_inst/inst/Loop_VITIS_LOOP_95_1_proc717_U0/mac_muladd_16s_16s_31s_31_4_1_U160/fft_mdf_mac_muladd_16s_16s_31s_31_4_1_DSP48_0_U/m_reg_reg/CLK
                         clock pessimism              0.000    10.748    
                         clock uncertainty           -0.035    10.712    
                         DSP48E1 (Setup_dsp48e1_CLK_A[14])
                                                     -0.297    10.415    bd_0_i/hls_inst/inst/Loop_VITIS_LOOP_95_1_proc717_U0/mac_muladd_16s_16s_31s_31_4_1_U160/fft_mdf_mac_muladd_16s_16s_31s_31_4_1_DSP48_0_U/m_reg_reg
  -------------------------------------------------------------------
                         required time                         10.415    
                         arrival time                          -6.065    
  -------------------------------------------------------------------
                         slack                                  4.350    

Slack (MET) :             4.432ns  (required time - arrival time)
  Source:                 bd_0_i/hls_inst/inst/s6_U/U_fft_mdf_fifo_w129_d260_A_ram/mem_reg_1/CLKARDCLK
                            (rising edge-triggered cell RAMB36E1 clocked by ap_clk  {rise@0.000ns fall@5.000ns period=10.000ns})
  Destination:            bd_0_i/hls_inst/inst/Loop_VITIS_LOOP_95_1_proc717_U0/am_addmul_16s_16s_16s_31_4_1_U161/fft_mdf_am_addmul_16s_16s_16s_31_4_1_DSP48_3_U/p_reg_reg/D[10]
                            (rising edge-triggered cell DSP48E1 clocked by ap_clk  {rise@0.000ns fall@5.000ns period=10.000ns})
  Path Group:             ap_clk
  Path Type:              Setup (Max at Slow Process Corner)
  Requirement:            10.000ns  (ap_clk rise@10.000ns - ap_clk rise@0.000ns)
  Data Path Delay:        5.180ns  (logic 2.798ns (54.014%)  route 2.382ns (45.986%))
  Logic Levels:           6  (CARRY4=4 LUT2=1 LUT3=1)
  Clock Path Skew:        -0.039ns (DCD - SCD + CPR)
    Destination Clock Delay (DCD):    0.748ns = ( 10.748 - 10.000 ) 
    Source Clock Delay      (SCD):    0.787ns
    Clock Pessimism Removal (CPR):    0.000ns
  Clock Uncertainty:      0.035ns  ((TSJ^2 + TIJ^2)^1/2 + DJ) / 2 + PE
    Total System Jitter     (TSJ):    0.071ns
    Total Input Jitter      (TIJ):    0.000ns
    Discrete Jitter          (DJ):    0.000ns
    Phase Error              (PE):    0.000ns

    Location             Delay type                Incr(ns)  Path(ns)    Netlist Resource(s)
  -------------------------------------------------------------------    -------------------
                         (clock ap_clk rise edge)     0.000     0.000 r  
                                                      0.000     0.000 r  ap_clk (IN)
                         net (fo=7671, unset)         0.787     0.787    bd_0_i/hls_inst/inst/s6_U/U_fft_mdf_fifo_w129_d260_A_ram/ap_clk
                         RAMB36E1                                     r  bd_0_i/hls_inst/inst/s6_U/U_fft_mdf_fifo_w129_d260_A_ram/mem_reg_1/CLKARDCLK
  -------------------------------------------------------------------    -------------------
                         RAMB36E1 (Prop_ramb36e1_CLKARDCLK_DOBDO[9])
                                                      0.734     1.521 r  bd_0_i/hls_inst/inst/s6_U/U_fft_mdf_fifo_w129_d260_A_ram/mem_reg_1/DOBDO[9]
                         net (fo=3, unplaced)         0.646     2.167    bd_0_i/hls_inst/inst/Loop_VITIS_LOOP_95_1_proc717_U0/am_addmul_16s_16s_16s_31_4_1_U161/fft_mdf_am_addmul_16s_16s_16s_31_4_1_DSP48_3_U/mem_reg[17]
                         LUT2 (Prop_lut2_I1_O)        0.105     2.272 r  bd_0_i/hls_inst/inst/Loop_VITIS_LOOP_95_1_proc717_U0/am_addmul_16s_16s_16s_31_4_1_U161/fft_mdf_am_addmul_16s_16s_16s_31_4_1_DSP48_3_U/void_stage_fb_7_1_stream_mdf_word_t_0_stream_mdf_word_t_0_delay_im_7_0[2]_i_7/O
                         net (fo=1, unplaced)         0.000     2.272    bd_0_i/hls_inst/inst/Loop_VITIS_LOOP_95_1_proc717_U0/am_addmul_16s_16s_16s_31_4_1_U161/fft_mdf_am_addmul_16s_16s_16s_31_4_1_DSP48_3_U/void_stage_fb_7_1_stream_mdf_word_t_0_stream_mdf_word_t_0_delay_im_7_0[2]_i_7_n_9
                         CARRY4 (Prop_carry4_S[1]_CO[3])
                                                      0.457     2.729 r  bd_0_i/hls_inst/inst/Loop_VITIS_LOOP_95_1_proc717_U0/am_addmul_16s_16s_16s_31_4_1_U161/fft_mdf_am_addmul_16s_16s_16s_31_4_1_DSP48_3_U/void_stage_fb_7_1_stream_mdf_word_t_0_stream_mdf_word_t_0_delay_im_7_0_reg[2]_i_3/CO[3]
                         net (fo=1, unplaced)         0.008     2.737    bd_0_i/hls_inst/inst/Loop_VITIS_LOOP_95_1_proc717_U0/am_addmul_16s_16s_16s_31_4_1_U161/fft_mdf_am_addmul_16s_16s_16s_31_4_1_DSP48_3_U/void_stage_fb_7_1_stream_mdf_word_t_0_stream_mdf_word_t_0_delay_im_7_0_reg[2]_i_3_n_9
                         CARRY4 (Prop_carry4_CI_O[1])
                                                      0.277     3.014 r  bd_0_i/hls_inst/inst/Loop_VITIS_LOOP_95_1_proc717_U0/am_addmul_16s_16s_16s_31_4_1_U161/fft_mdf_am_addmul_16s_16s_16s_31_4_1_DSP48_3_U/void_stage_fb_7_1_stream_mdf_word_t_0_stream_mdf_word_t_0_delay_im_7_0_reg[6]_i_3/O[1]
                         net (fo=1, unplaced)         0.564     3.578    bd_0_i/hls_inst/inst/Loop_VITIS_LOOP_95_1_proc717_U0/am_addmul_16s_16s_16s_31_4_1_U161/fft_mdf_am_addmul_16s_16s_16s_31_4_1_DSP48_3_U/diff_im_3_fu_462_p2[5]
                         CARRY4 (Prop_carry4_S[1]_CO[3])
                                                      0.700     4.278 r  bd_0_i/hls_inst/inst/Loop_VITIS_LOOP_95_1_proc717_U0/am_addmul_16s_16s_16s_31_4_1_U161/fft_mdf_am_addmul_16s_16s_16s_31_4_1_DSP48_3_U/void_stage_fb_7_1_stream_mdf_word_t_0_stream_mdf_word_t_0_delay_im_7_0_reg[6]_i_2/CO[3]
                         net (fo=1, unplaced)         0.000     4.278    bd_0_i/hls_inst/inst/Loop_VITIS_LOOP_95_1_proc717_U0/am_addmul_16s_16s_16s_31_4_1_U161/fft_mdf_am_addmul_16s_16s_16s_31_4_1_DSP48_3_U/void_stage_fb_7_1_stream_mdf_word_t_0_stream_mdf_word_t_0_delay_im_7_0_reg[6]_i_2_n_9
                         CARRY4 (Prop_carry4_CI_O[3])
                                                      0.275     4.553 r  bd_0_i/hls_inst/inst/Loop_VITIS_LOOP_95_1_proc717_U0/am_addmul_16s_16s_16s_31_4_1_U161/fft_mdf_am_addmul_16s_16s_16s_31_4_1_DSP48_3_U/void_stage_fb_7_1_stream_mdf_word_t_0_stream_mdf_word_t_0_delay_im_7_0_reg[10]_i_2/O[3]
                         net (fo=1, unplaced)         0.519     5.072    bd_0_i/hls_inst/inst/Loop_VITIS_LOOP_95_1_proc717_U0/am_addmul_16s_16s_16s_31_4_1_U161/fft_mdf_am_addmul_16s_16s_16s_31_4_1_DSP48_3_U/add_ln53_13_fu_530_p2[11]
                         LUT3 (Prop_lut3_I0_O)        0.250     5.322 r  bd_0_i/hls_inst/inst/Loop_VITIS_LOOP_95_1_proc717_U0/am_addmul_16s_16s_16s_31_4_1_U161/fft_mdf_am_addmul_16s_16s_16s_31_4_1_DSP48_3_U/void_stage_fb_7_1_stream_mdf_word_t_0_stream_mdf_word_t_0_delay_im_7_0[10]_i_1/O
                         net (fo=3, unplaced)         0.646     5.967    bd_0_i/hls_inst/inst/Loop_VITIS_LOOP_95_1_proc717_U0/am_addmul_16s_16s_16s_31_4_1_U161/fft_mdf_am_addmul_16s_16s_16s_31_4_1_DSP48_3_U/trunc_ln95_reg_1329_reg[0][10]
                         DSP48E1                                      r  bd_0_i/hls_inst/inst/Loop_VITIS_LOOP_95_1_proc717_U0/am_addmul_16s_16s_16s_31_4_1_U161/fft_mdf_am_addmul_16s_16s_16s_31_4_1_DSP48_3_U/p_reg_reg/D[10]
  -------------------------------------------------------------------    -------------------

                         (clock ap_clk rise edge)    10.000    10.000 r  
                                                      0.000    10.000 r  ap_clk (IN)
                         net (fo=7671, unset)         0.748    10.748    bd_0_i/hls_inst/inst/Loop_VITIS_LOOP_95_1_proc717_U0/am_addmul_16s_16s_16s_31_4_1_U161/fft_mdf_am_addmul_16s_16s_16s_31_4_1_DSP48_3_U/ap_clk
                         DSP48E1                                      r  bd_0_i/hls_inst/inst/Loop_VITIS_LOOP_95_1_proc717_U0/am_addmul_16s_16s_16s_31_4_1_U161/fft_mdf_am_addmul_16s_16s_16s_31_4_1_DSP48_3_U/p_reg_reg/CLK
                         clock pessimism              0.000    10.748    
                         clock uncertainty           -0.035    10.712    
                         DSP48E1 (Setup_dsp48e1_CLK_D[10])
                                                     -0.313    10.399    bd_0_i/hls_inst/inst/Loop_VITIS_LOOP_95_1_proc717_U0/am_addmul_16s_16s_16s_31_4_1_U161/fft_mdf_am_addmul_16s_16s_16s_31_4_1_DSP48_3_U/p_reg_reg
  -------------------------------------------------------------------
                         required time                         10.399    
                         arrival time                          -5.967    
  -------------------------------------------------------------------
                         slack                                  4.432    

Slack (MET) :             4.432ns  (required time - arrival time)
  Source:                 bd_0_i/hls_inst/inst/s6_U/U_fft_mdf_fifo_w129_d260_A_ram/mem_reg_1/CLKARDCLK
                            (rising edge-triggered cell RAMB36E1 clocked by ap_clk  {rise@0.000ns fall@5.000ns period=10.000ns})
  Destination:            bd_0_i/hls_inst/inst/Loop_VITIS_LOOP_95_1_proc717_U0/am_submul_16s_16s_16s_31_4_1_U162/fft_mdf_am_submul_16s_16s_16s_31_4_1_DSP48_4_U/p_reg_reg/D[10]
                            (rising edge-triggered cell DSP48E1 clocked by ap_clk  {rise@0.000ns fall@5.000ns period=10.000ns})
  Path Group:             ap_clk
  Path Type:              Setup (Max at Slow Process Corner)
  Requirement:            10.000ns  (ap_clk rise@10.000ns - ap_clk rise@0.000ns)
  Data Path Delay:        5.180ns  (logic 2.798ns (54.014%)  route 2.382ns (45.986%))
  Logic Levels:           6  (CARRY4=4 LUT2=1 LUT3=1)
  Clock Path Skew:        -0.039ns (DCD - SCD + CPR)
    Destination Clock Delay (DCD):    0.748ns = ( 10.748 - 10.000 ) 
    Source Clock Delay      (SCD):    0.787ns
    Clock Pessimism Removal (CPR):    0.000ns
  Clock Uncertainty:      0.035ns  ((TSJ^2 + TIJ^2)^1/2 + DJ) / 2 + PE
    Total System Jitter     (TSJ):    0.071ns
    Total Input Jitter      (TIJ):    0.000ns
    Discrete Jitter          (DJ):    0.000ns
    Phase Error              (PE):    0.000ns

    Location             Delay type                Incr(ns)  Path(ns)    Netlist Resource(s)
  -------------------------------------------------------------------    -------------------
                         (clock ap_clk rise edge)     0.000     0.000 r  
                                                      0.000     0.000 r  ap_clk (IN)
                         net (fo=7671, unset)         0.787     0.787    bd_0_i/hls_inst/inst/s6_U/U_fft_mdf_fifo_w129_d260_A_ram/ap_clk
                         RAMB36E1                                     r  bd_0_i/hls_inst/inst/s6_U/U_fft_mdf_fifo_w129_d260_A_ram/mem_reg_1/CLKARDCLK
  -------------------------------------------------------------------    -------------------
                         RAMB36E1 (Prop_ramb36e1_CLKARDCLK_DOADO[25])
                                                      0.734     1.521 r  bd_0_i/hls_inst/inst/s6_U/U_fft_mdf_fifo_w129_d260_A_ram/mem_reg_1/DOADO[25]
                         net (fo=3, unplaced)         0.646     2.167    bd_0_i/hls_inst/inst/Loop_VITIS_LOOP_95_1_proc717_U0/am_addmul_16s_16s_16s_31_4_1_U161/fft_mdf_am_addmul_16s_16s_16s_31_4_1_DSP48_3_U/mem_reg[1]
                         LUT2 (Prop_lut2_I1_O)        0.105     2.272 r  bd_0_i/hls_inst/inst/Loop_VITIS_LOOP_95_1_proc717_U0/am_addmul_16s_16s_16s_31_4_1_U161/fft_mdf_am_addmul_16s_16s_16s_31_4_1_DSP48_3_U/void_stage_fb_7_1_stream_mdf_word_t_0_stream_mdf_word_t_0_delay_re_4_0[2]_i_7/O
                         net (fo=1, unplaced)         0.000     2.272    bd_0_i/hls_inst/inst/Loop_VITIS_LOOP_95_1_proc717_U0/am_addmul_16s_16s_16s_31_4_1_U161/fft_mdf_am_addmul_16s_16s_16s_31_4_1_DSP48_3_U/void_stage_fb_7_1_stream_mdf_word_t_0_stream_mdf_word_t_0_delay_re_4_0[2]_i_7_n_9
                         CARRY4 (Prop_carry4_S[1]_CO[3])
                                                      0.457     2.729 r  bd_0_i/hls_inst/inst/Loop_VITIS_LOOP_95_1_proc717_U0/am_addmul_16s_16s_16s_31_4_1_U161/fft_mdf_am_addmul_16s_16s_16s_31_4_1_DSP48_3_U/void_stage_fb_7_1_stream_mdf_word_t_0_stream_mdf_word_t_0_delay_re_4_0_reg[2]_i_3/CO[3]
                         net (fo=1, unplaced)         0.008     2.737    bd_0_i/hls_inst/inst/Loop_VITIS_LOOP_95_1_proc717_U0/am_addmul_16s_16s_16s_31_4_1_U161/fft_mdf_am_addmul_16s_16s_16s_31_4_1_DSP48_3_U/void_stage_fb_7_1_stream_mdf_word_t_0_stream_mdf_word_t_0_delay_re_4_0_reg[2]_i_3_n_9
                         CARRY4 (Prop_carry4_CI_O[1])
                                                      0.277     3.014 r  bd_0_i/hls_inst/inst/Loop_VITIS_LOOP_95_1_proc717_U0/am_addmul_16s_16s_16s_31_4_1_U161/fft_mdf_am_addmul_16s_16s_16s_31_4_1_DSP48_3_U/void_stage_fb_7_1_stream_mdf_word_t_0_stream_mdf_word_t_0_delay_re_4_0_reg[6]_i_3/O[1]
                         net (fo=1, unplaced)         0.564     3.578    bd_0_i/hls_inst/inst/Loop_VITIS_LOOP_95_1_proc717_U0/am_addmul_16s_16s_16s_31_4_1_U161/fft_mdf_am_addmul_16s_16s_16s_31_4_1_DSP48_3_U/diff_re_3_fu_435_p2[5]
                         CARRY4 (Prop_carry4_S[1]_CO[3])
                                                      0.700     4.278 r  bd_0_i/hls_inst/inst/Loop_VITIS_LOOP_95_1_proc717_U0/am_addmul_16s_16s_16s_31_4_1_U161/fft_mdf_am_addmul_16s_16s_16s_31_4_1_DSP48_3_U/void_stage_fb_7_1_stream_mdf_word_t_0_stream_mdf_word_t_0_delay_re_4_0_reg[6]_i_2/CO[3]
                         net (fo=1, unplaced)         0.000     4.278    bd_0_i/hls_inst/inst/Loop_VITIS_LOOP_95_1_proc717_U0/am_addmul_16s_16s_16s_31_4_1_U161/fft_mdf_am_addmul_16s_16s_16s_31_4_1_DSP48_3_U/void_stage_fb_7_1_stream_mdf_word_t_0_stream_mdf_word_t_0_delay_re_4_0_reg[6]_i_2_n_9
                         CARRY4 (Prop_carry4_CI_O[3])
                                                      0.275     4.553 r  bd_0_i/hls_inst/inst/Loop_VITIS_LOOP_95_1_proc717_U0/am_addmul_16s_16s_16s_31_4_1_U161/fft_mdf_am_addmul_16s_16s_16s_31_4_1_DSP48_3_U/void_stage_fb_7_1_stream_mdf_word_t_0_stream_mdf_word_t_0_delay_re_4_0_reg[10]_i_2/O[3]
                         net (fo=1, unplaced)         0.519     5.072    bd_0_i/hls_inst/inst/Loop_VITIS_LOOP_95_1_proc717_U0/am_addmul_16s_16s_16s_31_4_1_U161/fft_mdf_am_addmul_16s_16s_16s_31_4_1_DSP48_3_U/add_ln53_12_fu_492_p2[11]
                         LUT3 (Prop_lut3_I0_O)        0.250     5.322 r  bd_0_i/hls_inst/inst/Loop_VITIS_LOOP_95_1_proc717_U0/am_addmul_16s_16s_16s_31_4_1_U161/fft_mdf_am_addmul_16s_16s_16s_31_4_1_DSP48_3_U/void_stage_fb_7_1_stream_mdf_word_t_0_stream_mdf_word_t_0_delay_re_4_0[10]_i_1/O
                         net (fo=3, unplaced)         0.646     5.967    bd_0_i/hls_inst/inst/Loop_VITIS_LOOP_95_1_proc717_U0/am_submul_16s_16s_16s_31_4_1_U162/fft_mdf_am_submul_16s_16s_16s_31_4_1_DSP48_4_U/D[10]
                         DSP48E1                                      r  bd_0_i/hls_inst/inst/Loop_VITIS_LOOP_95_1_proc717_U0/am_submul_16s_16s_16s_31_4_1_U162/fft_mdf_am_submul_16s_16s_16s_31_4_1_DSP48_4_U/p_reg_reg/D[10]
  -------------------------------------------------------------------    -------------------

                         (clock ap_clk rise edge)    10.000    10.000 r  
                                                      0.000    10.000 r  ap_clk (IN)
                         net (fo=7671, unset)         0.748    10.748    bd_0_i/hls_inst/inst/Loop_VITIS_LOOP_95_1_proc717_U0/am_submul_16s_16s_16s_31_4_1_U162/fft_mdf_am_submul_16s_16s_16s_31_4_1_DSP48_4_U/ap_clk
                         DSP48E1                                      r  bd_0_i/hls_inst/inst/Loop_VITIS_LOOP_95_1_proc717_U0/am_submul_16s_16s_16s_31_4_1_U162/fft_mdf_am_submul_16s_16s_16s_31_4_1_DSP48_4_U/p_reg_reg/CLK
                         clock pessimism              0.000    10.748    
                         clock uncertainty           -0.035    10.712    
                         DSP48E1 (Setup_dsp48e1_CLK_D[10])
                                                     -0.313    10.399    bd_0_i/hls_inst/inst/Loop_VITIS_LOOP_95_1_proc717_U0/am_submul_16s_16s_16s_31_4_1_U162/fft_mdf_am_submul_16s_16s_16s_31_4_1_DSP48_4_U/p_reg_reg
  -------------------------------------------------------------------
                         required time                         10.399    
                         arrival time                          -5.967    
  -------------------------------------------------------------------
                         slack                                  4.432    

Slack (MET) :             4.448ns  (required time - arrival time)
  Source:                 bd_0_i/hls_inst/inst/s6_U/U_fft_mdf_fifo_w129_d260_A_ram/mem_reg_1/CLKARDCLK
                            (rising edge-triggered cell RAMB36E1 clocked by ap_clk  {rise@0.000ns fall@5.000ns period=10.000ns})
  Destination:            bd_0_i/hls_inst/inst/Loop_VITIS_LOOP_95_1_proc717_U0/am_addmul_16s_16s_16s_31_4_1_U161/fft_mdf_am_addmul_16s_16s_16s_31_4_1_DSP48_3_U/p_reg_reg/A[10]
                            (rising edge-triggered cell DSP48E1 clocked by ap_clk  {rise@0.000ns fall@5.000ns period=10.000ns})
  Path Group:             ap_clk
  Path Type:              Setup (Max at Slow Process Corner)
  Requirement:            10.000ns  (ap_clk rise@10.000ns - ap_clk rise@0.000ns)
  Data Path Delay:        5.180ns  (logic 2.798ns (54.014%)  route 2.382ns (45.986%))
  Logic Levels:           6  (CARRY4=4 LUT2=1 LUT3=1)
  Clock Path Skew:        -0.039ns (DCD - SCD + CPR)
    Destination Clock Delay (DCD):    0.748ns = ( 10.748 - 10.000 ) 
    Source Clock Delay      (SCD):    0.787ns
    Clock Pessimism Removal (CPR):    0.000ns
  Clock Uncertainty:      0.035ns  ((TSJ^2 + TIJ^2)^1/2 + DJ) / 2 + PE
    Total System Jitter     (TSJ):    0.071ns
    Total Input Jitter      (TIJ):    0.000ns
    Discrete Jitter          (DJ):    0.000ns
    Phase Error              (PE):    0.000ns

    Location             Delay type                Incr(ns)  Path(ns)    Netlist Resource(s)
  -------------------------------------------------------------------    -------------------
                         (clock ap_clk rise edge)     0.000     0.000 r  
                                                      0.000     0.000 r  ap_clk (IN)
                         net (fo=7671, unset)         0.787     0.787    bd_0_i/hls_inst/inst/s6_U/U_fft_mdf_fifo_w129_d260_A_ram/ap_clk
                         RAMB36E1                                     r  bd_0_i/hls_inst/inst/s6_U/U_fft_mdf_fifo_w129_d260_A_ram/mem_reg_1/CLKARDCLK
  -------------------------------------------------------------------    -------------------
                         RAMB36E1 (Prop_ramb36e1_CLKARDCLK_DOADO[25])
                                                      0.734     1.521 r  bd_0_i/hls_inst/inst/s6_U/U_fft_mdf_fifo_w129_d260_A_ram/mem_reg_1/DOADO[25]
                         net (fo=3, unplaced)         0.646     2.167    bd_0_i/hls_inst/inst/Loop_VITIS_LOOP_95_1_proc717_U0/am_addmul_16s_16s_16s_31_4_1_U161/fft_mdf_am_addmul_16s_16s_16s_31_4_1_DSP48_3_U/mem_reg[1]
                         LUT2 (Prop_lut2_I1_O)        0.105     2.272 r  bd_0_i/hls_inst/inst/Loop_VITIS_LOOP_95_1_proc717_U0/am_addmul_16s_16s_16s_31_4_1_U161/fft_mdf_am_addmul_16s_16s_16s_31_4_1_DSP48_3_U/void_stage_fb_7_1_stream_mdf_word_t_0_stream_mdf_word_t_0_delay_re_4_0[2]_i_7/O
                         net (fo=1, unplaced)         0.000     2.272    bd_0_i/hls_inst/inst/Loop_VITIS_LOOP_95_1_proc717_U0/am_addmul_16s_16s_16s_31_4_1_U161/fft_mdf_am_addmul_16s_16s_16s_31_4_1_DSP48_3_U/void_stage_fb_7_1_stream_mdf_word_t_0_stream_mdf_word_t_0_delay_re_4_0[2]_i_7_n_9
                         CARRY4 (Prop_carry4_S[1]_CO[3])
                                                      0.457     2.729 r  bd_0_i/hls_inst/inst/Loop_VITIS_LOOP_95_1_proc717_U0/am_addmul_16s_16s_16s_31_4_1_U161/fft_mdf_am_addmul_16s_16s_16s_31_4_1_DSP48_3_U/void_stage_fb_7_1_stream_mdf_word_t_0_stream_mdf_word_t_0_delay_re_4_0_reg[2]_i_3/CO[3]
                         net (fo=1, unplaced)         0.008     2.737    bd_0_i/hls_inst/inst/Loop_VITIS_LOOP_95_1_proc717_U0/am_addmul_16s_16s_16s_31_4_1_U161/fft_mdf_am_addmul_16s_16s_16s_31_4_1_DSP48_3_U/void_stage_fb_7_1_stream_mdf_word_t_0_stream_mdf_word_t_0_delay_re_4_0_reg[2]_i_3_n_9
                         CARRY4 (Prop_carry4_CI_O[1])
                                                      0.277     3.014 r  bd_0_i/hls_inst/inst/Loop_VITIS_LOOP_95_1_proc717_U0/am_addmul_16s_16s_16s_31_4_1_U161/fft_mdf_am_addmul_16s_16s_16s_31_4_1_DSP48_3_U/void_stage_fb_7_1_stream_mdf_word_t_0_stream_mdf_word_t_0_delay_re_4_0_reg[6]_i_3/O[1]
                         net (fo=1, unplaced)         0.564     3.578    bd_0_i/hls_inst/inst/Loop_VITIS_LOOP_95_1_proc717_U0/am_addmul_16s_16s_16s_31_4_1_U161/fft_mdf_am_addmul_16s_16s_16s_31_4_1_DSP48_3_U/diff_re_3_fu_435_p2[5]
                         CARRY4 (Prop_carry4_S[1]_CO[3])
                                                      0.700     4.278 r  bd_0_i/hls_inst/inst/Loop_VITIS_LOOP_95_1_proc717_U0/am_addmul_16s_16s_16s_31_4_1_U161/fft_mdf_am_addmul_16s_16s_16s_31_4_1_DSP48_3_U/void_stage_fb_7_1_stream_mdf_word_t_0_stream_mdf_word_t_0_delay_re_4_0_reg[6]_i_2/CO[3]
                         net (fo=1, unplaced)         0.000     4.278    bd_0_i/hls_inst/inst/Loop_VITIS_LOOP_95_1_proc717_U0/am_addmul_16s_16s_16s_31_4_1_U161/fft_mdf_am_addmul_16s_16s_16s_31_4_1_DSP48_3_U/void_stage_fb_7_1_stream_mdf_word_t_0_stream_mdf_word_t_0_delay_re_4_0_reg[6]_i_2_n_9
                         CARRY4 (Prop_carry4_CI_O[3])
                                                      0.275     4.553 r  bd_0_i/hls_inst/inst/Loop_VITIS_LOOP_95_1_proc717_U0/am_addmul_16s_16s_16s_31_4_1_U161/fft_mdf_am_addmul_16s_16s_16s_31_4_1_DSP48_3_U/void_stage_fb_7_1_stream_mdf_word_t_0_stream_mdf_word_t_0_delay_re_4_0_reg[10]_i_2/O[3]
                         net (fo=1, unplaced)         0.519     5.072    bd_0_i/hls_inst/inst/Loop_VITIS_LOOP_95_1_proc717_U0/am_addmul_16s_16s_16s_31_4_1_U161/fft_mdf_am_addmul_16s_16s_16s_31_4_1_DSP48_3_U/add_ln53_12_fu_492_p2[11]
                         LUT3 (Prop_lut3_I0_O)        0.250     5.322 r  bd_0_i/hls_inst/inst/Loop_VITIS_LOOP_95_1_proc717_U0/am_addmul_16s_16s_16s_31_4_1_U161/fft_mdf_am_addmul_16s_16s_16s_31_4_1_DSP48_3_U/void_stage_fb_7_1_stream_mdf_word_t_0_stream_mdf_word_t_0_delay_re_4_0[10]_i_1/O
                         net (fo=3, unplaced)         0.646     5.967    bd_0_i/hls_inst/inst/Loop_VITIS_LOOP_95_1_proc717_U0/am_addmul_16s_16s_16s_31_4_1_U161/fft_mdf_am_addmul_16s_16s_16s_31_4_1_DSP48_3_U/A[10]
                         DSP48E1                                      r  bd_0_i/hls_inst/inst/Loop_VITIS_LOOP_95_1_proc717_U0/am_addmul_16s_16s_16s_31_4_1_U161/fft_mdf_am_addmul_16s_16s_16s_31_4_1_DSP48_3_U/p_reg_reg/A[10]
  -------------------------------------------------------------------    -------------------

                         (clock ap_clk rise edge)    10.000    10.000 r  
                                                      0.000    10.000 r  ap_clk (IN)
                         net (fo=7671, unset)         0.748    10.748    bd_0_i/hls_inst/inst/Loop_VITIS_LOOP_95_1_proc717_U0/am_addmul_16s_16s_16s_31_4_1_U161/fft_mdf_am_addmul_16s_16s_16s_31_4_1_DSP48_3_U/ap_clk
                         DSP48E1                                      r  bd_0_i/hls_inst/inst/Loop_VITIS_LOOP_95_1_proc717_U0/am_addmul_16s_16s_16s_31_4_1_U161/fft_mdf_am_addmul_16s_16s_16s_31_4_1_DSP48_3_U/p_reg_reg/CLK
                         clock pessimism              0.000    10.748    
                         clock uncertainty           -0.035    10.712    
                         DSP48E1 (Setup_dsp48e1_CLK_A[10])
                                                     -0.297    10.415    bd_0_i/hls_inst/inst/Loop_VITIS_LOOP_95_1_proc717_U0/am_addmul_16s_16s_16s_31_4_1_U161/fft_mdf_am_addmul_16s_16s_16s_31_4_1_DSP48_3_U/p_reg_reg
  -------------------------------------------------------------------
                         required time                         10.415    
                         arrival time                          -5.967    
  -------------------------------------------------------------------
                         slack                                  4.448    

Slack (MET) :             4.448ns  (required time - arrival time)
  Source:                 bd_0_i/hls_inst/inst/s6_U/U_fft_mdf_fifo_w129_d260_A_ram/mem_reg_1/CLKARDCLK
                            (rising edge-triggered cell RAMB36E1 clocked by ap_clk  {rise@0.000ns fall@5.000ns period=10.000ns})
  Destination:            bd_0_i/hls_inst/inst/Loop_VITIS_LOOP_95_1_proc717_U0/am_submul_16s_16s_16s_31_4_1_U162/fft_mdf_am_submul_16s_16s_16s_31_4_1_DSP48_4_U/p_reg_reg/A[10]
                            (rising edge-triggered cell DSP48E1 clocked by ap_clk  {rise@0.000ns fall@5.000ns period=10.000ns})
  Path Group:             ap_clk
  Path Type:              Setup (Max at Slow Process Corner)
  Requirement:            10.000ns  (ap_clk rise@10.000ns - ap_clk rise@0.000ns)
  Data Path Delay:        5.180ns  (logic 2.798ns (54.014%)  route 2.382ns (45.986%))
  Logic Levels:           6  (CARRY4=4 LUT2=1 LUT3=1)
  Clock Path Skew:        -0.039ns (DCD - SCD + CPR)
    Destination Clock Delay (DCD):    0.748ns = ( 10.748 - 10.000 ) 
    Source Clock Delay      (SCD):    0.787ns
    Clock Pessimism Removal (CPR):    0.000ns
  Clock Uncertainty:      0.035ns  ((TSJ^2 + TIJ^2)^1/2 + DJ) / 2 + PE
    Total System Jitter     (TSJ):    0.071ns
    Total Input Jitter      (TIJ):    0.000ns
    Discrete Jitter          (DJ):    0.000ns
    Phase Error              (PE):    0.000ns

    Location             Delay type                Incr(ns)  Path(ns)    Netlist Resource(s)
  -------------------------------------------------------------------    -------------------
                         (clock ap_clk rise edge)     0.000     0.000 r  
                                                      0.000     0.000 r  ap_clk (IN)
                         net (fo=7671, unset)         0.787     0.787    bd_0_i/hls_inst/inst/s6_U/U_fft_mdf_fifo_w129_d260_A_ram/ap_clk
                         RAMB36E1                                     r  bd_0_i/hls_inst/inst/s6_U/U_fft_mdf_fifo_w129_d260_A_ram/mem_reg_1/CLKARDCLK
  -------------------------------------------------------------------    -------------------
                         RAMB36E1 (Prop_ramb36e1_CLKARDCLK_DOBDO[9])
                                                      0.734     1.521 r  bd_0_i/hls_inst/inst/s6_U/U_fft_mdf_fifo_w129_d260_A_ram/mem_reg_1/DOBDO[9]
                         net (fo=3, unplaced)         0.646     2.167    bd_0_i/hls_inst/inst/Loop_VITIS_LOOP_95_1_proc717_U0/am_addmul_16s_16s_16s_31_4_1_U161/fft_mdf_am_addmul_16s_16s_16s_31_4_1_DSP48_3_U/mem_reg[17]
                         LUT2 (Prop_lut2_I1_O)        0.105     2.272 r  bd_0_i/hls_inst/inst/Loop_VITIS_LOOP_95_1_proc717_U0/am_addmul_16s_16s_16s_31_4_1_U161/fft_mdf_am_addmul_16s_16s_16s_31_4_1_DSP48_3_U/void_stage_fb_7_1_stream_mdf_word_t_0_stream_mdf_word_t_0_delay_im_7_0[2]_i_7/O
                         net (fo=1, unplaced)         0.000     2.272    bd_0_i/hls_inst/inst/Loop_VITIS_LOOP_95_1_proc717_U0/am_addmul_16s_16s_16s_31_4_1_U161/fft_mdf_am_addmul_16s_16s_16s_31_4_1_DSP48_3_U/void_stage_fb_7_1_stream_mdf_word_t_0_stream_mdf_word_t_0_delay_im_7_0[2]_i_7_n_9
                         CARRY4 (Prop_carry4_S[1]_CO[3])
                                                      0.457     2.729 r  bd_0_i/hls_inst/inst/Loop_VITIS_LOOP_95_1_proc717_U0/am_addmul_16s_16s_16s_31_4_1_U161/fft_mdf_am_addmul_16s_16s_16s_31_4_1_DSP48_3_U/void_stage_fb_7_1_stream_mdf_word_t_0_stream_mdf_word_t_0_delay_im_7_0_reg[2]_i_3/CO[3]
                         net (fo=1, unplaced)         0.008     2.737    bd_0_i/hls_inst/inst/Loop_VITIS_LOOP_95_1_proc717_U0/am_addmul_16s_16s_16s_31_4_1_U161/fft_mdf_am_addmul_16s_16s_16s_31_4_1_DSP48_3_U/void_stage_fb_7_1_stream_mdf_word_t_0_stream_mdf_word_t_0_delay_im_7_0_reg[2]_i_3_n_9
                         CARRY4 (Prop_carry4_CI_O[1])
                                                      0.277     3.014 r  bd_0_i/hls_inst/inst/Loop_VITIS_LOOP_95_1_proc717_U0/am_addmul_16s_16s_16s_31_4_1_U161/fft_mdf_am_addmul_16s_16s_16s_31_4_1_DSP48_3_U/void_stage_fb_7_1_stream_mdf_word_t_0_stream_mdf_word_t_0_delay_im_7_0_reg[6]_i_3/O[1]
                         net (fo=1, unplaced)         0.564     3.578    bd_0_i/hls_inst/inst/Loop_VITIS_LOOP_95_1_proc717_U0/am_addmul_16s_16s_16s_31_4_1_U161/fft_mdf_am_addmul_16s_16s_16s_31_4_1_DSP48_3_U/diff_im_3_fu_462_p2[5]
                         CARRY4 (Prop_carry4_S[1]_CO[3])
                                                      0.700     4.278 r  bd_0_i/hls_inst/inst/Loop_VITIS_LOOP_95_1_proc717_U0/am_addmul_16s_16s_16s_31_4_1_U161/fft_mdf_am_addmul_16s_16s_16s_31_4_1_DSP48_3_U/void_stage_fb_7_1_stream_mdf_word_t_0_stream_mdf_word_t_0_delay_im_7_0_reg[6]_i_2/CO[3]
                         net (fo=1, unplaced)         0.000     4.278    bd_0_i/hls_inst/inst/Loop_VITIS_LOOP_95_1_proc717_U0/am_addmul_16s_16s_16s_31_4_1_U161/fft_mdf_am_addmul_16s_16s_16s_31_4_1_DSP48_3_U/void_stage_fb_7_1_stream_mdf_word_t_0_stream_mdf_word_t_0_delay_im_7_0_reg[6]_i_2_n_9
                         CARRY4 (Prop_carry4_CI_O[3])
                                                      0.275     4.553 r  bd_0_i/hls_inst/inst/Loop_VITIS_LOOP_95_1_proc717_U0/am_addmul_16s_16s_16s_31_4_1_U161/fft_mdf_am_addmul_16s_16s_16s_31_4_1_DSP48_3_U/void_stage_fb_7_1_stream_mdf_word_t_0_stream_mdf_word_t_0_delay_im_7_0_reg[10]_i_2/O[3]
                         net (fo=1, unplaced)         0.519     5.072    bd_0_i/hls_inst/inst/Loop_VITIS_LOOP_95_1_proc717_U0/am_addmul_16s_16s_16s_31_4_1_U161/fft_mdf_am_addmul_16s_16s_16s_31_4_1_DSP48_3_U/add_ln53_13_fu_530_p2[11]
                         LUT3 (Prop_lut3_I0_O)        0.250     5.322 r  bd_0_i/hls_inst/inst/Loop_VITIS_LOOP_95_1_proc717_U0/am_addmul_16s_16s_16s_31_4_1_U161/fft_mdf_am_addmul_16s_16s_16s_31_4_1_DSP48_3_U/void_stage_fb_7_1_stream_mdf_word_t_0_stream_mdf_word_t_0_delay_im_7_0[10]_i_1/O
                         net (fo=3, unplaced)         0.646     5.967    bd_0_i/hls_inst/inst/Loop_VITIS_LOOP_95_1_proc717_U0/am_submul_16s_16s_16s_31_4_1_U162/fft_mdf_am_submul_16s_16s_16s_31_4_1_DSP48_4_U/p_reg_reg_0[10]
                         DSP48E1                                      r  bd_0_i/hls_inst/inst/Loop_VITIS_LOOP_95_1_proc717_U0/am_submul_16s_16s_16s_31_4_1_U162/fft_mdf_am_submul_16s_16s_16s_31_4_1_DSP48_4_U/p_reg_reg/A[10]
  -------------------------------------------------------------------    -------------------

                         (clock ap_clk rise edge)    10.000    10.000 r  
                                                      0.000    10.000 r  ap_clk (IN)
                         net (fo=7671, unset)         0.748    10.748    bd_0_i/hls_inst/inst/Loop_VITIS_LOOP_95_1_proc717_U0/am_submul_16s_16s_16s_31_4_1_U162/fft_mdf_am_submul_16s_16s_16s_31_4_1_DSP48_4_U/ap_clk
                         DSP48E1                                      r  bd_0_i/hls_inst/inst/Loop_VITIS_LOOP_95_1_proc717_U0/am_submul_16s_16s_16s_31_4_1_U162/fft_mdf_am_submul_16s_16s_16s_31_4_1_DSP48_4_U/p_reg_reg/CLK
                         clock pessimism              0.000    10.748    
                         clock uncertainty           -0.035    10.712    
                         DSP48E1 (Setup_dsp48e1_CLK_A[10])
                                                     -0.297    10.415    bd_0_i/hls_inst/inst/Loop_VITIS_LOOP_95_1_proc717_U0/am_submul_16s_16s_16s_31_4_1_U162/fft_mdf_am_submul_16s_16s_16s_31_4_1_DSP48_4_U/p_reg_reg
  -------------------------------------------------------------------
                         required time                         10.415    
                         arrival time                          -5.967    
  -------------------------------------------------------------------
                         slack                                  4.448    




