Copyright 1986-2022 Xilinx, Inc. All Rights Reserved. Copyright 2022-2023 Advanced Micro Devices, Inc. All Rights Reserved.
---------------------------------------------------------------------------------------------------------------------------------------------
| Tool Version : Vivado v.2023.2 (win64) Build 4029153 Fri Oct 13 20:14:34 MDT 2023
| Date         : Tue Jun 30 21:05:47 2026
| Host         : CHNtoumas running 64-bit major release  (build 9200)
| Command      : report_utilization -hierarchical -hierarchical_depth 7 -file ./report/fft_mdf_utilization_hierarchical_routed.rpt
| Design       : bd_0_wrapper
| Device       : xc7a200tfbg676-2
| Speed File   : -2
| Design State : Routed
---------------------------------------------------------------------------------------------------------------------------------------------

Utilization Design Information

Table of Contents
-----------------
1. Utilization by Hierarchy

1. Utilization by Hierarchy
---------------------------

+--------------------------------------------------------------------------------------------------------+---------------------------------------------------------------------------------------------------------------+------------+------------+---------+------+------+--------+--------+------------+
|                                                Instance                                                |                                                     Module                                                    | Total LUTs | Logic LUTs | LUTRAMs | SRLs |  FFs | RAMB36 | RAMB18 | DSP Blocks |
+--------------------------------------------------------------------------------------------------------+---------------------------------------------------------------------------------------------------------------+------------+------------+---------+------+------+--------+--------+------------+
| bd_0_wrapper                                                                                           |                                                                                                         (top) |       5477 |       5477 |       0 |    0 | 7348 |     32 |     80 |        114 |
|   bd_0_i                                                                                               |                                                                                                          bd_0 |       5477 |       5477 |       0 |    0 | 7348 |     32 |     80 |        114 |
|     hls_inst                                                                                           |                                                                                               bd_0_hls_inst_0 |       5477 |       5477 |       0 |    0 | 7348 |     32 |     80 |        114 |
|       (hls_inst)                                                                                       |                                                                                               bd_0_hls_inst_0 |          0 |          0 |       0 |    0 |    0 |      0 |      0 |          0 |
|       inst                                                                                             |                                                                                       bd_0_hls_inst_0_fft_mdf |       5477 |       5477 |       0 |    0 | 7348 |     32 |     80 |        114 |
|         (inst)                                                                                         |                                                                                       bd_0_hls_inst_0_fft_mdf |          0 |          0 |       0 |    0 |    3 |      0 |      2 |          0 |
|         Block_ZL8stage_nfILi1EEvRN3hls6streamI10mdf_word_tLi0EEES4_exit_proc20_U0                      |                bd_0_hls_inst_0_fft_mdf_Block_ZL8stage_nfILi1EEvRN3hls6streamI10mdf_word_tLi0EEES4_exit_proc20 |         35 |         35 |       0 |    0 |   50 |      0 |      0 |          0 |
|           (Block_ZL8stage_nfILi1EEvRN3hls6streamI10mdf_word_tLi0EEES4_exit_proc20_U0)                  |                bd_0_hls_inst_0_fft_mdf_Block_ZL8stage_nfILi1EEvRN3hls6streamI10mdf_word_tLi0EEES4_exit_proc20 |          1 |          1 |       0 |    0 |    6 |      0 |      0 |          0 |
|           grp_Block_ZL8stage_nfILi1EEvRN3hls6streamI10mdf_word_tLi0EEES4_exit_proc20_Pipelin_fu_26     |        bd_0_hls_inst_0_fft_mdf_Block_ZL8stage_nfILi1EEvRN3hls6streamI10mdf_word_tLi0EEES4_exit_proc20_Pipelin |         34 |         34 |       0 |    0 |   44 |      0 |      0 |          0 |
|             (grp_Block_ZL8stage_nfILi1EEvRN3hls6streamI10mdf_word_tLi0EEES4_exit_proc20_Pipelin_fu_26) |        bd_0_hls_inst_0_fft_mdf_Block_ZL8stage_nfILi1EEvRN3hls6streamI10mdf_word_tLi0EEES4_exit_proc20_Pipelin |         15 |         15 |       0 |    0 |   42 |      0 |      0 |          0 |
|             flow_control_loop_pipe_sequential_init_U                                                   |                                                bd_0_hls_inst_0_fft_mdf_flow_control_loop_pipe_sequential_init |         19 |         19 |       0 |    0 |    2 |      0 |      0 |          0 |
|         Loop_VITIS_LOOP_168_1_proc18_U0                                                                |                                                          bd_0_hls_inst_0_fft_mdf_Loop_VITIS_LOOP_168_1_proc18 |         39 |         39 |       0 |    0 |  160 |      0 |      0 |          0 |
|           (Loop_VITIS_LOOP_168_1_proc18_U0)                                                            |                                                          bd_0_hls_inst_0_fft_mdf_Loop_VITIS_LOOP_168_1_proc18 |         25 |         25 |       0 |    0 |  159 |      0 |      0 |          0 |
|           flow_control_loop_pipe_U                                                                     |                                                            bd_0_hls_inst_0_fft_mdf_flow_control_loop_pipe_200 |         15 |         15 |       0 |    0 |    1 |      0 |      0 |          0 |
|         Loop_VITIS_LOOP_168_1_proc819_U0                                                               |                                                         bd_0_hls_inst_0_fft_mdf_Loop_VITIS_LOOP_168_1_proc819 |         39 |         39 |       0 |    0 |  160 |      0 |      0 |          0 |
|           (Loop_VITIS_LOOP_168_1_proc819_U0)                                                           |                                                         bd_0_hls_inst_0_fft_mdf_Loop_VITIS_LOOP_168_1_proc819 |         25 |         25 |       0 |    0 |  159 |      0 |      0 |          0 |
|           flow_control_loop_pipe_U                                                                     |                                                            bd_0_hls_inst_0_fft_mdf_flow_control_loop_pipe_199 |         15 |         15 |       0 |    0 |    1 |      0 |      0 |          0 |
|         Loop_VITIS_LOOP_95_1_proc10_U0                                                                 |                                                           bd_0_hls_inst_0_fft_mdf_Loop_VITIS_LOOP_95_1_proc10 |        529 |        529 |       0 |    0 |  738 |      0 |     12 |         16 |
|           (Loop_VITIS_LOOP_95_1_proc10_U0)                                                             |                                                           bd_0_hls_inst_0_fft_mdf_Loop_VITIS_LOOP_95_1_proc10 |         26 |         26 |       0 |    0 |  735 |      0 |      0 |          4 |
|           TW_COS_LUT25_U                                                                               |                              bd_0_hls_inst_0_fft_mdf_Loop_VITIS_LOOP_95_1_proc10_TW_COS_LUT25_ROM_AUTO_1R_173 |         64 |         64 |       0 |    0 |    2 |      0 |      2 |          0 |
|           TW_SIN_LUT30_U                                                                               |                              bd_0_hls_inst_0_fft_mdf_Loop_VITIS_LOOP_95_1_proc10_TW_SIN_LUT30_ROM_AUTO_1R_174 |         72 |         72 |       0 |    0 |    0 |      0 |      2 |          0 |
|           flow_control_loop_pipe_U                                                                     |                                                            bd_0_hls_inst_0_fft_mdf_flow_control_loop_pipe_175 |         20 |         20 |       0 |    0 |    1 |      0 |      0 |          0 |
|           mac_muladd_16s_16s_31s_31_4_1_U24                                                            |                                                     bd_0_hls_inst_0_fft_mdf_mac_muladd_16s_16s_31s_31_4_1_176 |         16 |         16 |       0 |    0 |    0 |      0 |      0 |          2 |
|             fft_mdf_mac_muladd_16s_16s_31s_31_4_1_DSP48_0_U                                            |                                             bd_0_hls_inst_0_fft_mdf_mac_muladd_16s_16s_31s_31_4_1_DSP48_0_198 |         16 |         16 |       0 |    0 |    0 |      0 |      0 |          2 |
|           mac_muladd_16s_16s_31s_31_4_1_U26                                                            |                                                     bd_0_hls_inst_0_fft_mdf_mac_muladd_16s_16s_31s_31_4_1_177 |         16 |         16 |       0 |    0 |    0 |      0 |      0 |          2 |
|             fft_mdf_mac_muladd_16s_16s_31s_31_4_1_DSP48_0_U                                            |                                             bd_0_hls_inst_0_fft_mdf_mac_muladd_16s_16s_31s_31_4_1_DSP48_0_197 |         16 |         16 |       0 |    0 |    0 |      0 |      0 |          2 |
|           mac_muladd_16s_16s_31s_31_4_1_U28                                                            |                                                     bd_0_hls_inst_0_fft_mdf_mac_muladd_16s_16s_31s_31_4_1_178 |         16 |         16 |       0 |    0 |    0 |      0 |      0 |          2 |
|             fft_mdf_mac_muladd_16s_16s_31s_31_4_1_DSP48_0_U                                            |                                             bd_0_hls_inst_0_fft_mdf_mac_muladd_16s_16s_31s_31_4_1_DSP48_0_196 |         16 |         16 |       0 |    0 |    0 |      0 |      0 |          2 |
|           mac_muladd_16s_16s_31s_31_4_1_U30                                                            |                                                     bd_0_hls_inst_0_fft_mdf_mac_muladd_16s_16s_31s_31_4_1_179 |         18 |         18 |       0 |    0 |    0 |      0 |      0 |          2 |
|             fft_mdf_mac_muladd_16s_16s_31s_31_4_1_DSP48_0_U                                            |                                             bd_0_hls_inst_0_fft_mdf_mac_muladd_16s_16s_31s_31_4_1_DSP48_0_195 |         18 |         18 |       0 |    0 |    0 |      0 |      0 |          2 |
|           mac_mulsub_16s_16s_31s_31_4_1_U25                                                            |                                                     bd_0_hls_inst_0_fft_mdf_mac_mulsub_16s_16s_31s_31_4_1_180 |         16 |         16 |       0 |    0 |    0 |      0 |      0 |          1 |
|             fft_mdf_mac_mulsub_16s_16s_31s_31_4_1_DSP48_1_U                                            |                                             bd_0_hls_inst_0_fft_mdf_mac_mulsub_16s_16s_31s_31_4_1_DSP48_1_194 |         16 |         16 |       0 |    0 |    0 |      0 |      0 |          1 |
|           mac_mulsub_16s_16s_31s_31_4_1_U27                                                            |                                                     bd_0_hls_inst_0_fft_mdf_mac_mulsub_16s_16s_31s_31_4_1_181 |         16 |         16 |       0 |    0 |    0 |      0 |      0 |          1 |
|             fft_mdf_mac_mulsub_16s_16s_31s_31_4_1_DSP48_1_U                                            |                                             bd_0_hls_inst_0_fft_mdf_mac_mulsub_16s_16s_31s_31_4_1_DSP48_1_193 |         16 |         16 |       0 |    0 |    0 |      0 |      0 |          1 |
|           mac_mulsub_16s_16s_31s_31_4_1_U29                                                            |                                                     bd_0_hls_inst_0_fft_mdf_mac_mulsub_16s_16s_31s_31_4_1_182 |         16 |         16 |       0 |    0 |    0 |      0 |      0 |          1 |
|             fft_mdf_mac_mulsub_16s_16s_31s_31_4_1_DSP48_1_U                                            |                                             bd_0_hls_inst_0_fft_mdf_mac_mulsub_16s_16s_31s_31_4_1_DSP48_1_192 |         16 |         16 |       0 |    0 |    0 |      0 |      0 |          1 |
|           mac_mulsub_16s_16s_31s_31_4_1_U31                                                            |                                                     bd_0_hls_inst_0_fft_mdf_mac_mulsub_16s_16s_31s_31_4_1_183 |         16 |         16 |       0 |    0 |    0 |      0 |      0 |          1 |
|             fft_mdf_mac_mulsub_16s_16s_31s_31_4_1_DSP48_1_U                                            |                                             bd_0_hls_inst_0_fft_mdf_mac_mulsub_16s_16s_31s_31_4_1_DSP48_1_191 |         16 |         16 |       0 |    0 |    0 |      0 |      0 |          1 |
|           void_stage_fb_0_128_stream_mdf_word_t_0_stream_mdf_word_t_0_delay_im_47_U                    |      bd_0_hls_inst_0_fft_mdf_Loop_VITIS_LOOP_95_1_proc10_void_stage_fb_0_128_stream_mdf_word_t_0_stream_mdbkb |         35 |         35 |       0 |    0 |    0 |      0 |      1 |          0 |
|           void_stage_fb_0_128_stream_mdf_word_t_0_stream_mdf_word_t_0_delay_im_48_U                    |  bd_0_hls_inst_0_fft_mdf_Loop_VITIS_LOOP_95_1_proc10_void_stage_fb_0_128_stream_mdf_word_t_0_stream_mdbkb_184 |         35 |         35 |       0 |    0 |    0 |      0 |      1 |          0 |
|           void_stage_fb_0_128_stream_mdf_word_t_0_stream_mdf_word_t_0_delay_im_49_U                    |  bd_0_hls_inst_0_fft_mdf_Loop_VITIS_LOOP_95_1_proc10_void_stage_fb_0_128_stream_mdf_word_t_0_stream_mdbkb_185 |         39 |         39 |       0 |    0 |    0 |      0 |      1 |          0 |
|           void_stage_fb_0_128_stream_mdf_word_t_0_stream_mdf_word_t_0_delay_im_U                       |  bd_0_hls_inst_0_fft_mdf_Loop_VITIS_LOOP_95_1_proc10_void_stage_fb_0_128_stream_mdf_word_t_0_stream_mdbkb_186 |         35 |         35 |       0 |    0 |    0 |      0 |      1 |          0 |
|           void_stage_fb_0_128_stream_mdf_word_t_0_stream_mdf_word_t_0_delay_re_44_U                    |  bd_0_hls_inst_0_fft_mdf_Loop_VITIS_LOOP_95_1_proc10_void_stage_fb_0_128_stream_mdf_word_t_0_stream_mdbkb_187 |         35 |         35 |       0 |    0 |    0 |      0 |      1 |          0 |
|           void_stage_fb_0_128_stream_mdf_word_t_0_stream_mdf_word_t_0_delay_re_45_U                    |  bd_0_hls_inst_0_fft_mdf_Loop_VITIS_LOOP_95_1_proc10_void_stage_fb_0_128_stream_mdf_word_t_0_stream_mdbkb_188 |         35 |         35 |       0 |    0 |    0 |      0 |      1 |          0 |
|           void_stage_fb_0_128_stream_mdf_word_t_0_stream_mdf_word_t_0_delay_re_46_U                    |  bd_0_hls_inst_0_fft_mdf_Loop_VITIS_LOOP_95_1_proc10_void_stage_fb_0_128_stream_mdf_word_t_0_stream_mdbkb_189 |         35 |         35 |       0 |    0 |    0 |      0 |      1 |          0 |
|           void_stage_fb_0_128_stream_mdf_word_t_0_stream_mdf_word_t_0_delay_re_U                       |  bd_0_hls_inst_0_fft_mdf_Loop_VITIS_LOOP_95_1_proc10_void_stage_fb_0_128_stream_mdf_word_t_0_stream_mdbkb_190 |         35 |         35 |       0 |    0 |    0 |      0 |      1 |          0 |
|         Loop_VITIS_LOOP_95_1_proc111_U0                                                                |                                                          bd_0_hls_inst_0_fft_mdf_Loop_VITIS_LOOP_95_1_proc111 |        527 |        527 |       0 |    0 |  735 |      0 |     12 |         16 |
|           (Loop_VITIS_LOOP_95_1_proc111_U0)                                                            |                                                          bd_0_hls_inst_0_fft_mdf_Loop_VITIS_LOOP_95_1_proc111 |         26 |         26 |       0 |    0 |  732 |      0 |      0 |          4 |
|           TW_COS_LUT24_U                                                                               |                              bd_0_hls_inst_0_fft_mdf_Loop_VITIS_LOOP_95_1_proc10_TW_COS_LUT25_ROM_AUTO_1R_147 |         64 |         64 |       0 |    0 |    2 |      0 |      2 |          0 |
|           TW_SIN_LUT29_U                                                                               |                              bd_0_hls_inst_0_fft_mdf_Loop_VITIS_LOOP_95_1_proc10_TW_SIN_LUT30_ROM_AUTO_1R_148 |         70 |         70 |       0 |    0 |    0 |      0 |      2 |          0 |
|           flow_control_loop_pipe_U                                                                     |                                                            bd_0_hls_inst_0_fft_mdf_flow_control_loop_pipe_149 |         19 |         19 |       0 |    0 |    1 |      0 |      0 |          0 |
|           mac_muladd_16s_16s_31s_31_4_1_U48                                                            |                                                     bd_0_hls_inst_0_fft_mdf_mac_muladd_16s_16s_31s_31_4_1_150 |         16 |         16 |       0 |    0 |    0 |      0 |      0 |          2 |
|             fft_mdf_mac_muladd_16s_16s_31s_31_4_1_DSP48_0_U                                            |                                             bd_0_hls_inst_0_fft_mdf_mac_muladd_16s_16s_31s_31_4_1_DSP48_0_172 |         16 |         16 |       0 |    0 |    0 |      0 |      0 |          2 |
|           mac_muladd_16s_16s_31s_31_4_1_U50                                                            |                                                     bd_0_hls_inst_0_fft_mdf_mac_muladd_16s_16s_31s_31_4_1_151 |         16 |         16 |       0 |    0 |    0 |      0 |      0 |          2 |
|             fft_mdf_mac_muladd_16s_16s_31s_31_4_1_DSP48_0_U                                            |                                             bd_0_hls_inst_0_fft_mdf_mac_muladd_16s_16s_31s_31_4_1_DSP48_0_171 |         16 |         16 |       0 |    0 |    0 |      0 |      0 |          2 |
|           mac_muladd_16s_16s_31s_31_4_1_U52                                                            |                                                     bd_0_hls_inst_0_fft_mdf_mac_muladd_16s_16s_31s_31_4_1_152 |         16 |         16 |       0 |    0 |    0 |      0 |      0 |          2 |
|             fft_mdf_mac_muladd_16s_16s_31s_31_4_1_DSP48_0_U                                            |                                             bd_0_hls_inst_0_fft_mdf_mac_muladd_16s_16s_31s_31_4_1_DSP48_0_170 |         16 |         16 |       0 |    0 |    0 |      0 |      0 |          2 |
|           mac_muladd_16s_16s_31s_31_4_1_U54                                                            |                                                     bd_0_hls_inst_0_fft_mdf_mac_muladd_16s_16s_31s_31_4_1_153 |         18 |         18 |       0 |    0 |    0 |      0 |      0 |          2 |
|             fft_mdf_mac_muladd_16s_16s_31s_31_4_1_DSP48_0_U                                            |                                             bd_0_hls_inst_0_fft_mdf_mac_muladd_16s_16s_31s_31_4_1_DSP48_0_169 |         18 |         18 |       0 |    0 |    0 |      0 |      0 |          2 |
|           mac_mulsub_16s_16s_31s_31_4_1_U49                                                            |                                                     bd_0_hls_inst_0_fft_mdf_mac_mulsub_16s_16s_31s_31_4_1_154 |         16 |         16 |       0 |    0 |    0 |      0 |      0 |          1 |
|             fft_mdf_mac_mulsub_16s_16s_31s_31_4_1_DSP48_1_U                                            |                                             bd_0_hls_inst_0_fft_mdf_mac_mulsub_16s_16s_31s_31_4_1_DSP48_1_168 |         16 |         16 |       0 |    0 |    0 |      0 |      0 |          1 |
|           mac_mulsub_16s_16s_31s_31_4_1_U51                                                            |                                                     bd_0_hls_inst_0_fft_mdf_mac_mulsub_16s_16s_31s_31_4_1_155 |         16 |         16 |       0 |    0 |    0 |      0 |      0 |          1 |
|             fft_mdf_mac_mulsub_16s_16s_31s_31_4_1_DSP48_1_U                                            |                                             bd_0_hls_inst_0_fft_mdf_mac_mulsub_16s_16s_31s_31_4_1_DSP48_1_167 |         16 |         16 |       0 |    0 |    0 |      0 |      0 |          1 |
|           mac_mulsub_16s_16s_31s_31_4_1_U53                                                            |                                                     bd_0_hls_inst_0_fft_mdf_mac_mulsub_16s_16s_31s_31_4_1_156 |         16 |         16 |       0 |    0 |    0 |      0 |      0 |          1 |
|             fft_mdf_mac_mulsub_16s_16s_31s_31_4_1_DSP48_1_U                                            |                                             bd_0_hls_inst_0_fft_mdf_mac_mulsub_16s_16s_31s_31_4_1_DSP48_1_166 |         16 |         16 |       0 |    0 |    0 |      0 |      0 |          1 |
|           mac_mulsub_16s_16s_31s_31_4_1_U55                                                            |                                                     bd_0_hls_inst_0_fft_mdf_mac_mulsub_16s_16s_31s_31_4_1_157 |         16 |         16 |       0 |    0 |    0 |      0 |      0 |          1 |
|             fft_mdf_mac_mulsub_16s_16s_31s_31_4_1_DSP48_1_U                                            |                                             bd_0_hls_inst_0_fft_mdf_mac_mulsub_16s_16s_31s_31_4_1_DSP48_1_165 |         16 |         16 |       0 |    0 |    0 |      0 |      0 |          1 |
|           void_stage_fb_1_64_stream_mdf_word_t_0_stream_mdf_word_t_0_delay_im_41_U                     |      bd_0_hls_inst_0_fft_mdf_Loop_VITIS_LOOP_95_1_proc111_void_stage_fb_1_64_stream_mdf_word_t_0_stream_mdjbC |         35 |         35 |       0 |    0 |    0 |      0 |      1 |          0 |
|           void_stage_fb_1_64_stream_mdf_word_t_0_stream_mdf_word_t_0_delay_im_42_U                     |  bd_0_hls_inst_0_fft_mdf_Loop_VITIS_LOOP_95_1_proc111_void_stage_fb_1_64_stream_mdf_word_t_0_stream_mdjbC_158 |         35 |         35 |       0 |    0 |    0 |      0 |      1 |          0 |
|           void_stage_fb_1_64_stream_mdf_word_t_0_stream_mdf_word_t_0_delay_im_43_U                     |  bd_0_hls_inst_0_fft_mdf_Loop_VITIS_LOOP_95_1_proc111_void_stage_fb_1_64_stream_mdf_word_t_0_stream_mdjbC_159 |         39 |         39 |       0 |    0 |    0 |      0 |      1 |          0 |
|           void_stage_fb_1_64_stream_mdf_word_t_0_stream_mdf_word_t_0_delay_im_U                        |  bd_0_hls_inst_0_fft_mdf_Loop_VITIS_LOOP_95_1_proc111_void_stage_fb_1_64_stream_mdf_word_t_0_stream_mdjbC_160 |         35 |         35 |       0 |    0 |    0 |      0 |      1 |          0 |
|           void_stage_fb_1_64_stream_mdf_word_t_0_stream_mdf_word_t_0_delay_re_38_U                     |  bd_0_hls_inst_0_fft_mdf_Loop_VITIS_LOOP_95_1_proc111_void_stage_fb_1_64_stream_mdf_word_t_0_stream_mdjbC_161 |         35 |         35 |       0 |    0 |    0 |      0 |      1 |          0 |
|           void_stage_fb_1_64_stream_mdf_word_t_0_stream_mdf_word_t_0_delay_re_39_U                     |  bd_0_hls_inst_0_fft_mdf_Loop_VITIS_LOOP_95_1_proc111_void_stage_fb_1_64_stream_mdf_word_t_0_stream_mdjbC_162 |         35 |         35 |       0 |    0 |    0 |      0 |      1 |          0 |
|           void_stage_fb_1_64_stream_mdf_word_t_0_stream_mdf_word_t_0_delay_re_40_U                     |  bd_0_hls_inst_0_fft_mdf_Loop_VITIS_LOOP_95_1_proc111_void_stage_fb_1_64_stream_mdf_word_t_0_stream_mdjbC_163 |         35 |         35 |       0 |    0 |    0 |      0 |      1 |          0 |
|           void_stage_fb_1_64_stream_mdf_word_t_0_stream_mdf_word_t_0_delay_re_U                        |  bd_0_hls_inst_0_fft_mdf_Loop_VITIS_LOOP_95_1_proc111_void_stage_fb_1_64_stream_mdf_word_t_0_stream_mdjbC_164 |         35 |         35 |       0 |    0 |    0 |      0 |      1 |          0 |
|         Loop_VITIS_LOOP_95_1_proc212_U0                                                                |                                                          bd_0_hls_inst_0_fft_mdf_Loop_VITIS_LOOP_95_1_proc212 |        510 |        510 |       0 |    0 |  700 |      0 |     12 |         16 |
|           (Loop_VITIS_LOOP_95_1_proc212_U0)                                                            |                                                          bd_0_hls_inst_0_fft_mdf_Loop_VITIS_LOOP_95_1_proc212 |        145 |        145 |       0 |    0 |  697 |      0 |      0 |          4 |
|           TW_COS_LUT23_U                                                                               |                              bd_0_hls_inst_0_fft_mdf_Loop_VITIS_LOOP_95_1_proc10_TW_COS_LUT25_ROM_AUTO_1R_121 |         64 |         64 |       0 |    0 |    2 |      0 |      2 |          0 |
|           TW_SIN_LUT28_U                                                                               |                              bd_0_hls_inst_0_fft_mdf_Loop_VITIS_LOOP_95_1_proc10_TW_SIN_LUT30_ROM_AUTO_1R_122 |         69 |         69 |       0 |    0 |    0 |      0 |      2 |          0 |
|           flow_control_loop_pipe_U                                                                     |                                                            bd_0_hls_inst_0_fft_mdf_flow_control_loop_pipe_123 |         19 |         19 |       0 |    0 |    1 |      0 |      0 |          0 |
|           mac_muladd_16s_16s_31s_31_4_1_U67                                                            |                                                     bd_0_hls_inst_0_fft_mdf_mac_muladd_16s_16s_31s_31_4_1_124 |         16 |         16 |       0 |    0 |    0 |      0 |      0 |          2 |
|             fft_mdf_mac_muladd_16s_16s_31s_31_4_1_DSP48_0_U                                            |                                             bd_0_hls_inst_0_fft_mdf_mac_muladd_16s_16s_31s_31_4_1_DSP48_0_146 |         16 |         16 |       0 |    0 |    0 |      0 |      0 |          2 |
|           mac_muladd_16s_16s_31s_31_4_1_U69                                                            |                                                     bd_0_hls_inst_0_fft_mdf_mac_muladd_16s_16s_31s_31_4_1_125 |         16 |         16 |       0 |    0 |    0 |      0 |      0 |          2 |
|             fft_mdf_mac_muladd_16s_16s_31s_31_4_1_DSP48_0_U                                            |                                             bd_0_hls_inst_0_fft_mdf_mac_muladd_16s_16s_31s_31_4_1_DSP48_0_145 |         16 |         16 |       0 |    0 |    0 |      0 |      0 |          2 |
|           mac_muladd_16s_16s_31s_31_4_1_U71                                                            |                                                     bd_0_hls_inst_0_fft_mdf_mac_muladd_16s_16s_31s_31_4_1_126 |         16 |         16 |       0 |    0 |    0 |      0 |      0 |          2 |
|             fft_mdf_mac_muladd_16s_16s_31s_31_4_1_DSP48_0_U                                            |                                             bd_0_hls_inst_0_fft_mdf_mac_muladd_16s_16s_31s_31_4_1_DSP48_0_144 |         16 |         16 |       0 |    0 |    0 |      0 |      0 |          2 |
|           mac_muladd_16s_16s_31s_31_4_1_U73                                                            |                                                     bd_0_hls_inst_0_fft_mdf_mac_muladd_16s_16s_31s_31_4_1_127 |         18 |         18 |       0 |    0 |    0 |      0 |      0 |          2 |
|             fft_mdf_mac_muladd_16s_16s_31s_31_4_1_DSP48_0_U                                            |                                             bd_0_hls_inst_0_fft_mdf_mac_muladd_16s_16s_31s_31_4_1_DSP48_0_143 |         18 |         18 |       0 |    0 |    0 |      0 |      0 |          2 |
|           mac_mulsub_16s_16s_31s_31_4_1_U68                                                            |                                                     bd_0_hls_inst_0_fft_mdf_mac_mulsub_16s_16s_31s_31_4_1_128 |         16 |         16 |       0 |    0 |    0 |      0 |      0 |          1 |
|             fft_mdf_mac_mulsub_16s_16s_31s_31_4_1_DSP48_1_U                                            |                                             bd_0_hls_inst_0_fft_mdf_mac_mulsub_16s_16s_31s_31_4_1_DSP48_1_142 |         16 |         16 |       0 |    0 |    0 |      0 |      0 |          1 |
|           mac_mulsub_16s_16s_31s_31_4_1_U70                                                            |                                                     bd_0_hls_inst_0_fft_mdf_mac_mulsub_16s_16s_31s_31_4_1_129 |         16 |         16 |       0 |    0 |    0 |      0 |      0 |          1 |
|             fft_mdf_mac_mulsub_16s_16s_31s_31_4_1_DSP48_1_U                                            |                                             bd_0_hls_inst_0_fft_mdf_mac_mulsub_16s_16s_31s_31_4_1_DSP48_1_141 |         16 |         16 |       0 |    0 |    0 |      0 |      0 |          1 |
|           mac_mulsub_16s_16s_31s_31_4_1_U72                                                            |                                                     bd_0_hls_inst_0_fft_mdf_mac_mulsub_16s_16s_31s_31_4_1_130 |         16 |         16 |       0 |    0 |    0 |      0 |      0 |          1 |
|             fft_mdf_mac_mulsub_16s_16s_31s_31_4_1_DSP48_1_U                                            |                                             bd_0_hls_inst_0_fft_mdf_mac_mulsub_16s_16s_31s_31_4_1_DSP48_1_140 |         16 |         16 |       0 |    0 |    0 |      0 |      0 |          1 |
|           mac_mulsub_16s_16s_31s_31_4_1_U74                                                            |                                                     bd_0_hls_inst_0_fft_mdf_mac_mulsub_16s_16s_31s_31_4_1_131 |         16 |         16 |       0 |    0 |    0 |      0 |      0 |          1 |
|             fft_mdf_mac_mulsub_16s_16s_31s_31_4_1_DSP48_1_U                                            |                                             bd_0_hls_inst_0_fft_mdf_mac_mulsub_16s_16s_31s_31_4_1_DSP48_1_139 |         16 |         16 |       0 |    0 |    0 |      0 |      0 |          1 |
|           void_stage_fb_2_32_stream_mdf_word_t_0_stream_mdf_word_t_0_delay_im_35_U                     |      bd_0_hls_inst_0_fft_mdf_Loop_VITIS_LOOP_95_1_proc212_void_stage_fb_2_32_stream_mdf_word_t_0_stream_mdrcU |         18 |         18 |       0 |    0 |    0 |      0 |      1 |          0 |
|           void_stage_fb_2_32_stream_mdf_word_t_0_stream_mdf_word_t_0_delay_im_36_U                     |  bd_0_hls_inst_0_fft_mdf_Loop_VITIS_LOOP_95_1_proc212_void_stage_fb_2_32_stream_mdf_word_t_0_stream_mdrcU_132 |         18 |         18 |       0 |    0 |    0 |      0 |      1 |          0 |
|           void_stage_fb_2_32_stream_mdf_word_t_0_stream_mdf_word_t_0_delay_im_37_U                     |  bd_0_hls_inst_0_fft_mdf_Loop_VITIS_LOOP_95_1_proc212_void_stage_fb_2_32_stream_mdf_word_t_0_stream_mdrcU_133 |         22 |         22 |       0 |    0 |    0 |      0 |      1 |          0 |
|           void_stage_fb_2_32_stream_mdf_word_t_0_stream_mdf_word_t_0_delay_im_U                        |  bd_0_hls_inst_0_fft_mdf_Loop_VITIS_LOOP_95_1_proc212_void_stage_fb_2_32_stream_mdf_word_t_0_stream_mdrcU_134 |         18 |         18 |       0 |    0 |    0 |      0 |      1 |          0 |
|           void_stage_fb_2_32_stream_mdf_word_t_0_stream_mdf_word_t_0_delay_re_32_U                     |  bd_0_hls_inst_0_fft_mdf_Loop_VITIS_LOOP_95_1_proc212_void_stage_fb_2_32_stream_mdf_word_t_0_stream_mdrcU_135 |         18 |         18 |       0 |    0 |    0 |      0 |      1 |          0 |
|           void_stage_fb_2_32_stream_mdf_word_t_0_stream_mdf_word_t_0_delay_re_33_U                     |  bd_0_hls_inst_0_fft_mdf_Loop_VITIS_LOOP_95_1_proc212_void_stage_fb_2_32_stream_mdf_word_t_0_stream_mdrcU_136 |         18 |         18 |       0 |    0 |    0 |      0 |      1 |          0 |
|           void_stage_fb_2_32_stream_mdf_word_t_0_stream_mdf_word_t_0_delay_re_34_U                     |  bd_0_hls_inst_0_fft_mdf_Loop_VITIS_LOOP_95_1_proc212_void_stage_fb_2_32_stream_mdf_word_t_0_stream_mdrcU_137 |         18 |         18 |       0 |    0 |    0 |      0 |      1 |          0 |
|           void_stage_fb_2_32_stream_mdf_word_t_0_stream_mdf_word_t_0_delay_re_U                        |  bd_0_hls_inst_0_fft_mdf_Loop_VITIS_LOOP_95_1_proc212_void_stage_fb_2_32_stream_mdf_word_t_0_stream_mdrcU_138 |         18 |         18 |       0 |    0 |    0 |      0 |      1 |          0 |
|         Loop_VITIS_LOOP_95_1_proc313_U0                                                                |                                                          bd_0_hls_inst_0_fft_mdf_Loop_VITIS_LOOP_95_1_proc313 |        509 |        509 |       0 |    0 |  697 |      0 |     12 |         16 |
|           (Loop_VITIS_LOOP_95_1_proc313_U0)                                                            |                                                          bd_0_hls_inst_0_fft_mdf_Loop_VITIS_LOOP_95_1_proc313 |        145 |        145 |       0 |    0 |  694 |      0 |      0 |          4 |
|           TW_COS_LUT22_U                                                                               |                               bd_0_hls_inst_0_fft_mdf_Loop_VITIS_LOOP_95_1_proc10_TW_COS_LUT25_ROM_AUTO_1R_95 |         64 |         64 |       0 |    0 |    2 |      0 |      2 |          0 |
|           TW_SIN_LUT27_U                                                                               |                               bd_0_hls_inst_0_fft_mdf_Loop_VITIS_LOOP_95_1_proc10_TW_SIN_LUT30_ROM_AUTO_1R_96 |         68 |         68 |       0 |    0 |    0 |      0 |      2 |          0 |
|           flow_control_loop_pipe_U                                                                     |                                                             bd_0_hls_inst_0_fft_mdf_flow_control_loop_pipe_97 |         19 |         19 |       0 |    0 |    1 |      0 |      0 |          0 |
|           mac_muladd_16s_16s_31s_31_4_1_U86                                                            |                                                      bd_0_hls_inst_0_fft_mdf_mac_muladd_16s_16s_31s_31_4_1_98 |         16 |         16 |       0 |    0 |    0 |      0 |      0 |          2 |
|             fft_mdf_mac_muladd_16s_16s_31s_31_4_1_DSP48_0_U                                            |                                             bd_0_hls_inst_0_fft_mdf_mac_muladd_16s_16s_31s_31_4_1_DSP48_0_120 |         16 |         16 |       0 |    0 |    0 |      0 |      0 |          2 |
|           mac_muladd_16s_16s_31s_31_4_1_U88                                                            |                                                      bd_0_hls_inst_0_fft_mdf_mac_muladd_16s_16s_31s_31_4_1_99 |         16 |         16 |       0 |    0 |    0 |      0 |      0 |          2 |
|             fft_mdf_mac_muladd_16s_16s_31s_31_4_1_DSP48_0_U                                            |                                             bd_0_hls_inst_0_fft_mdf_mac_muladd_16s_16s_31s_31_4_1_DSP48_0_119 |         16 |         16 |       0 |    0 |    0 |      0 |      0 |          2 |
|           mac_muladd_16s_16s_31s_31_4_1_U90                                                            |                                                     bd_0_hls_inst_0_fft_mdf_mac_muladd_16s_16s_31s_31_4_1_100 |         16 |         16 |       0 |    0 |    0 |      0 |      0 |          2 |
|             fft_mdf_mac_muladd_16s_16s_31s_31_4_1_DSP48_0_U                                            |                                             bd_0_hls_inst_0_fft_mdf_mac_muladd_16s_16s_31s_31_4_1_DSP48_0_118 |         16 |         16 |       0 |    0 |    0 |      0 |      0 |          2 |
|           mac_muladd_16s_16s_31s_31_4_1_U92                                                            |                                                     bd_0_hls_inst_0_fft_mdf_mac_muladd_16s_16s_31s_31_4_1_101 |         18 |         18 |       0 |    0 |    0 |      0 |      0 |          2 |
|             fft_mdf_mac_muladd_16s_16s_31s_31_4_1_DSP48_0_U                                            |                                             bd_0_hls_inst_0_fft_mdf_mac_muladd_16s_16s_31s_31_4_1_DSP48_0_117 |         18 |         18 |       0 |    0 |    0 |      0 |      0 |          2 |
|           mac_mulsub_16s_16s_31s_31_4_1_U87                                                            |                                                     bd_0_hls_inst_0_fft_mdf_mac_mulsub_16s_16s_31s_31_4_1_102 |         16 |         16 |       0 |    0 |    0 |      0 |      0 |          1 |
|             fft_mdf_mac_mulsub_16s_16s_31s_31_4_1_DSP48_1_U                                            |                                             bd_0_hls_inst_0_fft_mdf_mac_mulsub_16s_16s_31s_31_4_1_DSP48_1_116 |         16 |         16 |       0 |    0 |    0 |      0 |      0 |          1 |
|           mac_mulsub_16s_16s_31s_31_4_1_U89                                                            |                                                     bd_0_hls_inst_0_fft_mdf_mac_mulsub_16s_16s_31s_31_4_1_103 |         16 |         16 |       0 |    0 |    0 |      0 |      0 |          1 |
|             fft_mdf_mac_mulsub_16s_16s_31s_31_4_1_DSP48_1_U                                            |                                             bd_0_hls_inst_0_fft_mdf_mac_mulsub_16s_16s_31s_31_4_1_DSP48_1_115 |         16 |         16 |       0 |    0 |    0 |      0 |      0 |          1 |
|           mac_mulsub_16s_16s_31s_31_4_1_U91                                                            |                                                     bd_0_hls_inst_0_fft_mdf_mac_mulsub_16s_16s_31s_31_4_1_104 |         16 |         16 |       0 |    0 |    0 |      0 |      0 |          1 |
|             fft_mdf_mac_mulsub_16s_16s_31s_31_4_1_DSP48_1_U                                            |                                             bd_0_hls_inst_0_fft_mdf_mac_mulsub_16s_16s_31s_31_4_1_DSP48_1_114 |         16 |         16 |       0 |    0 |    0 |      0 |      0 |          1 |
|           mac_mulsub_16s_16s_31s_31_4_1_U93                                                            |                                                     bd_0_hls_inst_0_fft_mdf_mac_mulsub_16s_16s_31s_31_4_1_105 |         16 |         16 |       0 |    0 |    0 |      0 |      0 |          1 |
|             fft_mdf_mac_mulsub_16s_16s_31s_31_4_1_DSP48_1_U                                            |                                             bd_0_hls_inst_0_fft_mdf_mac_mulsub_16s_16s_31s_31_4_1_DSP48_1_113 |         16 |         16 |       0 |    0 |    0 |      0 |      0 |          1 |
|           void_stage_fb_3_16_stream_mdf_word_t_0_stream_mdf_word_t_0_delay_im_29_U                     |      bd_0_hls_inst_0_fft_mdf_Loop_VITIS_LOOP_95_1_proc313_void_stage_fb_3_16_stream_mdf_word_t_0_stream_mdzec |         18 |         18 |       0 |    0 |    0 |      0 |      1 |          0 |
|           void_stage_fb_3_16_stream_mdf_word_t_0_stream_mdf_word_t_0_delay_im_30_U                     |  bd_0_hls_inst_0_fft_mdf_Loop_VITIS_LOOP_95_1_proc313_void_stage_fb_3_16_stream_mdf_word_t_0_stream_mdzec_106 |         18 |         18 |       0 |    0 |    0 |      0 |      1 |          0 |
|           void_stage_fb_3_16_stream_mdf_word_t_0_stream_mdf_word_t_0_delay_im_31_U                     |  bd_0_hls_inst_0_fft_mdf_Loop_VITIS_LOOP_95_1_proc313_void_stage_fb_3_16_stream_mdf_word_t_0_stream_mdzec_107 |         22 |         22 |       0 |    0 |    0 |      0 |      1 |          0 |
|           void_stage_fb_3_16_stream_mdf_word_t_0_stream_mdf_word_t_0_delay_im_U                        |  bd_0_hls_inst_0_fft_mdf_Loop_VITIS_LOOP_95_1_proc313_void_stage_fb_3_16_stream_mdf_word_t_0_stream_mdzec_108 |         18 |         18 |       0 |    0 |    0 |      0 |      1 |          0 |
|           void_stage_fb_3_16_stream_mdf_word_t_0_stream_mdf_word_t_0_delay_re_26_U                     |  bd_0_hls_inst_0_fft_mdf_Loop_VITIS_LOOP_95_1_proc313_void_stage_fb_3_16_stream_mdf_word_t_0_stream_mdzec_109 |         18 |         18 |       0 |    0 |    0 |      0 |      1 |          0 |
|           void_stage_fb_3_16_stream_mdf_word_t_0_stream_mdf_word_t_0_delay_re_27_U                     |  bd_0_hls_inst_0_fft_mdf_Loop_VITIS_LOOP_95_1_proc313_void_stage_fb_3_16_stream_mdf_word_t_0_stream_mdzec_110 |         18 |         18 |       0 |    0 |    0 |      0 |      1 |          0 |
|           void_stage_fb_3_16_stream_mdf_word_t_0_stream_mdf_word_t_0_delay_re_28_U                     |  bd_0_hls_inst_0_fft_mdf_Loop_VITIS_LOOP_95_1_proc313_void_stage_fb_3_16_stream_mdf_word_t_0_stream_mdzec_111 |         18 |         18 |       0 |    0 |    0 |      0 |      1 |          0 |
|           void_stage_fb_3_16_stream_mdf_word_t_0_stream_mdf_word_t_0_delay_re_U                        |  bd_0_hls_inst_0_fft_mdf_Loop_VITIS_LOOP_95_1_proc313_void_stage_fb_3_16_stream_mdf_word_t_0_stream_mdzec_112 |         18 |         18 |       0 |    0 |    0 |      0 |      1 |          0 |
|         Loop_VITIS_LOOP_95_1_proc414_U0                                                                |                                                          bd_0_hls_inst_0_fft_mdf_Loop_VITIS_LOOP_95_1_proc414 |        506 |        506 |       0 |    0 |  694 |      0 |     12 |         16 |
|           (Loop_VITIS_LOOP_95_1_proc414_U0)                                                            |                                                          bd_0_hls_inst_0_fft_mdf_Loop_VITIS_LOOP_95_1_proc414 |        145 |        145 |       0 |    0 |  691 |      0 |      0 |          4 |
|           TW_COS_LUT21_U                                                                               |                                  bd_0_hls_inst_0_fft_mdf_Loop_VITIS_LOOP_95_1_proc10_TW_COS_LUT25_ROM_AUTO_1R |         65 |         65 |       0 |    0 |    2 |      0 |      2 |          0 |
|           TW_SIN_LUT26_U                                                                               |                                  bd_0_hls_inst_0_fft_mdf_Loop_VITIS_LOOP_95_1_proc10_TW_SIN_LUT30_ROM_AUTO_1R |         67 |         67 |       0 |    0 |    0 |      0 |      2 |          0 |
|           flow_control_loop_pipe_U                                                                     |                                                             bd_0_hls_inst_0_fft_mdf_flow_control_loop_pipe_71 |         18 |         18 |       0 |    0 |    1 |      0 |      0 |          0 |
|           mac_muladd_16s_16s_31s_31_4_1_U105                                                           |                                                      bd_0_hls_inst_0_fft_mdf_mac_muladd_16s_16s_31s_31_4_1_72 |         16 |         16 |       0 |    0 |    0 |      0 |      0 |          2 |
|             fft_mdf_mac_muladd_16s_16s_31s_31_4_1_DSP48_0_U                                            |                                              bd_0_hls_inst_0_fft_mdf_mac_muladd_16s_16s_31s_31_4_1_DSP48_0_94 |         16 |         16 |       0 |    0 |    0 |      0 |      0 |          2 |
|           mac_muladd_16s_16s_31s_31_4_1_U107                                                           |                                                      bd_0_hls_inst_0_fft_mdf_mac_muladd_16s_16s_31s_31_4_1_73 |         16 |         16 |       0 |    0 |    0 |      0 |      0 |          2 |
|             fft_mdf_mac_muladd_16s_16s_31s_31_4_1_DSP48_0_U                                            |                                              bd_0_hls_inst_0_fft_mdf_mac_muladd_16s_16s_31s_31_4_1_DSP48_0_93 |         16 |         16 |       0 |    0 |    0 |      0 |      0 |          2 |
|           mac_muladd_16s_16s_31s_31_4_1_U109                                                           |                                                      bd_0_hls_inst_0_fft_mdf_mac_muladd_16s_16s_31s_31_4_1_74 |         16 |         16 |       0 |    0 |    0 |      0 |      0 |          2 |
|             fft_mdf_mac_muladd_16s_16s_31s_31_4_1_DSP48_0_U                                            |                                              bd_0_hls_inst_0_fft_mdf_mac_muladd_16s_16s_31s_31_4_1_DSP48_0_92 |         16 |         16 |       0 |    0 |    0 |      0 |      0 |          2 |
|           mac_muladd_16s_16s_31s_31_4_1_U111                                                           |                                                      bd_0_hls_inst_0_fft_mdf_mac_muladd_16s_16s_31s_31_4_1_75 |         18 |         18 |       0 |    0 |    0 |      0 |      0 |          2 |
|             fft_mdf_mac_muladd_16s_16s_31s_31_4_1_DSP48_0_U                                            |                                              bd_0_hls_inst_0_fft_mdf_mac_muladd_16s_16s_31s_31_4_1_DSP48_0_91 |         18 |         18 |       0 |    0 |    0 |      0 |      0 |          2 |
|           mac_mulsub_16s_16s_31s_31_4_1_U106                                                           |                                                      bd_0_hls_inst_0_fft_mdf_mac_mulsub_16s_16s_31s_31_4_1_76 |         16 |         16 |       0 |    0 |    0 |      0 |      0 |          1 |
|             fft_mdf_mac_mulsub_16s_16s_31s_31_4_1_DSP48_1_U                                            |                                              bd_0_hls_inst_0_fft_mdf_mac_mulsub_16s_16s_31s_31_4_1_DSP48_1_90 |         16 |         16 |       0 |    0 |    0 |      0 |      0 |          1 |
|           mac_mulsub_16s_16s_31s_31_4_1_U108                                                           |                                                      bd_0_hls_inst_0_fft_mdf_mac_mulsub_16s_16s_31s_31_4_1_77 |         16 |         16 |       0 |    0 |    0 |      0 |      0 |          1 |
|             fft_mdf_mac_mulsub_16s_16s_31s_31_4_1_DSP48_1_U                                            |                                              bd_0_hls_inst_0_fft_mdf_mac_mulsub_16s_16s_31s_31_4_1_DSP48_1_89 |         16 |         16 |       0 |    0 |    0 |      0 |      0 |          1 |
|           mac_mulsub_16s_16s_31s_31_4_1_U110                                                           |                                                      bd_0_hls_inst_0_fft_mdf_mac_mulsub_16s_16s_31s_31_4_1_78 |         16 |         16 |       0 |    0 |    0 |      0 |      0 |          1 |
|             fft_mdf_mac_mulsub_16s_16s_31s_31_4_1_DSP48_1_U                                            |                                              bd_0_hls_inst_0_fft_mdf_mac_mulsub_16s_16s_31s_31_4_1_DSP48_1_88 |         16 |         16 |       0 |    0 |    0 |      0 |      0 |          1 |
|           mac_mulsub_16s_16s_31s_31_4_1_U112                                                           |                                                      bd_0_hls_inst_0_fft_mdf_mac_mulsub_16s_16s_31s_31_4_1_79 |         16 |         16 |       0 |    0 |    0 |      0 |      0 |          1 |
|             fft_mdf_mac_mulsub_16s_16s_31s_31_4_1_DSP48_1_U                                            |                                              bd_0_hls_inst_0_fft_mdf_mac_mulsub_16s_16s_31s_31_4_1_DSP48_1_87 |         16 |         16 |       0 |    0 |    0 |      0 |      0 |          1 |
|           void_stage_fb_4_8_stream_mdf_word_t_0_stream_mdf_word_t_0_delay_im_23_U                      |      bd_0_hls_inst_0_fft_mdf_Loop_VITIS_LOOP_95_1_proc414_void_stage_fb_4_8_stream_mdf_word_t_0_stream_mdfHfu |         18 |         18 |       0 |    0 |    0 |      0 |      1 |          0 |
|           void_stage_fb_4_8_stream_mdf_word_t_0_stream_mdf_word_t_0_delay_im_24_U                      |   bd_0_hls_inst_0_fft_mdf_Loop_VITIS_LOOP_95_1_proc414_void_stage_fb_4_8_stream_mdf_word_t_0_stream_mdfHfu_80 |         18 |         18 |       0 |    0 |    0 |      0 |      1 |          0 |
|           void_stage_fb_4_8_stream_mdf_word_t_0_stream_mdf_word_t_0_delay_im_25_U                      |   bd_0_hls_inst_0_fft_mdf_Loop_VITIS_LOOP_95_1_proc414_void_stage_fb_4_8_stream_mdf_word_t_0_stream_mdfHfu_81 |         22 |         22 |       0 |    0 |    0 |      0 |      1 |          0 |
|           void_stage_fb_4_8_stream_mdf_word_t_0_stream_mdf_word_t_0_delay_im_U                         |   bd_0_hls_inst_0_fft_mdf_Loop_VITIS_LOOP_95_1_proc414_void_stage_fb_4_8_stream_mdf_word_t_0_stream_mdfHfu_82 |         18 |         18 |       0 |    0 |    0 |      0 |      1 |          0 |
|           void_stage_fb_4_8_stream_mdf_word_t_0_stream_mdf_word_t_0_delay_re_20_U                      |   bd_0_hls_inst_0_fft_mdf_Loop_VITIS_LOOP_95_1_proc414_void_stage_fb_4_8_stream_mdf_word_t_0_stream_mdfHfu_83 |         18 |         18 |       0 |    0 |    0 |      0 |      1 |          0 |
|           void_stage_fb_4_8_stream_mdf_word_t_0_stream_mdf_word_t_0_delay_re_21_U                      |   bd_0_hls_inst_0_fft_mdf_Loop_VITIS_LOOP_95_1_proc414_void_stage_fb_4_8_stream_mdf_word_t_0_stream_mdfHfu_84 |         18 |         18 |       0 |    0 |    0 |      0 |      1 |          0 |
|           void_stage_fb_4_8_stream_mdf_word_t_0_stream_mdf_word_t_0_delay_re_22_U                      |   bd_0_hls_inst_0_fft_mdf_Loop_VITIS_LOOP_95_1_proc414_void_stage_fb_4_8_stream_mdf_word_t_0_stream_mdfHfu_85 |         18 |         18 |       0 |    0 |    0 |      0 |      1 |          0 |
|           void_stage_fb_4_8_stream_mdf_word_t_0_stream_mdf_word_t_0_delay_re_U                         |   bd_0_hls_inst_0_fft_mdf_Loop_VITIS_LOOP_95_1_proc414_void_stage_fb_4_8_stream_mdf_word_t_0_stream_mdfHfu_86 |         18 |         18 |       0 |    0 |    0 |      0 |      1 |          0 |
|         Loop_VITIS_LOOP_95_1_proc515_U0                                                                |                                                          bd_0_hls_inst_0_fft_mdf_Loop_VITIS_LOOP_95_1_proc515 |        495 |        495 |       0 |    0 |  697 |      0 |     10 |         16 |
|           (Loop_VITIS_LOOP_95_1_proc515_U0)                                                            |                                                          bd_0_hls_inst_0_fft_mdf_Loop_VITIS_LOOP_95_1_proc515 |        151 |        151 |       0 |    0 |  694 |      0 |      0 |          4 |
|           TW_COS_LUT_U                                                                                 |                                   bd_0_hls_inst_0_fft_mdf_Loop_VITIS_LOOP_95_1_proc515_TW_COS_LUT_ROM_AUTO_1R |         32 |         32 |       0 |    0 |    2 |      0 |      1 |          0 |
|           TW_SIN_LUT_U                                                                                 |                                   bd_0_hls_inst_0_fft_mdf_Loop_VITIS_LOOP_95_1_proc515_TW_SIN_LUT_ROM_AUTO_1R |         34 |         34 |       0 |    0 |    0 |      0 |      1 |          0 |
|           flow_control_loop_pipe_U                                                                     |                                                             bd_0_hls_inst_0_fft_mdf_flow_control_loop_pipe_47 |         18 |         18 |       0 |    0 |    1 |      0 |      0 |          0 |
|           mac_muladd_16s_16s_31s_31_4_1_U126                                                           |                                                      bd_0_hls_inst_0_fft_mdf_mac_muladd_16s_16s_31s_31_4_1_48 |         31 |         31 |       0 |    0 |    0 |      0 |      0 |          2 |
|             fft_mdf_mac_muladd_16s_16s_31s_31_4_1_DSP48_0_U                                            |                                              bd_0_hls_inst_0_fft_mdf_mac_muladd_16s_16s_31s_31_4_1_DSP48_0_70 |         31 |         31 |       0 |    0 |    0 |      0 |      0 |          2 |
|           mac_muladd_16s_16s_31s_31_4_1_U128                                                           |                                                      bd_0_hls_inst_0_fft_mdf_mac_muladd_16s_16s_31s_31_4_1_49 |         16 |         16 |       0 |    0 |    0 |      0 |      0 |          2 |
|             fft_mdf_mac_muladd_16s_16s_31s_31_4_1_DSP48_0_U                                            |                                              bd_0_hls_inst_0_fft_mdf_mac_muladd_16s_16s_31s_31_4_1_DSP48_0_69 |         16 |         16 |       0 |    0 |    0 |      0 |      0 |          2 |
|           mac_muladd_16s_16s_31s_31_4_1_U130                                                           |                                                      bd_0_hls_inst_0_fft_mdf_mac_muladd_16s_16s_31s_31_4_1_50 |         18 |         18 |       0 |    0 |    0 |      0 |      0 |          2 |
|             fft_mdf_mac_muladd_16s_16s_31s_31_4_1_DSP48_0_U                                            |                                              bd_0_hls_inst_0_fft_mdf_mac_muladd_16s_16s_31s_31_4_1_DSP48_0_68 |         18 |         18 |       0 |    0 |    0 |      0 |      0 |          2 |
|           mac_muladd_16s_16s_31s_31_4_1_U132                                                           |                                                      bd_0_hls_inst_0_fft_mdf_mac_muladd_16s_16s_31s_31_4_1_51 |         18 |         18 |       0 |    0 |    0 |      0 |      0 |          2 |
|             fft_mdf_mac_muladd_16s_16s_31s_31_4_1_DSP48_0_U                                            |                                              bd_0_hls_inst_0_fft_mdf_mac_muladd_16s_16s_31s_31_4_1_DSP48_0_67 |         18 |         18 |       0 |    0 |    0 |      0 |      0 |          2 |
|           mac_mulsub_16s_16s_31s_31_4_1_U127                                                           |                                                      bd_0_hls_inst_0_fft_mdf_mac_mulsub_16s_16s_31s_31_4_1_52 |         31 |         31 |       0 |    0 |    0 |      0 |      0 |          1 |
|             fft_mdf_mac_mulsub_16s_16s_31s_31_4_1_DSP48_1_U                                            |                                              bd_0_hls_inst_0_fft_mdf_mac_mulsub_16s_16s_31s_31_4_1_DSP48_1_66 |         31 |         31 |       0 |    0 |    0 |      0 |      0 |          1 |
|           mac_mulsub_16s_16s_31s_31_4_1_U129                                                           |                                                      bd_0_hls_inst_0_fft_mdf_mac_mulsub_16s_16s_31s_31_4_1_53 |         16 |         16 |       0 |    0 |    0 |      0 |      0 |          1 |
|             fft_mdf_mac_mulsub_16s_16s_31s_31_4_1_DSP48_1_U                                            |                                              bd_0_hls_inst_0_fft_mdf_mac_mulsub_16s_16s_31s_31_4_1_DSP48_1_65 |         16 |         16 |       0 |    0 |    0 |      0 |      0 |          1 |
|           mac_mulsub_16s_16s_31s_31_4_1_U131                                                           |                                                      bd_0_hls_inst_0_fft_mdf_mac_mulsub_16s_16s_31s_31_4_1_54 |         16 |         16 |       0 |    0 |    0 |      0 |      0 |          1 |
|             fft_mdf_mac_mulsub_16s_16s_31s_31_4_1_DSP48_1_U                                            |                                              bd_0_hls_inst_0_fft_mdf_mac_mulsub_16s_16s_31s_31_4_1_DSP48_1_64 |         16 |         16 |       0 |    0 |    0 |      0 |      0 |          1 |
|           mac_mulsub_16s_16s_31s_31_4_1_U133                                                           |                                                      bd_0_hls_inst_0_fft_mdf_mac_mulsub_16s_16s_31s_31_4_1_55 |         16 |         16 |       0 |    0 |    0 |      0 |      0 |          1 |
|             fft_mdf_mac_mulsub_16s_16s_31s_31_4_1_DSP48_1_U                                            |                                              bd_0_hls_inst_0_fft_mdf_mac_mulsub_16s_16s_31s_31_4_1_DSP48_1_63 |         16 |         16 |       0 |    0 |    0 |      0 |      0 |          1 |
|           void_stage_fb_5_4_stream_mdf_word_t_0_stream_mdf_word_t_0_delay_im_17_U                      |      bd_0_hls_inst_0_fft_mdf_Loop_VITIS_LOOP_95_1_proc515_void_stage_fb_5_4_stream_mdf_word_t_0_stream_mdfPgM |         18 |         18 |       0 |    0 |    0 |      0 |      1 |          0 |
|           void_stage_fb_5_4_stream_mdf_word_t_0_stream_mdf_word_t_0_delay_im_18_U                      |   bd_0_hls_inst_0_fft_mdf_Loop_VITIS_LOOP_95_1_proc515_void_stage_fb_5_4_stream_mdf_word_t_0_stream_mdfPgM_56 |         18 |         18 |       0 |    0 |    0 |      0 |      1 |          0 |
|           void_stage_fb_5_4_stream_mdf_word_t_0_stream_mdf_word_t_0_delay_im_19_U                      |   bd_0_hls_inst_0_fft_mdf_Loop_VITIS_LOOP_95_1_proc515_void_stage_fb_5_4_stream_mdf_word_t_0_stream_mdfPgM_57 |         22 |         22 |       0 |    0 |    0 |      0 |      1 |          0 |
|           void_stage_fb_5_4_stream_mdf_word_t_0_stream_mdf_word_t_0_delay_im_U                         |   bd_0_hls_inst_0_fft_mdf_Loop_VITIS_LOOP_95_1_proc515_void_stage_fb_5_4_stream_mdf_word_t_0_stream_mdfPgM_58 |         18 |         18 |       0 |    0 |    0 |      0 |      1 |          0 |
|           void_stage_fb_5_4_stream_mdf_word_t_0_stream_mdf_word_t_0_delay_re_14_U                      |   bd_0_hls_inst_0_fft_mdf_Loop_VITIS_LOOP_95_1_proc515_void_stage_fb_5_4_stream_mdf_word_t_0_stream_mdfPgM_59 |         18 |         18 |       0 |    0 |    0 |      0 |      1 |          0 |
|           void_stage_fb_5_4_stream_mdf_word_t_0_stream_mdf_word_t_0_delay_re_15_U                      |   bd_0_hls_inst_0_fft_mdf_Loop_VITIS_LOOP_95_1_proc515_void_stage_fb_5_4_stream_mdf_word_t_0_stream_mdfPgM_60 |         18 |         18 |       0 |    0 |    0 |      0 |      1 |          0 |
|           void_stage_fb_5_4_stream_mdf_word_t_0_stream_mdf_word_t_0_delay_re_16_U                      |   bd_0_hls_inst_0_fft_mdf_Loop_VITIS_LOOP_95_1_proc515_void_stage_fb_5_4_stream_mdf_word_t_0_stream_mdfPgM_61 |         18 |         18 |       0 |    0 |    0 |      0 |      1 |          0 |
|           void_stage_fb_5_4_stream_mdf_word_t_0_stream_mdf_word_t_0_delay_re_U                         |   bd_0_hls_inst_0_fft_mdf_Loop_VITIS_LOOP_95_1_proc515_void_stage_fb_5_4_stream_mdf_word_t_0_stream_mdfPgM_62 |         18 |         18 |       0 |    0 |    0 |      0 |      1 |          0 |
|         Loop_VITIS_LOOP_95_1_proc616_U0                                                                |                                                          bd_0_hls_inst_0_fft_mdf_Loop_VITIS_LOOP_95_1_proc616 |        525 |        525 |       0 |    0 |  719 |      0 |      8 |         12 |
|           (Loop_VITIS_LOOP_95_1_proc616_U0)                                                            |                                                          bd_0_hls_inst_0_fft_mdf_Loop_VITIS_LOOP_95_1_proc616 |        141 |        141 |       0 |    0 |  718 |      0 |      0 |          4 |
|           flow_control_loop_pipe_U                                                                     |                                                             bd_0_hls_inst_0_fft_mdf_flow_control_loop_pipe_29 |         17 |         17 |       0 |    0 |    1 |      0 |      0 |          0 |
|           mac_muladd_16s_16s_31s_31_4_1_U147                                                           |                                                      bd_0_hls_inst_0_fft_mdf_mac_muladd_16s_16s_31s_31_4_1_30 |         16 |         16 |       0 |    0 |    0 |      0 |      0 |          1 |
|             fft_mdf_mac_muladd_16s_16s_31s_31_4_1_DSP48_0_U                                            |                                              bd_0_hls_inst_0_fft_mdf_mac_muladd_16s_16s_31s_31_4_1_DSP48_0_46 |         16 |         16 |       0 |    0 |    0 |      0 |      0 |          1 |
|           mac_muladd_16s_16s_31s_31_4_1_U149                                                           |                                                      bd_0_hls_inst_0_fft_mdf_mac_muladd_16s_16s_31s_31_4_1_31 |         17 |         17 |       0 |    0 |    0 |      0 |      0 |          2 |
|             fft_mdf_mac_muladd_16s_16s_31s_31_4_1_DSP48_0_U                                            |                                              bd_0_hls_inst_0_fft_mdf_mac_muladd_16s_16s_31s_31_4_1_DSP48_0_45 |         17 |         17 |       0 |    0 |    0 |      0 |      0 |          2 |
|           mac_muladd_16s_16s_31s_31_4_1_U150                                                           |                                                      bd_0_hls_inst_0_fft_mdf_mac_muladd_16s_16s_31s_31_4_1_32 |         18 |         18 |       0 |    0 |    0 |      0 |      0 |          2 |
|             fft_mdf_mac_muladd_16s_16s_31s_31_4_1_DSP48_0_U                                            |                                              bd_0_hls_inst_0_fft_mdf_mac_muladd_16s_16s_31s_31_4_1_DSP48_0_44 |         18 |         18 |       0 |    0 |    0 |      0 |      0 |          2 |
|           mac_muladd_16s_16s_31s_31_4_1_U151                                                           |                                                      bd_0_hls_inst_0_fft_mdf_mac_muladd_16s_16s_31s_31_4_1_33 |         16 |         16 |       0 |    0 |    0 |      0 |      0 |          1 |
|             fft_mdf_mac_muladd_16s_16s_31s_31_4_1_DSP48_0_U                                            |                                              bd_0_hls_inst_0_fft_mdf_mac_muladd_16s_16s_31s_31_4_1_DSP48_0_43 |         16 |         16 |       0 |    0 |    0 |      0 |      0 |          1 |
|           mac_mulsub_16s_16s_31s_31_4_1_U148                                                           |                                                         bd_0_hls_inst_0_fft_mdf_mac_mulsub_16s_16s_31s_31_4_1 |         16 |         16 |       0 |    0 |    0 |      0 |      0 |          1 |
|             fft_mdf_mac_mulsub_16s_16s_31s_31_4_1_DSP48_1_U                                            |                                              bd_0_hls_inst_0_fft_mdf_mac_mulsub_16s_16s_31s_31_4_1_DSP48_1_42 |         16 |         16 |       0 |    0 |    0 |      0 |      0 |          1 |
|           mac_mulsub_16s_16s_31s_31_4_1_U152                                                           |                                                      bd_0_hls_inst_0_fft_mdf_mac_mulsub_16s_16s_31s_31_4_1_34 |         16 |         16 |       0 |    0 |    0 |      0 |      0 |          1 |
|             fft_mdf_mac_mulsub_16s_16s_31s_31_4_1_DSP48_1_U                                            |                                                 bd_0_hls_inst_0_fft_mdf_mac_mulsub_16s_16s_31s_31_4_1_DSP48_1 |         16 |         16 |       0 |    0 |    0 |      0 |      0 |          1 |
|           void_stage_fb_6_2_stream_mdf_word_t_0_stream_mdf_word_t_0_delay_im_11_U                      |      bd_0_hls_inst_0_fft_mdf_Loop_VITIS_LOOP_95_1_proc616_void_stage_fb_6_2_stream_mdf_word_t_0_stream_mdfXh4 |         18 |         18 |       0 |    0 |    0 |      0 |      1 |          0 |
|           void_stage_fb_6_2_stream_mdf_word_t_0_stream_mdf_word_t_0_delay_im_12_U                      |   bd_0_hls_inst_0_fft_mdf_Loop_VITIS_LOOP_95_1_proc616_void_stage_fb_6_2_stream_mdf_word_t_0_stream_mdfXh4_35 |         18 |         18 |       0 |    0 |    0 |      0 |      1 |          0 |
|           void_stage_fb_6_2_stream_mdf_word_t_0_stream_mdf_word_t_0_delay_im_13_U                      |   bd_0_hls_inst_0_fft_mdf_Loop_VITIS_LOOP_95_1_proc616_void_stage_fb_6_2_stream_mdf_word_t_0_stream_mdfXh4_36 |         22 |         22 |       0 |    0 |    0 |      0 |      1 |          0 |
|           void_stage_fb_6_2_stream_mdf_word_t_0_stream_mdf_word_t_0_delay_im_U                         |   bd_0_hls_inst_0_fft_mdf_Loop_VITIS_LOOP_95_1_proc616_void_stage_fb_6_2_stream_mdf_word_t_0_stream_mdfXh4_37 |         95 |         95 |       0 |    0 |    0 |      0 |      1 |          0 |
|           void_stage_fb_6_2_stream_mdf_word_t_0_stream_mdf_word_t_0_delay_re_10_U                      |   bd_0_hls_inst_0_fft_mdf_Loop_VITIS_LOOP_95_1_proc616_void_stage_fb_6_2_stream_mdf_word_t_0_stream_mdfXh4_38 |         18 |         18 |       0 |    0 |    0 |      0 |      1 |          0 |
|           void_stage_fb_6_2_stream_mdf_word_t_0_stream_mdf_word_t_0_delay_re_8_U                       |   bd_0_hls_inst_0_fft_mdf_Loop_VITIS_LOOP_95_1_proc616_void_stage_fb_6_2_stream_mdf_word_t_0_stream_mdfXh4_39 |         18 |         18 |       0 |    0 |    0 |      0 |      1 |          0 |
|           void_stage_fb_6_2_stream_mdf_word_t_0_stream_mdf_word_t_0_delay_re_9_U                       |   bd_0_hls_inst_0_fft_mdf_Loop_VITIS_LOOP_95_1_proc616_void_stage_fb_6_2_stream_mdf_word_t_0_stream_mdfXh4_40 |         18 |         18 |       0 |    0 |    0 |      0 |      1 |          0 |
|           void_stage_fb_6_2_stream_mdf_word_t_0_stream_mdf_word_t_0_delay_re_U                         |   bd_0_hls_inst_0_fft_mdf_Loop_VITIS_LOOP_95_1_proc616_void_stage_fb_6_2_stream_mdf_word_t_0_stream_mdfXh4_41 |         93 |         93 |       0 |    0 |    0 |      0 |      1 |          0 |
|         Loop_VITIS_LOOP_95_1_proc717_U0                                                                |                                                          bd_0_hls_inst_0_fft_mdf_Loop_VITIS_LOOP_95_1_proc717 |        571 |        571 |       0 |    0 |  602 |      0 |      0 |          6 |
|           (Loop_VITIS_LOOP_95_1_proc717_U0)                                                            |                                                          bd_0_hls_inst_0_fft_mdf_Loop_VITIS_LOOP_95_1_proc717 |        386 |        386 |       0 |    0 |  601 |      0 |      0 |          0 |
|           am_addmul_16s_16s_16s_31_4_1_U161                                                            |                                                          bd_0_hls_inst_0_fft_mdf_am_addmul_16s_16s_16s_31_4_1 |         67 |         67 |       0 |    0 |    0 |      0 |      0 |          1 |
|             fft_mdf_am_addmul_16s_16s_16s_31_4_1_DSP48_3_U                                             |                                                  bd_0_hls_inst_0_fft_mdf_am_addmul_16s_16s_16s_31_4_1_DSP48_3 |         67 |         67 |       0 |    0 |    0 |      0 |      0 |          1 |
|           am_submul_16s_16s_16s_31_4_1_U162                                                            |                                                          bd_0_hls_inst_0_fft_mdf_am_submul_16s_16s_16s_31_4_1 |         17 |         17 |       0 |    0 |    0 |      0 |      0 |          1 |
|             fft_mdf_am_submul_16s_16s_16s_31_4_1_DSP48_4_U                                             |                                                  bd_0_hls_inst_0_fft_mdf_am_submul_16s_16s_16s_31_4_1_DSP48_4 |         17 |         17 |       0 |    0 |    0 |      0 |      0 |          1 |
|           flow_control_loop_pipe_U                                                                     |                                                             bd_0_hls_inst_0_fft_mdf_flow_control_loop_pipe_28 |         19 |         19 |       0 |    0 |    1 |      0 |      0 |          0 |
|           mac_muladd_16s_15ns_31s_31_4_1_U159                                                          |                                                        bd_0_hls_inst_0_fft_mdf_mac_muladd_16s_15ns_31s_31_4_1 |         16 |         16 |       0 |    0 |    0 |      0 |      0 |          2 |
|             fft_mdf_mac_muladd_16s_15ns_31s_31_4_1_DSP48_2_U                                           |                                                bd_0_hls_inst_0_fft_mdf_mac_muladd_16s_15ns_31s_31_4_1_DSP48_2 |         16 |         16 |       0 |    0 |    0 |      0 |      0 |          2 |
|           mac_muladd_16s_16s_31s_31_4_1_U160                                                           |                                                         bd_0_hls_inst_0_fft_mdf_mac_muladd_16s_16s_31s_31_4_1 |         68 |         68 |       0 |    0 |    0 |      0 |      0 |          2 |
|             fft_mdf_mac_muladd_16s_16s_31s_31_4_1_DSP48_0_U                                            |                                                 bd_0_hls_inst_0_fft_mdf_mac_muladd_16s_16s_31s_31_4_1_DSP48_0 |         68 |         68 |       0 |    0 |    0 |      0 |      0 |          2 |
|         Loop_read_loop_proc_U0                                                                         |                                                                   bd_0_hls_inst_0_fft_mdf_Loop_read_loop_proc |         93 |         93 |       0 |    0 |  146 |      0 |      0 |          0 |
|           (Loop_read_loop_proc_U0)                                                                     |                                                                   bd_0_hls_inst_0_fft_mdf_Loop_read_loop_proc |         72 |         72 |       0 |    0 |  145 |      0 |      0 |          0 |
|           flow_control_loop_pipe_U                                                                     |                                                             bd_0_hls_inst_0_fft_mdf_flow_control_loop_pipe_27 |         21 |         21 |       0 |    0 |    1 |      0 |      0 |          0 |
|         axis_to_word_U0                                                                                |                                                                          bd_0_hls_inst_0_fft_mdf_axis_to_word |         94 |         94 |       0 |    0 |  408 |      0 |      0 |          0 |
|           (axis_to_word_U0)                                                                            |                                                                          bd_0_hls_inst_0_fft_mdf_axis_to_word |          2 |          2 |       0 |    0 |  141 |      0 |      0 |          0 |
|           flow_control_loop_pipe_U                                                                     |                                                             bd_0_hls_inst_0_fft_mdf_flow_control_loop_pipe_24 |         15 |         15 |       0 |    0 |    1 |      0 |      0 |          0 |
|           regslice_both_s_in_V_data_V_U                                                                |                                                                      bd_0_hls_inst_0_fft_mdf_regslice_both_25 |         70 |         70 |       0 |    0 |  260 |      0 |      0 |          0 |
|           regslice_both_s_in_V_last_V_U                                                                |                                                      bd_0_hls_inst_0_fft_mdf_regslice_both__parameterized1_26 |          7 |          7 |       0 |    0 |    6 |      0 |      0 |          0 |
|         bit_reverse_buf_stream_mdf_word_t_0_stream_mdf_word_t_0_bank_1_U                               |            bd_0_hls_inst_0_fft_mdf_bit_reverse_buf_stream_mdf_word_t_0_stream_mdf_word_t_0_bank_RAM_AUTO_1R1W |          5 |          5 |       0 |    0 |    6 |      4 |      0 |          0 |
|           (bit_reverse_buf_stream_mdf_word_t_0_stream_mdf_word_t_0_bank_1_U)                           |            bd_0_hls_inst_0_fft_mdf_bit_reverse_buf_stream_mdf_word_t_0_stream_mdf_word_t_0_bank_RAM_AUTO_1R1W |          5 |          5 |       0 |    0 |    6 |      0 |      0 |          0 |
|           fft_mdf_bit_reverse_buf_stream_mdf_word_t_0_stream_mdf_word_t_0_bank_RAM_AUTO_1R1W_memcore_U | bd_0_hls_inst_0_fft_mdf_bit_reverse_buf_stream_mdf_word_t_0_stream_mdf_word_t_0_bank_RAM_AUTO_1R1W_memcore_23 |          0 |          0 |       0 |    0 |    0 |      4 |      0 |          0 |
|         bit_reverse_buf_stream_mdf_word_t_0_stream_mdf_word_t_0_bank_U                                 |          bd_0_hls_inst_0_fft_mdf_bit_reverse_buf_stream_mdf_word_t_0_stream_mdf_word_t_0_bank_RAM_AUTO_1R1W_0 |          9 |          9 |       0 |    0 |    6 |      4 |      0 |          0 |
|           (bit_reverse_buf_stream_mdf_word_t_0_stream_mdf_word_t_0_bank_U)                             |          bd_0_hls_inst_0_fft_mdf_bit_reverse_buf_stream_mdf_word_t_0_stream_mdf_word_t_0_bank_RAM_AUTO_1R1W_0 |          9 |          9 |       0 |    0 |    6 |      0 |      0 |          0 |
|           fft_mdf_bit_reverse_buf_stream_mdf_word_t_0_stream_mdf_word_t_0_bank_RAM_AUTO_1R1W_memcore_U |    bd_0_hls_inst_0_fft_mdf_bit_reverse_buf_stream_mdf_word_t_0_stream_mdf_word_t_0_bank_RAM_AUTO_1R1W_memcore |          0 |          0 |       0 |    0 |    0 |      4 |      0 |          0 |
|         rd_bank_cast_loc_channel_U                                                                     |                                                                          bd_0_hls_inst_0_fft_mdf_fifo_w1_d2_S |         10 |         10 |       0 |    0 |    7 |      0 |      0 |          0 |
|           (rd_bank_cast_loc_channel_U)                                                                 |                                                                          bd_0_hls_inst_0_fft_mdf_fifo_w1_d2_S |          7 |          7 |       0 |    0 |    5 |      0 |      0 |          0 |
|           U_fft_mdf_fifo_w1_d2_S_ShiftReg                                                              |                                                                 bd_0_hls_inst_0_fft_mdf_fifo_w1_d2_S_ShiftReg |          3 |          3 |       0 |    0 |    2 |      0 |      0 |          0 |
|         s0_U                                                                                           |                                                                      bd_0_hls_inst_0_fft_mdf_fifo_w129_d260_A |         45 |         45 |       0 |    0 |   41 |      2 |      0 |          0 |
|           (s0_U)                                                                                       |                                                                      bd_0_hls_inst_0_fft_mdf_fifo_w129_d260_A |         45 |         45 |       0 |    0 |   41 |      0 |      0 |          0 |
|           U_fft_mdf_fifo_w129_d260_A_ram                                                               |                                                               bd_0_hls_inst_0_fft_mdf_fifo_w129_d260_A_ram_22 |          1 |          1 |       0 |    0 |    0 |      2 |      0 |          0 |
|         s1_U                                                                                           |                                                                    bd_0_hls_inst_0_fft_mdf_fifo_w129_d260_A_1 |         45 |         45 |       0 |    0 |   41 |      2 |      0 |          0 |
|           (s1_U)                                                                                       |                                                                    bd_0_hls_inst_0_fft_mdf_fifo_w129_d260_A_1 |         45 |         45 |       0 |    0 |   41 |      0 |      0 |          0 |
|           U_fft_mdf_fifo_w129_d260_A_ram                                                               |                                                               bd_0_hls_inst_0_fft_mdf_fifo_w129_d260_A_ram_21 |          1 |          1 |       0 |    0 |    0 |      2 |      0 |          0 |
|         s2_U                                                                                           |                                                                    bd_0_hls_inst_0_fft_mdf_fifo_w129_d260_A_2 |         45 |         45 |       0 |    0 |   41 |      2 |      0 |          0 |
|           (s2_U)                                                                                       |                                                                    bd_0_hls_inst_0_fft_mdf_fifo_w129_d260_A_2 |         45 |         45 |       0 |    0 |   41 |      0 |      0 |          0 |
|           U_fft_mdf_fifo_w129_d260_A_ram                                                               |                                                               bd_0_hls_inst_0_fft_mdf_fifo_w129_d260_A_ram_20 |          1 |          1 |       0 |    0 |    0 |      2 |      0 |          0 |
|         s3_U                                                                                           |                                                                    bd_0_hls_inst_0_fft_mdf_fifo_w129_d260_A_3 |         45 |         45 |       0 |    0 |   41 |      2 |      0 |          0 |
|           (s3_U)                                                                                       |                                                                    bd_0_hls_inst_0_fft_mdf_fifo_w129_d260_A_3 |         45 |         45 |       0 |    0 |   41 |      0 |      0 |          0 |
|           U_fft_mdf_fifo_w129_d260_A_ram                                                               |                                                               bd_0_hls_inst_0_fft_mdf_fifo_w129_d260_A_ram_19 |          1 |          1 |       0 |    0 |    0 |      2 |      0 |          0 |
|         s4_U                                                                                           |                                                                    bd_0_hls_inst_0_fft_mdf_fifo_w129_d260_A_4 |         45 |         45 |       0 |    0 |   41 |      2 |      0 |          0 |
|           (s4_U)                                                                                       |                                                                    bd_0_hls_inst_0_fft_mdf_fifo_w129_d260_A_4 |         45 |         45 |       0 |    0 |   41 |      0 |      0 |          0 |
|           U_fft_mdf_fifo_w129_d260_A_ram                                                               |                                                               bd_0_hls_inst_0_fft_mdf_fifo_w129_d260_A_ram_18 |          1 |          1 |       0 |    0 |    0 |      2 |      0 |          0 |
|         s5_U                                                                                           |                                                                    bd_0_hls_inst_0_fft_mdf_fifo_w129_d260_A_5 |         46 |         46 |       0 |    0 |   41 |      2 |      0 |          0 |
|           (s5_U)                                                                                       |                                                                    bd_0_hls_inst_0_fft_mdf_fifo_w129_d260_A_5 |         45 |         45 |       0 |    0 |   41 |      0 |      0 |          0 |
|           U_fft_mdf_fifo_w129_d260_A_ram                                                               |                                                               bd_0_hls_inst_0_fft_mdf_fifo_w129_d260_A_ram_17 |          1 |          1 |       0 |    0 |    0 |      2 |      0 |          0 |
|         s6_U                                                                                           |                                                                    bd_0_hls_inst_0_fft_mdf_fifo_w129_d260_A_6 |         93 |         93 |       0 |    0 |   41 |      2 |      0 |          0 |
|           (s6_U)                                                                                       |                                                                    bd_0_hls_inst_0_fft_mdf_fifo_w129_d260_A_6 |         45 |         45 |       0 |    0 |   41 |      0 |      0 |          0 |
|           U_fft_mdf_fifo_w129_d260_A_ram                                                               |                                                               bd_0_hls_inst_0_fft_mdf_fifo_w129_d260_A_ram_16 |         49 |         49 |       0 |    0 |    0 |      2 |      0 |          0 |
|         s7_U                                                                                           |                                                                    bd_0_hls_inst_0_fft_mdf_fifo_w129_d260_A_7 |        172 |        172 |       0 |    0 |   41 |      2 |      0 |          0 |
|           (s7_U)                                                                                       |                                                                    bd_0_hls_inst_0_fft_mdf_fifo_w129_d260_A_7 |         40 |         40 |       0 |    0 |   41 |      0 |      0 |          0 |
|           U_fft_mdf_fifo_w129_d260_A_ram                                                               |                                                               bd_0_hls_inst_0_fft_mdf_fifo_w129_d260_A_ram_15 |        132 |        132 |       0 |    0 |    0 |      2 |      0 |          0 |
|         s8_U                                                                                           |                                                                    bd_0_hls_inst_0_fft_mdf_fifo_w129_d260_A_8 |        172 |        172 |       0 |    0 |   41 |      2 |      0 |          0 |
|           (s8_U)                                                                                       |                                                                    bd_0_hls_inst_0_fft_mdf_fifo_w129_d260_A_8 |         40 |         40 |       0 |    0 |   41 |      0 |      0 |          0 |
|           U_fft_mdf_fifo_w129_d260_A_ram                                                               |                                                               bd_0_hls_inst_0_fft_mdf_fifo_w129_d260_A_ram_14 |        132 |        132 |       0 |    0 |    0 |      2 |      0 |          0 |
|         s9_U                                                                                           |                                                                    bd_0_hls_inst_0_fft_mdf_fifo_w129_d260_A_9 |         46 |         46 |       0 |    0 |   41 |      2 |      0 |          0 |
|           (s9_U)                                                                                       |                                                                    bd_0_hls_inst_0_fft_mdf_fifo_w129_d260_A_9 |         46 |         46 |       0 |    0 |   41 |      0 |      0 |          0 |
|           U_fft_mdf_fifo_w129_d260_A_ram                                                               |                                                               bd_0_hls_inst_0_fft_mdf_fifo_w129_d260_A_ram_13 |          1 |          1 |       0 |    0 |    0 |      2 |      0 |          0 |
|         start_for_Block_ZL8stage_nfILi1EEvRN3hls6streamI10mdf_word_tLi0EEES4_exit_pro5jm_U             |      bd_0_hls_inst_0_fft_mdf_start_for_Block_ZL8stage_nfILi1EEvRN3hls6streamI10mdf_word_tLi0EEES4_exit_pro5jm |          4 |          4 |       0 |    0 |    4 |      0 |      0 |          0 |
|         start_for_Loop_VITIS_LOOP_168_1_proc18_U0_U                                                    |                                             bd_0_hls_inst_0_fft_mdf_start_for_Loop_VITIS_LOOP_168_1_proc18_U0 |          5 |          5 |       0 |    0 |    4 |      0 |      0 |          0 |
|         start_for_Loop_VITIS_LOOP_168_1_proc819_U0_U                                                   |                                            bd_0_hls_inst_0_fft_mdf_start_for_Loop_VITIS_LOOP_168_1_proc819_U0 |          5 |          5 |       0 |    0 |    4 |      0 |      0 |          0 |
|         start_for_Loop_VITIS_LOOP_95_1_proc10_U0_U                                                     |                                              bd_0_hls_inst_0_fft_mdf_start_for_Loop_VITIS_LOOP_95_1_proc10_U0 |          7 |          7 |       0 |    0 |    4 |      0 |      0 |          0 |
|         start_for_Loop_VITIS_LOOP_95_1_proc111_U0_U                                                    |                                             bd_0_hls_inst_0_fft_mdf_start_for_Loop_VITIS_LOOP_95_1_proc111_U0 |          5 |          5 |       0 |    0 |    4 |      0 |      0 |          0 |
|         start_for_Loop_VITIS_LOOP_95_1_proc212_U0_U                                                    |                                             bd_0_hls_inst_0_fft_mdf_start_for_Loop_VITIS_LOOP_95_1_proc212_U0 |          5 |          5 |       0 |    0 |    4 |      0 |      0 |          0 |
|         start_for_Loop_VITIS_LOOP_95_1_proc313_U0_U                                                    |                                             bd_0_hls_inst_0_fft_mdf_start_for_Loop_VITIS_LOOP_95_1_proc313_U0 |          5 |          5 |       0 |    0 |    4 |      0 |      0 |          0 |
|         start_for_Loop_VITIS_LOOP_95_1_proc414_U0_U                                                    |                                             bd_0_hls_inst_0_fft_mdf_start_for_Loop_VITIS_LOOP_95_1_proc414_U0 |          5 |          5 |       0 |    0 |    4 |      0 |      0 |          0 |
|         start_for_Loop_VITIS_LOOP_95_1_proc515_U0_U                                                    |                                             bd_0_hls_inst_0_fft_mdf_start_for_Loop_VITIS_LOOP_95_1_proc515_U0 |          5 |          5 |       0 |    0 |    4 |      0 |      0 |          0 |
|         start_for_Loop_VITIS_LOOP_95_1_proc616_U0_U                                                    |                                             bd_0_hls_inst_0_fft_mdf_start_for_Loop_VITIS_LOOP_95_1_proc616_U0 |          5 |          5 |       0 |    0 |    4 |      0 |      0 |          0 |
|         start_for_Loop_VITIS_LOOP_95_1_proc717_U0_U                                                    |                                             bd_0_hls_inst_0_fft_mdf_start_for_Loop_VITIS_LOOP_95_1_proc717_U0 |          4 |          4 |       0 |    0 |    4 |      0 |      0 |          0 |
|         start_for_word_to_axis_U0_U                                                                    |                                                             bd_0_hls_inst_0_fft_mdf_start_for_word_to_axis_U0 |          4 |          4 |       0 |    0 |    4 |      0 |      0 |          0 |
|         w_in_U                                                                                         |                                                                   bd_0_hls_inst_0_fft_mdf_fifo_w129_d260_A_10 |         45 |         45 |       0 |    0 |   41 |      2 |      0 |          0 |
|           (w_in_U)                                                                                     |                                                                   bd_0_hls_inst_0_fft_mdf_fifo_w129_d260_A_10 |         45 |         45 |       0 |    0 |   41 |      0 |      0 |          0 |
|           U_fft_mdf_fifo_w129_d260_A_ram                                                               |                                                               bd_0_hls_inst_0_fft_mdf_fifo_w129_d260_A_ram_12 |          1 |          1 |       0 |    0 |    0 |      2 |      0 |          0 |
|         w_out_U                                                                                        |                                                                   bd_0_hls_inst_0_fft_mdf_fifo_w129_d260_A_11 |         46 |         46 |       0 |    0 |   41 |      2 |      0 |          0 |
|           (w_out_U)                                                                                    |                                                                   bd_0_hls_inst_0_fft_mdf_fifo_w129_d260_A_11 |         45 |         45 |       0 |    0 |   41 |      0 |      0 |          0 |
|           U_fft_mdf_fifo_w129_d260_A_ram                                                               |                                                                  bd_0_hls_inst_0_fft_mdf_fifo_w129_d260_A_ram |          2 |          2 |       0 |    0 |    0 |      2 |      0 |          0 |
|         word_to_axis_U0                                                                                |                                                                          bd_0_hls_inst_0_fft_mdf_word_to_axis |         91 |         91 |       0 |    0 |  280 |      0 |      0 |          0 |
|           (word_to_axis_U0)                                                                            |                                                                          bd_0_hls_inst_0_fft_mdf_word_to_axis |          0 |          0 |       0 |    0 |   13 |      0 |      0 |          0 |
|           flow_control_loop_pipe_U                                                                     |                                                                bd_0_hls_inst_0_fft_mdf_flow_control_loop_pipe |         14 |         14 |       0 |    0 |    1 |      0 |      0 |          0 |
|           regslice_both_s_out_V_data_V_U                                                               |                                                                         bd_0_hls_inst_0_fft_mdf_regslice_both |         73 |         73 |       0 |    0 |  260 |      0 |      0 |          0 |
|           regslice_both_s_out_V_last_V_U                                                               |                                                         bd_0_hls_inst_0_fft_mdf_regslice_both__parameterized1 |          4 |          4 |       0 |    0 |    6 |      0 |      0 |          0 |
+--------------------------------------------------------------------------------------------------------+---------------------------------------------------------------------------------------------------------------+------------+------------+---------+------+------+--------+--------+------------+
* Note: The sum of lower-level cells may be larger than their parent cells total, due to cross-hierarchy LUT combining


