Copyright 1986-2022 Xilinx, Inc. All Rights Reserved. Copyright 2022-2023 Advanced Micro Devices, Inc. All Rights Reserved.
---------------------------------------------------------------------------------------------------------------------------------------------
| Tool Version : Vivado v.2023.2 (win64) Build 4029153 Fri Oct 13 20:14:34 MDT 2023
| Date         : Tue Jun 30 21:01:55 2026
| Host         : CHNtoumas running 64-bit major release  (build 9200)
| Command      : report_design_analysis -file ./report/fft_mdf_design_analysis_synth.rpt
| Design       : bd_0_wrapper
| Device       : xc7a200t
| Design State : Synthesized
---------------------------------------------------------------------------------------------------------------------------------------------

Report Design Analysis

Table of Contents
-----------------
1. Setup Path Characteristics 1-1
2. Logic Level Distribution
3. Placer Final Level Congestion Reporting
4. SLR Net Crossing Reporting

1. Setup Path Characteristics 1-1
---------------------------------

+---------------------------+-----------------------------------------------------------------------------------------------+
|      Characteristics      |                                            Path #1                                            |
+---------------------------+-----------------------------------------------------------------------------------------------+
| Requirement               | 10.000                                                                                        |
| Path Delay                | 5.278                                                                                         |
| Logic Delay               | 2.896(55%)                                                                                    |
| Net Delay                 | 2.382(45%)                                                                                    |
| Clock Skew                | -0.039                                                                                        |
| Slack                     | 4.334                                                                                         |
| Clock Uncertainty         | 0.035                                                                                         |
| Clock Relationship        | Safely Timed                                                                                  |
| Clock Delay Group         | Same Clock                                                                                    |
| Logic Levels              | 7                                                                                             |
| Routes                    | NA                                                                                            |
| Logical Path              | RAMB36E1/CLKARDCLK-(3)-LUT2-(1)-CARRY4-CARRY4-CARRY4-CARRY4-(1)-CARRY4-LUT3-(3)-DSP48E1/D[14] |
| Start Point Clock         | ap_clk                                                                                        |
| End Point Clock           | ap_clk                                                                                        |
| DSP Block                 | Seq                                                                                           |
| RAM Registers             | DO_REG(0)-None                                                                                |
| IO Crossings              | 0                                                                                             |
| Config Crossings          | 0                                                                                             |
| SLR Crossings             | 0                                                                                             |
| PBlocks                   | 0                                                                                             |
| High Fanout               | 3                                                                                             |
| Dont Touch                | 0                                                                                             |
| Mark Debug                | 0                                                                                             |
| Start Point Pin Primitive | RAMB36E1/CLKARDCLK                                                                            |
| End Point Pin Primitive   | DSP48E1/D[14]                                                                                 |
| Start Point Pin           | mem_reg_1/CLKARDCLK                                                                           |
| End Point Pin             | p_reg_reg/D[14]                                                                               |
+---------------------------+-----------------------------------------------------------------------------------------------+
* Bounding box calculated as % of dimensions for the target device (436, 500)


2. Logic Level Distribution
---------------------------

+-----------------+-------------+----+----+----+-----+-----+-----+-----+-----+----+
| End Point Clock | Requirement |  0 |  1 |  3 |  4  |  5  |  6  |  7  |  8  |  9 |
+-----------------+-------------+----+----+----+-----+-----+-----+-----+-----+----+
| ap_clk          | 10.000ns    | 72 | 12 | 22 | 179 | 212 | 241 | 112 | 118 | 32 |
+-----------------+-------------+----+----+----+-----+-----+-----+-----+-----+----+
* Columns represent the logic levels per end point clock
** Distribution is for top worst 1000 paths


3. Placer Final Level Congestion Reporting
------------------------------------------

+-----------+------+-------+------------+--------+---------------+---------------+-----+--------+------+------+------+-----+-------+-----+------------+
| Direction | Type | Level | Congestion | Window | Combined LUTs | Avg LUT Input | LUT | LUTRAM | Flop | MUXF | RAMB | DSP | CARRY | SRL | Cell Names |
+-----------+------+-------+------------+--------+---------------+---------------+-----+--------+------+------+------+-----+-------+-----+------------+
* The design has not been placed, hence congestion data is not available. The command report_design_analysis -congestion should be run only after place_design has completed.


4. SLR Net Crossing Reporting
-----------------------------

+------------+-----------------------------+
| Cell Names | Number of Nets crossing SLR |
+------------+-----------------------------+
* The current part is not an SSI device


