Copyright 1986-2022 Xilinx, Inc. All Rights Reserved. Copyright 2022-2023 Advanced Micro Devices, Inc. All Rights Reserved.
---------------------------------------------------------------------------------------------------------------------------------------------
| Tool Version : Vivado v.2023.2 (win64) Build 4029153 Fri Oct 13 20:14:34 MDT 2023
| Date         : Tue Jun 30 21:01:54 2026
| Host         : CHNtoumas running 64-bit major release  (build 9200)
| Command      : report_timing_summary -file ./report/fft_mdf_timing_synth.rpt
| Design       : bd_0_wrapper
| Device       : 7a200t-fbg676
| Speed File   : -2  PRODUCTION 1.23 2018-06-13
| Design State : Synthesized
---------------------------------------------------------------------------------------------------------------------------------------------

Timing Summary Report

------------------------------------------------------------------------------------------------
| Timer Settings
| --------------
------------------------------------------------------------------------------------------------

  Enable Multi Corner Analysis               :  Yes
  Enable Pessimism Removal                   :  Yes
  Pessimism Removal Resolution               :  Nearest Common Node
  Enable Input Delay Default Clock           :  No
  Enable Preset / Clear Arcs                 :  No
  Disable Flight Delays                      :  No
  Ignore I/O Paths                           :  No
  Timing Early Launch at Borrowing Latches   :  No
  Borrow Time for Max Delay Exceptions       :  Yes
  Merge Timing Exceptions                    :  Yes
  Inter-SLR Compensation                     :  Conservative

  Corner  Analyze    Analyze    
  Name    Max Paths  Min Paths  
  ------  ---------  ---------  
  Slow    Yes        Yes        
  Fast    Yes        Yes        


------------------------------------------------------------------------------------------------
| Report Methodology
| ------------------
------------------------------------------------------------------------------------------------

No report available as report_methodology has not been run prior. Run report_methodology on the current design for the summary of methodology violations.



check_timing report

Table of Contents
-----------------
1. checking no_clock (0)
2. checking constant_clock (0)
3. checking pulse_width_clock (0)
4. checking unconstrained_internal_endpoints (0)
5. checking no_input_delay (132)
6. checking no_output_delay (131)
7. checking multiple_clock (0)
8. checking generated_clocks (0)
9. checking loops (0)
10. checking partial_input_delay (0)
11. checking partial_output_delay (0)
12. checking latch_loops (0)

1. checking no_clock (0)
------------------------
 There are 0 register/latch pins with no clock.


2. checking constant_clock (0)
------------------------------
 There are 0 register/latch pins with constant_clock.


3. checking pulse_width_clock (0)
---------------------------------
 There are 0 register/latch pins which need pulse_width check


4. checking unconstrained_internal_endpoints (0)
------------------------------------------------
 There are 0 pins that are not constrained for maximum delay.

 There are 0 pins that are not constrained for maximum delay due to constant clock.


5. checking no_input_delay (132)
--------------------------------
 There are 132 input ports with no input delay specified. (HIGH)

 There are 0 input ports with no input delay but user has a false path constraint.


6. checking no_output_delay (131)
---------------------------------
 There are 131 ports with no output delay specified. (HIGH)

 There are 0 ports with no output delay but user has a false path constraint

 There are 0 ports with no output delay but with a timing clock defined on it or propagating through it


7. checking multiple_clock (0)
------------------------------
 There are 0 register/latch pins with multiple clocks.


8. checking generated_clocks (0)
--------------------------------
 There are 0 generated clocks that are not connected to a clock source.


9. checking loops (0)
---------------------
 There are 0 combinational loops in the design.


10. checking partial_input_delay (0)
------------------------------------
 There are 0 input ports with partial input delay specified.


11. checking partial_output_delay (0)
-------------------------------------
 There are 0 ports with partial output delay specified.


12. checking latch_loops (0)
----------------------------
 There are 0 combinational latch loops in the design through latch input



------------------------------------------------------------------------------------------------
| Design Timing Summary
| ---------------------
------------------------------------------------------------------------------------------------

    WNS(ns)      TNS(ns)  TNS Failing Endpoints  TNS Total Endpoints      WHS(ns)      THS(ns)  THS Failing Endpoints  THS Total Endpoints     WPWS(ns)     TPWS(ns)  TPWS Failing Endpoints  TPWS Total Endpoints  
    -------      -------  ---------------------  -------------------      -------      -------  ---------------------  -------------------     --------     --------  ----------------------  --------------------  
      4.334        0.000                      0                28237        0.252        0.000                      0                28237        4.500        0.000                       0                  7672  


All user specified timing constraints are met.


------------------------------------------------------------------------------------------------
| Clock Summary
| -------------
------------------------------------------------------------------------------------------------

Clock   Waveform(ns)       Period(ns)      Frequency(MHz)
-----   ------------       ----------      --------------
ap_clk  {0.000 5.000}      10.000          100.000         


------------------------------------------------------------------------------------------------
| Intra Clock Table
| -----------------
------------------------------------------------------------------------------------------------

Clock             WNS(ns)      TNS(ns)  TNS Failing Endpoints  TNS Total Endpoints      WHS(ns)      THS(ns)  THS Failing Endpoints  THS Total Endpoints     WPWS(ns)     TPWS(ns)  TPWS Failing Endpoints  TPWS Total Endpoints  
-----             -------      -------  ---------------------  -------------------      -------      -------  ---------------------  -------------------     --------     --------  ----------------------  --------------------  
ap_clk              4.334        0.000                      0                28237        0.252        0.000                      0                28237        4.500        0.000                       0                  7672  


------------------------------------------------------------------------------------------------
| Inter Clock Table
| -----------------
------------------------------------------------------------------------------------------------

From Clock    To Clock          WNS(ns)      TNS(ns)  TNS Failing Endpoints  TNS Total Endpoints      WHS(ns)      THS(ns)  THS Failing Endpoints  THS Total Endpoints  
----------    --------          -------      -------  ---------------------  -------------------      -------      -------  ---------------------  -------------------  


------------------------------------------------------------------------------------------------
| Other Path Groups Table
| -----------------------
------------------------------------------------------------------------------------------------

Path Group    From Clock    To Clock          WNS(ns)      TNS(ns)  TNS Failing Endpoints  TNS Total Endpoints      WHS(ns)      THS(ns)  THS Failing Endpoints  THS Total Endpoints  
----------    ----------    --------          -------      -------  ---------------------  -------------------      -------      -------  ---------------------  -------------------  


------------------------------------------------------------------------------------------------
| Timing Details
| --------------
------------------------------------------------------------------------------------------------


---------------------------------------------------------------------------------------------------
From Clock:  ap_clk
  To Clock:  ap_clk

Setup :            0  Failing Endpoints,  Worst Slack        4.334ns,  Total Violation        0.000ns
Hold  :            0  Failing Endpoints,  Worst Slack        0.252ns,  Total Violation        0.000ns
PW    :            0  Failing Endpoints,  Worst Slack        4.500ns,  Total Violation        0.000ns
---------------------------------------------------------------------------------------------------


Max Delay Paths
--------------------------------------------------------------------------------------
Slack (MET) :             4.334ns  (required time - arrival time)
  Source:                 bd_0_i/hls_inst/inst/s6_U/U_fft_mdf_fifo_w129_d260_A_ram/mem_reg_1/CLKARDCLK
                            (rising edge-triggered cell RAMB36E1 clocked by ap_clk  {rise@0.000ns fall@5.000ns period=10.000ns})
  Destination:            bd_0_i/hls_inst/inst/Loop_VITIS_LOOP_95_1_proc717_U0/am_addmul_16s_16s_16s_31_4_1_U161/fft_mdf_am_addmul_16s_16s_16s_31_4_1_DSP48_3_U/p_reg_reg/D[14]
                            (rising edge-triggered cell DSP48E1 clocked by ap_clk  {rise@0.000ns fall@5.000ns period=10.000ns})
  Path Group:             ap_clk
  Path Type:              Setup (Max at Slow Process Corner)
  Requirement:            10.000ns  (ap_clk rise@10.000ns - ap_clk rise@0.000ns)
  Data Path Delay:        5.278ns  (logic 2.896ns (54.868%)  route 2.382ns (45.132%))
  Logic Levels:           7  (CARRY4=5 LUT2=1 LUT3=1)
  Clock Path Skew:        -0.039ns (DCD - SCD + CPR)
    Destination Clock Delay (DCD):    0.748ns = ( 10.748 - 10.000 ) 
    Source Clock Delay      (SCD):    0.787ns
    Clock Pessimism Removal (CPR):    0.000ns
  Clock Uncertainty:      0.035ns  ((TSJ^2 + TIJ^2)^1/2 + DJ) / 2 + PE
    Total System Jitter     (TSJ):    0.071ns
    Total Input Jitter      (TIJ):    0.000ns
    Discrete Jitter          (DJ):    0.000ns
    Phase Error              (PE):    0.000ns

    Location             Delay type                Incr(ns)  Path(ns)    Netlist Resource(s)
  -------------------------------------------------------------------    -------------------
                         (clock ap_clk rise edge)     0.000     0.000 r  
                                                      0.000     0.000 r  ap_clk (IN)
                         net (fo=7671, unset)         0.787     0.787    bd_0_i/hls_inst/inst/s6_U/U_fft_mdf_fifo_w129_d260_A_ram/ap_clk
                         RAMB36E1                                     r  bd_0_i/hls_inst/inst/s6_U/U_fft_mdf_fifo_w129_d260_A_ram/mem_reg_1/CLKARDCLK
  -------------------------------------------------------------------    -------------------
                         RAMB36E1 (Prop_ramb36e1_CLKARDCLK_DOBDO[9])
                                                      0.734     1.521 r  bd_0_i/hls_inst/inst/s6_U/U_fft_mdf_fifo_w129_d260_A_ram/mem_reg_1/DOBDO[9]
                         net (fo=3, unplaced)         0.646     2.167    bd_0_i/hls_inst/inst/Loop_VITIS_LOOP_95_1_proc717_U0/am_addmul_16s_16s_16s_31_4_1_U161/fft_mdf_am_addmul_16s_16s_16s_31_4_1_DSP48_3_U/mem_reg[17]
                         LUT2 (Prop_lut2_I1_O)        0.105     2.272 r  bd_0_i/hls_inst/inst/Loop_VITIS_LOOP_95_1_proc717_U0/am_addmul_16s_16s_16s_31_4_1_U161/fft_mdf_am_addmul_16s_16s_16s_31_4_1_DSP48_3_U/void_stage_fb_7_1_stream_mdf_word_t_0_stream_mdf_word_t_0_delay_im_7_0[2]_i_7/O
                         net (fo=1, unplaced)         0.000     2.272    bd_0_i/hls_inst/inst/Loop_VITIS_LOOP_95_1_proc717_U0/am_addmul_16s_16s_16s_31_4_1_U161/fft_mdf_am_addmul_16s_16s_16s_31_4_1_DSP48_3_U/void_stage_fb_7_1_stream_mdf_word_t_0_stream_mdf_word_t_0_delay_im_7_0[2]_i_7_n_9
                         CARRY4 (Prop_carry4_S[1]_CO[3])
                                                      0.457     2.729 r  bd_0_i/hls_inst/inst/Loop_VITIS_LOOP_95_1_proc717_U0/am_addmul_16s_16s_16s_31_4_1_U161/fft_mdf_am_addmul_16s_16s_16s_31_4_1_DSP48_3_U/void_stage_fb_7_1_stream_mdf_word_t_0_stream_mdf_word_t_0_delay_im_7_0_reg[2]_i_3/CO[3]
                         net (fo=1, unplaced)         0.008     2.737    bd_0_i/hls_inst/inst/Loop_VITIS_LOOP_95_1_proc717_U0/am_addmul_16s_16s_16s_31_4_1_U161/fft_mdf_am_addmul_16s_16s_16s_31_4_1_DSP48_3_U/void_stage_fb_7_1_stream_mdf_word_t_0_stream_mdf_word_t_0_delay_im_7_0_reg[2]_i_3_n_9
                         CARRY4 (Prop_carry4_CI_CO[3])
                                                      0.098     2.835 r  bd_0_i/hls_inst/inst/Loop_VITIS_LOOP_95_1_proc717_U0/am_addmul_16s_16s_16s_31_4_1_U161/fft_mdf_am_addmul_16s_16s_16s_31_4_1_DSP48_3_U/void_stage_fb_7_1_stream_mdf_word_t_0_stream_mdf_word_t_0_delay_im_7_0_reg[6]_i_3/CO[3]
                         net (fo=1, unplaced)         0.000     2.835    bd_0_i/hls_inst/inst/Loop_VITIS_LOOP_95_1_proc717_U0/am_addmul_16s_16s_16s_31_4_1_U161/fft_mdf_am_addmul_16s_16s_16s_31_4_1_DSP48_3_U/void_stage_fb_7_1_stream_mdf_word_t_0_stream_mdf_word_t_0_delay_im_7_0_reg[6]_i_3_n_9
                         CARRY4 (Prop_carry4_CI_O[1])
                                                      0.277     3.112 r  bd_0_i/hls_inst/inst/Loop_VITIS_LOOP_95_1_proc717_U0/am_addmul_16s_16s_16s_31_4_1_U161/fft_mdf_am_addmul_16s_16s_16s_31_4_1_DSP48_3_U/void_stage_fb_7_1_stream_mdf_word_t_0_stream_mdf_word_t_0_delay_im_7_0_reg[10]_i_3/O[1]
                         net (fo=1, unplaced)         0.564     3.676    bd_0_i/hls_inst/inst/Loop_VITIS_LOOP_95_1_proc717_U0/am_addmul_16s_16s_16s_31_4_1_U161/fft_mdf_am_addmul_16s_16s_16s_31_4_1_DSP48_3_U/diff_im_3_fu_462_p2[9]
                         CARRY4 (Prop_carry4_S[1]_CO[3])
                                                      0.700     4.376 r  bd_0_i/hls_inst/inst/Loop_VITIS_LOOP_95_1_proc717_U0/am_addmul_16s_16s_16s_31_4_1_U161/fft_mdf_am_addmul_16s_16s_16s_31_4_1_DSP48_3_U/void_stage_fb_7_1_stream_mdf_word_t_0_stream_mdf_word_t_0_delay_im_7_0_reg[10]_i_2/CO[3]
                         net (fo=1, unplaced)         0.000     4.376    bd_0_i/hls_inst/inst/Loop_VITIS_LOOP_95_1_proc717_U0/am_addmul_16s_16s_16s_31_4_1_U161/fft_mdf_am_addmul_16s_16s_16s_31_4_1_DSP48_3_U/void_stage_fb_7_1_stream_mdf_word_t_0_stream_mdf_word_t_0_delay_im_7_0_reg[10]_i_2_n_9
                         CARRY4 (Prop_carry4_CI_O[3])
                                                      0.275     4.651 r  bd_0_i/hls_inst/inst/Loop_VITIS_LOOP_95_1_proc717_U0/am_addmul_16s_16s_16s_31_4_1_U161/fft_mdf_am_addmul_16s_16s_16s_31_4_1_DSP48_3_U/void_stage_fb_7_1_stream_mdf_word_t_0_stream_mdf_word_t_0_delay_im_7_0_reg[14]_i_2/O[3]
                         net (fo=1, unplaced)         0.519     5.170    bd_0_i/hls_inst/inst/Loop_VITIS_LOOP_95_1_proc717_U0/am_addmul_16s_16s_16s_31_4_1_U161/fft_mdf_am_addmul_16s_16s_16s_31_4_1_DSP48_3_U/add_ln53_13_fu_530_p2[15]
                         LUT3 (Prop_lut3_I0_O)        0.250     5.420 r  bd_0_i/hls_inst/inst/Loop_VITIS_LOOP_95_1_proc717_U0/am_addmul_16s_16s_16s_31_4_1_U161/fft_mdf_am_addmul_16s_16s_16s_31_4_1_DSP48_3_U/void_stage_fb_7_1_stream_mdf_word_t_0_stream_mdf_word_t_0_delay_im_7_0[14]_i_1/O
                         net (fo=3, unplaced)         0.646     6.065    bd_0_i/hls_inst/inst/Loop_VITIS_LOOP_95_1_proc717_U0/am_addmul_16s_16s_16s_31_4_1_U161/fft_mdf_am_addmul_16s_16s_16s_31_4_1_DSP48_3_U/trunc_ln95_reg_1329_reg[0][14]
                         DSP48E1                                      r  bd_0_i/hls_inst/inst/Loop_VITIS_LOOP_95_1_proc717_U0/am_addmul_16s_16s_16s_31_4_1_U161/fft_mdf_am_addmul_16s_16s_16s_31_4_1_DSP48_3_U/p_reg_reg/D[14]
  -------------------------------------------------------------------    -------------------

                         (clock ap_clk rise edge)    10.000    10.000 r  
                                                      0.000    10.000 r  ap_clk (IN)
                         net (fo=7671, unset)         0.748    10.748    bd_0_i/hls_inst/inst/Loop_VITIS_LOOP_95_1_proc717_U0/am_addmul_16s_16s_16s_31_4_1_U161/fft_mdf_am_addmul_16s_16s_16s_31_4_1_DSP48_3_U/ap_clk
                         DSP48E1                                      r  bd_0_i/hls_inst/inst/Loop_VITIS_LOOP_95_1_proc717_U0/am_addmul_16s_16s_16s_31_4_1_U161/fft_mdf_am_addmul_16s_16s_16s_31_4_1_DSP48_3_U/p_reg_reg/CLK
                         clock pessimism              0.000    10.748    
                         clock uncertainty           -0.035    10.712    
                         DSP48E1 (Setup_dsp48e1_CLK_D[14])
                                                     -0.313    10.399    bd_0_i/hls_inst/inst/Loop_VITIS_LOOP_95_1_proc717_U0/am_addmul_16s_16s_16s_31_4_1_U161/fft_mdf_am_addmul_16s_16s_16s_31_4_1_DSP48_3_U/p_reg_reg
  -------------------------------------------------------------------
                         required time                         10.399    
                         arrival time                          -6.065    
  -------------------------------------------------------------------
                         slack                                  4.334    





Min Delay Paths
--------------------------------------------------------------------------------------
Slack (MET) :             0.252ns  (arrival time - required time)
  Source:                 bd_0_i/hls_inst/inst/Loop_VITIS_LOOP_95_1_proc10_U0/icmp_ln95_reg_1886_pp0_iter3_reg_reg[0]/C
                            (rising edge-triggered cell FDRE clocked by ap_clk  {rise@0.000ns fall@5.000ns period=10.000ns})
  Destination:            bd_0_i/hls_inst/inst/Loop_VITIS_LOOP_95_1_proc10_U0/icmp_ln95_reg_1886_pp0_iter3_reg_reg[0]/D
                            (rising edge-triggered cell FDRE clocked by ap_clk  {rise@0.000ns fall@5.000ns period=10.000ns})
  Path Group:             ap_clk
  Path Type:              Hold (Min at Fast Process Corner)
  Requirement:            0.000ns  (ap_clk rise@0.000ns - ap_clk rise@0.000ns)
  Data Path Delay:        0.363ns  (logic 0.239ns (65.755%)  route 0.124ns (34.245%))
  Logic Levels:           1  (LUT6=1)
  Clock Path Skew:        0.021ns (DCD - SCD - CPR)
    Destination Clock Delay (DCD):    0.411ns
    Source Clock Delay      (SCD):    0.390ns
    Clock Pessimism Removal (CPR):    -0.000ns

    Location             Delay type                Incr(ns)  Path(ns)    Netlist Resource(s)
  -------------------------------------------------------------------    -------------------
                         (clock ap_clk rise edge)     0.000     0.000 r  
                                                      0.000     0.000 r  ap_clk (IN)
                         net (fo=7671, unset)         0.390     0.390    bd_0_i/hls_inst/inst/Loop_VITIS_LOOP_95_1_proc10_U0/ap_clk
                         FDRE                                         r  bd_0_i/hls_inst/inst/Loop_VITIS_LOOP_95_1_proc10_U0/icmp_ln95_reg_1886_pp0_iter3_reg_reg[0]/C
  -------------------------------------------------------------------    -------------------
                         FDRE (Prop_fdre_C_Q)         0.141     0.531 r  bd_0_i/hls_inst/inst/Loop_VITIS_LOOP_95_1_proc10_U0/icmp_ln95_reg_1886_pp0_iter3_reg_reg[0]/Q
                         net (fo=2, unplaced)         0.124     0.656    bd_0_i/hls_inst/inst/Loop_VITIS_LOOP_95_1_proc10_U0/icmp_ln95_reg_1886_pp0_iter3_reg
                         LUT6 (Prop_lut6_I5_O)        0.098     0.754 r  bd_0_i/hls_inst/inst/Loop_VITIS_LOOP_95_1_proc10_U0/icmp_ln95_reg_1886_pp0_iter3_reg[0]_i_1/O
                         net (fo=1, unplaced)         0.000     0.754    bd_0_i/hls_inst/inst/Loop_VITIS_LOOP_95_1_proc10_U0/icmp_ln95_reg_1886_pp0_iter3_reg[0]_i_1_n_9
                         FDRE                                         r  bd_0_i/hls_inst/inst/Loop_VITIS_LOOP_95_1_proc10_U0/icmp_ln95_reg_1886_pp0_iter3_reg_reg[0]/D
  -------------------------------------------------------------------    -------------------

                         (clock ap_clk rise edge)     0.000     0.000 r  
                                                      0.000     0.000 r  ap_clk (IN)
                         net (fo=7671, unset)         0.411     0.411    bd_0_i/hls_inst/inst/Loop_VITIS_LOOP_95_1_proc10_U0/ap_clk
                         FDRE                                         r  bd_0_i/hls_inst/inst/Loop_VITIS_LOOP_95_1_proc10_U0/icmp_ln95_reg_1886_pp0_iter3_reg_reg[0]/C
                         clock pessimism              0.000     0.411    
                         FDRE (Hold_fdre_C_D)         0.091     0.502    bd_0_i/hls_inst/inst/Loop_VITIS_LOOP_95_1_proc10_U0/icmp_ln95_reg_1886_pp0_iter3_reg_reg[0]
  -------------------------------------------------------------------
                         required time                         -0.502    
                         arrival time                           0.754    
  -------------------------------------------------------------------
                         slack                                  0.252    





Pulse Width Checks
--------------------------------------------------------------------------------------
Clock Name:         ap_clk
Waveform(ns):       { 0.000 5.000 }
Period(ns):         10.000
Sources:            { ap_clk }

Check Type        Corner  Lib Pin      Reference Pin  Required(ns)  Actual(ns)  Slack(ns)  Location  Pin
Min Period        n/a     DSP48E1/CLK  n/a            3.272         10.000      6.728                bd_0_i/hls_inst/inst/Loop_VITIS_LOOP_95_1_proc10_U0/mul_ln63_44_reg_2349_reg/CLK
Low Pulse Width   Slow    FDRE/C       n/a            0.500         5.000       4.500                bd_0_i/hls_inst/inst/ap_sync_reg_channel_write_bit_reverse_buf_stream_mdf_word_t_0_stream_mdf_word_t_0_bank_1_reg/C
High Pulse Width  Slow    FDRE/C       n/a            0.500         5.000       4.500                bd_0_i/hls_inst/inst/ap_sync_reg_channel_write_bit_reverse_buf_stream_mdf_word_t_0_stream_mdf_word_t_0_bank_1_reg/C



