Copyright 1986-2022 Xilinx, Inc. All Rights Reserved. Copyright 2022-2023 Advanced Micro Devices, Inc. All Rights Reserved.
---------------------------------------------------------------------------------------------------------------------------------------------
| Tool Version : Vivado v.2023.2 (win64) Build 4029153 Fri Oct 13 20:14:34 MDT 2023
| Date         : Tue Jun 30 21:05:53 2026
| Host         : CHNtoumas running 64-bit major release  (build 9200)
| Command      : report_timing -max_paths 10 -file ./report/fft_mdf_timing_paths_routed.rpt
| Design       : bd_0_wrapper
| Device       : 7a200t-fbg676
| Speed File   : -2  PRODUCTION 1.23 2018-06-13
| Design State : Routed
---------------------------------------------------------------------------------------------------------------------------------------------

Timing Report

Slack (MET) :             3.153ns  (required time - arrival time)
  Source:                 bd_0_i/hls_inst/inst/Loop_VITIS_LOOP_95_1_proc515_U0/ap_CS_iter5_fsm_reg[1]/C
                            (rising edge-triggered cell FDRE clocked by ap_clk  {rise@0.000ns fall@5.000ns period=10.000ns})
  Destination:            bd_0_i/hls_inst/inst/Loop_VITIS_LOOP_95_1_proc515_U0/mac_muladd_16s_16s_31s_31_4_1_U126/fft_mdf_mac_muladd_16s_16s_31s_31_4_1_DSP48_0_U/p_reg_reg/CEM
                            (rising edge-triggered cell DSP48E1 clocked by ap_clk  {rise@0.000ns fall@5.000ns period=10.000ns})
  Path Group:             ap_clk
  Path Type:              Setup (Max at Slow Process Corner)
  Requirement:            10.000ns  (ap_clk rise@10.000ns - ap_clk rise@0.000ns)
  Data Path Delay:        6.567ns  (logic 0.538ns (8.193%)  route 6.029ns (91.807%))
  Logic Levels:           1  (LUT4=1)
  Clock Path Skew:        -0.039ns (DCD - SCD + CPR)
    Destination Clock Delay (DCD):    0.748ns = ( 10.748 - 10.000 ) 
    Source Clock Delay      (SCD):    0.787ns
    Clock Pessimism Removal (CPR):    0.000ns
  Clock Uncertainty:      0.035ns  ((TSJ^2 + TIJ^2)^1/2 + DJ) / 2 + PE
    Total System Jitter     (TSJ):    0.071ns
    Total Input Jitter      (TIJ):    0.000ns
    Discrete Jitter          (DJ):    0.000ns
    Phase Error              (PE):    0.000ns

    Location             Delay type                Incr(ns)  Path(ns)    Netlist Resource(s)
  -------------------------------------------------------------------    -------------------
                         (clock ap_clk rise edge)     0.000     0.000 r  
                                                      0.000     0.000 r  ap_clk (IN)
                         net (fo=7683, unset)         0.787     0.787    bd_0_i/hls_inst/inst/Loop_VITIS_LOOP_95_1_proc515_U0/ap_clk
    SLICE_X48Y78         FDRE                                         r  bd_0_i/hls_inst/inst/Loop_VITIS_LOOP_95_1_proc515_U0/ap_CS_iter5_fsm_reg[1]/C
  -------------------------------------------------------------------    -------------------
    SLICE_X48Y78         FDRE (Prop_fdre_C_Q)         0.433     1.220 f  bd_0_i/hls_inst/inst/Loop_VITIS_LOOP_95_1_proc515_U0/ap_CS_iter5_fsm_reg[1]/Q
                         net (fo=32, routed)          1.696     2.916    bd_0_i/hls_inst/inst/Loop_VITIS_LOOP_95_1_proc515_U0/void_stage_fb_5_4_stream_mdf_word_t_0_stream_mdf_word_t_0_delay_im_19_U/ram_reg_4[0]
    SLICE_X39Y74         LUT4 (Prop_lut4_I0_O)        0.105     3.021 r  bd_0_i/hls_inst/inst/Loop_VITIS_LOOP_95_1_proc515_U0/void_stage_fb_5_4_stream_mdf_word_t_0_stream_mdf_word_t_0_delay_im_19_U/ram_reg_i_9__25/O
                         net (fo=160, routed)         4.332     7.354    bd_0_i/hls_inst/inst/Loop_VITIS_LOOP_95_1_proc515_U0/mac_muladd_16s_16s_31s_31_4_1_U126/fft_mdf_mac_muladd_16s_16s_31s_31_4_1_DSP48_0_U/ap_condition_333
    DSP48_X0Y35          DSP48E1                                      r  bd_0_i/hls_inst/inst/Loop_VITIS_LOOP_95_1_proc515_U0/mac_muladd_16s_16s_31s_31_4_1_U126/fft_mdf_mac_muladd_16s_16s_31s_31_4_1_DSP48_0_U/p_reg_reg/CEM
  -------------------------------------------------------------------    -------------------

                         (clock ap_clk rise edge)    10.000    10.000 r  
                                                      0.000    10.000 r  ap_clk (IN)
                         net (fo=7683, unset)         0.748    10.748    bd_0_i/hls_inst/inst/Loop_VITIS_LOOP_95_1_proc515_U0/mac_muladd_16s_16s_31s_31_4_1_U126/fft_mdf_mac_muladd_16s_16s_31s_31_4_1_DSP48_0_U/ap_clk
    DSP48_X0Y35          DSP48E1                                      r  bd_0_i/hls_inst/inst/Loop_VITIS_LOOP_95_1_proc515_U0/mac_muladd_16s_16s_31s_31_4_1_U126/fft_mdf_mac_muladd_16s_16s_31s_31_4_1_DSP48_0_U/p_reg_reg/CLK
                         clock pessimism              0.000    10.748    
                         clock uncertainty           -0.035    10.712    
    DSP48_X0Y35          DSP48E1 (Setup_dsp48e1_CLK_CEM)
                                                     -0.205    10.507    bd_0_i/hls_inst/inst/Loop_VITIS_LOOP_95_1_proc515_U0/mac_muladd_16s_16s_31s_31_4_1_U126/fft_mdf_mac_muladd_16s_16s_31s_31_4_1_DSP48_0_U/p_reg_reg
  -------------------------------------------------------------------
                         required time                         10.507    
                         arrival time                          -7.354    
  -------------------------------------------------------------------
                         slack                                  3.153    

Slack (MET) :             3.197ns  (required time - arrival time)
  Source:                 bd_0_i/hls_inst/inst/Loop_VITIS_LOOP_95_1_proc515_U0/ap_CS_iter5_fsm_reg[1]/C
                            (rising edge-triggered cell FDRE clocked by ap_clk  {rise@0.000ns fall@5.000ns period=10.000ns})
  Destination:            bd_0_i/hls_inst/inst/Loop_VITIS_LOOP_95_1_proc515_U0/ap_phi_reg_pp0_iter4_out_re_33_reg_395_reg[11]/CE
                            (rising edge-triggered cell FDRE clocked by ap_clk  {rise@0.000ns fall@5.000ns period=10.000ns})
  Path Group:             ap_clk
  Path Type:              Setup (Max at Slow Process Corner)
  Requirement:            10.000ns  (ap_clk rise@10.000ns - ap_clk rise@0.000ns)
  Data Path Delay:        6.560ns  (logic 0.538ns (8.201%)  route 6.022ns (91.799%))
  Logic Levels:           1  (LUT4=1)
  Clock Path Skew:        -0.039ns (DCD - SCD + CPR)
    Destination Clock Delay (DCD):    0.748ns = ( 10.748 - 10.000 ) 
    Source Clock Delay      (SCD):    0.787ns
    Clock Pessimism Removal (CPR):    0.000ns
  Clock Uncertainty:      0.035ns  ((TSJ^2 + TIJ^2)^1/2 + DJ) / 2 + PE
    Total System Jitter     (TSJ):    0.071ns
    Total Input Jitter      (TIJ):    0.000ns
    Discrete Jitter          (DJ):    0.000ns
    Phase Error              (PE):    0.000ns

    Location             Delay type                Incr(ns)  Path(ns)    Netlist Resource(s)
  -------------------------------------------------------------------    -------------------
                         (clock ap_clk rise edge)     0.000     0.000 r  
                                                      0.000     0.000 r  ap_clk (IN)
                         net (fo=7683, unset)         0.787     0.787    bd_0_i/hls_inst/inst/Loop_VITIS_LOOP_95_1_proc515_U0/ap_clk
    SLICE_X48Y78         FDRE                                         r  bd_0_i/hls_inst/inst/Loop_VITIS_LOOP_95_1_proc515_U0/ap_CS_iter5_fsm_reg[1]/C
  -------------------------------------------------------------------    -------------------
    SLICE_X48Y78         FDRE (Prop_fdre_C_Q)         0.433     1.220 f  bd_0_i/hls_inst/inst/Loop_VITIS_LOOP_95_1_proc515_U0/ap_CS_iter5_fsm_reg[1]/Q
                         net (fo=32, routed)          1.696     2.916    bd_0_i/hls_inst/inst/Loop_VITIS_LOOP_95_1_proc515_U0/void_stage_fb_5_4_stream_mdf_word_t_0_stream_mdf_word_t_0_delay_im_19_U/ram_reg_4[0]
    SLICE_X39Y74         LUT4 (Prop_lut4_I0_O)        0.105     3.021 r  bd_0_i/hls_inst/inst/Loop_VITIS_LOOP_95_1_proc515_U0/void_stage_fb_5_4_stream_mdf_word_t_0_stream_mdf_word_t_0_delay_im_19_U/ram_reg_i_9__25/O
                         net (fo=160, routed)         4.326     7.347    bd_0_i/hls_inst/inst/Loop_VITIS_LOOP_95_1_proc515_U0/ap_condition_333
    SLICE_X17Y86         FDRE                                         r  bd_0_i/hls_inst/inst/Loop_VITIS_LOOP_95_1_proc515_U0/ap_phi_reg_pp0_iter4_out_re_33_reg_395_reg[11]/CE
  -------------------------------------------------------------------    -------------------

                         (clock ap_clk rise edge)    10.000    10.000 r  
                                                      0.000    10.000 r  ap_clk (IN)
                         net (fo=7683, unset)         0.748    10.748    bd_0_i/hls_inst/inst/Loop_VITIS_LOOP_95_1_proc515_U0/ap_clk
    SLICE_X17Y86         FDRE                                         r  bd_0_i/hls_inst/inst/Loop_VITIS_LOOP_95_1_proc515_U0/ap_phi_reg_pp0_iter4_out_re_33_reg_395_reg[11]/C
                         clock pessimism              0.000    10.748    
                         clock uncertainty           -0.035    10.712    
    SLICE_X17Y86         FDRE (Setup_fdre_C_CE)      -0.168    10.544    bd_0_i/hls_inst/inst/Loop_VITIS_LOOP_95_1_proc515_U0/ap_phi_reg_pp0_iter4_out_re_33_reg_395_reg[11]
  -------------------------------------------------------------------
                         required time                         10.544    
                         arrival time                          -7.347    
  -------------------------------------------------------------------
                         slack                                  3.197    

Slack (MET) :             3.197ns  (required time - arrival time)
  Source:                 bd_0_i/hls_inst/inst/Loop_VITIS_LOOP_95_1_proc515_U0/ap_CS_iter5_fsm_reg[1]/C
                            (rising edge-triggered cell FDRE clocked by ap_clk  {rise@0.000ns fall@5.000ns period=10.000ns})
  Destination:            bd_0_i/hls_inst/inst/Loop_VITIS_LOOP_95_1_proc515_U0/ap_phi_reg_pp0_iter4_out_re_33_reg_395_reg[12]/CE
                            (rising edge-triggered cell FDRE clocked by ap_clk  {rise@0.000ns fall@5.000ns period=10.000ns})
  Path Group:             ap_clk
  Path Type:              Setup (Max at Slow Process Corner)
  Requirement:            10.000ns  (ap_clk rise@10.000ns - ap_clk rise@0.000ns)
  Data Path Delay:        6.560ns  (logic 0.538ns (8.201%)  route 6.022ns (91.799%))
  Logic Levels:           1  (LUT4=1)
  Clock Path Skew:        -0.039ns (DCD - SCD + CPR)
    Destination Clock Delay (DCD):    0.748ns = ( 10.748 - 10.000 ) 
    Source Clock Delay      (SCD):    0.787ns
    Clock Pessimism Removal (CPR):    0.000ns
  Clock Uncertainty:      0.035ns  ((TSJ^2 + TIJ^2)^1/2 + DJ) / 2 + PE
    Total System Jitter     (TSJ):    0.071ns
    Total Input Jitter      (TIJ):    0.000ns
    Discrete Jitter          (DJ):    0.000ns
    Phase Error              (PE):    0.000ns

    Location             Delay type                Incr(ns)  Path(ns)    Netlist Resource(s)
  -------------------------------------------------------------------    -------------------
                         (clock ap_clk rise edge)     0.000     0.000 r  
                                                      0.000     0.000 r  ap_clk (IN)
                         net (fo=7683, unset)         0.787     0.787    bd_0_i/hls_inst/inst/Loop_VITIS_LOOP_95_1_proc515_U0/ap_clk
    SLICE_X48Y78         FDRE                                         r  bd_0_i/hls_inst/inst/Loop_VITIS_LOOP_95_1_proc515_U0/ap_CS_iter5_fsm_reg[1]/C
  -------------------------------------------------------------------    -------------------
    SLICE_X48Y78         FDRE (Prop_fdre_C_Q)         0.433     1.220 f  bd_0_i/hls_inst/inst/Loop_VITIS_LOOP_95_1_proc515_U0/ap_CS_iter5_fsm_reg[1]/Q
                         net (fo=32, routed)          1.696     2.916    bd_0_i/hls_inst/inst/Loop_VITIS_LOOP_95_1_proc515_U0/void_stage_fb_5_4_stream_mdf_word_t_0_stream_mdf_word_t_0_delay_im_19_U/ram_reg_4[0]
    SLICE_X39Y74         LUT4 (Prop_lut4_I0_O)        0.105     3.021 r  bd_0_i/hls_inst/inst/Loop_VITIS_LOOP_95_1_proc515_U0/void_stage_fb_5_4_stream_mdf_word_t_0_stream_mdf_word_t_0_delay_im_19_U/ram_reg_i_9__25/O
                         net (fo=160, routed)         4.326     7.347    bd_0_i/hls_inst/inst/Loop_VITIS_LOOP_95_1_proc515_U0/ap_condition_333
    SLICE_X17Y86         FDRE                                         r  bd_0_i/hls_inst/inst/Loop_VITIS_LOOP_95_1_proc515_U0/ap_phi_reg_pp0_iter4_out_re_33_reg_395_reg[12]/CE
  -------------------------------------------------------------------    -------------------

                         (clock ap_clk rise edge)    10.000    10.000 r  
                                                      0.000    10.000 r  ap_clk (IN)
                         net (fo=7683, unset)         0.748    10.748    bd_0_i/hls_inst/inst/Loop_VITIS_LOOP_95_1_proc515_U0/ap_clk
    SLICE_X17Y86         FDRE                                         r  bd_0_i/hls_inst/inst/Loop_VITIS_LOOP_95_1_proc515_U0/ap_phi_reg_pp0_iter4_out_re_33_reg_395_reg[12]/C
                         clock pessimism              0.000    10.748    
                         clock uncertainty           -0.035    10.712    
    SLICE_X17Y86         FDRE (Setup_fdre_C_CE)      -0.168    10.544    bd_0_i/hls_inst/inst/Loop_VITIS_LOOP_95_1_proc515_U0/ap_phi_reg_pp0_iter4_out_re_33_reg_395_reg[12]
  -------------------------------------------------------------------
                         required time                         10.544    
                         arrival time                          -7.347    
  -------------------------------------------------------------------
                         slack                                  3.197    

Slack (MET) :             3.197ns  (required time - arrival time)
  Source:                 bd_0_i/hls_inst/inst/Loop_VITIS_LOOP_95_1_proc515_U0/ap_CS_iter5_fsm_reg[1]/C
                            (rising edge-triggered cell FDRE clocked by ap_clk  {rise@0.000ns fall@5.000ns period=10.000ns})
  Destination:            bd_0_i/hls_inst/inst/Loop_VITIS_LOOP_95_1_proc515_U0/ap_phi_reg_pp0_iter4_out_re_33_reg_395_reg[13]/CE
                            (rising edge-triggered cell FDRE clocked by ap_clk  {rise@0.000ns fall@5.000ns period=10.000ns})
  Path Group:             ap_clk
  Path Type:              Setup (Max at Slow Process Corner)
  Requirement:            10.000ns  (ap_clk rise@10.000ns - ap_clk rise@0.000ns)
  Data Path Delay:        6.560ns  (logic 0.538ns (8.201%)  route 6.022ns (91.799%))
  Logic Levels:           1  (LUT4=1)
  Clock Path Skew:        -0.039ns (DCD - SCD + CPR)
    Destination Clock Delay (DCD):    0.748ns = ( 10.748 - 10.000 ) 
    Source Clock Delay      (SCD):    0.787ns
    Clock Pessimism Removal (CPR):    0.000ns
  Clock Uncertainty:      0.035ns  ((TSJ^2 + TIJ^2)^1/2 + DJ) / 2 + PE
    Total System Jitter     (TSJ):    0.071ns
    Total Input Jitter      (TIJ):    0.000ns
    Discrete Jitter          (DJ):    0.000ns
    Phase Error              (PE):    0.000ns

    Location             Delay type                Incr(ns)  Path(ns)    Netlist Resource(s)
  -------------------------------------------------------------------    -------------------
                         (clock ap_clk rise edge)     0.000     0.000 r  
                                                      0.000     0.000 r  ap_clk (IN)
                         net (fo=7683, unset)         0.787     0.787    bd_0_i/hls_inst/inst/Loop_VITIS_LOOP_95_1_proc515_U0/ap_clk
    SLICE_X48Y78         FDRE                                         r  bd_0_i/hls_inst/inst/Loop_VITIS_LOOP_95_1_proc515_U0/ap_CS_iter5_fsm_reg[1]/C
  -------------------------------------------------------------------    -------------------
    SLICE_X48Y78         FDRE (Prop_fdre_C_Q)         0.433     1.220 f  bd_0_i/hls_inst/inst/Loop_VITIS_LOOP_95_1_proc515_U0/ap_CS_iter5_fsm_reg[1]/Q
                         net (fo=32, routed)          1.696     2.916    bd_0_i/hls_inst/inst/Loop_VITIS_LOOP_95_1_proc515_U0/void_stage_fb_5_4_stream_mdf_word_t_0_stream_mdf_word_t_0_delay_im_19_U/ram_reg_4[0]
    SLICE_X39Y74         LUT4 (Prop_lut4_I0_O)        0.105     3.021 r  bd_0_i/hls_inst/inst/Loop_VITIS_LOOP_95_1_proc515_U0/void_stage_fb_5_4_stream_mdf_word_t_0_stream_mdf_word_t_0_delay_im_19_U/ram_reg_i_9__25/O
                         net (fo=160, routed)         4.326     7.347    bd_0_i/hls_inst/inst/Loop_VITIS_LOOP_95_1_proc515_U0/ap_condition_333
    SLICE_X17Y86         FDRE                                         r  bd_0_i/hls_inst/inst/Loop_VITIS_LOOP_95_1_proc515_U0/ap_phi_reg_pp0_iter4_out_re_33_reg_395_reg[13]/CE
  -------------------------------------------------------------------    -------------------

                         (clock ap_clk rise edge)    10.000    10.000 r  
                                                      0.000    10.000 r  ap_clk (IN)
                         net (fo=7683, unset)         0.748    10.748    bd_0_i/hls_inst/inst/Loop_VITIS_LOOP_95_1_proc515_U0/ap_clk
    SLICE_X17Y86         FDRE                                         r  bd_0_i/hls_inst/inst/Loop_VITIS_LOOP_95_1_proc515_U0/ap_phi_reg_pp0_iter4_out_re_33_reg_395_reg[13]/C
                         clock pessimism              0.000    10.748    
                         clock uncertainty           -0.035    10.712    
    SLICE_X17Y86         FDRE (Setup_fdre_C_CE)      -0.168    10.544    bd_0_i/hls_inst/inst/Loop_VITIS_LOOP_95_1_proc515_U0/ap_phi_reg_pp0_iter4_out_re_33_reg_395_reg[13]
  -------------------------------------------------------------------
                         required time                         10.544    
                         arrival time                          -7.347    
  -------------------------------------------------------------------
                         slack                                  3.197    

Slack (MET) :             3.197ns  (required time - arrival time)
  Source:                 bd_0_i/hls_inst/inst/Loop_VITIS_LOOP_95_1_proc515_U0/ap_CS_iter5_fsm_reg[1]/C
                            (rising edge-triggered cell FDRE clocked by ap_clk  {rise@0.000ns fall@5.000ns period=10.000ns})
  Destination:            bd_0_i/hls_inst/inst/Loop_VITIS_LOOP_95_1_proc515_U0/ap_phi_reg_pp0_iter4_out_re_33_reg_395_reg[14]/CE
                            (rising edge-triggered cell FDRE clocked by ap_clk  {rise@0.000ns fall@5.000ns period=10.000ns})
  Path Group:             ap_clk
  Path Type:              Setup (Max at Slow Process Corner)
  Requirement:            10.000ns  (ap_clk rise@10.000ns - ap_clk rise@0.000ns)
  Data Path Delay:        6.560ns  (logic 0.538ns (8.201%)  route 6.022ns (91.799%))
  Logic Levels:           1  (LUT4=1)
  Clock Path Skew:        -0.039ns (DCD - SCD + CPR)
    Destination Clock Delay (DCD):    0.748ns = ( 10.748 - 10.000 ) 
    Source Clock Delay      (SCD):    0.787ns
    Clock Pessimism Removal (CPR):    0.000ns
  Clock Uncertainty:      0.035ns  ((TSJ^2 + TIJ^2)^1/2 + DJ) / 2 + PE
    Total System Jitter     (TSJ):    0.071ns
    Total Input Jitter      (TIJ):    0.000ns
    Discrete Jitter          (DJ):    0.000ns
    Phase Error              (PE):    0.000ns

    Location             Delay type                Incr(ns)  Path(ns)    Netlist Resource(s)
  -------------------------------------------------------------------    -------------------
                         (clock ap_clk rise edge)     0.000     0.000 r  
                                                      0.000     0.000 r  ap_clk (IN)
                         net (fo=7683, unset)         0.787     0.787    bd_0_i/hls_inst/inst/Loop_VITIS_LOOP_95_1_proc515_U0/ap_clk
    SLICE_X48Y78         FDRE                                         r  bd_0_i/hls_inst/inst/Loop_VITIS_LOOP_95_1_proc515_U0/ap_CS_iter5_fsm_reg[1]/C
  -------------------------------------------------------------------    -------------------
    SLICE_X48Y78         FDRE (Prop_fdre_C_Q)         0.433     1.220 f  bd_0_i/hls_inst/inst/Loop_VITIS_LOOP_95_1_proc515_U0/ap_CS_iter5_fsm_reg[1]/Q
                         net (fo=32, routed)          1.696     2.916    bd_0_i/hls_inst/inst/Loop_VITIS_LOOP_95_1_proc515_U0/void_stage_fb_5_4_stream_mdf_word_t_0_stream_mdf_word_t_0_delay_im_19_U/ram_reg_4[0]
    SLICE_X39Y74         LUT4 (Prop_lut4_I0_O)        0.105     3.021 r  bd_0_i/hls_inst/inst/Loop_VITIS_LOOP_95_1_proc515_U0/void_stage_fb_5_4_stream_mdf_word_t_0_stream_mdf_word_t_0_delay_im_19_U/ram_reg_i_9__25/O
                         net (fo=160, routed)         4.326     7.347    bd_0_i/hls_inst/inst/Loop_VITIS_LOOP_95_1_proc515_U0/ap_condition_333
    SLICE_X17Y86         FDRE                                         r  bd_0_i/hls_inst/inst/Loop_VITIS_LOOP_95_1_proc515_U0/ap_phi_reg_pp0_iter4_out_re_33_reg_395_reg[14]/CE
  -------------------------------------------------------------------    -------------------

                         (clock ap_clk rise edge)    10.000    10.000 r  
                                                      0.000    10.000 r  ap_clk (IN)
                         net (fo=7683, unset)         0.748    10.748    bd_0_i/hls_inst/inst/Loop_VITIS_LOOP_95_1_proc515_U0/ap_clk
    SLICE_X17Y86         FDRE                                         r  bd_0_i/hls_inst/inst/Loop_VITIS_LOOP_95_1_proc515_U0/ap_phi_reg_pp0_iter4_out_re_33_reg_395_reg[14]/C
                         clock pessimism              0.000    10.748    
                         clock uncertainty           -0.035    10.712    
    SLICE_X17Y86         FDRE (Setup_fdre_C_CE)      -0.168    10.544    bd_0_i/hls_inst/inst/Loop_VITIS_LOOP_95_1_proc515_U0/ap_phi_reg_pp0_iter4_out_re_33_reg_395_reg[14]
  -------------------------------------------------------------------
                         required time                         10.544    
                         arrival time                          -7.347    
  -------------------------------------------------------------------
                         slack                                  3.197    

Slack (MET) :             3.232ns  (required time - arrival time)
  Source:                 bd_0_i/hls_inst/inst/Loop_VITIS_LOOP_95_1_proc10_U0/icmp_ln95_reg_1886_pp0_iter4_reg_reg[0]/C
                            (rising edge-triggered cell FDRE clocked by ap_clk  {rise@0.000ns fall@5.000ns period=10.000ns})
  Destination:            bd_0_i/hls_inst/inst/Loop_VITIS_LOOP_95_1_proc10_U0/void_stage_fb_0_128_stream_mdf_word_t_0_stream_mdf_word_t_0_delay_re_46_U/ram_reg/ENBWREN
                            (rising edge-triggered cell RAMB18E1 clocked by ap_clk  {rise@0.000ns fall@5.000ns period=10.000ns})
  Path Group:             ap_clk
  Path Type:              Setup (Max at Slow Process Corner)
  Requirement:            10.000ns  (ap_clk rise@10.000ns - ap_clk rise@0.000ns)
  Data Path Delay:        6.147ns  (logic 0.792ns (12.884%)  route 5.355ns (87.116%))
  Logic Levels:           2  (LUT2=1 LUT4=1)
  Clock Path Skew:        -0.039ns (DCD - SCD + CPR)
    Destination Clock Delay (DCD):    0.748ns = ( 10.748 - 10.000 ) 
    Source Clock Delay      (SCD):    0.787ns
    Clock Pessimism Removal (CPR):    0.000ns
  Clock Uncertainty:      0.035ns  ((TSJ^2 + TIJ^2)^1/2 + DJ) / 2 + PE
    Total System Jitter     (TSJ):    0.071ns
    Total Input Jitter      (TIJ):    0.000ns
    Discrete Jitter          (DJ):    0.000ns
    Phase Error              (PE):    0.000ns

    Location             Delay type                Incr(ns)  Path(ns)    Netlist Resource(s)
  -------------------------------------------------------------------    -------------------
                         (clock ap_clk rise edge)     0.000     0.000 r  
                                                      0.000     0.000 r  ap_clk (IN)
                         net (fo=7683, unset)         0.787     0.787    bd_0_i/hls_inst/inst/Loop_VITIS_LOOP_95_1_proc10_U0/ap_clk
    SLICE_X29Y20         FDRE                                         r  bd_0_i/hls_inst/inst/Loop_VITIS_LOOP_95_1_proc10_U0/icmp_ln95_reg_1886_pp0_iter4_reg_reg[0]/C
  -------------------------------------------------------------------    -------------------
    SLICE_X29Y20         FDRE (Prop_fdre_C_Q)         0.379     1.166 r  bd_0_i/hls_inst/inst/Loop_VITIS_LOOP_95_1_proc10_U0/icmp_ln95_reg_1886_pp0_iter4_reg_reg[0]/Q
                         net (fo=159, routed)         1.606     2.772    bd_0_i/hls_inst/inst/Loop_VITIS_LOOP_95_1_proc10_U0/void_stage_fb_0_128_stream_mdf_word_t_0_stream_mdf_word_t_0_delay_im_49_U/ram_reg_3
    SLICE_X30Y26         LUT4 (Prop_lut4_I2_O)        0.126     2.898 r  bd_0_i/hls_inst/inst/Loop_VITIS_LOOP_95_1_proc10_U0/void_stage_fb_0_128_stream_mdf_word_t_0_stream_mdf_word_t_0_delay_im_49_U/ram_reg_i_9/O
                         net (fo=160, routed)         3.031     5.929    bd_0_i/hls_inst/inst/Loop_VITIS_LOOP_95_1_proc10_U0/void_stage_fb_0_128_stream_mdf_word_t_0_stream_mdf_word_t_0_delay_re_46_U/ap_condition_345
    SLICE_X42Y14         LUT2 (Prop_lut2_I1_O)        0.287     6.216 r  bd_0_i/hls_inst/inst/Loop_VITIS_LOOP_95_1_proc10_U0/void_stage_fb_0_128_stream_mdf_word_t_0_stream_mdf_word_t_0_delay_re_46_U/ram_reg_ENBWREN_cooolgate_en_gate_29/O
                         net (fo=1, routed)           0.718     6.934    bd_0_i/hls_inst/inst/Loop_VITIS_LOOP_95_1_proc10_U0/void_stage_fb_0_128_stream_mdf_word_t_0_stream_mdf_word_t_0_delay_re_46_U/ram_reg_ENBWREN_cooolgate_en_sig_23
    RAMB18_X2Y7          RAMB18E1                                     r  bd_0_i/hls_inst/inst/Loop_VITIS_LOOP_95_1_proc10_U0/void_stage_fb_0_128_stream_mdf_word_t_0_stream_mdf_word_t_0_delay_re_46_U/ram_reg/ENBWREN
  -------------------------------------------------------------------    -------------------

                         (clock ap_clk rise edge)    10.000    10.000 r  
                                                      0.000    10.000 r  ap_clk (IN)
                         net (fo=7683, unset)         0.748    10.748    bd_0_i/hls_inst/inst/Loop_VITIS_LOOP_95_1_proc10_U0/void_stage_fb_0_128_stream_mdf_word_t_0_stream_mdf_word_t_0_delay_re_46_U/ap_clk
    RAMB18_X2Y7          RAMB18E1                                     r  bd_0_i/hls_inst/inst/Loop_VITIS_LOOP_95_1_proc10_U0/void_stage_fb_0_128_stream_mdf_word_t_0_stream_mdf_word_t_0_delay_re_46_U/ram_reg/CLKBWRCLK
                         clock pessimism              0.000    10.748    
                         clock uncertainty           -0.035    10.712    
    RAMB18_X2Y7          RAMB18E1 (Setup_ramb18e1_CLKBWRCLK_ENBWREN)
                                                     -0.546    10.166    bd_0_i/hls_inst/inst/Loop_VITIS_LOOP_95_1_proc10_U0/void_stage_fb_0_128_stream_mdf_word_t_0_stream_mdf_word_t_0_delay_re_46_U/ram_reg
  -------------------------------------------------------------------
                         required time                         10.166    
                         arrival time                          -6.934    
  -------------------------------------------------------------------
                         slack                                  3.232    

Slack (MET) :             3.262ns  (required time - arrival time)
  Source:                 bd_0_i/hls_inst/inst/Loop_VITIS_LOOP_95_1_proc515_U0/icmp_ln95_reg_1741_pp0_iter4_reg_reg[0]/C
                            (rising edge-triggered cell FDRE clocked by ap_clk  {rise@0.000ns fall@5.000ns period=10.000ns})
  Destination:            bd_0_i/hls_inst/inst/s5_U/U_fft_mdf_fifo_w129_d260_A_ram/mem_reg_1/WEBWE[2]
                            (rising edge-triggered cell RAMB36E1 clocked by ap_clk  {rise@0.000ns fall@5.000ns period=10.000ns})
  Path Group:             ap_clk
  Path Type:              Setup (Max at Slow Process Corner)
  Requirement:            10.000ns  (ap_clk rise@10.000ns - ap_clk rise@0.000ns)
  Data Path Delay:        6.187ns  (logic 0.484ns (7.823%)  route 5.703ns (92.177%))
  Logic Levels:           1  (LUT3=1)
  Clock Path Skew:        -0.039ns (DCD - SCD + CPR)
    Destination Clock Delay (DCD):    0.748ns = ( 10.748 - 10.000 ) 
    Source Clock Delay      (SCD):    0.787ns
    Clock Pessimism Removal (CPR):    0.000ns
  Clock Uncertainty:      0.035ns  ((TSJ^2 + TIJ^2)^1/2 + DJ) / 2 + PE
    Total System Jitter     (TSJ):    0.071ns
    Total Input Jitter      (TIJ):    0.000ns
    Discrete Jitter          (DJ):    0.000ns
    Phase Error              (PE):    0.000ns

    Location             Delay type                Incr(ns)  Path(ns)    Netlist Resource(s)
  -------------------------------------------------------------------    -------------------
                         (clock ap_clk rise edge)     0.000     0.000 r  
                                                      0.000     0.000 r  ap_clk (IN)
                         net (fo=7683, unset)         0.787     0.787    bd_0_i/hls_inst/inst/Loop_VITIS_LOOP_95_1_proc515_U0/ap_clk
    SLICE_X41Y74         FDRE                                         r  bd_0_i/hls_inst/inst/Loop_VITIS_LOOP_95_1_proc515_U0/icmp_ln95_reg_1741_pp0_iter4_reg_reg[0]/C
  -------------------------------------------------------------------    -------------------
    SLICE_X41Y74         FDRE (Prop_fdre_C_Q)         0.379     1.166 f  bd_0_i/hls_inst/inst/Loop_VITIS_LOOP_95_1_proc515_U0/icmp_ln95_reg_1741_pp0_iter4_reg_reg[0]/Q
                         net (fo=160, routed)         3.011     4.177    bd_0_i/hls_inst/inst/Loop_VITIS_LOOP_95_1_proc515_U0/icmp_ln95_reg_1741_pp0_iter4_reg_reg[0]_0
    SLICE_X50Y79         LUT3 (Prop_lut3_I0_O)        0.105     4.282 r  bd_0_i/hls_inst/inst/Loop_VITIS_LOOP_95_1_proc515_U0/mem_reg_0_i_74__4/O
                         net (fo=27, routed)          2.692     6.974    bd_0_i/hls_inst/inst/s5_U/U_fft_mdf_fifo_w129_d260_A_ram/WEBWE[0]
    RAMB36_X4Y16         RAMB36E1                                     r  bd_0_i/hls_inst/inst/s5_U/U_fft_mdf_fifo_w129_d260_A_ram/mem_reg_1/WEBWE[2]
  -------------------------------------------------------------------    -------------------

                         (clock ap_clk rise edge)    10.000    10.000 r  
                                                      0.000    10.000 r  ap_clk (IN)
                         net (fo=7683, unset)         0.748    10.748    bd_0_i/hls_inst/inst/s5_U/U_fft_mdf_fifo_w129_d260_A_ram/ap_clk
    RAMB36_X4Y16         RAMB36E1                                     r  bd_0_i/hls_inst/inst/s5_U/U_fft_mdf_fifo_w129_d260_A_ram/mem_reg_1/CLKBWRCLK
                         clock pessimism              0.000    10.748    
                         clock uncertainty           -0.035    10.712    
    RAMB36_X4Y16         RAMB36E1 (Setup_ramb36e1_CLKBWRCLK_WEBWE[2])
                                                     -0.476    10.236    bd_0_i/hls_inst/inst/s5_U/U_fft_mdf_fifo_w129_d260_A_ram/mem_reg_1
  -------------------------------------------------------------------
                         required time                         10.236    
                         arrival time                          -6.974    
  -------------------------------------------------------------------
                         slack                                  3.262    

Slack (MET) :             3.262ns  (required time - arrival time)
  Source:                 bd_0_i/hls_inst/inst/Loop_VITIS_LOOP_95_1_proc515_U0/icmp_ln95_reg_1741_pp0_iter4_reg_reg[0]/C
                            (rising edge-triggered cell FDRE clocked by ap_clk  {rise@0.000ns fall@5.000ns period=10.000ns})
  Destination:            bd_0_i/hls_inst/inst/s5_U/U_fft_mdf_fifo_w129_d260_A_ram/mem_reg_1/WEBWE[3]
                            (rising edge-triggered cell RAMB36E1 clocked by ap_clk  {rise@0.000ns fall@5.000ns period=10.000ns})
  Path Group:             ap_clk
  Path Type:              Setup (Max at Slow Process Corner)
  Requirement:            10.000ns  (ap_clk rise@10.000ns - ap_clk rise@0.000ns)
  Data Path Delay:        6.187ns  (logic 0.484ns (7.823%)  route 5.703ns (92.177%))
  Logic Levels:           1  (LUT3=1)
  Clock Path Skew:        -0.039ns (DCD - SCD + CPR)
    Destination Clock Delay (DCD):    0.748ns = ( 10.748 - 10.000 ) 
    Source Clock Delay      (SCD):    0.787ns
    Clock Pessimism Removal (CPR):    0.000ns
  Clock Uncertainty:      0.035ns  ((TSJ^2 + TIJ^2)^1/2 + DJ) / 2 + PE
    Total System Jitter     (TSJ):    0.071ns
    Total Input Jitter      (TIJ):    0.000ns
    Discrete Jitter          (DJ):    0.000ns
    Phase Error              (PE):    0.000ns

    Location             Delay type                Incr(ns)  Path(ns)    Netlist Resource(s)
  -------------------------------------------------------------------    -------------------
                         (clock ap_clk rise edge)     0.000     0.000 r  
                                                      0.000     0.000 r  ap_clk (IN)
                         net (fo=7683, unset)         0.787     0.787    bd_0_i/hls_inst/inst/Loop_VITIS_LOOP_95_1_proc515_U0/ap_clk
    SLICE_X41Y74         FDRE                                         r  bd_0_i/hls_inst/inst/Loop_VITIS_LOOP_95_1_proc515_U0/icmp_ln95_reg_1741_pp0_iter4_reg_reg[0]/C
  -------------------------------------------------------------------    -------------------
    SLICE_X41Y74         FDRE (Prop_fdre_C_Q)         0.379     1.166 f  bd_0_i/hls_inst/inst/Loop_VITIS_LOOP_95_1_proc515_U0/icmp_ln95_reg_1741_pp0_iter4_reg_reg[0]/Q
                         net (fo=160, routed)         3.011     4.177    bd_0_i/hls_inst/inst/Loop_VITIS_LOOP_95_1_proc515_U0/icmp_ln95_reg_1741_pp0_iter4_reg_reg[0]_0
    SLICE_X50Y79         LUT3 (Prop_lut3_I0_O)        0.105     4.282 r  bd_0_i/hls_inst/inst/Loop_VITIS_LOOP_95_1_proc515_U0/mem_reg_0_i_74__4/O
                         net (fo=27, routed)          2.692     6.974    bd_0_i/hls_inst/inst/s5_U/U_fft_mdf_fifo_w129_d260_A_ram/WEBWE[0]
    RAMB36_X4Y16         RAMB36E1                                     r  bd_0_i/hls_inst/inst/s5_U/U_fft_mdf_fifo_w129_d260_A_ram/mem_reg_1/WEBWE[3]
  -------------------------------------------------------------------    -------------------

                         (clock ap_clk rise edge)    10.000    10.000 r  
                                                      0.000    10.000 r  ap_clk (IN)
                         net (fo=7683, unset)         0.748    10.748    bd_0_i/hls_inst/inst/s5_U/U_fft_mdf_fifo_w129_d260_A_ram/ap_clk
    RAMB36_X4Y16         RAMB36E1                                     r  bd_0_i/hls_inst/inst/s5_U/U_fft_mdf_fifo_w129_d260_A_ram/mem_reg_1/CLKBWRCLK
                         clock pessimism              0.000    10.748    
                         clock uncertainty           -0.035    10.712    
    RAMB36_X4Y16         RAMB36E1 (Setup_ramb36e1_CLKBWRCLK_WEBWE[3])
                                                     -0.476    10.236    bd_0_i/hls_inst/inst/s5_U/U_fft_mdf_fifo_w129_d260_A_ram/mem_reg_1
  -------------------------------------------------------------------
                         required time                         10.236    
                         arrival time                          -6.974    
  -------------------------------------------------------------------
                         slack                                  3.262    

Slack (MET) :             3.308ns  (required time - arrival time)
  Source:                 bd_0_i/hls_inst/inst/Loop_VITIS_LOOP_95_1_proc515_U0/ap_CS_iter5_fsm_reg[1]/C
                            (rising edge-triggered cell FDRE clocked by ap_clk  {rise@0.000ns fall@5.000ns period=10.000ns})
  Destination:            bd_0_i/hls_inst/inst/Loop_VITIS_LOOP_95_1_proc515_U0/ap_phi_reg_pp0_iter4_out_re_33_reg_395_reg[10]/CE
                            (rising edge-triggered cell FDRE clocked by ap_clk  {rise@0.000ns fall@5.000ns period=10.000ns})
  Path Group:             ap_clk
  Path Type:              Setup (Max at Slow Process Corner)
  Requirement:            10.000ns  (ap_clk rise@10.000ns - ap_clk rise@0.000ns)
  Data Path Delay:        6.449ns  (logic 0.538ns (8.342%)  route 5.911ns (91.658%))
  Logic Levels:           1  (LUT4=1)
  Clock Path Skew:        -0.039ns (DCD - SCD + CPR)
    Destination Clock Delay (DCD):    0.748ns = ( 10.748 - 10.000 ) 
    Source Clock Delay      (SCD):    0.787ns
    Clock Pessimism Removal (CPR):    0.000ns
  Clock Uncertainty:      0.035ns  ((TSJ^2 + TIJ^2)^1/2 + DJ) / 2 + PE
    Total System Jitter     (TSJ):    0.071ns
    Total Input Jitter      (TIJ):    0.000ns
    Discrete Jitter          (DJ):    0.000ns
    Phase Error              (PE):    0.000ns

    Location             Delay type                Incr(ns)  Path(ns)    Netlist Resource(s)
  -------------------------------------------------------------------    -------------------
                         (clock ap_clk rise edge)     0.000     0.000 r  
                                                      0.000     0.000 r  ap_clk (IN)
                         net (fo=7683, unset)         0.787     0.787    bd_0_i/hls_inst/inst/Loop_VITIS_LOOP_95_1_proc515_U0/ap_clk
    SLICE_X48Y78         FDRE                                         r  bd_0_i/hls_inst/inst/Loop_VITIS_LOOP_95_1_proc515_U0/ap_CS_iter5_fsm_reg[1]/C
  -------------------------------------------------------------------    -------------------
    SLICE_X48Y78         FDRE (Prop_fdre_C_Q)         0.433     1.220 f  bd_0_i/hls_inst/inst/Loop_VITIS_LOOP_95_1_proc515_U0/ap_CS_iter5_fsm_reg[1]/Q
                         net (fo=32, routed)          1.696     2.916    bd_0_i/hls_inst/inst/Loop_VITIS_LOOP_95_1_proc515_U0/void_stage_fb_5_4_stream_mdf_word_t_0_stream_mdf_word_t_0_delay_im_19_U/ram_reg_4[0]
    SLICE_X39Y74         LUT4 (Prop_lut4_I0_O)        0.105     3.021 r  bd_0_i/hls_inst/inst/Loop_VITIS_LOOP_95_1_proc515_U0/void_stage_fb_5_4_stream_mdf_word_t_0_stream_mdf_word_t_0_delay_im_19_U/ram_reg_i_9__25/O
                         net (fo=160, routed)         4.215     7.236    bd_0_i/hls_inst/inst/Loop_VITIS_LOOP_95_1_proc515_U0/ap_condition_333
    SLICE_X17Y85         FDRE                                         r  bd_0_i/hls_inst/inst/Loop_VITIS_LOOP_95_1_proc515_U0/ap_phi_reg_pp0_iter4_out_re_33_reg_395_reg[10]/CE
  -------------------------------------------------------------------    -------------------

                         (clock ap_clk rise edge)    10.000    10.000 r  
                                                      0.000    10.000 r  ap_clk (IN)
                         net (fo=7683, unset)         0.748    10.748    bd_0_i/hls_inst/inst/Loop_VITIS_LOOP_95_1_proc515_U0/ap_clk
    SLICE_X17Y85         FDRE                                         r  bd_0_i/hls_inst/inst/Loop_VITIS_LOOP_95_1_proc515_U0/ap_phi_reg_pp0_iter4_out_re_33_reg_395_reg[10]/C
                         clock pessimism              0.000    10.748    
                         clock uncertainty           -0.035    10.712    
    SLICE_X17Y85         FDRE (Setup_fdre_C_CE)      -0.168    10.544    bd_0_i/hls_inst/inst/Loop_VITIS_LOOP_95_1_proc515_U0/ap_phi_reg_pp0_iter4_out_re_33_reg_395_reg[10]
  -------------------------------------------------------------------
                         required time                         10.544    
                         arrival time                          -7.236    
  -------------------------------------------------------------------
                         slack                                  3.308    

Slack (MET) :             3.308ns  (required time - arrival time)
  Source:                 bd_0_i/hls_inst/inst/Loop_VITIS_LOOP_95_1_proc515_U0/ap_CS_iter5_fsm_reg[1]/C
                            (rising edge-triggered cell FDRE clocked by ap_clk  {rise@0.000ns fall@5.000ns period=10.000ns})
  Destination:            bd_0_i/hls_inst/inst/Loop_VITIS_LOOP_95_1_proc515_U0/ap_phi_reg_pp0_iter4_out_re_33_reg_395_reg[7]/CE
                            (rising edge-triggered cell FDRE clocked by ap_clk  {rise@0.000ns fall@5.000ns period=10.000ns})
  Path Group:             ap_clk
  Path Type:              Setup (Max at Slow Process Corner)
  Requirement:            10.000ns  (ap_clk rise@10.000ns - ap_clk rise@0.000ns)
  Data Path Delay:        6.449ns  (logic 0.538ns (8.342%)  route 5.911ns (91.658%))
  Logic Levels:           1  (LUT4=1)
  Clock Path Skew:        -0.039ns (DCD - SCD + CPR)
    Destination Clock Delay (DCD):    0.748ns = ( 10.748 - 10.000 ) 
    Source Clock Delay      (SCD):    0.787ns
    Clock Pessimism Removal (CPR):    0.000ns
  Clock Uncertainty:      0.035ns  ((TSJ^2 + TIJ^2)^1/2 + DJ) / 2 + PE
    Total System Jitter     (TSJ):    0.071ns
    Total Input Jitter      (TIJ):    0.000ns
    Discrete Jitter          (DJ):    0.000ns
    Phase Error              (PE):    0.000ns

    Location             Delay type                Incr(ns)  Path(ns)    Netlist Resource(s)
  -------------------------------------------------------------------    -------------------
                         (clock ap_clk rise edge)     0.000     0.000 r  
                                                      0.000     0.000 r  ap_clk (IN)
                         net (fo=7683, unset)         0.787     0.787    bd_0_i/hls_inst/inst/Loop_VITIS_LOOP_95_1_proc515_U0/ap_clk
    SLICE_X48Y78         FDRE                                         r  bd_0_i/hls_inst/inst/Loop_VITIS_LOOP_95_1_proc515_U0/ap_CS_iter5_fsm_reg[1]/C
  -------------------------------------------------------------------    -------------------
    SLICE_X48Y78         FDRE (Prop_fdre_C_Q)         0.433     1.220 f  bd_0_i/hls_inst/inst/Loop_VITIS_LOOP_95_1_proc515_U0/ap_CS_iter5_fsm_reg[1]/Q
                         net (fo=32, routed)          1.696     2.916    bd_0_i/hls_inst/inst/Loop_VITIS_LOOP_95_1_proc515_U0/void_stage_fb_5_4_stream_mdf_word_t_0_stream_mdf_word_t_0_delay_im_19_U/ram_reg_4[0]
    SLICE_X39Y74         LUT4 (Prop_lut4_I0_O)        0.105     3.021 r  bd_0_i/hls_inst/inst/Loop_VITIS_LOOP_95_1_proc515_U0/void_stage_fb_5_4_stream_mdf_word_t_0_stream_mdf_word_t_0_delay_im_19_U/ram_reg_i_9__25/O
                         net (fo=160, routed)         4.215     7.236    bd_0_i/hls_inst/inst/Loop_VITIS_LOOP_95_1_proc515_U0/ap_condition_333
    SLICE_X17Y85         FDRE                                         r  bd_0_i/hls_inst/inst/Loop_VITIS_LOOP_95_1_proc515_U0/ap_phi_reg_pp0_iter4_out_re_33_reg_395_reg[7]/CE
  -------------------------------------------------------------------    -------------------

                         (clock ap_clk rise edge)    10.000    10.000 r  
                                                      0.000    10.000 r  ap_clk (IN)
                         net (fo=7683, unset)         0.748    10.748    bd_0_i/hls_inst/inst/Loop_VITIS_LOOP_95_1_proc515_U0/ap_clk
    SLICE_X17Y85         FDRE                                         r  bd_0_i/hls_inst/inst/Loop_VITIS_LOOP_95_1_proc515_U0/ap_phi_reg_pp0_iter4_out_re_33_reg_395_reg[7]/C
                         clock pessimism              0.000    10.748    
                         clock uncertainty           -0.035    10.712    
    SLICE_X17Y85         FDRE (Setup_fdre_C_CE)      -0.168    10.544    bd_0_i/hls_inst/inst/Loop_VITIS_LOOP_95_1_proc515_U0/ap_phi_reg_pp0_iter4_out_re_33_reg_395_reg[7]
  -------------------------------------------------------------------
                         required time                         10.544    
                         arrival time                          -7.236    
  -------------------------------------------------------------------
                         slack                                  3.308    




