Copyright 1986-2022 Xilinx, Inc. All Rights Reserved. Copyright 2022-2023 Advanced Micro Devices, Inc. All Rights Reserved.
---------------------------------------------------------------------------------------------------------------------------------------------
| Tool Version : Vivado v.2023.2 (win64) Build 4029153 Fri Oct 13 20:14:34 MDT 2023
| Date         : Tue Jun 30 21:05:51 2026
| Host         : CHNtoumas running 64-bit major release  (build 9200)
| Command      : report_timing_summary -file ./report/fft_mdf_timing_routed.rpt
| Design       : bd_0_wrapper
| Device       : 7a200t-fbg676
| Speed File   : -2  PRODUCTION 1.23 2018-06-13
| Design State : Routed
---------------------------------------------------------------------------------------------------------------------------------------------

Timing Summary Report

------------------------------------------------------------------------------------------------
| Timer Settings
| --------------
------------------------------------------------------------------------------------------------

  Enable Multi Corner Analysis               :  Yes
  Enable Pessimism Removal                   :  Yes
  Pessimism Removal Resolution               :  Nearest Common Node
  Enable Input Delay Default Clock           :  No
  Enable Preset / Clear Arcs                 :  No
  Disable Flight Delays                      :  No
  Ignore I/O Paths                           :  No
  Timing Early Launch at Borrowing Latches   :  No
  Borrow Time for Max Delay Exceptions       :  Yes
  Merge Timing Exceptions                    :  Yes
  Inter-SLR Compensation                     :  Conservative

  Corner  Analyze    Analyze    
  Name    Max Paths  Min Paths  
  ------  ---------  ---------  
  Slow    Yes        Yes        
  Fast    Yes        Yes        


------------------------------------------------------------------------------------------------
| Report Methodology
| ------------------
------------------------------------------------------------------------------------------------

Rule       Severity  Description                    Violations  
---------  --------  -----------------------------  ----------  
TIMING-18  Warning   Missing input or output delay  263         

Note: This report is based on the most recent report_methodology run and may not be up-to-date. Run report_methodology on the current design for the latest report.



check_timing report

Table of Contents
-----------------
1. checking no_clock (0)
2. checking constant_clock (0)
3. checking pulse_width_clock (0)
4. checking unconstrained_internal_endpoints (0)
5. checking no_input_delay (132)
6. checking no_output_delay (131)
7. checking multiple_clock (0)
8. checking generated_clocks (0)
9. checking loops (0)
10. checking partial_input_delay (0)
11. checking partial_output_delay (0)
12. checking latch_loops (0)

1. checking no_clock (0)
------------------------
 There are 0 register/latch pins with no clock.


2. checking constant_clock (0)
------------------------------
 There are 0 register/latch pins with constant_clock.


3. checking pulse_width_clock (0)
---------------------------------
 There are 0 register/latch pins which need pulse_width check


4. checking unconstrained_internal_endpoints (0)
------------------------------------------------
 There are 0 pins that are not constrained for maximum delay.

 There are 0 pins that are not constrained for maximum delay due to constant clock.


5. checking no_input_delay (132)
--------------------------------
 There are 132 input ports with no input delay specified. (HIGH)

 There are 0 input ports with no input delay but user has a false path constraint.


6. checking no_output_delay (131)
---------------------------------
 There are 131 ports with no output delay specified. (HIGH)

 There are 0 ports with no output delay but user has a false path constraint

 There are 0 ports with no output delay but with a timing clock defined on it or propagating through it


7. checking multiple_clock (0)
------------------------------
 There are 0 register/latch pins with multiple clocks.


8. checking generated_clocks (0)
--------------------------------
 There are 0 generated clocks that are not connected to a clock source.


9. checking loops (0)
---------------------
 There are 0 combinational loops in the design.


10. checking partial_input_delay (0)
------------------------------------
 There are 0 input ports with partial input delay specified.


11. checking partial_output_delay (0)
-------------------------------------
 There are 0 ports with partial output delay specified.


12. checking latch_loops (0)
----------------------------
 There are 0 combinational latch loops in the design through latch input



------------------------------------------------------------------------------------------------
| Design Timing Summary
| ---------------------
------------------------------------------------------------------------------------------------

    WNS(ns)      TNS(ns)  TNS Failing Endpoints  TNS Total Endpoints      WHS(ns)      THS(ns)  THS Failing Endpoints  THS Total Endpoints     WPWS(ns)     TPWS(ns)  TPWS Failing Endpoints  TPWS Total Endpoints  
    -------      -------  ---------------------  -------------------      -------      -------  ---------------------  -------------------     --------     --------  ----------------------  --------------------  
      3.153        0.000                      0                28265        0.112        0.000                      0                28265        4.500        0.000                       0                  7684  


All user specified timing constraints are met.


------------------------------------------------------------------------------------------------
| Clock Summary
| -------------
------------------------------------------------------------------------------------------------

Clock   Waveform(ns)       Period(ns)      Frequency(MHz)
-----   ------------       ----------      --------------
ap_clk  {0.000 5.000}      10.000          100.000         


------------------------------------------------------------------------------------------------
| Intra Clock Table
| -----------------
------------------------------------------------------------------------------------------------

Clock             WNS(ns)      TNS(ns)  TNS Failing Endpoints  TNS Total Endpoints      WHS(ns)      THS(ns)  THS Failing Endpoints  THS Total Endpoints     WPWS(ns)     TPWS(ns)  TPWS Failing Endpoints  TPWS Total Endpoints  
-----             -------      -------  ---------------------  -------------------      -------      -------  ---------------------  -------------------     --------     --------  ----------------------  --------------------  
ap_clk              3.153        0.000                      0                28265        0.112        0.000                      0                28265        4.500        0.000                       0                  7684  


------------------------------------------------------------------------------------------------
| Inter Clock Table
| -----------------
------------------------------------------------------------------------------------------------

From Clock    To Clock          WNS(ns)      TNS(ns)  TNS Failing Endpoints  TNS Total Endpoints      WHS(ns)      THS(ns)  THS Failing Endpoints  THS Total Endpoints  
----------    --------          -------      -------  ---------------------  -------------------      -------      -------  ---------------------  -------------------  


------------------------------------------------------------------------------------------------
| Other Path Groups Table
| -----------------------
------------------------------------------------------------------------------------------------

Path Group    From Clock    To Clock          WNS(ns)      TNS(ns)  TNS Failing Endpoints  TNS Total Endpoints      WHS(ns)      THS(ns)  THS Failing Endpoints  THS Total Endpoints  
----------    ----------    --------          -------      -------  ---------------------  -------------------      -------      -------  ---------------------  -------------------  


------------------------------------------------------------------------------------------------
| Timing Details
| --------------
------------------------------------------------------------------------------------------------


---------------------------------------------------------------------------------------------------
From Clock:  ap_clk
  To Clock:  ap_clk

Setup :            0  Failing Endpoints,  Worst Slack        3.153ns,  Total Violation        0.000ns
Hold  :            0  Failing Endpoints,  Worst Slack        0.112ns,  Total Violation        0.000ns
PW    :            0  Failing Endpoints,  Worst Slack        4.500ns,  Total Violation        0.000ns
---------------------------------------------------------------------------------------------------


Max Delay Paths
--------------------------------------------------------------------------------------
Slack (MET) :             3.153ns  (required time - arrival time)
  Source:                 bd_0_i/hls_inst/inst/Loop_VITIS_LOOP_95_1_proc515_U0/ap_CS_iter5_fsm_reg[1]/C
                            (rising edge-triggered cell FDRE clocked by ap_clk  {rise@0.000ns fall@5.000ns period=10.000ns})
  Destination:            bd_0_i/hls_inst/inst/Loop_VITIS_LOOP_95_1_proc515_U0/mac_muladd_16s_16s_31s_31_4_1_U126/fft_mdf_mac_muladd_16s_16s_31s_31_4_1_DSP48_0_U/p_reg_reg/CEM
                            (rising edge-triggered cell DSP48E1 clocked by ap_clk  {rise@0.000ns fall@5.000ns period=10.000ns})
  Path Group:             ap_clk
  Path Type:              Setup (Max at Slow Process Corner)
  Requirement:            10.000ns  (ap_clk rise@10.000ns - ap_clk rise@0.000ns)
  Data Path Delay:        6.567ns  (logic 0.538ns (8.193%)  route 6.029ns (91.807%))
  Logic Levels:           1  (LUT4=1)
  Clock Path Skew:        -0.039ns (DCD - SCD + CPR)
    Destination Clock Delay (DCD):    0.748ns = ( 10.748 - 10.000 ) 
    Source Clock Delay      (SCD):    0.787ns
    Clock Pessimism Removal (CPR):    0.000ns
  Clock Uncertainty:      0.035ns  ((TSJ^2 + TIJ^2)^1/2 + DJ) / 2 + PE
    Total System Jitter     (TSJ):    0.071ns
    Total Input Jitter      (TIJ):    0.000ns
    Discrete Jitter          (DJ):    0.000ns
    Phase Error              (PE):    0.000ns

    Location             Delay type                Incr(ns)  Path(ns)    Netlist Resource(s)
  -------------------------------------------------------------------    -------------------
                         (clock ap_clk rise edge)     0.000     0.000 r  
                                                      0.000     0.000 r  ap_clk (IN)
                         net (fo=7683, unset)         0.787     0.787    bd_0_i/hls_inst/inst/Loop_VITIS_LOOP_95_1_proc515_U0/ap_clk
    SLICE_X48Y78         FDRE                                         r  bd_0_i/hls_inst/inst/Loop_VITIS_LOOP_95_1_proc515_U0/ap_CS_iter5_fsm_reg[1]/C
  -------------------------------------------------------------------    -------------------
    SLICE_X48Y78         FDRE (Prop_fdre_C_Q)         0.433     1.220 f  bd_0_i/hls_inst/inst/Loop_VITIS_LOOP_95_1_proc515_U0/ap_CS_iter5_fsm_reg[1]/Q
                         net (fo=32, routed)          1.696     2.916    bd_0_i/hls_inst/inst/Loop_VITIS_LOOP_95_1_proc515_U0/void_stage_fb_5_4_stream_mdf_word_t_0_stream_mdf_word_t_0_delay_im_19_U/ram_reg_4[0]
    SLICE_X39Y74         LUT4 (Prop_lut4_I0_O)        0.105     3.021 r  bd_0_i/hls_inst/inst/Loop_VITIS_LOOP_95_1_proc515_U0/void_stage_fb_5_4_stream_mdf_word_t_0_stream_mdf_word_t_0_delay_im_19_U/ram_reg_i_9__25/O
                         net (fo=160, routed)         4.332     7.354    bd_0_i/hls_inst/inst/Loop_VITIS_LOOP_95_1_proc515_U0/mac_muladd_16s_16s_31s_31_4_1_U126/fft_mdf_mac_muladd_16s_16s_31s_31_4_1_DSP48_0_U/ap_condition_333
    DSP48_X0Y35          DSP48E1                                      r  bd_0_i/hls_inst/inst/Loop_VITIS_LOOP_95_1_proc515_U0/mac_muladd_16s_16s_31s_31_4_1_U126/fft_mdf_mac_muladd_16s_16s_31s_31_4_1_DSP48_0_U/p_reg_reg/CEM
  -------------------------------------------------------------------    -------------------

                         (clock ap_clk rise edge)    10.000    10.000 r  
                                                      0.000    10.000 r  ap_clk (IN)
                         net (fo=7683, unset)         0.748    10.748    bd_0_i/hls_inst/inst/Loop_VITIS_LOOP_95_1_proc515_U0/mac_muladd_16s_16s_31s_31_4_1_U126/fft_mdf_mac_muladd_16s_16s_31s_31_4_1_DSP48_0_U/ap_clk
    DSP48_X0Y35          DSP48E1                                      r  bd_0_i/hls_inst/inst/Loop_VITIS_LOOP_95_1_proc515_U0/mac_muladd_16s_16s_31s_31_4_1_U126/fft_mdf_mac_muladd_16s_16s_31s_31_4_1_DSP48_0_U/p_reg_reg/CLK
                         clock pessimism              0.000    10.748    
                         clock uncertainty           -0.035    10.712    
    DSP48_X0Y35          DSP48E1 (Setup_dsp48e1_CLK_CEM)
                                                     -0.205    10.507    bd_0_i/hls_inst/inst/Loop_VITIS_LOOP_95_1_proc515_U0/mac_muladd_16s_16s_31s_31_4_1_U126/fft_mdf_mac_muladd_16s_16s_31s_31_4_1_DSP48_0_U/p_reg_reg
  -------------------------------------------------------------------
                         required time                         10.507    
                         arrival time                          -7.354    
  -------------------------------------------------------------------
                         slack                                  3.153    





Min Delay Paths
--------------------------------------------------------------------------------------
Slack (MET) :             0.112ns  (arrival time - required time)
  Source:                 bd_0_i/hls_inst/inst/axis_to_word_U0/x_data_reg_138_reg[53]/C
                            (rising edge-triggered cell FDRE clocked by ap_clk  {rise@0.000ns fall@5.000ns period=10.000ns})
  Destination:            bd_0_i/hls_inst/inst/w_in_U/U_fft_mdf_fifo_w129_d260_A_ram/mem_reg_0/DIBDI[21]
                            (rising edge-triggered cell RAMB36E1 clocked by ap_clk  {rise@0.000ns fall@5.000ns period=10.000ns})
  Path Group:             ap_clk
  Path Type:              Hold (Min at Fast Process Corner)
  Requirement:            0.000ns  (ap_clk rise@0.000ns - ap_clk rise@0.000ns)
  Data Path Delay:        0.234ns  (logic 0.128ns (54.738%)  route 0.106ns (45.262%))
  Logic Levels:           0  
  Clock Path Skew:        0.021ns (DCD - SCD - CPR)
    Destination Clock Delay (DCD):    0.411ns
    Source Clock Delay      (SCD):    0.390ns
    Clock Pessimism Removal (CPR):    -0.000ns

    Location             Delay type                Incr(ns)  Path(ns)    Netlist Resource(s)
  -------------------------------------------------------------------    -------------------
                         (clock ap_clk rise edge)     0.000     0.000 r  
                                                      0.000     0.000 r  ap_clk (IN)
                         net (fo=7683, unset)         0.390     0.390    bd_0_i/hls_inst/inst/axis_to_word_U0/ap_clk
    SLICE_X23Y22         FDRE                                         r  bd_0_i/hls_inst/inst/axis_to_word_U0/x_data_reg_138_reg[53]/C
  -------------------------------------------------------------------    -------------------
    SLICE_X23Y22         FDRE (Prop_fdre_C_Q)         0.128     0.518 r  bd_0_i/hls_inst/inst/axis_to_word_U0/x_data_reg_138_reg[53]/Q
                         net (fo=1, routed)           0.106     0.624    bd_0_i/hls_inst/inst/w_in_U/U_fft_mdf_fifo_w129_d260_A_ram/din[53]
    RAMB36_X1Y4          RAMB36E1                                     r  bd_0_i/hls_inst/inst/w_in_U/U_fft_mdf_fifo_w129_d260_A_ram/mem_reg_0/DIBDI[21]
  -------------------------------------------------------------------    -------------------

                         (clock ap_clk rise edge)     0.000     0.000 r  
                                                      0.000     0.000 r  ap_clk (IN)
                         net (fo=7683, unset)         0.411     0.411    bd_0_i/hls_inst/inst/w_in_U/U_fft_mdf_fifo_w129_d260_A_ram/ap_clk
    RAMB36_X1Y4          RAMB36E1                                     r  bd_0_i/hls_inst/inst/w_in_U/U_fft_mdf_fifo_w129_d260_A_ram/mem_reg_0/CLKBWRCLK
                         clock pessimism              0.000     0.411    
    RAMB36_X1Y4          RAMB36E1 (Hold_ramb36e1_CLKBWRCLK_DIBDI[21])
                                                      0.101     0.512    bd_0_i/hls_inst/inst/w_in_U/U_fft_mdf_fifo_w129_d260_A_ram/mem_reg_0
  -------------------------------------------------------------------
                         required time                         -0.512    
                         arrival time                           0.624    
  -------------------------------------------------------------------
                         slack                                  0.112    





Pulse Width Checks
--------------------------------------------------------------------------------------
Clock Name:         ap_clk
Waveform(ns):       { 0.000 5.000 }
Period(ns):         10.000
Sources:            { ap_clk }

Check Type        Corner  Lib Pin      Reference Pin  Required(ns)  Actual(ns)  Slack(ns)  Location      Pin
Min Period        n/a     DSP48E1/CLK  n/a            3.272         10.000      6.728      DSP48_X0Y4    bd_0_i/hls_inst/inst/Loop_VITIS_LOOP_95_1_proc10_U0/mul_ln63_44_reg_2349_reg/CLK
Low Pulse Width   Slow    FDRE/C       n/a            0.500         5.000       4.500      SLICE_X29Y91  bd_0_i/hls_inst/inst/ap_sync_reg_channel_write_bit_reverse_buf_stream_mdf_word_t_0_stream_mdf_word_t_0_bank_1_reg/C
High Pulse Width  Slow    FDRE/C       n/a            0.500         5.000       4.500      SLICE_X29Y91  bd_0_i/hls_inst/inst/ap_sync_reg_channel_write_bit_reverse_buf_stream_mdf_word_t_0_stream_mdf_word_t_0_bank_1_reg/C



