

================================================================
== Vitis HLS Report for 'fft_serial_Pipeline_bfly_loop2'
================================================================
* Date:           Tue Jun 30 19:34:21 2026

* Version:        2023.2 (Build 4023990 on Oct 11 2023)
* Project:        serial_fft_hls
* Solution:       solution1 (Vivado IP Flow Target)
* Product family: artix7
* Target device:  xc7a100t-csg324-1


================================================================
== Performance Estimates
================================================================
+ Timing: 
    * Summary: 
    +--------+----------+-----------+------------+
    |  Clock |  Target  | Estimated | Uncertainty|
    +--------+----------+-----------+------------+
    |ap_clk  |  10.00 ns|  24.461 ns|     2.70 ns|
    +--------+----------+-----------+------------+

+ Latency: 
    * Summary: 
    +---------+---------+-----------+-----------+------+------+---------+
    |  Latency (cycles) |   Latency (absolute)  |   Interval  | Pipeline|
    |   min   |   max   |    min    |    max    |  min |  max |   Type  |
    +---------+---------+-----------+-----------+------+------+---------+
    |     1538|     1538|  37.621 us|  37.621 us|  1538|  1538|       no|
    +---------+---------+-----------+-----------+------+------+---------+

    + Detail: 
        * Instance: 
        N/A

        * Loop: 
        +-------------+---------+---------+----------+-----------+-----------+------+----------+
        |             |  Latency (cycles) | Iteration|  Initiation Interval  | Trip |          |
        |  Loop Name  |   min   |   max   |  Latency |  achieved |   target  | Count| Pipelined|
        +-------------+---------+---------+----------+-----------+-----------+------+----------+
        |- bfly_loop  |     1536|     1536|         4|          3|          2|   512|       yes|
        +-------------+---------+---------+----------+-----------+-----------+------+----------+

============================================================
+ Verbose Summary: Synthesis Manager
============================================================
InlineROM: 1
ExposeGlobal: 0
============================================================
+ Verbose Summary: CDFG Model
============================================================
IsTopModel: 0
ResetActiveHigh: 1
IsCombinational: 0
IsDatapathOnly: 0
HasWiredReturn: 1
HasMFsm: 2
HasVarLatency: 1
IsPipeline: 0
IsRtlPipelined: 0
IsInstanceOverlapped: 0
IsDontTouch: 0
HasImplIP: 0
IsGatedGlobalClock: 0

+ Individual pipeline summary: 
  * Pipeline-0: initiation interval (II) = 3, depth = 4


============================================================
+ Verbose Summary: Schedule
============================================================
* Number of FSM states : 4
* Pipeline : 1
  Pipeline-0 : II = 3, D = 4, States = { 1 2 3 4 }
* Dataflow Pipeline: 0

* FSM state transitions: 
1 --> 2 
2 --> 3 
3 --> 4 
4 --> 

* FSM state operations: 

State 1 <SV = 0> <Delay = 5.95>
ST_1 : Operation 7 [1/1] (0.00ns)   --->   "%or_mask_3 = alloca i32 1" [serial_fft/fft_serial.cpp:124->serial_fft/fft_serial.cpp:222]   --->   Operation 7 'alloca' 'or_mask_3' <Predicate = true> <Delay = 0.00>
ST_1 : Operation 8 [1/1] (0.00ns)   --->   "%bfly_2 = alloca i32 1" [serial_fft/fft_serial.cpp:126->serial_fft/fft_serial.cpp:222]   --->   Operation 8 'alloca' 'bfly_2' <Predicate = true> <Delay = 0.00>
ST_1 : Operation 9 [1/1] (0.00ns)   --->   "%clz_next_2_read = read i4 @_ssdm_op_Read.ap_auto.i4, i4 %clz_next_2"   --->   Operation 9 'read' 'clz_next_2_read' <Predicate = true> <Delay = 0.00>
ST_1 : Operation 10 [1/1] (1.61ns)   --->   "%store_ln126 = store i10 0, i10 %bfly_2" [serial_fft/fft_serial.cpp:126->serial_fft/fft_serial.cpp:222]   --->   Operation 10 'store' 'store_ln126' <Predicate = true> <Delay = 1.61>
ST_1 : Operation 11 [1/1] (1.61ns)   --->   "%store_ln124 = store i8 0, i8 %or_mask_3" [serial_fft/fft_serial.cpp:124->serial_fft/fft_serial.cpp:222]   --->   Operation 11 'store' 'store_ln124' <Predicate = true> <Delay = 1.61>
ST_1 : Operation 12 [1/1] (0.00ns)   --->   "%br_ln0 = br void %for.body.i10388"   --->   Operation 12 'br' 'br_ln0' <Predicate = true> <Delay = 0.00>
ST_1 : Operation 13 [1/1] (0.00ns)   --->   "%bfly = load i10 %bfly_2" [serial_fft/fft_serial.cpp:126->serial_fft/fft_serial.cpp:222]   --->   Operation 13 'load' 'bfly' <Predicate = true> <Delay = 0.00>
ST_1 : Operation 14 [1/1] (2.12ns)   --->   "%icmp_ln126 = icmp_eq  i10 %bfly, i10 512" [serial_fft/fft_serial.cpp:126->serial_fft/fft_serial.cpp:222]   --->   Operation 14 'icmp' 'icmp_ln126' <Predicate = true> <Delay = 2.12> <CoreInst = "Cmp">   --->   Core 9 'Cmp' <Latency = 0> <II = 1> <Delay = 2.12> <FuncUnit> <Opcode : 'icmp'> <InPorts = 2> <OutPorts = 1>
ST_1 : Operation 15 [1/1] (2.12ns)   --->   "%bfly_11 = add i10 %bfly, i10 1" [serial_fft/fft_serial.cpp:126->serial_fft/fft_serial.cpp:222]   --->   Operation 15 'add' 'bfly_11' <Predicate = true> <Delay = 2.12> <CoreInst = "Adder">   --->   Core 1 'Adder' <Latency = 0> <II = 1> <Delay = 2.12> <FuncUnit> <Opcode : 'add' 'sub'> <InPorts = 2> <OutPorts = 1>
ST_1 : Operation 16 [1/1] (0.00ns)   --->   "%br_ln126 = br i1 %icmp_ln126, void %for.body.i10388.split_ifconv, void %for.cond.cleanup.i10380_ifconv.exitStub" [serial_fft/fft_serial.cpp:126->serial_fft/fft_serial.cpp:222]   --->   Operation 16 'br' 'br_ln126' <Predicate = true> <Delay = 0.00>
ST_1 : Operation 17 [1/1] (0.00ns)   --->   "%trunc_ln126 = trunc i10 %bfly" [serial_fft/fft_serial.cpp:126->serial_fft/fft_serial.cpp:222]   --->   Operation 17 'trunc' 'trunc_ln126' <Predicate = (!icmp_ln126)> <Delay = 0.00>
ST_1 : Operation 18 [1/1] (0.00ns)   --->   "%j = trunc i10 %bfly" [serial_fft/fft_serial.cpp:126->serial_fft/fft_serial.cpp:222]   --->   Operation 18 'trunc' 'j' <Predicate = (!icmp_ln126)> <Delay = 0.00>
ST_1 : Operation 19 [1/1] (0.00ns)   --->   "%tmp_6 = partselect i7 @_ssdm_op_PartSelect.i7.i10.i32.i32, i10 %bfly, i32 2, i32 8" [serial_fft/fft_serial.cpp:134->serial_fft/fft_serial.cpp:222]   --->   Operation 19 'partselect' 'tmp_6' <Predicate = (!icmp_ln126)> <Delay = 0.00>
ST_1 : Operation 20 [1/1] (0.00ns)   --->   "%tmp = bitselect i1 @_ssdm_op_BitSelect.i1.i10.i32, i10 %bfly, i32 1" [serial_fft/fft_serial.cpp:134->serial_fft/fft_serial.cpp:222]   --->   Operation 20 'bitselect' 'tmp' <Predicate = (!icmp_ln126)> <Delay = 0.00>
ST_1 : Operation 21 [1/1] (0.00ns)   --->   "%lshr_ln = bitconcatenate i9 @_ssdm_op_BitConcatenate.i9.i7.i1.i1, i7 %tmp_6, i1 0, i1 %tmp" [serial_fft/fft_serial.cpp:134->serial_fft/fft_serial.cpp:222]   --->   Operation 21 'bitconcatenate' 'lshr_ln' <Predicate = (!icmp_ln126)> <Delay = 0.00>
ST_1 : Operation 22 [1/1] (0.00ns)   --->   "%zext_ln134 = zext i9 %lshr_ln" [serial_fft/fft_serial.cpp:134->serial_fft/fft_serial.cpp:222]   --->   Operation 22 'zext' 'zext_ln134' <Predicate = (!icmp_ln126)> <Delay = 0.00>
ST_1 : Operation 23 [1/1] (0.00ns)   --->   "%or_ln135 = or i9 %lshr_ln, i9 2" [serial_fft/fft_serial.cpp:135->serial_fft/fft_serial.cpp:222]   --->   Operation 23 'or' 'or_ln135' <Predicate = (!icmp_ln126)> <Delay = 0.00>
ST_1 : Operation 24 [1/1] (0.00ns)   --->   "%zext_ln135 = zext i9 %or_ln135" [serial_fft/fft_serial.cpp:135->serial_fft/fft_serial.cpp:222]   --->   Operation 24 'zext' 'zext_ln135' <Predicate = (!icmp_ln126)> <Delay = 0.00>
ST_1 : Operation 25 [1/1] (0.00ns)   --->   "%re_addr_4 = getelementptr i17 %re, i64 0, i64 %zext_ln134" [serial_fft/fft_serial.cpp:139->serial_fft/fft_serial.cpp:222]   --->   Operation 25 'getelementptr' 're_addr_4' <Predicate = (!icmp_ln126)> <Delay = 0.00>
ST_1 : Operation 26 [1/1] (0.00ns)   --->   "%re_1_addr_4 = getelementptr i17 %re_1, i64 0, i64 %zext_ln134" [serial_fft/fft_serial.cpp:139->serial_fft/fft_serial.cpp:222]   --->   Operation 26 'getelementptr' 're_1_addr_4' <Predicate = (!icmp_ln126)> <Delay = 0.00>
ST_1 : Operation 27 [1/1] (1.77ns)   --->   "%icmp_ln21_8 = icmp_eq  i4 %clz_next_2_read, i4 7" [serial_fft/fft_serial.cpp:21->serial_fft/fft_serial.cpp:139->serial_fft/fft_serial.cpp:222]   --->   Operation 27 'icmp' 'icmp_ln21_8' <Predicate = (!icmp_ln126)> <Delay = 1.77> <CoreInst = "Cmp">   --->   Core 9 'Cmp' <Latency = 0> <II = 1> <Delay = 1.77> <FuncUnit> <Opcode : 'icmp'> <InPorts = 2> <OutPorts = 1>
ST_1 : Operation 28 [1/1] (1.77ns)   --->   "%icmp_ln21_9 = icmp_eq  i4 %clz_next_2_read, i4 6" [serial_fft/fft_serial.cpp:21->serial_fft/fft_serial.cpp:139->serial_fft/fft_serial.cpp:222]   --->   Operation 28 'icmp' 'icmp_ln21_9' <Predicate = (!icmp_ln126)> <Delay = 1.77> <CoreInst = "Cmp">   --->   Core 9 'Cmp' <Latency = 0> <II = 1> <Delay = 1.77> <FuncUnit> <Opcode : 'icmp'> <InPorts = 2> <OutPorts = 1>
ST_1 : Operation 29 [1/1] (1.77ns)   --->   "%icmp_ln21_10 = icmp_eq  i4 %clz_next_2_read, i4 5" [serial_fft/fft_serial.cpp:21->serial_fft/fft_serial.cpp:139->serial_fft/fft_serial.cpp:222]   --->   Operation 29 'icmp' 'icmp_ln21_10' <Predicate = (!icmp_ln126)> <Delay = 1.77> <CoreInst = "Cmp">   --->   Core 9 'Cmp' <Latency = 0> <II = 1> <Delay = 1.77> <FuncUnit> <Opcode : 'icmp'> <InPorts = 2> <OutPorts = 1>
ST_1 : Operation 30 [1/1] (1.77ns)   --->   "%icmp_ln21_11 = icmp_eq  i4 %clz_next_2_read, i4 4" [serial_fft/fft_serial.cpp:21->serial_fft/fft_serial.cpp:139->serial_fft/fft_serial.cpp:222]   --->   Operation 30 'icmp' 'icmp_ln21_11' <Predicate = (!icmp_ln126)> <Delay = 1.77> <CoreInst = "Cmp">   --->   Core 9 'Cmp' <Latency = 0> <II = 1> <Delay = 1.77> <FuncUnit> <Opcode : 'icmp'> <InPorts = 2> <OutPorts = 1>
ST_1 : Operation 31 [1/1] (1.77ns)   --->   "%icmp_ln21_12 = icmp_eq  i4 %clz_next_2_read, i4 3" [serial_fft/fft_serial.cpp:21->serial_fft/fft_serial.cpp:139->serial_fft/fft_serial.cpp:222]   --->   Operation 31 'icmp' 'icmp_ln21_12' <Predicate = (!icmp_ln126)> <Delay = 1.77> <CoreInst = "Cmp">   --->   Core 9 'Cmp' <Latency = 0> <II = 1> <Delay = 1.77> <FuncUnit> <Opcode : 'icmp'> <InPorts = 2> <OutPorts = 1>
ST_1 : Operation 32 [1/1] (1.77ns)   --->   "%icmp_ln21_13 = icmp_eq  i4 %clz_next_2_read, i4 2" [serial_fft/fft_serial.cpp:21->serial_fft/fft_serial.cpp:139->serial_fft/fft_serial.cpp:222]   --->   Operation 32 'icmp' 'icmp_ln21_13' <Predicate = (!icmp_ln126)> <Delay = 1.77> <CoreInst = "Cmp">   --->   Core 9 'Cmp' <Latency = 0> <II = 1> <Delay = 1.77> <FuncUnit> <Opcode : 'icmp'> <InPorts = 2> <OutPorts = 1>
ST_1 : Operation 33 [1/1] (0.00ns) (grouped into LUT with out node select_ln21_17)   --->   "%select_ln21 = select i1 %icmp_ln21_13, i3 1, i3 2" [serial_fft/fft_serial.cpp:21->serial_fft/fft_serial.cpp:139->serial_fft/fft_serial.cpp:222]   --->   Operation 33 'select' 'select_ln21' <Predicate = (!icmp_ln126)> <Delay = 0.00> <CoreInst = "Sel">   --->   Core 73 'Sel' <Latency = 0> <II = 1> <Delay = 0.98> <FuncUnit> <Opcode : 'select'> <InPorts = 3> <OutPorts = 1>
ST_1 : Operation 34 [1/1] (0.97ns)   --->   "%or_ln21_4 = or i1 %icmp_ln21_13, i1 %icmp_ln21_12" [serial_fft/fft_serial.cpp:21->serial_fft/fft_serial.cpp:139->serial_fft/fft_serial.cpp:222]   --->   Operation 34 'or' 'or_ln21_4' <Predicate = (!icmp_ln126)> <Delay = 0.97> <CoreInst = "LogicGate">   --->   Core 74 'LogicGate' <Latency = 0> <II = 1> <Delay = 0.97> <FuncUnit> <Opcode : 'and' 'or' 'xor'> <InPorts = 2> <OutPorts = 1>
ST_1 : Operation 35 [1/1] (0.00ns) (grouped into LUT with out node select_ln21_17)   --->   "%select_ln21_15 = select i1 %icmp_ln21_11, i3 3, i3 4" [serial_fft/fft_serial.cpp:21->serial_fft/fft_serial.cpp:139->serial_fft/fft_serial.cpp:222]   --->   Operation 35 'select' 'select_ln21_15' <Predicate = (!icmp_ln126)> <Delay = 0.00> <CoreInst = "Sel">   --->   Core 73 'Sel' <Latency = 0> <II = 1> <Delay = 0.98> <FuncUnit> <Opcode : 'select'> <InPorts = 3> <OutPorts = 1>
ST_1 : Operation 36 [1/1] (0.00ns) (grouped into LUT with out node select_ln21_19)   --->   "%or_ln21_5 = or i1 %icmp_ln21_11, i1 %icmp_ln21_10" [serial_fft/fft_serial.cpp:21->serial_fft/fft_serial.cpp:139->serial_fft/fft_serial.cpp:222]   --->   Operation 36 'or' 'or_ln21_5' <Predicate = (!icmp_ln126)> <Delay = 0.00> <CoreInst = "LogicGate">   --->   Core 74 'LogicGate' <Latency = 0> <II = 1> <Delay = 0.97> <FuncUnit> <Opcode : 'and' 'or' 'xor'> <InPorts = 2> <OutPorts = 1>
ST_1 : Operation 37 [1/1] (0.00ns) (grouped into LUT with out node select_ln21_18)   --->   "%select_ln21_16 = select i1 %icmp_ln21_9, i3 5, i3 6" [serial_fft/fft_serial.cpp:21->serial_fft/fft_serial.cpp:139->serial_fft/fft_serial.cpp:222]   --->   Operation 37 'select' 'select_ln21_16' <Predicate = (!icmp_ln126)> <Delay = 0.00> <CoreInst = "Sel">   --->   Core 73 'Sel' <Latency = 0> <II = 1> <Delay = 0.98> <FuncUnit> <Opcode : 'select'> <InPorts = 3> <OutPorts = 1>
ST_1 : Operation 38 [1/1] (0.00ns) (grouped into LUT with out node select_ln21_18)   --->   "%or_ln21_6 = or i1 %icmp_ln21_9, i1 %icmp_ln21_8" [serial_fft/fft_serial.cpp:21->serial_fft/fft_serial.cpp:139->serial_fft/fft_serial.cpp:222]   --->   Operation 38 'or' 'or_ln21_6' <Predicate = (!icmp_ln126)> <Delay = 0.00> <CoreInst = "LogicGate">   --->   Core 74 'LogicGate' <Latency = 0> <II = 1> <Delay = 0.97> <FuncUnit> <Opcode : 'and' 'or' 'xor'> <InPorts = 2> <OutPorts = 1>
ST_1 : Operation 39 [1/1] (0.98ns) (out node of the LUT)   --->   "%select_ln21_17 = select i1 %or_ln21_4, i3 %select_ln21, i3 %select_ln21_15" [serial_fft/fft_serial.cpp:21->serial_fft/fft_serial.cpp:139->serial_fft/fft_serial.cpp:222]   --->   Operation 39 'select' 'select_ln21_17' <Predicate = (!icmp_ln126)> <Delay = 0.98> <CoreInst = "Sel">   --->   Core 73 'Sel' <Latency = 0> <II = 1> <Delay = 0.98> <FuncUnit> <Opcode : 'select'> <InPorts = 3> <OutPorts = 1>
ST_1 : Operation 40 [1/1] (0.00ns) (grouped into LUT with out node select_ln21_19)   --->   "%or_ln21_7 = or i1 %or_ln21_4, i1 %or_ln21_5" [serial_fft/fft_serial.cpp:21->serial_fft/fft_serial.cpp:139->serial_fft/fft_serial.cpp:222]   --->   Operation 40 'or' 'or_ln21_7' <Predicate = (!icmp_ln126)> <Delay = 0.00> <CoreInst = "LogicGate">   --->   Core 74 'LogicGate' <Latency = 0> <II = 1> <Delay = 0.97> <FuncUnit> <Opcode : 'and' 'or' 'xor'> <InPorts = 2> <OutPorts = 1>
ST_1 : Operation 41 [1/1] (0.98ns) (out node of the LUT)   --->   "%select_ln21_18 = select i1 %or_ln21_6, i3 %select_ln21_16, i3 7" [serial_fft/fft_serial.cpp:21->serial_fft/fft_serial.cpp:139->serial_fft/fft_serial.cpp:222]   --->   Operation 41 'select' 'select_ln21_18' <Predicate = (!icmp_ln126)> <Delay = 0.98> <CoreInst = "Sel">   --->   Core 73 'Sel' <Latency = 0> <II = 1> <Delay = 0.98> <FuncUnit> <Opcode : 'select'> <InPorts = 3> <OutPorts = 1>
ST_1 : Operation 42 [1/1] (0.98ns) (out node of the LUT)   --->   "%select_ln21_19 = select i1 %or_ln21_7, i3 %select_ln21_17, i3 %select_ln21_18" [serial_fft/fft_serial.cpp:21->serial_fft/fft_serial.cpp:139->serial_fft/fft_serial.cpp:222]   --->   Operation 42 'select' 'select_ln21_19' <Predicate = (!icmp_ln126)> <Delay = 0.98> <CoreInst = "Sel">   --->   Core 73 'Sel' <Latency = 0> <II = 1> <Delay = 0.98> <FuncUnit> <Opcode : 'select'> <InPorts = 3> <OutPorts = 1>
ST_1 : Operation 43 [1/1] (1.77ns)   --->   "%icmp_ln21_14 = icmp_eq  i4 %clz_next_2_read, i4 1" [serial_fft/fft_serial.cpp:21->serial_fft/fft_serial.cpp:139->serial_fft/fft_serial.cpp:222]   --->   Operation 43 'icmp' 'icmp_ln21_14' <Predicate = (!icmp_ln126)> <Delay = 1.77> <CoreInst = "Cmp">   --->   Core 9 'Cmp' <Latency = 0> <II = 1> <Delay = 1.77> <FuncUnit> <Opcode : 'icmp'> <InPorts = 2> <OutPorts = 1>
ST_1 : Operation 44 [1/1] (1.77ns)   --->   "%icmp_ln21_15 = icmp_eq  i4 %clz_next_2_read, i4 0" [serial_fft/fft_serial.cpp:21->serial_fft/fft_serial.cpp:139->serial_fft/fft_serial.cpp:222]   --->   Operation 44 'icmp' 'icmp_ln21_15' <Predicate = (!icmp_ln126)> <Delay = 1.77> <CoreInst = "Cmp">   --->   Core 9 'Cmp' <Latency = 0> <II = 1> <Delay = 1.77> <FuncUnit> <Opcode : 'icmp'> <InPorts = 2> <OutPorts = 1>
ST_1 : Operation 45 [1/1] (0.00ns)   --->   "%im_addr_4 = getelementptr i17 %im, i64 0, i64 %zext_ln134" [serial_fft/fft_serial.cpp:140->serial_fft/fft_serial.cpp:222]   --->   Operation 45 'getelementptr' 'im_addr_4' <Predicate = (!icmp_ln126)> <Delay = 0.00>
ST_1 : Operation 46 [1/1] (0.00ns)   --->   "%im_1_addr_4 = getelementptr i17 %im_1, i64 0, i64 %zext_ln134" [serial_fft/fft_serial.cpp:140->serial_fft/fft_serial.cpp:222]   --->   Operation 46 'getelementptr' 'im_1_addr_4' <Predicate = (!icmp_ln126)> <Delay = 0.00>
ST_1 : Operation 47 [2/2] (3.25ns)   --->   "%im_load_2 = load i9 %im_addr_4" [serial_fft/fft_serial.cpp:140->serial_fft/fft_serial.cpp:222]   --->   Operation 47 'load' 'im_load_2' <Predicate = (!icmp_ln126)> <Delay = 3.25> <CoreInst = "RAM">   --->   Core 82 'RAM' <Latency = 1> <II = 1> <Delay = 3.25> <Storage> <Opcode : 'load' 'store'> <Ports = 2> <Width = 17> <Depth = 512> <RAM>
ST_1 : Operation 48 [2/2] (3.25ns)   --->   "%im_1_load_2 = load i9 %im_1_addr_4" [serial_fft/fft_serial.cpp:140->serial_fft/fft_serial.cpp:222]   --->   Operation 48 'load' 'im_1_load_2' <Predicate = (!icmp_ln126)> <Delay = 3.25> <CoreInst = "RAM">   --->   Core 82 'RAM' <Latency = 1> <II = 1> <Delay = 3.25> <Storage> <Opcode : 'load' 'store'> <Ports = 2> <Width = 17> <Depth = 512> <RAM>
ST_1 : Operation 49 [1/1] (0.00ns)   --->   "%re_addr_5 = getelementptr i17 %re, i64 0, i64 %zext_ln135" [serial_fft/fft_serial.cpp:141->serial_fft/fft_serial.cpp:222]   --->   Operation 49 'getelementptr' 're_addr_5' <Predicate = (!icmp_ln126)> <Delay = 0.00>
ST_1 : Operation 50 [1/1] (0.00ns)   --->   "%re_1_addr_5 = getelementptr i17 %re_1, i64 0, i64 %zext_ln135" [serial_fft/fft_serial.cpp:141->serial_fft/fft_serial.cpp:222]   --->   Operation 50 'getelementptr' 're_1_addr_5' <Predicate = (!icmp_ln126)> <Delay = 0.00>
ST_1 : Operation 51 [1/1] (0.00ns)   --->   "%im_addr_5 = getelementptr i17 %im, i64 0, i64 %zext_ln135" [serial_fft/fft_serial.cpp:142->serial_fft/fft_serial.cpp:222]   --->   Operation 51 'getelementptr' 'im_addr_5' <Predicate = (!icmp_ln126)> <Delay = 0.00>
ST_1 : Operation 52 [1/1] (0.00ns)   --->   "%im_1_addr_5 = getelementptr i17 %im_1, i64 0, i64 %zext_ln135" [serial_fft/fft_serial.cpp:142->serial_fft/fft_serial.cpp:222]   --->   Operation 52 'getelementptr' 'im_1_addr_5' <Predicate = (!icmp_ln126)> <Delay = 0.00>
ST_1 : Operation 53 [2/2] (3.25ns)   --->   "%im_load_3 = load i9 %im_addr_5" [serial_fft/fft_serial.cpp:142->serial_fft/fft_serial.cpp:222]   --->   Operation 53 'load' 'im_load_3' <Predicate = (!icmp_ln126)> <Delay = 3.25> <CoreInst = "RAM">   --->   Core 82 'RAM' <Latency = 1> <II = 1> <Delay = 3.25> <Storage> <Opcode : 'load' 'store'> <Ports = 2> <Width = 17> <Depth = 512> <RAM>
ST_1 : Operation 54 [2/2] (3.25ns)   --->   "%im_1_load_3 = load i9 %im_1_addr_5" [serial_fft/fft_serial.cpp:142->serial_fft/fft_serial.cpp:222]   --->   Operation 54 'load' 'im_1_load_3' <Predicate = (!icmp_ln126)> <Delay = 3.25> <CoreInst = "RAM">   --->   Core 82 'RAM' <Latency = 1> <II = 1> <Delay = 3.25> <Storage> <Opcode : 'load' 'store'> <Ports = 2> <Width = 17> <Depth = 512> <RAM>
ST_1 : Operation 55 [1/1] (1.08ns)   --->   "%select_ln25 = select i1 %trunc_ln126, i64 128, i64 0" [./serial_fft/../twiddle_rom.h:25->serial_fft/fft_serial.cpp:146->serial_fft/fft_serial.cpp:222]   --->   Operation 55 'select' 'select_ln25' <Predicate = (!icmp_ln126)> <Delay = 1.08> <CoreInst = "Sel">   --->   Core 73 'Sel' <Latency = 0> <II = 1> <Delay = 1.08> <FuncUnit> <Opcode : 'select'> <InPorts = 3> <OutPorts = 1>
ST_1 : Operation 56 [1/1] (0.00ns)   --->   "%TW_COS_LUT_addr = getelementptr i15 %TW_COS_LUT, i64 0, i64 %select_ln25" [./serial_fft/../twiddle_rom.h:25->serial_fft/fft_serial.cpp:146->serial_fft/fft_serial.cpp:222]   --->   Operation 56 'getelementptr' 'TW_COS_LUT_addr' <Predicate = (!icmp_ln126)> <Delay = 0.00>
ST_1 : Operation 57 [2/2] (3.25ns)   --->   "%w_re_40 = load i8 %TW_COS_LUT_addr" [./serial_fft/../twiddle_rom.h:25->serial_fft/fft_serial.cpp:146->serial_fft/fft_serial.cpp:222]   --->   Operation 57 'load' 'w_re_40' <Predicate = (!icmp_ln126)> <Delay = 3.25> <CoreInst = "ROM">   --->   Core 95 'ROM' <Latency = 1> <II = 1> <Delay = 3.25> <Storage> <Opcode : 'load'> <Ports = 0> <Width = 15> <Depth = 129> <ROM>
ST_1 : Operation 58 [1/1] (0.00ns)   --->   "%TW_SIN_LUT_addr = getelementptr i15 %TW_SIN_LUT, i64 0, i64 %select_ln25" [./serial_fft/../twiddle_rom.h:26->serial_fft/fft_serial.cpp:146->serial_fft/fft_serial.cpp:222]   --->   Operation 58 'getelementptr' 'TW_SIN_LUT_addr' <Predicate = (!icmp_ln126)> <Delay = 0.00>
ST_1 : Operation 59 [2/2] (3.25ns)   --->   "%sv = load i8 %TW_SIN_LUT_addr" [./serial_fft/../twiddle_rom.h:26->serial_fft/fft_serial.cpp:146->serial_fft/fft_serial.cpp:222]   --->   Operation 59 'load' 'sv' <Predicate = (!icmp_ln126)> <Delay = 3.25> <CoreInst = "ROM">   --->   Core 95 'ROM' <Latency = 1> <II = 1> <Delay = 3.25> <Storage> <Opcode : 'load'> <Ports = 0> <Width = 15> <Depth = 129> <ROM>
ST_1 : Operation 60 [1/1] (1.58ns)   --->   "%icmp_ln28 = icmp_eq  i2 %j, i2 2" [./serial_fft/../twiddle_rom.h:28->serial_fft/fft_serial.cpp:146->serial_fft/fft_serial.cpp:222]   --->   Operation 60 'icmp' 'icmp_ln28' <Predicate = (!icmp_ln126)> <Delay = 1.58> <CoreInst = "Cmp">   --->   Core 9 'Cmp' <Latency = 0> <II = 1> <Delay = 1.58> <FuncUnit> <Opcode : 'icmp'> <InPorts = 2> <OutPorts = 1>
ST_1 : Operation 61 [1/1] (1.58ns)   --->   "%icmp_ln28_1 = icmp_eq  i2 %j, i2 1" [./serial_fft/../twiddle_rom.h:28->serial_fft/fft_serial.cpp:146->serial_fft/fft_serial.cpp:222]   --->   Operation 61 'icmp' 'icmp_ln28_1' <Predicate = (!icmp_ln126)> <Delay = 1.58> <CoreInst = "Cmp">   --->   Core 9 'Cmp' <Latency = 0> <II = 1> <Delay = 1.58> <FuncUnit> <Opcode : 'icmp'> <InPorts = 2> <OutPorts = 1>
ST_1 : Operation 62 [1/1] (1.58ns)   --->   "%icmp_ln28_2 = icmp_eq  i2 %j, i2 0" [./serial_fft/../twiddle_rom.h:28->serial_fft/fft_serial.cpp:146->serial_fft/fft_serial.cpp:222]   --->   Operation 62 'icmp' 'icmp_ln28_2' <Predicate = (!icmp_ln126)> <Delay = 1.58> <CoreInst = "Cmp">   --->   Core 9 'Cmp' <Latency = 0> <II = 1> <Delay = 1.58> <FuncUnit> <Opcode : 'icmp'> <InPorts = 2> <OutPorts = 1>
ST_1 : Operation 63 [1/1] (0.00ns)   --->   "%br_ln162 = br i1 %trunc_ln126, void %arrayidx11.i1039415818.case.0, void %arrayidx11.i1039415818.case.1" [serial_fft/fft_serial.cpp:162->serial_fft/fft_serial.cpp:222]   --->   Operation 63 'br' 'br_ln162' <Predicate = (!icmp_ln126)> <Delay = 0.00>
ST_1 : Operation 64 [1/1] (1.61ns)   --->   "%store_ln126 = store i10 %bfly_11, i10 %bfly_2" [serial_fft/fft_serial.cpp:126->serial_fft/fft_serial.cpp:222]   --->   Operation 64 'store' 'store_ln126' <Predicate = (!icmp_ln126)> <Delay = 1.61>
ST_1 : Operation 188 [1/1] (0.00ns)   --->   "%or_mask_3_load_1 = load i8 %or_mask_3"   --->   Operation 188 'load' 'or_mask_3_load_1' <Predicate = (icmp_ln126)> <Delay = 0.00>
ST_1 : Operation 189 [1/1] (0.00ns)   --->   "%write_ln0 = write void @_ssdm_op_Write.ap_auto.i8P0A, i8 %or_mask_3_out, i8 %or_mask_3_load_1"   --->   Operation 189 'write' 'write_ln0' <Predicate = (icmp_ln126)> <Delay = 0.00>
ST_1 : Operation 190 [1/1] (0.00ns)   --->   "%ret_ln0 = ret"   --->   Operation 190 'ret' 'ret_ln0' <Predicate = (icmp_ln126)> <Delay = 0.00>

State 2 <SV = 1> <Delay = 13.9>
ST_2 : Operation 65 [2/2] (3.25ns)   --->   "%re_load_2 = load i9 %re_addr_4" [serial_fft/fft_serial.cpp:139->serial_fft/fft_serial.cpp:222]   --->   Operation 65 'load' 're_load_2' <Predicate = (!icmp_ln126 & !trunc_ln126)> <Delay = 3.25> <CoreInst = "RAM">   --->   Core 82 'RAM' <Latency = 1> <II = 1> <Delay = 3.25> <Storage> <Opcode : 'load' 'store'> <Ports = 2> <Width = 17> <Depth = 512> <RAM>
ST_2 : Operation 66 [2/2] (3.25ns)   --->   "%re_1_load_2 = load i9 %re_1_addr_4" [serial_fft/fft_serial.cpp:139->serial_fft/fft_serial.cpp:222]   --->   Operation 66 'load' 're_1_load_2' <Predicate = (!icmp_ln126 & trunc_ln126)> <Delay = 3.25> <CoreInst = "RAM">   --->   Core 82 'RAM' <Latency = 1> <II = 1> <Delay = 3.25> <Storage> <Opcode : 'load' 'store'> <Ports = 2> <Width = 17> <Depth = 512> <RAM>
ST_2 : Operation 67 [1/1] (0.00ns)   --->   "%zext_ln21 = zext i3 %select_ln21_19" [serial_fft/fft_serial.cpp:21->serial_fft/fft_serial.cpp:139->serial_fft/fft_serial.cpp:222]   --->   Operation 67 'zext' 'zext_ln21' <Predicate = (!icmp_ln126)> <Delay = 0.00>
ST_2 : Operation 68 [1/2] (3.25ns)   --->   "%im_load_2 = load i9 %im_addr_4" [serial_fft/fft_serial.cpp:140->serial_fft/fft_serial.cpp:222]   --->   Operation 68 'load' 'im_load_2' <Predicate = (!icmp_ln126)> <Delay = 3.25> <CoreInst = "RAM">   --->   Core 82 'RAM' <Latency = 1> <II = 1> <Delay = 3.25> <Storage> <Opcode : 'load' 'store'> <Ports = 2> <Width = 17> <Depth = 512> <RAM>
ST_2 : Operation 69 [1/2] (3.25ns)   --->   "%im_1_load_2 = load i9 %im_1_addr_4" [serial_fft/fft_serial.cpp:140->serial_fft/fft_serial.cpp:222]   --->   Operation 69 'load' 'im_1_load_2' <Predicate = (!icmp_ln126)> <Delay = 3.25> <CoreInst = "RAM">   --->   Core 82 'RAM' <Latency = 1> <II = 1> <Delay = 3.25> <Storage> <Opcode : 'load' 'store'> <Ports = 2> <Width = 17> <Depth = 512> <RAM>
ST_2 : Operation 70 [1/1] (1.31ns)   --->   "%v_13 = select i1 %trunc_ln126, i17 %im_1_load_2, i17 %im_load_2" [serial_fft/fft_serial.cpp:126->serial_fft/fft_serial.cpp:222]   --->   Operation 70 'select' 'v_13' <Predicate = (!icmp_ln126)> <Delay = 1.31> <CoreInst = "Sel">   --->   Core 73 'Sel' <Latency = 0> <II = 1> <Delay = 1.31> <FuncUnit> <Opcode : 'select'> <InPorts = 3> <OutPorts = 1>
ST_2 : Operation 71 [1/1] (0.00ns)   --->   "%trunc_ln19_22 = trunc i17 %v_13" [serial_fft/fft_serial.cpp:19->serial_fft/fft_serial.cpp:140->serial_fft/fft_serial.cpp:222]   --->   Operation 71 'trunc' 'trunc_ln19_22' <Predicate = (!icmp_ln126 & icmp_ln21_15)> <Delay = 0.00>
ST_2 : Operation 72 [1/1] (0.00ns)   --->   "%a_im = trunc i17 %v_13" [serial_fft/fft_serial.cpp:34->serial_fft/fft_serial.cpp:140->serial_fft/fft_serial.cpp:222]   --->   Operation 72 'trunc' 'a_im' <Predicate = (!icmp_ln126 & !icmp_ln21_15)> <Delay = 0.00>
ST_2 : Operation 73 [1/1] (1.58ns)   --->   "%icmp_ln24_5 = icmp_eq  i2 %trunc_ln19_22, i2 3" [serial_fft/fft_serial.cpp:24->serial_fft/fft_serial.cpp:140->serial_fft/fft_serial.cpp:222]   --->   Operation 73 'icmp' 'icmp_ln24_5' <Predicate = (!icmp_ln126 & icmp_ln21_15)> <Delay = 1.58> <CoreInst = "Cmp">   --->   Core 9 'Cmp' <Latency = 0> <II = 1> <Delay = 1.58> <FuncUnit> <Opcode : 'icmp'> <InPorts = 2> <OutPorts = 1>
ST_2 : Operation 74 [1/1] (3.67ns)   --->   "%a_im_29 = shl i16 %a_im, i16 %zext_ln21" [serial_fft/fft_serial.cpp:21->serial_fft/fft_serial.cpp:140->serial_fft/fft_serial.cpp:222]   --->   Operation 74 'shl' 'a_im_29' <Predicate = (!icmp_ln126 & !icmp_ln21_15 & !icmp_ln21_14)> <Delay = 3.67> <CoreInst = "Shifter">   --->   Core 75 'Shifter' <Latency = 0> <II = 1> <Delay = 3.67> <FuncUnit> <Opcode : 'shl' 'lshr' 'ashr'> <InPorts = 2> <OutPorts = 1>
ST_2 : Operation 75 [2/2] (3.25ns)   --->   "%re_load_3 = load i9 %re_addr_5" [serial_fft/fft_serial.cpp:141->serial_fft/fft_serial.cpp:222]   --->   Operation 75 'load' 're_load_3' <Predicate = (!icmp_ln126 & !trunc_ln126)> <Delay = 3.25> <CoreInst = "RAM">   --->   Core 82 'RAM' <Latency = 1> <II = 1> <Delay = 3.25> <Storage> <Opcode : 'load' 'store'> <Ports = 2> <Width = 17> <Depth = 512> <RAM>
ST_2 : Operation 76 [2/2] (3.25ns)   --->   "%re_1_load_3 = load i9 %re_1_addr_5" [serial_fft/fft_serial.cpp:141->serial_fft/fft_serial.cpp:222]   --->   Operation 76 'load' 're_1_load_3' <Predicate = (!icmp_ln126 & trunc_ln126)> <Delay = 3.25> <CoreInst = "RAM">   --->   Core 82 'RAM' <Latency = 1> <II = 1> <Delay = 3.25> <Storage> <Opcode : 'load' 'store'> <Ports = 2> <Width = 17> <Depth = 512> <RAM>
ST_2 : Operation 77 [1/2] (3.25ns)   --->   "%im_load_3 = load i9 %im_addr_5" [serial_fft/fft_serial.cpp:142->serial_fft/fft_serial.cpp:222]   --->   Operation 77 'load' 'im_load_3' <Predicate = (!icmp_ln126)> <Delay = 3.25> <CoreInst = "RAM">   --->   Core 82 'RAM' <Latency = 1> <II = 1> <Delay = 3.25> <Storage> <Opcode : 'load' 'store'> <Ports = 2> <Width = 17> <Depth = 512> <RAM>
ST_2 : Operation 78 [1/2] (3.25ns)   --->   "%im_1_load_3 = load i9 %im_1_addr_5" [serial_fft/fft_serial.cpp:142->serial_fft/fft_serial.cpp:222]   --->   Operation 78 'load' 'im_1_load_3' <Predicate = (!icmp_ln126)> <Delay = 3.25> <CoreInst = "RAM">   --->   Core 82 'RAM' <Latency = 1> <II = 1> <Delay = 3.25> <Storage> <Opcode : 'load' 'store'> <Ports = 2> <Width = 17> <Depth = 512> <RAM>
ST_2 : Operation 79 [1/1] (1.31ns)   --->   "%v_15 = select i1 %trunc_ln126, i17 %im_1_load_3, i17 %im_load_3" [serial_fft/fft_serial.cpp:126->serial_fft/fft_serial.cpp:222]   --->   Operation 79 'select' 'v_15' <Predicate = (!icmp_ln126)> <Delay = 1.31> <CoreInst = "Sel">   --->   Core 73 'Sel' <Latency = 0> <II = 1> <Delay = 1.31> <FuncUnit> <Opcode : 'select'> <InPorts = 3> <OutPorts = 1>
ST_2 : Operation 80 [1/1] (0.00ns)   --->   "%trunc_ln19_24 = trunc i17 %v_15" [serial_fft/fft_serial.cpp:19->serial_fft/fft_serial.cpp:142->serial_fft/fft_serial.cpp:222]   --->   Operation 80 'trunc' 'trunc_ln19_24' <Predicate = (!icmp_ln126 & icmp_ln21_15)> <Delay = 0.00>
ST_2 : Operation 81 [1/1] (0.00ns)   --->   "%b_im = trunc i17 %v_15" [serial_fft/fft_serial.cpp:34->serial_fft/fft_serial.cpp:142->serial_fft/fft_serial.cpp:222]   --->   Operation 81 'trunc' 'b_im' <Predicate = (!icmp_ln126 & !icmp_ln21_15)> <Delay = 0.00>
ST_2 : Operation 82 [1/1] (1.58ns)   --->   "%icmp_ln24_7 = icmp_eq  i2 %trunc_ln19_24, i2 3" [serial_fft/fft_serial.cpp:24->serial_fft/fft_serial.cpp:142->serial_fft/fft_serial.cpp:222]   --->   Operation 82 'icmp' 'icmp_ln24_7' <Predicate = (!icmp_ln126 & icmp_ln21_15)> <Delay = 1.58> <CoreInst = "Cmp">   --->   Core 9 'Cmp' <Latency = 0> <II = 1> <Delay = 1.58> <FuncUnit> <Opcode : 'icmp'> <InPorts = 2> <OutPorts = 1>
ST_2 : Operation 83 [1/1] (0.00ns)   --->   "%zext_ln24_7 = zext i1 %icmp_ln24_7" [serial_fft/fft_serial.cpp:24->serial_fft/fft_serial.cpp:142->serial_fft/fft_serial.cpp:222]   --->   Operation 83 'zext' 'zext_ln24_7' <Predicate = (!icmp_ln126 & icmp_ln21_15)> <Delay = 0.00>
ST_2 : Operation 84 [1/1] (2.18ns)   --->   "%rounded_24 = add i17 %v_15, i17 %zext_ln24_7" [serial_fft/fft_serial.cpp:24->serial_fft/fft_serial.cpp:142->serial_fft/fft_serial.cpp:222]   --->   Operation 84 'add' 'rounded_24' <Predicate = (!icmp_ln126 & icmp_ln21_15)> <Delay = 2.18> <CoreInst = "Adder">   --->   Core 1 'Adder' <Latency = 0> <II = 1> <Delay = 2.18> <FuncUnit> <Opcode : 'add' 'sub'> <InPorts = 2> <OutPorts = 1>
ST_2 : Operation 85 [1/1] (0.00ns) (grouped into LUT with out node b_im_31)   --->   "%b_im_6 = partselect i16 @_ssdm_op_PartSelect.i16.i17.i32.i32, i17 %rounded_24, i32 1, i32 16" [serial_fft/fft_serial.cpp:25->serial_fft/fft_serial.cpp:142->serial_fft/fft_serial.cpp:222]   --->   Operation 85 'partselect' 'b_im_6' <Predicate = (!icmp_ln126 & icmp_ln21_15)> <Delay = 0.00>
ST_2 : Operation 86 [1/1] (3.67ns)   --->   "%b_im_29 = shl i16 %b_im, i16 %zext_ln21" [serial_fft/fft_serial.cpp:21->serial_fft/fft_serial.cpp:142->serial_fft/fft_serial.cpp:222]   --->   Operation 86 'shl' 'b_im_29' <Predicate = (!icmp_ln126 & !icmp_ln21_15 & !icmp_ln21_14)> <Delay = 3.67> <CoreInst = "Shifter">   --->   Core 75 'Shifter' <Latency = 0> <II = 1> <Delay = 3.67> <FuncUnit> <Opcode : 'shl' 'lshr' 'ashr'> <InPorts = 2> <OutPorts = 1>
ST_2 : Operation 87 [1/1] (0.00ns) (grouped into LUT with out node b_im_31)   --->   "%b_im_30 = select i1 %icmp_ln21_14, i16 %b_im, i16 %b_im_29" [serial_fft/fft_serial.cpp:21->serial_fft/fft_serial.cpp:142->serial_fft/fft_serial.cpp:222]   --->   Operation 87 'select' 'b_im_30' <Predicate = (!icmp_ln126 & !icmp_ln21_15)> <Delay = 0.00> <CoreInst = "Sel">   --->   Core 73 'Sel' <Latency = 0> <II = 1> <Delay = 1.29> <FuncUnit> <Opcode : 'select'> <InPorts = 3> <OutPorts = 1>
ST_2 : Operation 88 [1/1] (1.29ns) (out node of the LUT)   --->   "%b_im_31 = select i1 %icmp_ln21_15, i16 %b_im_6, i16 %b_im_30" [serial_fft/fft_serial.cpp:21->serial_fft/fft_serial.cpp:142->serial_fft/fft_serial.cpp:222]   --->   Operation 88 'select' 'b_im_31' <Predicate = (!icmp_ln126)> <Delay = 1.29> <CoreInst = "Sel">   --->   Core 73 'Sel' <Latency = 0> <II = 1> <Delay = 1.29> <FuncUnit> <Opcode : 'select'> <InPorts = 3> <OutPorts = 1>
ST_2 : Operation 89 [1/2] (3.25ns)   --->   "%w_re_40 = load i8 %TW_COS_LUT_addr" [./serial_fft/../twiddle_rom.h:25->serial_fft/fft_serial.cpp:146->serial_fft/fft_serial.cpp:222]   --->   Operation 89 'load' 'w_re_40' <Predicate = (!icmp_ln126)> <Delay = 3.25> <CoreInst = "ROM">   --->   Core 95 'ROM' <Latency = 1> <II = 1> <Delay = 3.25> <Storage> <Opcode : 'load'> <Ports = 0> <Width = 15> <Depth = 129> <ROM>
ST_2 : Operation 90 [1/1] (0.00ns) (grouped into LUT with out node w_re_38)   --->   "%zext_ln145 = zext i15 %w_re_40" [serial_fft/fft_serial.cpp:145->serial_fft/fft_serial.cpp:222]   --->   Operation 90 'zext' 'zext_ln145' <Predicate = (!icmp_ln126 & icmp_ln28_2)> <Delay = 0.00>
ST_2 : Operation 91 [1/2] (3.25ns)   --->   "%sv = load i8 %TW_SIN_LUT_addr" [./serial_fft/../twiddle_rom.h:26->serial_fft/fft_serial.cpp:146->serial_fft/fft_serial.cpp:222]   --->   Operation 91 'load' 'sv' <Predicate = (!icmp_ln126)> <Delay = 3.25> <CoreInst = "ROM">   --->   Core 95 'ROM' <Latency = 1> <II = 1> <Delay = 3.25> <Storage> <Opcode : 'load'> <Ports = 0> <Width = 15> <Depth = 129> <ROM>
ST_2 : Operation 92 [1/1] (0.00ns) (grouped into LUT with out node w_re_37)   --->   "%zext_ln26 = zext i15 %sv" [./serial_fft/../twiddle_rom.h:26->serial_fft/fft_serial.cpp:146->serial_fft/fft_serial.cpp:222]   --->   Operation 92 'zext' 'zext_ln26' <Predicate = (!icmp_ln126 & !icmp_ln28_2 & icmp_ln28_1)> <Delay = 0.00>
ST_2 : Operation 93 [1/1] (0.00ns) (grouped into LUT with out node w_re_37)   --->   "%select_ln28 = select i1 %icmp_ln28, i15 %sv, i15 %w_re_40" [./serial_fft/../twiddle_rom.h:28->serial_fft/fft_serial.cpp:146->serial_fft/fft_serial.cpp:222]   --->   Operation 93 'select' 'select_ln28' <Predicate = (!icmp_ln126 & !icmp_ln28_2 & !icmp_ln28_1)> <Delay = 0.00> <CoreInst = "Sel">   --->   Core 73 'Sel' <Latency = 0> <II = 1> <Delay = 0.99> <FuncUnit> <Opcode : 'select'> <InPorts = 3> <OutPorts = 1>
ST_2 : Operation 94 [1/1] (0.00ns) (grouped into LUT with out node w_re_37)   --->   "%zext_ln28 = zext i15 %select_ln28" [./serial_fft/../twiddle_rom.h:28->serial_fft/fft_serial.cpp:146->serial_fft/fft_serial.cpp:222]   --->   Operation 94 'zext' 'zext_ln28' <Predicate = (!icmp_ln126 & !icmp_ln28_2 & !icmp_ln28_1)> <Delay = 0.00>
ST_2 : Operation 95 [1/1] (0.00ns) (grouped into LUT with out node w_re_37)   --->   "%w_re_36 = xor i16 %zext_ln28, i16 65535" [./serial_fft/../twiddle_rom.h:28->serial_fft/fft_serial.cpp:146->serial_fft/fft_serial.cpp:222]   --->   Operation 95 'xor' 'w_re_36' <Predicate = (!icmp_ln126 & !icmp_ln28_2 & !icmp_ln28_1)> <Delay = 0.00> <CoreInst = "LogicGate">   --->   Core 74 'LogicGate' <Latency = 0> <II = 1> <Delay = 0.99> <FuncUnit> <Opcode : 'and' 'or' 'xor'> <InPorts = 2> <OutPorts = 1>
ST_2 : Operation 96 [1/1] (1.29ns) (out node of the LUT)   --->   "%w_re_37 = select i1 %icmp_ln28_1, i16 %zext_ln26, i16 %w_re_36" [./serial_fft/../twiddle_rom.h:28->serial_fft/fft_serial.cpp:146->serial_fft/fft_serial.cpp:222]   --->   Operation 96 'select' 'w_re_37' <Predicate = (!icmp_ln126 & !icmp_ln28_2)> <Delay = 1.29> <CoreInst = "Sel">   --->   Core 73 'Sel' <Latency = 0> <II = 1> <Delay = 1.29> <FuncUnit> <Opcode : 'select'> <InPorts = 3> <OutPorts = 1>
ST_2 : Operation 97 [1/1] (1.29ns) (out node of the LUT)   --->   "%w_re_38 = select i1 %icmp_ln28_2, i16 %zext_ln145, i16 %w_re_37" [./serial_fft/../twiddle_rom.h:28->serial_fft/fft_serial.cpp:146->serial_fft/fft_serial.cpp:222]   --->   Operation 97 'select' 'w_re_38' <Predicate = (!icmp_ln126)> <Delay = 1.29> <CoreInst = "Sel">   --->   Core 73 'Sel' <Latency = 0> <II = 1> <Delay = 1.29> <FuncUnit> <Opcode : 'select'> <InPorts = 3> <OutPorts = 1>
ST_2 : Operation 98 [1/1] (0.00ns) (grouped into LUT with out node w_im)   --->   "%or_ln28 = or i1 %icmp_ln28_1, i1 %icmp_ln28" [./serial_fft/../twiddle_rom.h:28->serial_fft/fft_serial.cpp:146->serial_fft/fft_serial.cpp:222]   --->   Operation 98 'or' 'or_ln28' <Predicate = (!icmp_ln126)> <Delay = 0.00> <CoreInst = "LogicGate">   --->   Core 74 'LogicGate' <Latency = 0> <II = 1> <Delay = 0.97> <FuncUnit> <Opcode : 'and' 'or' 'xor'> <InPorts = 2> <OutPorts = 1>
ST_2 : Operation 99 [1/1] (0.00ns) (grouped into LUT with out node w_im)   --->   "%w_re_39 = select i1 %or_ln28, i15 %w_re_40, i15 %sv" [./serial_fft/../twiddle_rom.h:28->serial_fft/fft_serial.cpp:146->serial_fft/fft_serial.cpp:222]   --->   Operation 99 'select' 'w_re_39' <Predicate = (!icmp_ln126)> <Delay = 0.00> <CoreInst = "Sel">   --->   Core 73 'Sel' <Latency = 0> <II = 1> <Delay = 0.99> <FuncUnit> <Opcode : 'select'> <InPorts = 3> <OutPorts = 1>
ST_2 : Operation 100 [1/1] (0.00ns) (grouped into LUT with out node w_im)   --->   "%zext_ln145_1 = zext i15 %w_re_39" [serial_fft/fft_serial.cpp:145->serial_fft/fft_serial.cpp:222]   --->   Operation 100 'zext' 'zext_ln145_1' <Predicate = (!icmp_ln126)> <Delay = 0.00>
ST_2 : Operation 101 [1/1] (0.99ns) (out node of the LUT)   --->   "%w_im = xor i16 %zext_ln145_1, i16 65535" [serial_fft/fft_serial.cpp:145->serial_fft/fft_serial.cpp:222]   --->   Operation 101 'xor' 'w_im' <Predicate = (!icmp_ln126)> <Delay = 0.99> <CoreInst = "LogicGate">   --->   Core 74 'LogicGate' <Latency = 0> <II = 1> <Delay = 0.99> <FuncUnit> <Opcode : 'and' 'or' 'xor'> <InPorts = 2> <OutPorts = 1>
ST_2 : Operation 102 [1/1] (0.00ns)   --->   "%sext_ln150_9 = sext i16 %w_re_38" [serial_fft/fft_serial.cpp:150->serial_fft/fft_serial.cpp:222]   --->   Operation 102 'sext' 'sext_ln150_9' <Predicate = (!icmp_ln126)> <Delay = 0.00>
ST_2 : Operation 103 [1/1] (0.00ns)   --->   "%sext_ln150_10 = sext i16 %b_im_31" [serial_fft/fft_serial.cpp:150->serial_fft/fft_serial.cpp:222]   --->   Operation 103 'sext' 'sext_ln150_10' <Predicate = (!icmp_ln126)> <Delay = 0.00>
ST_2 : Operation 104 [1/1] (0.00ns)   --->   "%sext_ln150_11 = sext i16 %w_im" [serial_fft/fft_serial.cpp:150->serial_fft/fft_serial.cpp:222]   --->   Operation 104 'sext' 'sext_ln150_11' <Predicate = (!icmp_ln126)> <Delay = 0.00>
ST_2 : Operation 105 [3/3] (1.45ns) (grouped into DSP with root node wb_re)   --->   "%mul_ln150_1 = mul i32 %sext_ln150_11, i32 %sext_ln150_10" [serial_fft/fft_serial.cpp:150->serial_fft/fft_serial.cpp:222]   --->   Operation 105 'mul' 'mul_ln150_1' <Predicate = (!icmp_ln126)> <Delay = 1.45> <CoreInst = "DSP48">   --->   Core 119 'DSP48' <Latency = 2> <II = 1> <Delay = 3.88> <IPBlock> <Opcode : '' 'add' 'sub' 'mul' 'select'> <InPorts = 0> <OutPorts = 1> <Sync> <CReg>
ST_2 : Operation 106 [2/2] (4.29ns) (grouped into DSP with root node wb_im)   --->   "%mul_ln151_1 = mul i32 %sext_ln150_9, i32 %sext_ln150_10" [serial_fft/fft_serial.cpp:151->serial_fft/fft_serial.cpp:222]   --->   Operation 106 'mul' 'mul_ln151_1' <Predicate = (!icmp_ln126)> <Delay = 4.29> <CoreInst = "DSP48">   --->   Core 119 'DSP48' <Latency = 2> <II = 1> <Delay = 3.88> <IPBlock> <Opcode : '' 'add' 'sub' 'mul' 'select'> <InPorts = 0> <OutPorts = 1> <Sync> <CReg>

State 3 <SV = 2> <Delay = 24.4>
ST_3 : Operation 107 [1/2] (3.25ns)   --->   "%re_load_2 = load i9 %re_addr_4" [serial_fft/fft_serial.cpp:139->serial_fft/fft_serial.cpp:222]   --->   Operation 107 'load' 're_load_2' <Predicate = (!icmp_ln126 & !trunc_ln126)> <Delay = 3.25> <CoreInst = "RAM">   --->   Core 82 'RAM' <Latency = 1> <II = 1> <Delay = 3.25> <Storage> <Opcode : 'load' 'store'> <Ports = 2> <Width = 17> <Depth = 512> <RAM>
ST_3 : Operation 108 [1/2] (3.25ns)   --->   "%re_1_load_2 = load i9 %re_1_addr_4" [serial_fft/fft_serial.cpp:139->serial_fft/fft_serial.cpp:222]   --->   Operation 108 'load' 're_1_load_2' <Predicate = (!icmp_ln126 & trunc_ln126)> <Delay = 3.25> <CoreInst = "RAM">   --->   Core 82 'RAM' <Latency = 1> <II = 1> <Delay = 3.25> <Storage> <Opcode : 'load' 'store'> <Ports = 2> <Width = 17> <Depth = 512> <RAM>
ST_3 : Operation 109 [1/1] (1.31ns)   --->   "%v_12 = select i1 %trunc_ln126, i17 %re_1_load_2, i17 %re_load_2" [serial_fft/fft_serial.cpp:126->serial_fft/fft_serial.cpp:222]   --->   Operation 109 'select' 'v_12' <Predicate = (!icmp_ln126)> <Delay = 1.31> <CoreInst = "Sel">   --->   Core 73 'Sel' <Latency = 0> <II = 1> <Delay = 1.31> <FuncUnit> <Opcode : 'select'> <InPorts = 3> <OutPorts = 1>
ST_3 : Operation 110 [1/1] (0.00ns)   --->   "%trunc_ln19 = trunc i17 %v_12" [serial_fft/fft_serial.cpp:19->serial_fft/fft_serial.cpp:139->serial_fft/fft_serial.cpp:222]   --->   Operation 110 'trunc' 'trunc_ln19' <Predicate = (!icmp_ln126 & icmp_ln21_15)> <Delay = 0.00>
ST_3 : Operation 111 [1/1] (0.00ns)   --->   "%a_re = trunc i17 %v_12" [serial_fft/fft_serial.cpp:34->serial_fft/fft_serial.cpp:139->serial_fft/fft_serial.cpp:222]   --->   Operation 111 'trunc' 'a_re' <Predicate = (!icmp_ln126 & !icmp_ln21_15)> <Delay = 0.00>
ST_3 : Operation 112 [1/1] (1.58ns)   --->   "%icmp_ln24_4 = icmp_eq  i2 %trunc_ln19, i2 3" [serial_fft/fft_serial.cpp:24->serial_fft/fft_serial.cpp:139->serial_fft/fft_serial.cpp:222]   --->   Operation 112 'icmp' 'icmp_ln24_4' <Predicate = (!icmp_ln126 & icmp_ln21_15)> <Delay = 1.58> <CoreInst = "Cmp">   --->   Core 9 'Cmp' <Latency = 0> <II = 1> <Delay = 1.58> <FuncUnit> <Opcode : 'icmp'> <InPorts = 2> <OutPorts = 1>
ST_3 : Operation 113 [1/1] (3.67ns)   --->   "%a_re_29 = shl i16 %a_re, i16 %zext_ln21" [serial_fft/fft_serial.cpp:21->serial_fft/fft_serial.cpp:139->serial_fft/fft_serial.cpp:222]   --->   Operation 113 'shl' 'a_re_29' <Predicate = (!icmp_ln126 & !icmp_ln21_15 & !icmp_ln21_14)> <Delay = 3.67> <CoreInst = "Shifter">   --->   Core 75 'Shifter' <Latency = 0> <II = 1> <Delay = 3.67> <FuncUnit> <Opcode : 'shl' 'lshr' 'ashr'> <InPorts = 2> <OutPorts = 1>
ST_3 : Operation 114 [1/1] (0.00ns)   --->   "%zext_ln24_5 = zext i1 %icmp_ln24_5" [serial_fft/fft_serial.cpp:24->serial_fft/fft_serial.cpp:140->serial_fft/fft_serial.cpp:222]   --->   Operation 114 'zext' 'zext_ln24_5' <Predicate = (!icmp_ln126 & icmp_ln21_15)> <Delay = 0.00>
ST_3 : Operation 115 [1/1] (2.18ns)   --->   "%rounded_22 = add i17 %v_13, i17 %zext_ln24_5" [serial_fft/fft_serial.cpp:24->serial_fft/fft_serial.cpp:140->serial_fft/fft_serial.cpp:222]   --->   Operation 115 'add' 'rounded_22' <Predicate = (!icmp_ln126 & icmp_ln21_15)> <Delay = 2.18> <CoreInst = "Adder">   --->   Core 1 'Adder' <Latency = 0> <II = 1> <Delay = 2.18> <FuncUnit> <Opcode : 'add' 'sub'> <InPorts = 2> <OutPorts = 1>
ST_3 : Operation 116 [1/1] (0.00ns) (grouped into LUT with out node a_im_31)   --->   "%a_im_6 = partselect i16 @_ssdm_op_PartSelect.i16.i17.i32.i32, i17 %rounded_22, i32 1, i32 16" [serial_fft/fft_serial.cpp:25->serial_fft/fft_serial.cpp:140->serial_fft/fft_serial.cpp:222]   --->   Operation 116 'partselect' 'a_im_6' <Predicate = (!icmp_ln126 & icmp_ln21_15)> <Delay = 0.00>
ST_3 : Operation 117 [1/1] (0.00ns) (grouped into LUT with out node a_im_31)   --->   "%a_im_30 = select i1 %icmp_ln21_14, i16 %a_im, i16 %a_im_29" [serial_fft/fft_serial.cpp:21->serial_fft/fft_serial.cpp:140->serial_fft/fft_serial.cpp:222]   --->   Operation 117 'select' 'a_im_30' <Predicate = (!icmp_ln126 & !icmp_ln21_15)> <Delay = 0.00> <CoreInst = "Sel">   --->   Core 73 'Sel' <Latency = 0> <II = 1> <Delay = 1.29> <FuncUnit> <Opcode : 'select'> <InPorts = 3> <OutPorts = 1>
ST_3 : Operation 118 [1/1] (1.29ns) (out node of the LUT)   --->   "%a_im_31 = select i1 %icmp_ln21_15, i16 %a_im_6, i16 %a_im_30" [serial_fft/fft_serial.cpp:21->serial_fft/fft_serial.cpp:140->serial_fft/fft_serial.cpp:222]   --->   Operation 118 'select' 'a_im_31' <Predicate = (!icmp_ln126)> <Delay = 1.29> <CoreInst = "Sel">   --->   Core 73 'Sel' <Latency = 0> <II = 1> <Delay = 1.29> <FuncUnit> <Opcode : 'select'> <InPorts = 3> <OutPorts = 1>
ST_3 : Operation 119 [1/2] (3.25ns)   --->   "%re_load_3 = load i9 %re_addr_5" [serial_fft/fft_serial.cpp:141->serial_fft/fft_serial.cpp:222]   --->   Operation 119 'load' 're_load_3' <Predicate = (!icmp_ln126 & !trunc_ln126)> <Delay = 3.25> <CoreInst = "RAM">   --->   Core 82 'RAM' <Latency = 1> <II = 1> <Delay = 3.25> <Storage> <Opcode : 'load' 'store'> <Ports = 2> <Width = 17> <Depth = 512> <RAM>
ST_3 : Operation 120 [1/2] (3.25ns)   --->   "%re_1_load_3 = load i9 %re_1_addr_5" [serial_fft/fft_serial.cpp:141->serial_fft/fft_serial.cpp:222]   --->   Operation 120 'load' 're_1_load_3' <Predicate = (!icmp_ln126 & trunc_ln126)> <Delay = 3.25> <CoreInst = "RAM">   --->   Core 82 'RAM' <Latency = 1> <II = 1> <Delay = 3.25> <Storage> <Opcode : 'load' 'store'> <Ports = 2> <Width = 17> <Depth = 512> <RAM>
ST_3 : Operation 121 [1/1] (1.31ns)   --->   "%v_14 = select i1 %trunc_ln126, i17 %re_1_load_3, i17 %re_load_3" [serial_fft/fft_serial.cpp:126->serial_fft/fft_serial.cpp:222]   --->   Operation 121 'select' 'v_14' <Predicate = (!icmp_ln126)> <Delay = 1.31> <CoreInst = "Sel">   --->   Core 73 'Sel' <Latency = 0> <II = 1> <Delay = 1.31> <FuncUnit> <Opcode : 'select'> <InPorts = 3> <OutPorts = 1>
ST_3 : Operation 122 [1/1] (0.00ns)   --->   "%trunc_ln19_23 = trunc i17 %v_14" [serial_fft/fft_serial.cpp:19->serial_fft/fft_serial.cpp:141->serial_fft/fft_serial.cpp:222]   --->   Operation 122 'trunc' 'trunc_ln19_23' <Predicate = (!icmp_ln126 & icmp_ln21_15)> <Delay = 0.00>
ST_3 : Operation 123 [1/1] (0.00ns)   --->   "%b_re = trunc i17 %v_14" [serial_fft/fft_serial.cpp:34->serial_fft/fft_serial.cpp:141->serial_fft/fft_serial.cpp:222]   --->   Operation 123 'trunc' 'b_re' <Predicate = (!icmp_ln126 & !icmp_ln21_15)> <Delay = 0.00>
ST_3 : Operation 124 [1/1] (1.58ns)   --->   "%icmp_ln24_6 = icmp_eq  i2 %trunc_ln19_23, i2 3" [serial_fft/fft_serial.cpp:24->serial_fft/fft_serial.cpp:141->serial_fft/fft_serial.cpp:222]   --->   Operation 124 'icmp' 'icmp_ln24_6' <Predicate = (!icmp_ln126 & icmp_ln21_15)> <Delay = 1.58> <CoreInst = "Cmp">   --->   Core 9 'Cmp' <Latency = 0> <II = 1> <Delay = 1.58> <FuncUnit> <Opcode : 'icmp'> <InPorts = 2> <OutPorts = 1>
ST_3 : Operation 125 [1/1] (0.00ns)   --->   "%zext_ln24_6 = zext i1 %icmp_ln24_6" [serial_fft/fft_serial.cpp:24->serial_fft/fft_serial.cpp:141->serial_fft/fft_serial.cpp:222]   --->   Operation 125 'zext' 'zext_ln24_6' <Predicate = (!icmp_ln126 & icmp_ln21_15)> <Delay = 0.00>
ST_3 : Operation 126 [1/1] (2.18ns)   --->   "%rounded_23 = add i17 %v_14, i17 %zext_ln24_6" [serial_fft/fft_serial.cpp:24->serial_fft/fft_serial.cpp:141->serial_fft/fft_serial.cpp:222]   --->   Operation 126 'add' 'rounded_23' <Predicate = (!icmp_ln126 & icmp_ln21_15)> <Delay = 2.18> <CoreInst = "Adder">   --->   Core 1 'Adder' <Latency = 0> <II = 1> <Delay = 2.18> <FuncUnit> <Opcode : 'add' 'sub'> <InPorts = 2> <OutPorts = 1>
ST_3 : Operation 127 [1/1] (0.00ns) (grouped into LUT with out node b_re_31)   --->   "%b_re_6 = partselect i16 @_ssdm_op_PartSelect.i16.i17.i32.i32, i17 %rounded_23, i32 1, i32 16" [serial_fft/fft_serial.cpp:25->serial_fft/fft_serial.cpp:141->serial_fft/fft_serial.cpp:222]   --->   Operation 127 'partselect' 'b_re_6' <Predicate = (!icmp_ln126 & icmp_ln21_15)> <Delay = 0.00>
ST_3 : Operation 128 [1/1] (3.67ns)   --->   "%b_re_29 = shl i16 %b_re, i16 %zext_ln21" [serial_fft/fft_serial.cpp:21->serial_fft/fft_serial.cpp:141->serial_fft/fft_serial.cpp:222]   --->   Operation 128 'shl' 'b_re_29' <Predicate = (!icmp_ln126 & !icmp_ln21_15 & !icmp_ln21_14)> <Delay = 3.67> <CoreInst = "Shifter">   --->   Core 75 'Shifter' <Latency = 0> <II = 1> <Delay = 3.67> <FuncUnit> <Opcode : 'shl' 'lshr' 'ashr'> <InPorts = 2> <OutPorts = 1>
ST_3 : Operation 129 [1/1] (0.00ns) (grouped into LUT with out node b_re_31)   --->   "%b_re_30 = select i1 %icmp_ln21_14, i16 %b_re, i16 %b_re_29" [serial_fft/fft_serial.cpp:21->serial_fft/fft_serial.cpp:141->serial_fft/fft_serial.cpp:222]   --->   Operation 129 'select' 'b_re_30' <Predicate = (!icmp_ln126 & !icmp_ln21_15)> <Delay = 0.00> <CoreInst = "Sel">   --->   Core 73 'Sel' <Latency = 0> <II = 1> <Delay = 1.29> <FuncUnit> <Opcode : 'select'> <InPorts = 3> <OutPorts = 1>
ST_3 : Operation 130 [1/1] (1.29ns) (out node of the LUT)   --->   "%b_re_31 = select i1 %icmp_ln21_15, i16 %b_re_6, i16 %b_re_30" [serial_fft/fft_serial.cpp:21->serial_fft/fft_serial.cpp:141->serial_fft/fft_serial.cpp:222]   --->   Operation 130 'select' 'b_re_31' <Predicate = (!icmp_ln126)> <Delay = 1.29> <CoreInst = "Sel">   --->   Core 73 'Sel' <Latency = 0> <II = 1> <Delay = 1.29> <FuncUnit> <Opcode : 'select'> <InPorts = 3> <OutPorts = 1>
ST_3 : Operation 131 [1/1] (0.00ns)   --->   "%sext_ln150_8 = sext i16 %b_re_31" [serial_fft/fft_serial.cpp:150->serial_fft/fft_serial.cpp:222]   --->   Operation 131 'sext' 'sext_ln150_8' <Predicate = (!icmp_ln126)> <Delay = 0.00>
ST_3 : Operation 132 [2/3] (1.45ns) (grouped into DSP with root node wb_re)   --->   "%mul_ln150_1 = mul i32 %sext_ln150_11, i32 %sext_ln150_10" [serial_fft/fft_serial.cpp:150->serial_fft/fft_serial.cpp:222]   --->   Operation 132 'mul' 'mul_ln150_1' <Predicate = (!icmp_ln126)> <Delay = 1.45> <CoreInst = "DSP48">   --->   Core 119 'DSP48' <Latency = 2> <II = 1> <Delay = 3.88> <IPBlock> <Opcode : '' 'add' 'sub' 'mul' 'select'> <InPorts = 0> <OutPorts = 1> <Sync> <CReg>
ST_3 : Operation 133 [1/1] (5.57ns)   --->   "%mul_ln151 = mul i32 %sext_ln150_11, i32 %sext_ln150_8" [serial_fft/fft_serial.cpp:151->serial_fft/fft_serial.cpp:222]   --->   Operation 133 'mul' 'mul_ln151' <Predicate = (!icmp_ln126)> <Delay = 5.57> <CoreInst = "Multiplier">   --->   Core 3 'Multiplier' <Latency = 0> <II = 1> <Delay = 5.57> <FuncUnit> <Opcode : 'mul'> <InPorts = 2> <OutPorts = 1>
ST_3 : Operation 134 [1/2] (0.00ns) (grouped into DSP with root node wb_im)   --->   "%mul_ln151_1 = mul i32 %sext_ln150_9, i32 %sext_ln150_10" [serial_fft/fft_serial.cpp:151->serial_fft/fft_serial.cpp:222]   --->   Operation 134 'mul' 'mul_ln151_1' <Predicate = (!icmp_ln126)> <Delay = 0.00> <CoreInst = "DSP48">   --->   Core 119 'DSP48' <Latency = 2> <II = 1> <Delay = 3.88> <IPBlock> <Opcode : '' 'add' 'sub' 'mul' 'select'> <InPorts = 0> <OutPorts = 1> <Sync> <CReg>
ST_3 : Operation 135 [1/1] (3.82ns) (root node of the DSP)   --->   "%wb_im = add i32 %mul_ln151, i32 %mul_ln151_1" [serial_fft/fft_serial.cpp:151->serial_fft/fft_serial.cpp:222]   --->   Operation 135 'add' 'wb_im' <Predicate = (!icmp_ln126)> <Delay = 3.82> <CoreInst = "DSP48">   --->   Core 119 'DSP48' <Latency = 2> <II = 1> <Delay = 3.88> <IPBlock> <Opcode : '' 'add' 'sub' 'mul' 'select'> <InPorts = 0> <OutPorts = 1> <Sync> <CReg>
ST_3 : Operation 136 [1/1] (0.00ns)   --->   "%wb_im_s = partselect i17 @_ssdm_op_PartSelect.i17.i32.i32.i32, i32 %wb_im, i32 15, i32 31" [serial_fft/fft_serial.cpp:153->serial_fft/fft_serial.cpp:222]   --->   Operation 136 'partselect' 'wb_im_s' <Predicate = (!icmp_ln126)> <Delay = 0.00>
ST_3 : Operation 137 [1/1] (0.00ns)   --->   "%sext_ln159 = sext i16 %a_im_31" [serial_fft/fft_serial.cpp:159->serial_fft/fft_serial.cpp:222]   --->   Operation 137 'sext' 'sext_ln159' <Predicate = (!icmp_ln126)> <Delay = 0.00>
ST_3 : Operation 138 [1/1] (2.18ns)   --->   "%v_42 = add i17 %wb_im_s, i17 %sext_ln159" [serial_fft/fft_serial.cpp:157->serial_fft/fft_serial.cpp:222]   --->   Operation 138 'add' 'v_42' <Predicate = (!icmp_ln126)> <Delay = 2.18> <CoreInst = "Adder">   --->   Core 1 'Adder' <Latency = 0> <II = 1> <Delay = 2.18> <FuncUnit> <Opcode : 'add' 'sub'> <InPorts = 2> <OutPorts = 1>
ST_3 : Operation 139 [1/1] (2.18ns)   --->   "%v_44 = sub i17 %sext_ln159, i17 %wb_im_s" [serial_fft/fft_serial.cpp:159->serial_fft/fft_serial.cpp:222]   --->   Operation 139 'sub' 'v_44' <Predicate = (!icmp_ln126)> <Delay = 2.18> <CoreInst = "Adder">   --->   Core 1 'Adder' <Latency = 0> <II = 1> <Delay = 2.18> <FuncUnit> <Opcode : 'add' 'sub'> <InPorts = 2> <OutPorts = 1>
ST_3 : Operation 140 [1/1] (3.25ns)   --->   "%store_ln162 = store i17 %v_42, i9 %im_addr_4" [serial_fft/fft_serial.cpp:162->serial_fft/fft_serial.cpp:222]   --->   Operation 140 'store' 'store_ln162' <Predicate = (!icmp_ln126 & !trunc_ln126)> <Delay = 3.25> <CoreInst = "RAM">   --->   Core 82 'RAM' <Latency = 1> <II = 1> <Delay = 3.25> <Storage> <Opcode : 'load' 'store'> <Ports = 2> <Width = 17> <Depth = 512> <RAM>
ST_3 : Operation 141 [1/1] (3.25ns)   --->   "%store_ln163 = store i17 %v_44, i9 %im_addr_5" [serial_fft/fft_serial.cpp:163->serial_fft/fft_serial.cpp:222]   --->   Operation 141 'store' 'store_ln163' <Predicate = (!icmp_ln126 & !trunc_ln126)> <Delay = 3.25> <CoreInst = "RAM">   --->   Core 82 'RAM' <Latency = 1> <II = 1> <Delay = 3.25> <Storage> <Opcode : 'load' 'store'> <Ports = 2> <Width = 17> <Depth = 512> <RAM>
ST_3 : Operation 142 [1/1] (3.25ns)   --->   "%store_ln162 = store i17 %v_42, i9 %im_1_addr_4" [serial_fft/fft_serial.cpp:162->serial_fft/fft_serial.cpp:222]   --->   Operation 142 'store' 'store_ln162' <Predicate = (!icmp_ln126 & trunc_ln126)> <Delay = 3.25> <CoreInst = "RAM">   --->   Core 82 'RAM' <Latency = 1> <II = 1> <Delay = 3.25> <Storage> <Opcode : 'load' 'store'> <Ports = 2> <Width = 17> <Depth = 512> <RAM>
ST_3 : Operation 143 [1/1] (3.25ns)   --->   "%store_ln163 = store i17 %v_44, i9 %im_1_addr_5" [serial_fft/fft_serial.cpp:163->serial_fft/fft_serial.cpp:222]   --->   Operation 143 'store' 'store_ln163' <Predicate = (!icmp_ln126 & trunc_ln126)> <Delay = 3.25> <CoreInst = "RAM">   --->   Core 82 'RAM' <Latency = 1> <II = 1> <Delay = 3.25> <Storage> <Opcode : 'load' 'store'> <Ports = 2> <Width = 17> <Depth = 512> <RAM>

State 4 <SV = 3> <Delay = 16.3>
ST_4 : Operation 144 [1/1] (0.00ns)   --->   "%specpipeline_ln127 = specpipeline void @_ssdm_op_SpecPipeline, i32 2, i32 0, i32 0, i32 0, void @empty_0" [serial_fft/fft_serial.cpp:127->serial_fft/fft_serial.cpp:222]   --->   Operation 144 'specpipeline' 'specpipeline_ln127' <Predicate = true> <Delay = 0.00>
ST_4 : Operation 145 [1/1] (0.00ns)   --->   "%speclooptripcount_ln124 = speclooptripcount void @_ssdm_op_SpecLoopTripCount, i64 512, i64 512, i64 512" [serial_fft/fft_serial.cpp:124->serial_fft/fft_serial.cpp:222]   --->   Operation 145 'speclooptripcount' 'speclooptripcount_ln124' <Predicate = true> <Delay = 0.00>
ST_4 : Operation 146 [1/1] (0.00ns)   --->   "%specloopname_ln126 = specloopname void @_ssdm_op_SpecLoopName, void @empty_15" [serial_fft/fft_serial.cpp:126->serial_fft/fft_serial.cpp:222]   --->   Operation 146 'specloopname' 'specloopname_ln126' <Predicate = true> <Delay = 0.00>
ST_4 : Operation 147 [1/1] (0.00ns)   --->   "%zext_ln24_4 = zext i1 %icmp_ln24_4" [serial_fft/fft_serial.cpp:24->serial_fft/fft_serial.cpp:139->serial_fft/fft_serial.cpp:222]   --->   Operation 147 'zext' 'zext_ln24_4' <Predicate = (icmp_ln21_15)> <Delay = 0.00>
ST_4 : Operation 148 [1/1] (2.18ns)   --->   "%rounded = add i17 %v_12, i17 %zext_ln24_4" [serial_fft/fft_serial.cpp:24->serial_fft/fft_serial.cpp:139->serial_fft/fft_serial.cpp:222]   --->   Operation 148 'add' 'rounded' <Predicate = (icmp_ln21_15)> <Delay = 2.18> <CoreInst = "Adder">   --->   Core 1 'Adder' <Latency = 0> <II = 1> <Delay = 2.18> <FuncUnit> <Opcode : 'add' 'sub'> <InPorts = 2> <OutPorts = 1>
ST_4 : Operation 149 [1/1] (0.00ns) (grouped into LUT with out node a_re_31)   --->   "%a_re_6 = partselect i16 @_ssdm_op_PartSelect.i16.i17.i32.i32, i17 %rounded, i32 1, i32 16" [serial_fft/fft_serial.cpp:25->serial_fft/fft_serial.cpp:139->serial_fft/fft_serial.cpp:222]   --->   Operation 149 'partselect' 'a_re_6' <Predicate = (icmp_ln21_15)> <Delay = 0.00>
ST_4 : Operation 150 [1/1] (0.00ns) (grouped into LUT with out node a_re_31)   --->   "%a_re_30 = select i1 %icmp_ln21_14, i16 %a_re, i16 %a_re_29" [serial_fft/fft_serial.cpp:21->serial_fft/fft_serial.cpp:139->serial_fft/fft_serial.cpp:222]   --->   Operation 150 'select' 'a_re_30' <Predicate = (!icmp_ln21_15)> <Delay = 0.00> <CoreInst = "Sel">   --->   Core 73 'Sel' <Latency = 0> <II = 1> <Delay = 1.29> <FuncUnit> <Opcode : 'select'> <InPorts = 3> <OutPorts = 1>
ST_4 : Operation 151 [1/1] (1.29ns) (out node of the LUT)   --->   "%a_re_31 = select i1 %icmp_ln21_15, i16 %a_re_6, i16 %a_re_30" [serial_fft/fft_serial.cpp:21->serial_fft/fft_serial.cpp:139->serial_fft/fft_serial.cpp:222]   --->   Operation 151 'select' 'a_re_31' <Predicate = true> <Delay = 1.29> <CoreInst = "Sel">   --->   Core 73 'Sel' <Latency = 0> <II = 1> <Delay = 1.29> <FuncUnit> <Opcode : 'select'> <InPorts = 3> <OutPorts = 1>
ST_4 : Operation 152 [1/1] (5.57ns)   --->   "%mul_ln150 = mul i32 %sext_ln150_9, i32 %sext_ln150_8" [serial_fft/fft_serial.cpp:150->serial_fft/fft_serial.cpp:222]   --->   Operation 152 'mul' 'mul_ln150' <Predicate = true> <Delay = 5.57> <CoreInst = "Multiplier">   --->   Core 3 'Multiplier' <Latency = 0> <II = 1> <Delay = 5.57> <FuncUnit> <Opcode : 'mul'> <InPorts = 2> <OutPorts = 1>
ST_4 : Operation 153 [1/3] (0.00ns) (grouped into DSP with root node wb_re)   --->   "%mul_ln150_1 = mul i32 %sext_ln150_11, i32 %sext_ln150_10" [serial_fft/fft_serial.cpp:150->serial_fft/fft_serial.cpp:222]   --->   Operation 153 'mul' 'mul_ln150_1' <Predicate = true> <Delay = 0.00> <CoreInst = "DSP48">   --->   Core 119 'DSP48' <Latency = 2> <II = 1> <Delay = 3.88> <IPBlock> <Opcode : '' 'add' 'sub' 'mul' 'select'> <InPorts = 0> <OutPorts = 1> <Sync> <CReg>
ST_4 : Operation 154 [1/1] (3.82ns) (root node of the DSP)   --->   "%wb_re = sub i32 %mul_ln150, i32 %mul_ln150_1" [serial_fft/fft_serial.cpp:150->serial_fft/fft_serial.cpp:222]   --->   Operation 154 'sub' 'wb_re' <Predicate = true> <Delay = 3.82> <CoreInst = "DSP48">   --->   Core 119 'DSP48' <Latency = 2> <II = 1> <Delay = 3.88> <IPBlock> <Opcode : '' 'add' 'sub' 'mul' 'select'> <InPorts = 0> <OutPorts = 1> <Sync> <CReg>
ST_4 : Operation 155 [1/1] (0.00ns)   --->   "%wb_re_s = partselect i17 @_ssdm_op_PartSelect.i17.i32.i32.i32, i32 %wb_re, i32 15, i32 31" [serial_fft/fft_serial.cpp:152->serial_fft/fft_serial.cpp:222]   --->   Operation 155 'partselect' 'wb_re_s' <Predicate = true> <Delay = 0.00>
ST_4 : Operation 156 [1/1] (0.00ns)   --->   "%sext_ln158 = sext i16 %a_re_31" [serial_fft/fft_serial.cpp:158->serial_fft/fft_serial.cpp:222]   --->   Operation 156 'sext' 'sext_ln158' <Predicate = true> <Delay = 0.00>
ST_4 : Operation 157 [1/1] (2.18ns)   --->   "%v = add i17 %wb_re_s, i17 %sext_ln158" [serial_fft/fft_serial.cpp:156->serial_fft/fft_serial.cpp:222]   --->   Operation 157 'add' 'v' <Predicate = true> <Delay = 2.18> <CoreInst = "Adder">   --->   Core 1 'Adder' <Latency = 0> <II = 1> <Delay = 2.18> <FuncUnit> <Opcode : 'add' 'sub'> <InPorts = 2> <OutPorts = 1>
ST_4 : Operation 158 [1/1] (2.18ns)   --->   "%v_43 = sub i17 %sext_ln158, i17 %wb_re_s" [serial_fft/fft_serial.cpp:158->serial_fft/fft_serial.cpp:222]   --->   Operation 158 'sub' 'v_43' <Predicate = true> <Delay = 2.18> <CoreInst = "Adder">   --->   Core 1 'Adder' <Latency = 0> <II = 1> <Delay = 2.18> <FuncUnit> <Opcode : 'add' 'sub'> <InPorts = 2> <OutPorts = 1>
ST_4 : Operation 159 [1/1] (3.25ns)   --->   "%store_ln162 = store i17 %v, i9 %re_addr_4" [serial_fft/fft_serial.cpp:162->serial_fft/fft_serial.cpp:222]   --->   Operation 159 'store' 'store_ln162' <Predicate = (!trunc_ln126)> <Delay = 3.25> <CoreInst = "RAM">   --->   Core 82 'RAM' <Latency = 1> <II = 1> <Delay = 3.25> <Storage> <Opcode : 'load' 'store'> <Ports = 2> <Width = 17> <Depth = 512> <RAM>
ST_4 : Operation 160 [1/1] (3.25ns)   --->   "%store_ln163 = store i17 %v_43, i9 %re_addr_5" [serial_fft/fft_serial.cpp:163->serial_fft/fft_serial.cpp:222]   --->   Operation 160 'store' 'store_ln163' <Predicate = (!trunc_ln126)> <Delay = 3.25> <CoreInst = "RAM">   --->   Core 82 'RAM' <Latency = 1> <II = 1> <Delay = 3.25> <Storage> <Opcode : 'load' 'store'> <Ports = 2> <Width = 17> <Depth = 512> <RAM>
ST_4 : Operation 161 [1/1] (0.00ns)   --->   "%br_ln163 = br void %arrayidx11.i1039415818.exit" [serial_fft/fft_serial.cpp:163->serial_fft/fft_serial.cpp:222]   --->   Operation 161 'br' 'br_ln163' <Predicate = (!trunc_ln126)> <Delay = 0.00>
ST_4 : Operation 162 [1/1] (3.25ns)   --->   "%store_ln162 = store i17 %v, i9 %re_1_addr_4" [serial_fft/fft_serial.cpp:162->serial_fft/fft_serial.cpp:222]   --->   Operation 162 'store' 'store_ln162' <Predicate = (trunc_ln126)> <Delay = 3.25> <CoreInst = "RAM">   --->   Core 82 'RAM' <Latency = 1> <II = 1> <Delay = 3.25> <Storage> <Opcode : 'load' 'store'> <Ports = 2> <Width = 17> <Depth = 512> <RAM>
ST_4 : Operation 163 [1/1] (3.25ns)   --->   "%store_ln163 = store i17 %v_43, i9 %re_1_addr_5" [serial_fft/fft_serial.cpp:163->serial_fft/fft_serial.cpp:222]   --->   Operation 163 'store' 'store_ln163' <Predicate = (trunc_ln126)> <Delay = 3.25> <CoreInst = "RAM">   --->   Core 82 'RAM' <Latency = 1> <II = 1> <Delay = 3.25> <Storage> <Opcode : 'load' 'store'> <Ports = 2> <Width = 17> <Depth = 512> <RAM>
ST_4 : Operation 164 [1/1] (0.00ns)   --->   "%br_ln163 = br void %arrayidx11.i1039415818.exit" [serial_fft/fft_serial.cpp:163->serial_fft/fft_serial.cpp:222]   --->   Operation 164 'br' 'br_ln163' <Predicate = (trunc_ln126)> <Delay = 0.00>
ST_4 : Operation 165 [1/1] (0.00ns)   --->   "%or_mask_3_load = load i8 %or_mask_3" [serial_fft/fft_serial.cpp:166->serial_fft/fft_serial.cpp:222]   --->   Operation 165 'load' 'or_mask_3_load' <Predicate = true> <Delay = 0.00>
ST_4 : Operation 166 [1/1] (0.00ns)   --->   "%top8 = partselect i8 @_ssdm_op_PartSelect.i8.i17.i32.i32, i17 %v, i32 8, i32 15" [serial_fft/fft_serial.cpp:66->serial_fft/fft_serial.cpp:166->serial_fft/fft_serial.cpp:222]   --->   Operation 166 'partselect' 'top8' <Predicate = true> <Delay = 0.00>
ST_4 : Operation 167 [1/1] (0.00ns) (grouped into LUT with out node or_mask)   --->   "%tmp_30 = bitselect i1 @_ssdm_op_BitSelect.i1.i17.i32, i17 %v, i32 16" [serial_fft/fft_serial.cpp:67->serial_fft/fft_serial.cpp:166->serial_fft/fft_serial.cpp:222]   --->   Operation 167 'bitselect' 'tmp_30' <Predicate = true> <Delay = 0.00>
ST_4 : Operation 168 [1/1] (0.00ns) (grouped into LUT with out node or_mask)   --->   "%xor_ln67_8 = xor i8 %top8, i8 255" [serial_fft/fft_serial.cpp:67->serial_fft/fft_serial.cpp:166->serial_fft/fft_serial.cpp:222]   --->   Operation 168 'xor' 'xor_ln67_8' <Predicate = true> <Delay = 0.00> <CoreInst = "LogicGate">   --->   Core 74 'LogicGate' <Latency = 0> <II = 1> <Delay = 0.97> <FuncUnit> <Opcode : 'and' 'or' 'xor'> <InPorts = 2> <OutPorts = 1>
ST_4 : Operation 169 [1/1] (0.00ns) (grouped into LUT with out node or_mask)   --->   "%select_ln67_8 = select i1 %tmp_30, i8 %xor_ln67_8, i8 %top8" [serial_fft/fft_serial.cpp:67->serial_fft/fft_serial.cpp:166->serial_fft/fft_serial.cpp:222]   --->   Operation 169 'select' 'select_ln67_8' <Predicate = true> <Delay = 0.00> <CoreInst = "Sel">   --->   Core 73 'Sel' <Latency = 0> <II = 1> <Delay = 1.04> <FuncUnit> <Opcode : 'select'> <InPorts = 3> <OutPorts = 1>
ST_4 : Operation 170 [1/1] (0.00ns)   --->   "%top8_22 = partselect i8 @_ssdm_op_PartSelect.i8.i17.i32.i32, i17 %v_42, i32 8, i32 15" [serial_fft/fft_serial.cpp:66->serial_fft/fft_serial.cpp:166->serial_fft/fft_serial.cpp:222]   --->   Operation 170 'partselect' 'top8_22' <Predicate = true> <Delay = 0.00>
ST_4 : Operation 171 [1/1] (0.00ns) (grouped into LUT with out node or_ln166_8)   --->   "%tmp_31 = bitselect i1 @_ssdm_op_BitSelect.i1.i17.i32, i17 %v_42, i32 16" [serial_fft/fft_serial.cpp:67->serial_fft/fft_serial.cpp:166->serial_fft/fft_serial.cpp:222]   --->   Operation 171 'bitselect' 'tmp_31' <Predicate = true> <Delay = 0.00>
ST_4 : Operation 172 [1/1] (0.00ns) (grouped into LUT with out node or_ln166_8)   --->   "%xor_ln67_9 = xor i8 %top8_22, i8 255" [serial_fft/fft_serial.cpp:67->serial_fft/fft_serial.cpp:166->serial_fft/fft_serial.cpp:222]   --->   Operation 172 'xor' 'xor_ln67_9' <Predicate = true> <Delay = 0.00> <CoreInst = "LogicGate">   --->   Core 74 'LogicGate' <Latency = 0> <II = 1> <Delay = 0.97> <FuncUnit> <Opcode : 'and' 'or' 'xor'> <InPorts = 2> <OutPorts = 1>
ST_4 : Operation 173 [1/1] (0.00ns) (grouped into LUT with out node or_ln166_8)   --->   "%select_ln67_9 = select i1 %tmp_31, i8 %xor_ln67_9, i8 %top8_22" [serial_fft/fft_serial.cpp:67->serial_fft/fft_serial.cpp:166->serial_fft/fft_serial.cpp:222]   --->   Operation 173 'select' 'select_ln67_9' <Predicate = true> <Delay = 0.00> <CoreInst = "Sel">   --->   Core 73 'Sel' <Latency = 0> <II = 1> <Delay = 1.04> <FuncUnit> <Opcode : 'select'> <InPorts = 3> <OutPorts = 1>
ST_4 : Operation 174 [1/1] (0.00ns)   --->   "%top8_23 = partselect i8 @_ssdm_op_PartSelect.i8.i17.i32.i32, i17 %v_43, i32 8, i32 15" [serial_fft/fft_serial.cpp:66->serial_fft/fft_serial.cpp:167->serial_fft/fft_serial.cpp:222]   --->   Operation 174 'partselect' 'top8_23' <Predicate = true> <Delay = 0.00>
ST_4 : Operation 175 [1/1] (0.00ns) (grouped into LUT with out node or_ln166_9)   --->   "%tmp_32 = bitselect i1 @_ssdm_op_BitSelect.i1.i17.i32, i17 %v_43, i32 16" [serial_fft/fft_serial.cpp:67->serial_fft/fft_serial.cpp:167->serial_fft/fft_serial.cpp:222]   --->   Operation 175 'bitselect' 'tmp_32' <Predicate = true> <Delay = 0.00>
ST_4 : Operation 176 [1/1] (0.00ns) (grouped into LUT with out node or_ln166_9)   --->   "%xor_ln67_10 = xor i8 %top8_23, i8 255" [serial_fft/fft_serial.cpp:67->serial_fft/fft_serial.cpp:167->serial_fft/fft_serial.cpp:222]   --->   Operation 176 'xor' 'xor_ln67_10' <Predicate = true> <Delay = 0.00> <CoreInst = "LogicGate">   --->   Core 74 'LogicGate' <Latency = 0> <II = 1> <Delay = 0.97> <FuncUnit> <Opcode : 'and' 'or' 'xor'> <InPorts = 2> <OutPorts = 1>
ST_4 : Operation 177 [1/1] (0.00ns) (grouped into LUT with out node or_ln166_9)   --->   "%select_ln67_10 = select i1 %tmp_32, i8 %xor_ln67_10, i8 %top8_23" [serial_fft/fft_serial.cpp:67->serial_fft/fft_serial.cpp:167->serial_fft/fft_serial.cpp:222]   --->   Operation 177 'select' 'select_ln67_10' <Predicate = true> <Delay = 0.00> <CoreInst = "Sel">   --->   Core 73 'Sel' <Latency = 0> <II = 1> <Delay = 1.04> <FuncUnit> <Opcode : 'select'> <InPorts = 3> <OutPorts = 1>
ST_4 : Operation 178 [1/1] (0.00ns)   --->   "%top8_24 = partselect i8 @_ssdm_op_PartSelect.i8.i17.i32.i32, i17 %v_44, i32 8, i32 15" [serial_fft/fft_serial.cpp:66->serial_fft/fft_serial.cpp:167->serial_fft/fft_serial.cpp:222]   --->   Operation 178 'partselect' 'top8_24' <Predicate = true> <Delay = 0.00>
ST_4 : Operation 179 [1/1] (0.00ns) (grouped into LUT with out node or_ln166_9)   --->   "%tmp_33 = bitselect i1 @_ssdm_op_BitSelect.i1.i17.i32, i17 %v_44, i32 16" [serial_fft/fft_serial.cpp:67->serial_fft/fft_serial.cpp:167->serial_fft/fft_serial.cpp:222]   --->   Operation 179 'bitselect' 'tmp_33' <Predicate = true> <Delay = 0.00>
ST_4 : Operation 180 [1/1] (0.00ns) (grouped into LUT with out node or_ln166_9)   --->   "%xor_ln67_11 = xor i8 %top8_24, i8 255" [serial_fft/fft_serial.cpp:67->serial_fft/fft_serial.cpp:167->serial_fft/fft_serial.cpp:222]   --->   Operation 180 'xor' 'xor_ln67_11' <Predicate = true> <Delay = 0.00> <CoreInst = "LogicGate">   --->   Core 74 'LogicGate' <Latency = 0> <II = 1> <Delay = 0.97> <FuncUnit> <Opcode : 'and' 'or' 'xor'> <InPorts = 2> <OutPorts = 1>
ST_4 : Operation 181 [1/1] (0.00ns) (grouped into LUT with out node or_ln166_9)   --->   "%select_ln67_11 = select i1 %tmp_33, i8 %xor_ln67_11, i8 %top8_24" [serial_fft/fft_serial.cpp:67->serial_fft/fft_serial.cpp:167->serial_fft/fft_serial.cpp:222]   --->   Operation 181 'select' 'select_ln67_11' <Predicate = true> <Delay = 0.00> <CoreInst = "Sel">   --->   Core 73 'Sel' <Latency = 0> <II = 1> <Delay = 1.04> <FuncUnit> <Opcode : 'select'> <InPorts = 3> <OutPorts = 1>
ST_4 : Operation 182 [1/1] (1.04ns) (out node of the LUT)   --->   "%or_ln166_9 = or i8 %select_ln67_10, i8 %select_ln67_11" [serial_fft/fft_serial.cpp:166->serial_fft/fft_serial.cpp:222]   --->   Operation 182 'or' 'or_ln166_9' <Predicate = true> <Delay = 1.04> <CoreInst = "LogicGate">   --->   Core 74 'LogicGate' <Latency = 0> <II = 1> <Delay = 0.97> <FuncUnit> <Opcode : 'and' 'or' 'xor'> <InPorts = 2> <OutPorts = 1>
ST_4 : Operation 183 [1/1] (1.04ns) (out node of the LUT)   --->   "%or_ln166_8 = or i8 %or_ln166_9, i8 %select_ln67_9" [serial_fft/fft_serial.cpp:166->serial_fft/fft_serial.cpp:222]   --->   Operation 183 'or' 'or_ln166_8' <Predicate = true> <Delay = 1.04> <CoreInst = "LogicGate">   --->   Core 74 'LogicGate' <Latency = 0> <II = 1> <Delay = 0.97> <FuncUnit> <Opcode : 'and' 'or' 'xor'> <InPorts = 2> <OutPorts = 1>
ST_4 : Operation 184 [1/1] (0.00ns) (grouped into LUT with out node or_mask)   --->   "%or_ln166_10 = or i8 %or_ln166_8, i8 %select_ln67_8" [serial_fft/fft_serial.cpp:166->serial_fft/fft_serial.cpp:222]   --->   Operation 184 'or' 'or_ln166_10' <Predicate = true> <Delay = 0.00> <CoreInst = "LogicGate">   --->   Core 74 'LogicGate' <Latency = 0> <II = 1> <Delay = 0.97> <FuncUnit> <Opcode : 'and' 'or' 'xor'> <InPorts = 2> <OutPorts = 1>
ST_4 : Operation 185 [1/1] (1.04ns) (out node of the LUT)   --->   "%or_mask = or i8 %or_ln166_10, i8 %or_mask_3_load" [serial_fft/fft_serial.cpp:166->serial_fft/fft_serial.cpp:222]   --->   Operation 185 'or' 'or_mask' <Predicate = true> <Delay = 1.04> <CoreInst = "LogicGate">   --->   Core 74 'LogicGate' <Latency = 0> <II = 1> <Delay = 0.97> <FuncUnit> <Opcode : 'and' 'or' 'xor'> <InPorts = 2> <OutPorts = 1>
ST_4 : Operation 186 [1/1] (1.61ns)   --->   "%store_ln124 = store i8 %or_mask, i8 %or_mask_3" [serial_fft/fft_serial.cpp:124->serial_fft/fft_serial.cpp:222]   --->   Operation 186 'store' 'store_ln124' <Predicate = true> <Delay = 1.61>
ST_4 : Operation 187 [1/1] (0.00ns)   --->   "%br_ln126 = br void %for.body.i10388" [serial_fft/fft_serial.cpp:126->serial_fft/fft_serial.cpp:222]   --->   Operation 187 'br' 'br_ln126' <Predicate = true> <Delay = 0.00>


============================================================
+ Verbose Summary: Timing violations
============================================================
Target clock period: 10.000ns, clock uncertainty: 2.700ns.

 <State 1>: 5.951ns
The critical path consists of the following:
	'store' operation 0 bit ('store_ln126', serial_fft/fft_serial.cpp:126->serial_fft/fft_serial.cpp:222) of constant 0 on local variable 'bfly', serial_fft/fft_serial.cpp:126->serial_fft/fft_serial.cpp:222 [12]  (1.610 ns)
	'load' operation 10 bit ('bfly', serial_fft/fft_serial.cpp:126->serial_fft/fft_serial.cpp:222) on local variable 'bfly', serial_fft/fft_serial.cpp:126->serial_fft/fft_serial.cpp:222 [16]  (0.000 ns)
	'select' operation 64 bit ('select_ln25', ./serial_fft/../twiddle_rom.h:25->serial_fft/fft_serial.cpp:146->serial_fft/fft_serial.cpp:222) [107]  (1.084 ns)
	'getelementptr' operation 8 bit ('TW_COS_LUT_addr', ./serial_fft/../twiddle_rom.h:25->serial_fft/fft_serial.cpp:146->serial_fft/fft_serial.cpp:222) [108]  (0.000 ns)
	'load' operation 15 bit ('w_re', ./serial_fft/../twiddle_rom.h:25->serial_fft/fft_serial.cpp:146->serial_fft/fft_serial.cpp:222) on array 'TW_COS_LUT' [109]  (3.257 ns)

 <State 2>: 13.923ns
The critical path consists of the following:
	'load' operation 17 bit ('im_load_3', serial_fft/fft_serial.cpp:142->serial_fft/fft_serial.cpp:222) on array 'im' [95]  (3.257 ns)
	'select' operation 17 bit ('v', serial_fft/fft_serial.cpp:126->serial_fft/fft_serial.cpp:222) [97]  (1.319 ns)
	'icmp' operation 1 bit ('icmp_ln24_7', serial_fft/fft_serial.cpp:24->serial_fft/fft_serial.cpp:142->serial_fft/fft_serial.cpp:222) [100]  (1.584 ns)
	'add' operation 17 bit ('rounded', serial_fft/fft_serial.cpp:24->serial_fft/fft_serial.cpp:142->serial_fft/fft_serial.cpp:222) [102]  (2.181 ns)
	'select' operation 16 bit ('b_im', serial_fft/fft_serial.cpp:21->serial_fft/fft_serial.cpp:142->serial_fft/fft_serial.cpp:222) [106]  (1.293 ns)
	'mul' operation 32 bit of DSP[135] ('mul_ln151_1', serial_fft/fft_serial.cpp:151->serial_fft/fft_serial.cpp:222) [134]  (4.290 ns)

 <State 3>: 24.461ns
The critical path consists of the following:
	'load' operation 17 bit ('re_load_3', serial_fft/fft_serial.cpp:141->serial_fft/fft_serial.cpp:222) on array 're' [81]  (3.257 ns)
	'select' operation 17 bit ('v', serial_fft/fft_serial.cpp:126->serial_fft/fft_serial.cpp:222) [83]  (1.319 ns)
	'icmp' operation 1 bit ('icmp_ln24_6', serial_fft/fft_serial.cpp:24->serial_fft/fft_serial.cpp:141->serial_fft/fft_serial.cpp:222) [86]  (1.584 ns)
	'add' operation 17 bit ('rounded', serial_fft/fft_serial.cpp:24->serial_fft/fft_serial.cpp:141->serial_fft/fft_serial.cpp:222) [88]  (2.181 ns)
	'select' operation 16 bit ('b_re', serial_fft/fft_serial.cpp:21->serial_fft/fft_serial.cpp:141->serial_fft/fft_serial.cpp:222) [92]  (1.293 ns)
	'mul' operation 32 bit ('mul_ln151', serial_fft/fft_serial.cpp:151->serial_fft/fft_serial.cpp:222) [133]  (5.570 ns)
	'add' operation 32 bit of DSP[135] ('wb_im', serial_fft/fft_serial.cpp:151->serial_fft/fft_serial.cpp:222) [135]  (3.820 ns)
	'add' operation 17 bit ('a_im_out', serial_fft/fft_serial.cpp:157->serial_fft/fft_serial.cpp:222) [141]  (2.181 ns)
	'store' operation 0 bit ('store_ln162', serial_fft/fft_serial.cpp:162->serial_fft/fft_serial.cpp:222) of variable 'a_im_out', serial_fft/fft_serial.cpp:157->serial_fft/fft_serial.cpp:222 on array 'im' [148]  (3.257 ns)

 <State 4>: 16.304ns
The critical path consists of the following:
	'mul' operation 32 bit ('mul_ln150', serial_fft/fft_serial.cpp:150->serial_fft/fft_serial.cpp:222) [130]  (5.570 ns)
	'sub' operation 32 bit of DSP[132] ('wb_re', serial_fft/fft_serial.cpp:150->serial_fft/fft_serial.cpp:222) [132]  (3.820 ns)
	'sub' operation 17 bit ('b_re_out', serial_fft/fft_serial.cpp:158->serial_fft/fft_serial.cpp:222) [142]  (2.181 ns)
	'select' operation 8 bit ('select_ln67_10', serial_fft/fft_serial.cpp:67->serial_fft/fft_serial.cpp:167->serial_fft/fft_serial.cpp:222) [170]  (0.000 ns)
	'or' operation 8 bit ('or_ln166_9', serial_fft/fft_serial.cpp:166->serial_fft/fft_serial.cpp:222) [175]  (1.041 ns)
	'or' operation 8 bit ('or_ln166_8', serial_fft/fft_serial.cpp:166->serial_fft/fft_serial.cpp:222) [176]  (1.041 ns)
	'or' operation 8 bit ('or_ln166_10', serial_fft/fft_serial.cpp:166->serial_fft/fft_serial.cpp:222) [177]  (0.000 ns)
	'or' operation 8 bit ('or_mask', serial_fft/fft_serial.cpp:166->serial_fft/fft_serial.cpp:222) [178]  (1.041 ns)
	'store' operation 0 bit ('store_ln124', serial_fft/fft_serial.cpp:124->serial_fft/fft_serial.cpp:222) of variable 'or_mask', serial_fft/fft_serial.cpp:166->serial_fft/fft_serial.cpp:222 on local variable 'or_mask', serial_fft/fft_serial.cpp:124->serial_fft/fft_serial.cpp:222 [180]  (1.610 ns)


============================================================
+ Verbose Summary: Binding
============================================================
N/A
* FSMD analyzer results:
  - Output states:
 - Input state : 
  - Chain level:
	State 1
	State 2
	State 3
	State 4


============================================================
+ Verbose Summary: Datapath Resource usage 
============================================================
N/A
