

================================================================
== Vitis HLS Report for 'fft_serial_Pipeline_scan_loop18'
================================================================
* Date:           Tue Jun 30 20:48:49 2026

* Version:        2023.2 (Build 4023990 on Oct 11 2023)
* Project:        serial_fft_hls
* Solution:       solution1 (Vivado IP Flow Target)
* Product family: artix7
* Target device:  xc7a200t-fbg676-2


================================================================
== Performance Estimates
================================================================
+ Timing: 
    * Summary: 
    +--------+----------+----------+------------+
    |  Clock |  Target  | Estimated| Uncertainty|
    +--------+----------+----------+------------+
    |ap_clk  |  10.00 ns|  6.916 ns|     2.70 ns|
    +--------+----------+----------+------------+

+ Latency: 
    * Summary: 
    +---------+---------+-----------+-----------+------+------+---------+
    |  Latency (cycles) |   Latency (absolute)  |   Interval  | Pipeline|
    |   min   |   max   |    min    |    max    |  min |  max |   Type  |
    +---------+---------+-----------+-----------+------+------+---------+
    |     1026|     1026|  10.260 us|  10.260 us|  1026|  1026|       no|
    +---------+---------+-----------+-----------+------+------+---------+

    + Detail: 
        * Instance: 
        N/A

        * Loop: 
        +-------------+---------+---------+----------+-----------+-----------+------+----------+
        |             |  Latency (cycles) | Iteration|  Initiation Interval  | Trip |          |
        |  Loop Name  |   min   |   max   |  Latency |  achieved |   target  | Count| Pipelined|
        +-------------+---------+---------+----------+-----------+-----------+------+----------+
        |- scan_loop  |     1024|     1024|         2|          1|          1|  1024|       yes|
        +-------------+---------+---------+----------+-----------+-----------+------+----------+



================================================================
== Utilization Estimates
================================================================
* Summary: 
+-----------------+---------+-----+--------+--------+-----+
|       Name      | BRAM_18K| DSP |   FF   |   LUT  | URAM|
+-----------------+---------+-----+--------+--------+-----+
|DSP              |        -|    -|       -|       -|    -|
|Expression       |        -|    -|       0|     121|    -|
|FIFO             |        -|    -|       -|       -|    -|
|Instance         |        -|    -|       -|       -|    -|
|Memory           |        -|    -|       -|       -|    -|
|Multiplexer      |        -|    -|       -|      45|    -|
|Register         |        -|    -|      23|       -|    -|
+-----------------+---------+-----+--------+--------+-----+
|Total            |        0|    0|      23|     166|    0|
+-----------------+---------+-----+--------+--------+-----+
|Available        |      730|  740|  269200|  134600|    0|
+-----------------+---------+-----+--------+--------+-----+
|Utilization (%)  |        0|    0|      ~0|      ~0|    0|
+-----------------+---------+-----+--------+--------+-----+

+ Detail: 
    * Instance: 
    N/A

    * DSP: 
    N/A

    * Memory: 
    N/A

    * FIFO: 
    N/A

    * Expression: 
    +-------------------------+----------+----+---+----+------------+------------+
    |      Variable Name      | Operation| DSP| FF| LUT| Bitwidth P0| Bitwidth P1|
    +-------------------------+----------+----+---+----+------------+------------+
    |add_ln188_fu_140_p2      |         +|   0|  0|  18|          11|           1|
    |icmp_ln188_fu_134_p2     |      icmp|   0|  0|  19|          11|          12|
    |or_ln190_fu_254_p2       |        or|   0|  0|   8|           8|           8|
    |or_mask_4_fu_260_p2      |        or|   0|  0|   8|           8|           8|
    |select_ln67_4_fu_246_p3  |    select|   0|  0|   8|           1|           8|
    |select_ln67_fu_207_p3    |    select|   0|  0|   8|           1|           8|
    |v_5_fu_215_p3            |    select|   0|  0|  17|           1|          17|
    |v_fu_176_p3              |    select|   0|  0|  17|           1|          17|
    |ap_enable_pp0            |       xor|   0|  0|   2|           1|           2|
    |xor_ln67_4_fu_240_p2     |       xor|   0|  0|   8|           8|           2|
    |xor_ln67_fu_201_p2       |       xor|   0|  0|   8|           8|           2|
    +-------------------------+----------+----+---+----+------------+------------+
    |Total                    |          |   0|  0| 121|          59|          85|
    +-------------------------+----------+----+---+----+------------+------------+

    * Multiplexer: 
    +-------------------------+----+-----------+-----+-----------+
    |           Name          | LUT| Input Size| Bits| Total Bits|
    +-------------------------+----+-----------+-----+-----------+
    |ap_done_int              |   9|          2|    1|          2|
    |ap_enable_reg_pp0_iter1  |   9|          2|    1|          2|
    |ap_sig_allocacmp_i_4     |   9|          2|   11|         22|
    |i_fu_58                  |   9|          2|   11|         22|
    |or_mask_fu_54            |   9|          2|    8|         16|
    +-------------------------+----+-----------+-----+-----------+
    |Total                    |  45|         10|   32|         64|
    +-------------------------+----+-----------+-----+-----------+

    * Register: 
    +-------------------------+----+----+-----+-----------+
    |           Name          | FF | LUT| Bits| Const Bits|
    +-------------------------+----+----+-----+-----------+
    |ap_CS_fsm                |   1|   0|    1|          0|
    |ap_done_reg              |   1|   0|    1|          0|
    |ap_enable_reg_pp0_iter1  |   1|   0|    1|          0|
    |i_fu_58                  |  11|   0|   11|          0|
    |or_mask_fu_54            |   8|   0|    8|          0|
    |trunc_ln188_reg_293      |   1|   0|    1|          0|
    +-------------------------+----+----+-----+-----------+
    |Total                    |  23|   0|   23|          0|
    +-------------------------+----+----+-----+-----------+



================================================================
== Interface
================================================================
* Summary: 
+-----------------------+-----+-----+------------+---------------------------------+--------------+
|       RTL Ports       | Dir | Bits|  Protocol  |          Source Object          |    C Type    |
+-----------------------+-----+-----+------------+---------------------------------+--------------+
|ap_clk                 |   in|    1|  ap_ctrl_hs|  fft_serial_Pipeline_scan_loop18|  return value|
|ap_rst                 |   in|    1|  ap_ctrl_hs|  fft_serial_Pipeline_scan_loop18|  return value|
|ap_start               |   in|    1|  ap_ctrl_hs|  fft_serial_Pipeline_scan_loop18|  return value|
|ap_done                |  out|    1|  ap_ctrl_hs|  fft_serial_Pipeline_scan_loop18|  return value|
|ap_idle                |  out|    1|  ap_ctrl_hs|  fft_serial_Pipeline_scan_loop18|  return value|
|ap_ready               |  out|    1|  ap_ctrl_hs|  fft_serial_Pipeline_scan_loop18|  return value|
|re_address0            |  out|    9|   ap_memory|                               re|         array|
|re_ce0                 |  out|    1|   ap_memory|                               re|         array|
|re_q0                  |   in|   17|   ap_memory|                               re|         array|
|re_1_address0          |  out|    9|   ap_memory|                             re_1|         array|
|re_1_ce0               |  out|    1|   ap_memory|                             re_1|         array|
|re_1_q0                |   in|   17|   ap_memory|                             re_1|         array|
|im_address0            |  out|    9|   ap_memory|                               im|         array|
|im_ce0                 |  out|    1|   ap_memory|                               im|         array|
|im_q0                  |   in|   17|   ap_memory|                               im|         array|
|im_1_address0          |  out|    9|   ap_memory|                             im_1|         array|
|im_1_ce0               |  out|    1|   ap_memory|                             im_1|         array|
|im_1_q0                |   in|   17|   ap_memory|                             im_1|         array|
|or_mask_18_out         |  out|    8|      ap_vld|                   or_mask_18_out|       pointer|
|or_mask_18_out_ap_vld  |  out|    1|      ap_vld|                   or_mask_18_out|       pointer|
+-----------------------+-----+-----+------------+---------------------------------+--------------+

============================================================
+ Verbose Summary: Synthesis Manager
============================================================
InlineROM: 1
ExposeGlobal: 0
============================================================
+ Verbose Summary: CDFG Model
============================================================
IsTopModel: 0
ResetActiveHigh: 1
IsCombinational: 2
IsDatapathOnly: 2
HasWiredReturn: 1
HasMFsm: 2
HasVarLatency: 1
IsPipeline: 0
IsRtlPipelined: 0
IsInstanceOverlapped: 0
IsDontTouch: 0
HasImplIP: 0
IsGatedGlobalClock: 0

+ Individual pipeline summary: 
  * Pipeline-0: initiation interval (II) = 1, depth = 2


============================================================
+ Verbose Summary: Schedule
============================================================
* Number of FSM states : 2
* Pipeline : 1
  Pipeline-0 : II = 1, D = 2, States = { 1 2 }
* Dataflow Pipeline: 0

* FSM state transitions: 
1 --> 2 
2 --> 

* FSM state operations: 

State 1 <SV = 0> <Delay = 4.41>
ST_1 : Operation 5 [1/1] (0.00ns)   --->   "%or_mask = alloca i32 1" [serial_fft/fft_serial.cpp:124->serial_fft/fft_serial.cpp:266]   --->   Operation 5 'alloca' 'or_mask' <Predicate = true> <Delay = 0.00>
ST_1 : Operation 6 [1/1] (0.00ns)   --->   "%i = alloca i32 1" [serial_fft/fft_serial.cpp:188->serial_fft/fft_serial.cpp:266]   --->   Operation 6 'alloca' 'i' <Predicate = true> <Delay = 0.00>
ST_1 : Operation 7 [1/1] (1.32ns)   --->   "%store_ln188 = store i11 0, i11 %i" [serial_fft/fft_serial.cpp:188->serial_fft/fft_serial.cpp:266]   --->   Operation 7 'store' 'store_ln188' <Predicate = true> <Delay = 1.32>
ST_1 : Operation 8 [1/1] (1.32ns)   --->   "%store_ln124 = store i8 0, i8 %or_mask" [serial_fft/fft_serial.cpp:124->serial_fft/fft_serial.cpp:266]   --->   Operation 8 'store' 'store_ln124' <Predicate = true> <Delay = 1.32>
ST_1 : Operation 9 [1/1] (0.00ns)   --->   "%br_ln0 = br void %for.body42.i"   --->   Operation 9 'br' 'br_ln0' <Predicate = true> <Delay = 0.00>
ST_1 : Operation 10 [1/1] (0.00ns)   --->   "%i_4 = load i11 %i" [serial_fft/fft_serial.cpp:188->serial_fft/fft_serial.cpp:266]   --->   Operation 10 'load' 'i_4' <Predicate = true> <Delay = 0.00>
ST_1 : Operation 11 [1/1] (1.76ns)   --->   "%icmp_ln188 = icmp_eq  i11 %i_4, i11 1024" [serial_fft/fft_serial.cpp:188->serial_fft/fft_serial.cpp:266]   --->   Operation 11 'icmp' 'icmp_ln188' <Predicate = true> <Delay = 1.76> <CoreInst = "Cmp">   --->   Core 9 'Cmp' <Latency = 0> <II = 1> <Delay = 1.77> <FuncUnit> <Opcode : 'icmp'> <InPorts = 2> <OutPorts = 1>
ST_1 : Operation 12 [1/1] (1.76ns)   --->   "%add_ln188 = add i11 %i_4, i11 1" [serial_fft/fft_serial.cpp:188->serial_fft/fft_serial.cpp:266]   --->   Operation 12 'add' 'add_ln188' <Predicate = true> <Delay = 1.76> <CoreInst = "Adder">   --->   Core 1 'Adder' <Latency = 0> <II = 1> <Delay = 1.76> <FuncUnit> <Opcode : 'add' 'sub'> <InPorts = 2> <OutPorts = 1>
ST_1 : Operation 13 [1/1] (0.00ns)   --->   "%br_ln188 = br i1 %icmp_ln188, void %for.body42.i.split, void %for.cond.cleanup41.i_ifconv.exitStub" [serial_fft/fft_serial.cpp:188->serial_fft/fft_serial.cpp:266]   --->   Operation 13 'br' 'br_ln188' <Predicate = true> <Delay = 0.00>
ST_1 : Operation 14 [1/1] (0.00ns)   --->   "%trunc_ln188 = trunc i11 %i_4" [serial_fft/fft_serial.cpp:188->serial_fft/fft_serial.cpp:266]   --->   Operation 14 'trunc' 'trunc_ln188' <Predicate = (!icmp_ln188)> <Delay = 0.00>
ST_1 : Operation 15 [1/1] (0.00ns)   --->   "%lshr_ln124_9 = partselect i9 @_ssdm_op_PartSelect.i9.i11.i32.i32, i11 %i_4, i32 1, i32 9" [serial_fft/fft_serial.cpp:124->serial_fft/fft_serial.cpp:266]   --->   Operation 15 'partselect' 'lshr_ln124_9' <Predicate = (!icmp_ln188)> <Delay = 0.00>
ST_1 : Operation 16 [1/1] (0.00ns)   --->   "%zext_ln124 = zext i9 %lshr_ln124_9" [serial_fft/fft_serial.cpp:124->serial_fft/fft_serial.cpp:266]   --->   Operation 16 'zext' 'zext_ln124' <Predicate = (!icmp_ln188)> <Delay = 0.00>
ST_1 : Operation 17 [1/1] (0.00ns)   --->   "%re_addr = getelementptr i17 %re, i64 0, i64 %zext_ln124" [serial_fft/fft_serial.cpp:190->serial_fft/fft_serial.cpp:266]   --->   Operation 17 'getelementptr' 're_addr' <Predicate = (!icmp_ln188)> <Delay = 0.00>
ST_1 : Operation 18 [1/1] (0.00ns)   --->   "%re_1_addr = getelementptr i17 %re_1, i64 0, i64 %zext_ln124" [serial_fft/fft_serial.cpp:190->serial_fft/fft_serial.cpp:266]   --->   Operation 18 'getelementptr' 're_1_addr' <Predicate = (!icmp_ln188)> <Delay = 0.00>
ST_1 : Operation 19 [2/2] (2.77ns)   --->   "%re_load = load i9 %re_addr" [serial_fft/fft_serial.cpp:190->serial_fft/fft_serial.cpp:266]   --->   Operation 19 'load' 're_load' <Predicate = (!icmp_ln188)> <Delay = 2.77> <CoreInst = "RAM">   --->   Core 82 'RAM' <Latency = 1> <II = 1> <Delay = 2.77> <Storage> <Opcode : 'load' 'store'> <Ports = 2> <Width = 17> <Depth = 512> <RAM>
ST_1 : Operation 20 [2/2] (2.77ns)   --->   "%re_1_load = load i9 %re_1_addr" [serial_fft/fft_serial.cpp:190->serial_fft/fft_serial.cpp:266]   --->   Operation 20 'load' 're_1_load' <Predicate = (!icmp_ln188)> <Delay = 2.77> <CoreInst = "RAM">   --->   Core 82 'RAM' <Latency = 1> <II = 1> <Delay = 2.77> <Storage> <Opcode : 'load' 'store'> <Ports = 2> <Width = 17> <Depth = 512> <RAM>
ST_1 : Operation 21 [1/1] (0.00ns)   --->   "%im_addr = getelementptr i17 %im, i64 0, i64 %zext_ln124" [serial_fft/fft_serial.cpp:190->serial_fft/fft_serial.cpp:266]   --->   Operation 21 'getelementptr' 'im_addr' <Predicate = (!icmp_ln188)> <Delay = 0.00>
ST_1 : Operation 22 [1/1] (0.00ns)   --->   "%im_1_addr = getelementptr i17 %im_1, i64 0, i64 %zext_ln124" [serial_fft/fft_serial.cpp:190->serial_fft/fft_serial.cpp:266]   --->   Operation 22 'getelementptr' 'im_1_addr' <Predicate = (!icmp_ln188)> <Delay = 0.00>
ST_1 : Operation 23 [2/2] (2.77ns)   --->   "%im_load = load i9 %im_addr" [serial_fft/fft_serial.cpp:190->serial_fft/fft_serial.cpp:266]   --->   Operation 23 'load' 'im_load' <Predicate = (!icmp_ln188)> <Delay = 2.77> <CoreInst = "RAM">   --->   Core 82 'RAM' <Latency = 1> <II = 1> <Delay = 2.77> <Storage> <Opcode : 'load' 'store'> <Ports = 2> <Width = 17> <Depth = 512> <RAM>
ST_1 : Operation 24 [2/2] (2.77ns)   --->   "%im_1_load = load i9 %im_1_addr" [serial_fft/fft_serial.cpp:190->serial_fft/fft_serial.cpp:266]   --->   Operation 24 'load' 'im_1_load' <Predicate = (!icmp_ln188)> <Delay = 2.77> <CoreInst = "RAM">   --->   Core 82 'RAM' <Latency = 1> <II = 1> <Delay = 2.77> <Storage> <Opcode : 'load' 'store'> <Ports = 2> <Width = 17> <Depth = 512> <RAM>
ST_1 : Operation 25 [1/1] (1.32ns)   --->   "%store_ln188 = store i11 %add_ln188, i11 %i" [serial_fft/fft_serial.cpp:188->serial_fft/fft_serial.cpp:266]   --->   Operation 25 'store' 'store_ln188' <Predicate = (!icmp_ln188)> <Delay = 1.32>
ST_1 : Operation 48 [1/1] (0.00ns)   --->   "%or_mask_load = load i8 %or_mask"   --->   Operation 48 'load' 'or_mask_load' <Predicate = (icmp_ln188)> <Delay = 0.00>
ST_1 : Operation 49 [1/1] (0.00ns)   --->   "%write_ln0 = write void @_ssdm_op_Write.ap_auto.i8P0A, i8 %or_mask_18_out, i8 %or_mask_load"   --->   Operation 49 'write' 'write_ln0' <Predicate = (icmp_ln188)> <Delay = 0.00>
ST_1 : Operation 50 [1/1] (0.00ns)   --->   "%ret_ln0 = ret"   --->   Operation 50 'ret' 'ret_ln0' <Predicate = (icmp_ln188)> <Delay = 0.00>

State 2 <SV = 1> <Delay = 6.91>
ST_2 : Operation 26 [1/1] (0.00ns)   --->   "%or_mask_load_4 = load i8 %or_mask" [serial_fft/fft_serial.cpp:190->serial_fft/fft_serial.cpp:266]   --->   Operation 26 'load' 'or_mask_load_4' <Predicate = true> <Delay = 0.00>
ST_2 : Operation 27 [1/1] (0.00ns)   --->   "%specpipeline_ln189 = specpipeline void @_ssdm_op_SpecPipeline, i32 1, i32 0, i32 0, i32 0, void @empty_36" [serial_fft/fft_serial.cpp:189->serial_fft/fft_serial.cpp:266]   --->   Operation 27 'specpipeline' 'specpipeline_ln189' <Predicate = true> <Delay = 0.00>
ST_2 : Operation 28 [1/1] (0.00ns)   --->   "%speclooptripcount_ln124 = speclooptripcount void @_ssdm_op_SpecLoopTripCount, i64 1024, i64 1024, i64 1024" [serial_fft/fft_serial.cpp:124->serial_fft/fft_serial.cpp:266]   --->   Operation 28 'speclooptripcount' 'speclooptripcount_ln124' <Predicate = true> <Delay = 0.00>
ST_2 : Operation 29 [1/1] (0.00ns)   --->   "%specloopname_ln188 = specloopname void @_ssdm_op_SpecLoopName, void @empty_51" [serial_fft/fft_serial.cpp:188->serial_fft/fft_serial.cpp:266]   --->   Operation 29 'specloopname' 'specloopname_ln188' <Predicate = true> <Delay = 0.00>
ST_2 : Operation 30 [1/2] (2.77ns)   --->   "%re_load = load i9 %re_addr" [serial_fft/fft_serial.cpp:190->serial_fft/fft_serial.cpp:266]   --->   Operation 30 'load' 're_load' <Predicate = true> <Delay = 2.77> <CoreInst = "RAM">   --->   Core 82 'RAM' <Latency = 1> <II = 1> <Delay = 2.77> <Storage> <Opcode : 'load' 'store'> <Ports = 2> <Width = 17> <Depth = 512> <RAM>
ST_2 : Operation 31 [1/2] (2.77ns)   --->   "%re_1_load = load i9 %re_1_addr" [serial_fft/fft_serial.cpp:190->serial_fft/fft_serial.cpp:266]   --->   Operation 31 'load' 're_1_load' <Predicate = true> <Delay = 2.77> <CoreInst = "RAM">   --->   Core 82 'RAM' <Latency = 1> <II = 1> <Delay = 2.77> <Storage> <Opcode : 'load' 'store'> <Ports = 2> <Width = 17> <Depth = 512> <RAM>
ST_2 : Operation 32 [1/1] (0.94ns)   --->   "%v = select i1 %trunc_ln188, i17 %re_1_load, i17 %re_load" [serial_fft/fft_serial.cpp:188->serial_fft/fft_serial.cpp:266]   --->   Operation 32 'select' 'v' <Predicate = true> <Delay = 0.94> <CoreInst = "Sel">   --->   Core 73 'Sel' <Latency = 0> <II = 1> <Delay = 0.94> <FuncUnit> <Opcode : 'select'> <InPorts = 3> <OutPorts = 1>
ST_2 : Operation 33 [1/1] (0.00ns)   --->   "%top8 = partselect i8 @_ssdm_op_PartSelect.i8.i17.i32.i32, i17 %v, i32 8, i32 15" [serial_fft/fft_serial.cpp:66->serial_fft/fft_serial.cpp:190->serial_fft/fft_serial.cpp:266]   --->   Operation 33 'partselect' 'top8' <Predicate = true> <Delay = 0.00>
ST_2 : Operation 34 [1/1] (0.00ns) (grouped into LUT with out node or_ln190)   --->   "%tmp = bitselect i1 @_ssdm_op_BitSelect.i1.i17.i32, i17 %v, i32 16" [serial_fft/fft_serial.cpp:67->serial_fft/fft_serial.cpp:190->serial_fft/fft_serial.cpp:266]   --->   Operation 34 'bitselect' 'tmp' <Predicate = true> <Delay = 0.00>
ST_2 : Operation 35 [1/1] (0.00ns) (grouped into LUT with out node or_ln190)   --->   "%xor_ln67 = xor i8 %top8, i8 255" [serial_fft/fft_serial.cpp:67->serial_fft/fft_serial.cpp:190->serial_fft/fft_serial.cpp:266]   --->   Operation 35 'xor' 'xor_ln67' <Predicate = true> <Delay = 0.00> <CoreInst = "LogicGate">   --->   Core 74 'LogicGate' <Latency = 0> <II = 1> <Delay = 0.80> <FuncUnit> <Opcode : 'and' 'or' 'xor'> <InPorts = 2> <OutPorts = 1>
ST_2 : Operation 36 [1/1] (0.00ns) (grouped into LUT with out node or_ln190)   --->   "%select_ln67 = select i1 %tmp, i8 %xor_ln67, i8 %top8" [serial_fft/fft_serial.cpp:67->serial_fft/fft_serial.cpp:190->serial_fft/fft_serial.cpp:266]   --->   Operation 36 'select' 'select_ln67' <Predicate = true> <Delay = 0.00> <CoreInst = "Sel">   --->   Core 73 'Sel' <Latency = 0> <II = 1> <Delay = 1.07> <FuncUnit> <Opcode : 'select'> <InPorts = 3> <OutPorts = 1>
ST_2 : Operation 37 [1/2] (2.77ns)   --->   "%im_load = load i9 %im_addr" [serial_fft/fft_serial.cpp:190->serial_fft/fft_serial.cpp:266]   --->   Operation 37 'load' 'im_load' <Predicate = true> <Delay = 2.77> <CoreInst = "RAM">   --->   Core 82 'RAM' <Latency = 1> <II = 1> <Delay = 2.77> <Storage> <Opcode : 'load' 'store'> <Ports = 2> <Width = 17> <Depth = 512> <RAM>
ST_2 : Operation 38 [1/2] (2.77ns)   --->   "%im_1_load = load i9 %im_1_addr" [serial_fft/fft_serial.cpp:190->serial_fft/fft_serial.cpp:266]   --->   Operation 38 'load' 'im_1_load' <Predicate = true> <Delay = 2.77> <CoreInst = "RAM">   --->   Core 82 'RAM' <Latency = 1> <II = 1> <Delay = 2.77> <Storage> <Opcode : 'load' 'store'> <Ports = 2> <Width = 17> <Depth = 512> <RAM>
ST_2 : Operation 39 [1/1] (0.94ns)   --->   "%v_5 = select i1 %trunc_ln188, i17 %im_1_load, i17 %im_load" [serial_fft/fft_serial.cpp:188->serial_fft/fft_serial.cpp:266]   --->   Operation 39 'select' 'v_5' <Predicate = true> <Delay = 0.94> <CoreInst = "Sel">   --->   Core 73 'Sel' <Latency = 0> <II = 1> <Delay = 0.94> <FuncUnit> <Opcode : 'select'> <InPorts = 3> <OutPorts = 1>
ST_2 : Operation 40 [1/1] (0.00ns)   --->   "%top8_5 = partselect i8 @_ssdm_op_PartSelect.i8.i17.i32.i32, i17 %v_5, i32 8, i32 15" [serial_fft/fft_serial.cpp:66->serial_fft/fft_serial.cpp:190->serial_fft/fft_serial.cpp:266]   --->   Operation 40 'partselect' 'top8_5' <Predicate = true> <Delay = 0.00>
ST_2 : Operation 41 [1/1] (0.00ns) (grouped into LUT with out node or_ln190)   --->   "%tmp_5 = bitselect i1 @_ssdm_op_BitSelect.i1.i17.i32, i17 %v_5, i32 16" [serial_fft/fft_serial.cpp:67->serial_fft/fft_serial.cpp:190->serial_fft/fft_serial.cpp:266]   --->   Operation 41 'bitselect' 'tmp_5' <Predicate = true> <Delay = 0.00>
ST_2 : Operation 42 [1/1] (0.00ns) (grouped into LUT with out node or_ln190)   --->   "%xor_ln67_4 = xor i8 %top8_5, i8 255" [serial_fft/fft_serial.cpp:67->serial_fft/fft_serial.cpp:190->serial_fft/fft_serial.cpp:266]   --->   Operation 42 'xor' 'xor_ln67_4' <Predicate = true> <Delay = 0.00> <CoreInst = "LogicGate">   --->   Core 74 'LogicGate' <Latency = 0> <II = 1> <Delay = 0.80> <FuncUnit> <Opcode : 'and' 'or' 'xor'> <InPorts = 2> <OutPorts = 1>
ST_2 : Operation 43 [1/1] (0.00ns) (grouped into LUT with out node or_ln190)   --->   "%select_ln67_4 = select i1 %tmp_5, i8 %xor_ln67_4, i8 %top8_5" [serial_fft/fft_serial.cpp:67->serial_fft/fft_serial.cpp:190->serial_fft/fft_serial.cpp:266]   --->   Operation 43 'select' 'select_ln67_4' <Predicate = true> <Delay = 0.00> <CoreInst = "Sel">   --->   Core 73 'Sel' <Latency = 0> <II = 1> <Delay = 1.07> <FuncUnit> <Opcode : 'select'> <InPorts = 3> <OutPorts = 1>
ST_2 : Operation 44 [1/1] (1.07ns) (out node of the LUT)   --->   "%or_ln190 = or i8 %select_ln67_4, i8 %select_ln67" [serial_fft/fft_serial.cpp:190->serial_fft/fft_serial.cpp:266]   --->   Operation 44 'or' 'or_ln190' <Predicate = true> <Delay = 1.07> <CoreInst = "LogicGate">   --->   Core 74 'LogicGate' <Latency = 0> <II = 1> <Delay = 0.80> <FuncUnit> <Opcode : 'and' 'or' 'xor'> <InPorts = 2> <OutPorts = 1>
ST_2 : Operation 45 [1/1] (0.80ns) (out node of the LUT)   --->   "%or_mask_4 = or i8 %or_mask_load_4, i8 %or_ln190" [serial_fft/fft_serial.cpp:190->serial_fft/fft_serial.cpp:266]   --->   Operation 45 'or' 'or_mask_4' <Predicate = true> <Delay = 0.80> <CoreInst = "LogicGate">   --->   Core 74 'LogicGate' <Latency = 0> <II = 1> <Delay = 0.80> <FuncUnit> <Opcode : 'and' 'or' 'xor'> <InPorts = 2> <OutPorts = 1>
ST_2 : Operation 46 [1/1] (1.32ns)   --->   "%store_ln124 = store i8 %or_mask_4, i8 %or_mask" [serial_fft/fft_serial.cpp:124->serial_fft/fft_serial.cpp:266]   --->   Operation 46 'store' 'store_ln124' <Predicate = true> <Delay = 1.32>
ST_2 : Operation 47 [1/1] (0.00ns)   --->   "%br_ln188 = br void %for.body42.i" [serial_fft/fft_serial.cpp:188->serial_fft/fft_serial.cpp:266]   --->   Operation 47 'br' 'br_ln188' <Predicate = true> <Delay = 0.00>


============================================================
+ Verbose Summary: Binding
============================================================
STG Binding: 
---------------- STG Properties BEGIN ----------------
- Is combinational: 0
- Is one-state seq: 0
- Is datapath-only: 0
- Is pipelined: 0
- Is top level: 0
Port [ Return ] is wired: 1; IO mode=ap_ctrl_hs:ce=0
Port [ re]:  wired=1; compound=1; hidden=0; nouse=0; global=0; static=0; extern=0; dir=0; type=1; pingpong=0; private_global=0; MemPort=[13]; IO mode=ap_memory:ce=0
Port [ re_1]:  wired=1; compound=1; hidden=0; nouse=0; global=0; static=0; extern=0; dir=0; type=1; pingpong=0; private_global=0; MemPort=[13]; IO mode=ap_memory:ce=0
Port [ im]:  wired=1; compound=1; hidden=0; nouse=0; global=0; static=0; extern=0; dir=0; type=1; pingpong=0; private_global=0; MemPort=[13]; IO mode=ap_memory:ce=0
Port [ im_1]:  wired=1; compound=1; hidden=0; nouse=0; global=0; static=0; extern=0; dir=0; type=1; pingpong=0; private_global=0; MemPort=[13]; IO mode=ap_memory:ce=0
Port [ or_mask_18_out]:  wired=1; compound=0; hidden=0; nouse=0; global=0; static=0; extern=0; dir=1; type=0; pingpong=0; private_global=0; IO mode=ap_vld:ce=0
---------------- STG Properties END ------------------

---------------- Datapath Model BEGIN ----------------

<LifeTime>
<method=bitvector/>
or_mask                 (alloca           ) [ 011]
i                       (alloca           ) [ 010]
store_ln188             (store            ) [ 000]
store_ln124             (store            ) [ 000]
br_ln0                  (br               ) [ 000]
i_4                     (load             ) [ 000]
icmp_ln188              (icmp             ) [ 010]
add_ln188               (add              ) [ 000]
br_ln188                (br               ) [ 000]
trunc_ln188             (trunc            ) [ 011]
lshr_ln124_9            (partselect       ) [ 000]
zext_ln124              (zext             ) [ 000]
re_addr                 (getelementptr    ) [ 011]
re_1_addr               (getelementptr    ) [ 011]
im_addr                 (getelementptr    ) [ 011]
im_1_addr               (getelementptr    ) [ 011]
store_ln188             (store            ) [ 000]
or_mask_load_4          (load             ) [ 000]
specpipeline_ln189      (specpipeline     ) [ 000]
speclooptripcount_ln124 (speclooptripcount) [ 000]
specloopname_ln188      (specloopname     ) [ 000]
re_load                 (load             ) [ 000]
re_1_load               (load             ) [ 000]
v                       (select           ) [ 000]
top8                    (partselect       ) [ 000]
tmp                     (bitselect        ) [ 000]
xor_ln67                (xor              ) [ 000]
select_ln67             (select           ) [ 000]
im_load                 (load             ) [ 000]
im_1_load               (load             ) [ 000]
v_5                     (select           ) [ 000]
top8_5                  (partselect       ) [ 000]
tmp_5                   (bitselect        ) [ 000]
xor_ln67_4              (xor              ) [ 000]
select_ln67_4           (select           ) [ 000]
or_ln190                (or               ) [ 000]
or_mask_4               (or               ) [ 000]
store_ln124             (store            ) [ 000]
br_ln188                (br               ) [ 000]
or_mask_load            (load             ) [ 000]
write_ln0               (write            ) [ 000]
ret_ln0                 (ret              ) [ 000]
</LifeTime>

<model>

<comp_list>
<comp id="0" class="1000" name="re">
<pin_list>
<pin id="1" dir="1" index="0" bw="1" slack="0"/>
</pin_list>
<bind>
<StgValue><ssdm name="re"/><MemPortTyVec>1 3 </MemPortTyVec>
</StgValue>
</bind>
</comp>

<comp id="2" class="1000" name="re_1">
<pin_list>
<pin id="3" dir="1" index="0" bw="1" slack="0"/>
</pin_list>
<bind>
<StgValue><ssdm name="re_1"/><MemPortTyVec>1 3 </MemPortTyVec>
</StgValue>
</bind>
</comp>

<comp id="4" class="1000" name="im">
<pin_list>
<pin id="5" dir="1" index="0" bw="1" slack="0"/>
</pin_list>
<bind>
<StgValue><ssdm name="im"/><MemPortTyVec>1 3 </MemPortTyVec>
</StgValue>
</bind>
</comp>

<comp id="6" class="1000" name="im_1">
<pin_list>
<pin id="7" dir="1" index="0" bw="1" slack="0"/>
</pin_list>
<bind>
<StgValue><ssdm name="im_1"/><MemPortTyVec>1 3 </MemPortTyVec>
</StgValue>
</bind>
</comp>

<comp id="8" class="1000" name="or_mask_18_out">
<pin_list>
<pin id="9" dir="1" index="0" bw="1" slack="0"/>
</pin_list>
<bind>
<StgValue><ssdm name="or_mask_18_out"/></StgValue>
</bind>
</comp>

<comp id="10" class="1001" name="const_10">
<pin_list>
<pin id="11" dir="1" index="0" bw="1" slack="0"/>
</pin_list>
<bind>
<StgValue><ssdm name=""/></StgValue>
</bind>
</comp>

<comp id="12" class="1001" name="const_12">
<pin_list>
<pin id="13" dir="1" index="0" bw="1" slack="0"/>
</pin_list>
<bind>
<StgValue><ssdm name=""/></StgValue>
</bind>
</comp>

<comp id="14" class="1001" name="const_14">
<pin_list>
<pin id="15" dir="1" index="0" bw="1" slack="0"/>
</pin_list>
<bind>
<StgValue><ssdm name=""/></StgValue>
</bind>
</comp>

<comp id="16" class="1001" name="const_16">
<pin_list>
<pin id="17" dir="1" index="0" bw="1" slack="0"/>
</pin_list>
<bind>
<StgValue><ssdm name=""/></StgValue>
</bind>
</comp>

<comp id="18" class="1001" name="const_18">
<pin_list>
<pin id="19" dir="1" index="0" bw="1" slack="0"/>
</pin_list>
<bind>
<StgValue><ssdm name=""/></StgValue>
</bind>
</comp>

<comp id="20" class="1001" name="const_20">
<pin_list>
<pin id="21" dir="1" index="0" bw="1" slack="0"/>
</pin_list>
<bind>
<StgValue><ssdm name="_ssdm_op_PartSelect.i9.i11.i32.i32"/></StgValue>
</bind>
</comp>

<comp id="22" class="1001" name="const_22">
<pin_list>
<pin id="23" dir="1" index="0" bw="1" slack="0"/>
</pin_list>
<bind>
<StgValue><ssdm name=""/></StgValue>
</bind>
</comp>

<comp id="24" class="1001" name="const_24">
<pin_list>
<pin id="25" dir="1" index="0" bw="1" slack="0"/>
</pin_list>
<bind>
<StgValue><ssdm name=""/></StgValue>
</bind>
</comp>

<comp id="26" class="1001" name="const_26">
<pin_list>
<pin id="27" dir="1" index="0" bw="1" slack="2147483647"/>
</pin_list>
<bind>
<StgValue><ssdm name="_ssdm_op_SpecPipeline"/></StgValue>
</bind>
</comp>

<comp id="28" class="1001" name="const_28">
<pin_list>
<pin id="29" dir="1" index="0" bw="1" slack="2147483647"/>
</pin_list>
<bind>
<StgValue><ssdm name=""/></StgValue>
</bind>
</comp>

<comp id="30" class="1001" name="const_30">
<pin_list>
<pin id="31" dir="1" index="0" bw="1" slack="2147483647"/>
</pin_list>
<bind>
<StgValue><ssdm name="empty_36"/></StgValue>
</bind>
</comp>

<comp id="32" class="1001" name="const_32">
<pin_list>
<pin id="33" dir="1" index="0" bw="1" slack="2147483647"/>
</pin_list>
<bind>
<StgValue><ssdm name="_ssdm_op_SpecLoopTripCount"/></StgValue>
</bind>
</comp>

<comp id="34" class="1001" name="const_34">
<pin_list>
<pin id="35" dir="1" index="0" bw="1" slack="2147483647"/>
</pin_list>
<bind>
<StgValue><ssdm name=""/></StgValue>
</bind>
</comp>

<comp id="36" class="1001" name="const_36">
<pin_list>
<pin id="37" dir="1" index="0" bw="1" slack="2147483647"/>
</pin_list>
<bind>
<StgValue><ssdm name="_ssdm_op_SpecLoopName"/></StgValue>
</bind>
</comp>

<comp id="38" class="1001" name="const_38">
<pin_list>
<pin id="39" dir="1" index="0" bw="1" slack="2147483647"/>
</pin_list>
<bind>
<StgValue><ssdm name="empty_51"/></StgValue>
</bind>
</comp>

<comp id="40" class="1001" name="const_40">
<pin_list>
<pin id="41" dir="1" index="0" bw="1" slack="0"/>
</pin_list>
<bind>
<StgValue><ssdm name="_ssdm_op_PartSelect.i8.i17.i32.i32"/></StgValue>
</bind>
</comp>

<comp id="42" class="1001" name="const_42">
<pin_list>
<pin id="43" dir="1" index="0" bw="1" slack="0"/>
</pin_list>
<bind>
<StgValue><ssdm name=""/></StgValue>
</bind>
</comp>

<comp id="44" class="1001" name="const_44">
<pin_list>
<pin id="45" dir="1" index="0" bw="1" slack="0"/>
</pin_list>
<bind>
<StgValue><ssdm name=""/></StgValue>
</bind>
</comp>

<comp id="46" class="1001" name="const_46">
<pin_list>
<pin id="47" dir="1" index="0" bw="1" slack="0"/>
</pin_list>
<bind>
<StgValue><ssdm name="_ssdm_op_BitSelect.i1.i17.i32"/></StgValue>
</bind>
</comp>

<comp id="48" class="1001" name="const_48">
<pin_list>
<pin id="49" dir="1" index="0" bw="1" slack="0"/>
</pin_list>
<bind>
<StgValue><ssdm name=""/></StgValue>
</bind>
</comp>

<comp id="50" class="1001" name="const_50">
<pin_list>
<pin id="51" dir="1" index="0" bw="1" slack="0"/>
</pin_list>
<bind>
<StgValue><ssdm name=""/></StgValue>
</bind>
</comp>

<comp id="52" class="1001" name="const_52">
<pin_list>
<pin id="53" dir="1" index="0" bw="1" slack="0"/>
</pin_list>
<bind>
<StgValue><ssdm name="_ssdm_op_Write.ap_auto.i8P0A"/></StgValue>
</bind>
</comp>

<comp id="54" class="1004" name="or_mask_fu_54">
<pin_list>
<pin id="55" dir="0" index="0" bw="1" slack="0"/>
<pin id="56" dir="1" index="1" bw="8" slack="0"/>
</pin_list>
<bind>
<opcode="alloca(26) " fcode="alloca"/>
<opset="or_mask/1 "/>
</bind>
</comp>

<comp id="58" class="1004" name="i_fu_58">
<pin_list>
<pin id="59" dir="0" index="0" bw="1" slack="0"/>
<pin id="60" dir="1" index="1" bw="11" slack="0"/>
</pin_list>
<bind>
<opcode="alloca(26) " fcode="alloca"/>
<opset="i/1 "/>
</bind>
</comp>

<comp id="62" class="1004" name="write_ln0_write_fu_62">
<pin_list>
<pin id="63" dir="0" index="0" bw="0" slack="0"/>
<pin id="64" dir="0" index="1" bw="8" slack="0"/>
<pin id="65" dir="0" index="2" bw="8" slack="0"/>
<pin id="66" dir="1" index="3" bw="0" slack="2147483647"/>
</pin_list>
<bind>
<opcode="write(1151) " fcode="write"/>
<opset="write_ln0/1 "/>
</bind>
</comp>

<comp id="69" class="1004" name="re_addr_gep_fu_69">
<pin_list>
<pin id="70" dir="0" index="0" bw="17" slack="0"/>
<pin id="71" dir="0" index="1" bw="1" slack="0"/>
<pin id="72" dir="0" index="2" bw="9" slack="0"/>
<pin id="73" dir="1" index="3" bw="9" slack="0"/>
</pin_list>
<bind>
<opcode="getelementptr(29) " fcode="getelementptr"/>
<opset="re_addr/1 "/>
</bind>
</comp>

<comp id="76" class="1004" name="re_1_addr_gep_fu_76">
<pin_list>
<pin id="77" dir="0" index="0" bw="17" slack="0"/>
<pin id="78" dir="0" index="1" bw="1" slack="0"/>
<pin id="79" dir="0" index="2" bw="9" slack="0"/>
<pin id="80" dir="1" index="3" bw="9" slack="0"/>
</pin_list>
<bind>
<opcode="getelementptr(29) " fcode="getelementptr"/>
<opset="re_1_addr/1 "/>
</bind>
</comp>

<comp id="83" class="1004" name="grp_access_fu_83">
<pin_list>
<pin id="84" dir="0" index="0" bw="9" slack="0"/>
<pin id="85" dir="0" index="1" bw="17" slack="2147483647"/>
<pin id="86" dir="0" index="2" bw="0" slack="2147483647"/>
<pin id="87" dir="1" index="3" bw="17" slack="0"/>
</pin_list>
<bind>
<opcode="load(27) " fcode="load"/>
<opset="re_load/1 "/>
</bind>
</comp>

<comp id="89" class="1004" name="grp_access_fu_89">
<pin_list>
<pin id="90" dir="0" index="0" bw="9" slack="0"/>
<pin id="91" dir="0" index="1" bw="17" slack="2147483647"/>
<pin id="92" dir="0" index="2" bw="0" slack="2147483647"/>
<pin id="93" dir="1" index="3" bw="17" slack="0"/>
</pin_list>
<bind>
<opcode="load(27) " fcode="load"/>
<opset="re_1_load/1 "/>
</bind>
</comp>

<comp id="95" class="1004" name="im_addr_gep_fu_95">
<pin_list>
<pin id="96" dir="0" index="0" bw="17" slack="0"/>
<pin id="97" dir="0" index="1" bw="1" slack="0"/>
<pin id="98" dir="0" index="2" bw="9" slack="0"/>
<pin id="99" dir="1" index="3" bw="9" slack="0"/>
</pin_list>
<bind>
<opcode="getelementptr(29) " fcode="getelementptr"/>
<opset="im_addr/1 "/>
</bind>
</comp>

<comp id="102" class="1004" name="im_1_addr_gep_fu_102">
<pin_list>
<pin id="103" dir="0" index="0" bw="17" slack="0"/>
<pin id="104" dir="0" index="1" bw="1" slack="0"/>
<pin id="105" dir="0" index="2" bw="9" slack="0"/>
<pin id="106" dir="1" index="3" bw="9" slack="0"/>
</pin_list>
<bind>
<opcode="getelementptr(29) " fcode="getelementptr"/>
<opset="im_1_addr/1 "/>
</bind>
</comp>

<comp id="109" class="1004" name="grp_access_fu_109">
<pin_list>
<pin id="110" dir="0" index="0" bw="9" slack="0"/>
<pin id="111" dir="0" index="1" bw="17" slack="2147483647"/>
<pin id="112" dir="0" index="2" bw="0" slack="2147483647"/>
<pin id="113" dir="1" index="3" bw="17" slack="0"/>
</pin_list>
<bind>
<opcode="load(27) " fcode="load"/>
<opset="im_load/1 "/>
</bind>
</comp>

<comp id="115" class="1004" name="grp_access_fu_115">
<pin_list>
<pin id="116" dir="0" index="0" bw="9" slack="0"/>
<pin id="117" dir="0" index="1" bw="17" slack="2147483647"/>
<pin id="118" dir="0" index="2" bw="0" slack="2147483647"/>
<pin id="119" dir="1" index="3" bw="17" slack="0"/>
</pin_list>
<bind>
<opcode="load(27) " fcode="load"/>
<opset="im_1_load/1 "/>
</bind>
</comp>

<comp id="121" class="1004" name="store_ln188_store_fu_121">
<pin_list>
<pin id="122" dir="0" index="0" bw="1" slack="0"/>
<pin id="123" dir="0" index="1" bw="11" slack="0"/>
<pin id="124" dir="1" index="2" bw="0" slack="2147483647"/>
</pin_list>
<bind>
<opcode="store(28) " fcode="store"/>
<opset="store_ln188/1 "/>
</bind>
</comp>

<comp id="126" class="1004" name="store_ln124_store_fu_126">
<pin_list>
<pin id="127" dir="0" index="0" bw="1" slack="0"/>
<pin id="128" dir="0" index="1" bw="8" slack="0"/>
<pin id="129" dir="1" index="2" bw="0" slack="2147483647"/>
</pin_list>
<bind>
<opcode="store(28) " fcode="store"/>
<opset="store_ln124/1 "/>
</bind>
</comp>

<comp id="131" class="1004" name="i_4_load_fu_131">
<pin_list>
<pin id="132" dir="0" index="0" bw="11" slack="0"/>
<pin id="133" dir="1" index="1" bw="11" slack="0"/>
</pin_list>
<bind>
<opcode="load(27) " fcode="load"/>
<opset="i_4/1 "/>
</bind>
</comp>

<comp id="134" class="1004" name="icmp_ln188_fu_134">
<pin_list>
<pin id="135" dir="0" index="0" bw="11" slack="0"/>
<pin id="136" dir="0" index="1" bw="11" slack="0"/>
<pin id="137" dir="1" index="2" bw="1" slack="2147483647"/>
</pin_list>
<bind>
<opcode="icmp(45) " fcode="icmp"/>
<opset="icmp_ln188/1 "/>
</bind>
</comp>

<comp id="140" class="1004" name="add_ln188_fu_140">
<pin_list>
<pin id="141" dir="0" index="0" bw="11" slack="0"/>
<pin id="142" dir="0" index="1" bw="1" slack="0"/>
<pin id="143" dir="1" index="2" bw="11" slack="0"/>
</pin_list>
<bind>
<opcode="add(8) " fcode="add"/>
<opset="add_ln188/1 "/>
</bind>
</comp>

<comp id="146" class="1004" name="trunc_ln188_fu_146">
<pin_list>
<pin id="147" dir="0" index="0" bw="11" slack="0"/>
<pin id="148" dir="1" index="1" bw="1" slack="1"/>
</pin_list>
<bind>
<opcode="trunc(33) " fcode="trunc"/>
<opset="trunc_ln188/1 "/>
</bind>
</comp>

<comp id="150" class="1004" name="lshr_ln124_9_fu_150">
<pin_list>
<pin id="151" dir="0" index="0" bw="9" slack="0"/>
<pin id="152" dir="0" index="1" bw="11" slack="0"/>
<pin id="153" dir="0" index="2" bw="1" slack="0"/>
<pin id="154" dir="0" index="3" bw="5" slack="0"/>
<pin id="155" dir="1" index="4" bw="9" slack="0"/>
</pin_list>
<bind>
<opcode="partselect(1002) " fcode="partselect"/>
<opset="lshr_ln124_9/1 "/>
</bind>
</comp>

<comp id="160" class="1004" name="zext_ln124_fu_160">
<pin_list>
<pin id="161" dir="0" index="0" bw="9" slack="0"/>
<pin id="162" dir="1" index="1" bw="64" slack="0"/>
</pin_list>
<bind>
<opcode="zext(34) " fcode="zext"/>
<opset="zext_ln124/1 "/>
</bind>
</comp>

<comp id="168" class="1004" name="store_ln188_store_fu_168">
<pin_list>
<pin id="169" dir="0" index="0" bw="11" slack="0"/>
<pin id="170" dir="0" index="1" bw="11" slack="0"/>
<pin id="171" dir="1" index="2" bw="0" slack="2147483647"/>
</pin_list>
<bind>
<opcode="store(28) " fcode="store"/>
<opset="store_ln188/1 "/>
</bind>
</comp>

<comp id="173" class="1004" name="or_mask_load_4_load_fu_173">
<pin_list>
<pin id="174" dir="0" index="0" bw="8" slack="1"/>
<pin id="175" dir="1" index="1" bw="8" slack="0"/>
</pin_list>
<bind>
<opcode="load(27) " fcode="load"/>
<opset="or_mask_load_4/2 "/>
</bind>
</comp>

<comp id="176" class="1004" name="v_fu_176">
<pin_list>
<pin id="177" dir="0" index="0" bw="1" slack="1"/>
<pin id="178" dir="0" index="1" bw="17" slack="0"/>
<pin id="179" dir="0" index="2" bw="17" slack="0"/>
<pin id="180" dir="1" index="3" bw="17" slack="0"/>
</pin_list>
<bind>
<opcode="select(49) " fcode="select"/>
<opset="v/2 "/>
</bind>
</comp>

<comp id="183" class="1004" name="top8_fu_183">
<pin_list>
<pin id="184" dir="0" index="0" bw="8" slack="0"/>
<pin id="185" dir="0" index="1" bw="17" slack="0"/>
<pin id="186" dir="0" index="2" bw="5" slack="0"/>
<pin id="187" dir="0" index="3" bw="5" slack="0"/>
<pin id="188" dir="1" index="4" bw="8" slack="0"/>
</pin_list>
<bind>
<opcode="partselect(1002) " fcode="partselect"/>
<opset="top8/2 "/>
</bind>
</comp>

<comp id="193" class="1004" name="tmp_fu_193">
<pin_list>
<pin id="194" dir="0" index="0" bw="1" slack="0"/>
<pin id="195" dir="0" index="1" bw="17" slack="0"/>
<pin id="196" dir="0" index="2" bw="6" slack="0"/>
<pin id="197" dir="1" index="3" bw="1" slack="0"/>
</pin_list>
<bind>
<opcode="bitselect(1000) " fcode="bitselect"/>
<opset="tmp/2 "/>
</bind>
</comp>

<comp id="201" class="1004" name="xor_ln67_fu_201">
<pin_list>
<pin id="202" dir="0" index="0" bw="8" slack="0"/>
<pin id="203" dir="0" index="1" bw="8" slack="0"/>
<pin id="204" dir="1" index="2" bw="8" slack="0"/>
</pin_list>
<bind>
<opcode="xor(25) " fcode="xor"/>
<opset="xor_ln67/2 "/>
</bind>
</comp>

<comp id="207" class="1004" name="select_ln67_fu_207">
<pin_list>
<pin id="208" dir="0" index="0" bw="1" slack="0"/>
<pin id="209" dir="0" index="1" bw="8" slack="0"/>
<pin id="210" dir="0" index="2" bw="8" slack="0"/>
<pin id="211" dir="1" index="3" bw="8" slack="0"/>
</pin_list>
<bind>
<opcode="select(49) " fcode="select"/>
<opset="select_ln67/2 "/>
</bind>
</comp>

<comp id="215" class="1004" name="v_5_fu_215">
<pin_list>
<pin id="216" dir="0" index="0" bw="1" slack="1"/>
<pin id="217" dir="0" index="1" bw="17" slack="0"/>
<pin id="218" dir="0" index="2" bw="17" slack="0"/>
<pin id="219" dir="1" index="3" bw="17" slack="0"/>
</pin_list>
<bind>
<opcode="select(49) " fcode="select"/>
<opset="v_5/2 "/>
</bind>
</comp>

<comp id="222" class="1004" name="top8_5_fu_222">
<pin_list>
<pin id="223" dir="0" index="0" bw="8" slack="0"/>
<pin id="224" dir="0" index="1" bw="17" slack="0"/>
<pin id="225" dir="0" index="2" bw="5" slack="0"/>
<pin id="226" dir="0" index="3" bw="5" slack="0"/>
<pin id="227" dir="1" index="4" bw="8" slack="0"/>
</pin_list>
<bind>
<opcode="partselect(1002) " fcode="partselect"/>
<opset="top8_5/2 "/>
</bind>
</comp>

<comp id="232" class="1004" name="tmp_5_fu_232">
<pin_list>
<pin id="233" dir="0" index="0" bw="1" slack="0"/>
<pin id="234" dir="0" index="1" bw="17" slack="0"/>
<pin id="235" dir="0" index="2" bw="6" slack="0"/>
<pin id="236" dir="1" index="3" bw="1" slack="0"/>
</pin_list>
<bind>
<opcode="bitselect(1000) " fcode="bitselect"/>
<opset="tmp_5/2 "/>
</bind>
</comp>

<comp id="240" class="1004" name="xor_ln67_4_fu_240">
<pin_list>
<pin id="241" dir="0" index="0" bw="8" slack="0"/>
<pin id="242" dir="0" index="1" bw="8" slack="0"/>
<pin id="243" dir="1" index="2" bw="8" slack="0"/>
</pin_list>
<bind>
<opcode="xor(25) " fcode="xor"/>
<opset="xor_ln67_4/2 "/>
</bind>
</comp>

<comp id="246" class="1004" name="select_ln67_4_fu_246">
<pin_list>
<pin id="247" dir="0" index="0" bw="1" slack="0"/>
<pin id="248" dir="0" index="1" bw="8" slack="0"/>
<pin id="249" dir="0" index="2" bw="8" slack="0"/>
<pin id="250" dir="1" index="3" bw="8" slack="0"/>
</pin_list>
<bind>
<opcode="select(49) " fcode="select"/>
<opset="select_ln67_4/2 "/>
</bind>
</comp>

<comp id="254" class="1004" name="or_ln190_fu_254">
<pin_list>
<pin id="255" dir="0" index="0" bw="8" slack="0"/>
<pin id="256" dir="0" index="1" bw="8" slack="0"/>
<pin id="257" dir="1" index="2" bw="8" slack="0"/>
</pin_list>
<bind>
<opcode="or(24) " fcode="or"/>
<opset="or_ln190/2 "/>
</bind>
</comp>

<comp id="260" class="1004" name="or_mask_4_fu_260">
<pin_list>
<pin id="261" dir="0" index="0" bw="8" slack="0"/>
<pin id="262" dir="0" index="1" bw="8" slack="0"/>
<pin id="263" dir="1" index="2" bw="8" slack="0"/>
</pin_list>
<bind>
<opcode="or(24) " fcode="or"/>
<opset="or_mask_4/2 "/>
</bind>
</comp>

<comp id="266" class="1004" name="store_ln124_store_fu_266">
<pin_list>
<pin id="267" dir="0" index="0" bw="8" slack="0"/>
<pin id="268" dir="0" index="1" bw="8" slack="1"/>
<pin id="269" dir="1" index="2" bw="0" slack="2147483647"/>
</pin_list>
<bind>
<opcode="store(28) " fcode="store"/>
<opset="store_ln124/2 "/>
</bind>
</comp>

<comp id="271" class="1004" name="or_mask_load_load_fu_271">
<pin_list>
<pin id="272" dir="0" index="0" bw="8" slack="0"/>
<pin id="273" dir="1" index="1" bw="8" slack="0"/>
</pin_list>
<bind>
<opcode="load(27) " fcode="load"/>
<opset="or_mask_load/1 "/>
</bind>
</comp>

<comp id="275" class="1005" name="or_mask_reg_275">
<pin_list>
<pin id="276" dir="0" index="0" bw="8" slack="0"/>
<pin id="277" dir="1" index="1" bw="8" slack="0"/>
</pin_list>
<bind>
<opset="or_mask "/>
</bind>
</comp>

<comp id="283" class="1005" name="i_reg_283">
<pin_list>
<pin id="284" dir="0" index="0" bw="11" slack="0"/>
<pin id="285" dir="1" index="1" bw="11" slack="0"/>
</pin_list>
<bind>
<opset="i "/>
</bind>
</comp>

<comp id="293" class="1005" name="trunc_ln188_reg_293">
<pin_list>
<pin id="294" dir="0" index="0" bw="1" slack="1"/>
<pin id="295" dir="1" index="1" bw="1" slack="1"/>
</pin_list>
<bind>
<opset="trunc_ln188 "/>
</bind>
</comp>

<comp id="299" class="1005" name="re_addr_reg_299">
<pin_list>
<pin id="300" dir="0" index="0" bw="9" slack="1"/>
<pin id="301" dir="1" index="1" bw="9" slack="1"/>
</pin_list>
<bind>
<opset="re_addr "/>
</bind>
</comp>

<comp id="304" class="1005" name="re_1_addr_reg_304">
<pin_list>
<pin id="305" dir="0" index="0" bw="9" slack="1"/>
<pin id="306" dir="1" index="1" bw="9" slack="1"/>
</pin_list>
<bind>
<opset="re_1_addr "/>
</bind>
</comp>

<comp id="309" class="1005" name="im_addr_reg_309">
<pin_list>
<pin id="310" dir="0" index="0" bw="9" slack="1"/>
<pin id="311" dir="1" index="1" bw="9" slack="1"/>
</pin_list>
<bind>
<opset="im_addr "/>
</bind>
</comp>

<comp id="314" class="1005" name="im_1_addr_reg_314">
<pin_list>
<pin id="315" dir="0" index="0" bw="9" slack="1"/>
<pin id="316" dir="1" index="1" bw="9" slack="1"/>
</pin_list>
<bind>
<opset="im_1_addr "/>
</bind>
</comp>

</comp_list>

<net_list>
<net id="57"><net_src comp="10" pin="0"/><net_sink comp="54" pin=0"/></net>

<net id="61"><net_src comp="10" pin="0"/><net_sink comp="58" pin=0"/></net>

<net id="67"><net_src comp="52" pin="0"/><net_sink comp="62" pin=0"/></net>

<net id="68"><net_src comp="8" pin="0"/><net_sink comp="62" pin=1"/></net>

<net id="74"><net_src comp="0" pin="0"/><net_sink comp="69" pin=0"/></net>

<net id="75"><net_src comp="24" pin="0"/><net_sink comp="69" pin=1"/></net>

<net id="81"><net_src comp="2" pin="0"/><net_sink comp="76" pin=0"/></net>

<net id="82"><net_src comp="24" pin="0"/><net_sink comp="76" pin=1"/></net>

<net id="88"><net_src comp="69" pin="3"/><net_sink comp="83" pin=0"/></net>

<net id="94"><net_src comp="76" pin="3"/><net_sink comp="89" pin=0"/></net>

<net id="100"><net_src comp="4" pin="0"/><net_sink comp="95" pin=0"/></net>

<net id="101"><net_src comp="24" pin="0"/><net_sink comp="95" pin=1"/></net>

<net id="107"><net_src comp="6" pin="0"/><net_sink comp="102" pin=0"/></net>

<net id="108"><net_src comp="24" pin="0"/><net_sink comp="102" pin=1"/></net>

<net id="114"><net_src comp="95" pin="3"/><net_sink comp="109" pin=0"/></net>

<net id="120"><net_src comp="102" pin="3"/><net_sink comp="115" pin=0"/></net>

<net id="125"><net_src comp="12" pin="0"/><net_sink comp="121" pin=0"/></net>

<net id="130"><net_src comp="14" pin="0"/><net_sink comp="126" pin=0"/></net>

<net id="138"><net_src comp="131" pin="1"/><net_sink comp="134" pin=0"/></net>

<net id="139"><net_src comp="16" pin="0"/><net_sink comp="134" pin=1"/></net>

<net id="144"><net_src comp="131" pin="1"/><net_sink comp="140" pin=0"/></net>

<net id="145"><net_src comp="18" pin="0"/><net_sink comp="140" pin=1"/></net>

<net id="149"><net_src comp="131" pin="1"/><net_sink comp="146" pin=0"/></net>

<net id="156"><net_src comp="20" pin="0"/><net_sink comp="150" pin=0"/></net>

<net id="157"><net_src comp="131" pin="1"/><net_sink comp="150" pin=1"/></net>

<net id="158"><net_src comp="10" pin="0"/><net_sink comp="150" pin=2"/></net>

<net id="159"><net_src comp="22" pin="0"/><net_sink comp="150" pin=3"/></net>

<net id="163"><net_src comp="150" pin="4"/><net_sink comp="160" pin=0"/></net>

<net id="164"><net_src comp="160" pin="1"/><net_sink comp="69" pin=2"/></net>

<net id="165"><net_src comp="160" pin="1"/><net_sink comp="76" pin=2"/></net>

<net id="166"><net_src comp="160" pin="1"/><net_sink comp="95" pin=2"/></net>

<net id="167"><net_src comp="160" pin="1"/><net_sink comp="102" pin=2"/></net>

<net id="172"><net_src comp="140" pin="2"/><net_sink comp="168" pin=0"/></net>

<net id="181"><net_src comp="89" pin="3"/><net_sink comp="176" pin=1"/></net>

<net id="182"><net_src comp="83" pin="3"/><net_sink comp="176" pin=2"/></net>

<net id="189"><net_src comp="40" pin="0"/><net_sink comp="183" pin=0"/></net>

<net id="190"><net_src comp="176" pin="3"/><net_sink comp="183" pin=1"/></net>

<net id="191"><net_src comp="42" pin="0"/><net_sink comp="183" pin=2"/></net>

<net id="192"><net_src comp="44" pin="0"/><net_sink comp="183" pin=3"/></net>

<net id="198"><net_src comp="46" pin="0"/><net_sink comp="193" pin=0"/></net>

<net id="199"><net_src comp="176" pin="3"/><net_sink comp="193" pin=1"/></net>

<net id="200"><net_src comp="48" pin="0"/><net_sink comp="193" pin=2"/></net>

<net id="205"><net_src comp="183" pin="4"/><net_sink comp="201" pin=0"/></net>

<net id="206"><net_src comp="50" pin="0"/><net_sink comp="201" pin=1"/></net>

<net id="212"><net_src comp="193" pin="3"/><net_sink comp="207" pin=0"/></net>

<net id="213"><net_src comp="201" pin="2"/><net_sink comp="207" pin=1"/></net>

<net id="214"><net_src comp="183" pin="4"/><net_sink comp="207" pin=2"/></net>

<net id="220"><net_src comp="115" pin="3"/><net_sink comp="215" pin=1"/></net>

<net id="221"><net_src comp="109" pin="3"/><net_sink comp="215" pin=2"/></net>

<net id="228"><net_src comp="40" pin="0"/><net_sink comp="222" pin=0"/></net>

<net id="229"><net_src comp="215" pin="3"/><net_sink comp="222" pin=1"/></net>

<net id="230"><net_src comp="42" pin="0"/><net_sink comp="222" pin=2"/></net>

<net id="231"><net_src comp="44" pin="0"/><net_sink comp="222" pin=3"/></net>

<net id="237"><net_src comp="46" pin="0"/><net_sink comp="232" pin=0"/></net>

<net id="238"><net_src comp="215" pin="3"/><net_sink comp="232" pin=1"/></net>

<net id="239"><net_src comp="48" pin="0"/><net_sink comp="232" pin=2"/></net>

<net id="244"><net_src comp="222" pin="4"/><net_sink comp="240" pin=0"/></net>

<net id="245"><net_src comp="50" pin="0"/><net_sink comp="240" pin=1"/></net>

<net id="251"><net_src comp="232" pin="3"/><net_sink comp="246" pin=0"/></net>

<net id="252"><net_src comp="240" pin="2"/><net_sink comp="246" pin=1"/></net>

<net id="253"><net_src comp="222" pin="4"/><net_sink comp="246" pin=2"/></net>

<net id="258"><net_src comp="246" pin="3"/><net_sink comp="254" pin=0"/></net>

<net id="259"><net_src comp="207" pin="3"/><net_sink comp="254" pin=1"/></net>

<net id="264"><net_src comp="173" pin="1"/><net_sink comp="260" pin=0"/></net>

<net id="265"><net_src comp="254" pin="2"/><net_sink comp="260" pin=1"/></net>

<net id="270"><net_src comp="260" pin="2"/><net_sink comp="266" pin=0"/></net>

<net id="274"><net_src comp="271" pin="1"/><net_sink comp="62" pin=2"/></net>

<net id="278"><net_src comp="54" pin="1"/><net_sink comp="275" pin=0"/></net>

<net id="279"><net_src comp="275" pin="1"/><net_sink comp="126" pin=1"/></net>

<net id="280"><net_src comp="275" pin="1"/><net_sink comp="173" pin=0"/></net>

<net id="281"><net_src comp="275" pin="1"/><net_sink comp="266" pin=1"/></net>

<net id="282"><net_src comp="275" pin="1"/><net_sink comp="271" pin=0"/></net>

<net id="286"><net_src comp="58" pin="1"/><net_sink comp="283" pin=0"/></net>

<net id="287"><net_src comp="283" pin="1"/><net_sink comp="121" pin=1"/></net>

<net id="288"><net_src comp="283" pin="1"/><net_sink comp="131" pin=0"/></net>

<net id="289"><net_src comp="283" pin="1"/><net_sink comp="168" pin=1"/></net>

<net id="296"><net_src comp="146" pin="1"/><net_sink comp="293" pin=0"/></net>

<net id="297"><net_src comp="293" pin="1"/><net_sink comp="176" pin=0"/></net>

<net id="298"><net_src comp="293" pin="1"/><net_sink comp="215" pin=0"/></net>

<net id="302"><net_src comp="69" pin="3"/><net_sink comp="299" pin=0"/></net>

<net id="303"><net_src comp="299" pin="1"/><net_sink comp="83" pin=0"/></net>

<net id="307"><net_src comp="76" pin="3"/><net_sink comp="304" pin=0"/></net>

<net id="308"><net_src comp="304" pin="1"/><net_sink comp="89" pin=0"/></net>

<net id="312"><net_src comp="95" pin="3"/><net_sink comp="309" pin=0"/></net>

<net id="313"><net_src comp="309" pin="1"/><net_sink comp="109" pin=0"/></net>

<net id="317"><net_src comp="102" pin="3"/><net_sink comp="314" pin=0"/></net>

<net id="318"><net_src comp="314" pin="1"/><net_sink comp="115" pin=0"/></net>

</net_list>

</model> 
---------------- Datapath Model END ------------------

* FSMD analyzer results:
  - Output states:
	Port: or_mask_18_out | {1 }
 - Input state : 
	Port: fft_serial_Pipeline_scan_loop18 : re | {1 2 }
	Port: fft_serial_Pipeline_scan_loop18 : re_1 | {1 2 }
	Port: fft_serial_Pipeline_scan_loop18 : im | {1 2 }
	Port: fft_serial_Pipeline_scan_loop18 : im_1 | {1 2 }
  - Chain level:
	State 1
		store_ln188 : 1
		store_ln124 : 1
		i_4 : 1
		icmp_ln188 : 2
		add_ln188 : 2
		br_ln188 : 3
		trunc_ln188 : 2
		lshr_ln124_9 : 2
		zext_ln124 : 3
		re_addr : 4
		re_1_addr : 4
		re_load : 5
		re_1_load : 5
		im_addr : 4
		im_1_addr : 4
		im_load : 5
		im_1_load : 5
		store_ln188 : 3
		or_mask_load : 1
		write_ln0 : 2
	State 2
		v : 1
		top8 : 2
		tmp : 2
		xor_ln67 : 3
		select_ln67 : 3
		v_5 : 1
		top8_5 : 2
		tmp_5 : 2
		xor_ln67_4 : 3
		select_ln67_4 : 3
		or_ln190 : 4
		or_mask_4 : 4
		store_ln124 : 4


============================================================
+ Verbose Summary: Datapath Resource usage 
============================================================

* Functional unit list:
|----------|-----------------------|---------|---------|
| Operation|    Functional Unit    |    FF   |   LUT   |
|----------|-----------------------|---------|---------|
|          |        v_fu_176       |    0    |    17   |
|  select  |   select_ln67_fu_207  |    0    |    8    |
|          |       v_5_fu_215      |    0    |    17   |
|          |  select_ln67_4_fu_246 |    0    |    8    |
|----------|-----------------------|---------|---------|
|   icmp   |   icmp_ln188_fu_134   |    0    |    18   |
|----------|-----------------------|---------|---------|
|    add   |    add_ln188_fu_140   |    0    |    18   |
|----------|-----------------------|---------|---------|
|    xor   |    xor_ln67_fu_201    |    0    |    8    |
|          |   xor_ln67_4_fu_240   |    0    |    8    |
|----------|-----------------------|---------|---------|
|    or    |    or_ln190_fu_254    |    0    |    8    |
|          |    or_mask_4_fu_260   |    0    |    8    |
|----------|-----------------------|---------|---------|
|   write  | write_ln0_write_fu_62 |    0    |    0    |
|----------|-----------------------|---------|---------|
|   trunc  |   trunc_ln188_fu_146  |    0    |    0    |
|----------|-----------------------|---------|---------|
|          |  lshr_ln124_9_fu_150  |    0    |    0    |
|partselect|      top8_fu_183      |    0    |    0    |
|          |     top8_5_fu_222     |    0    |    0    |
|----------|-----------------------|---------|---------|
|   zext   |   zext_ln124_fu_160   |    0    |    0    |
|----------|-----------------------|---------|---------|
| bitselect|       tmp_fu_193      |    0    |    0    |
|          |      tmp_5_fu_232     |    0    |    0    |
|----------|-----------------------|---------|---------|
|   Total  |                       |    0    |   118   |
|----------|-----------------------|---------|---------|

Memories:
N/A

* Register list:
+-------------------+--------+
|                   |   FF   |
+-------------------+--------+
|     i_reg_283     |   11   |
| im_1_addr_reg_314 |    9   |
|  im_addr_reg_309  |    9   |
|  or_mask_reg_275  |    8   |
| re_1_addr_reg_304 |    9   |
|  re_addr_reg_299  |    9   |
|trunc_ln188_reg_293|    1   |
+-------------------+--------+
|       Total       |   56   |
+-------------------+--------+

* Multiplexer (MUX) list: 
|-------------------|------|------|------|--------||---------||---------|
|        Comp       |  Pin | Size |  BW  | S x BW ||  Delay  ||   LUT   |
|-------------------|------|------|------|--------||---------||---------|
|  grp_access_fu_83 |  p0  |   2  |   9  |   18   ||    9    |
|  grp_access_fu_89 |  p0  |   2  |   9  |   18   ||    9    |
| grp_access_fu_109 |  p0  |   2  |   9  |   18   ||    9    |
| grp_access_fu_115 |  p0  |   2  |   9  |   18   ||    9    |
|-------------------|------|------|------|--------||---------||---------|
|       Total       |      |      |      |   72   ||  5.296  ||    36   |
|-------------------|------|------|------|--------||---------||---------|



* Summary:
+-----------+--------+--------+--------+
|           |  Delay |   FF   |   LUT  |
+-----------+--------+--------+--------+
|  Function |    -   |    0   |   118  |
|   Memory  |    -   |    -   |    -   |
|Multiplexer|    5   |    -   |   36   |
|  Register |    -   |   56   |    -   |
+-----------+--------+--------+--------+
|   Total   |    5   |   56   |   154  |
+-----------+--------+--------+--------+
