

================================================================
== Vitis HLS Report for 'fft_serial_Pipeline_scan_loop4'
================================================================
* Date:           Tue Jun 30 20:48:38 2026

* Version:        2023.2 (Build 4023990 on Oct 11 2023)
* Project:        serial_fft_hls
* Solution:       solution1 (Vivado IP Flow Target)
* Product family: artix7
* Target device:  xc7a200t-fbg676-2


================================================================
== Performance Estimates
================================================================
+ Timing: 
    * Summary: 
    +--------+----------+----------+------------+
    |  Clock |  Target  | Estimated| Uncertainty|
    +--------+----------+----------+------------+
    |ap_clk  |  10.00 ns|  6.916 ns|     2.70 ns|
    +--------+----------+----------+------------+

+ Latency: 
    * Summary: 
    +---------+---------+-----------+-----------+------+------+---------+
    |  Latency (cycles) |   Latency (absolute)  |   Interval  | Pipeline|
    |   min   |   max   |    min    |    max    |  min |  max |   Type  |
    +---------+---------+-----------+-----------+------+------+---------+
    |     1026|     1026|  10.260 us|  10.260 us|  1026|  1026|       no|
    +---------+---------+-----------+-----------+------+------+---------+

    + Detail: 
        * Instance: 
        N/A

        * Loop: 
        +-------------+---------+---------+----------+-----------+-----------+------+----------+
        |             |  Latency (cycles) | Iteration|  Initiation Interval  | Trip |          |
        |  Loop Name  |   min   |   max   |  Latency |  achieved |   target  | Count| Pipelined|
        +-------------+---------+---------+----------+-----------+-----------+------+----------+
        |- scan_loop  |     1024|     1024|         2|          1|          1|  1024|       yes|
        +-------------+---------+---------+----------+-----------+-----------+------+----------+

============================================================
+ Verbose Summary: Synthesis Manager
============================================================
InlineROM: 1
ExposeGlobal: 0
============================================================
+ Verbose Summary: CDFG Model
============================================================
IsTopModel: 0
ResetActiveHigh: 1
IsCombinational: 0
IsDatapathOnly: 0
HasWiredReturn: 1
HasMFsm: 2
HasVarLatency: 1
IsPipeline: 0
IsRtlPipelined: 0
IsInstanceOverlapped: 0
IsDontTouch: 0
HasImplIP: 0
IsGatedGlobalClock: 0

+ Individual pipeline summary: 
  * Pipeline-0: initiation interval (II) = 1, depth = 2


============================================================
+ Verbose Summary: Schedule
============================================================
* Number of FSM states : 2
* Pipeline : 1
  Pipeline-0 : II = 1, D = 2, States = { 1 2 }
* Dataflow Pipeline: 0

* FSM state transitions: 
1 --> 2 
2 --> 

* FSM state operations: 

State 1 <SV = 0> <Delay = 4.41>
ST_1 : Operation 5 [1/1] (0.00ns)   --->   "%or_mask = alloca i32 1" [serial_fft/fft_serial.cpp:124->serial_fft/fft_serial.cpp:245]   --->   Operation 5 'alloca' 'or_mask' <Predicate = true> <Delay = 0.00>
ST_1 : Operation 6 [1/1] (0.00ns)   --->   "%i_2 = alloca i32 1" [serial_fft/fft_serial.cpp:188->serial_fft/fft_serial.cpp:245]   --->   Operation 6 'alloca' 'i_2' <Predicate = true> <Delay = 0.00>
ST_1 : Operation 7 [1/1] (1.32ns)   --->   "%store_ln188 = store i11 0, i11 %i_2" [serial_fft/fft_serial.cpp:188->serial_fft/fft_serial.cpp:245]   --->   Operation 7 'store' 'store_ln188' <Predicate = true> <Delay = 1.32>
ST_1 : Operation 8 [1/1] (1.32ns)   --->   "%store_ln124 = store i8 0, i8 %or_mask" [serial_fft/fft_serial.cpp:124->serial_fft/fft_serial.cpp:245]   --->   Operation 8 'store' 'store_ln124' <Predicate = true> <Delay = 1.32>
ST_1 : Operation 9 [1/1] (0.00ns)   --->   "%br_ln0 = br void %for.body42.i10766"   --->   Operation 9 'br' 'br_ln0' <Predicate = true> <Delay = 0.00>
ST_1 : Operation 10 [1/1] (0.00ns)   --->   "%i = load i11 %i_2" [serial_fft/fft_serial.cpp:188->serial_fft/fft_serial.cpp:245]   --->   Operation 10 'load' 'i' <Predicate = true> <Delay = 0.00>
ST_1 : Operation 11 [1/1] (1.76ns)   --->   "%icmp_ln188 = icmp_eq  i11 %i, i11 1024" [serial_fft/fft_serial.cpp:188->serial_fft/fft_serial.cpp:245]   --->   Operation 11 'icmp' 'icmp_ln188' <Predicate = true> <Delay = 1.76> <CoreInst = "Cmp">   --->   Core 9 'Cmp' <Latency = 0> <II = 1> <Delay = 1.76> <FuncUnit> <Opcode : 'icmp'> <InPorts = 2> <OutPorts = 1>
ST_1 : Operation 12 [1/1] (1.76ns)   --->   "%add_ln188 = add i11 %i, i11 1" [serial_fft/fft_serial.cpp:188->serial_fft/fft_serial.cpp:245]   --->   Operation 12 'add' 'add_ln188' <Predicate = true> <Delay = 1.76> <CoreInst = "Adder">   --->   Core 1 'Adder' <Latency = 0> <II = 1> <Delay = 1.76> <FuncUnit> <Opcode : 'add' 'sub'> <InPorts = 2> <OutPorts = 1>
ST_1 : Operation 13 [1/1] (0.00ns)   --->   "%br_ln188 = br i1 %icmp_ln188, void %for.body42.i10766.split, void %for.cond.cleanup41.i10745_ifconv.exitStub" [serial_fft/fft_serial.cpp:188->serial_fft/fft_serial.cpp:245]   --->   Operation 13 'br' 'br_ln188' <Predicate = true> <Delay = 0.00>
ST_1 : Operation 14 [1/1] (0.00ns)   --->   "%trunc_ln188 = trunc i11 %i" [serial_fft/fft_serial.cpp:188->serial_fft/fft_serial.cpp:245]   --->   Operation 14 'trunc' 'trunc_ln188' <Predicate = (!icmp_ln188)> <Delay = 0.00>
ST_1 : Operation 15 [1/1] (0.00ns)   --->   "%lshr_ln124_2 = partselect i9 @_ssdm_op_PartSelect.i9.i11.i32.i32, i11 %i, i32 1, i32 9" [serial_fft/fft_serial.cpp:124->serial_fft/fft_serial.cpp:245]   --->   Operation 15 'partselect' 'lshr_ln124_2' <Predicate = (!icmp_ln188)> <Delay = 0.00>
ST_1 : Operation 16 [1/1] (0.00ns)   --->   "%zext_ln124 = zext i9 %lshr_ln124_2" [serial_fft/fft_serial.cpp:124->serial_fft/fft_serial.cpp:245]   --->   Operation 16 'zext' 'zext_ln124' <Predicate = (!icmp_ln188)> <Delay = 0.00>
ST_1 : Operation 17 [1/1] (0.00ns)   --->   "%re_addr = getelementptr i17 %re, i64 0, i64 %zext_ln124" [serial_fft/fft_serial.cpp:190->serial_fft/fft_serial.cpp:245]   --->   Operation 17 'getelementptr' 're_addr' <Predicate = (!icmp_ln188)> <Delay = 0.00>
ST_1 : Operation 18 [1/1] (0.00ns)   --->   "%re_1_addr = getelementptr i17 %re_1, i64 0, i64 %zext_ln124" [serial_fft/fft_serial.cpp:190->serial_fft/fft_serial.cpp:245]   --->   Operation 18 'getelementptr' 're_1_addr' <Predicate = (!icmp_ln188)> <Delay = 0.00>
ST_1 : Operation 19 [2/2] (2.77ns)   --->   "%re_load = load i9 %re_addr" [serial_fft/fft_serial.cpp:190->serial_fft/fft_serial.cpp:245]   --->   Operation 19 'load' 're_load' <Predicate = (!icmp_ln188)> <Delay = 2.77> <CoreInst = "RAM">   --->   Core 82 'RAM' <Latency = 1> <II = 1> <Delay = 2.77> <Storage> <Opcode : 'load' 'store'> <Ports = 2> <Width = 17> <Depth = 512> <RAM>
ST_1 : Operation 20 [2/2] (2.77ns)   --->   "%re_1_load = load i9 %re_1_addr" [serial_fft/fft_serial.cpp:190->serial_fft/fft_serial.cpp:245]   --->   Operation 20 'load' 're_1_load' <Predicate = (!icmp_ln188)> <Delay = 2.77> <CoreInst = "RAM">   --->   Core 82 'RAM' <Latency = 1> <II = 1> <Delay = 2.77> <Storage> <Opcode : 'load' 'store'> <Ports = 2> <Width = 17> <Depth = 512> <RAM>
ST_1 : Operation 21 [1/1] (0.00ns)   --->   "%im_addr = getelementptr i17 %im, i64 0, i64 %zext_ln124" [serial_fft/fft_serial.cpp:190->serial_fft/fft_serial.cpp:245]   --->   Operation 21 'getelementptr' 'im_addr' <Predicate = (!icmp_ln188)> <Delay = 0.00>
ST_1 : Operation 22 [1/1] (0.00ns)   --->   "%im_1_addr = getelementptr i17 %im_1, i64 0, i64 %zext_ln124" [serial_fft/fft_serial.cpp:190->serial_fft/fft_serial.cpp:245]   --->   Operation 22 'getelementptr' 'im_1_addr' <Predicate = (!icmp_ln188)> <Delay = 0.00>
ST_1 : Operation 23 [2/2] (2.77ns)   --->   "%im_load = load i9 %im_addr" [serial_fft/fft_serial.cpp:190->serial_fft/fft_serial.cpp:245]   --->   Operation 23 'load' 'im_load' <Predicate = (!icmp_ln188)> <Delay = 2.77> <CoreInst = "RAM">   --->   Core 82 'RAM' <Latency = 1> <II = 1> <Delay = 2.77> <Storage> <Opcode : 'load' 'store'> <Ports = 2> <Width = 17> <Depth = 512> <RAM>
ST_1 : Operation 24 [2/2] (2.77ns)   --->   "%im_1_load = load i9 %im_1_addr" [serial_fft/fft_serial.cpp:190->serial_fft/fft_serial.cpp:245]   --->   Operation 24 'load' 'im_1_load' <Predicate = (!icmp_ln188)> <Delay = 2.77> <CoreInst = "RAM">   --->   Core 82 'RAM' <Latency = 1> <II = 1> <Delay = 2.77> <Storage> <Opcode : 'load' 'store'> <Ports = 2> <Width = 17> <Depth = 512> <RAM>
ST_1 : Operation 25 [1/1] (1.32ns)   --->   "%store_ln188 = store i11 %add_ln188, i11 %i_2" [serial_fft/fft_serial.cpp:188->serial_fft/fft_serial.cpp:245]   --->   Operation 25 'store' 'store_ln188' <Predicate = (!icmp_ln188)> <Delay = 1.32>
ST_1 : Operation 48 [1/1] (0.00ns)   --->   "%or_mask_load = load i8 %or_mask"   --->   Operation 48 'load' 'or_mask_load' <Predicate = (icmp_ln188)> <Delay = 0.00>
ST_1 : Operation 49 [1/1] (0.00ns)   --->   "%write_ln0 = write void @_ssdm_op_Write.ap_auto.i8P0A, i8 %or_mask_4_out, i8 %or_mask_load"   --->   Operation 49 'write' 'write_ln0' <Predicate = (icmp_ln188)> <Delay = 0.00>
ST_1 : Operation 50 [1/1] (0.00ns)   --->   "%ret_ln0 = ret"   --->   Operation 50 'ret' 'ret_ln0' <Predicate = (icmp_ln188)> <Delay = 0.00>

State 2 <SV = 1> <Delay = 6.91>
ST_2 : Operation 26 [1/1] (0.00ns)   --->   "%or_mask_load_3 = load i8 %or_mask" [serial_fft/fft_serial.cpp:190->serial_fft/fft_serial.cpp:245]   --->   Operation 26 'load' 'or_mask_load_3' <Predicate = true> <Delay = 0.00>
ST_2 : Operation 27 [1/1] (0.00ns)   --->   "%specpipeline_ln189 = specpipeline void @_ssdm_op_SpecPipeline, i32 1, i32 0, i32 0, i32 0, void @empty_36" [serial_fft/fft_serial.cpp:189->serial_fft/fft_serial.cpp:245]   --->   Operation 27 'specpipeline' 'specpipeline_ln189' <Predicate = true> <Delay = 0.00>
ST_2 : Operation 28 [1/1] (0.00ns)   --->   "%speclooptripcount_ln124 = speclooptripcount void @_ssdm_op_SpecLoopTripCount, i64 1024, i64 1024, i64 1024" [serial_fft/fft_serial.cpp:124->serial_fft/fft_serial.cpp:245]   --->   Operation 28 'speclooptripcount' 'speclooptripcount_ln124' <Predicate = true> <Delay = 0.00>
ST_2 : Operation 29 [1/1] (0.00ns)   --->   "%specloopname_ln188 = specloopname void @_ssdm_op_SpecLoopName, void @empty_51" [serial_fft/fft_serial.cpp:188->serial_fft/fft_serial.cpp:245]   --->   Operation 29 'specloopname' 'specloopname_ln188' <Predicate = true> <Delay = 0.00>
ST_2 : Operation 30 [1/2] (2.77ns)   --->   "%re_load = load i9 %re_addr" [serial_fft/fft_serial.cpp:190->serial_fft/fft_serial.cpp:245]   --->   Operation 30 'load' 're_load' <Predicate = true> <Delay = 2.77> <CoreInst = "RAM">   --->   Core 82 'RAM' <Latency = 1> <II = 1> <Delay = 2.77> <Storage> <Opcode : 'load' 'store'> <Ports = 2> <Width = 17> <Depth = 512> <RAM>
ST_2 : Operation 31 [1/2] (2.77ns)   --->   "%re_1_load = load i9 %re_1_addr" [serial_fft/fft_serial.cpp:190->serial_fft/fft_serial.cpp:245]   --->   Operation 31 'load' 're_1_load' <Predicate = true> <Delay = 2.77> <CoreInst = "RAM">   --->   Core 82 'RAM' <Latency = 1> <II = 1> <Delay = 2.77> <Storage> <Opcode : 'load' 'store'> <Ports = 2> <Width = 17> <Depth = 512> <RAM>
ST_2 : Operation 32 [1/1] (0.94ns)   --->   "%v = select i1 %trunc_ln188, i17 %re_1_load, i17 %re_load" [serial_fft/fft_serial.cpp:188->serial_fft/fft_serial.cpp:245]   --->   Operation 32 'select' 'v' <Predicate = true> <Delay = 0.94> <CoreInst = "Sel">   --->   Core 73 'Sel' <Latency = 0> <II = 1> <Delay = 0.94> <FuncUnit> <Opcode : 'select'> <InPorts = 3> <OutPorts = 1>
ST_2 : Operation 33 [1/1] (0.00ns)   --->   "%top8 = partselect i8 @_ssdm_op_PartSelect.i8.i17.i32.i32, i17 %v, i32 8, i32 15" [serial_fft/fft_serial.cpp:66->serial_fft/fft_serial.cpp:190->serial_fft/fft_serial.cpp:245]   --->   Operation 33 'partselect' 'top8' <Predicate = true> <Delay = 0.00>
ST_2 : Operation 34 [1/1] (0.00ns) (grouped into LUT with out node or_ln190)   --->   "%tmp = bitselect i1 @_ssdm_op_BitSelect.i1.i17.i32, i17 %v, i32 16" [serial_fft/fft_serial.cpp:67->serial_fft/fft_serial.cpp:190->serial_fft/fft_serial.cpp:245]   --->   Operation 34 'bitselect' 'tmp' <Predicate = true> <Delay = 0.00>
ST_2 : Operation 35 [1/1] (0.00ns) (grouped into LUT with out node or_ln190)   --->   "%xor_ln67 = xor i8 %top8, i8 255" [serial_fft/fft_serial.cpp:67->serial_fft/fft_serial.cpp:190->serial_fft/fft_serial.cpp:245]   --->   Operation 35 'xor' 'xor_ln67' <Predicate = true> <Delay = 0.00> <CoreInst = "LogicGate">   --->   Core 74 'LogicGate' <Latency = 0> <II = 1> <Delay = 0.80> <FuncUnit> <Opcode : 'and' 'or' 'xor'> <InPorts = 2> <OutPorts = 1>
ST_2 : Operation 36 [1/1] (0.00ns) (grouped into LUT with out node or_ln190)   --->   "%select_ln67 = select i1 %tmp, i8 %xor_ln67, i8 %top8" [serial_fft/fft_serial.cpp:67->serial_fft/fft_serial.cpp:190->serial_fft/fft_serial.cpp:245]   --->   Operation 36 'select' 'select_ln67' <Predicate = true> <Delay = 0.00> <CoreInst = "Sel">   --->   Core 73 'Sel' <Latency = 0> <II = 1> <Delay = 1.07> <FuncUnit> <Opcode : 'select'> <InPorts = 3> <OutPorts = 1>
ST_2 : Operation 37 [1/2] (2.77ns)   --->   "%im_load = load i9 %im_addr" [serial_fft/fft_serial.cpp:190->serial_fft/fft_serial.cpp:245]   --->   Operation 37 'load' 'im_load' <Predicate = true> <Delay = 2.77> <CoreInst = "RAM">   --->   Core 82 'RAM' <Latency = 1> <II = 1> <Delay = 2.77> <Storage> <Opcode : 'load' 'store'> <Ports = 2> <Width = 17> <Depth = 512> <RAM>
ST_2 : Operation 38 [1/2] (2.77ns)   --->   "%im_1_load = load i9 %im_1_addr" [serial_fft/fft_serial.cpp:190->serial_fft/fft_serial.cpp:245]   --->   Operation 38 'load' 'im_1_load' <Predicate = true> <Delay = 2.77> <CoreInst = "RAM">   --->   Core 82 'RAM' <Latency = 1> <II = 1> <Delay = 2.77> <Storage> <Opcode : 'load' 'store'> <Ports = 2> <Width = 17> <Depth = 512> <RAM>
ST_2 : Operation 39 [1/1] (0.94ns)   --->   "%v_3 = select i1 %trunc_ln188, i17 %im_1_load, i17 %im_load" [serial_fft/fft_serial.cpp:188->serial_fft/fft_serial.cpp:245]   --->   Operation 39 'select' 'v_3' <Predicate = true> <Delay = 0.94> <CoreInst = "Sel">   --->   Core 73 'Sel' <Latency = 0> <II = 1> <Delay = 0.94> <FuncUnit> <Opcode : 'select'> <InPorts = 3> <OutPorts = 1>
ST_2 : Operation 40 [1/1] (0.00ns)   --->   "%top8_3 = partselect i8 @_ssdm_op_PartSelect.i8.i17.i32.i32, i17 %v_3, i32 8, i32 15" [serial_fft/fft_serial.cpp:66->serial_fft/fft_serial.cpp:190->serial_fft/fft_serial.cpp:245]   --->   Operation 40 'partselect' 'top8_3' <Predicate = true> <Delay = 0.00>
ST_2 : Operation 41 [1/1] (0.00ns) (grouped into LUT with out node or_ln190)   --->   "%tmp_3 = bitselect i1 @_ssdm_op_BitSelect.i1.i17.i32, i17 %v_3, i32 16" [serial_fft/fft_serial.cpp:67->serial_fft/fft_serial.cpp:190->serial_fft/fft_serial.cpp:245]   --->   Operation 41 'bitselect' 'tmp_3' <Predicate = true> <Delay = 0.00>
ST_2 : Operation 42 [1/1] (0.00ns) (grouped into LUT with out node or_ln190)   --->   "%xor_ln67_3 = xor i8 %top8_3, i8 255" [serial_fft/fft_serial.cpp:67->serial_fft/fft_serial.cpp:190->serial_fft/fft_serial.cpp:245]   --->   Operation 42 'xor' 'xor_ln67_3' <Predicate = true> <Delay = 0.00> <CoreInst = "LogicGate">   --->   Core 74 'LogicGate' <Latency = 0> <II = 1> <Delay = 0.80> <FuncUnit> <Opcode : 'and' 'or' 'xor'> <InPorts = 2> <OutPorts = 1>
ST_2 : Operation 43 [1/1] (0.00ns) (grouped into LUT with out node or_ln190)   --->   "%select_ln67_3 = select i1 %tmp_3, i8 %xor_ln67_3, i8 %top8_3" [serial_fft/fft_serial.cpp:67->serial_fft/fft_serial.cpp:190->serial_fft/fft_serial.cpp:245]   --->   Operation 43 'select' 'select_ln67_3' <Predicate = true> <Delay = 0.00> <CoreInst = "Sel">   --->   Core 73 'Sel' <Latency = 0> <II = 1> <Delay = 1.07> <FuncUnit> <Opcode : 'select'> <InPorts = 3> <OutPorts = 1>
ST_2 : Operation 44 [1/1] (1.07ns) (out node of the LUT)   --->   "%or_ln190 = or i8 %select_ln67_3, i8 %select_ln67" [serial_fft/fft_serial.cpp:190->serial_fft/fft_serial.cpp:245]   --->   Operation 44 'or' 'or_ln190' <Predicate = true> <Delay = 1.07> <CoreInst = "LogicGate">   --->   Core 74 'LogicGate' <Latency = 0> <II = 1> <Delay = 0.80> <FuncUnit> <Opcode : 'and' 'or' 'xor'> <InPorts = 2> <OutPorts = 1>
ST_2 : Operation 45 [1/1] (0.80ns) (out node of the LUT)   --->   "%or_mask_3 = or i8 %or_mask_load_3, i8 %or_ln190" [serial_fft/fft_serial.cpp:190->serial_fft/fft_serial.cpp:245]   --->   Operation 45 'or' 'or_mask_3' <Predicate = true> <Delay = 0.80> <CoreInst = "LogicGate">   --->   Core 74 'LogicGate' <Latency = 0> <II = 1> <Delay = 0.80> <FuncUnit> <Opcode : 'and' 'or' 'xor'> <InPorts = 2> <OutPorts = 1>
ST_2 : Operation 46 [1/1] (1.32ns)   --->   "%store_ln124 = store i8 %or_mask_3, i8 %or_mask" [serial_fft/fft_serial.cpp:124->serial_fft/fft_serial.cpp:245]   --->   Operation 46 'store' 'store_ln124' <Predicate = true> <Delay = 1.32>
ST_2 : Operation 47 [1/1] (0.00ns)   --->   "%br_ln188 = br void %for.body42.i10766" [serial_fft/fft_serial.cpp:188->serial_fft/fft_serial.cpp:245]   --->   Operation 47 'br' 'br_ln188' <Predicate = true> <Delay = 0.00>


============================================================
+ Verbose Summary: Timing violations
============================================================
Target clock period: 10.000ns, clock uncertainty: 2.700ns.

 <State 1>: 4.412ns
The critical path consists of the following:
	'store' operation 0 bit ('store_ln188', serial_fft/fft_serial.cpp:188->serial_fft/fft_serial.cpp:245) of constant 0 on local variable 'i', serial_fft/fft_serial.cpp:188->serial_fft/fft_serial.cpp:245 [8]  (1.324 ns)
	'load' operation 11 bit ('i', serial_fft/fft_serial.cpp:188->serial_fft/fft_serial.cpp:245) on local variable 'i', serial_fft/fft_serial.cpp:188->serial_fft/fft_serial.cpp:245 [12]  (0.000 ns)
	'icmp' operation 1 bit ('icmp_ln188', serial_fft/fft_serial.cpp:188->serial_fft/fft_serial.cpp:245) [13]  (1.764 ns)
	'store' operation 0 bit ('store_ln188', serial_fft/fft_serial.cpp:188->serial_fft/fft_serial.cpp:245) of variable 'add_ln188', serial_fft/fft_serial.cpp:188->serial_fft/fft_serial.cpp:245 on local variable 'i', serial_fft/fft_serial.cpp:188->serial_fft/fft_serial.cpp:245 [44]  (1.324 ns)

 <State 2>: 6.916ns
The critical path consists of the following:
	'load' operation 17 bit ('re_load', serial_fft/fft_serial.cpp:190->serial_fft/fft_serial.cpp:245) on array 're' [26]  (2.772 ns)
	'select' operation 17 bit ('v', serial_fft/fft_serial.cpp:188->serial_fft/fft_serial.cpp:245) [28]  (0.944 ns)
	'select' operation 8 bit ('select_ln67', serial_fft/fft_serial.cpp:67->serial_fft/fft_serial.cpp:190->serial_fft/fft_serial.cpp:245) [32]  (0.000 ns)
	'or' operation 8 bit ('or_ln190', serial_fft/fft_serial.cpp:190->serial_fft/fft_serial.cpp:245) [42]  (1.076 ns)
	'or' operation 8 bit ('or_mask', serial_fft/fft_serial.cpp:190->serial_fft/fft_serial.cpp:245) [43]  (0.800 ns)
	'store' operation 0 bit ('store_ln124', serial_fft/fft_serial.cpp:124->serial_fft/fft_serial.cpp:245) of variable 'or_mask', serial_fft/fft_serial.cpp:190->serial_fft/fft_serial.cpp:245 on local variable 'or_mask', serial_fft/fft_serial.cpp:124->serial_fft/fft_serial.cpp:245 [45]  (1.324 ns)


============================================================
+ Verbose Summary: Binding
============================================================
N/A
* FSMD analyzer results:
  - Output states:
 - Input state : 
  - Chain level:
	State 1
	State 2


============================================================
+ Verbose Summary: Datapath Resource usage 
============================================================
N/A
