

================================================================
== Vitis HLS Report for 'fft_serial_Pipeline_load_loop'
================================================================
* Date:           Tue Jun 30 20:48:37 2026

* Version:        2023.2 (Build 4023990 on Oct 11 2023)
* Project:        serial_fft_hls
* Solution:       solution1 (Vivado IP Flow Target)
* Product family: artix7
* Target device:  xc7a200t-fbg676-2


================================================================
== Performance Estimates
================================================================
+ Timing: 
    * Summary: 
    +--------+----------+----------+------------+
    |  Clock |  Target  | Estimated| Uncertainty|
    +--------+----------+----------+------------+
    |ap_clk  |  10.00 ns|  7.300 ns|     2.70 ns|
    +--------+----------+----------+------------+

+ Latency: 
    * Summary: 
    +---------+---------+-----------+-----------+------+------+---------+
    |  Latency (cycles) |   Latency (absolute)  |   Interval  | Pipeline|
    |   min   |   max   |    min    |    max    |  min |  max |   Type  |
    +---------+---------+-----------+-----------+------+------+---------+
    |     2059|     2059|  20.590 us|  20.590 us|  2059|  2059|       no|
    +---------+---------+-----------+-----------+------+------+---------+

    + Detail: 
        * Instance: 
        N/A

        * Loop: 
        +-------------+---------+---------+----------+-----------+-----------+------+----------+
        |             |  Latency (cycles) | Iteration|  Initiation Interval  | Trip |          |
        |  Loop Name  |   min   |   max   |  Latency |  achieved |   target  | Count| Pipelined|
        +-------------+---------+---------+----------+-----------+-----------+------+----------+
        |- load_loop  |     2057|     2057|        12|          2|          1|  1024|       yes|
        +-------------+---------+---------+----------+-----------+-----------+------+----------+

============================================================
+ Verbose Summary: Synthesis Manager
============================================================
InlineROM: 1
ExposeGlobal: 0
============================================================
+ Verbose Summary: CDFG Model
============================================================
IsTopModel: 0
ResetActiveHigh: 1
IsCombinational: 0
IsDatapathOnly: 0
HasWiredReturn: 1
HasMFsm: 2
HasVarLatency: 1
IsPipeline: 0
IsRtlPipelined: 0
IsInstanceOverlapped: 0
IsDontTouch: 0
HasImplIP: 0
IsGatedGlobalClock: 0

+ Individual pipeline summary: 
  * Pipeline-0: initiation interval (II) = 2, depth = 12


============================================================
+ Verbose Summary: Schedule
============================================================
* Number of FSM states : 12
* Pipeline : 1
  Pipeline-0 : II = 2, D = 12, States = { 1 2 3 4 5 6 7 8 9 10 11 12 }
* Dataflow Pipeline: 0

* FSM state transitions: 
1 --> 2 
2 --> 3 
3 --> 4 
4 --> 5 
5 --> 6 
6 --> 7 
7 --> 8 
8 --> 9 
9 --> 10 
10 --> 11 
11 --> 12 
12 --> 

* FSM state operations: 

State 1 <SV = 0> <Delay = 4.41>
ST_1 : Operation 15 [1/1] (0.00ns)   --->   "%i = alloca i32 1" [serial_fft/fft_serial.cpp:219]   --->   Operation 15 'alloca' 'i' <Predicate = true> <Delay = 0.00>
ST_1 : Operation 16 [1/1] (0.00ns)   --->   "%sext_ln219_1_read = read i63 @_ssdm_op_Read.ap_auto.i63, i63 %sext_ln219_1"   --->   Operation 16 'read' 'sext_ln219_1_read' <Predicate = true> <Delay = 0.00>
ST_1 : Operation 17 [1/1] (0.00ns)   --->   "%sext_ln219_read = read i63 @_ssdm_op_Read.ap_auto.i63, i63 %sext_ln219"   --->   Operation 17 'read' 'sext_ln219_read' <Predicate = true> <Delay = 0.00>
ST_1 : Operation 18 [1/1] (0.00ns)   --->   "%sext_ln219_1_cast = sext i63 %sext_ln219_1_read"   --->   Operation 18 'sext' 'sext_ln219_1_cast' <Predicate = true> <Delay = 0.00>
ST_1 : Operation 19 [1/1] (0.00ns)   --->   "%sext_ln219_cast = sext i63 %sext_ln219_read"   --->   Operation 19 'sext' 'sext_ln219_cast' <Predicate = true> <Delay = 0.00>
ST_1 : Operation 20 [1/1] (0.00ns)   --->   "%specinterface_ln0 = specinterface void @_ssdm_op_SpecInterface, i16 %AXI_IN, void @empty_35, i32 0, i32 0, void @empty_36, i32 0, i32 0, void @empty_37, void @empty_38, void @empty_36, i32 16, i32 16, i32 16, i32 16, void @empty_36, void @empty_36, i32 4294967295, i32 0"   --->   Operation 20 'specinterface' 'specinterface_ln0' <Predicate = true> <Delay = 0.00>
ST_1 : Operation 21 [1/1] (1.32ns)   --->   "%store_ln219 = store i11 0, i11 %i" [serial_fft/fft_serial.cpp:219]   --->   Operation 21 'store' 'store_ln219' <Predicate = true> <Delay = 1.32>
ST_1 : Operation 22 [1/1] (0.00ns)   --->   "%br_ln0 = br void %for.body"   --->   Operation 22 'br' 'br_ln0' <Predicate = true> <Delay = 0.00>
ST_1 : Operation 23 [1/1] (0.00ns)   --->   "%i_8 = load i11 %i" [serial_fft/fft_serial.cpp:219]   --->   Operation 23 'load' 'i_8' <Predicate = true> <Delay = 0.00>
ST_1 : Operation 24 [1/1] (0.00ns)   --->   "%specbitsmap_ln0 = specbitsmap void @_ssdm_op_SpecBitsMap, i16 %AXI_IN"   --->   Operation 24 'specbitsmap' 'specbitsmap_ln0' <Predicate = true> <Delay = 0.00>
ST_1 : Operation 25 [1/1] (1.76ns)   --->   "%icmp_ln219 = icmp_eq  i11 %i_8, i11 1024" [serial_fft/fft_serial.cpp:219]   --->   Operation 25 'icmp' 'icmp_ln219' <Predicate = true> <Delay = 1.76> <CoreInst = "Cmp">   --->   Core 9 'Cmp' <Latency = 0> <II = 1> <Delay = 1.76> <FuncUnit> <Opcode : 'icmp'> <InPorts = 2> <OutPorts = 1>
ST_1 : Operation 26 [1/1] (1.76ns)   --->   "%add_ln219 = add i11 %i_8, i11 1" [serial_fft/fft_serial.cpp:219]   --->   Operation 26 'add' 'add_ln219' <Predicate = true> <Delay = 1.76> <CoreInst = "Adder">   --->   Core 1 'Adder' <Latency = 0> <II = 1> <Delay = 1.76> <FuncUnit> <Opcode : 'add' 'sub'> <InPorts = 2> <OutPorts = 1>
ST_1 : Operation 27 [1/1] (0.00ns)   --->   "%br_ln219 = br i1 %icmp_ln219, void %for.body.split, void %for.body.i12683.preheader.exitStub" [serial_fft/fft_serial.cpp:219]   --->   Operation 27 'br' 'br_ln219' <Predicate = true> <Delay = 0.00>
ST_1 : Operation 28 [1/1] (0.00ns)   --->   "%zext_ln219 = zext i11 %i_8" [serial_fft/fft_serial.cpp:219]   --->   Operation 28 'zext' 'zext_ln219' <Predicate = (!icmp_ln219)> <Delay = 0.00>
ST_1 : Operation 29 [1/1] (0.00ns)   --->   "%or_ln = partselect i9 @_ssdm_op_PartSelect.i9.i11.i32.i32, i11 %i_8, i32 8, i32 0" [serial_fft/fft_serial.cpp:94->serial_fft/fft_serial.cpp:221]   --->   Operation 29 'partselect' 'or_ln' <Predicate = (!icmp_ln219)> <Delay = 0.00>
ST_1 : Operation 30 [1/1] (2.97ns)   --->   "%add_ln222 = add i64 %zext_ln219, i64 %sext_ln219_cast" [serial_fft/fft_serial.cpp:222]   --->   Operation 30 'add' 'add_ln222' <Predicate = (!icmp_ln219)> <Delay = 2.97> <CoreInst = "Adder">   --->   Core 1 'Adder' <Latency = 0> <II = 1> <Delay = 2.97> <FuncUnit> <Opcode : 'add' 'sub'> <InPorts = 2> <OutPorts = 1>
ST_1 : Operation 31 [1/1] (0.00ns)   --->   "%AXI_IN_addr = getelementptr i16 %AXI_IN, i64 %add_ln222" [serial_fft/fft_serial.cpp:222]   --->   Operation 31 'getelementptr' 'AXI_IN_addr' <Predicate = (!icmp_ln219)> <Delay = 0.00>
ST_1 : Operation 32 [1/1] (0.00ns)   --->   "%tmp = bitselect i1 @_ssdm_op_BitSelect.i1.i11.i32, i11 %i_8, i32 9" [serial_fft/fft_serial.cpp:222]   --->   Operation 32 'bitselect' 'tmp' <Predicate = (!icmp_ln219)> <Delay = 0.00>
ST_1 : Operation 33 [1/1] (2.97ns)   --->   "%add_ln223 = add i64 %zext_ln219, i64 %sext_ln219_1_cast" [serial_fft/fft_serial.cpp:223]   --->   Operation 33 'add' 'add_ln223' <Predicate = (!icmp_ln219)> <Delay = 2.97> <CoreInst = "Adder">   --->   Core 1 'Adder' <Latency = 0> <II = 1> <Delay = 2.97> <FuncUnit> <Opcode : 'add' 'sub'> <InPorts = 2> <OutPorts = 1>
ST_1 : Operation 34 [1/1] (0.00ns)   --->   "%AXI_IN_addr_1 = getelementptr i16 %AXI_IN, i64 %add_ln223" [serial_fft/fft_serial.cpp:223]   --->   Operation 34 'getelementptr' 'AXI_IN_addr_1' <Predicate = (!icmp_ln219)> <Delay = 0.00>
ST_1 : Operation 35 [1/1] (0.00ns)   --->   "%br_ln222 = br i1 %tmp, void %arrayidx7.case.0, void %arrayidx7.case.1" [serial_fft/fft_serial.cpp:222]   --->   Operation 35 'br' 'br_ln222' <Predicate = (!icmp_ln219)> <Delay = 0.00>
ST_1 : Operation 36 [1/1] (1.32ns)   --->   "%store_ln219 = store i11 %add_ln219, i11 %i" [serial_fft/fft_serial.cpp:219]   --->   Operation 36 'store' 'store_ln219' <Predicate = (!icmp_ln219)> <Delay = 1.32>
ST_1 : Operation 37 [1/1] (0.00ns)   --->   "%br_ln219 = br void %for.body" [serial_fft/fft_serial.cpp:219]   --->   Operation 37 'br' 'br_ln219' <Predicate = (!icmp_ln219)> <Delay = 0.00>

State 2 <SV = 1> <Delay = 7.30>
ST_2 : Operation 38 [8/8] (7.30ns)   --->   "%AXI_IN_load_req = readreq i1 @_ssdm_op_ReadReq.m_axi.i16P1A, i16 %AXI_IN_addr, i32 1" [serial_fft/fft_serial.cpp:222]   --->   Operation 38 'readreq' 'AXI_IN_load_req' <Predicate = (!icmp_ln219)> <Delay = 7.30> <CoreInst = "m_axi">   --->   Core 113 'm_axi' <Latency = 0> <II = 1> <Delay = 1.00> <Adapter> <Opcode : 'read' 'write' 'readreq' 'writereq' 'writeresp'>

State 3 <SV = 2> <Delay = 7.30>
ST_3 : Operation 39 [7/8] (7.30ns)   --->   "%AXI_IN_load_req = readreq i1 @_ssdm_op_ReadReq.m_axi.i16P1A, i16 %AXI_IN_addr, i32 1" [serial_fft/fft_serial.cpp:222]   --->   Operation 39 'readreq' 'AXI_IN_load_req' <Predicate = true> <Delay = 7.30> <CoreInst = "m_axi">   --->   Core 113 'm_axi' <Latency = 0> <II = 1> <Delay = 1.00> <Adapter> <Opcode : 'read' 'write' 'readreq' 'writereq' 'writeresp'>
ST_3 : Operation 40 [8/8] (7.30ns)   --->   "%AXI_IN_load_1_req = readreq i1 @_ssdm_op_ReadReq.m_axi.i16P1A, i16 %AXI_IN_addr_1, i32 1" [serial_fft/fft_serial.cpp:223]   --->   Operation 40 'readreq' 'AXI_IN_load_1_req' <Predicate = true> <Delay = 7.30> <CoreInst = "m_axi">   --->   Core 113 'm_axi' <Latency = 0> <II = 1> <Delay = 1.00> <Adapter> <Opcode : 'read' 'write' 'readreq' 'writereq' 'writeresp'>

State 4 <SV = 3> <Delay = 7.30>
ST_4 : Operation 41 [6/8] (7.30ns)   --->   "%AXI_IN_load_req = readreq i1 @_ssdm_op_ReadReq.m_axi.i16P1A, i16 %AXI_IN_addr, i32 1" [serial_fft/fft_serial.cpp:222]   --->   Operation 41 'readreq' 'AXI_IN_load_req' <Predicate = true> <Delay = 7.30> <CoreInst = "m_axi">   --->   Core 113 'm_axi' <Latency = 0> <II = 1> <Delay = 1.00> <Adapter> <Opcode : 'read' 'write' 'readreq' 'writereq' 'writeresp'>
ST_4 : Operation 42 [7/8] (7.30ns)   --->   "%AXI_IN_load_1_req = readreq i1 @_ssdm_op_ReadReq.m_axi.i16P1A, i16 %AXI_IN_addr_1, i32 1" [serial_fft/fft_serial.cpp:223]   --->   Operation 42 'readreq' 'AXI_IN_load_1_req' <Predicate = true> <Delay = 7.30> <CoreInst = "m_axi">   --->   Core 113 'm_axi' <Latency = 0> <II = 1> <Delay = 1.00> <Adapter> <Opcode : 'read' 'write' 'readreq' 'writereq' 'writeresp'>

State 5 <SV = 4> <Delay = 7.30>
ST_5 : Operation 43 [5/8] (7.30ns)   --->   "%AXI_IN_load_req = readreq i1 @_ssdm_op_ReadReq.m_axi.i16P1A, i16 %AXI_IN_addr, i32 1" [serial_fft/fft_serial.cpp:222]   --->   Operation 43 'readreq' 'AXI_IN_load_req' <Predicate = true> <Delay = 7.30> <CoreInst = "m_axi">   --->   Core 113 'm_axi' <Latency = 0> <II = 1> <Delay = 1.00> <Adapter> <Opcode : 'read' 'write' 'readreq' 'writereq' 'writeresp'>
ST_5 : Operation 44 [6/8] (7.30ns)   --->   "%AXI_IN_load_1_req = readreq i1 @_ssdm_op_ReadReq.m_axi.i16P1A, i16 %AXI_IN_addr_1, i32 1" [serial_fft/fft_serial.cpp:223]   --->   Operation 44 'readreq' 'AXI_IN_load_1_req' <Predicate = true> <Delay = 7.30> <CoreInst = "m_axi">   --->   Core 113 'm_axi' <Latency = 0> <II = 1> <Delay = 1.00> <Adapter> <Opcode : 'read' 'write' 'readreq' 'writereq' 'writeresp'>

State 6 <SV = 5> <Delay = 7.30>
ST_6 : Operation 45 [4/8] (7.30ns)   --->   "%AXI_IN_load_req = readreq i1 @_ssdm_op_ReadReq.m_axi.i16P1A, i16 %AXI_IN_addr, i32 1" [serial_fft/fft_serial.cpp:222]   --->   Operation 45 'readreq' 'AXI_IN_load_req' <Predicate = true> <Delay = 7.30> <CoreInst = "m_axi">   --->   Core 113 'm_axi' <Latency = 0> <II = 1> <Delay = 1.00> <Adapter> <Opcode : 'read' 'write' 'readreq' 'writereq' 'writeresp'>
ST_6 : Operation 46 [5/8] (7.30ns)   --->   "%AXI_IN_load_1_req = readreq i1 @_ssdm_op_ReadReq.m_axi.i16P1A, i16 %AXI_IN_addr_1, i32 1" [serial_fft/fft_serial.cpp:223]   --->   Operation 46 'readreq' 'AXI_IN_load_1_req' <Predicate = true> <Delay = 7.30> <CoreInst = "m_axi">   --->   Core 113 'm_axi' <Latency = 0> <II = 1> <Delay = 1.00> <Adapter> <Opcode : 'read' 'write' 'readreq' 'writereq' 'writeresp'>

State 7 <SV = 6> <Delay = 7.30>
ST_7 : Operation 47 [3/8] (7.30ns)   --->   "%AXI_IN_load_req = readreq i1 @_ssdm_op_ReadReq.m_axi.i16P1A, i16 %AXI_IN_addr, i32 1" [serial_fft/fft_serial.cpp:222]   --->   Operation 47 'readreq' 'AXI_IN_load_req' <Predicate = true> <Delay = 7.30> <CoreInst = "m_axi">   --->   Core 113 'm_axi' <Latency = 0> <II = 1> <Delay = 1.00> <Adapter> <Opcode : 'read' 'write' 'readreq' 'writereq' 'writeresp'>
ST_7 : Operation 48 [4/8] (7.30ns)   --->   "%AXI_IN_load_1_req = readreq i1 @_ssdm_op_ReadReq.m_axi.i16P1A, i16 %AXI_IN_addr_1, i32 1" [serial_fft/fft_serial.cpp:223]   --->   Operation 48 'readreq' 'AXI_IN_load_1_req' <Predicate = true> <Delay = 7.30> <CoreInst = "m_axi">   --->   Core 113 'm_axi' <Latency = 0> <II = 1> <Delay = 1.00> <Adapter> <Opcode : 'read' 'write' 'readreq' 'writereq' 'writeresp'>

State 8 <SV = 7> <Delay = 7.30>
ST_8 : Operation 49 [2/8] (7.30ns)   --->   "%AXI_IN_load_req = readreq i1 @_ssdm_op_ReadReq.m_axi.i16P1A, i16 %AXI_IN_addr, i32 1" [serial_fft/fft_serial.cpp:222]   --->   Operation 49 'readreq' 'AXI_IN_load_req' <Predicate = true> <Delay = 7.30> <CoreInst = "m_axi">   --->   Core 113 'm_axi' <Latency = 0> <II = 1> <Delay = 1.00> <Adapter> <Opcode : 'read' 'write' 'readreq' 'writereq' 'writeresp'>
ST_8 : Operation 50 [3/8] (7.30ns)   --->   "%AXI_IN_load_1_req = readreq i1 @_ssdm_op_ReadReq.m_axi.i16P1A, i16 %AXI_IN_addr_1, i32 1" [serial_fft/fft_serial.cpp:223]   --->   Operation 50 'readreq' 'AXI_IN_load_1_req' <Predicate = true> <Delay = 7.30> <CoreInst = "m_axi">   --->   Core 113 'm_axi' <Latency = 0> <II = 1> <Delay = 1.00> <Adapter> <Opcode : 'read' 'write' 'readreq' 'writereq' 'writeresp'>

State 9 <SV = 8> <Delay = 7.30>
ST_9 : Operation 51 [1/8] (7.30ns)   --->   "%AXI_IN_load_req = readreq i1 @_ssdm_op_ReadReq.m_axi.i16P1A, i16 %AXI_IN_addr, i32 1" [serial_fft/fft_serial.cpp:222]   --->   Operation 51 'readreq' 'AXI_IN_load_req' <Predicate = true> <Delay = 7.30> <CoreInst = "m_axi">   --->   Core 113 'm_axi' <Latency = 0> <II = 1> <Delay = 1.00> <Adapter> <Opcode : 'read' 'write' 'readreq' 'writereq' 'writeresp'>
ST_9 : Operation 52 [2/8] (7.30ns)   --->   "%AXI_IN_load_1_req = readreq i1 @_ssdm_op_ReadReq.m_axi.i16P1A, i16 %AXI_IN_addr_1, i32 1" [serial_fft/fft_serial.cpp:223]   --->   Operation 52 'readreq' 'AXI_IN_load_1_req' <Predicate = true> <Delay = 7.30> <CoreInst = "m_axi">   --->   Core 113 'm_axi' <Latency = 0> <II = 1> <Delay = 1.00> <Adapter> <Opcode : 'read' 'write' 'readreq' 'writereq' 'writeresp'>

State 10 <SV = 9> <Delay = 7.30>
ST_10 : Operation 53 [1/1] (7.30ns)   --->   "%AXI_IN_addr_read = read i16 @_ssdm_op_Read.m_axi.i16P1A, i16 %AXI_IN_addr" [serial_fft/fft_serial.cpp:222]   --->   Operation 53 'read' 'AXI_IN_addr_read' <Predicate = true> <Delay = 7.30> <CoreInst = "m_axi">   --->   Core 113 'm_axi' <Latency = 0> <II = 1> <Delay = 1.00> <Adapter> <Opcode : 'read' 'write' 'readreq' 'writereq' 'writeresp'>
ST_10 : Operation 54 [1/8] (7.30ns)   --->   "%AXI_IN_load_1_req = readreq i1 @_ssdm_op_ReadReq.m_axi.i16P1A, i16 %AXI_IN_addr_1, i32 1" [serial_fft/fft_serial.cpp:223]   --->   Operation 54 'readreq' 'AXI_IN_load_1_req' <Predicate = true> <Delay = 7.30> <CoreInst = "m_axi">   --->   Core 113 'm_axi' <Latency = 0> <II = 1> <Delay = 1.00> <Adapter> <Opcode : 'read' 'write' 'readreq' 'writereq' 'writeresp'>
ST_10 : Operation 72 [1/1] (0.00ns)   --->   "%ret_ln0 = ret"   --->   Operation 72 'ret' 'ret_ln0' <Predicate = (icmp_ln219)> <Delay = 0.00>

State 11 <SV = 10> <Delay = 7.30>
ST_11 : Operation 55 [1/1] (0.00ns)   --->   "%zext_ln94 = zext i9 %or_ln" [serial_fft/fft_serial.cpp:94->serial_fft/fft_serial.cpp:221]   --->   Operation 55 'zext' 'zext_ln94' <Predicate = true> <Delay = 0.00>
ST_11 : Operation 56 [1/1] (0.00ns)   --->   "%sext_ln222 = sext i16 %AXI_IN_addr_read" [serial_fft/fft_serial.cpp:222]   --->   Operation 56 'sext' 'sext_ln222' <Predicate = true> <Delay = 0.00>
ST_11 : Operation 57 [1/1] (0.00ns)   --->   "%re_addr = getelementptr i17 %re, i64 0, i64 %zext_ln94" [serial_fft/fft_serial.cpp:222]   --->   Operation 57 'getelementptr' 're_addr' <Predicate = true> <Delay = 0.00>
ST_11 : Operation 58 [1/1] (0.00ns)   --->   "%re_1_addr = getelementptr i17 %re_1, i64 0, i64 %zext_ln94" [serial_fft/fft_serial.cpp:222]   --->   Operation 58 'getelementptr' 're_1_addr' <Predicate = true> <Delay = 0.00>
ST_11 : Operation 59 [1/1] (7.30ns)   --->   "%AXI_IN_addr_1_read = read i16 @_ssdm_op_Read.m_axi.i16P1A, i16 %AXI_IN_addr_1" [serial_fft/fft_serial.cpp:223]   --->   Operation 59 'read' 'AXI_IN_addr_1_read' <Predicate = true> <Delay = 7.30> <CoreInst = "m_axi">   --->   Core 113 'm_axi' <Latency = 0> <II = 1> <Delay = 1.00> <Adapter> <Opcode : 'read' 'write' 'readreq' 'writereq' 'writeresp'>
ST_11 : Operation 60 [1/1] (0.00ns)   --->   "%im_addr = getelementptr i17 %im, i64 0, i64 %zext_ln94" [serial_fft/fft_serial.cpp:223]   --->   Operation 60 'getelementptr' 'im_addr' <Predicate = true> <Delay = 0.00>
ST_11 : Operation 61 [1/1] (0.00ns)   --->   "%im_1_addr = getelementptr i17 %im_1, i64 0, i64 %zext_ln94" [serial_fft/fft_serial.cpp:223]   --->   Operation 61 'getelementptr' 'im_1_addr' <Predicate = true> <Delay = 0.00>
ST_11 : Operation 62 [1/1] (2.77ns)   --->   "%store_ln222 = store i17 %sext_ln222, i9 %re_addr" [serial_fft/fft_serial.cpp:222]   --->   Operation 62 'store' 'store_ln222' <Predicate = (!tmp)> <Delay = 2.77> <CoreInst = "RAM">   --->   Core 82 'RAM' <Latency = 1> <II = 1> <Delay = 2.77> <Storage> <Opcode : 'load' 'store'> <Ports = 2> <Width = 17> <Depth = 512> <RAM>
ST_11 : Operation 63 [1/1] (2.77ns)   --->   "%store_ln222 = store i17 %sext_ln222, i9 %re_1_addr" [serial_fft/fft_serial.cpp:222]   --->   Operation 63 'store' 'store_ln222' <Predicate = (tmp)> <Delay = 2.77> <CoreInst = "RAM">   --->   Core 82 'RAM' <Latency = 1> <II = 1> <Delay = 2.77> <Storage> <Opcode : 'load' 'store'> <Ports = 2> <Width = 17> <Depth = 512> <RAM>

State 12 <SV = 11> <Delay = 2.77>
ST_12 : Operation 64 [1/1] (0.00ns)   --->   "%specpipeline_ln220 = specpipeline void @_ssdm_op_SpecPipeline, i32 1, i32 0, i32 0, i32 0, void @empty_36" [serial_fft/fft_serial.cpp:220]   --->   Operation 64 'specpipeline' 'specpipeline_ln220' <Predicate = true> <Delay = 0.00>
ST_12 : Operation 65 [1/1] (0.00ns)   --->   "%speclooptripcount_ln92 = speclooptripcount void @_ssdm_op_SpecLoopTripCount, i64 1024, i64 1024, i64 1024" [serial_fft/fft_serial.cpp:92->serial_fft/fft_serial.cpp:221]   --->   Operation 65 'speclooptripcount' 'speclooptripcount_ln92' <Predicate = true> <Delay = 0.00>
ST_12 : Operation 66 [1/1] (0.00ns)   --->   "%specloopname_ln219 = specloopname void @_ssdm_op_SpecLoopName, void @empty_39" [serial_fft/fft_serial.cpp:219]   --->   Operation 66 'specloopname' 'specloopname_ln219' <Predicate = true> <Delay = 0.00>
ST_12 : Operation 67 [1/1] (0.00ns)   --->   "%sext_ln223 = sext i16 %AXI_IN_addr_1_read" [serial_fft/fft_serial.cpp:223]   --->   Operation 67 'sext' 'sext_ln223' <Predicate = true> <Delay = 0.00>
ST_12 : Operation 68 [1/1] (2.77ns)   --->   "%store_ln223 = store i17 %sext_ln223, i9 %im_addr" [serial_fft/fft_serial.cpp:223]   --->   Operation 68 'store' 'store_ln223' <Predicate = (!tmp)> <Delay = 2.77> <CoreInst = "RAM">   --->   Core 82 'RAM' <Latency = 1> <II = 1> <Delay = 2.77> <Storage> <Opcode : 'load' 'store'> <Ports = 2> <Width = 17> <Depth = 512> <RAM>
ST_12 : Operation 69 [1/1] (0.00ns)   --->   "%br_ln223 = br void %arrayidx7.exit" [serial_fft/fft_serial.cpp:223]   --->   Operation 69 'br' 'br_ln223' <Predicate = (!tmp)> <Delay = 0.00>
ST_12 : Operation 70 [1/1] (2.77ns)   --->   "%store_ln223 = store i17 %sext_ln223, i9 %im_1_addr" [serial_fft/fft_serial.cpp:223]   --->   Operation 70 'store' 'store_ln223' <Predicate = (tmp)> <Delay = 2.77> <CoreInst = "RAM">   --->   Core 82 'RAM' <Latency = 1> <II = 1> <Delay = 2.77> <Storage> <Opcode : 'load' 'store'> <Ports = 2> <Width = 17> <Depth = 512> <RAM>
ST_12 : Operation 71 [1/1] (0.00ns)   --->   "%br_ln223 = br void %arrayidx7.exit" [serial_fft/fft_serial.cpp:223]   --->   Operation 71 'br' 'br_ln223' <Predicate = (tmp)> <Delay = 0.00>


============================================================
+ Verbose Summary: Timing violations
============================================================
Target clock period: 10.000ns, clock uncertainty: 2.700ns.

 <State 1>: 4.412ns
The critical path consists of the following:
	'store' operation 0 bit ('store_ln219', serial_fft/fft_serial.cpp:219) of constant 0 on local variable 'i', serial_fft/fft_serial.cpp:219 [14]  (1.324 ns)
	'load' operation 11 bit ('x', serial_fft/fft_serial.cpp:219) on local variable 'i', serial_fft/fft_serial.cpp:219 [17]  (0.000 ns)
	'add' operation 11 bit ('add_ln219', serial_fft/fft_serial.cpp:219) [20]  (1.764 ns)
	'store' operation 0 bit ('store_ln219', serial_fft/fft_serial.cpp:219) of variable 'add_ln219', serial_fft/fft_serial.cpp:219 on local variable 'i', serial_fft/fft_serial.cpp:219 [54]  (1.324 ns)

 <State 2>: 7.300ns
The critical path consists of the following:
	bus request operation ('AXI_IN_load_req', serial_fft/fft_serial.cpp:222) on port 'AXI_IN' (serial_fft/fft_serial.cpp:222) [31]  (7.300 ns)

 <State 3>: 7.300ns
The critical path consists of the following:
	bus request operation ('AXI_IN_load_req', serial_fft/fft_serial.cpp:222) on port 'AXI_IN' (serial_fft/fft_serial.cpp:222) [31]  (7.300 ns)

 <State 4>: 7.300ns
The critical path consists of the following:
	bus request operation ('AXI_IN_load_req', serial_fft/fft_serial.cpp:222) on port 'AXI_IN' (serial_fft/fft_serial.cpp:222) [31]  (7.300 ns)

 <State 5>: 7.300ns
The critical path consists of the following:
	bus request operation ('AXI_IN_load_req', serial_fft/fft_serial.cpp:222) on port 'AXI_IN' (serial_fft/fft_serial.cpp:222) [31]  (7.300 ns)

 <State 6>: 7.300ns
The critical path consists of the following:
	bus request operation ('AXI_IN_load_req', serial_fft/fft_serial.cpp:222) on port 'AXI_IN' (serial_fft/fft_serial.cpp:222) [31]  (7.300 ns)

 <State 7>: 7.300ns
The critical path consists of the following:
	bus request operation ('AXI_IN_load_req', serial_fft/fft_serial.cpp:222) on port 'AXI_IN' (serial_fft/fft_serial.cpp:222) [31]  (7.300 ns)

 <State 8>: 7.300ns
The critical path consists of the following:
	bus request operation ('AXI_IN_load_req', serial_fft/fft_serial.cpp:222) on port 'AXI_IN' (serial_fft/fft_serial.cpp:222) [31]  (7.300 ns)

 <State 9>: 7.300ns
The critical path consists of the following:
	bus request operation ('AXI_IN_load_req', serial_fft/fft_serial.cpp:222) on port 'AXI_IN' (serial_fft/fft_serial.cpp:222) [31]  (7.300 ns)

 <State 10>: 7.300ns
The critical path consists of the following:
	bus read operation ('AXI_IN_addr_read', serial_fft/fft_serial.cpp:222) on port 'AXI_IN' (serial_fft/fft_serial.cpp:222) [32]  (7.300 ns)

 <State 11>: 7.300ns
The critical path consists of the following:
	bus read operation ('AXI_IN_addr_1_read', serial_fft/fft_serial.cpp:223) on port 'AXI_IN' (serial_fft/fft_serial.cpp:223) [40]  (7.300 ns)

 <State 12>: 2.772ns
The critical path consists of the following:
	'store' operation 0 bit ('store_ln223', serial_fft/fft_serial.cpp:223) of variable 'sext_ln223', serial_fft/fft_serial.cpp:223 on array 'im' [47]  (2.772 ns)


============================================================
+ Verbose Summary: Binding
============================================================
N/A
* FSMD analyzer results:
  - Output states:
 - Input state : 
  - Chain level:
	State 1
	State 2
	State 3
	State 4
	State 5
	State 6
	State 7
	State 8
	State 9
	State 10
	State 11
	State 12


============================================================
+ Verbose Summary: Datapath Resource usage 
============================================================
N/A
