

================================================================
== Vitis HLS Report for 'fft_serial_Pipeline_bfly_loop1'
================================================================
* Date:           Tue Jun 30 20:48:37 2026

* Version:        2023.2 (Build 4023990 on Oct 11 2023)
* Project:        serial_fft_hls
* Solution:       solution1 (Vivado IP Flow Target)
* Product family: artix7
* Target device:  xc7a200t-fbg676-2


================================================================
== Performance Estimates
================================================================
+ Timing: 
    * Summary: 
    +--------+----------+----------+------------+
    |  Clock |  Target  | Estimated| Uncertainty|
    +--------+----------+----------+------------+
    |ap_clk  |  10.00 ns|  9.098 ns|     2.70 ns|
    +--------+----------+----------+------------+

+ Latency: 
    * Summary: 
    +---------+---------+-----------+-----------+------+------+---------+
    |  Latency (cycles) |   Latency (absolute)  |   Interval  | Pipeline|
    |   min   |   max   |    min    |    max    |  min |  max |   Type  |
    +---------+---------+-----------+-----------+------+------+---------+
    |     3586|     3586|  35.860 us|  35.860 us|  3586|  3586|       no|
    +---------+---------+-----------+-----------+------+------+---------+

    + Detail: 
        * Instance: 
        N/A

        * Loop: 
        +-------------+---------+---------+----------+-----------+-----------+------+----------+
        |             |  Latency (cycles) | Iteration|  Initiation Interval  | Trip |          |
        |  Loop Name  |   min   |   max   |  Latency |  achieved |   target  | Count| Pipelined|
        +-------------+---------+---------+----------+-----------+-----------+------+----------+
        |- bfly_loop  |     3584|     3584|         7|          7|          1|   512|       yes|
        +-------------+---------+---------+----------+-----------+-----------+------+----------+

============================================================
+ Verbose Summary: Synthesis Manager
============================================================
InlineROM: 1
ExposeGlobal: 0
============================================================
+ Verbose Summary: CDFG Model
============================================================
IsTopModel: 0
ResetActiveHigh: 1
IsCombinational: 0
IsDatapathOnly: 0
HasWiredReturn: 1
HasMFsm: 2
HasVarLatency: 1
IsPipeline: 0
IsRtlPipelined: 0
IsInstanceOverlapped: 0
IsDontTouch: 0
HasImplIP: 0
IsGatedGlobalClock: 0

+ Individual pipeline summary: 
  * Pipeline-0: initiation interval (II) = 7, depth = 7


============================================================
+ Verbose Summary: Schedule
============================================================
* Number of FSM states : 7
* Pipeline : 1
  Pipeline-0 : II = 7, D = 7, States = { 1 2 3 4 5 6 7 }
* Dataflow Pipeline: 0

* FSM state transitions: 
1 --> 2 
2 --> 3 
3 --> 4 
4 --> 5 
5 --> 6 
6 --> 7 
7 --> 

* FSM state operations: 

State 1 <SV = 0> <Delay = 4.09>
ST_1 : Operation 10 [1/1] (0.00ns)   --->   "%bfly_1 = alloca i32 1" [serial_fft/fft_serial.cpp:132->serial_fft/fft_serial.cpp:242]   --->   Operation 10 'alloca' 'bfly_1' <Predicate = true> <Delay = 0.00>
ST_1 : Operation 11 [1/1] (0.00ns)   --->   "%clz_next_1_read = read i4 @_ssdm_op_Read.ap_auto.i4, i4 %clz_next_1"   --->   Operation 11 'read' 'clz_next_1_read' <Predicate = true> <Delay = 0.00>
ST_1 : Operation 12 [1/1] (1.32ns)   --->   "%store_ln132 = store i10 0, i10 %bfly_1" [serial_fft/fft_serial.cpp:132->serial_fft/fft_serial.cpp:242]   --->   Operation 12 'store' 'store_ln132' <Predicate = true> <Delay = 1.32>
ST_1 : Operation 13 [1/1] (0.00ns)   --->   "%br_ln0 = br void %for.body.i11170"   --->   Operation 13 'br' 'br_ln0' <Predicate = true> <Delay = 0.00>
ST_1 : Operation 14 [1/1] (0.00ns)   --->   "%bfly = load i10 %bfly_1" [serial_fft/fft_serial.cpp:132->serial_fft/fft_serial.cpp:242]   --->   Operation 14 'load' 'bfly' <Predicate = true> <Delay = 0.00>
ST_1 : Operation 15 [1/1] (1.74ns)   --->   "%icmp_ln132 = icmp_eq  i10 %bfly, i10 512" [serial_fft/fft_serial.cpp:132->serial_fft/fft_serial.cpp:242]   --->   Operation 15 'icmp' 'icmp_ln132' <Predicate = true> <Delay = 1.74> <CoreInst = "Cmp">   --->   Core 9 'Cmp' <Latency = 0> <II = 1> <Delay = 1.74> <FuncUnit> <Opcode : 'icmp'> <InPorts = 2> <OutPorts = 1>
ST_1 : Operation 16 [1/1] (1.74ns)   --->   "%bfly_12 = add i10 %bfly, i10 1" [serial_fft/fft_serial.cpp:132->serial_fft/fft_serial.cpp:242]   --->   Operation 16 'add' 'bfly_12' <Predicate = true> <Delay = 1.74> <CoreInst = "Adder">   --->   Core 1 'Adder' <Latency = 0> <II = 1> <Delay = 1.74> <FuncUnit> <Opcode : 'add' 'sub'> <InPorts = 2> <OutPorts = 1>
ST_1 : Operation 17 [1/1] (0.00ns)   --->   "%br_ln132 = br i1 %icmp_ln132, void %fpga_resource_hint._ZL12bfp_shift_166ap_intILi17EEi.exit.i11951.35, void %for.body42.i12380.preheader.exitStub" [serial_fft/fft_serial.cpp:132->serial_fft/fft_serial.cpp:242]   --->   Operation 17 'br' 'br_ln132' <Predicate = true> <Delay = 0.00>
ST_1 : Operation 18 [1/1] (0.00ns)   --->   "%trunc_ln132 = trunc i10 %bfly" [serial_fft/fft_serial.cpp:132->serial_fft/fft_serial.cpp:242]   --->   Operation 18 'trunc' 'trunc_ln132' <Predicate = (!icmp_ln132)> <Delay = 0.00>
ST_1 : Operation 19 [1/1] (0.00ns)   --->   "%j = trunc i10 %bfly" [serial_fft/fft_serial.cpp:132->serial_fft/fft_serial.cpp:242]   --->   Operation 19 'trunc' 'j' <Predicate = (!icmp_ln132)> <Delay = 0.00>
ST_1 : Operation 20 [1/1] (0.00ns)   --->   "%tmp_1 = partselect i8 @_ssdm_op_PartSelect.i8.i10.i32.i32, i10 %bfly, i32 1, i32 8" [serial_fft/fft_serial.cpp:140->serial_fft/fft_serial.cpp:242]   --->   Operation 20 'partselect' 'tmp_1' <Predicate = (!icmp_ln132)> <Delay = 0.00>
ST_1 : Operation 21 [1/1] (0.00ns)   --->   "%and_ln1 = bitconcatenate i9 @_ssdm_op_BitConcatenate.i9.i8.i1, i8 %tmp_1, i1 0" [serial_fft/fft_serial.cpp:140->serial_fft/fft_serial.cpp:242]   --->   Operation 21 'bitconcatenate' 'and_ln1' <Predicate = (!icmp_ln132)> <Delay = 0.00>
ST_1 : Operation 22 [1/1] (0.00ns)   --->   "%zext_ln140 = zext i9 %and_ln1" [serial_fft/fft_serial.cpp:140->serial_fft/fft_serial.cpp:242]   --->   Operation 22 'zext' 'zext_ln140' <Predicate = (!icmp_ln132)> <Delay = 0.00>
ST_1 : Operation 23 [1/1] (0.00ns)   --->   "%or_ln141 = or i9 %trunc_ln132, i9 1" [serial_fft/fft_serial.cpp:141->serial_fft/fft_serial.cpp:242]   --->   Operation 23 'or' 'or_ln141' <Predicate = (!icmp_ln132)> <Delay = 0.00>
ST_1 : Operation 24 [1/1] (0.00ns)   --->   "%zext_ln141 = zext i9 %or_ln141" [serial_fft/fft_serial.cpp:141->serial_fft/fft_serial.cpp:242]   --->   Operation 24 'zext' 'zext_ln141' <Predicate = (!icmp_ln132)> <Delay = 0.00>
ST_1 : Operation 25 [1/1] (0.00ns)   --->   "%re_addr_3 = getelementptr i17 %re, i64 0, i64 %zext_ln140" [serial_fft/fft_serial.cpp:145->serial_fft/fft_serial.cpp:242]   --->   Operation 25 'getelementptr' 're_addr_3' <Predicate = (!icmp_ln132)> <Delay = 0.00>
ST_1 : Operation 26 [1/1] (0.00ns)   --->   "%re_1_addr_3 = getelementptr i17 %re_1, i64 0, i64 %zext_ln140" [serial_fft/fft_serial.cpp:145->serial_fft/fft_serial.cpp:242]   --->   Operation 26 'getelementptr' 're_1_addr_3' <Predicate = (!icmp_ln132)> <Delay = 0.00>
ST_1 : Operation 27 [2/2] (2.77ns)   --->   "%re_load_1 = load i9 %re_addr_3" [serial_fft/fft_serial.cpp:145->serial_fft/fft_serial.cpp:242]   --->   Operation 27 'load' 're_load_1' <Predicate = (!icmp_ln132)> <Delay = 2.77> <CoreInst = "RAM">   --->   Core 82 'RAM' <Latency = 1> <II = 1> <Delay = 2.77> <Storage> <Opcode : 'load' 'store'> <Ports = 2> <Width = 17> <Depth = 512> <RAM>
ST_1 : Operation 28 [2/2] (2.77ns)   --->   "%re_1_load_1 = load i9 %re_1_addr_3" [serial_fft/fft_serial.cpp:145->serial_fft/fft_serial.cpp:242]   --->   Operation 28 'load' 're_1_load_1' <Predicate = (!icmp_ln132)> <Delay = 2.77> <CoreInst = "RAM">   --->   Core 82 'RAM' <Latency = 1> <II = 1> <Delay = 2.77> <Storage> <Opcode : 'load' 'store'> <Ports = 2> <Width = 17> <Depth = 512> <RAM>
ST_1 : Operation 29 [1/1] (1.49ns)   --->   "%icmp_ln21 = icmp_eq  i4 %clz_next_1_read, i4 7" [serial_fft/fft_serial.cpp:21->serial_fft/fft_serial.cpp:145->serial_fft/fft_serial.cpp:242]   --->   Operation 29 'icmp' 'icmp_ln21' <Predicate = (!icmp_ln132)> <Delay = 1.49> <CoreInst = "Cmp">   --->   Core 9 'Cmp' <Latency = 0> <II = 1> <Delay = 1.49> <FuncUnit> <Opcode : 'icmp'> <InPorts = 2> <OutPorts = 1>
ST_1 : Operation 30 [1/1] (1.49ns)   --->   "%icmp_ln21_1 = icmp_eq  i4 %clz_next_1_read, i4 6" [serial_fft/fft_serial.cpp:21->serial_fft/fft_serial.cpp:145->serial_fft/fft_serial.cpp:242]   --->   Operation 30 'icmp' 'icmp_ln21_1' <Predicate = (!icmp_ln132)> <Delay = 1.49> <CoreInst = "Cmp">   --->   Core 9 'Cmp' <Latency = 0> <II = 1> <Delay = 1.49> <FuncUnit> <Opcode : 'icmp'> <InPorts = 2> <OutPorts = 1>
ST_1 : Operation 31 [1/1] (1.49ns)   --->   "%icmp_ln21_2 = icmp_eq  i4 %clz_next_1_read, i4 5" [serial_fft/fft_serial.cpp:21->serial_fft/fft_serial.cpp:145->serial_fft/fft_serial.cpp:242]   --->   Operation 31 'icmp' 'icmp_ln21_2' <Predicate = (!icmp_ln132)> <Delay = 1.49> <CoreInst = "Cmp">   --->   Core 9 'Cmp' <Latency = 0> <II = 1> <Delay = 1.49> <FuncUnit> <Opcode : 'icmp'> <InPorts = 2> <OutPorts = 1>
ST_1 : Operation 32 [1/1] (1.49ns)   --->   "%icmp_ln21_3 = icmp_eq  i4 %clz_next_1_read, i4 4" [serial_fft/fft_serial.cpp:21->serial_fft/fft_serial.cpp:145->serial_fft/fft_serial.cpp:242]   --->   Operation 32 'icmp' 'icmp_ln21_3' <Predicate = (!icmp_ln132)> <Delay = 1.49> <CoreInst = "Cmp">   --->   Core 9 'Cmp' <Latency = 0> <II = 1> <Delay = 1.49> <FuncUnit> <Opcode : 'icmp'> <InPorts = 2> <OutPorts = 1>
ST_1 : Operation 33 [1/1] (1.49ns)   --->   "%icmp_ln21_4 = icmp_eq  i4 %clz_next_1_read, i4 3" [serial_fft/fft_serial.cpp:21->serial_fft/fft_serial.cpp:145->serial_fft/fft_serial.cpp:242]   --->   Operation 33 'icmp' 'icmp_ln21_4' <Predicate = (!icmp_ln132)> <Delay = 1.49> <CoreInst = "Cmp">   --->   Core 9 'Cmp' <Latency = 0> <II = 1> <Delay = 1.49> <FuncUnit> <Opcode : 'icmp'> <InPorts = 2> <OutPorts = 1>
ST_1 : Operation 34 [1/1] (1.49ns)   --->   "%icmp_ln21_5 = icmp_eq  i4 %clz_next_1_read, i4 2" [serial_fft/fft_serial.cpp:21->serial_fft/fft_serial.cpp:145->serial_fft/fft_serial.cpp:242]   --->   Operation 34 'icmp' 'icmp_ln21_5' <Predicate = (!icmp_ln132)> <Delay = 1.49> <CoreInst = "Cmp">   --->   Core 9 'Cmp' <Latency = 0> <II = 1> <Delay = 1.49> <FuncUnit> <Opcode : 'icmp'> <InPorts = 2> <OutPorts = 1>
ST_1 : Operation 35 [1/1] (0.00ns) (grouped into LUT with out node select_ln21_3)   --->   "%select_ln21 = select i1 %icmp_ln21_5, i3 1, i3 2" [serial_fft/fft_serial.cpp:21->serial_fft/fft_serial.cpp:145->serial_fft/fft_serial.cpp:242]   --->   Operation 35 'select' 'select_ln21' <Predicate = (!icmp_ln132)> <Delay = 0.00> <CoreInst = "Sel">   --->   Core 73 'Sel' <Latency = 0> <II = 1> <Delay = 0.79> <FuncUnit> <Opcode : 'select'> <InPorts = 3> <OutPorts = 1>
ST_1 : Operation 36 [1/1] (0.80ns)   --->   "%or_ln21 = or i1 %icmp_ln21_5, i1 %icmp_ln21_4" [serial_fft/fft_serial.cpp:21->serial_fft/fft_serial.cpp:145->serial_fft/fft_serial.cpp:242]   --->   Operation 36 'or' 'or_ln21' <Predicate = (!icmp_ln132)> <Delay = 0.80> <CoreInst = "LogicGate">   --->   Core 74 'LogicGate' <Latency = 0> <II = 1> <Delay = 0.80> <FuncUnit> <Opcode : 'and' 'or' 'xor'> <InPorts = 2> <OutPorts = 1>
ST_1 : Operation 37 [1/1] (0.00ns) (grouped into LUT with out node select_ln21_3)   --->   "%select_ln21_1 = select i1 %icmp_ln21_3, i3 3, i3 4" [serial_fft/fft_serial.cpp:21->serial_fft/fft_serial.cpp:145->serial_fft/fft_serial.cpp:242]   --->   Operation 37 'select' 'select_ln21_1' <Predicate = (!icmp_ln132)> <Delay = 0.00> <CoreInst = "Sel">   --->   Core 73 'Sel' <Latency = 0> <II = 1> <Delay = 0.79> <FuncUnit> <Opcode : 'select'> <InPorts = 3> <OutPorts = 1>
ST_1 : Operation 38 [1/1] (0.00ns) (grouped into LUT with out node select_ln21_5)   --->   "%or_ln21_1 = or i1 %icmp_ln21_3, i1 %icmp_ln21_2" [serial_fft/fft_serial.cpp:21->serial_fft/fft_serial.cpp:145->serial_fft/fft_serial.cpp:242]   --->   Operation 38 'or' 'or_ln21_1' <Predicate = (!icmp_ln132)> <Delay = 0.00> <CoreInst = "LogicGate">   --->   Core 74 'LogicGate' <Latency = 0> <II = 1> <Delay = 0.80> <FuncUnit> <Opcode : 'and' 'or' 'xor'> <InPorts = 2> <OutPorts = 1>
ST_1 : Operation 39 [1/1] (0.00ns) (grouped into LUT with out node select_ln21_4)   --->   "%select_ln21_2 = select i1 %icmp_ln21_1, i3 5, i3 6" [serial_fft/fft_serial.cpp:21->serial_fft/fft_serial.cpp:145->serial_fft/fft_serial.cpp:242]   --->   Operation 39 'select' 'select_ln21_2' <Predicate = (!icmp_ln132)> <Delay = 0.00> <CoreInst = "Sel">   --->   Core 73 'Sel' <Latency = 0> <II = 1> <Delay = 0.79> <FuncUnit> <Opcode : 'select'> <InPorts = 3> <OutPorts = 1>
ST_1 : Operation 40 [1/1] (0.00ns) (grouped into LUT with out node select_ln21_4)   --->   "%or_ln21_2 = or i1 %icmp_ln21_1, i1 %icmp_ln21" [serial_fft/fft_serial.cpp:21->serial_fft/fft_serial.cpp:145->serial_fft/fft_serial.cpp:242]   --->   Operation 40 'or' 'or_ln21_2' <Predicate = (!icmp_ln132)> <Delay = 0.00> <CoreInst = "LogicGate">   --->   Core 74 'LogicGate' <Latency = 0> <II = 1> <Delay = 0.80> <FuncUnit> <Opcode : 'and' 'or' 'xor'> <InPorts = 2> <OutPorts = 1>
ST_1 : Operation 41 [1/1] (0.79ns) (out node of the LUT)   --->   "%select_ln21_3 = select i1 %or_ln21, i3 %select_ln21, i3 %select_ln21_1" [serial_fft/fft_serial.cpp:21->serial_fft/fft_serial.cpp:145->serial_fft/fft_serial.cpp:242]   --->   Operation 41 'select' 'select_ln21_3' <Predicate = (!icmp_ln132)> <Delay = 0.79> <CoreInst = "Sel">   --->   Core 73 'Sel' <Latency = 0> <II = 1> <Delay = 0.79> <FuncUnit> <Opcode : 'select'> <InPorts = 3> <OutPorts = 1>
ST_1 : Operation 42 [1/1] (0.00ns) (grouped into LUT with out node select_ln21_5)   --->   "%or_ln21_3 = or i1 %or_ln21, i1 %or_ln21_1" [serial_fft/fft_serial.cpp:21->serial_fft/fft_serial.cpp:145->serial_fft/fft_serial.cpp:242]   --->   Operation 42 'or' 'or_ln21_3' <Predicate = (!icmp_ln132)> <Delay = 0.00> <CoreInst = "LogicGate">   --->   Core 74 'LogicGate' <Latency = 0> <II = 1> <Delay = 0.80> <FuncUnit> <Opcode : 'and' 'or' 'xor'> <InPorts = 2> <OutPorts = 1>
ST_1 : Operation 43 [1/1] (0.80ns) (out node of the LUT)   --->   "%select_ln21_4 = select i1 %or_ln21_2, i3 %select_ln21_2, i3 7" [serial_fft/fft_serial.cpp:21->serial_fft/fft_serial.cpp:145->serial_fft/fft_serial.cpp:242]   --->   Operation 43 'select' 'select_ln21_4' <Predicate = (!icmp_ln132)> <Delay = 0.80> <CoreInst = "Sel">   --->   Core 73 'Sel' <Latency = 0> <II = 1> <Delay = 0.79> <FuncUnit> <Opcode : 'select'> <InPorts = 3> <OutPorts = 1>
ST_1 : Operation 44 [1/1] (0.80ns) (out node of the LUT)   --->   "%select_ln21_5 = select i1 %or_ln21_3, i3 %select_ln21_3, i3 %select_ln21_4" [serial_fft/fft_serial.cpp:21->serial_fft/fft_serial.cpp:145->serial_fft/fft_serial.cpp:242]   --->   Operation 44 'select' 'select_ln21_5' <Predicate = (!icmp_ln132)> <Delay = 0.80> <CoreInst = "Sel">   --->   Core 73 'Sel' <Latency = 0> <II = 1> <Delay = 0.79> <FuncUnit> <Opcode : 'select'> <InPorts = 3> <OutPorts = 1>
ST_1 : Operation 45 [1/1] (1.49ns)   --->   "%icmp_ln21_6 = icmp_eq  i4 %clz_next_1_read, i4 1" [serial_fft/fft_serial.cpp:21->serial_fft/fft_serial.cpp:145->serial_fft/fft_serial.cpp:242]   --->   Operation 45 'icmp' 'icmp_ln21_6' <Predicate = (!icmp_ln132)> <Delay = 1.49> <CoreInst = "Cmp">   --->   Core 9 'Cmp' <Latency = 0> <II = 1> <Delay = 1.49> <FuncUnit> <Opcode : 'icmp'> <InPorts = 2> <OutPorts = 1>
ST_1 : Operation 46 [1/1] (1.49ns)   --->   "%icmp_ln21_7 = icmp_eq  i4 %clz_next_1_read, i4 0" [serial_fft/fft_serial.cpp:21->serial_fft/fft_serial.cpp:145->serial_fft/fft_serial.cpp:242]   --->   Operation 46 'icmp' 'icmp_ln21_7' <Predicate = (!icmp_ln132)> <Delay = 1.49> <CoreInst = "Cmp">   --->   Core 9 'Cmp' <Latency = 0> <II = 1> <Delay = 1.49> <FuncUnit> <Opcode : 'icmp'> <InPorts = 2> <OutPorts = 1>
ST_1 : Operation 47 [1/1] (0.00ns)   --->   "%im_addr_4 = getelementptr i17 %im, i64 0, i64 %zext_ln140" [serial_fft/fft_serial.cpp:146->serial_fft/fft_serial.cpp:242]   --->   Operation 47 'getelementptr' 'im_addr_4' <Predicate = (!icmp_ln132)> <Delay = 0.00>
ST_1 : Operation 48 [1/1] (0.00ns)   --->   "%im_1_addr_4 = getelementptr i17 %im_1, i64 0, i64 %zext_ln140" [serial_fft/fft_serial.cpp:146->serial_fft/fft_serial.cpp:242]   --->   Operation 48 'getelementptr' 'im_1_addr_4' <Predicate = (!icmp_ln132)> <Delay = 0.00>
ST_1 : Operation 49 [2/2] (2.77ns)   --->   "%im_load_2 = load i9 %im_addr_4" [serial_fft/fft_serial.cpp:146->serial_fft/fft_serial.cpp:242]   --->   Operation 49 'load' 'im_load_2' <Predicate = (!icmp_ln132)> <Delay = 2.77> <CoreInst = "RAM">   --->   Core 82 'RAM' <Latency = 1> <II = 1> <Delay = 2.77> <Storage> <Opcode : 'load' 'store'> <Ports = 2> <Width = 17> <Depth = 512> <RAM>
ST_1 : Operation 50 [2/2] (2.77ns)   --->   "%im_1_load_2 = load i9 %im_1_addr_4" [serial_fft/fft_serial.cpp:146->serial_fft/fft_serial.cpp:242]   --->   Operation 50 'load' 'im_1_load_2' <Predicate = (!icmp_ln132)> <Delay = 2.77> <CoreInst = "RAM">   --->   Core 82 'RAM' <Latency = 1> <II = 1> <Delay = 2.77> <Storage> <Opcode : 'load' 'store'> <Ports = 2> <Width = 17> <Depth = 512> <RAM>
ST_1 : Operation 51 [1/1] (0.00ns)   --->   "%re_addr_5 = getelementptr i17 %re, i64 0, i64 %zext_ln141" [serial_fft/fft_serial.cpp:147->serial_fft/fft_serial.cpp:242]   --->   Operation 51 'getelementptr' 're_addr_5' <Predicate = (!icmp_ln132)> <Delay = 0.00>
ST_1 : Operation 52 [1/1] (0.00ns)   --->   "%re_1_addr_5 = getelementptr i17 %re_1, i64 0, i64 %zext_ln141" [serial_fft/fft_serial.cpp:147->serial_fft/fft_serial.cpp:242]   --->   Operation 52 'getelementptr' 're_1_addr_5' <Predicate = (!icmp_ln132)> <Delay = 0.00>
ST_1 : Operation 53 [2/2] (2.77ns)   --->   "%re_load_3 = load i9 %re_addr_5" [serial_fft/fft_serial.cpp:147->serial_fft/fft_serial.cpp:242]   --->   Operation 53 'load' 're_load_3' <Predicate = (!icmp_ln132)> <Delay = 2.77> <CoreInst = "RAM">   --->   Core 82 'RAM' <Latency = 1> <II = 1> <Delay = 2.77> <Storage> <Opcode : 'load' 'store'> <Ports = 2> <Width = 17> <Depth = 512> <RAM>
ST_1 : Operation 54 [2/2] (2.77ns)   --->   "%re_1_load_3 = load i9 %re_1_addr_5" [serial_fft/fft_serial.cpp:147->serial_fft/fft_serial.cpp:242]   --->   Operation 54 'load' 're_1_load_3' <Predicate = (!icmp_ln132)> <Delay = 2.77> <CoreInst = "RAM">   --->   Core 82 'RAM' <Latency = 1> <II = 1> <Delay = 2.77> <Storage> <Opcode : 'load' 'store'> <Ports = 2> <Width = 17> <Depth = 512> <RAM>
ST_1 : Operation 55 [1/1] (0.00ns)   --->   "%im_addr_5 = getelementptr i17 %im, i64 0, i64 %zext_ln141" [serial_fft/fft_serial.cpp:148->serial_fft/fft_serial.cpp:242]   --->   Operation 55 'getelementptr' 'im_addr_5' <Predicate = (!icmp_ln132)> <Delay = 0.00>
ST_1 : Operation 56 [1/1] (0.00ns)   --->   "%im_1_addr_5 = getelementptr i17 %im_1, i64 0, i64 %zext_ln141" [serial_fft/fft_serial.cpp:148->serial_fft/fft_serial.cpp:242]   --->   Operation 56 'getelementptr' 'im_1_addr_5' <Predicate = (!icmp_ln132)> <Delay = 0.00>
ST_1 : Operation 57 [2/2] (2.77ns)   --->   "%im_load_3 = load i9 %im_addr_5" [serial_fft/fft_serial.cpp:148->serial_fft/fft_serial.cpp:242]   --->   Operation 57 'load' 'im_load_3' <Predicate = (!icmp_ln132)> <Delay = 2.77> <CoreInst = "RAM">   --->   Core 82 'RAM' <Latency = 1> <II = 1> <Delay = 2.77> <Storage> <Opcode : 'load' 'store'> <Ports = 2> <Width = 17> <Depth = 512> <RAM>
ST_1 : Operation 58 [2/2] (2.77ns)   --->   "%im_1_load_3 = load i9 %im_1_addr_5" [serial_fft/fft_serial.cpp:148->serial_fft/fft_serial.cpp:242]   --->   Operation 58 'load' 'im_1_load_3' <Predicate = (!icmp_ln132)> <Delay = 2.77> <CoreInst = "RAM">   --->   Core 82 'RAM' <Latency = 1> <II = 1> <Delay = 2.77> <Storage> <Opcode : 'load' 'store'> <Ports = 2> <Width = 17> <Depth = 512> <RAM>
ST_1 : Operation 170 [1/1] (0.00ns)   --->   "%ret_ln0 = ret"   --->   Operation 170 'ret' 'ret_ln0' <Predicate = (icmp_ln132)> <Delay = 0.00>

State 2 <SV = 1> <Delay = 9.09>
ST_2 : Operation 59 [1/2] (2.77ns)   --->   "%re_load_1 = load i9 %re_addr_3" [serial_fft/fft_serial.cpp:145->serial_fft/fft_serial.cpp:242]   --->   Operation 59 'load' 're_load_1' <Predicate = true> <Delay = 2.77> <CoreInst = "RAM">   --->   Core 82 'RAM' <Latency = 1> <II = 1> <Delay = 2.77> <Storage> <Opcode : 'load' 'store'> <Ports = 2> <Width = 17> <Depth = 512> <RAM>
ST_2 : Operation 60 [1/2] (2.77ns)   --->   "%re_1_load_1 = load i9 %re_1_addr_3" [serial_fft/fft_serial.cpp:145->serial_fft/fft_serial.cpp:242]   --->   Operation 60 'load' 're_1_load_1' <Predicate = true> <Delay = 2.77> <CoreInst = "RAM">   --->   Core 82 'RAM' <Latency = 1> <II = 1> <Delay = 2.77> <Storage> <Opcode : 'load' 'store'> <Ports = 2> <Width = 17> <Depth = 512> <RAM>
ST_2 : Operation 61 [1/1] (0.00ns)   --->   "%zext_ln21 = zext i3 %select_ln21_5" [serial_fft/fft_serial.cpp:21->serial_fft/fft_serial.cpp:145->serial_fft/fft_serial.cpp:242]   --->   Operation 61 'zext' 'zext_ln21' <Predicate = true> <Delay = 0.00>
ST_2 : Operation 62 [1/2] (2.77ns)   --->   "%im_load_2 = load i9 %im_addr_4" [serial_fft/fft_serial.cpp:146->serial_fft/fft_serial.cpp:242]   --->   Operation 62 'load' 'im_load_2' <Predicate = true> <Delay = 2.77> <CoreInst = "RAM">   --->   Core 82 'RAM' <Latency = 1> <II = 1> <Delay = 2.77> <Storage> <Opcode : 'load' 'store'> <Ports = 2> <Width = 17> <Depth = 512> <RAM>
ST_2 : Operation 63 [1/2] (2.77ns)   --->   "%im_1_load_2 = load i9 %im_1_addr_4" [serial_fft/fft_serial.cpp:146->serial_fft/fft_serial.cpp:242]   --->   Operation 63 'load' 'im_1_load_2' <Predicate = true> <Delay = 2.77> <CoreInst = "RAM">   --->   Core 82 'RAM' <Latency = 1> <II = 1> <Delay = 2.77> <Storage> <Opcode : 'load' 'store'> <Ports = 2> <Width = 17> <Depth = 512> <RAM>
ST_2 : Operation 64 [1/2] (2.77ns)   --->   "%re_load_3 = load i9 %re_addr_5" [serial_fft/fft_serial.cpp:147->serial_fft/fft_serial.cpp:242]   --->   Operation 64 'load' 're_load_3' <Predicate = true> <Delay = 2.77> <CoreInst = "RAM">   --->   Core 82 'RAM' <Latency = 1> <II = 1> <Delay = 2.77> <Storage> <Opcode : 'load' 'store'> <Ports = 2> <Width = 17> <Depth = 512> <RAM>
ST_2 : Operation 65 [1/2] (2.77ns)   --->   "%re_1_load_3 = load i9 %re_1_addr_5" [serial_fft/fft_serial.cpp:147->serial_fft/fft_serial.cpp:242]   --->   Operation 65 'load' 're_1_load_3' <Predicate = true> <Delay = 2.77> <CoreInst = "RAM">   --->   Core 82 'RAM' <Latency = 1> <II = 1> <Delay = 2.77> <Storage> <Opcode : 'load' 'store'> <Ports = 2> <Width = 17> <Depth = 512> <RAM>
ST_2 : Operation 66 [1/1] (0.94ns)   --->   "%v_10 = select i1 %j, i17 %re_1_load_3, i17 %re_load_3" [serial_fft/fft_serial.cpp:132->serial_fft/fft_serial.cpp:242]   --->   Operation 66 'select' 'v_10' <Predicate = true> <Delay = 0.94> <CoreInst = "Sel">   --->   Core 73 'Sel' <Latency = 0> <II = 1> <Delay = 0.94> <FuncUnit> <Opcode : 'select'> <InPorts = 3> <OutPorts = 1>
ST_2 : Operation 67 [1/1] (0.00ns)   --->   "%trunc_ln19_26 = trunc i17 %v_10" [serial_fft/fft_serial.cpp:19->serial_fft/fft_serial.cpp:147->serial_fft/fft_serial.cpp:242]   --->   Operation 67 'trunc' 'trunc_ln19_26' <Predicate = (icmp_ln21_7)> <Delay = 0.00>
ST_2 : Operation 68 [1/1] (0.00ns)   --->   "%b_re = trunc i17 %v_10" [serial_fft/fft_serial.cpp:34->serial_fft/fft_serial.cpp:147->serial_fft/fft_serial.cpp:242]   --->   Operation 68 'trunc' 'b_re' <Predicate = (!icmp_ln21_7)> <Delay = 0.00>
ST_2 : Operation 69 [1/1] (1.20ns)   --->   "%icmp_ln24_2 = icmp_eq  i2 %trunc_ln19_26, i2 3" [serial_fft/fft_serial.cpp:24->serial_fft/fft_serial.cpp:147->serial_fft/fft_serial.cpp:242]   --->   Operation 69 'icmp' 'icmp_ln24_2' <Predicate = (icmp_ln21_7)> <Delay = 1.20> <CoreInst = "Cmp">   --->   Core 9 'Cmp' <Latency = 0> <II = 1> <Delay = 1.20> <FuncUnit> <Opcode : 'icmp'> <InPorts = 2> <OutPorts = 1>
ST_2 : Operation 70 [1/1] (0.00ns)   --->   "%zext_ln24_2 = zext i1 %icmp_ln24_2" [serial_fft/fft_serial.cpp:24->serial_fft/fft_serial.cpp:147->serial_fft/fft_serial.cpp:242]   --->   Operation 70 'zext' 'zext_ln24_2' <Predicate = (icmp_ln21_7)> <Delay = 0.00>
ST_2 : Operation 71 [1/1] (1.86ns)   --->   "%rounded_28 = add i17 %v_10, i17 %zext_ln24_2" [serial_fft/fft_serial.cpp:24->serial_fft/fft_serial.cpp:147->serial_fft/fft_serial.cpp:242]   --->   Operation 71 'add' 'rounded_28' <Predicate = (icmp_ln21_7)> <Delay = 1.86> <CoreInst = "Adder">   --->   Core 1 'Adder' <Latency = 0> <II = 1> <Delay = 1.86> <FuncUnit> <Opcode : 'add' 'sub'> <InPorts = 2> <OutPorts = 1>
ST_2 : Operation 72 [1/1] (0.00ns) (grouped into LUT with out node b_re_37)   --->   "%b_re_1 = partselect i16 @_ssdm_op_PartSelect.i16.i17.i32.i32, i17 %rounded_28, i32 1, i32 16" [serial_fft/fft_serial.cpp:25->serial_fft/fft_serial.cpp:147->serial_fft/fft_serial.cpp:242]   --->   Operation 72 'partselect' 'b_re_1' <Predicate = (icmp_ln21_7)> <Delay = 0.00>
ST_2 : Operation 73 [1/1] (2.98ns)   --->   "%b_re_35 = shl i16 %b_re, i16 %zext_ln21" [serial_fft/fft_serial.cpp:21->serial_fft/fft_serial.cpp:147->serial_fft/fft_serial.cpp:242]   --->   Operation 73 'shl' 'b_re_35' <Predicate = (!icmp_ln21_7 & !icmp_ln21_6)> <Delay = 2.98> <CoreInst = "Shifter">   --->   Core 75 'Shifter' <Latency = 0> <II = 1> <Delay = 2.98> <FuncUnit> <Opcode : 'shl' 'lshr' 'ashr'> <InPorts = 2> <OutPorts = 1>
ST_2 : Operation 74 [1/1] (0.00ns) (grouped into LUT with out node b_re_37)   --->   "%b_re_36 = select i1 %icmp_ln21_6, i16 %b_re, i16 %b_re_35" [serial_fft/fft_serial.cpp:21->serial_fft/fft_serial.cpp:147->serial_fft/fft_serial.cpp:242]   --->   Operation 74 'select' 'b_re_36' <Predicate = (!icmp_ln21_7)> <Delay = 0.00> <CoreInst = "Sel">   --->   Core 73 'Sel' <Latency = 0> <II = 1> <Delay = 1.06> <FuncUnit> <Opcode : 'select'> <InPorts = 3> <OutPorts = 1>
ST_2 : Operation 75 [1/1] (1.06ns) (out node of the LUT)   --->   "%b_re_37 = select i1 %icmp_ln21_7, i16 %b_re_1, i16 %b_re_36" [serial_fft/fft_serial.cpp:21->serial_fft/fft_serial.cpp:147->serial_fft/fft_serial.cpp:242]   --->   Operation 75 'select' 'b_re_37' <Predicate = true> <Delay = 1.06> <CoreInst = "Sel">   --->   Core 73 'Sel' <Latency = 0> <II = 1> <Delay = 1.06> <FuncUnit> <Opcode : 'select'> <InPorts = 3> <OutPorts = 1>
ST_2 : Operation 76 [1/2] (2.77ns)   --->   "%im_load_3 = load i9 %im_addr_5" [serial_fft/fft_serial.cpp:148->serial_fft/fft_serial.cpp:242]   --->   Operation 76 'load' 'im_load_3' <Predicate = true> <Delay = 2.77> <CoreInst = "RAM">   --->   Core 82 'RAM' <Latency = 1> <II = 1> <Delay = 2.77> <Storage> <Opcode : 'load' 'store'> <Ports = 2> <Width = 17> <Depth = 512> <RAM>
ST_2 : Operation 77 [1/2] (2.77ns)   --->   "%im_1_load_3 = load i9 %im_1_addr_5" [serial_fft/fft_serial.cpp:148->serial_fft/fft_serial.cpp:242]   --->   Operation 77 'load' 'im_1_load_3' <Predicate = true> <Delay = 2.77> <CoreInst = "RAM">   --->   Core 82 'RAM' <Latency = 1> <II = 1> <Delay = 2.77> <Storage> <Opcode : 'load' 'store'> <Ports = 2> <Width = 17> <Depth = 512> <RAM>
ST_2 : Operation 78 [1/1] (0.94ns)   --->   "%v_11 = select i1 %j, i17 %im_1_load_3, i17 %im_load_3" [serial_fft/fft_serial.cpp:132->serial_fft/fft_serial.cpp:242]   --->   Operation 78 'select' 'v_11' <Predicate = true> <Delay = 0.94> <CoreInst = "Sel">   --->   Core 73 'Sel' <Latency = 0> <II = 1> <Delay = 0.94> <FuncUnit> <Opcode : 'select'> <InPorts = 3> <OutPorts = 1>
ST_2 : Operation 79 [1/1] (0.00ns)   --->   "%trunc_ln19_27 = trunc i17 %v_11" [serial_fft/fft_serial.cpp:19->serial_fft/fft_serial.cpp:148->serial_fft/fft_serial.cpp:242]   --->   Operation 79 'trunc' 'trunc_ln19_27' <Predicate = (icmp_ln21_7)> <Delay = 0.00>
ST_2 : Operation 80 [1/1] (0.00ns)   --->   "%b_im = trunc i17 %v_11" [serial_fft/fft_serial.cpp:34->serial_fft/fft_serial.cpp:148->serial_fft/fft_serial.cpp:242]   --->   Operation 80 'trunc' 'b_im' <Predicate = (!icmp_ln21_7)> <Delay = 0.00>
ST_2 : Operation 81 [1/1] (1.20ns)   --->   "%icmp_ln24_3 = icmp_eq  i2 %trunc_ln19_27, i2 3" [serial_fft/fft_serial.cpp:24->serial_fft/fft_serial.cpp:148->serial_fft/fft_serial.cpp:242]   --->   Operation 81 'icmp' 'icmp_ln24_3' <Predicate = (icmp_ln21_7)> <Delay = 1.20> <CoreInst = "Cmp">   --->   Core 9 'Cmp' <Latency = 0> <II = 1> <Delay = 1.20> <FuncUnit> <Opcode : 'icmp'> <InPorts = 2> <OutPorts = 1>
ST_2 : Operation 82 [1/1] (0.00ns)   --->   "%zext_ln24_3 = zext i1 %icmp_ln24_3" [serial_fft/fft_serial.cpp:24->serial_fft/fft_serial.cpp:148->serial_fft/fft_serial.cpp:242]   --->   Operation 82 'zext' 'zext_ln24_3' <Predicate = (icmp_ln21_7)> <Delay = 0.00>
ST_2 : Operation 83 [1/1] (1.86ns)   --->   "%rounded_29 = add i17 %v_11, i17 %zext_ln24_3" [serial_fft/fft_serial.cpp:24->serial_fft/fft_serial.cpp:148->serial_fft/fft_serial.cpp:242]   --->   Operation 83 'add' 'rounded_29' <Predicate = (icmp_ln21_7)> <Delay = 1.86> <CoreInst = "Adder">   --->   Core 1 'Adder' <Latency = 0> <II = 1> <Delay = 1.86> <FuncUnit> <Opcode : 'add' 'sub'> <InPorts = 2> <OutPorts = 1>
ST_2 : Operation 84 [1/1] (0.00ns) (grouped into LUT with out node b_im_37)   --->   "%b_im_1 = partselect i16 @_ssdm_op_PartSelect.i16.i17.i32.i32, i17 %rounded_29, i32 1, i32 16" [serial_fft/fft_serial.cpp:25->serial_fft/fft_serial.cpp:148->serial_fft/fft_serial.cpp:242]   --->   Operation 84 'partselect' 'b_im_1' <Predicate = (icmp_ln21_7)> <Delay = 0.00>
ST_2 : Operation 85 [1/1] (2.98ns)   --->   "%b_im_35 = shl i16 %b_im, i16 %zext_ln21" [serial_fft/fft_serial.cpp:21->serial_fft/fft_serial.cpp:148->serial_fft/fft_serial.cpp:242]   --->   Operation 85 'shl' 'b_im_35' <Predicate = (!icmp_ln21_7 & !icmp_ln21_6)> <Delay = 2.98> <CoreInst = "Shifter">   --->   Core 75 'Shifter' <Latency = 0> <II = 1> <Delay = 2.98> <FuncUnit> <Opcode : 'shl' 'lshr' 'ashr'> <InPorts = 2> <OutPorts = 1>
ST_2 : Operation 86 [1/1] (0.00ns) (grouped into LUT with out node b_im_37)   --->   "%b_im_36 = select i1 %icmp_ln21_6, i16 %b_im, i16 %b_im_35" [serial_fft/fft_serial.cpp:21->serial_fft/fft_serial.cpp:148->serial_fft/fft_serial.cpp:242]   --->   Operation 86 'select' 'b_im_36' <Predicate = (!icmp_ln21_7)> <Delay = 0.00> <CoreInst = "Sel">   --->   Core 73 'Sel' <Latency = 0> <II = 1> <Delay = 1.06> <FuncUnit> <Opcode : 'select'> <InPorts = 3> <OutPorts = 1>
ST_2 : Operation 87 [1/1] (1.06ns) (out node of the LUT)   --->   "%b_im_37 = select i1 %icmp_ln21_7, i16 %b_im_1, i16 %b_im_36" [serial_fft/fft_serial.cpp:21->serial_fft/fft_serial.cpp:148->serial_fft/fft_serial.cpp:242]   --->   Operation 87 'select' 'b_im_37' <Predicate = true> <Delay = 1.06> <CoreInst = "Sel">   --->   Core 73 'Sel' <Latency = 0> <II = 1> <Delay = 1.06> <FuncUnit> <Opcode : 'select'> <InPorts = 3> <OutPorts = 1>
ST_2 : Operation 88 [1/1] (0.00ns)   --->   "%sext_ln159_1 = sext i16 %b_re_37" [serial_fft/fft_serial.cpp:159->serial_fft/fft_serial.cpp:242]   --->   Operation 88 'sext' 'sext_ln159_1' <Predicate = true> <Delay = 0.00>
ST_2 : Operation 89 [1/1] (1.06ns)   --->   "%select_ln159 = select i1 %j, i32 4294967295, i32 32767" [serial_fft/fft_serial.cpp:159->serial_fft/fft_serial.cpp:242]   --->   Operation 89 'select' 'select_ln159' <Predicate = true> <Delay = 1.06> <CoreInst = "Sel">   --->   Core 73 'Sel' <Latency = 0> <II = 1> <Delay = 1.06> <FuncUnit> <Opcode : 'select'> <InPorts = 3> <OutPorts = 1>
ST_2 : Operation 90 [4/4] (1.25ns)   --->   "%mul_ln159 = mul i32 %select_ln159, i32 %sext_ln159_1" [serial_fft/fft_serial.cpp:159->serial_fft/fft_serial.cpp:242]   --->   Operation 90 'mul' 'mul_ln159' <Predicate = true> <Delay = 1.25> <CoreInst = "Mul_DSP">   --->   Core 5 'Mul_DSP' <Latency = 3> <II = 1> <Delay = 3.72> <FuncUnit> <Opcode : 'mul'> <InPorts = 2> <OutPorts = 1>
ST_2 : Operation 91 [1/1] (0.00ns)   --->   "%sext_ln160_1 = sext i16 %b_im_37" [serial_fft/fft_serial.cpp:160->serial_fft/fft_serial.cpp:242]   --->   Operation 91 'sext' 'sext_ln160_1' <Predicate = true> <Delay = 0.00>
ST_2 : Operation 92 [4/4] (1.25ns)   --->   "%mul_ln162 = mul i32 %select_ln159, i32 %sext_ln160_1" [serial_fft/fft_serial.cpp:162->serial_fft/fft_serial.cpp:242]   --->   Operation 92 'mul' 'mul_ln162' <Predicate = true> <Delay = 1.25> <CoreInst = "Mul_DSP">   --->   Core 5 'Mul_DSP' <Latency = 3> <II = 1> <Delay = 3.72> <FuncUnit> <Opcode : 'mul'> <InPorts = 2> <OutPorts = 1>

State 3 <SV = 2> <Delay = 5.07>
ST_3 : Operation 93 [1/1] (0.94ns)   --->   "%v_6 = select i1 %j, i17 %re_1_load_1, i17 %re_load_1" [serial_fft/fft_serial.cpp:132->serial_fft/fft_serial.cpp:242]   --->   Operation 93 'select' 'v_6' <Predicate = true> <Delay = 0.94> <CoreInst = "Sel">   --->   Core 73 'Sel' <Latency = 0> <II = 1> <Delay = 0.94> <FuncUnit> <Opcode : 'select'> <InPorts = 3> <OutPorts = 1>
ST_3 : Operation 94 [1/1] (0.00ns)   --->   "%trunc_ln19 = trunc i17 %v_6" [serial_fft/fft_serial.cpp:19->serial_fft/fft_serial.cpp:145->serial_fft/fft_serial.cpp:242]   --->   Operation 94 'trunc' 'trunc_ln19' <Predicate = (icmp_ln21_7)> <Delay = 0.00>
ST_3 : Operation 95 [1/1] (0.00ns)   --->   "%a_re = trunc i17 %v_6" [serial_fft/fft_serial.cpp:34->serial_fft/fft_serial.cpp:145->serial_fft/fft_serial.cpp:242]   --->   Operation 95 'trunc' 'a_re' <Predicate = (!icmp_ln21_7)> <Delay = 0.00>
ST_3 : Operation 96 [1/1] (1.20ns)   --->   "%icmp_ln24 = icmp_eq  i2 %trunc_ln19, i2 3" [serial_fft/fft_serial.cpp:24->serial_fft/fft_serial.cpp:145->serial_fft/fft_serial.cpp:242]   --->   Operation 96 'icmp' 'icmp_ln24' <Predicate = (icmp_ln21_7)> <Delay = 1.20> <CoreInst = "Cmp">   --->   Core 9 'Cmp' <Latency = 0> <II = 1> <Delay = 1.20> <FuncUnit> <Opcode : 'icmp'> <InPorts = 2> <OutPorts = 1>
ST_3 : Operation 97 [1/1] (0.00ns)   --->   "%zext_ln24 = zext i1 %icmp_ln24" [serial_fft/fft_serial.cpp:24->serial_fft/fft_serial.cpp:145->serial_fft/fft_serial.cpp:242]   --->   Operation 97 'zext' 'zext_ln24' <Predicate = (icmp_ln21_7)> <Delay = 0.00>
ST_3 : Operation 98 [1/1] (1.86ns)   --->   "%rounded = add i17 %v_6, i17 %zext_ln24" [serial_fft/fft_serial.cpp:24->serial_fft/fft_serial.cpp:145->serial_fft/fft_serial.cpp:242]   --->   Operation 98 'add' 'rounded' <Predicate = (icmp_ln21_7)> <Delay = 1.86> <CoreInst = "Adder">   --->   Core 1 'Adder' <Latency = 0> <II = 1> <Delay = 1.86> <FuncUnit> <Opcode : 'add' 'sub'> <InPorts = 2> <OutPorts = 1>
ST_3 : Operation 99 [1/1] (0.00ns) (grouped into LUT with out node a_re_37)   --->   "%a_re_1 = partselect i16 @_ssdm_op_PartSelect.i16.i17.i32.i32, i17 %rounded, i32 1, i32 16" [serial_fft/fft_serial.cpp:25->serial_fft/fft_serial.cpp:145->serial_fft/fft_serial.cpp:242]   --->   Operation 99 'partselect' 'a_re_1' <Predicate = (icmp_ln21_7)> <Delay = 0.00>
ST_3 : Operation 100 [1/1] (2.98ns)   --->   "%a_re_35 = shl i16 %a_re, i16 %zext_ln21" [serial_fft/fft_serial.cpp:21->serial_fft/fft_serial.cpp:145->serial_fft/fft_serial.cpp:242]   --->   Operation 100 'shl' 'a_re_35' <Predicate = (!icmp_ln21_7 & !icmp_ln21_6)> <Delay = 2.98> <CoreInst = "Shifter">   --->   Core 75 'Shifter' <Latency = 0> <II = 1> <Delay = 2.98> <FuncUnit> <Opcode : 'shl' 'lshr' 'ashr'> <InPorts = 2> <OutPorts = 1>
ST_3 : Operation 101 [1/1] (0.00ns) (grouped into LUT with out node a_re_37)   --->   "%a_re_36 = select i1 %icmp_ln21_6, i16 %a_re, i16 %a_re_35" [serial_fft/fft_serial.cpp:21->serial_fft/fft_serial.cpp:145->serial_fft/fft_serial.cpp:242]   --->   Operation 101 'select' 'a_re_36' <Predicate = (!icmp_ln21_7)> <Delay = 0.00> <CoreInst = "Sel">   --->   Core 73 'Sel' <Latency = 0> <II = 1> <Delay = 1.06> <FuncUnit> <Opcode : 'select'> <InPorts = 3> <OutPorts = 1>
ST_3 : Operation 102 [1/1] (1.06ns) (out node of the LUT)   --->   "%a_re_37 = select i1 %icmp_ln21_7, i16 %a_re_1, i16 %a_re_36" [serial_fft/fft_serial.cpp:21->serial_fft/fft_serial.cpp:145->serial_fft/fft_serial.cpp:242]   --->   Operation 102 'select' 'a_re_37' <Predicate = true> <Delay = 1.06> <CoreInst = "Sel">   --->   Core 73 'Sel' <Latency = 0> <II = 1> <Delay = 1.06> <FuncUnit> <Opcode : 'select'> <InPorts = 3> <OutPorts = 1>
ST_3 : Operation 103 [1/1] (0.94ns)   --->   "%v_9 = select i1 %j, i17 %im_1_load_2, i17 %im_load_2" [serial_fft/fft_serial.cpp:132->serial_fft/fft_serial.cpp:242]   --->   Operation 103 'select' 'v_9' <Predicate = true> <Delay = 0.94> <CoreInst = "Sel">   --->   Core 73 'Sel' <Latency = 0> <II = 1> <Delay = 0.94> <FuncUnit> <Opcode : 'select'> <InPorts = 3> <OutPorts = 1>
ST_3 : Operation 104 [1/1] (0.00ns)   --->   "%trunc_ln19_25 = trunc i17 %v_9" [serial_fft/fft_serial.cpp:19->serial_fft/fft_serial.cpp:146->serial_fft/fft_serial.cpp:242]   --->   Operation 104 'trunc' 'trunc_ln19_25' <Predicate = (icmp_ln21_7)> <Delay = 0.00>
ST_3 : Operation 105 [1/1] (0.00ns)   --->   "%a_im = trunc i17 %v_9" [serial_fft/fft_serial.cpp:34->serial_fft/fft_serial.cpp:146->serial_fft/fft_serial.cpp:242]   --->   Operation 105 'trunc' 'a_im' <Predicate = (!icmp_ln21_7)> <Delay = 0.00>
ST_3 : Operation 106 [1/1] (1.20ns)   --->   "%icmp_ln24_1 = icmp_eq  i2 %trunc_ln19_25, i2 3" [serial_fft/fft_serial.cpp:24->serial_fft/fft_serial.cpp:146->serial_fft/fft_serial.cpp:242]   --->   Operation 106 'icmp' 'icmp_ln24_1' <Predicate = (icmp_ln21_7)> <Delay = 1.20> <CoreInst = "Cmp">   --->   Core 9 'Cmp' <Latency = 0> <II = 1> <Delay = 1.20> <FuncUnit> <Opcode : 'icmp'> <InPorts = 2> <OutPorts = 1>
ST_3 : Operation 107 [1/1] (0.00ns)   --->   "%zext_ln24_1 = zext i1 %icmp_ln24_1" [serial_fft/fft_serial.cpp:24->serial_fft/fft_serial.cpp:146->serial_fft/fft_serial.cpp:242]   --->   Operation 107 'zext' 'zext_ln24_1' <Predicate = (icmp_ln21_7)> <Delay = 0.00>
ST_3 : Operation 108 [1/1] (1.86ns)   --->   "%rounded_27 = add i17 %v_9, i17 %zext_ln24_1" [serial_fft/fft_serial.cpp:24->serial_fft/fft_serial.cpp:146->serial_fft/fft_serial.cpp:242]   --->   Operation 108 'add' 'rounded_27' <Predicate = (icmp_ln21_7)> <Delay = 1.86> <CoreInst = "Adder">   --->   Core 1 'Adder' <Latency = 0> <II = 1> <Delay = 1.86> <FuncUnit> <Opcode : 'add' 'sub'> <InPorts = 2> <OutPorts = 1>
ST_3 : Operation 109 [1/1] (0.00ns) (grouped into LUT with out node a_im_37)   --->   "%a_im_1 = partselect i16 @_ssdm_op_PartSelect.i16.i17.i32.i32, i17 %rounded_27, i32 1, i32 16" [serial_fft/fft_serial.cpp:25->serial_fft/fft_serial.cpp:146->serial_fft/fft_serial.cpp:242]   --->   Operation 109 'partselect' 'a_im_1' <Predicate = (icmp_ln21_7)> <Delay = 0.00>
ST_3 : Operation 110 [1/1] (2.98ns)   --->   "%a_im_35 = shl i16 %a_im, i16 %zext_ln21" [serial_fft/fft_serial.cpp:21->serial_fft/fft_serial.cpp:146->serial_fft/fft_serial.cpp:242]   --->   Operation 110 'shl' 'a_im_35' <Predicate = (!icmp_ln21_7 & !icmp_ln21_6)> <Delay = 2.98> <CoreInst = "Shifter">   --->   Core 75 'Shifter' <Latency = 0> <II = 1> <Delay = 2.98> <FuncUnit> <Opcode : 'shl' 'lshr' 'ashr'> <InPorts = 2> <OutPorts = 1>
ST_3 : Operation 111 [1/1] (0.00ns) (grouped into LUT with out node a_im_37)   --->   "%a_im_36 = select i1 %icmp_ln21_6, i16 %a_im, i16 %a_im_35" [serial_fft/fft_serial.cpp:21->serial_fft/fft_serial.cpp:146->serial_fft/fft_serial.cpp:242]   --->   Operation 111 'select' 'a_im_36' <Predicate = (!icmp_ln21_7)> <Delay = 0.00> <CoreInst = "Sel">   --->   Core 73 'Sel' <Latency = 0> <II = 1> <Delay = 1.06> <FuncUnit> <Opcode : 'select'> <InPorts = 3> <OutPorts = 1>
ST_3 : Operation 112 [1/1] (1.06ns) (out node of the LUT)   --->   "%a_im_37 = select i1 %icmp_ln21_7, i16 %a_im_1, i16 %a_im_36" [serial_fft/fft_serial.cpp:21->serial_fft/fft_serial.cpp:146->serial_fft/fft_serial.cpp:242]   --->   Operation 112 'select' 'a_im_37' <Predicate = true> <Delay = 1.06> <CoreInst = "Sel">   --->   Core 73 'Sel' <Latency = 0> <II = 1> <Delay = 1.06> <FuncUnit> <Opcode : 'select'> <InPorts = 3> <OutPorts = 1>
ST_3 : Operation 113 [3/4] (1.25ns)   --->   "%mul_ln159 = mul i32 %select_ln159, i32 %sext_ln159_1" [serial_fft/fft_serial.cpp:159->serial_fft/fft_serial.cpp:242]   --->   Operation 113 'mul' 'mul_ln159' <Predicate = true> <Delay = 1.25> <CoreInst = "Mul_DSP">   --->   Core 5 'Mul_DSP' <Latency = 3> <II = 1> <Delay = 3.72> <FuncUnit> <Opcode : 'mul'> <InPorts = 2> <OutPorts = 1>
ST_3 : Operation 114 [1/1] (1.06ns)   --->   "%select_ln160 = select i1 %j, i32 4294934528, i32 4294967295" [serial_fft/fft_serial.cpp:160->serial_fft/fft_serial.cpp:242]   --->   Operation 114 'select' 'select_ln160' <Predicate = true> <Delay = 1.06> <CoreInst = "Sel">   --->   Core 73 'Sel' <Latency = 0> <II = 1> <Delay = 1.06> <FuncUnit> <Opcode : 'select'> <InPorts = 3> <OutPorts = 1>
ST_3 : Operation 115 [3/3] (1.38ns) (grouped into DSP with root node wb_re)   --->   "%p_ii = mul i32 %select_ln160, i32 %sext_ln160_1" [serial_fft/fft_serial.cpp:160->serial_fft/fft_serial.cpp:242]   --->   Operation 115 'mul' 'p_ii' <Predicate = true> <Delay = 1.38> <CoreInst = "DSP48">   --->   Core 119 'DSP48' <Latency = 3> <II = 1> <Delay = 1.82> <IPBlock> <Opcode : '' 'add' 'sub' 'mul' 'select'> <InPorts = 0> <OutPorts = 1> <Sync> <CReg>
ST_3 : Operation 116 [3/3] (1.38ns) (grouped into DSP with root node wb_im)   --->   "%p_ri = mul i32 %select_ln160, i32 %sext_ln159_1" [serial_fft/fft_serial.cpp:161->serial_fft/fft_serial.cpp:242]   --->   Operation 116 'mul' 'p_ri' <Predicate = true> <Delay = 1.38> <CoreInst = "DSP48">   --->   Core 119 'DSP48' <Latency = 3> <II = 1> <Delay = 1.82> <IPBlock> <Opcode : '' 'add' 'sub' 'mul' 'select'> <InPorts = 0> <OutPorts = 1> <Sync> <CReg>
ST_3 : Operation 117 [3/4] (1.25ns)   --->   "%mul_ln162 = mul i32 %select_ln159, i32 %sext_ln160_1" [serial_fft/fft_serial.cpp:162->serial_fft/fft_serial.cpp:242]   --->   Operation 117 'mul' 'mul_ln162' <Predicate = true> <Delay = 1.25> <CoreInst = "Mul_DSP">   --->   Core 5 'Mul_DSP' <Latency = 3> <II = 1> <Delay = 3.72> <FuncUnit> <Opcode : 'mul'> <InPorts = 2> <OutPorts = 1>

State 4 <SV = 3> <Delay = 1.38>
ST_4 : Operation 118 [2/4] (1.25ns)   --->   "%mul_ln159 = mul i32 %select_ln159, i32 %sext_ln159_1" [serial_fft/fft_serial.cpp:159->serial_fft/fft_serial.cpp:242]   --->   Operation 118 'mul' 'mul_ln159' <Predicate = true> <Delay = 1.25> <CoreInst = "Mul_DSP">   --->   Core 5 'Mul_DSP' <Latency = 3> <II = 1> <Delay = 3.72> <FuncUnit> <Opcode : 'mul'> <InPorts = 2> <OutPorts = 1>
ST_4 : Operation 119 [2/3] (1.38ns) (grouped into DSP with root node wb_re)   --->   "%p_ii = mul i32 %select_ln160, i32 %sext_ln160_1" [serial_fft/fft_serial.cpp:160->serial_fft/fft_serial.cpp:242]   --->   Operation 119 'mul' 'p_ii' <Predicate = true> <Delay = 1.38> <CoreInst = "DSP48">   --->   Core 119 'DSP48' <Latency = 3> <II = 1> <Delay = 1.82> <IPBlock> <Opcode : '' 'add' 'sub' 'mul' 'select'> <InPorts = 0> <OutPorts = 1> <Sync> <CReg>
ST_4 : Operation 120 [2/3] (1.38ns) (grouped into DSP with root node wb_im)   --->   "%p_ri = mul i32 %select_ln160, i32 %sext_ln159_1" [serial_fft/fft_serial.cpp:161->serial_fft/fft_serial.cpp:242]   --->   Operation 120 'mul' 'p_ri' <Predicate = true> <Delay = 1.38> <CoreInst = "DSP48">   --->   Core 119 'DSP48' <Latency = 3> <II = 1> <Delay = 1.82> <IPBlock> <Opcode : '' 'add' 'sub' 'mul' 'select'> <InPorts = 0> <OutPorts = 1> <Sync> <CReg>
ST_4 : Operation 121 [2/4] (1.25ns)   --->   "%mul_ln162 = mul i32 %select_ln159, i32 %sext_ln160_1" [serial_fft/fft_serial.cpp:162->serial_fft/fft_serial.cpp:242]   --->   Operation 121 'mul' 'mul_ln162' <Predicate = true> <Delay = 1.25> <CoreInst = "Mul_DSP">   --->   Core 5 'Mul_DSP' <Latency = 3> <II = 1> <Delay = 3.72> <FuncUnit> <Opcode : 'mul'> <InPorts = 2> <OutPorts = 1>

State 5 <SV = 4> <Delay = 3.01>
ST_5 : Operation 122 [1/4] (1.25ns)   --->   "%mul_ln159 = mul i32 %select_ln159, i32 %sext_ln159_1" [serial_fft/fft_serial.cpp:159->serial_fft/fft_serial.cpp:242]   --->   Operation 122 'mul' 'mul_ln159' <Predicate = true> <Delay = 1.25> <CoreInst = "Mul_DSP">   --->   Core 5 'Mul_DSP' <Latency = 3> <II = 1> <Delay = 3.72> <FuncUnit> <Opcode : 'mul'> <InPorts = 2> <OutPorts = 1>
ST_5 : Operation 123 [1/1] (0.00ns)   --->   "%specfucore_ln163 = specfucore void @_ssdm_op_SpecFUCore, i32 %mul_ln159, i64 12, i64 3, i64 3" [serial_fft/fft_serial.cpp:163->serial_fft/fft_serial.cpp:242]   --->   Operation 123 'specfucore' 'specfucore_ln163' <Predicate = true> <Delay = 0.00>
ST_5 : Operation 124 [1/1] (0.00ns)   --->   "%p_rr = trunc i32 %mul_ln159" [serial_fft/fft_serial.cpp:159->serial_fft/fft_serial.cpp:242]   --->   Operation 124 'trunc' 'p_rr' <Predicate = true> <Delay = 0.00>
ST_5 : Operation 125 [1/1] (0.00ns)   --->   "%sext_ln159_2 = sext i31 %p_rr" [serial_fft/fft_serial.cpp:159->serial_fft/fft_serial.cpp:242]   --->   Operation 125 'sext' 'sext_ln159_2' <Predicate = true> <Delay = 0.00>
ST_5 : Operation 126 [1/3] (0.00ns) (grouped into DSP with root node wb_re)   --->   "%p_ii = mul i32 %select_ln160, i32 %sext_ln160_1" [serial_fft/fft_serial.cpp:160->serial_fft/fft_serial.cpp:242]   --->   Operation 126 'mul' 'p_ii' <Predicate = true> <Delay = 0.00> <CoreInst = "DSP48">   --->   Core 119 'DSP48' <Latency = 3> <II = 1> <Delay = 1.82> <IPBlock> <Opcode : '' 'add' 'sub' 'mul' 'select'> <InPorts = 0> <OutPorts = 1> <Sync> <CReg>
ST_5 : Operation 127 [1/1] (0.00ns)   --->   "%specfucore_ln164 = specfucore void @_ssdm_op_SpecFUCore, i32 %p_ii, i64 12, i64 3, i64 3" [serial_fft/fft_serial.cpp:164->serial_fft/fft_serial.cpp:242]   --->   Operation 127 'specfucore' 'specfucore_ln164' <Predicate = true> <Delay = 0.00>
ST_5 : Operation 128 [1/3] (0.00ns) (grouped into DSP with root node wb_im)   --->   "%p_ri = mul i32 %select_ln160, i32 %sext_ln159_1" [serial_fft/fft_serial.cpp:161->serial_fft/fft_serial.cpp:242]   --->   Operation 128 'mul' 'p_ri' <Predicate = true> <Delay = 0.00> <CoreInst = "DSP48">   --->   Core 119 'DSP48' <Latency = 3> <II = 1> <Delay = 1.82> <IPBlock> <Opcode : '' 'add' 'sub' 'mul' 'select'> <InPorts = 0> <OutPorts = 1> <Sync> <CReg>
ST_5 : Operation 129 [1/1] (0.00ns)   --->   "%specfucore_ln165 = specfucore void @_ssdm_op_SpecFUCore, i32 %p_ri, i64 12, i64 3, i64 3" [serial_fft/fft_serial.cpp:165->serial_fft/fft_serial.cpp:242]   --->   Operation 129 'specfucore' 'specfucore_ln165' <Predicate = true> <Delay = 0.00>
ST_5 : Operation 130 [1/4] (1.25ns)   --->   "%mul_ln162 = mul i32 %select_ln159, i32 %sext_ln160_1" [serial_fft/fft_serial.cpp:162->serial_fft/fft_serial.cpp:242]   --->   Operation 130 'mul' 'mul_ln162' <Predicate = true> <Delay = 1.25> <CoreInst = "Mul_DSP">   --->   Core 5 'Mul_DSP' <Latency = 3> <II = 1> <Delay = 3.72> <FuncUnit> <Opcode : 'mul'> <InPorts = 2> <OutPorts = 1>
ST_5 : Operation 131 [1/1] (0.00ns)   --->   "%specfucore_ln166 = specfucore void @_ssdm_op_SpecFUCore, i32 %mul_ln162, i64 12, i64 3, i64 3" [serial_fft/fft_serial.cpp:166->serial_fft/fft_serial.cpp:242]   --->   Operation 131 'specfucore' 'specfucore_ln166' <Predicate = true> <Delay = 0.00>
ST_5 : Operation 132 [1/1] (0.00ns)   --->   "%p_ir = trunc i32 %mul_ln162" [serial_fft/fft_serial.cpp:162->serial_fft/fft_serial.cpp:242]   --->   Operation 132 'trunc' 'p_ir' <Predicate = true> <Delay = 0.00>
ST_5 : Operation 133 [1/1] (0.00ns)   --->   "%sext_ln162 = sext i31 %p_ir" [serial_fft/fft_serial.cpp:162->serial_fft/fft_serial.cpp:242]   --->   Operation 133 'sext' 'sext_ln162' <Predicate = true> <Delay = 0.00>
ST_5 : Operation 134 [2/2] (1.76ns) (root node of the DSP)   --->   "%wb_re = sub i32 %sext_ln159_2, i32 %p_ii" [serial_fft/fft_serial.cpp:167->serial_fft/fft_serial.cpp:242]   --->   Operation 134 'sub' 'wb_re' <Predicate = true> <Delay = 1.76> <CoreInst = "DSP48">   --->   Core 119 'DSP48' <Latency = 3> <II = 1> <Delay = 1.82> <IPBlock> <Opcode : '' 'add' 'sub' 'mul' 'select'> <InPorts = 0> <OutPorts = 1> <Sync> <CReg>
ST_5 : Operation 135 [2/2] (1.76ns) (root node of the DSP)   --->   "%wb_im = add i32 %sext_ln162, i32 %p_ri" [serial_fft/fft_serial.cpp:168->serial_fft/fft_serial.cpp:242]   --->   Operation 135 'add' 'wb_im' <Predicate = true> <Delay = 1.76> <CoreInst = "DSP48">   --->   Core 119 'DSP48' <Latency = 3> <II = 1> <Delay = 1.82> <IPBlock> <Opcode : '' 'add' 'sub' 'mul' 'select'> <InPorts = 0> <OutPorts = 1> <Sync> <CReg>

State 6 <SV = 5> <Delay = 6.39>
ST_6 : Operation 136 [1/1] (0.00ns)   --->   "%specpipeline_ln133 = specpipeline void @_ssdm_op_SpecPipeline, i32 1, i32 0, i32 0, i32 0, void @empty_36" [serial_fft/fft_serial.cpp:133->serial_fft/fft_serial.cpp:242]   --->   Operation 136 'specpipeline' 'specpipeline_ln133' <Predicate = true> <Delay = 0.00>
ST_6 : Operation 137 [1/1] (0.00ns)   --->   "%speclooptripcount_ln132 = speclooptripcount void @_ssdm_op_SpecLoopTripCount, i64 512, i64 512, i64 512" [serial_fft/fft_serial.cpp:132->serial_fft/fft_serial.cpp:242]   --->   Operation 137 'speclooptripcount' 'speclooptripcount_ln132' <Predicate = true> <Delay = 0.00>
ST_6 : Operation 138 [1/1] (0.00ns)   --->   "%specloopname_ln132 = specloopname void @_ssdm_op_SpecLoopName, void @empty_52" [serial_fft/fft_serial.cpp:132->serial_fft/fft_serial.cpp:242]   --->   Operation 138 'specloopname' 'specloopname_ln132' <Predicate = true> <Delay = 0.00>
ST_6 : Operation 139 [1/1] (0.00ns)   --->   "%rbegin5 = specregionbegin i32 @_ssdm_op_SpecRegionBegin, void @empty_32" [serial_fft/fft_serial.cpp:159->serial_fft/fft_serial.cpp:242]   --->   Operation 139 'specregionbegin' 'rbegin5' <Predicate = true> <Delay = 0.00>
ST_6 : Operation 140 [1/1] (0.00ns)   --->   "%rend293 = specregionend i32 @_ssdm_op_SpecRegionEnd, void @empty_32, i32 %rbegin5" [serial_fft/fft_serial.cpp:159->serial_fft/fft_serial.cpp:242]   --->   Operation 140 'specregionend' 'rend293' <Predicate = true> <Delay = 0.00>
ST_6 : Operation 141 [1/1] (0.00ns)   --->   "%rbegin6 = specregionbegin i32 @_ssdm_op_SpecRegionBegin, void @empty_31" [serial_fft/fft_serial.cpp:160->serial_fft/fft_serial.cpp:242]   --->   Operation 141 'specregionbegin' 'rbegin6' <Predicate = true> <Delay = 0.00>
ST_6 : Operation 142 [1/1] (0.00ns)   --->   "%rend291 = specregionend i32 @_ssdm_op_SpecRegionEnd, void @empty_31, i32 %rbegin6" [serial_fft/fft_serial.cpp:160->serial_fft/fft_serial.cpp:242]   --->   Operation 142 'specregionend' 'rend291' <Predicate = true> <Delay = 0.00>
ST_6 : Operation 143 [1/1] (0.00ns)   --->   "%rbegin7 = specregionbegin i32 @_ssdm_op_SpecRegionBegin, void @empty_30" [serial_fft/fft_serial.cpp:161->serial_fft/fft_serial.cpp:242]   --->   Operation 143 'specregionbegin' 'rbegin7' <Predicate = true> <Delay = 0.00>
ST_6 : Operation 144 [1/1] (0.00ns)   --->   "%rend289 = specregionend i32 @_ssdm_op_SpecRegionEnd, void @empty_30, i32 %rbegin7" [serial_fft/fft_serial.cpp:161->serial_fft/fft_serial.cpp:242]   --->   Operation 144 'specregionend' 'rend289' <Predicate = true> <Delay = 0.00>
ST_6 : Operation 145 [1/1] (0.00ns)   --->   "%rbegin8 = specregionbegin i32 @_ssdm_op_SpecRegionBegin, void @empty_29" [serial_fft/fft_serial.cpp:162->serial_fft/fft_serial.cpp:242]   --->   Operation 145 'specregionbegin' 'rbegin8' <Predicate = true> <Delay = 0.00>
ST_6 : Operation 146 [1/1] (0.00ns)   --->   "%rend287 = specregionend i32 @_ssdm_op_SpecRegionEnd, void @empty_29, i32 %rbegin8" [serial_fft/fft_serial.cpp:162->serial_fft/fft_serial.cpp:242]   --->   Operation 146 'specregionend' 'rend287' <Predicate = true> <Delay = 0.00>
ST_6 : Operation 147 [1/2] (1.76ns) (root node of the DSP)   --->   "%wb_re = sub i32 %sext_ln159_2, i32 %p_ii" [serial_fft/fft_serial.cpp:167->serial_fft/fft_serial.cpp:242]   --->   Operation 147 'sub' 'wb_re' <Predicate = true> <Delay = 1.76> <CoreInst = "DSP48">   --->   Core 119 'DSP48' <Latency = 3> <II = 1> <Delay = 1.82> <IPBlock> <Opcode : '' 'add' 'sub' 'mul' 'select'> <InPorts = 0> <OutPorts = 1> <Sync> <CReg>
ST_6 : Operation 148 [1/2] (1.76ns) (root node of the DSP)   --->   "%wb_im = add i32 %sext_ln162, i32 %p_ri" [serial_fft/fft_serial.cpp:168->serial_fft/fft_serial.cpp:242]   --->   Operation 148 'add' 'wb_im' <Predicate = true> <Delay = 1.76> <CoreInst = "DSP48">   --->   Core 119 'DSP48' <Latency = 3> <II = 1> <Delay = 1.82> <IPBlock> <Opcode : '' 'add' 'sub' 'mul' 'select'> <InPorts = 0> <OutPorts = 1> <Sync> <CReg>
ST_6 : Operation 149 [1/1] (0.00ns)   --->   "%wb_re_s = partselect i17 @_ssdm_op_PartSelect.i17.i32.i32.i32, i32 %wb_re, i32 15, i32 31" [serial_fft/fft_serial.cpp:169->serial_fft/fft_serial.cpp:242]   --->   Operation 149 'partselect' 'wb_re_s' <Predicate = true> <Delay = 0.00>
ST_6 : Operation 150 [1/1] (0.00ns)   --->   "%wb_im_s = partselect i17 @_ssdm_op_PartSelect.i17.i32.i32.i32, i32 %wb_im, i32 15, i32 31" [serial_fft/fft_serial.cpp:170->serial_fft/fft_serial.cpp:242]   --->   Operation 150 'partselect' 'wb_im_s' <Predicate = true> <Delay = 0.00>
ST_6 : Operation 151 [1/1] (0.00ns)   --->   "%sext_ln175 = sext i16 %a_re_37" [serial_fft/fft_serial.cpp:175->serial_fft/fft_serial.cpp:242]   --->   Operation 151 'sext' 'sext_ln175' <Predicate = true> <Delay = 0.00>
ST_6 : Operation 152 [1/1] (1.86ns)   --->   "%a_re_out = add i17 %wb_re_s, i17 %sext_ln175" [serial_fft/fft_serial.cpp:173->serial_fft/fft_serial.cpp:242]   --->   Operation 152 'add' 'a_re_out' <Predicate = true> <Delay = 1.86> <CoreInst = "Adder">   --->   Core 1 'Adder' <Latency = 0> <II = 1> <Delay = 1.86> <FuncUnit> <Opcode : 'add' 'sub'> <InPorts = 2> <OutPorts = 1>
ST_6 : Operation 153 [1/1] (0.00ns)   --->   "%sext_ln176 = sext i16 %a_im_37" [serial_fft/fft_serial.cpp:176->serial_fft/fft_serial.cpp:242]   --->   Operation 153 'sext' 'sext_ln176' <Predicate = true> <Delay = 0.00>
ST_6 : Operation 154 [1/1] (1.86ns)   --->   "%a_im_out = add i17 %wb_im_s, i17 %sext_ln176" [serial_fft/fft_serial.cpp:174->serial_fft/fft_serial.cpp:242]   --->   Operation 154 'add' 'a_im_out' <Predicate = true> <Delay = 1.86> <CoreInst = "Adder">   --->   Core 1 'Adder' <Latency = 0> <II = 1> <Delay = 1.86> <FuncUnit> <Opcode : 'add' 'sub'> <InPorts = 2> <OutPorts = 1>
ST_6 : Operation 155 [1/1] (1.86ns)   --->   "%b_re_out = sub i17 %sext_ln175, i17 %wb_re_s" [serial_fft/fft_serial.cpp:175->serial_fft/fft_serial.cpp:242]   --->   Operation 155 'sub' 'b_re_out' <Predicate = true> <Delay = 1.86> <CoreInst = "Adder">   --->   Core 1 'Adder' <Latency = 0> <II = 1> <Delay = 1.86> <FuncUnit> <Opcode : 'add' 'sub'> <InPorts = 2> <OutPorts = 1>
ST_6 : Operation 156 [1/1] (1.86ns)   --->   "%b_im_out = sub i17 %sext_ln176, i17 %wb_im_s" [serial_fft/fft_serial.cpp:176->serial_fft/fft_serial.cpp:242]   --->   Operation 156 'sub' 'b_im_out' <Predicate = true> <Delay = 1.86> <CoreInst = "Adder">   --->   Core 1 'Adder' <Latency = 0> <II = 1> <Delay = 1.86> <FuncUnit> <Opcode : 'add' 'sub'> <InPorts = 2> <OutPorts = 1>
ST_6 : Operation 157 [1/1] (0.00ns)   --->   "%br_ln179 = br i1 %j, void %arrayidx11.i1176015792.case.0, void %arrayidx11.i1176015792.case.1" [serial_fft/fft_serial.cpp:179->serial_fft/fft_serial.cpp:242]   --->   Operation 157 'br' 'br_ln179' <Predicate = true> <Delay = 0.00>
ST_6 : Operation 158 [1/1] (2.77ns)   --->   "%store_ln179 = store i17 %a_re_out, i9 %re_addr_3" [serial_fft/fft_serial.cpp:179->serial_fft/fft_serial.cpp:242]   --->   Operation 158 'store' 'store_ln179' <Predicate = (!j)> <Delay = 2.77> <CoreInst = "RAM">   --->   Core 82 'RAM' <Latency = 1> <II = 1> <Delay = 2.77> <Storage> <Opcode : 'load' 'store'> <Ports = 2> <Width = 17> <Depth = 512> <RAM>
ST_6 : Operation 159 [1/1] (2.77ns)   --->   "%store_ln179 = store i17 %a_im_out, i9 %im_addr_4" [serial_fft/fft_serial.cpp:179->serial_fft/fft_serial.cpp:242]   --->   Operation 159 'store' 'store_ln179' <Predicate = (!j)> <Delay = 2.77> <CoreInst = "RAM">   --->   Core 82 'RAM' <Latency = 1> <II = 1> <Delay = 2.77> <Storage> <Opcode : 'load' 'store'> <Ports = 2> <Width = 17> <Depth = 512> <RAM>
ST_6 : Operation 160 [1/1] (2.77ns)   --->   "%store_ln179 = store i17 %a_re_out, i9 %re_1_addr_3" [serial_fft/fft_serial.cpp:179->serial_fft/fft_serial.cpp:242]   --->   Operation 160 'store' 'store_ln179' <Predicate = (j)> <Delay = 2.77> <CoreInst = "RAM">   --->   Core 82 'RAM' <Latency = 1> <II = 1> <Delay = 2.77> <Storage> <Opcode : 'load' 'store'> <Ports = 2> <Width = 17> <Depth = 512> <RAM>
ST_6 : Operation 161 [1/1] (2.77ns)   --->   "%store_ln179 = store i17 %a_im_out, i9 %im_1_addr_4" [serial_fft/fft_serial.cpp:179->serial_fft/fft_serial.cpp:242]   --->   Operation 161 'store' 'store_ln179' <Predicate = (j)> <Delay = 2.77> <CoreInst = "RAM">   --->   Core 82 'RAM' <Latency = 1> <II = 1> <Delay = 2.77> <Storage> <Opcode : 'load' 'store'> <Ports = 2> <Width = 17> <Depth = 512> <RAM>

State 7 <SV = 6> <Delay = 2.77>
ST_7 : Operation 162 [1/1] (2.77ns)   --->   "%store_ln180 = store i17 %b_re_out, i9 %re_addr_5" [serial_fft/fft_serial.cpp:180->serial_fft/fft_serial.cpp:242]   --->   Operation 162 'store' 'store_ln180' <Predicate = (!icmp_ln132 & !j)> <Delay = 2.77> <CoreInst = "RAM">   --->   Core 82 'RAM' <Latency = 1> <II = 1> <Delay = 2.77> <Storage> <Opcode : 'load' 'store'> <Ports = 2> <Width = 17> <Depth = 512> <RAM>
ST_7 : Operation 163 [1/1] (2.77ns)   --->   "%store_ln180 = store i17 %b_im_out, i9 %im_addr_5" [serial_fft/fft_serial.cpp:180->serial_fft/fft_serial.cpp:242]   --->   Operation 163 'store' 'store_ln180' <Predicate = (!icmp_ln132 & !j)> <Delay = 2.77> <CoreInst = "RAM">   --->   Core 82 'RAM' <Latency = 1> <II = 1> <Delay = 2.77> <Storage> <Opcode : 'load' 'store'> <Ports = 2> <Width = 17> <Depth = 512> <RAM>
ST_7 : Operation 164 [1/1] (0.00ns)   --->   "%br_ln180 = br void %arrayidx11.i1176015792.exit" [serial_fft/fft_serial.cpp:180->serial_fft/fft_serial.cpp:242]   --->   Operation 164 'br' 'br_ln180' <Predicate = (!icmp_ln132 & !j)> <Delay = 0.00>
ST_7 : Operation 165 [1/1] (2.77ns)   --->   "%store_ln180 = store i17 %b_re_out, i9 %re_1_addr_5" [serial_fft/fft_serial.cpp:180->serial_fft/fft_serial.cpp:242]   --->   Operation 165 'store' 'store_ln180' <Predicate = (!icmp_ln132 & j)> <Delay = 2.77> <CoreInst = "RAM">   --->   Core 82 'RAM' <Latency = 1> <II = 1> <Delay = 2.77> <Storage> <Opcode : 'load' 'store'> <Ports = 2> <Width = 17> <Depth = 512> <RAM>
ST_7 : Operation 166 [1/1] (2.77ns)   --->   "%store_ln180 = store i17 %b_im_out, i9 %im_1_addr_5" [serial_fft/fft_serial.cpp:180->serial_fft/fft_serial.cpp:242]   --->   Operation 166 'store' 'store_ln180' <Predicate = (!icmp_ln132 & j)> <Delay = 2.77> <CoreInst = "RAM">   --->   Core 82 'RAM' <Latency = 1> <II = 1> <Delay = 2.77> <Storage> <Opcode : 'load' 'store'> <Ports = 2> <Width = 17> <Depth = 512> <RAM>
ST_7 : Operation 167 [1/1] (0.00ns)   --->   "%br_ln180 = br void %arrayidx11.i1176015792.exit" [serial_fft/fft_serial.cpp:180->serial_fft/fft_serial.cpp:242]   --->   Operation 167 'br' 'br_ln180' <Predicate = (!icmp_ln132 & j)> <Delay = 0.00>
ST_7 : Operation 168 [1/1] (1.32ns)   --->   "%store_ln132 = store i10 %bfly_12, i10 %bfly_1" [serial_fft/fft_serial.cpp:132->serial_fft/fft_serial.cpp:242]   --->   Operation 168 'store' 'store_ln132' <Predicate = (!icmp_ln132)> <Delay = 1.32>
ST_7 : Operation 169 [1/1] (0.00ns)   --->   "%br_ln132 = br void %for.body.i11170" [serial_fft/fft_serial.cpp:132->serial_fft/fft_serial.cpp:242]   --->   Operation 169 'br' 'br_ln132' <Predicate = (!icmp_ln132)> <Delay = 0.00>


============================================================
+ Verbose Summary: Timing violations
============================================================
Target clock period: 10.000ns, clock uncertainty: 2.700ns.

 <State 1>: 4.096ns
The critical path consists of the following:
	'store' operation 0 bit ('store_ln132', serial_fft/fft_serial.cpp:132->serial_fft/fft_serial.cpp:242) of constant 0 on local variable 'bfly', serial_fft/fft_serial.cpp:132->serial_fft/fft_serial.cpp:242 [8]  (1.324 ns)
	'load' operation 10 bit ('bfly', serial_fft/fft_serial.cpp:132->serial_fft/fft_serial.cpp:242) on local variable 'bfly', serial_fft/fft_serial.cpp:132->serial_fft/fft_serial.cpp:242 [11]  (0.000 ns)
	'getelementptr' operation 9 bit ('re_addr_3', serial_fft/fft_serial.cpp:145->serial_fft/fft_serial.cpp:242) [26]  (0.000 ns)
	'load' operation 17 bit ('re_load_1', serial_fft/fft_serial.cpp:145->serial_fft/fft_serial.cpp:242) on array 're' [28]  (2.772 ns)

 <State 2>: 9.098ns
The critical path consists of the following:
	'load' operation 17 bit ('re_load_3', serial_fft/fft_serial.cpp:147->serial_fft/fft_serial.cpp:242) on array 're' [75]  (2.772 ns)
	'select' operation 17 bit ('v', serial_fft/fft_serial.cpp:132->serial_fft/fft_serial.cpp:242) [77]  (0.944 ns)
	'icmp' operation 1 bit ('icmp_ln24_2', serial_fft/fft_serial.cpp:24->serial_fft/fft_serial.cpp:147->serial_fft/fft_serial.cpp:242) [80]  (1.202 ns)
	'add' operation 17 bit ('rounded', serial_fft/fft_serial.cpp:24->serial_fft/fft_serial.cpp:147->serial_fft/fft_serial.cpp:242) [82]  (1.861 ns)
	'select' operation 16 bit ('b_re', serial_fft/fft_serial.cpp:21->serial_fft/fft_serial.cpp:147->serial_fft/fft_serial.cpp:242) [86]  (1.064 ns)
	'mul' operation 32 bit ('mul_ln159', serial_fft/fft_serial.cpp:159->serial_fft/fft_serial.cpp:242) [104]  (1.254 ns)

 <State 3>: 5.072ns
The critical path consists of the following:
	'select' operation 17 bit ('v', serial_fft/fft_serial.cpp:132->serial_fft/fft_serial.cpp:242) [30]  (0.944 ns)
	'icmp' operation 1 bit ('icmp_ln24', serial_fft/fft_serial.cpp:24->serial_fft/fft_serial.cpp:145->serial_fft/fft_serial.cpp:242) [33]  (1.202 ns)
	'add' operation 17 bit ('rounded', serial_fft/fft_serial.cpp:24->serial_fft/fft_serial.cpp:145->serial_fft/fft_serial.cpp:242) [35]  (1.861 ns)
	'select' operation 16 bit ('a_re', serial_fft/fft_serial.cpp:21->serial_fft/fft_serial.cpp:145->serial_fft/fft_serial.cpp:242) [58]  (1.064 ns)

 <State 4>: 1.380ns
The critical path consists of the following:
	'mul' operation 32 bit of DSP[125] ('p_ii', serial_fft/fft_serial.cpp:160->serial_fft/fft_serial.cpp:242) [112]  (1.380 ns)

 <State 5>: 3.014ns
The critical path consists of the following:
	'mul' operation 32 bit ('mul_ln159', serial_fft/fft_serial.cpp:159->serial_fft/fft_serial.cpp:242) [104]  (1.254 ns)
	'sub' operation 32 bit of DSP[125] ('wb_re', serial_fft/fft_serial.cpp:167->serial_fft/fft_serial.cpp:242) [125]  (1.760 ns)

 <State 6>: 6.393ns
The critical path consists of the following:
	'sub' operation 32 bit of DSP[125] ('wb_re', serial_fft/fft_serial.cpp:167->serial_fft/fft_serial.cpp:242) [125]  (1.760 ns)
	'add' operation 17 bit ('a_re_out', serial_fft/fft_serial.cpp:173->serial_fft/fft_serial.cpp:242) [130]  (1.861 ns)
	'store' operation 0 bit ('store_ln179', serial_fft/fft_serial.cpp:179->serial_fft/fft_serial.cpp:242) of variable 'a_re_out', serial_fft/fft_serial.cpp:173->serial_fft/fft_serial.cpp:242 on array 're_1' [143]  (2.772 ns)

 <State 7>: 2.772ns
The critical path consists of the following:
	'store' operation 0 bit ('store_ln180', serial_fft/fft_serial.cpp:180->serial_fft/fft_serial.cpp:242) of variable 'b_re_out', serial_fft/fft_serial.cpp:175->serial_fft/fft_serial.cpp:242 on array 're_1' [144]  (2.772 ns)


============================================================
+ Verbose Summary: Binding
============================================================
N/A
* FSMD analyzer results:
  - Output states:
 - Input state : 
  - Chain level:
	State 1
	State 2
	State 3
	State 4
	State 5
	State 6
	State 7


============================================================
+ Verbose Summary: Datapath Resource usage 
============================================================
N/A
