

================================================================
== Vitis HLS Report for 'fft_serial_Pipeline_bfly_loop'
================================================================
* Date:           Tue Jun 30 20:48:37 2026

* Version:        2023.2 (Build 4023990 on Oct 11 2023)
* Project:        serial_fft_hls
* Solution:       solution1 (Vivado IP Flow Target)
* Product family: artix7
* Target device:  xc7a200t-fbg676-2


================================================================
== Performance Estimates
================================================================
+ Timing: 
    * Summary: 
    +--------+----------+----------+------------+
    |  Clock |  Target  | Estimated| Uncertainty|
    +--------+----------+----------+------------+
    |ap_clk  |  10.00 ns|  4.612 ns|     2.70 ns|
    +--------+----------+----------+------------+

+ Latency: 
    * Summary: 
    +---------+---------+----------+----------+-----+-----+---------+
    |  Latency (cycles) |  Latency (absolute) |  Interval | Pipeline|
    |   min   |   max   |    min   |    max   | min | max |   Type  |
    +---------+---------+----------+----------+-----+-----+---------+
    |      518|      518|  5.180 us|  5.180 us|  518|  518|       no|
    +---------+---------+----------+----------+-----+-----+---------+

    + Detail: 
        * Instance: 
        N/A

        * Loop: 
        +-------------+---------+---------+----------+-----------+-----------+------+----------+
        |             |  Latency (cycles) | Iteration|  Initiation Interval  | Trip |          |
        |  Loop Name  |   min   |   max   |  Latency |  achieved |   target  | Count| Pipelined|
        +-------------+---------+---------+----------+-----------+-----------+------+----------+
        |- bfly_loop  |      516|      516|         6|          1|          1|   512|       yes|
        +-------------+---------+---------+----------+-----------+-----------+------+----------+

============================================================
+ Verbose Summary: Synthesis Manager
============================================================
InlineROM: 1
ExposeGlobal: 0
============================================================
+ Verbose Summary: CDFG Model
============================================================
IsTopModel: 0
ResetActiveHigh: 1
IsCombinational: 0
IsDatapathOnly: 0
HasWiredReturn: 1
HasMFsm: 2
HasVarLatency: 1
IsPipeline: 0
IsRtlPipelined: 0
IsInstanceOverlapped: 0
IsDontTouch: 0
HasImplIP: 0
IsGatedGlobalClock: 0

+ Individual pipeline summary: 
  * Pipeline-0: initiation interval (II) = 1, depth = 6


============================================================
+ Verbose Summary: Schedule
============================================================
* Number of FSM states : 6
* Pipeline : 1
  Pipeline-0 : II = 1, D = 6, States = { 1 2 3 4 5 6 }
* Dataflow Pipeline: 0

* FSM state transitions: 
1 --> 2 
2 --> 3 
3 --> 4 
4 --> 5 
5 --> 6 
6 --> 

* FSM state operations: 

State 1 <SV = 0> <Delay = 4.39>
ST_1 : Operation 9 [1/1] (0.00ns)   --->   "%bfly = alloca i32 1" [serial_fft/fft_serial.cpp:132->serial_fft/fft_serial.cpp:239]   --->   Operation 9 'alloca' 'bfly' <Predicate = true> <Delay = 0.00>
ST_1 : Operation 10 [1/1] (1.32ns)   --->   "%store_ln132 = store i10 0, i10 %bfly" [serial_fft/fft_serial.cpp:132->serial_fft/fft_serial.cpp:239]   --->   Operation 10 'store' 'store_ln132' <Predicate = true> <Delay = 1.32>
ST_1 : Operation 11 [1/1] (0.00ns)   --->   "%br_ln0 = br void %for.body.i12683"   --->   Operation 11 'br' 'br_ln0' <Predicate = true> <Delay = 0.00>
ST_1 : Operation 12 [1/1] (0.00ns)   --->   "%group = load i10 %bfly" [serial_fft/fft_serial.cpp:132->serial_fft/fft_serial.cpp:239]   --->   Operation 12 'load' 'group' <Predicate = true> <Delay = 0.00>
ST_1 : Operation 13 [1/1] (1.74ns)   --->   "%icmp_ln132 = icmp_eq  i10 %group, i10 512" [serial_fft/fft_serial.cpp:132->serial_fft/fft_serial.cpp:239]   --->   Operation 13 'icmp' 'icmp_ln132' <Predicate = true> <Delay = 1.74> <CoreInst = "Cmp">   --->   Core 9 'Cmp' <Latency = 0> <II = 1> <Delay = 1.74> <FuncUnit> <Opcode : 'icmp'> <InPorts = 2> <OutPorts = 1>
ST_1 : Operation 14 [1/1] (1.74ns)   --->   "%add_ln132 = add i10 %group, i10 1" [serial_fft/fft_serial.cpp:132->serial_fft/fft_serial.cpp:239]   --->   Operation 14 'add' 'add_ln132' <Predicate = true> <Delay = 1.74> <CoreInst = "Adder">   --->   Core 1 'Adder' <Latency = 0> <II = 1> <Delay = 1.74> <FuncUnit> <Opcode : 'add' 'sub'> <InPorts = 2> <OutPorts = 1>
ST_1 : Operation 15 [1/1] (0.00ns)   --->   "%br_ln132 = br i1 %icmp_ln132, void %fpga_resource_hint.for.body.i12683.39, void %for.body42.i13124.preheader.exitStub" [serial_fft/fft_serial.cpp:132->serial_fft/fft_serial.cpp:239]   --->   Operation 15 'br' 'br_ln132' <Predicate = true> <Delay = 0.00>
ST_1 : Operation 16 [1/1] (0.00ns)   --->   "%trunc_ln132 = trunc i10 %group" [serial_fft/fft_serial.cpp:132->serial_fft/fft_serial.cpp:239]   --->   Operation 16 'trunc' 'trunc_ln132' <Predicate = (!icmp_ln132)> <Delay = 0.00>
ST_1 : Operation 17 [1/1] (0.00ns)   --->   "%zext_ln145 = zext i9 %trunc_ln132" [serial_fft/fft_serial.cpp:145->serial_fft/fft_serial.cpp:239]   --->   Operation 17 'zext' 'zext_ln145' <Predicate = (!icmp_ln132)> <Delay = 0.00>
ST_1 : Operation 18 [1/1] (0.00ns)   --->   "%re_addr_1 = getelementptr i17 %re, i64 0, i64 %zext_ln145" [serial_fft/fft_serial.cpp:145->serial_fft/fft_serial.cpp:239]   --->   Operation 18 'getelementptr' 're_addr_1' <Predicate = (!icmp_ln132)> <Delay = 0.00>
ST_1 : Operation 19 [1/1] (0.00ns)   --->   "%im_addr_1 = getelementptr i17 %im, i64 0, i64 %zext_ln145" [serial_fft/fft_serial.cpp:146->serial_fft/fft_serial.cpp:239]   --->   Operation 19 'getelementptr' 'im_addr_1' <Predicate = (!icmp_ln132)> <Delay = 0.00>
ST_1 : Operation 20 [1/1] (0.00ns)   --->   "%re_1_addr_1 = getelementptr i17 %re_1, i64 0, i64 %zext_ln145" [serial_fft/fft_serial.cpp:147->serial_fft/fft_serial.cpp:239]   --->   Operation 20 'getelementptr' 're_1_addr_1' <Predicate = (!icmp_ln132)> <Delay = 0.00>
ST_1 : Operation 21 [2/2] (2.77ns)   --->   "%v_32 = load i9 %re_1_addr_1" [serial_fft/fft_serial.cpp:147->serial_fft/fft_serial.cpp:239]   --->   Operation 21 'load' 'v_32' <Predicate = (!icmp_ln132)> <Delay = 2.77> <CoreInst = "RAM">   --->   Core 82 'RAM' <Latency = 1> <II = 1> <Delay = 2.77> <Storage> <Opcode : 'load' 'store'> <Ports = 2> <Width = 17> <Depth = 512> <RAM>
ST_1 : Operation 22 [1/1] (0.00ns)   --->   "%im_1_addr_1 = getelementptr i17 %im_1, i64 0, i64 %zext_ln145" [serial_fft/fft_serial.cpp:148->serial_fft/fft_serial.cpp:239]   --->   Operation 22 'getelementptr' 'im_1_addr_1' <Predicate = (!icmp_ln132)> <Delay = 0.00>
ST_1 : Operation 23 [2/2] (2.77ns)   --->   "%v_33 = load i9 %im_1_addr_1" [serial_fft/fft_serial.cpp:148->serial_fft/fft_serial.cpp:239]   --->   Operation 23 'load' 'v_33' <Predicate = (!icmp_ln132)> <Delay = 2.77> <CoreInst = "RAM">   --->   Core 82 'RAM' <Latency = 1> <II = 1> <Delay = 2.77> <Storage> <Opcode : 'load' 'store'> <Ports = 2> <Width = 17> <Depth = 512> <RAM>
ST_1 : Operation 24 [1/1] (1.32ns)   --->   "%store_ln132 = store i10 %add_ln132, i10 %bfly" [serial_fft/fft_serial.cpp:132->serial_fft/fft_serial.cpp:239]   --->   Operation 24 'store' 'store_ln132' <Predicate = (!icmp_ln132)> <Delay = 1.32>

State 2 <SV = 1> <Delay = 4.02>
ST_2 : Operation 25 [1/2] (2.77ns)   --->   "%v_32 = load i9 %re_1_addr_1" [serial_fft/fft_serial.cpp:147->serial_fft/fft_serial.cpp:239]   --->   Operation 25 'load' 'v_32' <Predicate = true> <Delay = 2.77> <CoreInst = "RAM">   --->   Core 82 'RAM' <Latency = 1> <II = 1> <Delay = 2.77> <Storage> <Opcode : 'load' 'store'> <Ports = 2> <Width = 17> <Depth = 512> <RAM>
ST_2 : Operation 26 [1/1] (0.00ns)   --->   "%b_re = trunc i17 %v_32" [serial_fft/fft_serial.cpp:27->serial_fft/fft_serial.cpp:147->serial_fft/fft_serial.cpp:239]   --->   Operation 26 'trunc' 'b_re' <Predicate = true> <Delay = 0.00>
ST_2 : Operation 27 [1/2] (2.77ns)   --->   "%v_33 = load i9 %im_1_addr_1" [serial_fft/fft_serial.cpp:148->serial_fft/fft_serial.cpp:239]   --->   Operation 27 'load' 'v_33' <Predicate = true> <Delay = 2.77> <CoreInst = "RAM">   --->   Core 82 'RAM' <Latency = 1> <II = 1> <Delay = 2.77> <Storage> <Opcode : 'load' 'store'> <Ports = 2> <Width = 17> <Depth = 512> <RAM>
ST_2 : Operation 28 [1/1] (0.00ns)   --->   "%b_im = trunc i17 %v_33" [serial_fft/fft_serial.cpp:27->serial_fft/fft_serial.cpp:148->serial_fft/fft_serial.cpp:239]   --->   Operation 28 'trunc' 'b_im' <Predicate = true> <Delay = 0.00>
ST_2 : Operation 29 [1/1] (0.00ns)   --->   "%sext_ln159 = sext i16 %b_re" [serial_fft/fft_serial.cpp:159->serial_fft/fft_serial.cpp:239]   --->   Operation 29 'sext' 'sext_ln159' <Predicate = true> <Delay = 0.00>
ST_2 : Operation 30 [4/4] (1.25ns)   --->   "%p_rr = mul i32 %sext_ln159, i32 32767" [serial_fft/fft_serial.cpp:159->serial_fft/fft_serial.cpp:239]   --->   Operation 30 'mul' 'p_rr' <Predicate = true> <Delay = 1.25> <CoreInst = "Mul_DSP">   --->   Core 5 'Mul_DSP' <Latency = 3> <II = 1> <Delay = 3.72> <FuncUnit> <Opcode : 'mul'> <InPorts = 2> <OutPorts = 1>
ST_2 : Operation 31 [1/1] (0.00ns)   --->   "%sext_ln160 = sext i16 %b_im" [serial_fft/fft_serial.cpp:160->serial_fft/fft_serial.cpp:239]   --->   Operation 31 'sext' 'sext_ln160' <Predicate = true> <Delay = 0.00>
ST_2 : Operation 32 [4/4] (1.25ns)   --->   "%p_ir = mul i32 %sext_ln160, i32 32767" [serial_fft/fft_serial.cpp:162->serial_fft/fft_serial.cpp:239]   --->   Operation 32 'mul' 'p_ir' <Predicate = true> <Delay = 1.25> <CoreInst = "Mul_DSP">   --->   Core 5 'Mul_DSP' <Latency = 3> <II = 1> <Delay = 3.72> <FuncUnit> <Opcode : 'mul'> <InPorts = 2> <OutPorts = 1>

State 3 <SV = 2> <Delay = 1.25>
ST_3 : Operation 33 [3/4] (1.25ns)   --->   "%p_rr = mul i32 %sext_ln159, i32 32767" [serial_fft/fft_serial.cpp:159->serial_fft/fft_serial.cpp:239]   --->   Operation 33 'mul' 'p_rr' <Predicate = true> <Delay = 1.25> <CoreInst = "Mul_DSP">   --->   Core 5 'Mul_DSP' <Latency = 3> <II = 1> <Delay = 3.72> <FuncUnit> <Opcode : 'mul'> <InPorts = 2> <OutPorts = 1>
ST_3 : Operation 34 [3/4] (1.25ns)   --->   "%p_ir = mul i32 %sext_ln160, i32 32767" [serial_fft/fft_serial.cpp:162->serial_fft/fft_serial.cpp:239]   --->   Operation 34 'mul' 'p_ir' <Predicate = true> <Delay = 1.25> <CoreInst = "Mul_DSP">   --->   Core 5 'Mul_DSP' <Latency = 3> <II = 1> <Delay = 3.72> <FuncUnit> <Opcode : 'mul'> <InPorts = 2> <OutPorts = 1>

State 4 <SV = 3> <Delay = 2.77>
ST_4 : Operation 35 [2/2] (2.77ns)   --->   "%v = load i9 %re_addr_1" [serial_fft/fft_serial.cpp:145->serial_fft/fft_serial.cpp:239]   --->   Operation 35 'load' 'v' <Predicate = true> <Delay = 2.77> <CoreInst = "RAM">   --->   Core 82 'RAM' <Latency = 1> <II = 1> <Delay = 2.77> <Storage> <Opcode : 'load' 'store'> <Ports = 2> <Width = 17> <Depth = 512> <RAM>
ST_4 : Operation 36 [2/2] (2.77ns)   --->   "%v_31 = load i9 %im_addr_1" [serial_fft/fft_serial.cpp:146->serial_fft/fft_serial.cpp:239]   --->   Operation 36 'load' 'v_31' <Predicate = true> <Delay = 2.77> <CoreInst = "RAM">   --->   Core 82 'RAM' <Latency = 1> <II = 1> <Delay = 2.77> <Storage> <Opcode : 'load' 'store'> <Ports = 2> <Width = 17> <Depth = 512> <RAM>
ST_4 : Operation 37 [2/4] (1.25ns)   --->   "%p_rr = mul i32 %sext_ln159, i32 32767" [serial_fft/fft_serial.cpp:159->serial_fft/fft_serial.cpp:239]   --->   Operation 37 'mul' 'p_rr' <Predicate = true> <Delay = 1.25> <CoreInst = "Mul_DSP">   --->   Core 5 'Mul_DSP' <Latency = 3> <II = 1> <Delay = 3.72> <FuncUnit> <Opcode : 'mul'> <InPorts = 2> <OutPorts = 1>
ST_4 : Operation 38 [2/4] (1.25ns)   --->   "%p_ir = mul i32 %sext_ln160, i32 32767" [serial_fft/fft_serial.cpp:162->serial_fft/fft_serial.cpp:239]   --->   Operation 38 'mul' 'p_ir' <Predicate = true> <Delay = 1.25> <CoreInst = "Mul_DSP">   --->   Core 5 'Mul_DSP' <Latency = 3> <II = 1> <Delay = 3.72> <FuncUnit> <Opcode : 'mul'> <InPorts = 2> <OutPorts = 1>

State 5 <SV = 4> <Delay = 3.41>
ST_5 : Operation 39 [1/2] (2.77ns)   --->   "%v = load i9 %re_addr_1" [serial_fft/fft_serial.cpp:145->serial_fft/fft_serial.cpp:239]   --->   Operation 39 'load' 'v' <Predicate = true> <Delay = 2.77> <CoreInst = "RAM">   --->   Core 82 'RAM' <Latency = 1> <II = 1> <Delay = 2.77> <Storage> <Opcode : 'load' 'store'> <Ports = 2> <Width = 17> <Depth = 512> <RAM>
ST_5 : Operation 40 [1/1] (0.00ns)   --->   "%a_re = trunc i17 %v" [serial_fft/fft_serial.cpp:27->serial_fft/fft_serial.cpp:145->serial_fft/fft_serial.cpp:239]   --->   Operation 40 'trunc' 'a_re' <Predicate = true> <Delay = 0.00>
ST_5 : Operation 41 [1/2] (2.77ns)   --->   "%v_31 = load i9 %im_addr_1" [serial_fft/fft_serial.cpp:146->serial_fft/fft_serial.cpp:239]   --->   Operation 41 'load' 'v_31' <Predicate = true> <Delay = 2.77> <CoreInst = "RAM">   --->   Core 82 'RAM' <Latency = 1> <II = 1> <Delay = 2.77> <Storage> <Opcode : 'load' 'store'> <Ports = 2> <Width = 17> <Depth = 512> <RAM>
ST_5 : Operation 42 [1/1] (0.00ns)   --->   "%a_im = trunc i17 %v_31" [serial_fft/fft_serial.cpp:27->serial_fft/fft_serial.cpp:146->serial_fft/fft_serial.cpp:239]   --->   Operation 42 'trunc' 'a_im' <Predicate = true> <Delay = 0.00>
ST_5 : Operation 43 [1/4] (1.25ns)   --->   "%p_rr = mul i32 %sext_ln159, i32 32767" [serial_fft/fft_serial.cpp:159->serial_fft/fft_serial.cpp:239]   --->   Operation 43 'mul' 'p_rr' <Predicate = true> <Delay = 1.25> <CoreInst = "Mul_DSP">   --->   Core 5 'Mul_DSP' <Latency = 3> <II = 1> <Delay = 3.72> <FuncUnit> <Opcode : 'mul'> <InPorts = 2> <OutPorts = 1>
ST_5 : Operation 44 [1/1] (0.00ns)   --->   "%specfucore_ln163 = specfucore void @_ssdm_op_SpecFUCore, i32 %p_rr, i64 12, i64 3, i64 3" [serial_fft/fft_serial.cpp:163->serial_fft/fft_serial.cpp:239]   --->   Operation 44 'specfucore' 'specfucore_ln163' <Predicate = true> <Delay = 0.00>
ST_5 : Operation 45 [1/1] (0.00ns)   --->   "%trunc_ln159 = trunc i32 %p_rr" [serial_fft/fft_serial.cpp:159->serial_fft/fft_serial.cpp:239]   --->   Operation 45 'trunc' 'trunc_ln159' <Predicate = true> <Delay = 0.00>
ST_5 : Operation 46 [1/1] (0.00ns)   --->   "%sext_ln161 = sext i16 %b_im" [serial_fft/fft_serial.cpp:161->serial_fft/fft_serial.cpp:239]   --->   Operation 46 'sext' 'sext_ln161' <Predicate = true> <Delay = 0.00>
ST_5 : Operation 47 [1/1] (0.00ns)   --->   "%sext_ln162 = sext i16 %b_re" [serial_fft/fft_serial.cpp:162->serial_fft/fft_serial.cpp:239]   --->   Operation 47 'sext' 'sext_ln162' <Predicate = true> <Delay = 0.00>
ST_5 : Operation 48 [1/4] (1.25ns)   --->   "%p_ir = mul i32 %sext_ln160, i32 32767" [serial_fft/fft_serial.cpp:162->serial_fft/fft_serial.cpp:239]   --->   Operation 48 'mul' 'p_ir' <Predicate = true> <Delay = 1.25> <CoreInst = "Mul_DSP">   --->   Core 5 'Mul_DSP' <Latency = 3> <II = 1> <Delay = 3.72> <FuncUnit> <Opcode : 'mul'> <InPorts = 2> <OutPorts = 1>
ST_5 : Operation 49 [1/1] (0.00ns)   --->   "%specfucore_ln166 = specfucore void @_ssdm_op_SpecFUCore, i32 %p_ir, i64 12, i64 3, i64 3" [serial_fft/fft_serial.cpp:166->serial_fft/fft_serial.cpp:239]   --->   Operation 49 'specfucore' 'specfucore_ln166' <Predicate = true> <Delay = 0.00>
ST_5 : Operation 50 [1/1] (0.00ns)   --->   "%trunc_ln162 = trunc i32 %p_ir" [serial_fft/fft_serial.cpp:162->serial_fft/fft_serial.cpp:239]   --->   Operation 50 'trunc' 'trunc_ln162' <Predicate = true> <Delay = 0.00>
ST_5 : Operation 51 [1/1] (2.15ns)   --->   "%wb_re = add i31 %trunc_ln159, i31 %sext_ln161" [serial_fft/fft_serial.cpp:167->serial_fft/fft_serial.cpp:239]   --->   Operation 51 'add' 'wb_re' <Predicate = true> <Delay = 2.15> <CoreInst = "Adder">   --->   Core 1 'Adder' <Latency = 0> <II = 1> <Delay = 2.15> <FuncUnit> <Opcode : 'add' 'sub'> <InPorts = 2> <OutPorts = 1>
ST_5 : Operation 52 [1/1] (2.15ns)   --->   "%wb_im = sub i31 %trunc_ln162, i31 %sext_ln162" [serial_fft/fft_serial.cpp:168->serial_fft/fft_serial.cpp:239]   --->   Operation 52 'sub' 'wb_im' <Predicate = true> <Delay = 2.15> <CoreInst = "Adder">   --->   Core 1 'Adder' <Latency = 0> <II = 1> <Delay = 2.15> <FuncUnit> <Opcode : 'add' 'sub'> <InPorts = 2> <OutPorts = 1>
ST_5 : Operation 53 [1/1] (0.00ns)   --->   "%wb_re_s = partselect i16 @_ssdm_op_PartSelect.i16.i31.i32.i32, i31 %wb_re, i32 15, i32 30" [serial_fft/fft_serial.cpp:169->serial_fft/fft_serial.cpp:239]   --->   Operation 53 'partselect' 'wb_re_s' <Predicate = true> <Delay = 0.00>
ST_5 : Operation 54 [1/1] (0.00ns)   --->   "%wb_im_s = partselect i16 @_ssdm_op_PartSelect.i16.i31.i32.i32, i31 %wb_im, i32 15, i32 30" [serial_fft/fft_serial.cpp:170->serial_fft/fft_serial.cpp:239]   --->   Operation 54 'partselect' 'wb_im_s' <Predicate = true> <Delay = 0.00>
ST_5 : Operation 75 [1/1] (0.00ns)   --->   "%ret_ln0 = ret"   --->   Operation 75 'ret' 'ret_ln0' <Predicate = (icmp_ln132)> <Delay = 0.00>

State 6 <SV = 5> <Delay = 4.61>
ST_6 : Operation 55 [1/1] (0.00ns)   --->   "%specpipeline_ln133 = specpipeline void @_ssdm_op_SpecPipeline, i32 1, i32 0, i32 0, i32 0, void @empty_36" [serial_fft/fft_serial.cpp:133->serial_fft/fft_serial.cpp:239]   --->   Operation 55 'specpipeline' 'specpipeline_ln133' <Predicate = true> <Delay = 0.00>
ST_6 : Operation 56 [1/1] (0.00ns)   --->   "%speclooptripcount_ln138 = speclooptripcount void @_ssdm_op_SpecLoopTripCount, i64 512, i64 512, i64 512" [serial_fft/fft_serial.cpp:138->serial_fft/fft_serial.cpp:239]   --->   Operation 56 'speclooptripcount' 'speclooptripcount_ln138' <Predicate = true> <Delay = 0.00>
ST_6 : Operation 57 [1/1] (0.00ns)   --->   "%specloopname_ln132 = specloopname void @_ssdm_op_SpecLoopName, void @empty_52" [serial_fft/fft_serial.cpp:132->serial_fft/fft_serial.cpp:239]   --->   Operation 57 'specloopname' 'specloopname_ln132' <Predicate = true> <Delay = 0.00>
ST_6 : Operation 58 [1/1] (0.00ns)   --->   "%rbegin1 = specregionbegin i32 @_ssdm_op_SpecRegionBegin, void @empty_34" [serial_fft/fft_serial.cpp:159->serial_fft/fft_serial.cpp:239]   --->   Operation 58 'specregionbegin' 'rbegin1' <Predicate = true> <Delay = 0.00>
ST_6 : Operation 59 [1/1] (0.00ns)   --->   "%rend301 = specregionend i32 @_ssdm_op_SpecRegionEnd, void @empty_34, i32 %rbegin1" [serial_fft/fft_serial.cpp:159->serial_fft/fft_serial.cpp:239]   --->   Operation 59 'specregionend' 'rend301' <Predicate = true> <Delay = 0.00>
ST_6 : Operation 60 [1/1] (0.00ns)   --->   "%rbegin4 = specregionbegin i32 @_ssdm_op_SpecRegionBegin, void @empty_33" [serial_fft/fft_serial.cpp:162->serial_fft/fft_serial.cpp:239]   --->   Operation 60 'specregionbegin' 'rbegin4' <Predicate = true> <Delay = 0.00>
ST_6 : Operation 61 [1/1] (0.00ns)   --->   "%rend295 = specregionend i32 @_ssdm_op_SpecRegionEnd, void @empty_33, i32 %rbegin4" [serial_fft/fft_serial.cpp:162->serial_fft/fft_serial.cpp:239]   --->   Operation 61 'specregionend' 'rend295' <Predicate = true> <Delay = 0.00>
ST_6 : Operation 62 [1/1] (0.00ns)   --->   "%sext_ln169 = sext i16 %wb_re_s" [serial_fft/fft_serial.cpp:169->serial_fft/fft_serial.cpp:239]   --->   Operation 62 'sext' 'sext_ln169' <Predicate = true> <Delay = 0.00>
ST_6 : Operation 63 [1/1] (0.00ns)   --->   "%sext_ln170 = sext i16 %wb_im_s" [serial_fft/fft_serial.cpp:170->serial_fft/fft_serial.cpp:239]   --->   Operation 63 'sext' 'sext_ln170' <Predicate = true> <Delay = 0.00>
ST_6 : Operation 64 [1/1] (0.00ns)   --->   "%sext_ln175 = sext i16 %a_re" [serial_fft/fft_serial.cpp:175->serial_fft/fft_serial.cpp:239]   --->   Operation 64 'sext' 'sext_ln175' <Predicate = true> <Delay = 0.00>
ST_6 : Operation 65 [1/1] (1.84ns)   --->   "%a_re_out = add i17 %sext_ln169, i17 %sext_ln175" [serial_fft/fft_serial.cpp:173->serial_fft/fft_serial.cpp:239]   --->   Operation 65 'add' 'a_re_out' <Predicate = true> <Delay = 1.84> <CoreInst = "Adder">   --->   Core 1 'Adder' <Latency = 0> <II = 1> <Delay = 1.84> <FuncUnit> <Opcode : 'add' 'sub'> <InPorts = 2> <OutPorts = 1>
ST_6 : Operation 66 [1/1] (0.00ns)   --->   "%sext_ln176 = sext i16 %a_im" [serial_fft/fft_serial.cpp:176->serial_fft/fft_serial.cpp:239]   --->   Operation 66 'sext' 'sext_ln176' <Predicate = true> <Delay = 0.00>
ST_6 : Operation 67 [1/1] (1.84ns)   --->   "%a_im_out = add i17 %sext_ln170, i17 %sext_ln176" [serial_fft/fft_serial.cpp:174->serial_fft/fft_serial.cpp:239]   --->   Operation 67 'add' 'a_im_out' <Predicate = true> <Delay = 1.84> <CoreInst = "Adder">   --->   Core 1 'Adder' <Latency = 0> <II = 1> <Delay = 1.84> <FuncUnit> <Opcode : 'add' 'sub'> <InPorts = 2> <OutPorts = 1>
ST_6 : Operation 68 [1/1] (1.84ns)   --->   "%b_re_out = sub i17 %sext_ln175, i17 %sext_ln169" [serial_fft/fft_serial.cpp:175->serial_fft/fft_serial.cpp:239]   --->   Operation 68 'sub' 'b_re_out' <Predicate = true> <Delay = 1.84> <CoreInst = "Adder">   --->   Core 1 'Adder' <Latency = 0> <II = 1> <Delay = 1.84> <FuncUnit> <Opcode : 'add' 'sub'> <InPorts = 2> <OutPorts = 1>
ST_6 : Operation 69 [1/1] (1.84ns)   --->   "%b_im_out = sub i17 %sext_ln176, i17 %sext_ln170" [serial_fft/fft_serial.cpp:176->serial_fft/fft_serial.cpp:239]   --->   Operation 69 'sub' 'b_im_out' <Predicate = true> <Delay = 1.84> <CoreInst = "Adder">   --->   Core 1 'Adder' <Latency = 0> <II = 1> <Delay = 1.84> <FuncUnit> <Opcode : 'add' 'sub'> <InPorts = 2> <OutPorts = 1>
ST_6 : Operation 70 [1/1] (2.77ns)   --->   "%store_ln179 = store i17 %a_re_out, i9 %re_addr_1" [serial_fft/fft_serial.cpp:179->serial_fft/fft_serial.cpp:239]   --->   Operation 70 'store' 'store_ln179' <Predicate = true> <Delay = 2.77> <CoreInst = "RAM">   --->   Core 82 'RAM' <Latency = 1> <II = 1> <Delay = 2.77> <Storage> <Opcode : 'load' 'store'> <Ports = 2> <Width = 17> <Depth = 512> <RAM>
ST_6 : Operation 71 [1/1] (2.77ns)   --->   "%store_ln180 = store i17 %b_re_out, i9 %re_1_addr_1" [serial_fft/fft_serial.cpp:180->serial_fft/fft_serial.cpp:239]   --->   Operation 71 'store' 'store_ln180' <Predicate = true> <Delay = 2.77> <CoreInst = "RAM">   --->   Core 82 'RAM' <Latency = 1> <II = 1> <Delay = 2.77> <Storage> <Opcode : 'load' 'store'> <Ports = 2> <Width = 17> <Depth = 512> <RAM>
ST_6 : Operation 72 [1/1] (2.77ns)   --->   "%store_ln179 = store i17 %a_im_out, i9 %im_addr_1" [serial_fft/fft_serial.cpp:179->serial_fft/fft_serial.cpp:239]   --->   Operation 72 'store' 'store_ln179' <Predicate = true> <Delay = 2.77> <CoreInst = "RAM">   --->   Core 82 'RAM' <Latency = 1> <II = 1> <Delay = 2.77> <Storage> <Opcode : 'load' 'store'> <Ports = 2> <Width = 17> <Depth = 512> <RAM>
ST_6 : Operation 73 [1/1] (2.77ns)   --->   "%store_ln180 = store i17 %b_im_out, i9 %im_1_addr_1" [serial_fft/fft_serial.cpp:180->serial_fft/fft_serial.cpp:239]   --->   Operation 73 'store' 'store_ln180' <Predicate = true> <Delay = 2.77> <CoreInst = "RAM">   --->   Core 82 'RAM' <Latency = 1> <II = 1> <Delay = 2.77> <Storage> <Opcode : 'load' 'store'> <Ports = 2> <Width = 17> <Depth = 512> <RAM>
ST_6 : Operation 74 [1/1] (0.00ns)   --->   "%br_ln132 = br void %for.body.i12683" [serial_fft/fft_serial.cpp:132->serial_fft/fft_serial.cpp:239]   --->   Operation 74 'br' 'br_ln132' <Predicate = true> <Delay = 0.00>


============================================================
+ Verbose Summary: Timing violations
============================================================
Target clock period: 10.000ns, clock uncertainty: 2.700ns.

 <State 1>: 4.397ns
The critical path consists of the following:
	'store' operation 0 bit ('store_ln132', serial_fft/fft_serial.cpp:132->serial_fft/fft_serial.cpp:239) of constant 0 on local variable 'bfly', serial_fft/fft_serial.cpp:132->serial_fft/fft_serial.cpp:239 [6]  (1.324 ns)
	'load' operation 10 bit ('group', serial_fft/fft_serial.cpp:132->serial_fft/fft_serial.cpp:239) on local variable 'bfly', serial_fft/fft_serial.cpp:132->serial_fft/fft_serial.cpp:239 [9]  (0.000 ns)
	'icmp' operation 1 bit ('icmp_ln132', serial_fft/fft_serial.cpp:132->serial_fft/fft_serial.cpp:239) [10]  (1.749 ns)
	'store' operation 0 bit ('store_ln132', serial_fft/fft_serial.cpp:132->serial_fft/fft_serial.cpp:239) of variable 'add_ln132', serial_fft/fft_serial.cpp:132->serial_fft/fft_serial.cpp:239 on local variable 'bfly', serial_fft/fft_serial.cpp:132->serial_fft/fft_serial.cpp:239 [61]  (1.324 ns)

 <State 2>: 4.026ns
The critical path consists of the following:
	'load' operation 17 bit ('v', serial_fft/fft_serial.cpp:147->serial_fft/fft_serial.cpp:239) on array 're_1' [26]  (2.772 ns)
	'mul' operation 32 bit ('p_rr', serial_fft/fft_serial.cpp:159->serial_fft/fft_serial.cpp:239) [33]  (1.254 ns)

 <State 3>: 1.254ns
The critical path consists of the following:
	'mul' operation 32 bit ('p_rr', serial_fft/fft_serial.cpp:159->serial_fft/fft_serial.cpp:239) [33]  (1.254 ns)

 <State 4>: 2.772ns
The critical path consists of the following:
	'load' operation 17 bit ('v', serial_fft/fft_serial.cpp:145->serial_fft/fft_serial.cpp:239) on array 're' [20]  (2.772 ns)

 <State 5>: 3.413ns
The critical path consists of the following:
	'mul' operation 32 bit ('p_rr', serial_fft/fft_serial.cpp:159->serial_fft/fft_serial.cpp:239) [33]  (1.254 ns)
	'add' operation 31 bit ('wb_re', serial_fft/fft_serial.cpp:167->serial_fft/fft_serial.cpp:239) [45]  (2.159 ns)

 <State 6>: 4.612ns
The critical path consists of the following:
	'add' operation 17 bit ('a_re_out', serial_fft/fft_serial.cpp:173->serial_fft/fft_serial.cpp:239) [52]  (1.840 ns)
	'store' operation 0 bit ('store_ln179', serial_fft/fft_serial.cpp:179->serial_fft/fft_serial.cpp:239) of variable 'a_re_out', serial_fft/fft_serial.cpp:173->serial_fft/fft_serial.cpp:239 on array 're' [57]  (2.772 ns)


============================================================
+ Verbose Summary: Binding
============================================================
N/A
* FSMD analyzer results:
  - Output states:
 - Input state : 
  - Chain level:
	State 1
	State 2
	State 3
	State 4
	State 5
	State 6


============================================================
+ Verbose Summary: Datapath Resource usage 
============================================================
N/A
