

================================================================
== Vitis HLS Report for 'fft_serial_Pipeline_bfly_loop'
================================================================
* Date:           Tue Jun 30 20:48:42 2026

* Version:        2023.2 (Build 4023990 on Oct 11 2023)
* Project:        serial_fft_hls
* Solution:       solution1 (Vivado IP Flow Target)
* Product family: artix7
* Target device:  xc7a200t-fbg676-2


================================================================
== Performance Estimates
================================================================
+ Timing: 
    * Summary: 
    +--------+----------+----------+------------+
    |  Clock |  Target  | Estimated| Uncertainty|
    +--------+----------+----------+------------+
    |ap_clk  |  10.00 ns|  4.612 ns|     2.70 ns|
    +--------+----------+----------+------------+

+ Latency: 
    * Summary: 
    +---------+---------+----------+----------+-----+-----+---------+
    |  Latency (cycles) |  Latency (absolute) |  Interval | Pipeline|
    |   min   |   max   |    min   |    max   | min | max |   Type  |
    +---------+---------+----------+----------+-----+-----+---------+
    |      518|      518|  5.180 us|  5.180 us|  518|  518|       no|
    +---------+---------+----------+----------+-----+-----+---------+

    + Detail: 
        * Instance: 
        N/A

        * Loop: 
        +-------------+---------+---------+----------+-----------+-----------+------+----------+
        |             |  Latency (cycles) | Iteration|  Initiation Interval  | Trip |          |
        |  Loop Name  |   min   |   max   |  Latency |  achieved |   target  | Count| Pipelined|
        +-------------+---------+---------+----------+-----------+-----------+------+----------+
        |- bfly_loop  |      516|      516|         6|          1|          1|   512|       yes|
        +-------------+---------+---------+----------+-----------+-----------+------+----------+



================================================================
== Utilization Estimates
================================================================
* Summary: 
+-----------------+---------+-----+--------+--------+-----+
|       Name      | BRAM_18K| DSP |   FF   |   LUT  | URAM|
+-----------------+---------+-----+--------+--------+-----+
|DSP              |        -|    -|       -|       -|    -|
|Expression       |        -|    -|       0|     209|    -|
|FIFO             |        -|    -|       -|       -|    -|
|Instance         |        -|    2|       0|       0|    -|
|Memory           |        -|    -|       -|       -|    -|
|Multiplexer      |        -|    -|       -|      36|    -|
|Register         |        -|    -|     537|     192|    -|
+-----------------+---------+-----+--------+--------+-----+
|Total            |        0|    2|     537|     437|    0|
+-----------------+---------+-----+--------+--------+-----+
|Available        |      730|  740|  269200|  134600|    0|
+-----------------+---------+-----+--------+--------+-----+
|Utilization (%)  |        0|   ~0|      ~0|      ~0|    0|
+-----------------+---------+-----+--------+--------+-----+

+ Detail: 
    * Instance: 
    +------------------------+---------------------+---------+----+---+----+-----+
    |        Instance        |        Module       | BRAM_18K| DSP| FF| LUT| URAM|
    +------------------------+---------------------+---------+----+---+----+-----+
    |mul_16s_16ns_32_4_1_U8  |mul_16s_16ns_32_4_1  |        0|   1|  0|   0|    0|
    |mul_16s_16ns_32_4_1_U9  |mul_16s_16ns_32_4_1  |        0|   1|  0|   0|    0|
    +------------------------+---------------------+---------+----+---+----+-----+
    |Total                   |                     |        0|   2|  0|   0|    0|
    +------------------------+---------------------+---------+----+---+----+-----+

    * DSP: 
    N/A

    * Memory: 
    N/A

    * FIFO: 
    N/A

    * Expression: 
    +----------------------+----------+----+---+----+------------+------------+
    |     Variable Name    | Operation| DSP| FF| LUT| Bitwidth P0| Bitwidth P1|
    +----------------------+----------+----+---+----+------------+------------+
    |add_ln132_fu_138_p2   |         +|   0|  0|  17|          10|           1|
    |im_d0                 |         +|   0|  0|  24|          17|          17|
    |re_d0                 |         +|   0|  0|  24|          17|          17|
    |wb_re_fu_211_p2       |         +|   0|  0|  38|          31|          31|
    |im_1_d0               |         -|   0|  0|  24|          17|          17|
    |re_1_d0               |         -|   0|  0|  24|          17|          17|
    |wb_im_fu_217_p2       |         -|   0|  0|  38|          31|          31|
    |icmp_ln132_fu_132_p2  |      icmp|   0|  0|  18|          10|          11|
    |ap_enable_pp0         |       xor|   0|  0|   2|           1|           2|
    +----------------------+----------+----+---+----+------------+------------+
    |Total                 |          |   0|  0| 209|         151|         144|
    +----------------------+----------+----+---+----+------------+------------+

    * Multiplexer: 
    +-------------------------+----+-----------+-----+-----------+
    |           Name          | LUT| Input Size| Bits| Total Bits|
    +-------------------------+----+-----------+-----+-----------+
    |ap_done_int              |   9|          2|    1|          2|
    |ap_enable_reg_pp0_iter1  |   9|          2|    1|          2|
    |ap_sig_allocacmp_group   |   9|          2|   10|         20|
    |bfly_fu_54               |   9|          2|   10|         20|
    +-------------------------+----+-----------+-----+-----------+
    |Total                    |  36|          8|   22|         44|
    +-------------------------+----+-----------+-----+-----------+

    * Register: 
    +----------------------------------+----+----+-----+-----------+
    |               Name               | FF | LUT| Bits| Const Bits|
    +----------------------------------+----+----+-----+-----------+
    |a_im_reg_343                      |  16|   0|   16|          0|
    |a_re_reg_338                      |  16|   0|   16|          0|
    |ap_CS_fsm                         |   1|   0|    1|          0|
    |ap_done_reg                       |   1|   0|    1|          0|
    |ap_enable_reg_pp0_iter1           |   1|   0|    1|          0|
    |ap_enable_reg_pp0_iter2           |   1|   0|    1|          0|
    |ap_enable_reg_pp0_iter3           |   1|   0|    1|          0|
    |ap_enable_reg_pp0_iter4           |   1|   0|    1|          0|
    |ap_enable_reg_pp0_iter5           |   1|   0|    1|          0|
    |ap_loop_exit_ready_pp0_iter1_reg  |   1|   0|    1|          0|
    |ap_loop_exit_ready_pp0_iter2_reg  |   1|   0|    1|          0|
    |ap_loop_exit_ready_pp0_iter3_reg  |   1|   0|    1|          0|
    |ap_loop_exit_ready_pp0_iter4_reg  |   1|   0|    1|          0|
    |b_im_reg_323                      |  16|   0|   16|          0|
    |b_re_reg_318                      |  16|   0|   16|          0|
    |bfly_fu_54                        |  10|   0|   10|          0|
    |im_1_addr_1_reg_312               |   9|   0|    9|          0|
    |im_addr_1_reg_300                 |   9|   0|    9|          0|
    |re_1_addr_1_reg_306               |   9|   0|    9|          0|
    |re_addr_1_reg_294                 |   9|   0|    9|          0|
    |wb_im_s_reg_353                   |  16|   0|   16|          0|
    |wb_re_s_reg_348                   |  16|   0|   16|          0|
    |b_im_reg_323                      |  64|  32|   16|          0|
    |b_re_reg_318                      |  64|  32|   16|          0|
    |im_1_addr_1_reg_312               |  64|  32|    9|          0|
    |im_addr_1_reg_300                 |  64|  32|    9|          0|
    |re_1_addr_1_reg_306               |  64|  32|    9|          0|
    |re_addr_1_reg_294                 |  64|  32|    9|          0|
    +----------------------------------+----+----+-----+-----------+
    |Total                             | 537| 192|  221|          0|
    +----------------------------------+----+----+-----+-----------+



================================================================
== Interface
================================================================
* Summary: 
+---------------+-----+-----+------------+-------------------------------+--------------+
|   RTL Ports   | Dir | Bits|  Protocol  |         Source Object         |    C Type    |
+---------------+-----+-----+------------+-------------------------------+--------------+
|ap_clk         |   in|    1|  ap_ctrl_hs|  fft_serial_Pipeline_bfly_loop|  return value|
|ap_rst         |   in|    1|  ap_ctrl_hs|  fft_serial_Pipeline_bfly_loop|  return value|
|ap_start       |   in|    1|  ap_ctrl_hs|  fft_serial_Pipeline_bfly_loop|  return value|
|ap_done        |  out|    1|  ap_ctrl_hs|  fft_serial_Pipeline_bfly_loop|  return value|
|ap_idle        |  out|    1|  ap_ctrl_hs|  fft_serial_Pipeline_bfly_loop|  return value|
|ap_ready       |  out|    1|  ap_ctrl_hs|  fft_serial_Pipeline_bfly_loop|  return value|
|im_1_address0  |  out|    9|   ap_memory|                           im_1|         array|
|im_1_ce0       |  out|    1|   ap_memory|                           im_1|         array|
|im_1_we0       |  out|    1|   ap_memory|                           im_1|         array|
|im_1_d0        |  out|   17|   ap_memory|                           im_1|         array|
|im_1_address1  |  out|    9|   ap_memory|                           im_1|         array|
|im_1_ce1       |  out|    1|   ap_memory|                           im_1|         array|
|im_1_q1        |   in|   17|   ap_memory|                           im_1|         array|
|im_address0    |  out|    9|   ap_memory|                             im|         array|
|im_ce0         |  out|    1|   ap_memory|                             im|         array|
|im_we0         |  out|    1|   ap_memory|                             im|         array|
|im_d0          |  out|   17|   ap_memory|                             im|         array|
|im_address1    |  out|    9|   ap_memory|                             im|         array|
|im_ce1         |  out|    1|   ap_memory|                             im|         array|
|im_q1          |   in|   17|   ap_memory|                             im|         array|
|re_1_address0  |  out|    9|   ap_memory|                           re_1|         array|
|re_1_ce0       |  out|    1|   ap_memory|                           re_1|         array|
|re_1_we0       |  out|    1|   ap_memory|                           re_1|         array|
|re_1_d0        |  out|   17|   ap_memory|                           re_1|         array|
|re_1_address1  |  out|    9|   ap_memory|                           re_1|         array|
|re_1_ce1       |  out|    1|   ap_memory|                           re_1|         array|
|re_1_q1        |   in|   17|   ap_memory|                           re_1|         array|
|re_address0    |  out|    9|   ap_memory|                             re|         array|
|re_ce0         |  out|    1|   ap_memory|                             re|         array|
|re_we0         |  out|    1|   ap_memory|                             re|         array|
|re_d0          |  out|   17|   ap_memory|                             re|         array|
|re_address1    |  out|    9|   ap_memory|                             re|         array|
|re_ce1         |  out|    1|   ap_memory|                             re|         array|
|re_q1          |   in|   17|   ap_memory|                             re|         array|
+---------------+-----+-----+------------+-------------------------------+--------------+

============================================================
+ Verbose Summary: Synthesis Manager
============================================================
InlineROM: 1
ExposeGlobal: 0
============================================================
+ Verbose Summary: CDFG Model
============================================================
IsTopModel: 0
ResetActiveHigh: 1
IsCombinational: 2
IsDatapathOnly: 2
HasWiredReturn: 1
HasMFsm: 2
HasVarLatency: 1
IsPipeline: 0
IsRtlPipelined: 0
IsInstanceOverlapped: 0
IsDontTouch: 0
HasImplIP: 0
IsGatedGlobalClock: 0

+ Individual pipeline summary: 
  * Pipeline-0: initiation interval (II) = 1, depth = 6


============================================================
+ Verbose Summary: Schedule
============================================================
* Number of FSM states : 6
* Pipeline : 1
  Pipeline-0 : II = 1, D = 6, States = { 1 2 3 4 5 6 }
* Dataflow Pipeline: 0

* FSM state transitions: 
1 --> 2 
2 --> 3 
3 --> 4 
4 --> 5 
5 --> 6 
6 --> 

* FSM state operations: 

State 1 <SV = 0> <Delay = 4.39>
ST_1 : Operation 9 [1/1] (0.00ns)   --->   "%bfly = alloca i32 1" [serial_fft/fft_serial.cpp:132->serial_fft/fft_serial.cpp:239]   --->   Operation 9 'alloca' 'bfly' <Predicate = true> <Delay = 0.00>
ST_1 : Operation 10 [1/1] (1.32ns)   --->   "%store_ln132 = store i10 0, i10 %bfly" [serial_fft/fft_serial.cpp:132->serial_fft/fft_serial.cpp:239]   --->   Operation 10 'store' 'store_ln132' <Predicate = true> <Delay = 1.32>
ST_1 : Operation 11 [1/1] (0.00ns)   --->   "%br_ln0 = br void %for.body.i12683"   --->   Operation 11 'br' 'br_ln0' <Predicate = true> <Delay = 0.00>
ST_1 : Operation 12 [1/1] (0.00ns)   --->   "%group = load i10 %bfly" [serial_fft/fft_serial.cpp:132->serial_fft/fft_serial.cpp:239]   --->   Operation 12 'load' 'group' <Predicate = true> <Delay = 0.00>
ST_1 : Operation 13 [1/1] (1.74ns)   --->   "%icmp_ln132 = icmp_eq  i10 %group, i10 512" [serial_fft/fft_serial.cpp:132->serial_fft/fft_serial.cpp:239]   --->   Operation 13 'icmp' 'icmp_ln132' <Predicate = true> <Delay = 1.74> <CoreInst = "Cmp">   --->   Core 9 'Cmp' <Latency = 0> <II = 1> <Delay = 1.76> <FuncUnit> <Opcode : 'icmp'> <InPorts = 2> <OutPorts = 1>
ST_1 : Operation 14 [1/1] (1.74ns)   --->   "%add_ln132 = add i10 %group, i10 1" [serial_fft/fft_serial.cpp:132->serial_fft/fft_serial.cpp:239]   --->   Operation 14 'add' 'add_ln132' <Predicate = true> <Delay = 1.74> <CoreInst = "Adder">   --->   Core 1 'Adder' <Latency = 0> <II = 1> <Delay = 1.74> <FuncUnit> <Opcode : 'add' 'sub'> <InPorts = 2> <OutPorts = 1>
ST_1 : Operation 15 [1/1] (0.00ns)   --->   "%br_ln132 = br i1 %icmp_ln132, void %fpga_resource_hint.for.body.i12683.39, void %for.body42.i13124.preheader.exitStub" [serial_fft/fft_serial.cpp:132->serial_fft/fft_serial.cpp:239]   --->   Operation 15 'br' 'br_ln132' <Predicate = true> <Delay = 0.00>
ST_1 : Operation 16 [1/1] (0.00ns)   --->   "%trunc_ln132 = trunc i10 %group" [serial_fft/fft_serial.cpp:132->serial_fft/fft_serial.cpp:239]   --->   Operation 16 'trunc' 'trunc_ln132' <Predicate = (!icmp_ln132)> <Delay = 0.00>
ST_1 : Operation 17 [1/1] (0.00ns)   --->   "%zext_ln145 = zext i9 %trunc_ln132" [serial_fft/fft_serial.cpp:145->serial_fft/fft_serial.cpp:239]   --->   Operation 17 'zext' 'zext_ln145' <Predicate = (!icmp_ln132)> <Delay = 0.00>
ST_1 : Operation 18 [1/1] (0.00ns)   --->   "%re_addr_1 = getelementptr i17 %re, i64 0, i64 %zext_ln145" [serial_fft/fft_serial.cpp:145->serial_fft/fft_serial.cpp:239]   --->   Operation 18 'getelementptr' 're_addr_1' <Predicate = (!icmp_ln132)> <Delay = 0.00>
ST_1 : Operation 19 [1/1] (0.00ns)   --->   "%im_addr_1 = getelementptr i17 %im, i64 0, i64 %zext_ln145" [serial_fft/fft_serial.cpp:146->serial_fft/fft_serial.cpp:239]   --->   Operation 19 'getelementptr' 'im_addr_1' <Predicate = (!icmp_ln132)> <Delay = 0.00>
ST_1 : Operation 20 [1/1] (0.00ns)   --->   "%re_1_addr_1 = getelementptr i17 %re_1, i64 0, i64 %zext_ln145" [serial_fft/fft_serial.cpp:147->serial_fft/fft_serial.cpp:239]   --->   Operation 20 'getelementptr' 're_1_addr_1' <Predicate = (!icmp_ln132)> <Delay = 0.00>
ST_1 : Operation 21 [2/2] (2.77ns)   --->   "%v_32 = load i9 %re_1_addr_1" [serial_fft/fft_serial.cpp:147->serial_fft/fft_serial.cpp:239]   --->   Operation 21 'load' 'v_32' <Predicate = (!icmp_ln132)> <Delay = 2.77> <CoreInst = "RAM">   --->   Core 82 'RAM' <Latency = 1> <II = 1> <Delay = 2.77> <Storage> <Opcode : 'load' 'store'> <Ports = 2> <Width = 17> <Depth = 512> <RAM>
ST_1 : Operation 22 [1/1] (0.00ns)   --->   "%im_1_addr_1 = getelementptr i17 %im_1, i64 0, i64 %zext_ln145" [serial_fft/fft_serial.cpp:148->serial_fft/fft_serial.cpp:239]   --->   Operation 22 'getelementptr' 'im_1_addr_1' <Predicate = (!icmp_ln132)> <Delay = 0.00>
ST_1 : Operation 23 [2/2] (2.77ns)   --->   "%v_33 = load i9 %im_1_addr_1" [serial_fft/fft_serial.cpp:148->serial_fft/fft_serial.cpp:239]   --->   Operation 23 'load' 'v_33' <Predicate = (!icmp_ln132)> <Delay = 2.77> <CoreInst = "RAM">   --->   Core 82 'RAM' <Latency = 1> <II = 1> <Delay = 2.77> <Storage> <Opcode : 'load' 'store'> <Ports = 2> <Width = 17> <Depth = 512> <RAM>
ST_1 : Operation 24 [1/1] (1.32ns)   --->   "%store_ln132 = store i10 %add_ln132, i10 %bfly" [serial_fft/fft_serial.cpp:132->serial_fft/fft_serial.cpp:239]   --->   Operation 24 'store' 'store_ln132' <Predicate = (!icmp_ln132)> <Delay = 1.32>

State 2 <SV = 1> <Delay = 4.02>
ST_2 : Operation 25 [1/2] (2.77ns)   --->   "%v_32 = load i9 %re_1_addr_1" [serial_fft/fft_serial.cpp:147->serial_fft/fft_serial.cpp:239]   --->   Operation 25 'load' 'v_32' <Predicate = true> <Delay = 2.77> <CoreInst = "RAM">   --->   Core 82 'RAM' <Latency = 1> <II = 1> <Delay = 2.77> <Storage> <Opcode : 'load' 'store'> <Ports = 2> <Width = 17> <Depth = 512> <RAM>
ST_2 : Operation 26 [1/1] (0.00ns)   --->   "%b_re = trunc i17 %v_32" [serial_fft/fft_serial.cpp:27->serial_fft/fft_serial.cpp:147->serial_fft/fft_serial.cpp:239]   --->   Operation 26 'trunc' 'b_re' <Predicate = true> <Delay = 0.00>
ST_2 : Operation 27 [1/2] (2.77ns)   --->   "%v_33 = load i9 %im_1_addr_1" [serial_fft/fft_serial.cpp:148->serial_fft/fft_serial.cpp:239]   --->   Operation 27 'load' 'v_33' <Predicate = true> <Delay = 2.77> <CoreInst = "RAM">   --->   Core 82 'RAM' <Latency = 1> <II = 1> <Delay = 2.77> <Storage> <Opcode : 'load' 'store'> <Ports = 2> <Width = 17> <Depth = 512> <RAM>
ST_2 : Operation 28 [1/1] (0.00ns)   --->   "%b_im = trunc i17 %v_33" [serial_fft/fft_serial.cpp:27->serial_fft/fft_serial.cpp:148->serial_fft/fft_serial.cpp:239]   --->   Operation 28 'trunc' 'b_im' <Predicate = true> <Delay = 0.00>
ST_2 : Operation 29 [1/1] (0.00ns)   --->   "%sext_ln159 = sext i16 %b_re" [serial_fft/fft_serial.cpp:159->serial_fft/fft_serial.cpp:239]   --->   Operation 29 'sext' 'sext_ln159' <Predicate = true> <Delay = 0.00>
ST_2 : Operation 30 [4/4] (1.25ns)   --->   "%p_rr = mul i32 %sext_ln159, i32 32767" [serial_fft/fft_serial.cpp:159->serial_fft/fft_serial.cpp:239]   --->   Operation 30 'mul' 'p_rr' <Predicate = true> <Delay = 1.25> <CoreInst = "Mul_DSP">   --->   Core 5 'Mul_DSP' <Latency = 3> <II = 1> <Delay = 3.72> <FuncUnit> <Opcode : 'mul'> <InPorts = 2> <OutPorts = 1>
ST_2 : Operation 31 [1/1] (0.00ns)   --->   "%sext_ln160 = sext i16 %b_im" [serial_fft/fft_serial.cpp:160->serial_fft/fft_serial.cpp:239]   --->   Operation 31 'sext' 'sext_ln160' <Predicate = true> <Delay = 0.00>
ST_2 : Operation 32 [4/4] (1.25ns)   --->   "%p_ir = mul i32 %sext_ln160, i32 32767" [serial_fft/fft_serial.cpp:162->serial_fft/fft_serial.cpp:239]   --->   Operation 32 'mul' 'p_ir' <Predicate = true> <Delay = 1.25> <CoreInst = "Mul_DSP">   --->   Core 5 'Mul_DSP' <Latency = 3> <II = 1> <Delay = 3.72> <FuncUnit> <Opcode : 'mul'> <InPorts = 2> <OutPorts = 1>

State 3 <SV = 2> <Delay = 1.25>
ST_3 : Operation 33 [3/4] (1.25ns)   --->   "%p_rr = mul i32 %sext_ln159, i32 32767" [serial_fft/fft_serial.cpp:159->serial_fft/fft_serial.cpp:239]   --->   Operation 33 'mul' 'p_rr' <Predicate = true> <Delay = 1.25> <CoreInst = "Mul_DSP">   --->   Core 5 'Mul_DSP' <Latency = 3> <II = 1> <Delay = 3.72> <FuncUnit> <Opcode : 'mul'> <InPorts = 2> <OutPorts = 1>
ST_3 : Operation 34 [3/4] (1.25ns)   --->   "%p_ir = mul i32 %sext_ln160, i32 32767" [serial_fft/fft_serial.cpp:162->serial_fft/fft_serial.cpp:239]   --->   Operation 34 'mul' 'p_ir' <Predicate = true> <Delay = 1.25> <CoreInst = "Mul_DSP">   --->   Core 5 'Mul_DSP' <Latency = 3> <II = 1> <Delay = 3.72> <FuncUnit> <Opcode : 'mul'> <InPorts = 2> <OutPorts = 1>

State 4 <SV = 3> <Delay = 2.77>
ST_4 : Operation 35 [2/2] (2.77ns)   --->   "%v = load i9 %re_addr_1" [serial_fft/fft_serial.cpp:145->serial_fft/fft_serial.cpp:239]   --->   Operation 35 'load' 'v' <Predicate = true> <Delay = 2.77> <CoreInst = "RAM">   --->   Core 82 'RAM' <Latency = 1> <II = 1> <Delay = 2.77> <Storage> <Opcode : 'load' 'store'> <Ports = 2> <Width = 17> <Depth = 512> <RAM>
ST_4 : Operation 36 [2/2] (2.77ns)   --->   "%v_31 = load i9 %im_addr_1" [serial_fft/fft_serial.cpp:146->serial_fft/fft_serial.cpp:239]   --->   Operation 36 'load' 'v_31' <Predicate = true> <Delay = 2.77> <CoreInst = "RAM">   --->   Core 82 'RAM' <Latency = 1> <II = 1> <Delay = 2.77> <Storage> <Opcode : 'load' 'store'> <Ports = 2> <Width = 17> <Depth = 512> <RAM>
ST_4 : Operation 37 [2/4] (1.25ns)   --->   "%p_rr = mul i32 %sext_ln159, i32 32767" [serial_fft/fft_serial.cpp:159->serial_fft/fft_serial.cpp:239]   --->   Operation 37 'mul' 'p_rr' <Predicate = true> <Delay = 1.25> <CoreInst = "Mul_DSP">   --->   Core 5 'Mul_DSP' <Latency = 3> <II = 1> <Delay = 3.72> <FuncUnit> <Opcode : 'mul'> <InPorts = 2> <OutPorts = 1>
ST_4 : Operation 38 [2/4] (1.25ns)   --->   "%p_ir = mul i32 %sext_ln160, i32 32767" [serial_fft/fft_serial.cpp:162->serial_fft/fft_serial.cpp:239]   --->   Operation 38 'mul' 'p_ir' <Predicate = true> <Delay = 1.25> <CoreInst = "Mul_DSP">   --->   Core 5 'Mul_DSP' <Latency = 3> <II = 1> <Delay = 3.72> <FuncUnit> <Opcode : 'mul'> <InPorts = 2> <OutPorts = 1>

State 5 <SV = 4> <Delay = 3.41>
ST_5 : Operation 39 [1/2] (2.77ns)   --->   "%v = load i9 %re_addr_1" [serial_fft/fft_serial.cpp:145->serial_fft/fft_serial.cpp:239]   --->   Operation 39 'load' 'v' <Predicate = true> <Delay = 2.77> <CoreInst = "RAM">   --->   Core 82 'RAM' <Latency = 1> <II = 1> <Delay = 2.77> <Storage> <Opcode : 'load' 'store'> <Ports = 2> <Width = 17> <Depth = 512> <RAM>
ST_5 : Operation 40 [1/1] (0.00ns)   --->   "%a_re = trunc i17 %v" [serial_fft/fft_serial.cpp:27->serial_fft/fft_serial.cpp:145->serial_fft/fft_serial.cpp:239]   --->   Operation 40 'trunc' 'a_re' <Predicate = true> <Delay = 0.00>
ST_5 : Operation 41 [1/2] (2.77ns)   --->   "%v_31 = load i9 %im_addr_1" [serial_fft/fft_serial.cpp:146->serial_fft/fft_serial.cpp:239]   --->   Operation 41 'load' 'v_31' <Predicate = true> <Delay = 2.77> <CoreInst = "RAM">   --->   Core 82 'RAM' <Latency = 1> <II = 1> <Delay = 2.77> <Storage> <Opcode : 'load' 'store'> <Ports = 2> <Width = 17> <Depth = 512> <RAM>
ST_5 : Operation 42 [1/1] (0.00ns)   --->   "%a_im = trunc i17 %v_31" [serial_fft/fft_serial.cpp:27->serial_fft/fft_serial.cpp:146->serial_fft/fft_serial.cpp:239]   --->   Operation 42 'trunc' 'a_im' <Predicate = true> <Delay = 0.00>
ST_5 : Operation 43 [1/4] (1.25ns)   --->   "%p_rr = mul i32 %sext_ln159, i32 32767" [serial_fft/fft_serial.cpp:159->serial_fft/fft_serial.cpp:239]   --->   Operation 43 'mul' 'p_rr' <Predicate = true> <Delay = 1.25> <CoreInst = "Mul_DSP">   --->   Core 5 'Mul_DSP' <Latency = 3> <II = 1> <Delay = 3.72> <FuncUnit> <Opcode : 'mul'> <InPorts = 2> <OutPorts = 1>
ST_5 : Operation 44 [1/1] (0.00ns)   --->   "%specfucore_ln163 = specfucore void @_ssdm_op_SpecFUCore, i32 %p_rr, i64 12, i64 3, i64 3" [serial_fft/fft_serial.cpp:163->serial_fft/fft_serial.cpp:239]   --->   Operation 44 'specfucore' 'specfucore_ln163' <Predicate = true> <Delay = 0.00>
ST_5 : Operation 45 [1/1] (0.00ns)   --->   "%trunc_ln159 = trunc i32 %p_rr" [serial_fft/fft_serial.cpp:159->serial_fft/fft_serial.cpp:239]   --->   Operation 45 'trunc' 'trunc_ln159' <Predicate = true> <Delay = 0.00>
ST_5 : Operation 46 [1/1] (0.00ns)   --->   "%sext_ln161 = sext i16 %b_im" [serial_fft/fft_serial.cpp:161->serial_fft/fft_serial.cpp:239]   --->   Operation 46 'sext' 'sext_ln161' <Predicate = true> <Delay = 0.00>
ST_5 : Operation 47 [1/1] (0.00ns)   --->   "%sext_ln162 = sext i16 %b_re" [serial_fft/fft_serial.cpp:162->serial_fft/fft_serial.cpp:239]   --->   Operation 47 'sext' 'sext_ln162' <Predicate = true> <Delay = 0.00>
ST_5 : Operation 48 [1/4] (1.25ns)   --->   "%p_ir = mul i32 %sext_ln160, i32 32767" [serial_fft/fft_serial.cpp:162->serial_fft/fft_serial.cpp:239]   --->   Operation 48 'mul' 'p_ir' <Predicate = true> <Delay = 1.25> <CoreInst = "Mul_DSP">   --->   Core 5 'Mul_DSP' <Latency = 3> <II = 1> <Delay = 3.72> <FuncUnit> <Opcode : 'mul'> <InPorts = 2> <OutPorts = 1>
ST_5 : Operation 49 [1/1] (0.00ns)   --->   "%specfucore_ln166 = specfucore void @_ssdm_op_SpecFUCore, i32 %p_ir, i64 12, i64 3, i64 3" [serial_fft/fft_serial.cpp:166->serial_fft/fft_serial.cpp:239]   --->   Operation 49 'specfucore' 'specfucore_ln166' <Predicate = true> <Delay = 0.00>
ST_5 : Operation 50 [1/1] (0.00ns)   --->   "%trunc_ln162 = trunc i32 %p_ir" [serial_fft/fft_serial.cpp:162->serial_fft/fft_serial.cpp:239]   --->   Operation 50 'trunc' 'trunc_ln162' <Predicate = true> <Delay = 0.00>
ST_5 : Operation 51 [1/1] (2.15ns)   --->   "%wb_re = add i31 %trunc_ln159, i31 %sext_ln161" [serial_fft/fft_serial.cpp:167->serial_fft/fft_serial.cpp:239]   --->   Operation 51 'add' 'wb_re' <Predicate = true> <Delay = 2.15> <CoreInst = "Adder">   --->   Core 1 'Adder' <Latency = 0> <II = 1> <Delay = 2.15> <FuncUnit> <Opcode : 'add' 'sub'> <InPorts = 2> <OutPorts = 1>
ST_5 : Operation 52 [1/1] (2.15ns)   --->   "%wb_im = sub i31 %trunc_ln162, i31 %sext_ln162" [serial_fft/fft_serial.cpp:168->serial_fft/fft_serial.cpp:239]   --->   Operation 52 'sub' 'wb_im' <Predicate = true> <Delay = 2.15> <CoreInst = "Adder">   --->   Core 1 'Adder' <Latency = 0> <II = 1> <Delay = 2.15> <FuncUnit> <Opcode : 'add' 'sub'> <InPorts = 2> <OutPorts = 1>
ST_5 : Operation 53 [1/1] (0.00ns)   --->   "%wb_re_s = partselect i16 @_ssdm_op_PartSelect.i16.i31.i32.i32, i31 %wb_re, i32 15, i32 30" [serial_fft/fft_serial.cpp:169->serial_fft/fft_serial.cpp:239]   --->   Operation 53 'partselect' 'wb_re_s' <Predicate = true> <Delay = 0.00>
ST_5 : Operation 54 [1/1] (0.00ns)   --->   "%wb_im_s = partselect i16 @_ssdm_op_PartSelect.i16.i31.i32.i32, i31 %wb_im, i32 15, i32 30" [serial_fft/fft_serial.cpp:170->serial_fft/fft_serial.cpp:239]   --->   Operation 54 'partselect' 'wb_im_s' <Predicate = true> <Delay = 0.00>
ST_5 : Operation 75 [1/1] (0.00ns)   --->   "%ret_ln0 = ret"   --->   Operation 75 'ret' 'ret_ln0' <Predicate = (icmp_ln132)> <Delay = 0.00>

State 6 <SV = 5> <Delay = 4.61>
ST_6 : Operation 55 [1/1] (0.00ns)   --->   "%specpipeline_ln133 = specpipeline void @_ssdm_op_SpecPipeline, i32 1, i32 0, i32 0, i32 0, void @empty_36" [serial_fft/fft_serial.cpp:133->serial_fft/fft_serial.cpp:239]   --->   Operation 55 'specpipeline' 'specpipeline_ln133' <Predicate = true> <Delay = 0.00>
ST_6 : Operation 56 [1/1] (0.00ns)   --->   "%speclooptripcount_ln138 = speclooptripcount void @_ssdm_op_SpecLoopTripCount, i64 512, i64 512, i64 512" [serial_fft/fft_serial.cpp:138->serial_fft/fft_serial.cpp:239]   --->   Operation 56 'speclooptripcount' 'speclooptripcount_ln138' <Predicate = true> <Delay = 0.00>
ST_6 : Operation 57 [1/1] (0.00ns)   --->   "%specloopname_ln132 = specloopname void @_ssdm_op_SpecLoopName, void @empty_52" [serial_fft/fft_serial.cpp:132->serial_fft/fft_serial.cpp:239]   --->   Operation 57 'specloopname' 'specloopname_ln132' <Predicate = true> <Delay = 0.00>
ST_6 : Operation 58 [1/1] (0.00ns)   --->   "%rbegin1 = specregionbegin i32 @_ssdm_op_SpecRegionBegin, void @empty_34" [serial_fft/fft_serial.cpp:159->serial_fft/fft_serial.cpp:239]   --->   Operation 58 'specregionbegin' 'rbegin1' <Predicate = true> <Delay = 0.00>
ST_6 : Operation 59 [1/1] (0.00ns)   --->   "%rend301 = specregionend i32 @_ssdm_op_SpecRegionEnd, void @empty_34, i32 %rbegin1" [serial_fft/fft_serial.cpp:159->serial_fft/fft_serial.cpp:239]   --->   Operation 59 'specregionend' 'rend301' <Predicate = true> <Delay = 0.00>
ST_6 : Operation 60 [1/1] (0.00ns)   --->   "%rbegin4 = specregionbegin i32 @_ssdm_op_SpecRegionBegin, void @empty_33" [serial_fft/fft_serial.cpp:162->serial_fft/fft_serial.cpp:239]   --->   Operation 60 'specregionbegin' 'rbegin4' <Predicate = true> <Delay = 0.00>
ST_6 : Operation 61 [1/1] (0.00ns)   --->   "%rend295 = specregionend i32 @_ssdm_op_SpecRegionEnd, void @empty_33, i32 %rbegin4" [serial_fft/fft_serial.cpp:162->serial_fft/fft_serial.cpp:239]   --->   Operation 61 'specregionend' 'rend295' <Predicate = true> <Delay = 0.00>
ST_6 : Operation 62 [1/1] (0.00ns)   --->   "%sext_ln169 = sext i16 %wb_re_s" [serial_fft/fft_serial.cpp:169->serial_fft/fft_serial.cpp:239]   --->   Operation 62 'sext' 'sext_ln169' <Predicate = true> <Delay = 0.00>
ST_6 : Operation 63 [1/1] (0.00ns)   --->   "%sext_ln170 = sext i16 %wb_im_s" [serial_fft/fft_serial.cpp:170->serial_fft/fft_serial.cpp:239]   --->   Operation 63 'sext' 'sext_ln170' <Predicate = true> <Delay = 0.00>
ST_6 : Operation 64 [1/1] (0.00ns)   --->   "%sext_ln175 = sext i16 %a_re" [serial_fft/fft_serial.cpp:175->serial_fft/fft_serial.cpp:239]   --->   Operation 64 'sext' 'sext_ln175' <Predicate = true> <Delay = 0.00>
ST_6 : Operation 65 [1/1] (1.84ns)   --->   "%a_re_out = add i17 %sext_ln169, i17 %sext_ln175" [serial_fft/fft_serial.cpp:173->serial_fft/fft_serial.cpp:239]   --->   Operation 65 'add' 'a_re_out' <Predicate = true> <Delay = 1.84> <CoreInst = "Adder">   --->   Core 1 'Adder' <Latency = 0> <II = 1> <Delay = 1.86> <FuncUnit> <Opcode : 'add' 'sub'> <InPorts = 2> <OutPorts = 1>
ST_6 : Operation 66 [1/1] (0.00ns)   --->   "%sext_ln176 = sext i16 %a_im" [serial_fft/fft_serial.cpp:176->serial_fft/fft_serial.cpp:239]   --->   Operation 66 'sext' 'sext_ln176' <Predicate = true> <Delay = 0.00>
ST_6 : Operation 67 [1/1] (1.84ns)   --->   "%a_im_out = add i17 %sext_ln170, i17 %sext_ln176" [serial_fft/fft_serial.cpp:174->serial_fft/fft_serial.cpp:239]   --->   Operation 67 'add' 'a_im_out' <Predicate = true> <Delay = 1.84> <CoreInst = "Adder">   --->   Core 1 'Adder' <Latency = 0> <II = 1> <Delay = 1.86> <FuncUnit> <Opcode : 'add' 'sub'> <InPorts = 2> <OutPorts = 1>
ST_6 : Operation 68 [1/1] (1.84ns)   --->   "%b_re_out = sub i17 %sext_ln175, i17 %sext_ln169" [serial_fft/fft_serial.cpp:175->serial_fft/fft_serial.cpp:239]   --->   Operation 68 'sub' 'b_re_out' <Predicate = true> <Delay = 1.84> <CoreInst = "Adder">   --->   Core 1 'Adder' <Latency = 0> <II = 1> <Delay = 1.86> <FuncUnit> <Opcode : 'add' 'sub'> <InPorts = 2> <OutPorts = 1>
ST_6 : Operation 69 [1/1] (1.84ns)   --->   "%b_im_out = sub i17 %sext_ln176, i17 %sext_ln170" [serial_fft/fft_serial.cpp:176->serial_fft/fft_serial.cpp:239]   --->   Operation 69 'sub' 'b_im_out' <Predicate = true> <Delay = 1.84> <CoreInst = "Adder">   --->   Core 1 'Adder' <Latency = 0> <II = 1> <Delay = 1.86> <FuncUnit> <Opcode : 'add' 'sub'> <InPorts = 2> <OutPorts = 1>
ST_6 : Operation 70 [1/1] (2.77ns)   --->   "%store_ln179 = store i17 %a_re_out, i9 %re_addr_1" [serial_fft/fft_serial.cpp:179->serial_fft/fft_serial.cpp:239]   --->   Operation 70 'store' 'store_ln179' <Predicate = true> <Delay = 2.77> <CoreInst = "RAM">   --->   Core 82 'RAM' <Latency = 1> <II = 1> <Delay = 2.77> <Storage> <Opcode : 'load' 'store'> <Ports = 2> <Width = 17> <Depth = 512> <RAM>
ST_6 : Operation 71 [1/1] (2.77ns)   --->   "%store_ln180 = store i17 %b_re_out, i9 %re_1_addr_1" [serial_fft/fft_serial.cpp:180->serial_fft/fft_serial.cpp:239]   --->   Operation 71 'store' 'store_ln180' <Predicate = true> <Delay = 2.77> <CoreInst = "RAM">   --->   Core 82 'RAM' <Latency = 1> <II = 1> <Delay = 2.77> <Storage> <Opcode : 'load' 'store'> <Ports = 2> <Width = 17> <Depth = 512> <RAM>
ST_6 : Operation 72 [1/1] (2.77ns)   --->   "%store_ln179 = store i17 %a_im_out, i9 %im_addr_1" [serial_fft/fft_serial.cpp:179->serial_fft/fft_serial.cpp:239]   --->   Operation 72 'store' 'store_ln179' <Predicate = true> <Delay = 2.77> <CoreInst = "RAM">   --->   Core 82 'RAM' <Latency = 1> <II = 1> <Delay = 2.77> <Storage> <Opcode : 'load' 'store'> <Ports = 2> <Width = 17> <Depth = 512> <RAM>
ST_6 : Operation 73 [1/1] (2.77ns)   --->   "%store_ln180 = store i17 %b_im_out, i9 %im_1_addr_1" [serial_fft/fft_serial.cpp:180->serial_fft/fft_serial.cpp:239]   --->   Operation 73 'store' 'store_ln180' <Predicate = true> <Delay = 2.77> <CoreInst = "RAM">   --->   Core 82 'RAM' <Latency = 1> <II = 1> <Delay = 2.77> <Storage> <Opcode : 'load' 'store'> <Ports = 2> <Width = 17> <Depth = 512> <RAM>
ST_6 : Operation 74 [1/1] (0.00ns)   --->   "%br_ln132 = br void %for.body.i12683" [serial_fft/fft_serial.cpp:132->serial_fft/fft_serial.cpp:239]   --->   Operation 74 'br' 'br_ln132' <Predicate = true> <Delay = 0.00>


============================================================
+ Verbose Summary: Binding
============================================================
STG Binding: 
---------------- STG Properties BEGIN ----------------
- Is combinational: 0
- Is one-state seq: 0
- Is datapath-only: 0
- Is pipelined: 0
- Is top level: 0
Port [ Return ] is wired: 1; IO mode=ap_ctrl_hs:ce=0
Port [ im_1]:  wired=1; compound=1; hidden=0; nouse=0; global=0; static=0; extern=0; dir=2; type=1; pingpong=0; private_global=0; MemPort=[01]; IO mode=ap_memory:ce=0
Port [ im]:  wired=1; compound=1; hidden=0; nouse=0; global=0; static=0; extern=0; dir=2; type=1; pingpong=0; private_global=0; MemPort=[01]; IO mode=ap_memory:ce=0
Port [ re_1]:  wired=1; compound=1; hidden=0; nouse=0; global=0; static=0; extern=0; dir=2; type=1; pingpong=0; private_global=0; MemPort=[01]; IO mode=ap_memory:ce=0
Port [ re]:  wired=1; compound=1; hidden=0; nouse=0; global=0; static=0; extern=0; dir=2; type=1; pingpong=0; private_global=0; MemPort=[01]; IO mode=ap_memory:ce=0
---------------- STG Properties END ------------------

---------------- Datapath Model BEGIN ----------------

<LifeTime>
<method=bitvector/>
bfly                    (alloca           ) [ 0100000]
store_ln132             (store            ) [ 0000000]
br_ln0                  (br               ) [ 0000000]
group                   (load             ) [ 0000000]
icmp_ln132              (icmp             ) [ 0111110]
add_ln132               (add              ) [ 0000000]
br_ln132                (br               ) [ 0000000]
trunc_ln132             (trunc            ) [ 0000000]
zext_ln145              (zext             ) [ 0000000]
re_addr_1               (getelementptr    ) [ 0111111]
im_addr_1               (getelementptr    ) [ 0111111]
re_1_addr_1             (getelementptr    ) [ 0111111]
im_1_addr_1             (getelementptr    ) [ 0111111]
store_ln132             (store            ) [ 0000000]
v_32                    (load             ) [ 0000000]
b_re                    (trunc            ) [ 0101110]
v_33                    (load             ) [ 0000000]
b_im                    (trunc            ) [ 0101110]
sext_ln159              (sext             ) [ 0101110]
sext_ln160              (sext             ) [ 0101110]
v                       (load             ) [ 0000000]
a_re                    (trunc            ) [ 0100001]
v_31                    (load             ) [ 0000000]
a_im                    (trunc            ) [ 0100001]
p_rr                    (mul              ) [ 0000000]
specfucore_ln163        (specfucore       ) [ 0000000]
trunc_ln159             (trunc            ) [ 0000000]
sext_ln161              (sext             ) [ 0000000]
sext_ln162              (sext             ) [ 0000000]
p_ir                    (mul              ) [ 0000000]
specfucore_ln166        (specfucore       ) [ 0000000]
trunc_ln162             (trunc            ) [ 0000000]
wb_re                   (add              ) [ 0000000]
wb_im                   (sub              ) [ 0000000]
wb_re_s                 (partselect       ) [ 0100001]
wb_im_s                 (partselect       ) [ 0100001]
specpipeline_ln133      (specpipeline     ) [ 0000000]
speclooptripcount_ln138 (speclooptripcount) [ 0000000]
specloopname_ln132      (specloopname     ) [ 0000000]
rbegin1                 (specregionbegin  ) [ 0000000]
rend301                 (specregionend    ) [ 0000000]
rbegin4                 (specregionbegin  ) [ 0000000]
rend295                 (specregionend    ) [ 0000000]
sext_ln169              (sext             ) [ 0000000]
sext_ln170              (sext             ) [ 0000000]
sext_ln175              (sext             ) [ 0000000]
a_re_out                (add              ) [ 0000000]
sext_ln176              (sext             ) [ 0000000]
a_im_out                (add              ) [ 0000000]
b_re_out                (sub              ) [ 0000000]
b_im_out                (sub              ) [ 0000000]
store_ln179             (store            ) [ 0000000]
store_ln180             (store            ) [ 0000000]
store_ln179             (store            ) [ 0000000]
store_ln180             (store            ) [ 0000000]
br_ln132                (br               ) [ 0000000]
ret_ln0                 (ret              ) [ 0000000]
</LifeTime>

<model>

<comp_list>
<comp id="0" class="1000" name="im_1">
<pin_list>
<pin id="1" dir="1" index="0" bw="1" slack="0"/>
</pin_list>
<bind>
<StgValue><ssdm name="im_1"/><MemPortTyVec>0 1 </MemPortTyVec>
</StgValue>
</bind>
</comp>

<comp id="2" class="1000" name="im">
<pin_list>
<pin id="3" dir="1" index="0" bw="1" slack="0"/>
</pin_list>
<bind>
<StgValue><ssdm name="im"/><MemPortTyVec>0 1 </MemPortTyVec>
</StgValue>
</bind>
</comp>

<comp id="4" class="1000" name="re_1">
<pin_list>
<pin id="5" dir="1" index="0" bw="1" slack="0"/>
</pin_list>
<bind>
<StgValue><ssdm name="re_1"/><MemPortTyVec>0 1 </MemPortTyVec>
</StgValue>
</bind>
</comp>

<comp id="6" class="1000" name="re">
<pin_list>
<pin id="7" dir="1" index="0" bw="1" slack="0"/>
</pin_list>
<bind>
<StgValue><ssdm name="re"/><MemPortTyVec>0 1 </MemPortTyVec>
</StgValue>
</bind>
</comp>

<comp id="8" class="1001" name="const_8">
<pin_list>
<pin id="9" dir="1" index="0" bw="1" slack="0"/>
</pin_list>
<bind>
<StgValue><ssdm name=""/></StgValue>
</bind>
</comp>

<comp id="10" class="1001" name="const_10">
<pin_list>
<pin id="11" dir="1" index="0" bw="1" slack="0"/>
</pin_list>
<bind>
<StgValue><ssdm name=""/></StgValue>
</bind>
</comp>

<comp id="12" class="1001" name="const_12">
<pin_list>
<pin id="13" dir="1" index="0" bw="1" slack="0"/>
</pin_list>
<bind>
<StgValue><ssdm name=""/></StgValue>
</bind>
</comp>

<comp id="14" class="1001" name="const_14">
<pin_list>
<pin id="15" dir="1" index="0" bw="1" slack="0"/>
</pin_list>
<bind>
<StgValue><ssdm name=""/></StgValue>
</bind>
</comp>

<comp id="16" class="1001" name="const_16">
<pin_list>
<pin id="17" dir="1" index="0" bw="1" slack="0"/>
</pin_list>
<bind>
<StgValue><ssdm name=""/></StgValue>
</bind>
</comp>

<comp id="18" class="1001" name="const_18">
<pin_list>
<pin id="19" dir="1" index="0" bw="1" slack="0"/>
</pin_list>
<bind>
<StgValue><ssdm name=""/></StgValue>
</bind>
</comp>

<comp id="20" class="1001" name="const_20">
<pin_list>
<pin id="21" dir="1" index="0" bw="1" slack="2147483647"/>
</pin_list>
<bind>
<StgValue><ssdm name="_ssdm_op_SpecFUCore"/></StgValue>
</bind>
</comp>

<comp id="22" class="1001" name="const_22">
<pin_list>
<pin id="23" dir="1" index="0" bw="1" slack="2147483647"/>
</pin_list>
<bind>
<StgValue><ssdm name=""/></StgValue>
</bind>
</comp>

<comp id="24" class="1001" name="const_24">
<pin_list>
<pin id="25" dir="1" index="0" bw="1" slack="2147483647"/>
</pin_list>
<bind>
<StgValue><ssdm name=""/></StgValue>
</bind>
</comp>

<comp id="26" class="1001" name="const_26">
<pin_list>
<pin id="27" dir="1" index="0" bw="1" slack="0"/>
</pin_list>
<bind>
<StgValue><ssdm name="_ssdm_op_PartSelect.i16.i31.i32.i32"/></StgValue>
</bind>
</comp>

<comp id="28" class="1001" name="const_28">
<pin_list>
<pin id="29" dir="1" index="0" bw="1" slack="0"/>
</pin_list>
<bind>
<StgValue><ssdm name=""/></StgValue>
</bind>
</comp>

<comp id="30" class="1001" name="const_30">
<pin_list>
<pin id="31" dir="1" index="0" bw="1" slack="0"/>
</pin_list>
<bind>
<StgValue><ssdm name=""/></StgValue>
</bind>
</comp>

<comp id="32" class="1001" name="const_32">
<pin_list>
<pin id="33" dir="1" index="0" bw="1" slack="2147483647"/>
</pin_list>
<bind>
<StgValue><ssdm name="_ssdm_op_SpecPipeline"/></StgValue>
</bind>
</comp>

<comp id="34" class="1001" name="const_34">
<pin_list>
<pin id="35" dir="1" index="0" bw="1" slack="2147483647"/>
</pin_list>
<bind>
<StgValue><ssdm name=""/></StgValue>
</bind>
</comp>

<comp id="36" class="1001" name="const_36">
<pin_list>
<pin id="37" dir="1" index="0" bw="1" slack="2147483647"/>
</pin_list>
<bind>
<StgValue><ssdm name="empty_36"/></StgValue>
</bind>
</comp>

<comp id="38" class="1001" name="const_38">
<pin_list>
<pin id="39" dir="1" index="0" bw="1" slack="2147483647"/>
</pin_list>
<bind>
<StgValue><ssdm name="_ssdm_op_SpecLoopTripCount"/></StgValue>
</bind>
</comp>

<comp id="40" class="1001" name="const_40">
<pin_list>
<pin id="41" dir="1" index="0" bw="1" slack="2147483647"/>
</pin_list>
<bind>
<StgValue><ssdm name=""/></StgValue>
</bind>
</comp>

<comp id="42" class="1001" name="const_42">
<pin_list>
<pin id="43" dir="1" index="0" bw="1" slack="2147483647"/>
</pin_list>
<bind>
<StgValue><ssdm name="_ssdm_op_SpecLoopName"/></StgValue>
</bind>
</comp>

<comp id="44" class="1001" name="const_44">
<pin_list>
<pin id="45" dir="1" index="0" bw="1" slack="2147483647"/>
</pin_list>
<bind>
<StgValue><ssdm name="empty_52"/></StgValue>
</bind>
</comp>

<comp id="46" class="1001" name="const_46">
<pin_list>
<pin id="47" dir="1" index="0" bw="1" slack="2147483647"/>
</pin_list>
<bind>
<StgValue><ssdm name="_ssdm_op_SpecRegionBegin"/></StgValue>
</bind>
</comp>

<comp id="48" class="1001" name="const_48">
<pin_list>
<pin id="49" dir="1" index="0" bw="1" slack="2147483647"/>
</pin_list>
<bind>
<StgValue><ssdm name="empty_34"/></StgValue>
</bind>
</comp>

<comp id="50" class="1001" name="const_50">
<pin_list>
<pin id="51" dir="1" index="0" bw="1" slack="2147483647"/>
</pin_list>
<bind>
<StgValue><ssdm name="_ssdm_op_SpecRegionEnd"/></StgValue>
</bind>
</comp>

<comp id="52" class="1001" name="const_52">
<pin_list>
<pin id="53" dir="1" index="0" bw="1" slack="2147483647"/>
</pin_list>
<bind>
<StgValue><ssdm name="empty_33"/></StgValue>
</bind>
</comp>

<comp id="54" class="1004" name="bfly_fu_54">
<pin_list>
<pin id="55" dir="0" index="0" bw="1" slack="0"/>
<pin id="56" dir="1" index="1" bw="10" slack="0"/>
</pin_list>
<bind>
<opcode="alloca(26) " fcode="alloca"/>
<opset="bfly/1 "/>
</bind>
</comp>

<comp id="58" class="1004" name="re_addr_1_gep_fu_58">
<pin_list>
<pin id="59" dir="0" index="0" bw="17" slack="0"/>
<pin id="60" dir="0" index="1" bw="1" slack="0"/>
<pin id="61" dir="0" index="2" bw="9" slack="0"/>
<pin id="62" dir="1" index="3" bw="9" slack="3"/>
</pin_list>
<bind>
<opcode="getelementptr(29) " fcode="getelementptr"/>
<opset="re_addr_1/1 "/>
</bind>
</comp>

<comp id="65" class="1004" name="im_addr_1_gep_fu_65">
<pin_list>
<pin id="66" dir="0" index="0" bw="17" slack="0"/>
<pin id="67" dir="0" index="1" bw="1" slack="0"/>
<pin id="68" dir="0" index="2" bw="9" slack="0"/>
<pin id="69" dir="1" index="3" bw="9" slack="3"/>
</pin_list>
<bind>
<opcode="getelementptr(29) " fcode="getelementptr"/>
<opset="im_addr_1/1 "/>
</bind>
</comp>

<comp id="72" class="1004" name="re_1_addr_1_gep_fu_72">
<pin_list>
<pin id="73" dir="0" index="0" bw="17" slack="0"/>
<pin id="74" dir="0" index="1" bw="1" slack="0"/>
<pin id="75" dir="0" index="2" bw="9" slack="0"/>
<pin id="76" dir="1" index="3" bw="9" slack="0"/>
</pin_list>
<bind>
<opcode="getelementptr(29) " fcode="getelementptr"/>
<opset="re_1_addr_1/1 "/>
</bind>
</comp>

<comp id="79" class="1004" name="grp_access_fu_79">
<pin_list>
<pin id="80" dir="0" index="0" bw="9" slack="5"/>
<pin id="81" dir="0" index="1" bw="17" slack="0"/>
<pin id="82" dir="0" index="2" bw="0" slack="0"/>
<pin id="84" dir="0" index="4" bw="9" slack="2147483647"/>
<pin id="85" dir="0" index="5" bw="17" slack="2147483647"/>
<pin id="86" dir="0" index="6" bw="0" slack="2147483647"/>
<pin id="83" dir="1" index="3" bw="17" slack="2147483647"/>
<pin id="87" dir="1" index="7" bw="17" slack="0"/>
</pin_list>
<bind>
<opcode="load(27) store(28) " fcode="store"/>
<opset="v_32/1 store_ln180/6 "/>
</bind>
</comp>

<comp id="89" class="1004" name="im_1_addr_1_gep_fu_89">
<pin_list>
<pin id="90" dir="0" index="0" bw="17" slack="0"/>
<pin id="91" dir="0" index="1" bw="1" slack="0"/>
<pin id="92" dir="0" index="2" bw="9" slack="0"/>
<pin id="93" dir="1" index="3" bw="9" slack="0"/>
</pin_list>
<bind>
<opcode="getelementptr(29) " fcode="getelementptr"/>
<opset="im_1_addr_1/1 "/>
</bind>
</comp>

<comp id="96" class="1004" name="grp_access_fu_96">
<pin_list>
<pin id="97" dir="0" index="0" bw="9" slack="5"/>
<pin id="98" dir="0" index="1" bw="17" slack="0"/>
<pin id="99" dir="0" index="2" bw="0" slack="0"/>
<pin id="101" dir="0" index="4" bw="9" slack="2147483647"/>
<pin id="102" dir="0" index="5" bw="17" slack="2147483647"/>
<pin id="103" dir="0" index="6" bw="0" slack="2147483647"/>
<pin id="100" dir="1" index="3" bw="17" slack="2147483647"/>
<pin id="104" dir="1" index="7" bw="17" slack="0"/>
</pin_list>
<bind>
<opcode="load(27) store(28) " fcode="store"/>
<opset="v_33/1 store_ln180/6 "/>
</bind>
</comp>

<comp id="106" class="1004" name="grp_access_fu_106">
<pin_list>
<pin id="107" dir="0" index="0" bw="9" slack="5"/>
<pin id="108" dir="0" index="1" bw="17" slack="0"/>
<pin id="109" dir="0" index="2" bw="0" slack="3"/>
<pin id="111" dir="0" index="4" bw="9" slack="2147483647"/>
<pin id="112" dir="0" index="5" bw="17" slack="2147483647"/>
<pin id="113" dir="0" index="6" bw="0" slack="2147483647"/>
<pin id="110" dir="1" index="3" bw="17" slack="2147483647"/>
<pin id="114" dir="1" index="7" bw="17" slack="0"/>
</pin_list>
<bind>
<opcode="load(27) store(28) " fcode="store"/>
<opset="v/4 store_ln179/6 "/>
</bind>
</comp>

<comp id="115" class="1004" name="grp_access_fu_115">
<pin_list>
<pin id="116" dir="0" index="0" bw="9" slack="5"/>
<pin id="117" dir="0" index="1" bw="17" slack="0"/>
<pin id="118" dir="0" index="2" bw="0" slack="3"/>
<pin id="120" dir="0" index="4" bw="9" slack="2147483647"/>
<pin id="121" dir="0" index="5" bw="17" slack="2147483647"/>
<pin id="122" dir="0" index="6" bw="0" slack="2147483647"/>
<pin id="119" dir="1" index="3" bw="17" slack="2147483647"/>
<pin id="123" dir="1" index="7" bw="17" slack="0"/>
</pin_list>
<bind>
<opcode="load(27) store(28) " fcode="store"/>
<opset="v_31/4 store_ln179/6 "/>
</bind>
</comp>

<comp id="124" class="1004" name="store_ln132_store_fu_124">
<pin_list>
<pin id="125" dir="0" index="0" bw="1" slack="0"/>
<pin id="126" dir="0" index="1" bw="10" slack="0"/>
<pin id="127" dir="1" index="2" bw="0" slack="2147483647"/>
</pin_list>
<bind>
<opcode="store(28) " fcode="store"/>
<opset="store_ln132/1 "/>
</bind>
</comp>

<comp id="129" class="1004" name="group_load_fu_129">
<pin_list>
<pin id="130" dir="0" index="0" bw="10" slack="0"/>
<pin id="131" dir="1" index="1" bw="10" slack="0"/>
</pin_list>
<bind>
<opcode="load(27) " fcode="load"/>
<opset="group/1 "/>
</bind>
</comp>

<comp id="132" class="1004" name="icmp_ln132_fu_132">
<pin_list>
<pin id="133" dir="0" index="0" bw="10" slack="0"/>
<pin id="134" dir="0" index="1" bw="10" slack="0"/>
<pin id="135" dir="1" index="2" bw="1" slack="4"/>
</pin_list>
<bind>
<opcode="icmp(45) " fcode="icmp"/>
<opset="icmp_ln132/1 "/>
</bind>
</comp>

<comp id="138" class="1004" name="add_ln132_fu_138">
<pin_list>
<pin id="139" dir="0" index="0" bw="10" slack="0"/>
<pin id="140" dir="0" index="1" bw="1" slack="0"/>
<pin id="141" dir="1" index="2" bw="10" slack="0"/>
</pin_list>
<bind>
<opcode="add(8) " fcode="add"/>
<opset="add_ln132/1 "/>
</bind>
</comp>

<comp id="144" class="1004" name="trunc_ln132_fu_144">
<pin_list>
<pin id="145" dir="0" index="0" bw="10" slack="0"/>
<pin id="146" dir="1" index="1" bw="9" slack="0"/>
</pin_list>
<bind>
<opcode="trunc(33) " fcode="trunc"/>
<opset="trunc_ln132/1 "/>
</bind>
</comp>

<comp id="148" class="1004" name="zext_ln145_fu_148">
<pin_list>
<pin id="149" dir="0" index="0" bw="9" slack="0"/>
<pin id="150" dir="1" index="1" bw="64" slack="0"/>
</pin_list>
<bind>
<opcode="zext(34) " fcode="zext"/>
<opset="zext_ln145/1 "/>
</bind>
</comp>

<comp id="156" class="1004" name="store_ln132_store_fu_156">
<pin_list>
<pin id="157" dir="0" index="0" bw="10" slack="0"/>
<pin id="158" dir="0" index="1" bw="10" slack="0"/>
<pin id="159" dir="1" index="2" bw="0" slack="2147483647"/>
</pin_list>
<bind>
<opcode="store(28) " fcode="store"/>
<opset="store_ln132/1 "/>
</bind>
</comp>

<comp id="161" class="1004" name="b_re_fu_161">
<pin_list>
<pin id="162" dir="0" index="0" bw="17" slack="0"/>
<pin id="163" dir="1" index="1" bw="16" slack="0"/>
</pin_list>
<bind>
<opcode="trunc(33) " fcode="trunc"/>
<opset="b_re/2 "/>
</bind>
</comp>

<comp id="165" class="1004" name="b_im_fu_165">
<pin_list>
<pin id="166" dir="0" index="0" bw="17" slack="0"/>
<pin id="167" dir="1" index="1" bw="16" slack="0"/>
</pin_list>
<bind>
<opcode="trunc(33) " fcode="trunc"/>
<opset="b_im/2 "/>
</bind>
</comp>

<comp id="169" class="1004" name="sext_ln159_fu_169">
<pin_list>
<pin id="170" dir="0" index="0" bw="16" slack="0"/>
<pin id="171" dir="1" index="1" bw="32" slack="0"/>
</pin_list>
<bind>
<opcode="sext(35) " fcode="sext"/>
<opset="sext_ln159/2 "/>
</bind>
</comp>

<comp id="173" class="1004" name="grp_fu_173">
<pin_list>
<pin id="174" dir="0" index="0" bw="16" slack="0"/>
<pin id="175" dir="0" index="1" bw="16" slack="0"/>
<pin id="176" dir="1" index="2" bw="32" slack="0"/>
</pin_list>
<bind>
<opcode="mul(12) " fcode="mul"/>
<opset="p_rr/2 "/>
</bind>
</comp>

<comp id="179" class="1004" name="sext_ln160_fu_179">
<pin_list>
<pin id="180" dir="0" index="0" bw="16" slack="0"/>
<pin id="181" dir="1" index="1" bw="32" slack="0"/>
</pin_list>
<bind>
<opcode="sext(35) " fcode="sext"/>
<opset="sext_ln160/2 "/>
</bind>
</comp>

<comp id="183" class="1004" name="grp_fu_183">
<pin_list>
<pin id="184" dir="0" index="0" bw="16" slack="0"/>
<pin id="185" dir="0" index="1" bw="16" slack="0"/>
<pin id="186" dir="1" index="2" bw="32" slack="0"/>
</pin_list>
<bind>
<opcode="mul(12) " fcode="mul"/>
<opset="p_ir/2 "/>
</bind>
</comp>

<comp id="189" class="1004" name="a_re_fu_189">
<pin_list>
<pin id="190" dir="0" index="0" bw="17" slack="0"/>
<pin id="191" dir="1" index="1" bw="16" slack="1"/>
</pin_list>
<bind>
<opcode="trunc(33) " fcode="trunc"/>
<opset="a_re/5 "/>
</bind>
</comp>

<comp id="193" class="1004" name="a_im_fu_193">
<pin_list>
<pin id="194" dir="0" index="0" bw="17" slack="0"/>
<pin id="195" dir="1" index="1" bw="16" slack="1"/>
</pin_list>
<bind>
<opcode="trunc(33) " fcode="trunc"/>
<opset="a_im/5 "/>
</bind>
</comp>

<comp id="197" class="1004" name="trunc_ln159_fu_197">
<pin_list>
<pin id="198" dir="0" index="0" bw="32" slack="0"/>
<pin id="199" dir="1" index="1" bw="31" slack="0"/>
</pin_list>
<bind>
<opcode="trunc(33) " fcode="trunc"/>
<opset="trunc_ln159/5 "/>
</bind>
</comp>

<comp id="201" class="1004" name="sext_ln161_fu_201">
<pin_list>
<pin id="202" dir="0" index="0" bw="16" slack="3"/>
<pin id="203" dir="1" index="1" bw="31" slack="0"/>
</pin_list>
<bind>
<opcode="sext(35) " fcode="sext"/>
<opset="sext_ln161/5 "/>
</bind>
</comp>

<comp id="204" class="1004" name="sext_ln162_fu_204">
<pin_list>
<pin id="205" dir="0" index="0" bw="16" slack="3"/>
<pin id="206" dir="1" index="1" bw="31" slack="0"/>
</pin_list>
<bind>
<opcode="sext(35) " fcode="sext"/>
<opset="sext_ln162/5 "/>
</bind>
</comp>

<comp id="207" class="1004" name="trunc_ln162_fu_207">
<pin_list>
<pin id="208" dir="0" index="0" bw="32" slack="0"/>
<pin id="209" dir="1" index="1" bw="31" slack="0"/>
</pin_list>
<bind>
<opcode="trunc(33) " fcode="trunc"/>
<opset="trunc_ln162/5 "/>
</bind>
</comp>

<comp id="211" class="1004" name="wb_re_fu_211">
<pin_list>
<pin id="212" dir="0" index="0" bw="31" slack="0"/>
<pin id="213" dir="0" index="1" bw="16" slack="0"/>
<pin id="214" dir="1" index="2" bw="31" slack="0"/>
</pin_list>
<bind>
<opcode="add(8) " fcode="add"/>
<opset="wb_re/5 "/>
</bind>
</comp>

<comp id="217" class="1004" name="wb_im_fu_217">
<pin_list>
<pin id="218" dir="0" index="0" bw="31" slack="0"/>
<pin id="219" dir="0" index="1" bw="16" slack="0"/>
<pin id="220" dir="1" index="2" bw="31" slack="0"/>
</pin_list>
<bind>
<opcode="sub(10) " fcode="sub"/>
<opset="wb_im/5 "/>
</bind>
</comp>

<comp id="223" class="1004" name="wb_re_s_fu_223">
<pin_list>
<pin id="224" dir="0" index="0" bw="16" slack="0"/>
<pin id="225" dir="0" index="1" bw="31" slack="0"/>
<pin id="226" dir="0" index="2" bw="5" slack="0"/>
<pin id="227" dir="0" index="3" bw="6" slack="0"/>
<pin id="228" dir="1" index="4" bw="16" slack="1"/>
</pin_list>
<bind>
<opcode="partselect(1002) " fcode="partselect"/>
<opset="wb_re_s/5 "/>
</bind>
</comp>

<comp id="233" class="1004" name="wb_im_s_fu_233">
<pin_list>
<pin id="234" dir="0" index="0" bw="16" slack="0"/>
<pin id="235" dir="0" index="1" bw="31" slack="0"/>
<pin id="236" dir="0" index="2" bw="5" slack="0"/>
<pin id="237" dir="0" index="3" bw="6" slack="0"/>
<pin id="238" dir="1" index="4" bw="16" slack="1"/>
</pin_list>
<bind>
<opcode="partselect(1002) " fcode="partselect"/>
<opset="wb_im_s/5 "/>
</bind>
</comp>

<comp id="243" class="1004" name="sext_ln169_fu_243">
<pin_list>
<pin id="244" dir="0" index="0" bw="16" slack="1"/>
<pin id="245" dir="1" index="1" bw="17" slack="0"/>
</pin_list>
<bind>
<opcode="sext(35) " fcode="sext"/>
<opset="sext_ln169/6 "/>
</bind>
</comp>

<comp id="246" class="1004" name="sext_ln170_fu_246">
<pin_list>
<pin id="247" dir="0" index="0" bw="16" slack="1"/>
<pin id="248" dir="1" index="1" bw="17" slack="0"/>
</pin_list>
<bind>
<opcode="sext(35) " fcode="sext"/>
<opset="sext_ln170/6 "/>
</bind>
</comp>

<comp id="249" class="1004" name="sext_ln175_fu_249">
<pin_list>
<pin id="250" dir="0" index="0" bw="16" slack="1"/>
<pin id="251" dir="1" index="1" bw="17" slack="0"/>
</pin_list>
<bind>
<opcode="sext(35) " fcode="sext"/>
<opset="sext_ln175/6 "/>
</bind>
</comp>

<comp id="252" class="1004" name="a_re_out_fu_252">
<pin_list>
<pin id="253" dir="0" index="0" bw="16" slack="0"/>
<pin id="254" dir="0" index="1" bw="16" slack="0"/>
<pin id="255" dir="1" index="2" bw="17" slack="0"/>
</pin_list>
<bind>
<opcode="add(8) " fcode="add"/>
<opset="a_re_out/6 "/>
</bind>
</comp>

<comp id="259" class="1004" name="sext_ln176_fu_259">
<pin_list>
<pin id="260" dir="0" index="0" bw="16" slack="1"/>
<pin id="261" dir="1" index="1" bw="17" slack="0"/>
</pin_list>
<bind>
<opcode="sext(35) " fcode="sext"/>
<opset="sext_ln176/6 "/>
</bind>
</comp>

<comp id="262" class="1004" name="a_im_out_fu_262">
<pin_list>
<pin id="263" dir="0" index="0" bw="16" slack="0"/>
<pin id="264" dir="0" index="1" bw="16" slack="0"/>
<pin id="265" dir="1" index="2" bw="17" slack="0"/>
</pin_list>
<bind>
<opcode="add(8) " fcode="add"/>
<opset="a_im_out/6 "/>
</bind>
</comp>

<comp id="269" class="1004" name="b_re_out_fu_269">
<pin_list>
<pin id="270" dir="0" index="0" bw="16" slack="0"/>
<pin id="271" dir="0" index="1" bw="16" slack="0"/>
<pin id="272" dir="1" index="2" bw="17" slack="0"/>
</pin_list>
<bind>
<opcode="sub(10) " fcode="sub"/>
<opset="b_re_out/6 "/>
</bind>
</comp>

<comp id="276" class="1004" name="b_im_out_fu_276">
<pin_list>
<pin id="277" dir="0" index="0" bw="16" slack="0"/>
<pin id="278" dir="0" index="1" bw="16" slack="0"/>
<pin id="279" dir="1" index="2" bw="17" slack="0"/>
</pin_list>
<bind>
<opcode="sub(10) " fcode="sub"/>
<opset="b_im_out/6 "/>
</bind>
</comp>

<comp id="283" class="1005" name="bfly_reg_283">
<pin_list>
<pin id="284" dir="0" index="0" bw="10" slack="0"/>
<pin id="285" dir="1" index="1" bw="10" slack="0"/>
</pin_list>
<bind>
<opset="bfly "/>
</bind>
</comp>

<comp id="290" class="1005" name="icmp_ln132_reg_290">
<pin_list>
<pin id="291" dir="0" index="0" bw="1" slack="4"/>
<pin id="292" dir="1" index="1" bw="1" slack="2147483647"/>
</pin_list>
<bind>
<opset="icmp_ln132 "/>
</bind>
</comp>

<comp id="294" class="1005" name="re_addr_1_reg_294">
<pin_list>
<pin id="295" dir="0" index="0" bw="9" slack="3"/>
<pin id="296" dir="1" index="1" bw="9" slack="3"/>
</pin_list>
<bind>
<opset="re_addr_1 "/>
</bind>
</comp>

<comp id="300" class="1005" name="im_addr_1_reg_300">
<pin_list>
<pin id="301" dir="0" index="0" bw="9" slack="3"/>
<pin id="302" dir="1" index="1" bw="9" slack="3"/>
</pin_list>
<bind>
<opset="im_addr_1 "/>
</bind>
</comp>

<comp id="306" class="1005" name="re_1_addr_1_reg_306">
<pin_list>
<pin id="307" dir="0" index="0" bw="9" slack="1"/>
<pin id="308" dir="1" index="1" bw="9" slack="1"/>
</pin_list>
<bind>
<opset="re_1_addr_1 "/>
</bind>
</comp>

<comp id="312" class="1005" name="im_1_addr_1_reg_312">
<pin_list>
<pin id="313" dir="0" index="0" bw="9" slack="1"/>
<pin id="314" dir="1" index="1" bw="9" slack="1"/>
</pin_list>
<bind>
<opset="im_1_addr_1 "/>
</bind>
</comp>

<comp id="318" class="1005" name="b_re_reg_318">
<pin_list>
<pin id="319" dir="0" index="0" bw="16" slack="3"/>
<pin id="320" dir="1" index="1" bw="16" slack="3"/>
</pin_list>
<bind>
<opset="b_re "/>
</bind>
</comp>

<comp id="323" class="1005" name="b_im_reg_323">
<pin_list>
<pin id="324" dir="0" index="0" bw="16" slack="3"/>
<pin id="325" dir="1" index="1" bw="16" slack="3"/>
</pin_list>
<bind>
<opset="b_im "/>
</bind>
</comp>

<comp id="328" class="1005" name="sext_ln159_reg_328">
<pin_list>
<pin id="329" dir="0" index="0" bw="32" slack="1"/>
<pin id="330" dir="1" index="1" bw="32" slack="1"/>
</pin_list>
<bind>
<opset="sext_ln159 "/>
</bind>
</comp>

<comp id="333" class="1005" name="sext_ln160_reg_333">
<pin_list>
<pin id="334" dir="0" index="0" bw="32" slack="1"/>
<pin id="335" dir="1" index="1" bw="32" slack="1"/>
</pin_list>
<bind>
<opset="sext_ln160 "/>
</bind>
</comp>

<comp id="338" class="1005" name="a_re_reg_338">
<pin_list>
<pin id="339" dir="0" index="0" bw="16" slack="1"/>
<pin id="340" dir="1" index="1" bw="16" slack="1"/>
</pin_list>
<bind>
<opset="a_re "/>
</bind>
</comp>

<comp id="343" class="1005" name="a_im_reg_343">
<pin_list>
<pin id="344" dir="0" index="0" bw="16" slack="1"/>
<pin id="345" dir="1" index="1" bw="16" slack="1"/>
</pin_list>
<bind>
<opset="a_im "/>
</bind>
</comp>

<comp id="348" class="1005" name="wb_re_s_reg_348">
<pin_list>
<pin id="349" dir="0" index="0" bw="16" slack="1"/>
<pin id="350" dir="1" index="1" bw="16" slack="1"/>
</pin_list>
<bind>
<opset="wb_re_s "/>
</bind>
</comp>

<comp id="353" class="1005" name="wb_im_s_reg_353">
<pin_list>
<pin id="354" dir="0" index="0" bw="16" slack="1"/>
<pin id="355" dir="1" index="1" bw="16" slack="1"/>
</pin_list>
<bind>
<opset="wb_im_s "/>
</bind>
</comp>

</comp_list>

<net_list>
<net id="57"><net_src comp="8" pin="0"/><net_sink comp="54" pin=0"/></net>

<net id="63"><net_src comp="6" pin="0"/><net_sink comp="58" pin=0"/></net>

<net id="64"><net_src comp="16" pin="0"/><net_sink comp="58" pin=1"/></net>

<net id="70"><net_src comp="2" pin="0"/><net_sink comp="65" pin=0"/></net>

<net id="71"><net_src comp="16" pin="0"/><net_sink comp="65" pin=1"/></net>

<net id="77"><net_src comp="4" pin="0"/><net_sink comp="72" pin=0"/></net>

<net id="78"><net_src comp="16" pin="0"/><net_sink comp="72" pin=1"/></net>

<net id="88"><net_src comp="72" pin="3"/><net_sink comp="79" pin=2"/></net>

<net id="94"><net_src comp="0" pin="0"/><net_sink comp="89" pin=0"/></net>

<net id="95"><net_src comp="16" pin="0"/><net_sink comp="89" pin=1"/></net>

<net id="105"><net_src comp="89" pin="3"/><net_sink comp="96" pin=2"/></net>

<net id="128"><net_src comp="10" pin="0"/><net_sink comp="124" pin=0"/></net>

<net id="136"><net_src comp="129" pin="1"/><net_sink comp="132" pin=0"/></net>

<net id="137"><net_src comp="12" pin="0"/><net_sink comp="132" pin=1"/></net>

<net id="142"><net_src comp="129" pin="1"/><net_sink comp="138" pin=0"/></net>

<net id="143"><net_src comp="14" pin="0"/><net_sink comp="138" pin=1"/></net>

<net id="147"><net_src comp="129" pin="1"/><net_sink comp="144" pin=0"/></net>

<net id="151"><net_src comp="144" pin="1"/><net_sink comp="148" pin=0"/></net>

<net id="152"><net_src comp="148" pin="1"/><net_sink comp="58" pin=2"/></net>

<net id="153"><net_src comp="148" pin="1"/><net_sink comp="65" pin=2"/></net>

<net id="154"><net_src comp="148" pin="1"/><net_sink comp="72" pin=2"/></net>

<net id="155"><net_src comp="148" pin="1"/><net_sink comp="89" pin=2"/></net>

<net id="160"><net_src comp="138" pin="2"/><net_sink comp="156" pin=0"/></net>

<net id="164"><net_src comp="79" pin="7"/><net_sink comp="161" pin=0"/></net>

<net id="168"><net_src comp="96" pin="7"/><net_sink comp="165" pin=0"/></net>

<net id="172"><net_src comp="161" pin="1"/><net_sink comp="169" pin=0"/></net>

<net id="177"><net_src comp="169" pin="1"/><net_sink comp="173" pin=0"/></net>

<net id="178"><net_src comp="18" pin="0"/><net_sink comp="173" pin=1"/></net>

<net id="182"><net_src comp="165" pin="1"/><net_sink comp="179" pin=0"/></net>

<net id="187"><net_src comp="179" pin="1"/><net_sink comp="183" pin=0"/></net>

<net id="188"><net_src comp="18" pin="0"/><net_sink comp="183" pin=1"/></net>

<net id="192"><net_src comp="106" pin="7"/><net_sink comp="189" pin=0"/></net>

<net id="196"><net_src comp="115" pin="7"/><net_sink comp="193" pin=0"/></net>

<net id="200"><net_src comp="173" pin="2"/><net_sink comp="197" pin=0"/></net>

<net id="210"><net_src comp="183" pin="2"/><net_sink comp="207" pin=0"/></net>

<net id="215"><net_src comp="197" pin="1"/><net_sink comp="211" pin=0"/></net>

<net id="216"><net_src comp="201" pin="1"/><net_sink comp="211" pin=1"/></net>

<net id="221"><net_src comp="207" pin="1"/><net_sink comp="217" pin=0"/></net>

<net id="222"><net_src comp="204" pin="1"/><net_sink comp="217" pin=1"/></net>

<net id="229"><net_src comp="26" pin="0"/><net_sink comp="223" pin=0"/></net>

<net id="230"><net_src comp="211" pin="2"/><net_sink comp="223" pin=1"/></net>

<net id="231"><net_src comp="28" pin="0"/><net_sink comp="223" pin=2"/></net>

<net id="232"><net_src comp="30" pin="0"/><net_sink comp="223" pin=3"/></net>

<net id="239"><net_src comp="26" pin="0"/><net_sink comp="233" pin=0"/></net>

<net id="240"><net_src comp="217" pin="2"/><net_sink comp="233" pin=1"/></net>

<net id="241"><net_src comp="28" pin="0"/><net_sink comp="233" pin=2"/></net>

<net id="242"><net_src comp="30" pin="0"/><net_sink comp="233" pin=3"/></net>

<net id="256"><net_src comp="243" pin="1"/><net_sink comp="252" pin=0"/></net>

<net id="257"><net_src comp="249" pin="1"/><net_sink comp="252" pin=1"/></net>

<net id="258"><net_src comp="252" pin="2"/><net_sink comp="106" pin=1"/></net>

<net id="266"><net_src comp="246" pin="1"/><net_sink comp="262" pin=0"/></net>

<net id="267"><net_src comp="259" pin="1"/><net_sink comp="262" pin=1"/></net>

<net id="268"><net_src comp="262" pin="2"/><net_sink comp="115" pin=1"/></net>

<net id="273"><net_src comp="249" pin="1"/><net_sink comp="269" pin=0"/></net>

<net id="274"><net_src comp="243" pin="1"/><net_sink comp="269" pin=1"/></net>

<net id="275"><net_src comp="269" pin="2"/><net_sink comp="79" pin=1"/></net>

<net id="280"><net_src comp="259" pin="1"/><net_sink comp="276" pin=0"/></net>

<net id="281"><net_src comp="246" pin="1"/><net_sink comp="276" pin=1"/></net>

<net id="282"><net_src comp="276" pin="2"/><net_sink comp="96" pin=1"/></net>

<net id="286"><net_src comp="54" pin="1"/><net_sink comp="283" pin=0"/></net>

<net id="287"><net_src comp="283" pin="1"/><net_sink comp="124" pin=1"/></net>

<net id="288"><net_src comp="283" pin="1"/><net_sink comp="129" pin=0"/></net>

<net id="289"><net_src comp="283" pin="1"/><net_sink comp="156" pin=1"/></net>

<net id="293"><net_src comp="132" pin="2"/><net_sink comp="290" pin=0"/></net>

<net id="297"><net_src comp="58" pin="3"/><net_sink comp="294" pin=0"/></net>

<net id="298"><net_src comp="294" pin="1"/><net_sink comp="106" pin=2"/></net>

<net id="299"><net_src comp="294" pin="1"/><net_sink comp="106" pin=0"/></net>

<net id="303"><net_src comp="65" pin="3"/><net_sink comp="300" pin=0"/></net>

<net id="304"><net_src comp="300" pin="1"/><net_sink comp="115" pin=2"/></net>

<net id="305"><net_src comp="300" pin="1"/><net_sink comp="115" pin=0"/></net>

<net id="309"><net_src comp="72" pin="3"/><net_sink comp="306" pin=0"/></net>

<net id="310"><net_src comp="306" pin="1"/><net_sink comp="79" pin=2"/></net>

<net id="311"><net_src comp="306" pin="1"/><net_sink comp="79" pin=0"/></net>

<net id="315"><net_src comp="89" pin="3"/><net_sink comp="312" pin=0"/></net>

<net id="316"><net_src comp="312" pin="1"/><net_sink comp="96" pin=2"/></net>

<net id="317"><net_src comp="312" pin="1"/><net_sink comp="96" pin=0"/></net>

<net id="321"><net_src comp="161" pin="1"/><net_sink comp="318" pin=0"/></net>

<net id="322"><net_src comp="318" pin="1"/><net_sink comp="204" pin=0"/></net>

<net id="326"><net_src comp="165" pin="1"/><net_sink comp="323" pin=0"/></net>

<net id="327"><net_src comp="323" pin="1"/><net_sink comp="201" pin=0"/></net>

<net id="331"><net_src comp="169" pin="1"/><net_sink comp="328" pin=0"/></net>

<net id="332"><net_src comp="328" pin="1"/><net_sink comp="173" pin=0"/></net>

<net id="336"><net_src comp="179" pin="1"/><net_sink comp="333" pin=0"/></net>

<net id="337"><net_src comp="333" pin="1"/><net_sink comp="183" pin=0"/></net>

<net id="341"><net_src comp="189" pin="1"/><net_sink comp="338" pin=0"/></net>

<net id="342"><net_src comp="338" pin="1"/><net_sink comp="249" pin=0"/></net>

<net id="346"><net_src comp="193" pin="1"/><net_sink comp="343" pin=0"/></net>

<net id="347"><net_src comp="343" pin="1"/><net_sink comp="259" pin=0"/></net>

<net id="351"><net_src comp="223" pin="4"/><net_sink comp="348" pin=0"/></net>

<net id="352"><net_src comp="348" pin="1"/><net_sink comp="243" pin=0"/></net>

<net id="356"><net_src comp="233" pin="4"/><net_sink comp="353" pin=0"/></net>

<net id="357"><net_src comp="353" pin="1"/><net_sink comp="246" pin=0"/></net>

</net_list>

</model> 
---------------- Datapath Model END ------------------

* FSMD analyzer results:
  - Output states:
	Port: im_1 | {6 }
	Port: im | {6 }
	Port: re_1 | {6 }
	Port: re | {6 }
 - Input state : 
	Port: fft_serial_Pipeline_bfly_loop : im_1 | {1 2 }
	Port: fft_serial_Pipeline_bfly_loop : im | {4 5 }
	Port: fft_serial_Pipeline_bfly_loop : re_1 | {1 2 }
	Port: fft_serial_Pipeline_bfly_loop : re | {4 5 }
  - Chain level:
	State 1
		store_ln132 : 1
		group : 1
		icmp_ln132 : 2
		add_ln132 : 2
		br_ln132 : 3
		trunc_ln132 : 2
		zext_ln145 : 3
		re_addr_1 : 4
		im_addr_1 : 4
		re_1_addr_1 : 4
		v_32 : 5
		im_1_addr_1 : 4
		v_33 : 5
		store_ln132 : 3
	State 2
		b_re : 1
		b_im : 1
		sext_ln159 : 2
		p_rr : 3
		sext_ln160 : 2
		p_ir : 3
	State 3
	State 4
	State 5
		a_re : 1
		a_im : 1
		specfucore_ln163 : 1
		trunc_ln159 : 1
		specfucore_ln166 : 1
		trunc_ln162 : 1
		wb_re : 2
		wb_im : 2
		wb_re_s : 3
		wb_im_s : 3
	State 6
		rend301 : 1
		rend295 : 1
		a_re_out : 1
		a_im_out : 1
		b_re_out : 1
		b_im_out : 1
		store_ln179 : 2
		store_ln180 : 2
		store_ln179 : 2
		store_ln180 : 2


============================================================
+ Verbose Summary: Datapath Resource usage 
============================================================

* Functional unit list:
|----------|--------------------|---------|---------|---------|
| Operation|   Functional Unit  |   DSP   |    FF   |   LUT   |
|----------|--------------------|---------|---------|---------|
|          |  add_ln132_fu_138  |    0    |    0    |    17   |
|    add   |    wb_re_fu_211    |    0    |    0    |    38   |
|          |   a_re_out_fu_252  |    0    |    0    |    23   |
|          |   a_im_out_fu_262  |    0    |    0    |    23   |
|----------|--------------------|---------|---------|---------|
|          |    wb_im_fu_217    |    0    |    0    |    38   |
|    sub   |   b_re_out_fu_269  |    0    |    0    |    23   |
|          |   b_im_out_fu_276  |    0    |    0    |    23   |
|----------|--------------------|---------|---------|---------|
|   icmp   |  icmp_ln132_fu_132 |    0    |    0    |    17   |
|----------|--------------------|---------|---------|---------|
|    mul   |     grp_fu_173     |    1    |    0    |    0    |
|          |     grp_fu_183     |    1    |    0    |    0    |
|----------|--------------------|---------|---------|---------|
|          | trunc_ln132_fu_144 |    0    |    0    |    0    |
|          |     b_re_fu_161    |    0    |    0    |    0    |
|          |     b_im_fu_165    |    0    |    0    |    0    |
|   trunc  |     a_re_fu_189    |    0    |    0    |    0    |
|          |     a_im_fu_193    |    0    |    0    |    0    |
|          | trunc_ln159_fu_197 |    0    |    0    |    0    |
|          | trunc_ln162_fu_207 |    0    |    0    |    0    |
|----------|--------------------|---------|---------|---------|
|   zext   |  zext_ln145_fu_148 |    0    |    0    |    0    |
|----------|--------------------|---------|---------|---------|
|          |  sext_ln159_fu_169 |    0    |    0    |    0    |
|          |  sext_ln160_fu_179 |    0    |    0    |    0    |
|          |  sext_ln161_fu_201 |    0    |    0    |    0    |
|   sext   |  sext_ln162_fu_204 |    0    |    0    |    0    |
|          |  sext_ln169_fu_243 |    0    |    0    |    0    |
|          |  sext_ln170_fu_246 |    0    |    0    |    0    |
|          |  sext_ln175_fu_249 |    0    |    0    |    0    |
|          |  sext_ln176_fu_259 |    0    |    0    |    0    |
|----------|--------------------|---------|---------|---------|
|partselect|   wb_re_s_fu_223   |    0    |    0    |    0    |
|          |   wb_im_s_fu_233   |    0    |    0    |    0    |
|----------|--------------------|---------|---------|---------|
|   Total  |                    |    2    |    0    |   202   |
|----------|--------------------|---------|---------|---------|

Memories:
N/A

* Register list:
+-------------------+--------+
|                   |   FF   |
+-------------------+--------+
|    a_im_reg_343   |   16   |
|    a_re_reg_338   |   16   |
|    b_im_reg_323   |   16   |
|    b_re_reg_318   |   16   |
|    bfly_reg_283   |   10   |
| icmp_ln132_reg_290|    1   |
|im_1_addr_1_reg_312|    9   |
| im_addr_1_reg_300 |    9   |
|re_1_addr_1_reg_306|    9   |
| re_addr_1_reg_294 |    9   |
| sext_ln159_reg_328|   32   |
| sext_ln160_reg_333|   32   |
|  wb_im_s_reg_353  |   16   |
|  wb_re_s_reg_348  |   16   |
+-------------------+--------+
|       Total       |   207  |
+-------------------+--------+

* Multiplexer (MUX) list: 
|------------------|------|------|------|--------||---------||---------|
|       Comp       |  Pin | Size |  BW  | S x BW ||  Delay  ||   LUT   |
|------------------|------|------|------|--------||---------||---------|
| grp_access_fu_79 |  p2  |   2  |   0  |    0   ||    9    |
| grp_access_fu_96 |  p2  |   2  |   0  |    0   ||    9    |
|    grp_fu_173    |  p0  |   2  |  16  |   32   ||    9    |
|    grp_fu_183    |  p0  |   2  |  16  |   32   ||    9    |
|------------------|------|------|------|--------||---------||---------|
|       Total      |      |      |      |   64   ||  5.296  ||    36   |
|------------------|------|------|------|--------||---------||---------|



* Summary:
+-----------+--------+--------+--------+--------+
|           |   DSP  |  Delay |   FF   |   LUT  |
+-----------+--------+--------+--------+--------+
|  Function |    2   |    -   |    0   |   202  |
|   Memory  |    -   |    -   |    -   |    -   |
|Multiplexer|    -   |    5   |    -   |   36   |
|  Register |    -   |    -   |   207  |    -   |
+-----------+--------+--------+--------+--------+
|   Total   |    2   |    5   |   207  |   238  |
+-----------+--------+--------+--------+--------+
