

================================================================
== Vitis HLS Report for 'fft_serial_Pipeline_bfly_loop9'
================================================================
* Date:           Tue Jun 30 20:48:39 2026

* Version:        2023.2 (Build 4023990 on Oct 11 2023)
* Project:        serial_fft_hls
* Solution:       solution1 (Vivado IP Flow Target)
* Product family: artix7
* Target device:  xc7a200t-fbg676-2


================================================================
== Performance Estimates
================================================================
+ Timing: 
    * Summary: 
    +--------+----------+-----------+------------+
    |  Clock |  Target  | Estimated | Uncertainty|
    +--------+----------+-----------+------------+
    |ap_clk  |  10.00 ns|  10.983 ns|     2.70 ns|
    +--------+----------+-----------+------------+

+ Latency: 
    * Summary: 
    +---------+---------+-----------+-----------+------+------+---------+
    |  Latency (cycles) |   Latency (absolute)  |   Interval  | Pipeline|
    |   min   |   max   |    min    |    max    |  min |  max |   Type  |
    +---------+---------+-----------+-----------+------+------+---------+
    |     2562|     2562|  28.139 us|  28.139 us|  2562|  2562|       no|
    +---------+---------+-----------+-----------+------+------+---------+

    + Detail: 
        * Instance: 
        N/A

        * Loop: 
        +-------------+---------+---------+----------+-----------+-----------+------+----------+
        |             |  Latency (cycles) | Iteration|  Initiation Interval  | Trip |          |
        |  Loop Name  |   min   |   max   |  Latency |  achieved |   target  | Count| Pipelined|
        +-------------+---------+---------+----------+-----------+-----------+------+----------+
        |- bfly_loop  |     2560|     2560|         6|          5|          1|   512|       yes|
        +-------------+---------+---------+----------+-----------+-----------+------+----------+

============================================================
+ Verbose Summary: Synthesis Manager
============================================================
InlineROM: 1
ExposeGlobal: 0
============================================================
+ Verbose Summary: CDFG Model
============================================================
IsTopModel: 0
ResetActiveHigh: 1
IsCombinational: 0
IsDatapathOnly: 0
HasWiredReturn: 1
HasMFsm: 2
HasVarLatency: 1
IsPipeline: 0
IsRtlPipelined: 0
IsInstanceOverlapped: 0
IsDontTouch: 0
HasImplIP: 0
IsGatedGlobalClock: 0

+ Individual pipeline summary: 
  * Pipeline-0: initiation interval (II) = 5, depth = 6


============================================================
+ Verbose Summary: Schedule
============================================================
* Number of FSM states : 6
* Pipeline : 1
  Pipeline-0 : II = 5, D = 6, States = { 1 2 3 4 5 6 }
* Dataflow Pipeline: 0

* FSM state transitions: 
1 --> 2 
2 --> 3 
3 --> 4 
4 --> 5 
5 --> 6 
6 --> 

* FSM state operations: 

State 1 <SV = 0> <Delay = 6.89>
ST_1 : Operation 9 [1/1] (0.00ns)   --->   "%bfly = alloca i32 1" [serial_fft/fft_serial.cpp:132->serial_fft/fft_serial.cpp:254]   --->   Operation 9 'alloca' 'bfly' <Predicate = true> <Delay = 0.00>
ST_1 : Operation 10 [1/1] (0.00ns)   --->   "%clz_next_5_read = read i4 @_ssdm_op_Read.ap_auto.i4, i4 %clz_next_5"   --->   Operation 10 'read' 'clz_next_5_read' <Predicate = true> <Delay = 0.00>
ST_1 : Operation 11 [1/1] (1.32ns)   --->   "%store_ln132 = store i10 0, i10 %bfly" [serial_fft/fft_serial.cpp:132->serial_fft/fft_serial.cpp:254]   --->   Operation 11 'store' 'store_ln132' <Predicate = true> <Delay = 1.32>
ST_1 : Operation 12 [1/1] (0.00ns)   --->   "%br_ln0 = br void %for.body.i5274"   --->   Operation 12 'br' 'br_ln0' <Predicate = true> <Delay = 0.00>
ST_1 : Operation 13 [1/1] (0.00ns)   --->   "%bfly_1 = load i10 %bfly" [serial_fft/fft_serial.cpp:142->serial_fft/fft_serial.cpp:254]   --->   Operation 13 'load' 'bfly_1' <Predicate = true> <Delay = 0.00>
ST_1 : Operation 14 [1/1] (1.74ns)   --->   "%icmp_ln132 = icmp_eq  i10 %bfly_1, i10 512" [serial_fft/fft_serial.cpp:132->serial_fft/fft_serial.cpp:254]   --->   Operation 14 'icmp' 'icmp_ln132' <Predicate = true> <Delay = 1.74> <CoreInst = "Cmp">   --->   Core 9 'Cmp' <Latency = 0> <II = 1> <Delay = 1.74> <FuncUnit> <Opcode : 'icmp'> <InPorts = 2> <OutPorts = 1>
ST_1 : Operation 15 [1/1] (1.74ns)   --->   "%bfly_2 = add i10 %bfly_1, i10 1" [serial_fft/fft_serial.cpp:132->serial_fft/fft_serial.cpp:254]   --->   Operation 15 'add' 'bfly_2' <Predicate = true> <Delay = 1.74> <CoreInst = "Adder">   --->   Core 1 'Adder' <Latency = 0> <II = 1> <Delay = 1.74> <FuncUnit> <Opcode : 'add' 'sub'> <InPorts = 2> <OutPorts = 1>
ST_1 : Operation 16 [1/1] (0.00ns)   --->   "%br_ln132 = br i1 %icmp_ln132, void %fpga_resource_hint._Z11twiddle_getiPsS_.exit.i6494.19, void %for.body42.i6520.preheader.exitStub" [serial_fft/fft_serial.cpp:132->serial_fft/fft_serial.cpp:254]   --->   Operation 16 'br' 'br_ln132' <Predicate = true> <Delay = 0.00>
ST_1 : Operation 17 [1/1] (0.00ns)   --->   "%trunc_ln132 = trunc i10 %bfly_1" [serial_fft/fft_serial.cpp:132->serial_fft/fft_serial.cpp:254]   --->   Operation 17 'trunc' 'trunc_ln132' <Predicate = (!icmp_ln132)> <Delay = 0.00>
ST_1 : Operation 18 [1/1] (0.00ns)   --->   "%tmp_s = partselect i4 @_ssdm_op_PartSelect.i4.i10.i32.i32, i10 %bfly_1, i32 5, i32 8" [serial_fft/fft_serial.cpp:140->serial_fft/fft_serial.cpp:254]   --->   Operation 18 'partselect' 'tmp_s' <Predicate = (!icmp_ln132)> <Delay = 0.00>
ST_1 : Operation 19 [1/1] (0.00ns)   --->   "%tmp_1 = partselect i4 @_ssdm_op_PartSelect.i4.i10.i32.i32, i10 %bfly_1, i32 1, i32 4" [serial_fft/fft_serial.cpp:140->serial_fft/fft_serial.cpp:254]   --->   Operation 19 'partselect' 'tmp_1' <Predicate = (!icmp_ln132)> <Delay = 0.00>
ST_1 : Operation 20 [1/1] (0.00ns)   --->   "%lshr_ln140_3 = bitconcatenate i9 @_ssdm_op_BitConcatenate.i9.i4.i1.i4, i4 %tmp_s, i1 0, i4 %tmp_1" [serial_fft/fft_serial.cpp:140->serial_fft/fft_serial.cpp:254]   --->   Operation 20 'bitconcatenate' 'lshr_ln140_3' <Predicate = (!icmp_ln132)> <Delay = 0.00>
ST_1 : Operation 21 [1/1] (0.00ns)   --->   "%zext_ln140 = zext i9 %lshr_ln140_3" [serial_fft/fft_serial.cpp:140->serial_fft/fft_serial.cpp:254]   --->   Operation 21 'zext' 'zext_ln140' <Predicate = (!icmp_ln132)> <Delay = 0.00>
ST_1 : Operation 22 [1/1] (0.00ns)   --->   "%or_ln141 = or i9 %lshr_ln140_3, i9 16" [serial_fft/fft_serial.cpp:141->serial_fft/fft_serial.cpp:254]   --->   Operation 22 'or' 'or_ln141' <Predicate = (!icmp_ln132)> <Delay = 0.00>
ST_1 : Operation 23 [1/1] (0.00ns)   --->   "%zext_ln141 = zext i9 %or_ln141" [serial_fft/fft_serial.cpp:141->serial_fft/fft_serial.cpp:254]   --->   Operation 23 'zext' 'zext_ln141' <Predicate = (!icmp_ln132)> <Delay = 0.00>
ST_1 : Operation 24 [1/1] (0.00ns)   --->   "%trunc_ln142 = trunc i10 %bfly_1" [serial_fft/fft_serial.cpp:142->serial_fft/fft_serial.cpp:254]   --->   Operation 24 'trunc' 'trunc_ln142' <Predicate = (!icmp_ln132)> <Delay = 0.00>
ST_1 : Operation 25 [1/1] (0.00ns)   --->   "%tw_n = bitconcatenate i7 @_ssdm_op_BitConcatenate.i7.i3.i4, i3 %trunc_ln142, i4 0" [serial_fft/fft_serial.cpp:142->serial_fft/fft_serial.cpp:254]   --->   Operation 25 'bitconcatenate' 'tw_n' <Predicate = (!icmp_ln132)> <Delay = 0.00>
ST_1 : Operation 26 [1/1] (0.00ns)   --->   "%re_addr = getelementptr i17 %re, i64 0, i64 %zext_ln140" [serial_fft/fft_serial.cpp:145->serial_fft/fft_serial.cpp:254]   --->   Operation 26 'getelementptr' 're_addr' <Predicate = (!icmp_ln132)> <Delay = 0.00>
ST_1 : Operation 27 [1/1] (0.00ns)   --->   "%re_1_addr = getelementptr i17 %re_1, i64 0, i64 %zext_ln140" [serial_fft/fft_serial.cpp:145->serial_fft/fft_serial.cpp:254]   --->   Operation 27 'getelementptr' 're_1_addr' <Predicate = (!icmp_ln132)> <Delay = 0.00>
ST_1 : Operation 28 [2/2] (2.77ns)   --->   "%re_load = load i9 %re_addr" [serial_fft/fft_serial.cpp:145->serial_fft/fft_serial.cpp:254]   --->   Operation 28 'load' 're_load' <Predicate = (!icmp_ln132)> <Delay = 2.77> <CoreInst = "RAM">   --->   Core 82 'RAM' <Latency = 1> <II = 1> <Delay = 2.77> <Storage> <Opcode : 'load' 'store'> <Ports = 2> <Width = 17> <Depth = 512> <RAM>
ST_1 : Operation 29 [2/2] (2.77ns)   --->   "%re_1_load = load i9 %re_1_addr" [serial_fft/fft_serial.cpp:145->serial_fft/fft_serial.cpp:254]   --->   Operation 29 'load' 're_1_load' <Predicate = (!icmp_ln132)> <Delay = 2.77> <CoreInst = "RAM">   --->   Core 82 'RAM' <Latency = 1> <II = 1> <Delay = 2.77> <Storage> <Opcode : 'load' 'store'> <Ports = 2> <Width = 17> <Depth = 512> <RAM>
ST_1 : Operation 30 [1/1] (1.49ns)   --->   "%icmp_ln21 = icmp_eq  i4 %clz_next_5_read, i4 7" [serial_fft/fft_serial.cpp:21->serial_fft/fft_serial.cpp:145->serial_fft/fft_serial.cpp:254]   --->   Operation 30 'icmp' 'icmp_ln21' <Predicate = (!icmp_ln132)> <Delay = 1.49> <CoreInst = "Cmp">   --->   Core 9 'Cmp' <Latency = 0> <II = 1> <Delay = 1.49> <FuncUnit> <Opcode : 'icmp'> <InPorts = 2> <OutPorts = 1>
ST_1 : Operation 31 [1/1] (1.49ns)   --->   "%icmp_ln21_1 = icmp_eq  i4 %clz_next_5_read, i4 6" [serial_fft/fft_serial.cpp:21->serial_fft/fft_serial.cpp:145->serial_fft/fft_serial.cpp:254]   --->   Operation 31 'icmp' 'icmp_ln21_1' <Predicate = (!icmp_ln132)> <Delay = 1.49> <CoreInst = "Cmp">   --->   Core 9 'Cmp' <Latency = 0> <II = 1> <Delay = 1.49> <FuncUnit> <Opcode : 'icmp'> <InPorts = 2> <OutPorts = 1>
ST_1 : Operation 32 [1/1] (1.49ns)   --->   "%icmp_ln21_2 = icmp_eq  i4 %clz_next_5_read, i4 5" [serial_fft/fft_serial.cpp:21->serial_fft/fft_serial.cpp:145->serial_fft/fft_serial.cpp:254]   --->   Operation 32 'icmp' 'icmp_ln21_2' <Predicate = (!icmp_ln132)> <Delay = 1.49> <CoreInst = "Cmp">   --->   Core 9 'Cmp' <Latency = 0> <II = 1> <Delay = 1.49> <FuncUnit> <Opcode : 'icmp'> <InPorts = 2> <OutPorts = 1>
ST_1 : Operation 33 [1/1] (1.49ns)   --->   "%icmp_ln21_3 = icmp_eq  i4 %clz_next_5_read, i4 4" [serial_fft/fft_serial.cpp:21->serial_fft/fft_serial.cpp:145->serial_fft/fft_serial.cpp:254]   --->   Operation 33 'icmp' 'icmp_ln21_3' <Predicate = (!icmp_ln132)> <Delay = 1.49> <CoreInst = "Cmp">   --->   Core 9 'Cmp' <Latency = 0> <II = 1> <Delay = 1.49> <FuncUnit> <Opcode : 'icmp'> <InPorts = 2> <OutPorts = 1>
ST_1 : Operation 34 [1/1] (1.49ns)   --->   "%icmp_ln21_4 = icmp_eq  i4 %clz_next_5_read, i4 3" [serial_fft/fft_serial.cpp:21->serial_fft/fft_serial.cpp:145->serial_fft/fft_serial.cpp:254]   --->   Operation 34 'icmp' 'icmp_ln21_4' <Predicate = (!icmp_ln132)> <Delay = 1.49> <CoreInst = "Cmp">   --->   Core 9 'Cmp' <Latency = 0> <II = 1> <Delay = 1.49> <FuncUnit> <Opcode : 'icmp'> <InPorts = 2> <OutPorts = 1>
ST_1 : Operation 35 [1/1] (1.49ns)   --->   "%icmp_ln21_5 = icmp_eq  i4 %clz_next_5_read, i4 2" [serial_fft/fft_serial.cpp:21->serial_fft/fft_serial.cpp:145->serial_fft/fft_serial.cpp:254]   --->   Operation 35 'icmp' 'icmp_ln21_5' <Predicate = (!icmp_ln132)> <Delay = 1.49> <CoreInst = "Cmp">   --->   Core 9 'Cmp' <Latency = 0> <II = 1> <Delay = 1.49> <FuncUnit> <Opcode : 'icmp'> <InPorts = 2> <OutPorts = 1>
ST_1 : Operation 36 [1/1] (0.00ns) (grouped into LUT with out node select_ln21_3)   --->   "%select_ln21 = select i1 %icmp_ln21_5, i3 1, i3 2" [serial_fft/fft_serial.cpp:21->serial_fft/fft_serial.cpp:145->serial_fft/fft_serial.cpp:254]   --->   Operation 36 'select' 'select_ln21' <Predicate = (!icmp_ln132)> <Delay = 0.00> <CoreInst = "Sel">   --->   Core 73 'Sel' <Latency = 0> <II = 1> <Delay = 0.79> <FuncUnit> <Opcode : 'select'> <InPorts = 3> <OutPorts = 1>
ST_1 : Operation 37 [1/1] (0.80ns)   --->   "%or_ln21 = or i1 %icmp_ln21_5, i1 %icmp_ln21_4" [serial_fft/fft_serial.cpp:21->serial_fft/fft_serial.cpp:145->serial_fft/fft_serial.cpp:254]   --->   Operation 37 'or' 'or_ln21' <Predicate = (!icmp_ln132)> <Delay = 0.80> <CoreInst = "LogicGate">   --->   Core 74 'LogicGate' <Latency = 0> <II = 1> <Delay = 0.80> <FuncUnit> <Opcode : 'and' 'or' 'xor'> <InPorts = 2> <OutPorts = 1>
ST_1 : Operation 38 [1/1] (0.00ns) (grouped into LUT with out node select_ln21_3)   --->   "%select_ln21_1 = select i1 %icmp_ln21_3, i3 3, i3 4" [serial_fft/fft_serial.cpp:21->serial_fft/fft_serial.cpp:145->serial_fft/fft_serial.cpp:254]   --->   Operation 38 'select' 'select_ln21_1' <Predicate = (!icmp_ln132)> <Delay = 0.00> <CoreInst = "Sel">   --->   Core 73 'Sel' <Latency = 0> <II = 1> <Delay = 0.79> <FuncUnit> <Opcode : 'select'> <InPorts = 3> <OutPorts = 1>
ST_1 : Operation 39 [1/1] (0.00ns) (grouped into LUT with out node select_ln21_5)   --->   "%or_ln21_1 = or i1 %icmp_ln21_3, i1 %icmp_ln21_2" [serial_fft/fft_serial.cpp:21->serial_fft/fft_serial.cpp:145->serial_fft/fft_serial.cpp:254]   --->   Operation 39 'or' 'or_ln21_1' <Predicate = (!icmp_ln132)> <Delay = 0.00> <CoreInst = "LogicGate">   --->   Core 74 'LogicGate' <Latency = 0> <II = 1> <Delay = 0.80> <FuncUnit> <Opcode : 'and' 'or' 'xor'> <InPorts = 2> <OutPorts = 1>
ST_1 : Operation 40 [1/1] (0.00ns) (grouped into LUT with out node select_ln21_4)   --->   "%select_ln21_2 = select i1 %icmp_ln21_1, i3 5, i3 6" [serial_fft/fft_serial.cpp:21->serial_fft/fft_serial.cpp:145->serial_fft/fft_serial.cpp:254]   --->   Operation 40 'select' 'select_ln21_2' <Predicate = (!icmp_ln132)> <Delay = 0.00> <CoreInst = "Sel">   --->   Core 73 'Sel' <Latency = 0> <II = 1> <Delay = 0.79> <FuncUnit> <Opcode : 'select'> <InPorts = 3> <OutPorts = 1>
ST_1 : Operation 41 [1/1] (0.00ns) (grouped into LUT with out node select_ln21_4)   --->   "%or_ln21_2 = or i1 %icmp_ln21_1, i1 %icmp_ln21" [serial_fft/fft_serial.cpp:21->serial_fft/fft_serial.cpp:145->serial_fft/fft_serial.cpp:254]   --->   Operation 41 'or' 'or_ln21_2' <Predicate = (!icmp_ln132)> <Delay = 0.00> <CoreInst = "LogicGate">   --->   Core 74 'LogicGate' <Latency = 0> <II = 1> <Delay = 0.80> <FuncUnit> <Opcode : 'and' 'or' 'xor'> <InPorts = 2> <OutPorts = 1>
ST_1 : Operation 42 [1/1] (0.79ns) (out node of the LUT)   --->   "%select_ln21_3 = select i1 %or_ln21, i3 %select_ln21, i3 %select_ln21_1" [serial_fft/fft_serial.cpp:21->serial_fft/fft_serial.cpp:145->serial_fft/fft_serial.cpp:254]   --->   Operation 42 'select' 'select_ln21_3' <Predicate = (!icmp_ln132)> <Delay = 0.79> <CoreInst = "Sel">   --->   Core 73 'Sel' <Latency = 0> <II = 1> <Delay = 0.79> <FuncUnit> <Opcode : 'select'> <InPorts = 3> <OutPorts = 1>
ST_1 : Operation 43 [1/1] (0.00ns) (grouped into LUT with out node select_ln21_5)   --->   "%or_ln21_3 = or i1 %or_ln21, i1 %or_ln21_1" [serial_fft/fft_serial.cpp:21->serial_fft/fft_serial.cpp:145->serial_fft/fft_serial.cpp:254]   --->   Operation 43 'or' 'or_ln21_3' <Predicate = (!icmp_ln132)> <Delay = 0.00> <CoreInst = "LogicGate">   --->   Core 74 'LogicGate' <Latency = 0> <II = 1> <Delay = 0.80> <FuncUnit> <Opcode : 'and' 'or' 'xor'> <InPorts = 2> <OutPorts = 1>
ST_1 : Operation 44 [1/1] (0.80ns) (out node of the LUT)   --->   "%select_ln21_4 = select i1 %or_ln21_2, i3 %select_ln21_2, i3 7" [serial_fft/fft_serial.cpp:21->serial_fft/fft_serial.cpp:145->serial_fft/fft_serial.cpp:254]   --->   Operation 44 'select' 'select_ln21_4' <Predicate = (!icmp_ln132)> <Delay = 0.80> <CoreInst = "Sel">   --->   Core 73 'Sel' <Latency = 0> <II = 1> <Delay = 0.79> <FuncUnit> <Opcode : 'select'> <InPorts = 3> <OutPorts = 1>
ST_1 : Operation 45 [1/1] (0.80ns) (out node of the LUT)   --->   "%select_ln21_5 = select i1 %or_ln21_3, i3 %select_ln21_3, i3 %select_ln21_4" [serial_fft/fft_serial.cpp:21->serial_fft/fft_serial.cpp:145->serial_fft/fft_serial.cpp:254]   --->   Operation 45 'select' 'select_ln21_5' <Predicate = (!icmp_ln132)> <Delay = 0.80> <CoreInst = "Sel">   --->   Core 73 'Sel' <Latency = 0> <II = 1> <Delay = 0.79> <FuncUnit> <Opcode : 'select'> <InPorts = 3> <OutPorts = 1>
ST_1 : Operation 46 [1/1] (1.49ns)   --->   "%icmp_ln21_6 = icmp_eq  i4 %clz_next_5_read, i4 1" [serial_fft/fft_serial.cpp:21->serial_fft/fft_serial.cpp:145->serial_fft/fft_serial.cpp:254]   --->   Operation 46 'icmp' 'icmp_ln21_6' <Predicate = (!icmp_ln132)> <Delay = 1.49> <CoreInst = "Cmp">   --->   Core 9 'Cmp' <Latency = 0> <II = 1> <Delay = 1.49> <FuncUnit> <Opcode : 'icmp'> <InPorts = 2> <OutPorts = 1>
ST_1 : Operation 47 [1/1] (1.49ns)   --->   "%icmp_ln21_7 = icmp_eq  i4 %clz_next_5_read, i4 0" [serial_fft/fft_serial.cpp:21->serial_fft/fft_serial.cpp:145->serial_fft/fft_serial.cpp:254]   --->   Operation 47 'icmp' 'icmp_ln21_7' <Predicate = (!icmp_ln132)> <Delay = 1.49> <CoreInst = "Cmp">   --->   Core 9 'Cmp' <Latency = 0> <II = 1> <Delay = 1.49> <FuncUnit> <Opcode : 'icmp'> <InPorts = 2> <OutPorts = 1>
ST_1 : Operation 48 [1/1] (0.00ns)   --->   "%im_addr = getelementptr i17 %im, i64 0, i64 %zext_ln140" [serial_fft/fft_serial.cpp:146->serial_fft/fft_serial.cpp:254]   --->   Operation 48 'getelementptr' 'im_addr' <Predicate = (!icmp_ln132)> <Delay = 0.00>
ST_1 : Operation 49 [1/1] (0.00ns)   --->   "%im_1_addr = getelementptr i17 %im_1, i64 0, i64 %zext_ln140" [serial_fft/fft_serial.cpp:146->serial_fft/fft_serial.cpp:254]   --->   Operation 49 'getelementptr' 'im_1_addr' <Predicate = (!icmp_ln132)> <Delay = 0.00>
ST_1 : Operation 50 [1/1] (0.00ns)   --->   "%re_addr_1 = getelementptr i17 %re, i64 0, i64 %zext_ln141" [serial_fft/fft_serial.cpp:147->serial_fft/fft_serial.cpp:254]   --->   Operation 50 'getelementptr' 're_addr_1' <Predicate = (!icmp_ln132)> <Delay = 0.00>
ST_1 : Operation 51 [1/1] (0.00ns)   --->   "%re_1_addr_1 = getelementptr i17 %re_1, i64 0, i64 %zext_ln141" [serial_fft/fft_serial.cpp:147->serial_fft/fft_serial.cpp:254]   --->   Operation 51 'getelementptr' 're_1_addr_1' <Predicate = (!icmp_ln132)> <Delay = 0.00>
ST_1 : Operation 52 [2/2] (2.77ns)   --->   "%re_load_1 = load i9 %re_addr_1" [serial_fft/fft_serial.cpp:147->serial_fft/fft_serial.cpp:254]   --->   Operation 52 'load' 're_load_1' <Predicate = (!icmp_ln132)> <Delay = 2.77> <CoreInst = "RAM">   --->   Core 82 'RAM' <Latency = 1> <II = 1> <Delay = 2.77> <Storage> <Opcode : 'load' 'store'> <Ports = 2> <Width = 17> <Depth = 512> <RAM>
ST_1 : Operation 53 [2/2] (2.77ns)   --->   "%re_1_load_1 = load i9 %re_1_addr_1" [serial_fft/fft_serial.cpp:147->serial_fft/fft_serial.cpp:254]   --->   Operation 53 'load' 're_1_load_1' <Predicate = (!icmp_ln132)> <Delay = 2.77> <CoreInst = "RAM">   --->   Core 82 'RAM' <Latency = 1> <II = 1> <Delay = 2.77> <Storage> <Opcode : 'load' 'store'> <Ports = 2> <Width = 17> <Depth = 512> <RAM>
ST_1 : Operation 54 [1/1] (0.00ns)   --->   "%im_addr_1 = getelementptr i17 %im, i64 0, i64 %zext_ln141" [serial_fft/fft_serial.cpp:148->serial_fft/fft_serial.cpp:254]   --->   Operation 54 'getelementptr' 'im_addr_1' <Predicate = (!icmp_ln132)> <Delay = 0.00>
ST_1 : Operation 55 [1/1] (0.00ns)   --->   "%im_1_addr_1 = getelementptr i17 %im_1, i64 0, i64 %zext_ln141" [serial_fft/fft_serial.cpp:148->serial_fft/fft_serial.cpp:254]   --->   Operation 55 'getelementptr' 'im_1_addr_1' <Predicate = (!icmp_ln132)> <Delay = 0.00>
ST_1 : Operation 56 [1/1] (0.00ns)   --->   "%trunc_ln21_4 = partselect i2 @_ssdm_op_PartSelect.i2.i10.i32.i32, i10 %bfly_1, i32 3, i32 4" [./serial_fft/../twiddle_rom.h:21->serial_fft/fft_serial.cpp:152->serial_fft/fft_serial.cpp:254]   --->   Operation 56 'partselect' 'trunc_ln21_4' <Predicate = (!icmp_ln132)> <Delay = 0.00>
ST_1 : Operation 57 [1/1] (0.00ns)   --->   "%tmp = bitselect i1 @_ssdm_op_BitSelect.i1.i10.i32, i10 %bfly_1, i32 3" [./serial_fft/../twiddle_rom.h:21->serial_fft/fft_serial.cpp:152->serial_fft/fft_serial.cpp:254]   --->   Operation 57 'bitselect' 'tmp' <Predicate = (!icmp_ln132)> <Delay = 0.00>
ST_1 : Operation 58 [1/1] (0.00ns)   --->   "%zext_ln22 = zext i7 %tw_n" [./serial_fft/../twiddle_rom.h:22->serial_fft/fft_serial.cpp:152->serial_fft/fft_serial.cpp:254]   --->   Operation 58 'zext' 'zext_ln22' <Predicate = (!icmp_ln132)> <Delay = 0.00>
ST_1 : Operation 59 [1/1] (1.71ns)   --->   "%sub_ln23 = sub i8 128, i8 %zext_ln22" [./serial_fft/../twiddle_rom.h:23->serial_fft/fft_serial.cpp:152->serial_fft/fft_serial.cpp:254]   --->   Operation 59 'sub' 'sub_ln23' <Predicate = (!icmp_ln132)> <Delay = 1.71> <CoreInst = "Adder">   --->   Core 1 'Adder' <Latency = 0> <II = 1> <Delay = 1.71> <FuncUnit> <Opcode : 'add' 'sub'> <InPorts = 2> <OutPorts = 1>
ST_1 : Operation 60 [1/1] (1.07ns)   --->   "%rom_addr = select i1 %tmp, i8 %sub_ln23, i8 %zext_ln22" [./serial_fft/../twiddle_rom.h:23->serial_fft/fft_serial.cpp:152->serial_fft/fft_serial.cpp:254]   --->   Operation 60 'select' 'rom_addr' <Predicate = (!icmp_ln132)> <Delay = 1.07> <CoreInst = "Sel">   --->   Core 73 'Sel' <Latency = 0> <II = 1> <Delay = 1.07> <FuncUnit> <Opcode : 'select'> <InPorts = 3> <OutPorts = 1>
ST_1 : Operation 61 [1/1] (0.00ns)   --->   "%zext_ln25 = zext i8 %rom_addr" [./serial_fft/../twiddle_rom.h:25->serial_fft/fft_serial.cpp:152->serial_fft/fft_serial.cpp:254]   --->   Operation 61 'zext' 'zext_ln25' <Predicate = (!icmp_ln132)> <Delay = 0.00>
ST_1 : Operation 62 [1/1] (0.00ns)   --->   "%TW_COS_LUT_addr = getelementptr i15 %TW_COS_LUT, i64 0, i64 %zext_ln25" [./serial_fft/../twiddle_rom.h:25->serial_fft/fft_serial.cpp:152->serial_fft/fft_serial.cpp:254]   --->   Operation 62 'getelementptr' 'TW_COS_LUT_addr' <Predicate = (!icmp_ln132)> <Delay = 0.00>
ST_1 : Operation 63 [2/2] (2.77ns)   --->   "%w_re_5 = load i8 %TW_COS_LUT_addr" [./serial_fft/../twiddle_rom.h:25->serial_fft/fft_serial.cpp:152->serial_fft/fft_serial.cpp:254]   --->   Operation 63 'load' 'w_re_5' <Predicate = (!icmp_ln132)> <Delay = 2.77> <CoreInst = "ROM">   --->   Core 95 'ROM' <Latency = 1> <II = 1> <Delay = 2.77> <Storage> <Opcode : 'load'> <Ports = 0> <Width = 15> <Depth = 129> <ROM>
ST_1 : Operation 64 [1/1] (0.00ns)   --->   "%TW_SIN_LUT_addr = getelementptr i15 %TW_SIN_LUT, i64 0, i64 %zext_ln25" [./serial_fft/../twiddle_rom.h:26->serial_fft/fft_serial.cpp:152->serial_fft/fft_serial.cpp:254]   --->   Operation 64 'getelementptr' 'TW_SIN_LUT_addr' <Predicate = (!icmp_ln132)> <Delay = 0.00>
ST_1 : Operation 65 [2/2] (2.77ns)   --->   "%sv = load i8 %TW_SIN_LUT_addr" [./serial_fft/../twiddle_rom.h:26->serial_fft/fft_serial.cpp:152->serial_fft/fft_serial.cpp:254]   --->   Operation 65 'load' 'sv' <Predicate = (!icmp_ln132)> <Delay = 2.77> <CoreInst = "ROM">   --->   Core 95 'ROM' <Latency = 1> <II = 1> <Delay = 2.77> <Storage> <Opcode : 'load'> <Ports = 0> <Width = 15> <Depth = 129> <ROM>
ST_1 : Operation 66 [1/1] (0.00ns)   --->   "%br_ln179 = br i1 %trunc_ln132, void %arrayidx11.i586414557.case.0, void %arrayidx11.i586414557.case.1" [serial_fft/fft_serial.cpp:179->serial_fft/fft_serial.cpp:254]   --->   Operation 66 'br' 'br_ln179' <Predicate = (!icmp_ln132)> <Delay = 0.00>
ST_1 : Operation 67 [1/1] (1.32ns)   --->   "%store_ln132 = store i10 %bfly_2, i10 %bfly" [serial_fft/fft_serial.cpp:132->serial_fft/fft_serial.cpp:254]   --->   Operation 67 'store' 'store_ln132' <Predicate = (!icmp_ln132)> <Delay = 1.32>
ST_1 : Operation 68 [1/1] (0.00ns)   --->   "%br_ln132 = br void %for.body.i5274" [serial_fft/fft_serial.cpp:132->serial_fft/fft_serial.cpp:254]   --->   Operation 68 'br' 'br_ln132' <Predicate = (!icmp_ln132)> <Delay = 0.00>
ST_1 : Operation 187 [1/1] (0.00ns)   --->   "%ret_ln0 = ret"   --->   Operation 187 'ret' 'ret_ln0' <Predicate = (icmp_ln132)> <Delay = 0.00>

State 2 <SV = 1> <Delay = 9.09>
ST_2 : Operation 69 [1/2] (2.77ns)   --->   "%re_load = load i9 %re_addr" [serial_fft/fft_serial.cpp:145->serial_fft/fft_serial.cpp:254]   --->   Operation 69 'load' 're_load' <Predicate = (!icmp_ln132)> <Delay = 2.77> <CoreInst = "RAM">   --->   Core 82 'RAM' <Latency = 1> <II = 1> <Delay = 2.77> <Storage> <Opcode : 'load' 'store'> <Ports = 2> <Width = 17> <Depth = 512> <RAM>
ST_2 : Operation 70 [1/2] (2.77ns)   --->   "%re_1_load = load i9 %re_1_addr" [serial_fft/fft_serial.cpp:145->serial_fft/fft_serial.cpp:254]   --->   Operation 70 'load' 're_1_load' <Predicate = (!icmp_ln132)> <Delay = 2.77> <CoreInst = "RAM">   --->   Core 82 'RAM' <Latency = 1> <II = 1> <Delay = 2.77> <Storage> <Opcode : 'load' 'store'> <Ports = 2> <Width = 17> <Depth = 512> <RAM>
ST_2 : Operation 71 [1/1] (0.00ns)   --->   "%zext_ln21 = zext i3 %select_ln21_5" [serial_fft/fft_serial.cpp:21->serial_fft/fft_serial.cpp:145->serial_fft/fft_serial.cpp:254]   --->   Operation 71 'zext' 'zext_ln21' <Predicate = (!icmp_ln132)> <Delay = 0.00>
ST_2 : Operation 72 [2/2] (2.77ns)   --->   "%im_load = load i9 %im_addr" [serial_fft/fft_serial.cpp:146->serial_fft/fft_serial.cpp:254]   --->   Operation 72 'load' 'im_load' <Predicate = (!icmp_ln132 & !trunc_ln132)> <Delay = 2.77> <CoreInst = "RAM">   --->   Core 82 'RAM' <Latency = 1> <II = 1> <Delay = 2.77> <Storage> <Opcode : 'load' 'store'> <Ports = 2> <Width = 17> <Depth = 512> <RAM>
ST_2 : Operation 73 [2/2] (2.77ns)   --->   "%im_1_load = load i9 %im_1_addr" [serial_fft/fft_serial.cpp:146->serial_fft/fft_serial.cpp:254]   --->   Operation 73 'load' 'im_1_load' <Predicate = (!icmp_ln132 & trunc_ln132)> <Delay = 2.77> <CoreInst = "RAM">   --->   Core 82 'RAM' <Latency = 1> <II = 1> <Delay = 2.77> <Storage> <Opcode : 'load' 'store'> <Ports = 2> <Width = 17> <Depth = 512> <RAM>
ST_2 : Operation 74 [1/2] (2.77ns)   --->   "%re_load_1 = load i9 %re_addr_1" [serial_fft/fft_serial.cpp:147->serial_fft/fft_serial.cpp:254]   --->   Operation 74 'load' 're_load_1' <Predicate = (!icmp_ln132)> <Delay = 2.77> <CoreInst = "RAM">   --->   Core 82 'RAM' <Latency = 1> <II = 1> <Delay = 2.77> <Storage> <Opcode : 'load' 'store'> <Ports = 2> <Width = 17> <Depth = 512> <RAM>
ST_2 : Operation 75 [1/2] (2.77ns)   --->   "%re_1_load_1 = load i9 %re_1_addr_1" [serial_fft/fft_serial.cpp:147->serial_fft/fft_serial.cpp:254]   --->   Operation 75 'load' 're_1_load_1' <Predicate = (!icmp_ln132)> <Delay = 2.77> <CoreInst = "RAM">   --->   Core 82 'RAM' <Latency = 1> <II = 1> <Delay = 2.77> <Storage> <Opcode : 'load' 'store'> <Ports = 2> <Width = 17> <Depth = 512> <RAM>
ST_2 : Operation 76 [1/1] (0.94ns)   --->   "%v_11 = select i1 %trunc_ln132, i17 %re_1_load_1, i17 %re_load_1" [serial_fft/fft_serial.cpp:132->serial_fft/fft_serial.cpp:254]   --->   Operation 76 'select' 'v_11' <Predicate = (!icmp_ln132)> <Delay = 0.94> <CoreInst = "Sel">   --->   Core 73 'Sel' <Latency = 0> <II = 1> <Delay = 0.94> <FuncUnit> <Opcode : 'select'> <InPorts = 3> <OutPorts = 1>
ST_2 : Operation 77 [1/1] (0.00ns)   --->   "%trunc_ln19_2 = trunc i17 %v_11" [serial_fft/fft_serial.cpp:19->serial_fft/fft_serial.cpp:147->serial_fft/fft_serial.cpp:254]   --->   Operation 77 'trunc' 'trunc_ln19_2' <Predicate = (!icmp_ln132 & icmp_ln21_7)> <Delay = 0.00>
ST_2 : Operation 78 [1/1] (0.00ns)   --->   "%b_re_1 = trunc i17 %v_11" [serial_fft/fft_serial.cpp:34->serial_fft/fft_serial.cpp:147->serial_fft/fft_serial.cpp:254]   --->   Operation 78 'trunc' 'b_re_1' <Predicate = (!icmp_ln132 & !icmp_ln21_7)> <Delay = 0.00>
ST_2 : Operation 79 [1/1] (1.20ns)   --->   "%icmp_ln24_2 = icmp_eq  i2 %trunc_ln19_2, i2 3" [serial_fft/fft_serial.cpp:24->serial_fft/fft_serial.cpp:147->serial_fft/fft_serial.cpp:254]   --->   Operation 79 'icmp' 'icmp_ln24_2' <Predicate = (!icmp_ln132 & icmp_ln21_7)> <Delay = 1.20> <CoreInst = "Cmp">   --->   Core 9 'Cmp' <Latency = 0> <II = 1> <Delay = 1.20> <FuncUnit> <Opcode : 'icmp'> <InPorts = 2> <OutPorts = 1>
ST_2 : Operation 80 [1/1] (0.00ns)   --->   "%zext_ln24_2 = zext i1 %icmp_ln24_2" [serial_fft/fft_serial.cpp:24->serial_fft/fft_serial.cpp:147->serial_fft/fft_serial.cpp:254]   --->   Operation 80 'zext' 'zext_ln24_2' <Predicate = (!icmp_ln132 & icmp_ln21_7)> <Delay = 0.00>
ST_2 : Operation 81 [1/1] (1.86ns)   --->   "%rounded_2 = add i17 %v_11, i17 %zext_ln24_2" [serial_fft/fft_serial.cpp:24->serial_fft/fft_serial.cpp:147->serial_fft/fft_serial.cpp:254]   --->   Operation 81 'add' 'rounded_2' <Predicate = (!icmp_ln132 & icmp_ln21_7)> <Delay = 1.86> <CoreInst = "Adder">   --->   Core 1 'Adder' <Latency = 0> <II = 1> <Delay = 1.86> <FuncUnit> <Opcode : 'add' 'sub'> <InPorts = 2> <OutPorts = 1>
ST_2 : Operation 82 [1/1] (0.00ns) (grouped into LUT with out node b_re_4)   --->   "%b_re = partselect i16 @_ssdm_op_PartSelect.i16.i17.i32.i32, i17 %rounded_2, i32 1, i32 16" [serial_fft/fft_serial.cpp:25->serial_fft/fft_serial.cpp:147->serial_fft/fft_serial.cpp:254]   --->   Operation 82 'partselect' 'b_re' <Predicate = (!icmp_ln132 & icmp_ln21_7)> <Delay = 0.00>
ST_2 : Operation 83 [1/1] (2.98ns)   --->   "%b_re_2 = shl i16 %b_re_1, i16 %zext_ln21" [serial_fft/fft_serial.cpp:21->serial_fft/fft_serial.cpp:147->serial_fft/fft_serial.cpp:254]   --->   Operation 83 'shl' 'b_re_2' <Predicate = (!icmp_ln132 & !icmp_ln21_7 & !icmp_ln21_6)> <Delay = 2.98> <CoreInst = "Shifter">   --->   Core 75 'Shifter' <Latency = 0> <II = 1> <Delay = 2.98> <FuncUnit> <Opcode : 'shl' 'lshr' 'ashr'> <InPorts = 2> <OutPorts = 1>
ST_2 : Operation 84 [1/1] (0.00ns) (grouped into LUT with out node b_re_4)   --->   "%b_re_3 = select i1 %icmp_ln21_6, i16 %b_re_1, i16 %b_re_2" [serial_fft/fft_serial.cpp:21->serial_fft/fft_serial.cpp:147->serial_fft/fft_serial.cpp:254]   --->   Operation 84 'select' 'b_re_3' <Predicate = (!icmp_ln132 & !icmp_ln21_7)> <Delay = 0.00> <CoreInst = "Sel">   --->   Core 73 'Sel' <Latency = 0> <II = 1> <Delay = 1.06> <FuncUnit> <Opcode : 'select'> <InPorts = 3> <OutPorts = 1>
ST_2 : Operation 85 [1/1] (1.06ns) (out node of the LUT)   --->   "%b_re_4 = select i1 %icmp_ln21_7, i16 %b_re, i16 %b_re_3" [serial_fft/fft_serial.cpp:21->serial_fft/fft_serial.cpp:147->serial_fft/fft_serial.cpp:254]   --->   Operation 85 'select' 'b_re_4' <Predicate = (!icmp_ln132)> <Delay = 1.06> <CoreInst = "Sel">   --->   Core 73 'Sel' <Latency = 0> <II = 1> <Delay = 1.06> <FuncUnit> <Opcode : 'select'> <InPorts = 3> <OutPorts = 1>
ST_2 : Operation 86 [2/2] (2.77ns)   --->   "%im_load_1 = load i9 %im_addr_1" [serial_fft/fft_serial.cpp:148->serial_fft/fft_serial.cpp:254]   --->   Operation 86 'load' 'im_load_1' <Predicate = (!icmp_ln132 & !trunc_ln132)> <Delay = 2.77> <CoreInst = "RAM">   --->   Core 82 'RAM' <Latency = 1> <II = 1> <Delay = 2.77> <Storage> <Opcode : 'load' 'store'> <Ports = 2> <Width = 17> <Depth = 512> <RAM>
ST_2 : Operation 87 [2/2] (2.77ns)   --->   "%im_1_load_1 = load i9 %im_1_addr_1" [serial_fft/fft_serial.cpp:148->serial_fft/fft_serial.cpp:254]   --->   Operation 87 'load' 'im_1_load_1' <Predicate = (!icmp_ln132 & trunc_ln132)> <Delay = 2.77> <CoreInst = "RAM">   --->   Core 82 'RAM' <Latency = 1> <II = 1> <Delay = 2.77> <Storage> <Opcode : 'load' 'store'> <Ports = 2> <Width = 17> <Depth = 512> <RAM>
ST_2 : Operation 88 [1/2] (2.77ns)   --->   "%w_re_5 = load i8 %TW_COS_LUT_addr" [./serial_fft/../twiddle_rom.h:25->serial_fft/fft_serial.cpp:152->serial_fft/fft_serial.cpp:254]   --->   Operation 88 'load' 'w_re_5' <Predicate = (!icmp_ln132)> <Delay = 2.77> <CoreInst = "ROM">   --->   Core 95 'ROM' <Latency = 1> <II = 1> <Delay = 2.77> <Storage> <Opcode : 'load'> <Ports = 0> <Width = 15> <Depth = 129> <ROM>
ST_2 : Operation 89 [1/1] (0.00ns) (grouped into LUT with out node w_re_3)   --->   "%zext_ln151 = zext i15 %w_re_5" [serial_fft/fft_serial.cpp:151->serial_fft/fft_serial.cpp:254]   --->   Operation 89 'zext' 'zext_ln151' <Predicate = (!icmp_ln132)> <Delay = 0.00>
ST_2 : Operation 90 [1/2] (2.77ns)   --->   "%sv = load i8 %TW_SIN_LUT_addr" [./serial_fft/../twiddle_rom.h:26->serial_fft/fft_serial.cpp:152->serial_fft/fft_serial.cpp:254]   --->   Operation 90 'load' 'sv' <Predicate = (!icmp_ln132)> <Delay = 2.77> <CoreInst = "ROM">   --->   Core 95 'ROM' <Latency = 1> <II = 1> <Delay = 2.77> <Storage> <Opcode : 'load'> <Ports = 0> <Width = 15> <Depth = 129> <ROM>
ST_2 : Operation 91 [1/1] (0.00ns) (grouped into LUT with out node w_re_2)   --->   "%zext_ln26 = zext i15 %sv" [./serial_fft/../twiddle_rom.h:26->serial_fft/fft_serial.cpp:152->serial_fft/fft_serial.cpp:254]   --->   Operation 91 'zext' 'zext_ln26' <Predicate = (!icmp_ln132)> <Delay = 0.00>
ST_2 : Operation 92 [1/1] (1.20ns)   --->   "%icmp_ln28 = icmp_eq  i2 %trunc_ln21_4, i2 2" [./serial_fft/../twiddle_rom.h:28->serial_fft/fft_serial.cpp:152->serial_fft/fft_serial.cpp:254]   --->   Operation 92 'icmp' 'icmp_ln28' <Predicate = (!icmp_ln132)> <Delay = 1.20> <CoreInst = "Cmp">   --->   Core 9 'Cmp' <Latency = 0> <II = 1> <Delay = 1.20> <FuncUnit> <Opcode : 'icmp'> <InPorts = 2> <OutPorts = 1>
ST_2 : Operation 93 [1/1] (0.00ns) (grouped into LUT with out node w_re_2)   --->   "%select_ln28 = select i1 %icmp_ln28, i15 %sv, i15 %w_re_5" [./serial_fft/../twiddle_rom.h:28->serial_fft/fft_serial.cpp:152->serial_fft/fft_serial.cpp:254]   --->   Operation 93 'select' 'select_ln28' <Predicate = (!icmp_ln132)> <Delay = 0.00> <CoreInst = "Sel">   --->   Core 73 'Sel' <Latency = 0> <II = 1> <Delay = 0.84> <FuncUnit> <Opcode : 'select'> <InPorts = 3> <OutPorts = 1>
ST_2 : Operation 94 [1/1] (0.00ns) (grouped into LUT with out node w_re_2)   --->   "%zext_ln28 = zext i15 %select_ln28" [./serial_fft/../twiddle_rom.h:28->serial_fft/fft_serial.cpp:152->serial_fft/fft_serial.cpp:254]   --->   Operation 94 'zext' 'zext_ln28' <Predicate = (!icmp_ln132)> <Delay = 0.00>
ST_2 : Operation 95 [1/1] (0.00ns) (grouped into LUT with out node w_re_2)   --->   "%w_re_1 = xor i16 %zext_ln28, i16 65535" [./serial_fft/../twiddle_rom.h:28->serial_fft/fft_serial.cpp:152->serial_fft/fft_serial.cpp:254]   --->   Operation 95 'xor' 'w_re_1' <Predicate = (!icmp_ln132)> <Delay = 0.00> <CoreInst = "LogicGate">   --->   Core 74 'LogicGate' <Latency = 0> <II = 1> <Delay = 0.80> <FuncUnit> <Opcode : 'and' 'or' 'xor'> <InPorts = 2> <OutPorts = 1>
ST_2 : Operation 96 [1/1] (1.20ns)   --->   "%icmp_ln28_1 = icmp_eq  i2 %trunc_ln21_4, i2 1" [./serial_fft/../twiddle_rom.h:28->serial_fft/fft_serial.cpp:152->serial_fft/fft_serial.cpp:254]   --->   Operation 96 'icmp' 'icmp_ln28_1' <Predicate = (!icmp_ln132)> <Delay = 1.20> <CoreInst = "Cmp">   --->   Core 9 'Cmp' <Latency = 0> <II = 1> <Delay = 1.20> <FuncUnit> <Opcode : 'icmp'> <InPorts = 2> <OutPorts = 1>
ST_2 : Operation 97 [1/1] (1.06ns) (out node of the LUT)   --->   "%w_re_2 = select i1 %icmp_ln28_1, i16 %zext_ln26, i16 %w_re_1" [./serial_fft/../twiddle_rom.h:28->serial_fft/fft_serial.cpp:152->serial_fft/fft_serial.cpp:254]   --->   Operation 97 'select' 'w_re_2' <Predicate = (!icmp_ln132)> <Delay = 1.06> <CoreInst = "Sel">   --->   Core 73 'Sel' <Latency = 0> <II = 1> <Delay = 1.06> <FuncUnit> <Opcode : 'select'> <InPorts = 3> <OutPorts = 1>
ST_2 : Operation 98 [1/1] (1.20ns)   --->   "%icmp_ln28_2 = icmp_eq  i2 %trunc_ln21_4, i2 0" [./serial_fft/../twiddle_rom.h:28->serial_fft/fft_serial.cpp:152->serial_fft/fft_serial.cpp:254]   --->   Operation 98 'icmp' 'icmp_ln28_2' <Predicate = (!icmp_ln132)> <Delay = 1.20> <CoreInst = "Cmp">   --->   Core 9 'Cmp' <Latency = 0> <II = 1> <Delay = 1.20> <FuncUnit> <Opcode : 'icmp'> <InPorts = 2> <OutPorts = 1>
ST_2 : Operation 99 [1/1] (1.06ns) (out node of the LUT)   --->   "%w_re_3 = select i1 %icmp_ln28_2, i16 %zext_ln151, i16 %w_re_2" [./serial_fft/../twiddle_rom.h:28->serial_fft/fft_serial.cpp:152->serial_fft/fft_serial.cpp:254]   --->   Operation 99 'select' 'w_re_3' <Predicate = (!icmp_ln132)> <Delay = 1.06> <CoreInst = "Sel">   --->   Core 73 'Sel' <Latency = 0> <II = 1> <Delay = 1.06> <FuncUnit> <Opcode : 'select'> <InPorts = 3> <OutPorts = 1>
ST_2 : Operation 100 [1/1] (0.00ns) (grouped into LUT with out node w_im)   --->   "%or_ln28 = or i1 %icmp_ln28_1, i1 %icmp_ln28" [./serial_fft/../twiddle_rom.h:28->serial_fft/fft_serial.cpp:152->serial_fft/fft_serial.cpp:254]   --->   Operation 100 'or' 'or_ln28' <Predicate = (!icmp_ln132)> <Delay = 0.00> <CoreInst = "LogicGate">   --->   Core 74 'LogicGate' <Latency = 0> <II = 1> <Delay = 0.80> <FuncUnit> <Opcode : 'and' 'or' 'xor'> <InPorts = 2> <OutPorts = 1>
ST_2 : Operation 101 [1/1] (0.00ns) (grouped into LUT with out node w_im)   --->   "%w_re_4 = select i1 %or_ln28, i15 %w_re_5, i15 %sv" [./serial_fft/../twiddle_rom.h:28->serial_fft/fft_serial.cpp:152->serial_fft/fft_serial.cpp:254]   --->   Operation 101 'select' 'w_re_4' <Predicate = (!icmp_ln132)> <Delay = 0.00> <CoreInst = "Sel">   --->   Core 73 'Sel' <Latency = 0> <II = 1> <Delay = 0.84> <FuncUnit> <Opcode : 'select'> <InPorts = 3> <OutPorts = 1>
ST_2 : Operation 102 [1/1] (0.00ns) (grouped into LUT with out node w_im)   --->   "%zext_ln151_1 = zext i15 %w_re_4" [serial_fft/fft_serial.cpp:151->serial_fft/fft_serial.cpp:254]   --->   Operation 102 'zext' 'zext_ln151_1' <Predicate = (!icmp_ln132)> <Delay = 0.00>
ST_2 : Operation 103 [1/1] (0.84ns) (out node of the LUT)   --->   "%w_im = xor i16 %zext_ln151_1, i16 65535" [serial_fft/fft_serial.cpp:151->serial_fft/fft_serial.cpp:254]   --->   Operation 103 'xor' 'w_im' <Predicate = (!icmp_ln132)> <Delay = 0.84> <CoreInst = "LogicGate">   --->   Core 74 'LogicGate' <Latency = 0> <II = 1> <Delay = 0.80> <FuncUnit> <Opcode : 'and' 'or' 'xor'> <InPorts = 2> <OutPorts = 1>
ST_2 : Operation 104 [1/1] (0.00ns)   --->   "%sext_ln159 = sext i16 %b_re_4" [serial_fft/fft_serial.cpp:159->serial_fft/fft_serial.cpp:254]   --->   Operation 104 'sext' 'sext_ln159' <Predicate = (!icmp_ln132)> <Delay = 0.00>
ST_2 : Operation 105 [1/1] (0.00ns)   --->   "%sext_ln159_1 = sext i16 %w_re_3" [serial_fft/fft_serial.cpp:159->serial_fft/fft_serial.cpp:254]   --->   Operation 105 'sext' 'sext_ln159_1' <Predicate = (!icmp_ln132)> <Delay = 0.00>
ST_2 : Operation 106 [4/4] (1.25ns)   --->   "%p_rr = mul i32 %sext_ln159_1, i32 %sext_ln159" [serial_fft/fft_serial.cpp:159->serial_fft/fft_serial.cpp:254]   --->   Operation 106 'mul' 'p_rr' <Predicate = (!icmp_ln132)> <Delay = 1.25> <CoreInst = "Mul_DSP">   --->   Core 5 'Mul_DSP' <Latency = 3> <II = 1> <Delay = 3.72> <FuncUnit> <Opcode : 'mul'> <InPorts = 2> <OutPorts = 1>

State 3 <SV = 2> <Delay = 6.70>
ST_3 : Operation 107 [1/2] (2.77ns)   --->   "%im_load = load i9 %im_addr" [serial_fft/fft_serial.cpp:146->serial_fft/fft_serial.cpp:254]   --->   Operation 107 'load' 'im_load' <Predicate = (!icmp_ln132 & !trunc_ln132)> <Delay = 2.77> <CoreInst = "RAM">   --->   Core 82 'RAM' <Latency = 1> <II = 1> <Delay = 2.77> <Storage> <Opcode : 'load' 'store'> <Ports = 2> <Width = 17> <Depth = 512> <RAM>
ST_3 : Operation 108 [1/2] (2.77ns)   --->   "%im_1_load = load i9 %im_1_addr" [serial_fft/fft_serial.cpp:146->serial_fft/fft_serial.cpp:254]   --->   Operation 108 'load' 'im_1_load' <Predicate = (!icmp_ln132 & trunc_ln132)> <Delay = 2.77> <CoreInst = "RAM">   --->   Core 82 'RAM' <Latency = 1> <II = 1> <Delay = 2.77> <Storage> <Opcode : 'load' 'store'> <Ports = 2> <Width = 17> <Depth = 512> <RAM>
ST_3 : Operation 109 [1/2] (2.77ns)   --->   "%im_load_1 = load i9 %im_addr_1" [serial_fft/fft_serial.cpp:148->serial_fft/fft_serial.cpp:254]   --->   Operation 109 'load' 'im_load_1' <Predicate = (!icmp_ln132 & !trunc_ln132)> <Delay = 2.77> <CoreInst = "RAM">   --->   Core 82 'RAM' <Latency = 1> <II = 1> <Delay = 2.77> <Storage> <Opcode : 'load' 'store'> <Ports = 2> <Width = 17> <Depth = 512> <RAM>
ST_3 : Operation 110 [1/2] (2.77ns)   --->   "%im_1_load_1 = load i9 %im_1_addr_1" [serial_fft/fft_serial.cpp:148->serial_fft/fft_serial.cpp:254]   --->   Operation 110 'load' 'im_1_load_1' <Predicate = (!icmp_ln132 & trunc_ln132)> <Delay = 2.77> <CoreInst = "RAM">   --->   Core 82 'RAM' <Latency = 1> <II = 1> <Delay = 2.77> <Storage> <Opcode : 'load' 'store'> <Ports = 2> <Width = 17> <Depth = 512> <RAM>
ST_3 : Operation 111 [1/1] (0.94ns)   --->   "%v_12 = select i1 %trunc_ln132, i17 %im_1_load_1, i17 %im_load_1" [serial_fft/fft_serial.cpp:132->serial_fft/fft_serial.cpp:254]   --->   Operation 111 'select' 'v_12' <Predicate = (!icmp_ln132)> <Delay = 0.94> <CoreInst = "Sel">   --->   Core 73 'Sel' <Latency = 0> <II = 1> <Delay = 0.94> <FuncUnit> <Opcode : 'select'> <InPorts = 3> <OutPorts = 1>
ST_3 : Operation 112 [1/1] (0.00ns)   --->   "%trunc_ln19_3 = trunc i17 %v_12" [serial_fft/fft_serial.cpp:19->serial_fft/fft_serial.cpp:148->serial_fft/fft_serial.cpp:254]   --->   Operation 112 'trunc' 'trunc_ln19_3' <Predicate = (!icmp_ln132 & icmp_ln21_7)> <Delay = 0.00>
ST_3 : Operation 113 [1/1] (0.00ns)   --->   "%b_im_1 = trunc i17 %v_12" [serial_fft/fft_serial.cpp:34->serial_fft/fft_serial.cpp:148->serial_fft/fft_serial.cpp:254]   --->   Operation 113 'trunc' 'b_im_1' <Predicate = (!icmp_ln132 & !icmp_ln21_7)> <Delay = 0.00>
ST_3 : Operation 114 [1/1] (1.20ns)   --->   "%icmp_ln24_3 = icmp_eq  i2 %trunc_ln19_3, i2 3" [serial_fft/fft_serial.cpp:24->serial_fft/fft_serial.cpp:148->serial_fft/fft_serial.cpp:254]   --->   Operation 114 'icmp' 'icmp_ln24_3' <Predicate = (!icmp_ln132 & icmp_ln21_7)> <Delay = 1.20> <CoreInst = "Cmp">   --->   Core 9 'Cmp' <Latency = 0> <II = 1> <Delay = 1.20> <FuncUnit> <Opcode : 'icmp'> <InPorts = 2> <OutPorts = 1>
ST_3 : Operation 115 [1/1] (2.98ns)   --->   "%b_im_2 = shl i16 %b_im_1, i16 %zext_ln21" [serial_fft/fft_serial.cpp:21->serial_fft/fft_serial.cpp:148->serial_fft/fft_serial.cpp:254]   --->   Operation 115 'shl' 'b_im_2' <Predicate = (!icmp_ln132 & !icmp_ln21_7 & !icmp_ln21_6)> <Delay = 2.98> <CoreInst = "Shifter">   --->   Core 75 'Shifter' <Latency = 0> <II = 1> <Delay = 2.98> <FuncUnit> <Opcode : 'shl' 'lshr' 'ashr'> <InPorts = 2> <OutPorts = 1>
ST_3 : Operation 116 [3/4] (1.25ns)   --->   "%p_rr = mul i32 %sext_ln159_1, i32 %sext_ln159" [serial_fft/fft_serial.cpp:159->serial_fft/fft_serial.cpp:254]   --->   Operation 116 'mul' 'p_rr' <Predicate = (!icmp_ln132)> <Delay = 1.25> <CoreInst = "Mul_DSP">   --->   Core 5 'Mul_DSP' <Latency = 3> <II = 1> <Delay = 3.72> <FuncUnit> <Opcode : 'mul'> <InPorts = 2> <OutPorts = 1>
ST_3 : Operation 117 [1/1] (0.00ns)   --->   "%sext_ln160_1 = sext i16 %w_im" [serial_fft/fft_serial.cpp:160->serial_fft/fft_serial.cpp:254]   --->   Operation 117 'sext' 'sext_ln160_1' <Predicate = (!icmp_ln132)> <Delay = 0.00>
ST_3 : Operation 118 [4/4] (1.25ns)   --->   "%p_ri = mul i32 %sext_ln160_1, i32 %sext_ln159" [serial_fft/fft_serial.cpp:161->serial_fft/fft_serial.cpp:254]   --->   Operation 118 'mul' 'p_ri' <Predicate = (!icmp_ln132)> <Delay = 1.25> <CoreInst = "Mul_DSP">   --->   Core 5 'Mul_DSP' <Latency = 3> <II = 1> <Delay = 3.72> <FuncUnit> <Opcode : 'mul'> <InPorts = 2> <OutPorts = 1>

State 4 <SV = 3> <Delay = 5.07>
ST_4 : Operation 119 [1/1] (0.94ns)   --->   "%v = select i1 %trunc_ln132, i17 %re_1_load, i17 %re_load" [serial_fft/fft_serial.cpp:132->serial_fft/fft_serial.cpp:254]   --->   Operation 119 'select' 'v' <Predicate = (!icmp_ln132)> <Delay = 0.94> <CoreInst = "Sel">   --->   Core 73 'Sel' <Latency = 0> <II = 1> <Delay = 0.94> <FuncUnit> <Opcode : 'select'> <InPorts = 3> <OutPorts = 1>
ST_4 : Operation 120 [1/1] (0.00ns)   --->   "%trunc_ln19 = trunc i17 %v" [serial_fft/fft_serial.cpp:19->serial_fft/fft_serial.cpp:145->serial_fft/fft_serial.cpp:254]   --->   Operation 120 'trunc' 'trunc_ln19' <Predicate = (!icmp_ln132 & icmp_ln21_7)> <Delay = 0.00>
ST_4 : Operation 121 [1/1] (0.00ns)   --->   "%a_re_1 = trunc i17 %v" [serial_fft/fft_serial.cpp:34->serial_fft/fft_serial.cpp:145->serial_fft/fft_serial.cpp:254]   --->   Operation 121 'trunc' 'a_re_1' <Predicate = (!icmp_ln132 & !icmp_ln21_7)> <Delay = 0.00>
ST_4 : Operation 122 [1/1] (1.20ns)   --->   "%icmp_ln24 = icmp_eq  i2 %trunc_ln19, i2 3" [serial_fft/fft_serial.cpp:24->serial_fft/fft_serial.cpp:145->serial_fft/fft_serial.cpp:254]   --->   Operation 122 'icmp' 'icmp_ln24' <Predicate = (!icmp_ln132 & icmp_ln21_7)> <Delay = 1.20> <CoreInst = "Cmp">   --->   Core 9 'Cmp' <Latency = 0> <II = 1> <Delay = 1.20> <FuncUnit> <Opcode : 'icmp'> <InPorts = 2> <OutPorts = 1>
ST_4 : Operation 123 [1/1] (0.00ns)   --->   "%zext_ln24 = zext i1 %icmp_ln24" [serial_fft/fft_serial.cpp:24->serial_fft/fft_serial.cpp:145->serial_fft/fft_serial.cpp:254]   --->   Operation 123 'zext' 'zext_ln24' <Predicate = (!icmp_ln132 & icmp_ln21_7)> <Delay = 0.00>
ST_4 : Operation 124 [1/1] (1.86ns)   --->   "%rounded = add i17 %v, i17 %zext_ln24" [serial_fft/fft_serial.cpp:24->serial_fft/fft_serial.cpp:145->serial_fft/fft_serial.cpp:254]   --->   Operation 124 'add' 'rounded' <Predicate = (!icmp_ln132 & icmp_ln21_7)> <Delay = 1.86> <CoreInst = "Adder">   --->   Core 1 'Adder' <Latency = 0> <II = 1> <Delay = 1.86> <FuncUnit> <Opcode : 'add' 'sub'> <InPorts = 2> <OutPorts = 1>
ST_4 : Operation 125 [1/1] (0.00ns) (grouped into LUT with out node a_re_4)   --->   "%a_re = partselect i16 @_ssdm_op_PartSelect.i16.i17.i32.i32, i17 %rounded, i32 1, i32 16" [serial_fft/fft_serial.cpp:25->serial_fft/fft_serial.cpp:145->serial_fft/fft_serial.cpp:254]   --->   Operation 125 'partselect' 'a_re' <Predicate = (!icmp_ln132 & icmp_ln21_7)> <Delay = 0.00>
ST_4 : Operation 126 [1/1] (2.98ns)   --->   "%a_re_2 = shl i16 %a_re_1, i16 %zext_ln21" [serial_fft/fft_serial.cpp:21->serial_fft/fft_serial.cpp:145->serial_fft/fft_serial.cpp:254]   --->   Operation 126 'shl' 'a_re_2' <Predicate = (!icmp_ln132 & !icmp_ln21_7 & !icmp_ln21_6)> <Delay = 2.98> <CoreInst = "Shifter">   --->   Core 75 'Shifter' <Latency = 0> <II = 1> <Delay = 2.98> <FuncUnit> <Opcode : 'shl' 'lshr' 'ashr'> <InPorts = 2> <OutPorts = 1>
ST_4 : Operation 127 [1/1] (0.00ns) (grouped into LUT with out node a_re_4)   --->   "%a_re_3 = select i1 %icmp_ln21_6, i16 %a_re_1, i16 %a_re_2" [serial_fft/fft_serial.cpp:21->serial_fft/fft_serial.cpp:145->serial_fft/fft_serial.cpp:254]   --->   Operation 127 'select' 'a_re_3' <Predicate = (!icmp_ln132 & !icmp_ln21_7)> <Delay = 0.00> <CoreInst = "Sel">   --->   Core 73 'Sel' <Latency = 0> <II = 1> <Delay = 1.06> <FuncUnit> <Opcode : 'select'> <InPorts = 3> <OutPorts = 1>
ST_4 : Operation 128 [1/1] (1.06ns) (out node of the LUT)   --->   "%a_re_4 = select i1 %icmp_ln21_7, i16 %a_re, i16 %a_re_3" [serial_fft/fft_serial.cpp:21->serial_fft/fft_serial.cpp:145->serial_fft/fft_serial.cpp:254]   --->   Operation 128 'select' 'a_re_4' <Predicate = (!icmp_ln132)> <Delay = 1.06> <CoreInst = "Sel">   --->   Core 73 'Sel' <Latency = 0> <II = 1> <Delay = 1.06> <FuncUnit> <Opcode : 'select'> <InPorts = 3> <OutPorts = 1>
ST_4 : Operation 129 [1/1] (0.00ns)   --->   "%zext_ln24_3 = zext i1 %icmp_ln24_3" [serial_fft/fft_serial.cpp:24->serial_fft/fft_serial.cpp:148->serial_fft/fft_serial.cpp:254]   --->   Operation 129 'zext' 'zext_ln24_3' <Predicate = (!icmp_ln132 & icmp_ln21_7)> <Delay = 0.00>
ST_4 : Operation 130 [1/1] (1.86ns)   --->   "%rounded_3 = add i17 %v_12, i17 %zext_ln24_3" [serial_fft/fft_serial.cpp:24->serial_fft/fft_serial.cpp:148->serial_fft/fft_serial.cpp:254]   --->   Operation 130 'add' 'rounded_3' <Predicate = (!icmp_ln132 & icmp_ln21_7)> <Delay = 1.86> <CoreInst = "Adder">   --->   Core 1 'Adder' <Latency = 0> <II = 1> <Delay = 1.86> <FuncUnit> <Opcode : 'add' 'sub'> <InPorts = 2> <OutPorts = 1>
ST_4 : Operation 131 [1/1] (0.00ns) (grouped into LUT with out node b_im_4)   --->   "%b_im = partselect i16 @_ssdm_op_PartSelect.i16.i17.i32.i32, i17 %rounded_3, i32 1, i32 16" [serial_fft/fft_serial.cpp:25->serial_fft/fft_serial.cpp:148->serial_fft/fft_serial.cpp:254]   --->   Operation 131 'partselect' 'b_im' <Predicate = (!icmp_ln132 & icmp_ln21_7)> <Delay = 0.00>
ST_4 : Operation 132 [1/1] (0.00ns) (grouped into LUT with out node b_im_4)   --->   "%b_im_3 = select i1 %icmp_ln21_6, i16 %b_im_1, i16 %b_im_2" [serial_fft/fft_serial.cpp:21->serial_fft/fft_serial.cpp:148->serial_fft/fft_serial.cpp:254]   --->   Operation 132 'select' 'b_im_3' <Predicate = (!icmp_ln132 & !icmp_ln21_7)> <Delay = 0.00> <CoreInst = "Sel">   --->   Core 73 'Sel' <Latency = 0> <II = 1> <Delay = 1.06> <FuncUnit> <Opcode : 'select'> <InPorts = 3> <OutPorts = 1>
ST_4 : Operation 133 [1/1] (1.06ns) (out node of the LUT)   --->   "%b_im_4 = select i1 %icmp_ln21_7, i16 %b_im, i16 %b_im_3" [serial_fft/fft_serial.cpp:21->serial_fft/fft_serial.cpp:148->serial_fft/fft_serial.cpp:254]   --->   Operation 133 'select' 'b_im_4' <Predicate = (!icmp_ln132)> <Delay = 1.06> <CoreInst = "Sel">   --->   Core 73 'Sel' <Latency = 0> <II = 1> <Delay = 1.06> <FuncUnit> <Opcode : 'select'> <InPorts = 3> <OutPorts = 1>
ST_4 : Operation 134 [2/4] (1.25ns)   --->   "%p_rr = mul i32 %sext_ln159_1, i32 %sext_ln159" [serial_fft/fft_serial.cpp:159->serial_fft/fft_serial.cpp:254]   --->   Operation 134 'mul' 'p_rr' <Predicate = (!icmp_ln132)> <Delay = 1.25> <CoreInst = "Mul_DSP">   --->   Core 5 'Mul_DSP' <Latency = 3> <II = 1> <Delay = 3.72> <FuncUnit> <Opcode : 'mul'> <InPorts = 2> <OutPorts = 1>
ST_4 : Operation 135 [3/4] (1.25ns)   --->   "%p_ri = mul i32 %sext_ln160_1, i32 %sext_ln159" [serial_fft/fft_serial.cpp:161->serial_fft/fft_serial.cpp:254]   --->   Operation 135 'mul' 'p_ri' <Predicate = (!icmp_ln132)> <Delay = 1.25> <CoreInst = "Mul_DSP">   --->   Core 5 'Mul_DSP' <Latency = 3> <II = 1> <Delay = 3.72> <FuncUnit> <Opcode : 'mul'> <InPorts = 2> <OutPorts = 1>

State 5 <SV = 4> <Delay = 10.9>
ST_5 : Operation 136 [1/1] (0.94ns)   --->   "%v_10 = select i1 %trunc_ln132, i17 %im_1_load, i17 %im_load" [serial_fft/fft_serial.cpp:132->serial_fft/fft_serial.cpp:254]   --->   Operation 136 'select' 'v_10' <Predicate = (!icmp_ln132)> <Delay = 0.94> <CoreInst = "Sel">   --->   Core 73 'Sel' <Latency = 0> <II = 1> <Delay = 0.94> <FuncUnit> <Opcode : 'select'> <InPorts = 3> <OutPorts = 1>
ST_5 : Operation 137 [1/1] (0.00ns)   --->   "%trunc_ln19_1 = trunc i17 %v_10" [serial_fft/fft_serial.cpp:19->serial_fft/fft_serial.cpp:146->serial_fft/fft_serial.cpp:254]   --->   Operation 137 'trunc' 'trunc_ln19_1' <Predicate = (!icmp_ln132 & icmp_ln21_7)> <Delay = 0.00>
ST_5 : Operation 138 [1/1] (0.00ns)   --->   "%a_im_1 = trunc i17 %v_10" [serial_fft/fft_serial.cpp:34->serial_fft/fft_serial.cpp:146->serial_fft/fft_serial.cpp:254]   --->   Operation 138 'trunc' 'a_im_1' <Predicate = (!icmp_ln132 & !icmp_ln21_7)> <Delay = 0.00>
ST_5 : Operation 139 [1/1] (1.20ns)   --->   "%icmp_ln24_1 = icmp_eq  i2 %trunc_ln19_1, i2 3" [serial_fft/fft_serial.cpp:24->serial_fft/fft_serial.cpp:146->serial_fft/fft_serial.cpp:254]   --->   Operation 139 'icmp' 'icmp_ln24_1' <Predicate = (!icmp_ln132 & icmp_ln21_7)> <Delay = 1.20> <CoreInst = "Cmp">   --->   Core 9 'Cmp' <Latency = 0> <II = 1> <Delay = 1.20> <FuncUnit> <Opcode : 'icmp'> <InPorts = 2> <OutPorts = 1>
ST_5 : Operation 140 [1/1] (0.00ns)   --->   "%zext_ln24_1 = zext i1 %icmp_ln24_1" [serial_fft/fft_serial.cpp:24->serial_fft/fft_serial.cpp:146->serial_fft/fft_serial.cpp:254]   --->   Operation 140 'zext' 'zext_ln24_1' <Predicate = (!icmp_ln132 & icmp_ln21_7)> <Delay = 0.00>
ST_5 : Operation 141 [1/1] (1.86ns)   --->   "%rounded_1 = add i17 %v_10, i17 %zext_ln24_1" [serial_fft/fft_serial.cpp:24->serial_fft/fft_serial.cpp:146->serial_fft/fft_serial.cpp:254]   --->   Operation 141 'add' 'rounded_1' <Predicate = (!icmp_ln132 & icmp_ln21_7)> <Delay = 1.86> <CoreInst = "Adder">   --->   Core 1 'Adder' <Latency = 0> <II = 1> <Delay = 1.86> <FuncUnit> <Opcode : 'add' 'sub'> <InPorts = 2> <OutPorts = 1>
ST_5 : Operation 142 [1/1] (0.00ns) (grouped into LUT with out node a_im_4)   --->   "%a_im = partselect i16 @_ssdm_op_PartSelect.i16.i17.i32.i32, i17 %rounded_1, i32 1, i32 16" [serial_fft/fft_serial.cpp:25->serial_fft/fft_serial.cpp:146->serial_fft/fft_serial.cpp:254]   --->   Operation 142 'partselect' 'a_im' <Predicate = (!icmp_ln132 & icmp_ln21_7)> <Delay = 0.00>
ST_5 : Operation 143 [1/1] (2.98ns)   --->   "%a_im_2 = shl i16 %a_im_1, i16 %zext_ln21" [serial_fft/fft_serial.cpp:21->serial_fft/fft_serial.cpp:146->serial_fft/fft_serial.cpp:254]   --->   Operation 143 'shl' 'a_im_2' <Predicate = (!icmp_ln132 & !icmp_ln21_7 & !icmp_ln21_6)> <Delay = 2.98> <CoreInst = "Shifter">   --->   Core 75 'Shifter' <Latency = 0> <II = 1> <Delay = 2.98> <FuncUnit> <Opcode : 'shl' 'lshr' 'ashr'> <InPorts = 2> <OutPorts = 1>
ST_5 : Operation 144 [1/1] (0.00ns) (grouped into LUT with out node a_im_4)   --->   "%a_im_3 = select i1 %icmp_ln21_6, i16 %a_im_1, i16 %a_im_2" [serial_fft/fft_serial.cpp:21->serial_fft/fft_serial.cpp:146->serial_fft/fft_serial.cpp:254]   --->   Operation 144 'select' 'a_im_3' <Predicate = (!icmp_ln132 & !icmp_ln21_7)> <Delay = 0.00> <CoreInst = "Sel">   --->   Core 73 'Sel' <Latency = 0> <II = 1> <Delay = 1.06> <FuncUnit> <Opcode : 'select'> <InPorts = 3> <OutPorts = 1>
ST_5 : Operation 145 [1/1] (1.06ns) (out node of the LUT)   --->   "%a_im_4 = select i1 %icmp_ln21_7, i16 %a_im, i16 %a_im_3" [serial_fft/fft_serial.cpp:21->serial_fft/fft_serial.cpp:146->serial_fft/fft_serial.cpp:254]   --->   Operation 145 'select' 'a_im_4' <Predicate = (!icmp_ln132)> <Delay = 1.06> <CoreInst = "Sel">   --->   Core 73 'Sel' <Latency = 0> <II = 1> <Delay = 1.06> <FuncUnit> <Opcode : 'select'> <InPorts = 3> <OutPorts = 1>
ST_5 : Operation 146 [1/4] (1.25ns)   --->   "%p_rr = mul i32 %sext_ln159_1, i32 %sext_ln159" [serial_fft/fft_serial.cpp:159->serial_fft/fft_serial.cpp:254]   --->   Operation 146 'mul' 'p_rr' <Predicate = (!icmp_ln132)> <Delay = 1.25> <CoreInst = "Mul_DSP">   --->   Core 5 'Mul_DSP' <Latency = 3> <II = 1> <Delay = 3.72> <FuncUnit> <Opcode : 'mul'> <InPorts = 2> <OutPorts = 1>
ST_5 : Operation 147 [1/1] (0.00ns)   --->   "%specfucore_ln163 = specfucore void @_ssdm_op_SpecFUCore, i32 %p_rr, i64 12, i64 3, i64 3" [serial_fft/fft_serial.cpp:163->serial_fft/fft_serial.cpp:254]   --->   Operation 147 'specfucore' 'specfucore_ln163' <Predicate = (!icmp_ln132)> <Delay = 0.00>
ST_5 : Operation 148 [1/1] (0.00ns)   --->   "%sext_ln160 = sext i16 %b_im_4" [serial_fft/fft_serial.cpp:160->serial_fft/fft_serial.cpp:254]   --->   Operation 148 'sext' 'sext_ln160' <Predicate = (!icmp_ln132)> <Delay = 0.00>
ST_5 : Operation 149 [1/1] (2.82ns) (grouped into DSP with root node wb_re)   --->   "%p_ii = mul i32 %sext_ln160_1, i32 %sext_ln160" [serial_fft/fft_serial.cpp:160->serial_fft/fft_serial.cpp:254]   --->   Operation 149 'mul' 'p_ii' <Predicate = (!icmp_ln132)> <Delay = 2.82> <CoreInst = "DSP48">   --->   Core 119 'DSP48' <Latency = 0> <II = 1> <Delay = 6.35> <IPBlock> <Opcode : '' 'add' 'sub' 'mul' 'select'> <InPorts = 0> <OutPorts = 1> <Sync> <CReg>
ST_5 : Operation 150 [1/1] (0.00ns)   --->   "%specfucore_ln164 = specfucore void @_ssdm_op_SpecFUCore, i32 %p_ii, i64 12, i64 3, i64 3" [serial_fft/fft_serial.cpp:164->serial_fft/fft_serial.cpp:254]   --->   Operation 150 'specfucore' 'specfucore_ln164' <Predicate = (!icmp_ln132)> <Delay = 0.00>
ST_5 : Operation 151 [2/4] (1.25ns)   --->   "%p_ri = mul i32 %sext_ln160_1, i32 %sext_ln159" [serial_fft/fft_serial.cpp:161->serial_fft/fft_serial.cpp:254]   --->   Operation 151 'mul' 'p_ri' <Predicate = (!icmp_ln132)> <Delay = 1.25> <CoreInst = "Mul_DSP">   --->   Core 5 'Mul_DSP' <Latency = 3> <II = 1> <Delay = 3.72> <FuncUnit> <Opcode : 'mul'> <InPorts = 2> <OutPorts = 1>
ST_5 : Operation 152 [1/1] (3.53ns) (root node of the DSP)   --->   "%wb_re = sub i32 %p_rr, i32 %p_ii" [serial_fft/fft_serial.cpp:167->serial_fft/fft_serial.cpp:254]   --->   Operation 152 'sub' 'wb_re' <Predicate = (!icmp_ln132)> <Delay = 3.53> <CoreInst = "DSP48">   --->   Core 119 'DSP48' <Latency = 0> <II = 1> <Delay = 6.35> <IPBlock> <Opcode : '' 'add' 'sub' 'mul' 'select'> <InPorts = 0> <OutPorts = 1> <Sync> <CReg>
ST_5 : Operation 153 [1/1] (0.00ns)   --->   "%wb_re_s = partselect i17 @_ssdm_op_PartSelect.i17.i32.i32.i32, i32 %wb_re, i32 15, i32 31" [serial_fft/fft_serial.cpp:169->serial_fft/fft_serial.cpp:254]   --->   Operation 153 'partselect' 'wb_re_s' <Predicate = (!icmp_ln132)> <Delay = 0.00>
ST_5 : Operation 154 [1/1] (0.00ns)   --->   "%sext_ln175 = sext i16 %a_re_4" [serial_fft/fft_serial.cpp:175->serial_fft/fft_serial.cpp:254]   --->   Operation 154 'sext' 'sext_ln175' <Predicate = (!icmp_ln132)> <Delay = 0.00>
ST_5 : Operation 155 [1/1] (1.86ns)   --->   "%a_re_out = add i17 %wb_re_s, i17 %sext_ln175" [serial_fft/fft_serial.cpp:173->serial_fft/fft_serial.cpp:254]   --->   Operation 155 'add' 'a_re_out' <Predicate = (!icmp_ln132)> <Delay = 1.86> <CoreInst = "Adder">   --->   Core 1 'Adder' <Latency = 0> <II = 1> <Delay = 1.86> <FuncUnit> <Opcode : 'add' 'sub'> <InPorts = 2> <OutPorts = 1>
ST_5 : Operation 156 [1/1] (1.86ns)   --->   "%b_re_out = sub i17 %sext_ln175, i17 %wb_re_s" [serial_fft/fft_serial.cpp:175->serial_fft/fft_serial.cpp:254]   --->   Operation 156 'sub' 'b_re_out' <Predicate = (!icmp_ln132)> <Delay = 1.86> <CoreInst = "Adder">   --->   Core 1 'Adder' <Latency = 0> <II = 1> <Delay = 1.86> <FuncUnit> <Opcode : 'add' 'sub'> <InPorts = 2> <OutPorts = 1>
ST_5 : Operation 157 [1/1] (2.77ns)   --->   "%store_ln179 = store i17 %a_re_out, i9 %re_addr" [serial_fft/fft_serial.cpp:179->serial_fft/fft_serial.cpp:254]   --->   Operation 157 'store' 'store_ln179' <Predicate = (!icmp_ln132 & !trunc_ln132)> <Delay = 2.77> <CoreInst = "RAM">   --->   Core 82 'RAM' <Latency = 1> <II = 1> <Delay = 2.77> <Storage> <Opcode : 'load' 'store'> <Ports = 2> <Width = 17> <Depth = 512> <RAM>
ST_5 : Operation 158 [1/1] (2.77ns)   --->   "%store_ln180 = store i17 %b_re_out, i9 %re_addr_1" [serial_fft/fft_serial.cpp:180->serial_fft/fft_serial.cpp:254]   --->   Operation 158 'store' 'store_ln180' <Predicate = (!icmp_ln132 & !trunc_ln132)> <Delay = 2.77> <CoreInst = "RAM">   --->   Core 82 'RAM' <Latency = 1> <II = 1> <Delay = 2.77> <Storage> <Opcode : 'load' 'store'> <Ports = 2> <Width = 17> <Depth = 512> <RAM>
ST_5 : Operation 159 [1/1] (2.77ns)   --->   "%store_ln179 = store i17 %a_re_out, i9 %re_1_addr" [serial_fft/fft_serial.cpp:179->serial_fft/fft_serial.cpp:254]   --->   Operation 159 'store' 'store_ln179' <Predicate = (!icmp_ln132 & trunc_ln132)> <Delay = 2.77> <CoreInst = "RAM">   --->   Core 82 'RAM' <Latency = 1> <II = 1> <Delay = 2.77> <Storage> <Opcode : 'load' 'store'> <Ports = 2> <Width = 17> <Depth = 512> <RAM>
ST_5 : Operation 160 [1/1] (2.77ns)   --->   "%store_ln180 = store i17 %b_re_out, i9 %re_1_addr_1" [serial_fft/fft_serial.cpp:180->serial_fft/fft_serial.cpp:254]   --->   Operation 160 'store' 'store_ln180' <Predicate = (!icmp_ln132 & trunc_ln132)> <Delay = 2.77> <CoreInst = "RAM">   --->   Core 82 'RAM' <Latency = 1> <II = 1> <Delay = 2.77> <Storage> <Opcode : 'load' 'store'> <Ports = 2> <Width = 17> <Depth = 512> <RAM>

State 6 <SV = 5> <Delay = 10.9>
ST_6 : Operation 161 [1/1] (0.00ns)   --->   "%specpipeline_ln133 = specpipeline void @_ssdm_op_SpecPipeline, i32 1, i32 0, i32 0, i32 0, void @empty_36" [serial_fft/fft_serial.cpp:133->serial_fft/fft_serial.cpp:254]   --->   Operation 161 'specpipeline' 'specpipeline_ln133' <Predicate = true> <Delay = 0.00>
ST_6 : Operation 162 [1/1] (0.00ns)   --->   "%speclooptripcount_ln132 = speclooptripcount void @_ssdm_op_SpecLoopTripCount, i64 512, i64 512, i64 512" [serial_fft/fft_serial.cpp:132->serial_fft/fft_serial.cpp:254]   --->   Operation 162 'speclooptripcount' 'speclooptripcount_ln132' <Predicate = true> <Delay = 0.00>
ST_6 : Operation 163 [1/1] (0.00ns)   --->   "%specloopname_ln132 = specloopname void @_ssdm_op_SpecLoopName, void @empty_52" [serial_fft/fft_serial.cpp:132->serial_fft/fft_serial.cpp:254]   --->   Operation 163 'specloopname' 'specloopname_ln132' <Predicate = true> <Delay = 0.00>
ST_6 : Operation 164 [1/1] (0.00ns)   --->   "%rbegin = specregionbegin i32 @_ssdm_op_SpecRegionBegin, void @empty_16" [serial_fft/fft_serial.cpp:159->serial_fft/fft_serial.cpp:254]   --->   Operation 164 'specregionbegin' 'rbegin' <Predicate = true> <Delay = 0.00>
ST_6 : Operation 165 [1/1] (0.00ns)   --->   "%rend269 = specregionend i32 @_ssdm_op_SpecRegionEnd, void @empty_16, i32 %rbegin" [serial_fft/fft_serial.cpp:159->serial_fft/fft_serial.cpp:254]   --->   Operation 165 'specregionend' 'rend269' <Predicate = true> <Delay = 0.00>
ST_6 : Operation 166 [1/1] (0.00ns)   --->   "%rbegin1 = specregionbegin i32 @_ssdm_op_SpecRegionBegin, void @empty_15" [serial_fft/fft_serial.cpp:160->serial_fft/fft_serial.cpp:254]   --->   Operation 166 'specregionbegin' 'rbegin1' <Predicate = true> <Delay = 0.00>
ST_6 : Operation 167 [1/1] (0.00ns)   --->   "%rend267 = specregionend i32 @_ssdm_op_SpecRegionEnd, void @empty_15, i32 %rbegin1" [serial_fft/fft_serial.cpp:160->serial_fft/fft_serial.cpp:254]   --->   Operation 167 'specregionend' 'rend267' <Predicate = true> <Delay = 0.00>
ST_6 : Operation 168 [1/1] (0.00ns)   --->   "%rbegin2 = specregionbegin i32 @_ssdm_op_SpecRegionBegin, void @empty_14" [serial_fft/fft_serial.cpp:161->serial_fft/fft_serial.cpp:254]   --->   Operation 168 'specregionbegin' 'rbegin2' <Predicate = true> <Delay = 0.00>
ST_6 : Operation 169 [1/4] (1.25ns)   --->   "%p_ri = mul i32 %sext_ln160_1, i32 %sext_ln159" [serial_fft/fft_serial.cpp:161->serial_fft/fft_serial.cpp:254]   --->   Operation 169 'mul' 'p_ri' <Predicate = true> <Delay = 1.25> <CoreInst = "Mul_DSP">   --->   Core 5 'Mul_DSP' <Latency = 3> <II = 1> <Delay = 3.72> <FuncUnit> <Opcode : 'mul'> <InPorts = 2> <OutPorts = 1>
ST_6 : Operation 170 [1/1] (0.00ns)   --->   "%specfucore_ln165 = specfucore void @_ssdm_op_SpecFUCore, i32 %p_ri, i64 12, i64 3, i64 3" [serial_fft/fft_serial.cpp:165->serial_fft/fft_serial.cpp:254]   --->   Operation 170 'specfucore' 'specfucore_ln165' <Predicate = true> <Delay = 0.00>
ST_6 : Operation 171 [1/1] (0.00ns)   --->   "%rend265 = specregionend i32 @_ssdm_op_SpecRegionEnd, void @empty_14, i32 %rbegin2" [serial_fft/fft_serial.cpp:161->serial_fft/fft_serial.cpp:254]   --->   Operation 171 'specregionend' 'rend265' <Predicate = true> <Delay = 0.00>
ST_6 : Operation 172 [1/1] (0.00ns)   --->   "%rbegin3 = specregionbegin i32 @_ssdm_op_SpecRegionBegin, void @empty_13" [serial_fft/fft_serial.cpp:162->serial_fft/fft_serial.cpp:254]   --->   Operation 172 'specregionbegin' 'rbegin3' <Predicate = true> <Delay = 0.00>
ST_6 : Operation 173 [1/1] (2.82ns) (grouped into DSP with root node wb_im)   --->   "%p_ir = mul i32 %sext_ln159_1, i32 %sext_ln160" [serial_fft/fft_serial.cpp:162->serial_fft/fft_serial.cpp:254]   --->   Operation 173 'mul' 'p_ir' <Predicate = true> <Delay = 2.82> <CoreInst = "DSP48">   --->   Core 119 'DSP48' <Latency = 0> <II = 1> <Delay = 6.35> <IPBlock> <Opcode : '' 'add' 'sub' 'mul' 'select'> <InPorts = 0> <OutPorts = 1> <Sync> <CReg>
ST_6 : Operation 174 [1/1] (0.00ns)   --->   "%specfucore_ln166 = specfucore void @_ssdm_op_SpecFUCore, i32 %p_ir, i64 12, i64 3, i64 3" [serial_fft/fft_serial.cpp:166->serial_fft/fft_serial.cpp:254]   --->   Operation 174 'specfucore' 'specfucore_ln166' <Predicate = true> <Delay = 0.00>
ST_6 : Operation 175 [1/1] (0.00ns)   --->   "%rend263 = specregionend i32 @_ssdm_op_SpecRegionEnd, void @empty_13, i32 %rbegin3" [serial_fft/fft_serial.cpp:162->serial_fft/fft_serial.cpp:254]   --->   Operation 175 'specregionend' 'rend263' <Predicate = true> <Delay = 0.00>
ST_6 : Operation 176 [1/1] (3.53ns) (root node of the DSP)   --->   "%wb_im = add i32 %p_ri, i32 %p_ir" [serial_fft/fft_serial.cpp:168->serial_fft/fft_serial.cpp:254]   --->   Operation 176 'add' 'wb_im' <Predicate = true> <Delay = 3.53> <CoreInst = "DSP48">   --->   Core 119 'DSP48' <Latency = 0> <II = 1> <Delay = 6.35> <IPBlock> <Opcode : '' 'add' 'sub' 'mul' 'select'> <InPorts = 0> <OutPorts = 1> <Sync> <CReg>
ST_6 : Operation 177 [1/1] (0.00ns)   --->   "%wb_im_s = partselect i17 @_ssdm_op_PartSelect.i17.i32.i32.i32, i32 %wb_im, i32 15, i32 31" [serial_fft/fft_serial.cpp:170->serial_fft/fft_serial.cpp:254]   --->   Operation 177 'partselect' 'wb_im_s' <Predicate = true> <Delay = 0.00>
ST_6 : Operation 178 [1/1] (0.00ns)   --->   "%sext_ln176 = sext i16 %a_im_4" [serial_fft/fft_serial.cpp:176->serial_fft/fft_serial.cpp:254]   --->   Operation 178 'sext' 'sext_ln176' <Predicate = true> <Delay = 0.00>
ST_6 : Operation 179 [1/1] (1.86ns)   --->   "%a_im_out = add i17 %wb_im_s, i17 %sext_ln176" [serial_fft/fft_serial.cpp:174->serial_fft/fft_serial.cpp:254]   --->   Operation 179 'add' 'a_im_out' <Predicate = true> <Delay = 1.86> <CoreInst = "Adder">   --->   Core 1 'Adder' <Latency = 0> <II = 1> <Delay = 1.86> <FuncUnit> <Opcode : 'add' 'sub'> <InPorts = 2> <OutPorts = 1>
ST_6 : Operation 180 [1/1] (1.86ns)   --->   "%b_im_out = sub i17 %sext_ln176, i17 %wb_im_s" [serial_fft/fft_serial.cpp:176->serial_fft/fft_serial.cpp:254]   --->   Operation 180 'sub' 'b_im_out' <Predicate = true> <Delay = 1.86> <CoreInst = "Adder">   --->   Core 1 'Adder' <Latency = 0> <II = 1> <Delay = 1.86> <FuncUnit> <Opcode : 'add' 'sub'> <InPorts = 2> <OutPorts = 1>
ST_6 : Operation 181 [1/1] (2.77ns)   --->   "%store_ln179 = store i17 %a_im_out, i9 %im_addr" [serial_fft/fft_serial.cpp:179->serial_fft/fft_serial.cpp:254]   --->   Operation 181 'store' 'store_ln179' <Predicate = (!trunc_ln132)> <Delay = 2.77> <CoreInst = "RAM">   --->   Core 82 'RAM' <Latency = 1> <II = 1> <Delay = 2.77> <Storage> <Opcode : 'load' 'store'> <Ports = 2> <Width = 17> <Depth = 512> <RAM>
ST_6 : Operation 182 [1/1] (2.77ns)   --->   "%store_ln180 = store i17 %b_im_out, i9 %im_addr_1" [serial_fft/fft_serial.cpp:180->serial_fft/fft_serial.cpp:254]   --->   Operation 182 'store' 'store_ln180' <Predicate = (!trunc_ln132)> <Delay = 2.77> <CoreInst = "RAM">   --->   Core 82 'RAM' <Latency = 1> <II = 1> <Delay = 2.77> <Storage> <Opcode : 'load' 'store'> <Ports = 2> <Width = 17> <Depth = 512> <RAM>
ST_6 : Operation 183 [1/1] (0.00ns)   --->   "%br_ln180 = br void %arrayidx11.i586414557.exit" [serial_fft/fft_serial.cpp:180->serial_fft/fft_serial.cpp:254]   --->   Operation 183 'br' 'br_ln180' <Predicate = (!trunc_ln132)> <Delay = 0.00>
ST_6 : Operation 184 [1/1] (2.77ns)   --->   "%store_ln179 = store i17 %a_im_out, i9 %im_1_addr" [serial_fft/fft_serial.cpp:179->serial_fft/fft_serial.cpp:254]   --->   Operation 184 'store' 'store_ln179' <Predicate = (trunc_ln132)> <Delay = 2.77> <CoreInst = "RAM">   --->   Core 82 'RAM' <Latency = 1> <II = 1> <Delay = 2.77> <Storage> <Opcode : 'load' 'store'> <Ports = 2> <Width = 17> <Depth = 512> <RAM>
ST_6 : Operation 185 [1/1] (2.77ns)   --->   "%store_ln180 = store i17 %b_im_out, i9 %im_1_addr_1" [serial_fft/fft_serial.cpp:180->serial_fft/fft_serial.cpp:254]   --->   Operation 185 'store' 'store_ln180' <Predicate = (trunc_ln132)> <Delay = 2.77> <CoreInst = "RAM">   --->   Core 82 'RAM' <Latency = 1> <II = 1> <Delay = 2.77> <Storage> <Opcode : 'load' 'store'> <Ports = 2> <Width = 17> <Depth = 512> <RAM>
ST_6 : Operation 186 [1/1] (0.00ns)   --->   "%br_ln180 = br void %arrayidx11.i586414557.exit" [serial_fft/fft_serial.cpp:180->serial_fft/fft_serial.cpp:254]   --->   Operation 186 'br' 'br_ln180' <Predicate = (trunc_ln132)> <Delay = 0.00>


============================================================
+ Verbose Summary: Timing violations
============================================================
Target clock period: 10.000ns, clock uncertainty: 2.700ns.

 <State 1>: 6.891ns
The critical path consists of the following:
	'store' operation 0 bit ('store_ln132', serial_fft/fft_serial.cpp:132->serial_fft/fft_serial.cpp:254) of constant 0 on local variable 'bfly', serial_fft/fft_serial.cpp:132->serial_fft/fft_serial.cpp:254 [10]  (1.324 ns)
	'load' operation 10 bit ('bfly', serial_fft/fft_serial.cpp:142->serial_fft/fft_serial.cpp:254) on local variable 'bfly', serial_fft/fft_serial.cpp:132->serial_fft/fft_serial.cpp:254 [13]  (0.000 ns)
	'sub' operation 8 bit ('sub_ln23', ./serial_fft/../twiddle_rom.h:23->serial_fft/fft_serial.cpp:152->serial_fft/fft_serial.cpp:254) [108]  (1.719 ns)
	'select' operation 8 bit ('rom_addr', ./serial_fft/../twiddle_rom.h:23->serial_fft/fft_serial.cpp:152->serial_fft/fft_serial.cpp:254) [109]  (1.076 ns)
	'getelementptr' operation 8 bit ('TW_COS_LUT_addr', ./serial_fft/../twiddle_rom.h:25->serial_fft/fft_serial.cpp:152->serial_fft/fft_serial.cpp:254) [111]  (0.000 ns)
	'load' operation 15 bit ('w_re', ./serial_fft/../twiddle_rom.h:25->serial_fft/fft_serial.cpp:152->serial_fft/fft_serial.cpp:254) on array 'TW_COS_LUT' [112]  (2.772 ns)

 <State 2>: 9.098ns
The critical path consists of the following:
	'load' operation 17 bit ('re_load_1', serial_fft/fft_serial.cpp:147->serial_fft/fft_serial.cpp:254) on array 're' [79]  (2.772 ns)
	'select' operation 17 bit ('v', serial_fft/fft_serial.cpp:132->serial_fft/fft_serial.cpp:254) [81]  (0.944 ns)
	'icmp' operation 1 bit ('icmp_ln24_2', serial_fft/fft_serial.cpp:24->serial_fft/fft_serial.cpp:147->serial_fft/fft_serial.cpp:254) [84]  (1.202 ns)
	'add' operation 17 bit ('rounded', serial_fft/fft_serial.cpp:24->serial_fft/fft_serial.cpp:147->serial_fft/fft_serial.cpp:254) [86]  (1.861 ns)
	'select' operation 16 bit ('b_re', serial_fft/fft_serial.cpp:21->serial_fft/fft_serial.cpp:147->serial_fft/fft_serial.cpp:254) [90]  (1.064 ns)
	'mul' operation 32 bit ('p_rr', serial_fft/fft_serial.cpp:159->serial_fft/fft_serial.cpp:254) [132]  (1.254 ns)

 <State 3>: 6.705ns
The critical path consists of the following:
	'load' operation 17 bit ('im_load_1', serial_fft/fft_serial.cpp:148->serial_fft/fft_serial.cpp:254) on array 'im' [93]  (2.772 ns)
	'select' operation 17 bit ('v', serial_fft/fft_serial.cpp:132->serial_fft/fft_serial.cpp:254) [95]  (0.944 ns)
	'shl' operation 16 bit ('b_im', serial_fft/fft_serial.cpp:21->serial_fft/fft_serial.cpp:148->serial_fft/fft_serial.cpp:254) [102]  (2.989 ns)

 <State 4>: 5.072ns
The critical path consists of the following:
	'select' operation 17 bit ('v', serial_fft/fft_serial.cpp:132->serial_fft/fft_serial.cpp:254) [34]  (0.944 ns)
	'icmp' operation 1 bit ('icmp_ln24', serial_fft/fft_serial.cpp:24->serial_fft/fft_serial.cpp:145->serial_fft/fft_serial.cpp:254) [37]  (1.202 ns)
	'add' operation 17 bit ('rounded', serial_fft/fft_serial.cpp:24->serial_fft/fft_serial.cpp:145->serial_fft/fft_serial.cpp:254) [39]  (1.861 ns)
	'select' operation 16 bit ('a_re', serial_fft/fft_serial.cpp:21->serial_fft/fft_serial.cpp:145->serial_fft/fft_serial.cpp:254) [62]  (1.064 ns)

 <State 5>: 10.983ns
The critical path consists of the following:
	'mul' operation 32 bit of DSP[149] ('p_ii', serial_fft/fft_serial.cpp:160->serial_fft/fft_serial.cpp:254) [138]  (2.820 ns)
	'sub' operation 32 bit of DSP[149] ('wb_re', serial_fft/fft_serial.cpp:167->serial_fft/fft_serial.cpp:254) [149]  (3.530 ns)
	'add' operation 17 bit ('a_re_out', serial_fft/fft_serial.cpp:173->serial_fft/fft_serial.cpp:254) [154]  (1.861 ns)
	'store' operation 0 bit ('store_ln179', serial_fft/fft_serial.cpp:179->serial_fft/fft_serial.cpp:254) of variable 'a_re_out', serial_fft/fft_serial.cpp:173->serial_fft/fft_serial.cpp:254 on array 're_1' [167]  (2.772 ns)

 <State 6>: 10.983ns
The critical path consists of the following:
	'mul' operation 32 bit of DSP[150] ('p_ir', serial_fft/fft_serial.cpp:162->serial_fft/fft_serial.cpp:254) [146]  (2.820 ns)
	'add' operation 32 bit of DSP[150] ('wb_im', serial_fft/fft_serial.cpp:168->serial_fft/fft_serial.cpp:254) [150]  (3.530 ns)
	'add' operation 17 bit ('a_im_out', serial_fft/fft_serial.cpp:174->serial_fft/fft_serial.cpp:254) [156]  (1.861 ns)
	'store' operation 0 bit ('store_ln179', serial_fft/fft_serial.cpp:179->serial_fft/fft_serial.cpp:254) of variable 'a_im_out', serial_fft/fft_serial.cpp:174->serial_fft/fft_serial.cpp:254 on array 'im_1' [169]  (2.772 ns)


============================================================
+ Verbose Summary: Binding
============================================================
N/A
* FSMD analyzer results:
  - Output states:
 - Input state : 
  - Chain level:
	State 1
	State 2
	State 3
	State 4
	State 5
	State 6


============================================================
+ Verbose Summary: Datapath Resource usage 
============================================================
N/A
