

================================================================
== Vitis HLS Report for 'fft_serial_Pipeline_bfly_loop6'
================================================================
* Date:           Tue Jun 30 19:34:22 2026

* Version:        2023.2 (Build 4023990 on Oct 11 2023)
* Project:        serial_fft_hls
* Solution:       solution1 (Vivado IP Flow Target)
* Product family: artix7
* Target device:  xc7a100t-csg324-1


================================================================
== Performance Estimates
================================================================
+ Timing: 
    * Summary: 
    +--------+----------+-----------+------------+
    |  Clock |  Target  | Estimated | Uncertainty|
    +--------+----------+-----------+------------+
    |ap_clk  |  10.00 ns|  24.461 ns|     2.70 ns|
    +--------+----------+-----------+------------+

+ Latency: 
    * Summary: 
    +---------+---------+-----------+-----------+------+------+---------+
    |  Latency (cycles) |   Latency (absolute)  |   Interval  | Pipeline|
    |   min   |   max   |    min    |    max    |  min |  max |   Type  |
    +---------+---------+-----------+-----------+------+------+---------+
    |     1538|     1538|  37.621 us|  37.621 us|  1538|  1538|       no|
    +---------+---------+-----------+-----------+------+------+---------+

    + Detail: 
        * Instance: 
        N/A

        * Loop: 
        +-------------+---------+---------+----------+-----------+-----------+------+----------+
        |             |  Latency (cycles) | Iteration|  Initiation Interval  | Trip |          |
        |  Loop Name  |   min   |   max   |  Latency |  achieved |   target  | Count| Pipelined|
        +-------------+---------+---------+----------+-----------+-----------+------+----------+
        |- bfly_loop  |     1536|     1536|         4|          3|          2|   512|       yes|
        +-------------+---------+---------+----------+-----------+-----------+------+----------+

============================================================
+ Verbose Summary: Synthesis Manager
============================================================
InlineROM: 1
ExposeGlobal: 0
============================================================
+ Verbose Summary: CDFG Model
============================================================
IsTopModel: 0
ResetActiveHigh: 1
IsCombinational: 0
IsDatapathOnly: 0
HasWiredReturn: 1
HasMFsm: 2
HasVarLatency: 1
IsPipeline: 0
IsRtlPipelined: 0
IsInstanceOverlapped: 0
IsDontTouch: 0
HasImplIP: 0
IsGatedGlobalClock: 0

+ Individual pipeline summary: 
  * Pipeline-0: initiation interval (II) = 3, depth = 4


============================================================
+ Verbose Summary: Schedule
============================================================
* Number of FSM states : 4
* Pipeline : 1
  Pipeline-0 : II = 3, D = 4, States = { 1 2 3 4 }
* Dataflow Pipeline: 0

* FSM state transitions: 
1 --> 2 
2 --> 3 
3 --> 4 
4 --> 

* FSM state operations: 

State 1 <SV = 0> <Delay = 8.02>
ST_1 : Operation 7 [1/1] (0.00ns)   --->   "%or_mask = alloca i32 1" [serial_fft/fft_serial.cpp:124->serial_fft/fft_serial.cpp:234]   --->   Operation 7 'alloca' 'or_mask' <Predicate = true> <Delay = 0.00>
ST_1 : Operation 8 [1/1] (0.00ns)   --->   "%bfly = alloca i32 1" [serial_fft/fft_serial.cpp:126->serial_fft/fft_serial.cpp:234]   --->   Operation 8 'alloca' 'bfly' <Predicate = true> <Delay = 0.00>
ST_1 : Operation 9 [1/1] (0.00ns)   --->   "%clz_next_6_read = read i4 @_ssdm_op_Read.ap_auto.i4, i4 %clz_next_6"   --->   Operation 9 'read' 'clz_next_6_read' <Predicate = true> <Delay = 0.00>
ST_1 : Operation 10 [1/1] (1.61ns)   --->   "%store_ln126 = store i10 0, i10 %bfly" [serial_fft/fft_serial.cpp:126->serial_fft/fft_serial.cpp:234]   --->   Operation 10 'store' 'store_ln126' <Predicate = true> <Delay = 1.61>
ST_1 : Operation 11 [1/1] (1.61ns)   --->   "%store_ln124 = store i8 0, i8 %or_mask" [serial_fft/fft_serial.cpp:124->serial_fft/fft_serial.cpp:234]   --->   Operation 11 'store' 'store_ln124' <Predicate = true> <Delay = 1.61>
ST_1 : Operation 12 [1/1] (0.00ns)   --->   "%br_ln0 = br void %for.body.i3712"   --->   Operation 12 'br' 'br_ln0' <Predicate = true> <Delay = 0.00>
ST_1 : Operation 13 [1/1] (0.00ns)   --->   "%bfly_5 = load i10 %bfly" [serial_fft/fft_serial.cpp:136->serial_fft/fft_serial.cpp:234]   --->   Operation 13 'load' 'bfly_5' <Predicate = true> <Delay = 0.00>
ST_1 : Operation 14 [1/1] (2.12ns)   --->   "%icmp_ln126 = icmp_eq  i10 %bfly_5, i10 512" [serial_fft/fft_serial.cpp:126->serial_fft/fft_serial.cpp:234]   --->   Operation 14 'icmp' 'icmp_ln126' <Predicate = true> <Delay = 2.12> <CoreInst = "Cmp">   --->   Core 9 'Cmp' <Latency = 0> <II = 1> <Delay = 2.12> <FuncUnit> <Opcode : 'icmp'> <InPorts = 2> <OutPorts = 1>
ST_1 : Operation 15 [1/1] (2.12ns)   --->   "%bfly_6 = add i10 %bfly_5, i10 1" [serial_fft/fft_serial.cpp:126->serial_fft/fft_serial.cpp:234]   --->   Operation 15 'add' 'bfly_6' <Predicate = true> <Delay = 2.12> <CoreInst = "Adder">   --->   Core 1 'Adder' <Latency = 0> <II = 1> <Delay = 2.12> <FuncUnit> <Opcode : 'add' 'sub'> <InPorts = 2> <OutPorts = 1>
ST_1 : Operation 16 [1/1] (0.00ns)   --->   "%br_ln126 = br i1 %icmp_ln126, void %for.body.i3712.split_ifconv, void %for.cond.cleanup.i3704_ifconv.exitStub" [serial_fft/fft_serial.cpp:126->serial_fft/fft_serial.cpp:234]   --->   Operation 16 'br' 'br_ln126' <Predicate = true> <Delay = 0.00>
ST_1 : Operation 17 [1/1] (0.00ns)   --->   "%trunc_ln126 = trunc i10 %bfly_5" [serial_fft/fft_serial.cpp:126->serial_fft/fft_serial.cpp:234]   --->   Operation 17 'trunc' 'trunc_ln126' <Predicate = (!icmp_ln126)> <Delay = 0.00>
ST_1 : Operation 18 [1/1] (0.00ns)   --->   "%tmp_s = partselect i3 @_ssdm_op_PartSelect.i3.i10.i32.i32, i10 %bfly_5, i32 6, i32 8" [serial_fft/fft_serial.cpp:134->serial_fft/fft_serial.cpp:234]   --->   Operation 18 'partselect' 'tmp_s' <Predicate = (!icmp_ln126)> <Delay = 0.00>
ST_1 : Operation 19 [1/1] (0.00ns)   --->   "%tmp_2 = partselect i5 @_ssdm_op_PartSelect.i5.i10.i32.i32, i10 %bfly_5, i32 1, i32 5" [serial_fft/fft_serial.cpp:134->serial_fft/fft_serial.cpp:234]   --->   Operation 19 'partselect' 'tmp_2' <Predicate = (!icmp_ln126)> <Delay = 0.00>
ST_1 : Operation 20 [1/1] (0.00ns)   --->   "%lshr_ln134_4 = bitconcatenate i9 @_ssdm_op_BitConcatenate.i9.i3.i1.i5, i3 %tmp_s, i1 0, i5 %tmp_2" [serial_fft/fft_serial.cpp:134->serial_fft/fft_serial.cpp:234]   --->   Operation 20 'bitconcatenate' 'lshr_ln134_4' <Predicate = (!icmp_ln126)> <Delay = 0.00>
ST_1 : Operation 21 [1/1] (0.00ns)   --->   "%zext_ln134 = zext i9 %lshr_ln134_4" [serial_fft/fft_serial.cpp:134->serial_fft/fft_serial.cpp:234]   --->   Operation 21 'zext' 'zext_ln134' <Predicate = (!icmp_ln126)> <Delay = 0.00>
ST_1 : Operation 22 [1/1] (0.00ns)   --->   "%or_ln135 = or i9 %lshr_ln134_4, i9 32" [serial_fft/fft_serial.cpp:135->serial_fft/fft_serial.cpp:234]   --->   Operation 22 'or' 'or_ln135' <Predicate = (!icmp_ln126)> <Delay = 0.00>
ST_1 : Operation 23 [1/1] (0.00ns)   --->   "%zext_ln135 = zext i9 %or_ln135" [serial_fft/fft_serial.cpp:135->serial_fft/fft_serial.cpp:234]   --->   Operation 23 'zext' 'zext_ln135' <Predicate = (!icmp_ln126)> <Delay = 0.00>
ST_1 : Operation 24 [1/1] (0.00ns)   --->   "%trunc_ln136 = trunc i10 %bfly_5" [serial_fft/fft_serial.cpp:136->serial_fft/fft_serial.cpp:234]   --->   Operation 24 'trunc' 'trunc_ln136' <Predicate = (!icmp_ln126)> <Delay = 0.00>
ST_1 : Operation 25 [1/1] (0.00ns)   --->   "%tw_n = bitconcatenate i7 @_ssdm_op_BitConcatenate.i7.i4.i3, i4 %trunc_ln136, i3 0" [serial_fft/fft_serial.cpp:136->serial_fft/fft_serial.cpp:234]   --->   Operation 25 'bitconcatenate' 'tw_n' <Predicate = (!icmp_ln126)> <Delay = 0.00>
ST_1 : Operation 26 [1/1] (0.00ns)   --->   "%re_addr = getelementptr i17 %re, i64 0, i64 %zext_ln134" [serial_fft/fft_serial.cpp:139->serial_fft/fft_serial.cpp:234]   --->   Operation 26 'getelementptr' 're_addr' <Predicate = (!icmp_ln126)> <Delay = 0.00>
ST_1 : Operation 27 [1/1] (0.00ns)   --->   "%re_1_addr = getelementptr i17 %re_1, i64 0, i64 %zext_ln134" [serial_fft/fft_serial.cpp:139->serial_fft/fft_serial.cpp:234]   --->   Operation 27 'getelementptr' 're_1_addr' <Predicate = (!icmp_ln126)> <Delay = 0.00>
ST_1 : Operation 28 [1/1] (1.77ns)   --->   "%icmp_ln21 = icmp_eq  i4 %clz_next_6_read, i4 7" [serial_fft/fft_serial.cpp:21->serial_fft/fft_serial.cpp:139->serial_fft/fft_serial.cpp:234]   --->   Operation 28 'icmp' 'icmp_ln21' <Predicate = (!icmp_ln126)> <Delay = 1.77> <CoreInst = "Cmp">   --->   Core 9 'Cmp' <Latency = 0> <II = 1> <Delay = 1.77> <FuncUnit> <Opcode : 'icmp'> <InPorts = 2> <OutPorts = 1>
ST_1 : Operation 29 [1/1] (1.77ns)   --->   "%icmp_ln21_22 = icmp_eq  i4 %clz_next_6_read, i4 6" [serial_fft/fft_serial.cpp:21->serial_fft/fft_serial.cpp:139->serial_fft/fft_serial.cpp:234]   --->   Operation 29 'icmp' 'icmp_ln21_22' <Predicate = (!icmp_ln126)> <Delay = 1.77> <CoreInst = "Cmp">   --->   Core 9 'Cmp' <Latency = 0> <II = 1> <Delay = 1.77> <FuncUnit> <Opcode : 'icmp'> <InPorts = 2> <OutPorts = 1>
ST_1 : Operation 30 [1/1] (1.77ns)   --->   "%icmp_ln21_23 = icmp_eq  i4 %clz_next_6_read, i4 5" [serial_fft/fft_serial.cpp:21->serial_fft/fft_serial.cpp:139->serial_fft/fft_serial.cpp:234]   --->   Operation 30 'icmp' 'icmp_ln21_23' <Predicate = (!icmp_ln126)> <Delay = 1.77> <CoreInst = "Cmp">   --->   Core 9 'Cmp' <Latency = 0> <II = 1> <Delay = 1.77> <FuncUnit> <Opcode : 'icmp'> <InPorts = 2> <OutPorts = 1>
ST_1 : Operation 31 [1/1] (1.77ns)   --->   "%icmp_ln21_24 = icmp_eq  i4 %clz_next_6_read, i4 4" [serial_fft/fft_serial.cpp:21->serial_fft/fft_serial.cpp:139->serial_fft/fft_serial.cpp:234]   --->   Operation 31 'icmp' 'icmp_ln21_24' <Predicate = (!icmp_ln126)> <Delay = 1.77> <CoreInst = "Cmp">   --->   Core 9 'Cmp' <Latency = 0> <II = 1> <Delay = 1.77> <FuncUnit> <Opcode : 'icmp'> <InPorts = 2> <OutPorts = 1>
ST_1 : Operation 32 [1/1] (1.77ns)   --->   "%icmp_ln21_25 = icmp_eq  i4 %clz_next_6_read, i4 3" [serial_fft/fft_serial.cpp:21->serial_fft/fft_serial.cpp:139->serial_fft/fft_serial.cpp:234]   --->   Operation 32 'icmp' 'icmp_ln21_25' <Predicate = (!icmp_ln126)> <Delay = 1.77> <CoreInst = "Cmp">   --->   Core 9 'Cmp' <Latency = 0> <II = 1> <Delay = 1.77> <FuncUnit> <Opcode : 'icmp'> <InPorts = 2> <OutPorts = 1>
ST_1 : Operation 33 [1/1] (1.77ns)   --->   "%icmp_ln21_26 = icmp_eq  i4 %clz_next_6_read, i4 2" [serial_fft/fft_serial.cpp:21->serial_fft/fft_serial.cpp:139->serial_fft/fft_serial.cpp:234]   --->   Operation 33 'icmp' 'icmp_ln21_26' <Predicate = (!icmp_ln126)> <Delay = 1.77> <CoreInst = "Cmp">   --->   Core 9 'Cmp' <Latency = 0> <II = 1> <Delay = 1.77> <FuncUnit> <Opcode : 'icmp'> <InPorts = 2> <OutPorts = 1>
ST_1 : Operation 34 [1/1] (0.00ns) (grouped into LUT with out node select_ln21_42)   --->   "%select_ln21 = select i1 %icmp_ln21_26, i3 1, i3 2" [serial_fft/fft_serial.cpp:21->serial_fft/fft_serial.cpp:139->serial_fft/fft_serial.cpp:234]   --->   Operation 34 'select' 'select_ln21' <Predicate = (!icmp_ln126)> <Delay = 0.00> <CoreInst = "Sel">   --->   Core 73 'Sel' <Latency = 0> <II = 1> <Delay = 0.98> <FuncUnit> <Opcode : 'select'> <InPorts = 3> <OutPorts = 1>
ST_1 : Operation 35 [1/1] (0.97ns)   --->   "%or_ln21 = or i1 %icmp_ln21_26, i1 %icmp_ln21_25" [serial_fft/fft_serial.cpp:21->serial_fft/fft_serial.cpp:139->serial_fft/fft_serial.cpp:234]   --->   Operation 35 'or' 'or_ln21' <Predicate = (!icmp_ln126)> <Delay = 0.97> <CoreInst = "LogicGate">   --->   Core 74 'LogicGate' <Latency = 0> <II = 1> <Delay = 0.97> <FuncUnit> <Opcode : 'and' 'or' 'xor'> <InPorts = 2> <OutPorts = 1>
ST_1 : Operation 36 [1/1] (0.00ns) (grouped into LUT with out node select_ln21_42)   --->   "%select_ln21_40 = select i1 %icmp_ln21_24, i3 3, i3 4" [serial_fft/fft_serial.cpp:21->serial_fft/fft_serial.cpp:139->serial_fft/fft_serial.cpp:234]   --->   Operation 36 'select' 'select_ln21_40' <Predicate = (!icmp_ln126)> <Delay = 0.00> <CoreInst = "Sel">   --->   Core 73 'Sel' <Latency = 0> <II = 1> <Delay = 0.98> <FuncUnit> <Opcode : 'select'> <InPorts = 3> <OutPorts = 1>
ST_1 : Operation 37 [1/1] (0.00ns) (grouped into LUT with out node select_ln21_44)   --->   "%or_ln21_10 = or i1 %icmp_ln21_24, i1 %icmp_ln21_23" [serial_fft/fft_serial.cpp:21->serial_fft/fft_serial.cpp:139->serial_fft/fft_serial.cpp:234]   --->   Operation 37 'or' 'or_ln21_10' <Predicate = (!icmp_ln126)> <Delay = 0.00> <CoreInst = "LogicGate">   --->   Core 74 'LogicGate' <Latency = 0> <II = 1> <Delay = 0.97> <FuncUnit> <Opcode : 'and' 'or' 'xor'> <InPorts = 2> <OutPorts = 1>
ST_1 : Operation 38 [1/1] (0.00ns) (grouped into LUT with out node select_ln21_43)   --->   "%select_ln21_41 = select i1 %icmp_ln21_22, i3 5, i3 6" [serial_fft/fft_serial.cpp:21->serial_fft/fft_serial.cpp:139->serial_fft/fft_serial.cpp:234]   --->   Operation 38 'select' 'select_ln21_41' <Predicate = (!icmp_ln126)> <Delay = 0.00> <CoreInst = "Sel">   --->   Core 73 'Sel' <Latency = 0> <II = 1> <Delay = 0.98> <FuncUnit> <Opcode : 'select'> <InPorts = 3> <OutPorts = 1>
ST_1 : Operation 39 [1/1] (0.00ns) (grouped into LUT with out node select_ln21_43)   --->   "%or_ln21_11 = or i1 %icmp_ln21_22, i1 %icmp_ln21" [serial_fft/fft_serial.cpp:21->serial_fft/fft_serial.cpp:139->serial_fft/fft_serial.cpp:234]   --->   Operation 39 'or' 'or_ln21_11' <Predicate = (!icmp_ln126)> <Delay = 0.00> <CoreInst = "LogicGate">   --->   Core 74 'LogicGate' <Latency = 0> <II = 1> <Delay = 0.97> <FuncUnit> <Opcode : 'and' 'or' 'xor'> <InPorts = 2> <OutPorts = 1>
ST_1 : Operation 40 [1/1] (0.98ns) (out node of the LUT)   --->   "%select_ln21_42 = select i1 %or_ln21, i3 %select_ln21, i3 %select_ln21_40" [serial_fft/fft_serial.cpp:21->serial_fft/fft_serial.cpp:139->serial_fft/fft_serial.cpp:234]   --->   Operation 40 'select' 'select_ln21_42' <Predicate = (!icmp_ln126)> <Delay = 0.98> <CoreInst = "Sel">   --->   Core 73 'Sel' <Latency = 0> <II = 1> <Delay = 0.98> <FuncUnit> <Opcode : 'select'> <InPorts = 3> <OutPorts = 1>
ST_1 : Operation 41 [1/1] (0.00ns) (grouped into LUT with out node select_ln21_44)   --->   "%or_ln21_12 = or i1 %or_ln21, i1 %or_ln21_10" [serial_fft/fft_serial.cpp:21->serial_fft/fft_serial.cpp:139->serial_fft/fft_serial.cpp:234]   --->   Operation 41 'or' 'or_ln21_12' <Predicate = (!icmp_ln126)> <Delay = 0.00> <CoreInst = "LogicGate">   --->   Core 74 'LogicGate' <Latency = 0> <II = 1> <Delay = 0.97> <FuncUnit> <Opcode : 'and' 'or' 'xor'> <InPorts = 2> <OutPorts = 1>
ST_1 : Operation 42 [1/1] (0.98ns) (out node of the LUT)   --->   "%select_ln21_43 = select i1 %or_ln21_11, i3 %select_ln21_41, i3 7" [serial_fft/fft_serial.cpp:21->serial_fft/fft_serial.cpp:139->serial_fft/fft_serial.cpp:234]   --->   Operation 42 'select' 'select_ln21_43' <Predicate = (!icmp_ln126)> <Delay = 0.98> <CoreInst = "Sel">   --->   Core 73 'Sel' <Latency = 0> <II = 1> <Delay = 0.98> <FuncUnit> <Opcode : 'select'> <InPorts = 3> <OutPorts = 1>
ST_1 : Operation 43 [1/1] (0.98ns) (out node of the LUT)   --->   "%select_ln21_44 = select i1 %or_ln21_12, i3 %select_ln21_42, i3 %select_ln21_43" [serial_fft/fft_serial.cpp:21->serial_fft/fft_serial.cpp:139->serial_fft/fft_serial.cpp:234]   --->   Operation 43 'select' 'select_ln21_44' <Predicate = (!icmp_ln126)> <Delay = 0.98> <CoreInst = "Sel">   --->   Core 73 'Sel' <Latency = 0> <II = 1> <Delay = 0.98> <FuncUnit> <Opcode : 'select'> <InPorts = 3> <OutPorts = 1>
ST_1 : Operation 44 [1/1] (1.77ns)   --->   "%icmp_ln21_27 = icmp_eq  i4 %clz_next_6_read, i4 1" [serial_fft/fft_serial.cpp:21->serial_fft/fft_serial.cpp:139->serial_fft/fft_serial.cpp:234]   --->   Operation 44 'icmp' 'icmp_ln21_27' <Predicate = (!icmp_ln126)> <Delay = 1.77> <CoreInst = "Cmp">   --->   Core 9 'Cmp' <Latency = 0> <II = 1> <Delay = 1.77> <FuncUnit> <Opcode : 'icmp'> <InPorts = 2> <OutPorts = 1>
ST_1 : Operation 45 [1/1] (1.77ns)   --->   "%icmp_ln21_28 = icmp_eq  i4 %clz_next_6_read, i4 0" [serial_fft/fft_serial.cpp:21->serial_fft/fft_serial.cpp:139->serial_fft/fft_serial.cpp:234]   --->   Operation 45 'icmp' 'icmp_ln21_28' <Predicate = (!icmp_ln126)> <Delay = 1.77> <CoreInst = "Cmp">   --->   Core 9 'Cmp' <Latency = 0> <II = 1> <Delay = 1.77> <FuncUnit> <Opcode : 'icmp'> <InPorts = 2> <OutPorts = 1>
ST_1 : Operation 46 [1/1] (0.00ns)   --->   "%im_addr = getelementptr i17 %im, i64 0, i64 %zext_ln134" [serial_fft/fft_serial.cpp:140->serial_fft/fft_serial.cpp:234]   --->   Operation 46 'getelementptr' 'im_addr' <Predicate = (!icmp_ln126)> <Delay = 0.00>
ST_1 : Operation 47 [1/1] (0.00ns)   --->   "%im_1_addr = getelementptr i17 %im_1, i64 0, i64 %zext_ln134" [serial_fft/fft_serial.cpp:140->serial_fft/fft_serial.cpp:234]   --->   Operation 47 'getelementptr' 'im_1_addr' <Predicate = (!icmp_ln126)> <Delay = 0.00>
ST_1 : Operation 48 [2/2] (3.25ns)   --->   "%im_load = load i9 %im_addr" [serial_fft/fft_serial.cpp:140->serial_fft/fft_serial.cpp:234]   --->   Operation 48 'load' 'im_load' <Predicate = (!icmp_ln126)> <Delay = 3.25> <CoreInst = "RAM">   --->   Core 82 'RAM' <Latency = 1> <II = 1> <Delay = 3.25> <Storage> <Opcode : 'load' 'store'> <Ports = 2> <Width = 17> <Depth = 512> <RAM>
ST_1 : Operation 49 [2/2] (3.25ns)   --->   "%im_1_load = load i9 %im_1_addr" [serial_fft/fft_serial.cpp:140->serial_fft/fft_serial.cpp:234]   --->   Operation 49 'load' 'im_1_load' <Predicate = (!icmp_ln126)> <Delay = 3.25> <CoreInst = "RAM">   --->   Core 82 'RAM' <Latency = 1> <II = 1> <Delay = 3.25> <Storage> <Opcode : 'load' 'store'> <Ports = 2> <Width = 17> <Depth = 512> <RAM>
ST_1 : Operation 50 [1/1] (0.00ns)   --->   "%re_addr_4 = getelementptr i17 %re, i64 0, i64 %zext_ln135" [serial_fft/fft_serial.cpp:141->serial_fft/fft_serial.cpp:234]   --->   Operation 50 'getelementptr' 're_addr_4' <Predicate = (!icmp_ln126)> <Delay = 0.00>
ST_1 : Operation 51 [1/1] (0.00ns)   --->   "%re_1_addr_4 = getelementptr i17 %re_1, i64 0, i64 %zext_ln135" [serial_fft/fft_serial.cpp:141->serial_fft/fft_serial.cpp:234]   --->   Operation 51 'getelementptr' 're_1_addr_4' <Predicate = (!icmp_ln126)> <Delay = 0.00>
ST_1 : Operation 52 [1/1] (0.00ns)   --->   "%im_addr_4 = getelementptr i17 %im, i64 0, i64 %zext_ln135" [serial_fft/fft_serial.cpp:142->serial_fft/fft_serial.cpp:234]   --->   Operation 52 'getelementptr' 'im_addr_4' <Predicate = (!icmp_ln126)> <Delay = 0.00>
ST_1 : Operation 53 [1/1] (0.00ns)   --->   "%im_1_addr_4 = getelementptr i17 %im_1, i64 0, i64 %zext_ln135" [serial_fft/fft_serial.cpp:142->serial_fft/fft_serial.cpp:234]   --->   Operation 53 'getelementptr' 'im_1_addr_4' <Predicate = (!icmp_ln126)> <Delay = 0.00>
ST_1 : Operation 54 [2/2] (3.25ns)   --->   "%im_load_4 = load i9 %im_addr_4" [serial_fft/fft_serial.cpp:142->serial_fft/fft_serial.cpp:234]   --->   Operation 54 'load' 'im_load_4' <Predicate = (!icmp_ln126)> <Delay = 3.25> <CoreInst = "RAM">   --->   Core 82 'RAM' <Latency = 1> <II = 1> <Delay = 3.25> <Storage> <Opcode : 'load' 'store'> <Ports = 2> <Width = 17> <Depth = 512> <RAM>
ST_1 : Operation 55 [2/2] (3.25ns)   --->   "%im_1_load_4 = load i9 %im_1_addr_4" [serial_fft/fft_serial.cpp:142->serial_fft/fft_serial.cpp:234]   --->   Operation 55 'load' 'im_1_load_4' <Predicate = (!icmp_ln126)> <Delay = 3.25> <CoreInst = "RAM">   --->   Core 82 'RAM' <Latency = 1> <II = 1> <Delay = 3.25> <Storage> <Opcode : 'load' 'store'> <Ports = 2> <Width = 17> <Depth = 512> <RAM>
ST_1 : Operation 56 [1/1] (0.00ns)   --->   "%trunc_ln21_6 = partselect i2 @_ssdm_op_PartSelect.i2.i10.i32.i32, i10 %bfly_5, i32 4, i32 5" [./serial_fft/../twiddle_rom.h:21->serial_fft/fft_serial.cpp:146->serial_fft/fft_serial.cpp:234]   --->   Operation 56 'partselect' 'trunc_ln21_6' <Predicate = (!icmp_ln126)> <Delay = 0.00>
ST_1 : Operation 57 [1/1] (0.00ns)   --->   "%tmp = bitselect i1 @_ssdm_op_BitSelect.i1.i10.i32, i10 %bfly_5, i32 4" [./serial_fft/../twiddle_rom.h:21->serial_fft/fft_serial.cpp:146->serial_fft/fft_serial.cpp:234]   --->   Operation 57 'bitselect' 'tmp' <Predicate = (!icmp_ln126)> <Delay = 0.00>
ST_1 : Operation 58 [1/1] (0.00ns)   --->   "%zext_ln22 = zext i7 %tw_n" [./serial_fft/../twiddle_rom.h:22->serial_fft/fft_serial.cpp:146->serial_fft/fft_serial.cpp:234]   --->   Operation 58 'zext' 'zext_ln22' <Predicate = (!icmp_ln126)> <Delay = 0.00>
ST_1 : Operation 59 [1/1] (2.11ns)   --->   "%sub_ln23 = sub i8 128, i8 %zext_ln22" [./serial_fft/../twiddle_rom.h:23->serial_fft/fft_serial.cpp:146->serial_fft/fft_serial.cpp:234]   --->   Operation 59 'sub' 'sub_ln23' <Predicate = (!icmp_ln126)> <Delay = 2.11> <CoreInst = "Adder">   --->   Core 1 'Adder' <Latency = 0> <II = 1> <Delay = 2.11> <FuncUnit> <Opcode : 'add' 'sub'> <InPorts = 2> <OutPorts = 1>
ST_1 : Operation 60 [1/1] (1.04ns)   --->   "%rom_addr = select i1 %tmp, i8 %sub_ln23, i8 %zext_ln22" [./serial_fft/../twiddle_rom.h:23->serial_fft/fft_serial.cpp:146->serial_fft/fft_serial.cpp:234]   --->   Operation 60 'select' 'rom_addr' <Predicate = (!icmp_ln126)> <Delay = 1.04> <CoreInst = "Sel">   --->   Core 73 'Sel' <Latency = 0> <II = 1> <Delay = 1.04> <FuncUnit> <Opcode : 'select'> <InPorts = 3> <OutPorts = 1>
ST_1 : Operation 61 [1/1] (0.00ns)   --->   "%zext_ln25 = zext i8 %rom_addr" [./serial_fft/../twiddle_rom.h:25->serial_fft/fft_serial.cpp:146->serial_fft/fft_serial.cpp:234]   --->   Operation 61 'zext' 'zext_ln25' <Predicate = (!icmp_ln126)> <Delay = 0.00>
ST_1 : Operation 62 [1/1] (0.00ns)   --->   "%TW_COS_LUT_addr = getelementptr i15 %TW_COS_LUT, i64 0, i64 %zext_ln25" [./serial_fft/../twiddle_rom.h:25->serial_fft/fft_serial.cpp:146->serial_fft/fft_serial.cpp:234]   --->   Operation 62 'getelementptr' 'TW_COS_LUT_addr' <Predicate = (!icmp_ln126)> <Delay = 0.00>
ST_1 : Operation 63 [2/2] (3.25ns)   --->   "%w_re_20 = load i8 %TW_COS_LUT_addr" [./serial_fft/../twiddle_rom.h:25->serial_fft/fft_serial.cpp:146->serial_fft/fft_serial.cpp:234]   --->   Operation 63 'load' 'w_re_20' <Predicate = (!icmp_ln126)> <Delay = 3.25> <CoreInst = "ROM">   --->   Core 95 'ROM' <Latency = 1> <II = 1> <Delay = 3.25> <Storage> <Opcode : 'load'> <Ports = 0> <Width = 15> <Depth = 129> <ROM>
ST_1 : Operation 64 [1/1] (0.00ns)   --->   "%TW_SIN_LUT_addr = getelementptr i15 %TW_SIN_LUT, i64 0, i64 %zext_ln25" [./serial_fft/../twiddle_rom.h:26->serial_fft/fft_serial.cpp:146->serial_fft/fft_serial.cpp:234]   --->   Operation 64 'getelementptr' 'TW_SIN_LUT_addr' <Predicate = (!icmp_ln126)> <Delay = 0.00>
ST_1 : Operation 65 [2/2] (3.25ns)   --->   "%sv = load i8 %TW_SIN_LUT_addr" [./serial_fft/../twiddle_rom.h:26->serial_fft/fft_serial.cpp:146->serial_fft/fft_serial.cpp:234]   --->   Operation 65 'load' 'sv' <Predicate = (!icmp_ln126)> <Delay = 3.25> <CoreInst = "ROM">   --->   Core 95 'ROM' <Latency = 1> <II = 1> <Delay = 3.25> <Storage> <Opcode : 'load'> <Ports = 0> <Width = 15> <Depth = 129> <ROM>
ST_1 : Operation 66 [1/1] (1.58ns)   --->   "%icmp_ln28 = icmp_eq  i2 %trunc_ln21_6, i2 2" [./serial_fft/../twiddle_rom.h:28->serial_fft/fft_serial.cpp:146->serial_fft/fft_serial.cpp:234]   --->   Operation 66 'icmp' 'icmp_ln28' <Predicate = (!icmp_ln126)> <Delay = 1.58> <CoreInst = "Cmp">   --->   Core 9 'Cmp' <Latency = 0> <II = 1> <Delay = 1.58> <FuncUnit> <Opcode : 'icmp'> <InPorts = 2> <OutPorts = 1>
ST_1 : Operation 67 [1/1] (1.58ns)   --->   "%icmp_ln28_7 = icmp_eq  i2 %trunc_ln21_6, i2 1" [./serial_fft/../twiddle_rom.h:28->serial_fft/fft_serial.cpp:146->serial_fft/fft_serial.cpp:234]   --->   Operation 67 'icmp' 'icmp_ln28_7' <Predicate = (!icmp_ln126)> <Delay = 1.58> <CoreInst = "Cmp">   --->   Core 9 'Cmp' <Latency = 0> <II = 1> <Delay = 1.58> <FuncUnit> <Opcode : 'icmp'> <InPorts = 2> <OutPorts = 1>
ST_1 : Operation 68 [1/1] (1.58ns)   --->   "%icmp_ln28_8 = icmp_eq  i2 %trunc_ln21_6, i2 0" [./serial_fft/../twiddle_rom.h:28->serial_fft/fft_serial.cpp:146->serial_fft/fft_serial.cpp:234]   --->   Operation 68 'icmp' 'icmp_ln28_8' <Predicate = (!icmp_ln126)> <Delay = 1.58> <CoreInst = "Cmp">   --->   Core 9 'Cmp' <Latency = 0> <II = 1> <Delay = 1.58> <FuncUnit> <Opcode : 'icmp'> <InPorts = 2> <OutPorts = 1>
ST_1 : Operation 69 [1/1] (0.00ns)   --->   "%br_ln162 = br i1 %trunc_ln126, void %arrayidx11.i430214590.case.0, void %arrayidx11.i430214590.case.1" [serial_fft/fft_serial.cpp:162->serial_fft/fft_serial.cpp:234]   --->   Operation 69 'br' 'br_ln162' <Predicate = (!icmp_ln126)> <Delay = 0.00>
ST_1 : Operation 70 [1/1] (1.61ns)   --->   "%store_ln126 = store i10 %bfly_6, i10 %bfly" [serial_fft/fft_serial.cpp:126->serial_fft/fft_serial.cpp:234]   --->   Operation 70 'store' 'store_ln126' <Predicate = (!icmp_ln126)> <Delay = 1.61>
ST_1 : Operation 194 [1/1] (0.00ns)   --->   "%or_mask_load = load i8 %or_mask"   --->   Operation 194 'load' 'or_mask_load' <Predicate = (icmp_ln126)> <Delay = 0.00>
ST_1 : Operation 195 [1/1] (0.00ns)   --->   "%write_ln0 = write void @_ssdm_op_Write.ap_auto.i8P0A, i8 %or_mask_11_out, i8 %or_mask_load"   --->   Operation 195 'write' 'write_ln0' <Predicate = (icmp_ln126)> <Delay = 0.00>
ST_1 : Operation 196 [1/1] (0.00ns)   --->   "%ret_ln0 = ret"   --->   Operation 196 'ret' 'ret_ln0' <Predicate = (icmp_ln126)> <Delay = 0.00>

State 2 <SV = 1> <Delay = 13.9>
ST_2 : Operation 71 [2/2] (3.25ns)   --->   "%re_load = load i9 %re_addr" [serial_fft/fft_serial.cpp:139->serial_fft/fft_serial.cpp:234]   --->   Operation 71 'load' 're_load' <Predicate = (!icmp_ln126 & !trunc_ln126)> <Delay = 3.25> <CoreInst = "RAM">   --->   Core 82 'RAM' <Latency = 1> <II = 1> <Delay = 3.25> <Storage> <Opcode : 'load' 'store'> <Ports = 2> <Width = 17> <Depth = 512> <RAM>
ST_2 : Operation 72 [2/2] (3.25ns)   --->   "%re_1_load = load i9 %re_1_addr" [serial_fft/fft_serial.cpp:139->serial_fft/fft_serial.cpp:234]   --->   Operation 72 'load' 're_1_load' <Predicate = (!icmp_ln126 & trunc_ln126)> <Delay = 3.25> <CoreInst = "RAM">   --->   Core 82 'RAM' <Latency = 1> <II = 1> <Delay = 3.25> <Storage> <Opcode : 'load' 'store'> <Ports = 2> <Width = 17> <Depth = 512> <RAM>
ST_2 : Operation 73 [1/1] (0.00ns)   --->   "%zext_ln21 = zext i3 %select_ln21_44" [serial_fft/fft_serial.cpp:21->serial_fft/fft_serial.cpp:139->serial_fft/fft_serial.cpp:234]   --->   Operation 73 'zext' 'zext_ln21' <Predicate = (!icmp_ln126)> <Delay = 0.00>
ST_2 : Operation 74 [1/2] (3.25ns)   --->   "%im_load = load i9 %im_addr" [serial_fft/fft_serial.cpp:140->serial_fft/fft_serial.cpp:234]   --->   Operation 74 'load' 'im_load' <Predicate = (!icmp_ln126)> <Delay = 3.25> <CoreInst = "RAM">   --->   Core 82 'RAM' <Latency = 1> <II = 1> <Delay = 3.25> <Storage> <Opcode : 'load' 'store'> <Ports = 2> <Width = 17> <Depth = 512> <RAM>
ST_2 : Operation 75 [1/2] (3.25ns)   --->   "%im_1_load = load i9 %im_1_addr" [serial_fft/fft_serial.cpp:140->serial_fft/fft_serial.cpp:234]   --->   Operation 75 'load' 'im_1_load' <Predicate = (!icmp_ln126)> <Delay = 3.25> <CoreInst = "RAM">   --->   Core 82 'RAM' <Latency = 1> <II = 1> <Delay = 3.25> <Storage> <Opcode : 'load' 'store'> <Ports = 2> <Width = 17> <Depth = 512> <RAM>
ST_2 : Operation 76 [1/1] (1.31ns)   --->   "%v_22 = select i1 %trunc_ln126, i17 %im_1_load, i17 %im_load" [serial_fft/fft_serial.cpp:126->serial_fft/fft_serial.cpp:234]   --->   Operation 76 'select' 'v_22' <Predicate = (!icmp_ln126)> <Delay = 1.31> <CoreInst = "Sel">   --->   Core 73 'Sel' <Latency = 0> <II = 1> <Delay = 1.31> <FuncUnit> <Opcode : 'select'> <InPorts = 3> <OutPorts = 1>
ST_2 : Operation 77 [1/1] (0.00ns)   --->   "%trunc_ln19_10 = trunc i17 %v_22" [serial_fft/fft_serial.cpp:19->serial_fft/fft_serial.cpp:140->serial_fft/fft_serial.cpp:234]   --->   Operation 77 'trunc' 'trunc_ln19_10' <Predicate = (!icmp_ln126 & icmp_ln21_28)> <Delay = 0.00>
ST_2 : Operation 78 [1/1] (0.00ns)   --->   "%a_im_13 = trunc i17 %v_22" [serial_fft/fft_serial.cpp:34->serial_fft/fft_serial.cpp:140->serial_fft/fft_serial.cpp:234]   --->   Operation 78 'trunc' 'a_im_13' <Predicate = (!icmp_ln126 & !icmp_ln21_28)> <Delay = 0.00>
ST_2 : Operation 79 [1/1] (1.58ns)   --->   "%icmp_ln24_10 = icmp_eq  i2 %trunc_ln19_10, i2 3" [serial_fft/fft_serial.cpp:24->serial_fft/fft_serial.cpp:140->serial_fft/fft_serial.cpp:234]   --->   Operation 79 'icmp' 'icmp_ln24_10' <Predicate = (!icmp_ln126 & icmp_ln21_28)> <Delay = 1.58> <CoreInst = "Cmp">   --->   Core 9 'Cmp' <Latency = 0> <II = 1> <Delay = 1.58> <FuncUnit> <Opcode : 'icmp'> <InPorts = 2> <OutPorts = 1>
ST_2 : Operation 80 [1/1] (3.67ns)   --->   "%a_im_14 = shl i16 %a_im_13, i16 %zext_ln21" [serial_fft/fft_serial.cpp:21->serial_fft/fft_serial.cpp:140->serial_fft/fft_serial.cpp:234]   --->   Operation 80 'shl' 'a_im_14' <Predicate = (!icmp_ln126 & !icmp_ln21_28 & !icmp_ln21_27)> <Delay = 3.67> <CoreInst = "Shifter">   --->   Core 75 'Shifter' <Latency = 0> <II = 1> <Delay = 3.67> <FuncUnit> <Opcode : 'shl' 'lshr' 'ashr'> <InPorts = 2> <OutPorts = 1>
ST_2 : Operation 81 [2/2] (3.25ns)   --->   "%re_load_4 = load i9 %re_addr_4" [serial_fft/fft_serial.cpp:141->serial_fft/fft_serial.cpp:234]   --->   Operation 81 'load' 're_load_4' <Predicate = (!icmp_ln126 & !trunc_ln126)> <Delay = 3.25> <CoreInst = "RAM">   --->   Core 82 'RAM' <Latency = 1> <II = 1> <Delay = 3.25> <Storage> <Opcode : 'load' 'store'> <Ports = 2> <Width = 17> <Depth = 512> <RAM>
ST_2 : Operation 82 [2/2] (3.25ns)   --->   "%re_1_load_4 = load i9 %re_1_addr_4" [serial_fft/fft_serial.cpp:141->serial_fft/fft_serial.cpp:234]   --->   Operation 82 'load' 're_1_load_4' <Predicate = (!icmp_ln126 & trunc_ln126)> <Delay = 3.25> <CoreInst = "RAM">   --->   Core 82 'RAM' <Latency = 1> <II = 1> <Delay = 3.25> <Storage> <Opcode : 'load' 'store'> <Ports = 2> <Width = 17> <Depth = 512> <RAM>
ST_2 : Operation 83 [1/2] (3.25ns)   --->   "%im_load_4 = load i9 %im_addr_4" [serial_fft/fft_serial.cpp:142->serial_fft/fft_serial.cpp:234]   --->   Operation 83 'load' 'im_load_4' <Predicate = (!icmp_ln126)> <Delay = 3.25> <CoreInst = "RAM">   --->   Core 82 'RAM' <Latency = 1> <II = 1> <Delay = 3.25> <Storage> <Opcode : 'load' 'store'> <Ports = 2> <Width = 17> <Depth = 512> <RAM>
ST_2 : Operation 84 [1/2] (3.25ns)   --->   "%im_1_load_4 = load i9 %im_1_addr_4" [serial_fft/fft_serial.cpp:142->serial_fft/fft_serial.cpp:234]   --->   Operation 84 'load' 'im_1_load_4' <Predicate = (!icmp_ln126)> <Delay = 3.25> <CoreInst = "RAM">   --->   Core 82 'RAM' <Latency = 1> <II = 1> <Delay = 3.25> <Storage> <Opcode : 'load' 'store'> <Ports = 2> <Width = 17> <Depth = 512> <RAM>
ST_2 : Operation 85 [1/1] (1.31ns)   --->   "%v_24 = select i1 %trunc_ln126, i17 %im_1_load_4, i17 %im_load_4" [serial_fft/fft_serial.cpp:126->serial_fft/fft_serial.cpp:234]   --->   Operation 85 'select' 'v_24' <Predicate = (!icmp_ln126)> <Delay = 1.31> <CoreInst = "Sel">   --->   Core 73 'Sel' <Latency = 0> <II = 1> <Delay = 1.31> <FuncUnit> <Opcode : 'select'> <InPorts = 3> <OutPorts = 1>
ST_2 : Operation 86 [1/1] (0.00ns)   --->   "%trunc_ln19_12 = trunc i17 %v_24" [serial_fft/fft_serial.cpp:19->serial_fft/fft_serial.cpp:142->serial_fft/fft_serial.cpp:234]   --->   Operation 86 'trunc' 'trunc_ln19_12' <Predicate = (!icmp_ln126 & icmp_ln21_28)> <Delay = 0.00>
ST_2 : Operation 87 [1/1] (0.00ns)   --->   "%b_im_13 = trunc i17 %v_24" [serial_fft/fft_serial.cpp:34->serial_fft/fft_serial.cpp:142->serial_fft/fft_serial.cpp:234]   --->   Operation 87 'trunc' 'b_im_13' <Predicate = (!icmp_ln126 & !icmp_ln21_28)> <Delay = 0.00>
ST_2 : Operation 88 [1/1] (1.58ns)   --->   "%icmp_ln24_12 = icmp_eq  i2 %trunc_ln19_12, i2 3" [serial_fft/fft_serial.cpp:24->serial_fft/fft_serial.cpp:142->serial_fft/fft_serial.cpp:234]   --->   Operation 88 'icmp' 'icmp_ln24_12' <Predicate = (!icmp_ln126 & icmp_ln21_28)> <Delay = 1.58> <CoreInst = "Cmp">   --->   Core 9 'Cmp' <Latency = 0> <II = 1> <Delay = 1.58> <FuncUnit> <Opcode : 'icmp'> <InPorts = 2> <OutPorts = 1>
ST_2 : Operation 89 [1/1] (0.00ns)   --->   "%zext_ln24_12 = zext i1 %icmp_ln24_12" [serial_fft/fft_serial.cpp:24->serial_fft/fft_serial.cpp:142->serial_fft/fft_serial.cpp:234]   --->   Operation 89 'zext' 'zext_ln24_12' <Predicate = (!icmp_ln126 & icmp_ln21_28)> <Delay = 0.00>
ST_2 : Operation 90 [1/1] (2.18ns)   --->   "%rounded_12 = add i17 %v_24, i17 %zext_ln24_12" [serial_fft/fft_serial.cpp:24->serial_fft/fft_serial.cpp:142->serial_fft/fft_serial.cpp:234]   --->   Operation 90 'add' 'rounded_12' <Predicate = (!icmp_ln126 & icmp_ln21_28)> <Delay = 2.18> <CoreInst = "Adder">   --->   Core 1 'Adder' <Latency = 0> <II = 1> <Delay = 2.18> <FuncUnit> <Opcode : 'add' 'sub'> <InPorts = 2> <OutPorts = 1>
ST_2 : Operation 91 [1/1] (0.00ns) (grouped into LUT with out node b_im_16)   --->   "%b_im = partselect i16 @_ssdm_op_PartSelect.i16.i17.i32.i32, i17 %rounded_12, i32 1, i32 16" [serial_fft/fft_serial.cpp:25->serial_fft/fft_serial.cpp:142->serial_fft/fft_serial.cpp:234]   --->   Operation 91 'partselect' 'b_im' <Predicate = (!icmp_ln126 & icmp_ln21_28)> <Delay = 0.00>
ST_2 : Operation 92 [1/1] (3.67ns)   --->   "%b_im_14 = shl i16 %b_im_13, i16 %zext_ln21" [serial_fft/fft_serial.cpp:21->serial_fft/fft_serial.cpp:142->serial_fft/fft_serial.cpp:234]   --->   Operation 92 'shl' 'b_im_14' <Predicate = (!icmp_ln126 & !icmp_ln21_28 & !icmp_ln21_27)> <Delay = 3.67> <CoreInst = "Shifter">   --->   Core 75 'Shifter' <Latency = 0> <II = 1> <Delay = 3.67> <FuncUnit> <Opcode : 'shl' 'lshr' 'ashr'> <InPorts = 2> <OutPorts = 1>
ST_2 : Operation 93 [1/1] (0.00ns) (grouped into LUT with out node b_im_16)   --->   "%b_im_15 = select i1 %icmp_ln21_27, i16 %b_im_13, i16 %b_im_14" [serial_fft/fft_serial.cpp:21->serial_fft/fft_serial.cpp:142->serial_fft/fft_serial.cpp:234]   --->   Operation 93 'select' 'b_im_15' <Predicate = (!icmp_ln126 & !icmp_ln21_28)> <Delay = 0.00> <CoreInst = "Sel">   --->   Core 73 'Sel' <Latency = 0> <II = 1> <Delay = 1.29> <FuncUnit> <Opcode : 'select'> <InPorts = 3> <OutPorts = 1>
ST_2 : Operation 94 [1/1] (1.29ns) (out node of the LUT)   --->   "%b_im_16 = select i1 %icmp_ln21_28, i16 %b_im, i16 %b_im_15" [serial_fft/fft_serial.cpp:21->serial_fft/fft_serial.cpp:142->serial_fft/fft_serial.cpp:234]   --->   Operation 94 'select' 'b_im_16' <Predicate = (!icmp_ln126)> <Delay = 1.29> <CoreInst = "Sel">   --->   Core 73 'Sel' <Latency = 0> <II = 1> <Delay = 1.29> <FuncUnit> <Opcode : 'select'> <InPorts = 3> <OutPorts = 1>
ST_2 : Operation 95 [1/2] (3.25ns)   --->   "%w_re_20 = load i8 %TW_COS_LUT_addr" [./serial_fft/../twiddle_rom.h:25->serial_fft/fft_serial.cpp:146->serial_fft/fft_serial.cpp:234]   --->   Operation 95 'load' 'w_re_20' <Predicate = (!icmp_ln126)> <Delay = 3.25> <CoreInst = "ROM">   --->   Core 95 'ROM' <Latency = 1> <II = 1> <Delay = 3.25> <Storage> <Opcode : 'load'> <Ports = 0> <Width = 15> <Depth = 129> <ROM>
ST_2 : Operation 96 [1/1] (0.00ns) (grouped into LUT with out node w_re_18)   --->   "%zext_ln145 = zext i15 %w_re_20" [serial_fft/fft_serial.cpp:145->serial_fft/fft_serial.cpp:234]   --->   Operation 96 'zext' 'zext_ln145' <Predicate = (!icmp_ln126 & icmp_ln28_8)> <Delay = 0.00>
ST_2 : Operation 97 [1/2] (3.25ns)   --->   "%sv = load i8 %TW_SIN_LUT_addr" [./serial_fft/../twiddle_rom.h:26->serial_fft/fft_serial.cpp:146->serial_fft/fft_serial.cpp:234]   --->   Operation 97 'load' 'sv' <Predicate = (!icmp_ln126)> <Delay = 3.25> <CoreInst = "ROM">   --->   Core 95 'ROM' <Latency = 1> <II = 1> <Delay = 3.25> <Storage> <Opcode : 'load'> <Ports = 0> <Width = 15> <Depth = 129> <ROM>
ST_2 : Operation 98 [1/1] (0.00ns) (grouped into LUT with out node w_re_17)   --->   "%zext_ln26 = zext i15 %sv" [./serial_fft/../twiddle_rom.h:26->serial_fft/fft_serial.cpp:146->serial_fft/fft_serial.cpp:234]   --->   Operation 98 'zext' 'zext_ln26' <Predicate = (!icmp_ln126 & !icmp_ln28_8 & icmp_ln28_7)> <Delay = 0.00>
ST_2 : Operation 99 [1/1] (0.00ns) (grouped into LUT with out node w_re_17)   --->   "%select_ln28 = select i1 %icmp_ln28, i15 %sv, i15 %w_re_20" [./serial_fft/../twiddle_rom.h:28->serial_fft/fft_serial.cpp:146->serial_fft/fft_serial.cpp:234]   --->   Operation 99 'select' 'select_ln28' <Predicate = (!icmp_ln126 & !icmp_ln28_8 & !icmp_ln28_7)> <Delay = 0.00> <CoreInst = "Sel">   --->   Core 73 'Sel' <Latency = 0> <II = 1> <Delay = 0.99> <FuncUnit> <Opcode : 'select'> <InPorts = 3> <OutPorts = 1>
ST_2 : Operation 100 [1/1] (0.00ns) (grouped into LUT with out node w_re_17)   --->   "%zext_ln28 = zext i15 %select_ln28" [./serial_fft/../twiddle_rom.h:28->serial_fft/fft_serial.cpp:146->serial_fft/fft_serial.cpp:234]   --->   Operation 100 'zext' 'zext_ln28' <Predicate = (!icmp_ln126 & !icmp_ln28_8 & !icmp_ln28_7)> <Delay = 0.00>
ST_2 : Operation 101 [1/1] (0.00ns) (grouped into LUT with out node w_re_17)   --->   "%w_re_16 = xor i16 %zext_ln28, i16 65535" [./serial_fft/../twiddle_rom.h:28->serial_fft/fft_serial.cpp:146->serial_fft/fft_serial.cpp:234]   --->   Operation 101 'xor' 'w_re_16' <Predicate = (!icmp_ln126 & !icmp_ln28_8 & !icmp_ln28_7)> <Delay = 0.00> <CoreInst = "LogicGate">   --->   Core 74 'LogicGate' <Latency = 0> <II = 1> <Delay = 0.99> <FuncUnit> <Opcode : 'and' 'or' 'xor'> <InPorts = 2> <OutPorts = 1>
ST_2 : Operation 102 [1/1] (1.29ns) (out node of the LUT)   --->   "%w_re_17 = select i1 %icmp_ln28_7, i16 %zext_ln26, i16 %w_re_16" [./serial_fft/../twiddle_rom.h:28->serial_fft/fft_serial.cpp:146->serial_fft/fft_serial.cpp:234]   --->   Operation 102 'select' 'w_re_17' <Predicate = (!icmp_ln126 & !icmp_ln28_8)> <Delay = 1.29> <CoreInst = "Sel">   --->   Core 73 'Sel' <Latency = 0> <II = 1> <Delay = 1.29> <FuncUnit> <Opcode : 'select'> <InPorts = 3> <OutPorts = 1>
ST_2 : Operation 103 [1/1] (1.29ns) (out node of the LUT)   --->   "%w_re_18 = select i1 %icmp_ln28_8, i16 %zext_ln145, i16 %w_re_17" [./serial_fft/../twiddle_rom.h:28->serial_fft/fft_serial.cpp:146->serial_fft/fft_serial.cpp:234]   --->   Operation 103 'select' 'w_re_18' <Predicate = (!icmp_ln126)> <Delay = 1.29> <CoreInst = "Sel">   --->   Core 73 'Sel' <Latency = 0> <II = 1> <Delay = 1.29> <FuncUnit> <Opcode : 'select'> <InPorts = 3> <OutPorts = 1>
ST_2 : Operation 104 [1/1] (0.00ns) (grouped into LUT with out node w_im)   --->   "%or_ln28 = or i1 %icmp_ln28_7, i1 %icmp_ln28" [./serial_fft/../twiddle_rom.h:28->serial_fft/fft_serial.cpp:146->serial_fft/fft_serial.cpp:234]   --->   Operation 104 'or' 'or_ln28' <Predicate = (!icmp_ln126)> <Delay = 0.00> <CoreInst = "LogicGate">   --->   Core 74 'LogicGate' <Latency = 0> <II = 1> <Delay = 0.97> <FuncUnit> <Opcode : 'and' 'or' 'xor'> <InPorts = 2> <OutPorts = 1>
ST_2 : Operation 105 [1/1] (0.00ns) (grouped into LUT with out node w_im)   --->   "%w_re_19 = select i1 %or_ln28, i15 %w_re_20, i15 %sv" [./serial_fft/../twiddle_rom.h:28->serial_fft/fft_serial.cpp:146->serial_fft/fft_serial.cpp:234]   --->   Operation 105 'select' 'w_re_19' <Predicate = (!icmp_ln126)> <Delay = 0.00> <CoreInst = "Sel">   --->   Core 73 'Sel' <Latency = 0> <II = 1> <Delay = 0.99> <FuncUnit> <Opcode : 'select'> <InPorts = 3> <OutPorts = 1>
ST_2 : Operation 106 [1/1] (0.00ns) (grouped into LUT with out node w_im)   --->   "%zext_ln145_4 = zext i15 %w_re_19" [serial_fft/fft_serial.cpp:145->serial_fft/fft_serial.cpp:234]   --->   Operation 106 'zext' 'zext_ln145_4' <Predicate = (!icmp_ln126)> <Delay = 0.00>
ST_2 : Operation 107 [1/1] (0.99ns) (out node of the LUT)   --->   "%w_im = xor i16 %zext_ln145_4, i16 65535" [serial_fft/fft_serial.cpp:145->serial_fft/fft_serial.cpp:234]   --->   Operation 107 'xor' 'w_im' <Predicate = (!icmp_ln126)> <Delay = 0.99> <CoreInst = "LogicGate">   --->   Core 74 'LogicGate' <Latency = 0> <II = 1> <Delay = 0.99> <FuncUnit> <Opcode : 'and' 'or' 'xor'> <InPorts = 2> <OutPorts = 1>
ST_2 : Operation 108 [1/1] (0.00ns)   --->   "%sext_ln150_10 = sext i16 %w_re_18" [serial_fft/fft_serial.cpp:150->serial_fft/fft_serial.cpp:234]   --->   Operation 108 'sext' 'sext_ln150_10' <Predicate = (!icmp_ln126)> <Delay = 0.00>
ST_2 : Operation 109 [1/1] (0.00ns)   --->   "%sext_ln150_11 = sext i16 %b_im_16" [serial_fft/fft_serial.cpp:150->serial_fft/fft_serial.cpp:234]   --->   Operation 109 'sext' 'sext_ln150_11' <Predicate = (!icmp_ln126)> <Delay = 0.00>
ST_2 : Operation 110 [1/1] (0.00ns)   --->   "%sext_ln150_12 = sext i16 %w_im" [serial_fft/fft_serial.cpp:150->serial_fft/fft_serial.cpp:234]   --->   Operation 110 'sext' 'sext_ln150_12' <Predicate = (!icmp_ln126)> <Delay = 0.00>
ST_2 : Operation 111 [3/3] (1.45ns) (grouped into DSP with root node wb_re)   --->   "%mul_ln150_4 = mul i32 %sext_ln150_12, i32 %sext_ln150_11" [serial_fft/fft_serial.cpp:150->serial_fft/fft_serial.cpp:234]   --->   Operation 111 'mul' 'mul_ln150_4' <Predicate = (!icmp_ln126)> <Delay = 1.45> <CoreInst = "DSP48">   --->   Core 119 'DSP48' <Latency = 2> <II = 1> <Delay = 3.88> <IPBlock> <Opcode : '' 'add' 'sub' 'mul' 'select'> <InPorts = 0> <OutPorts = 1> <Sync> <CReg>
ST_2 : Operation 112 [2/2] (4.29ns) (grouped into DSP with root node wb_im)   --->   "%mul_ln151_4 = mul i32 %sext_ln150_10, i32 %sext_ln150_11" [serial_fft/fft_serial.cpp:151->serial_fft/fft_serial.cpp:234]   --->   Operation 112 'mul' 'mul_ln151_4' <Predicate = (!icmp_ln126)> <Delay = 4.29> <CoreInst = "DSP48">   --->   Core 119 'DSP48' <Latency = 2> <II = 1> <Delay = 3.88> <IPBlock> <Opcode : '' 'add' 'sub' 'mul' 'select'> <InPorts = 0> <OutPorts = 1> <Sync> <CReg>

State 3 <SV = 2> <Delay = 24.4>
ST_3 : Operation 113 [1/2] (3.25ns)   --->   "%re_load = load i9 %re_addr" [serial_fft/fft_serial.cpp:139->serial_fft/fft_serial.cpp:234]   --->   Operation 113 'load' 're_load' <Predicate = (!icmp_ln126 & !trunc_ln126)> <Delay = 3.25> <CoreInst = "RAM">   --->   Core 82 'RAM' <Latency = 1> <II = 1> <Delay = 3.25> <Storage> <Opcode : 'load' 'store'> <Ports = 2> <Width = 17> <Depth = 512> <RAM>
ST_3 : Operation 114 [1/2] (3.25ns)   --->   "%re_1_load = load i9 %re_1_addr" [serial_fft/fft_serial.cpp:139->serial_fft/fft_serial.cpp:234]   --->   Operation 114 'load' 're_1_load' <Predicate = (!icmp_ln126 & trunc_ln126)> <Delay = 3.25> <CoreInst = "RAM">   --->   Core 82 'RAM' <Latency = 1> <II = 1> <Delay = 3.25> <Storage> <Opcode : 'load' 'store'> <Ports = 2> <Width = 17> <Depth = 512> <RAM>
ST_3 : Operation 115 [1/1] (1.31ns)   --->   "%v = select i1 %trunc_ln126, i17 %re_1_load, i17 %re_load" [serial_fft/fft_serial.cpp:126->serial_fft/fft_serial.cpp:234]   --->   Operation 115 'select' 'v' <Predicate = (!icmp_ln126)> <Delay = 1.31> <CoreInst = "Sel">   --->   Core 73 'Sel' <Latency = 0> <II = 1> <Delay = 1.31> <FuncUnit> <Opcode : 'select'> <InPorts = 3> <OutPorts = 1>
ST_3 : Operation 116 [1/1] (0.00ns)   --->   "%trunc_ln19 = trunc i17 %v" [serial_fft/fft_serial.cpp:19->serial_fft/fft_serial.cpp:139->serial_fft/fft_serial.cpp:234]   --->   Operation 116 'trunc' 'trunc_ln19' <Predicate = (!icmp_ln126 & icmp_ln21_28)> <Delay = 0.00>
ST_3 : Operation 117 [1/1] (0.00ns)   --->   "%a_re_13 = trunc i17 %v" [serial_fft/fft_serial.cpp:34->serial_fft/fft_serial.cpp:139->serial_fft/fft_serial.cpp:234]   --->   Operation 117 'trunc' 'a_re_13' <Predicate = (!icmp_ln126 & !icmp_ln21_28)> <Delay = 0.00>
ST_3 : Operation 118 [1/1] (1.58ns)   --->   "%icmp_ln24 = icmp_eq  i2 %trunc_ln19, i2 3" [serial_fft/fft_serial.cpp:24->serial_fft/fft_serial.cpp:139->serial_fft/fft_serial.cpp:234]   --->   Operation 118 'icmp' 'icmp_ln24' <Predicate = (!icmp_ln126 & icmp_ln21_28)> <Delay = 1.58> <CoreInst = "Cmp">   --->   Core 9 'Cmp' <Latency = 0> <II = 1> <Delay = 1.58> <FuncUnit> <Opcode : 'icmp'> <InPorts = 2> <OutPorts = 1>
ST_3 : Operation 119 [1/1] (3.67ns)   --->   "%a_re_14 = shl i16 %a_re_13, i16 %zext_ln21" [serial_fft/fft_serial.cpp:21->serial_fft/fft_serial.cpp:139->serial_fft/fft_serial.cpp:234]   --->   Operation 119 'shl' 'a_re_14' <Predicate = (!icmp_ln126 & !icmp_ln21_28 & !icmp_ln21_27)> <Delay = 3.67> <CoreInst = "Shifter">   --->   Core 75 'Shifter' <Latency = 0> <II = 1> <Delay = 3.67> <FuncUnit> <Opcode : 'shl' 'lshr' 'ashr'> <InPorts = 2> <OutPorts = 1>
ST_3 : Operation 120 [1/1] (0.00ns)   --->   "%zext_ln24_10 = zext i1 %icmp_ln24_10" [serial_fft/fft_serial.cpp:24->serial_fft/fft_serial.cpp:140->serial_fft/fft_serial.cpp:234]   --->   Operation 120 'zext' 'zext_ln24_10' <Predicate = (!icmp_ln126 & icmp_ln21_28)> <Delay = 0.00>
ST_3 : Operation 121 [1/1] (2.18ns)   --->   "%rounded_10 = add i17 %v_22, i17 %zext_ln24_10" [serial_fft/fft_serial.cpp:24->serial_fft/fft_serial.cpp:140->serial_fft/fft_serial.cpp:234]   --->   Operation 121 'add' 'rounded_10' <Predicate = (!icmp_ln126 & icmp_ln21_28)> <Delay = 2.18> <CoreInst = "Adder">   --->   Core 1 'Adder' <Latency = 0> <II = 1> <Delay = 2.18> <FuncUnit> <Opcode : 'add' 'sub'> <InPorts = 2> <OutPorts = 1>
ST_3 : Operation 122 [1/1] (0.00ns) (grouped into LUT with out node a_im_16)   --->   "%a_im = partselect i16 @_ssdm_op_PartSelect.i16.i17.i32.i32, i17 %rounded_10, i32 1, i32 16" [serial_fft/fft_serial.cpp:25->serial_fft/fft_serial.cpp:140->serial_fft/fft_serial.cpp:234]   --->   Operation 122 'partselect' 'a_im' <Predicate = (!icmp_ln126 & icmp_ln21_28)> <Delay = 0.00>
ST_3 : Operation 123 [1/1] (0.00ns) (grouped into LUT with out node a_im_16)   --->   "%a_im_15 = select i1 %icmp_ln21_27, i16 %a_im_13, i16 %a_im_14" [serial_fft/fft_serial.cpp:21->serial_fft/fft_serial.cpp:140->serial_fft/fft_serial.cpp:234]   --->   Operation 123 'select' 'a_im_15' <Predicate = (!icmp_ln126 & !icmp_ln21_28)> <Delay = 0.00> <CoreInst = "Sel">   --->   Core 73 'Sel' <Latency = 0> <II = 1> <Delay = 1.29> <FuncUnit> <Opcode : 'select'> <InPorts = 3> <OutPorts = 1>
ST_3 : Operation 124 [1/1] (1.29ns) (out node of the LUT)   --->   "%a_im_16 = select i1 %icmp_ln21_28, i16 %a_im, i16 %a_im_15" [serial_fft/fft_serial.cpp:21->serial_fft/fft_serial.cpp:140->serial_fft/fft_serial.cpp:234]   --->   Operation 124 'select' 'a_im_16' <Predicate = (!icmp_ln126)> <Delay = 1.29> <CoreInst = "Sel">   --->   Core 73 'Sel' <Latency = 0> <II = 1> <Delay = 1.29> <FuncUnit> <Opcode : 'select'> <InPorts = 3> <OutPorts = 1>
ST_3 : Operation 125 [1/2] (3.25ns)   --->   "%re_load_4 = load i9 %re_addr_4" [serial_fft/fft_serial.cpp:141->serial_fft/fft_serial.cpp:234]   --->   Operation 125 'load' 're_load_4' <Predicate = (!icmp_ln126 & !trunc_ln126)> <Delay = 3.25> <CoreInst = "RAM">   --->   Core 82 'RAM' <Latency = 1> <II = 1> <Delay = 3.25> <Storage> <Opcode : 'load' 'store'> <Ports = 2> <Width = 17> <Depth = 512> <RAM>
ST_3 : Operation 126 [1/2] (3.25ns)   --->   "%re_1_load_4 = load i9 %re_1_addr_4" [serial_fft/fft_serial.cpp:141->serial_fft/fft_serial.cpp:234]   --->   Operation 126 'load' 're_1_load_4' <Predicate = (!icmp_ln126 & trunc_ln126)> <Delay = 3.25> <CoreInst = "RAM">   --->   Core 82 'RAM' <Latency = 1> <II = 1> <Delay = 3.25> <Storage> <Opcode : 'load' 'store'> <Ports = 2> <Width = 17> <Depth = 512> <RAM>
ST_3 : Operation 127 [1/1] (1.31ns)   --->   "%v_23 = select i1 %trunc_ln126, i17 %re_1_load_4, i17 %re_load_4" [serial_fft/fft_serial.cpp:126->serial_fft/fft_serial.cpp:234]   --->   Operation 127 'select' 'v_23' <Predicate = (!icmp_ln126)> <Delay = 1.31> <CoreInst = "Sel">   --->   Core 73 'Sel' <Latency = 0> <II = 1> <Delay = 1.31> <FuncUnit> <Opcode : 'select'> <InPorts = 3> <OutPorts = 1>
ST_3 : Operation 128 [1/1] (0.00ns)   --->   "%trunc_ln19_11 = trunc i17 %v_23" [serial_fft/fft_serial.cpp:19->serial_fft/fft_serial.cpp:141->serial_fft/fft_serial.cpp:234]   --->   Operation 128 'trunc' 'trunc_ln19_11' <Predicate = (!icmp_ln126 & icmp_ln21_28)> <Delay = 0.00>
ST_3 : Operation 129 [1/1] (0.00ns)   --->   "%b_re_13 = trunc i17 %v_23" [serial_fft/fft_serial.cpp:34->serial_fft/fft_serial.cpp:141->serial_fft/fft_serial.cpp:234]   --->   Operation 129 'trunc' 'b_re_13' <Predicate = (!icmp_ln126 & !icmp_ln21_28)> <Delay = 0.00>
ST_3 : Operation 130 [1/1] (1.58ns)   --->   "%icmp_ln24_11 = icmp_eq  i2 %trunc_ln19_11, i2 3" [serial_fft/fft_serial.cpp:24->serial_fft/fft_serial.cpp:141->serial_fft/fft_serial.cpp:234]   --->   Operation 130 'icmp' 'icmp_ln24_11' <Predicate = (!icmp_ln126 & icmp_ln21_28)> <Delay = 1.58> <CoreInst = "Cmp">   --->   Core 9 'Cmp' <Latency = 0> <II = 1> <Delay = 1.58> <FuncUnit> <Opcode : 'icmp'> <InPorts = 2> <OutPorts = 1>
ST_3 : Operation 131 [1/1] (0.00ns)   --->   "%zext_ln24_11 = zext i1 %icmp_ln24_11" [serial_fft/fft_serial.cpp:24->serial_fft/fft_serial.cpp:141->serial_fft/fft_serial.cpp:234]   --->   Operation 131 'zext' 'zext_ln24_11' <Predicate = (!icmp_ln126 & icmp_ln21_28)> <Delay = 0.00>
ST_3 : Operation 132 [1/1] (2.18ns)   --->   "%rounded_11 = add i17 %v_23, i17 %zext_ln24_11" [serial_fft/fft_serial.cpp:24->serial_fft/fft_serial.cpp:141->serial_fft/fft_serial.cpp:234]   --->   Operation 132 'add' 'rounded_11' <Predicate = (!icmp_ln126 & icmp_ln21_28)> <Delay = 2.18> <CoreInst = "Adder">   --->   Core 1 'Adder' <Latency = 0> <II = 1> <Delay = 2.18> <FuncUnit> <Opcode : 'add' 'sub'> <InPorts = 2> <OutPorts = 1>
ST_3 : Operation 133 [1/1] (0.00ns) (grouped into LUT with out node b_re_16)   --->   "%b_re = partselect i16 @_ssdm_op_PartSelect.i16.i17.i32.i32, i17 %rounded_11, i32 1, i32 16" [serial_fft/fft_serial.cpp:25->serial_fft/fft_serial.cpp:141->serial_fft/fft_serial.cpp:234]   --->   Operation 133 'partselect' 'b_re' <Predicate = (!icmp_ln126 & icmp_ln21_28)> <Delay = 0.00>
ST_3 : Operation 134 [1/1] (3.67ns)   --->   "%b_re_14 = shl i16 %b_re_13, i16 %zext_ln21" [serial_fft/fft_serial.cpp:21->serial_fft/fft_serial.cpp:141->serial_fft/fft_serial.cpp:234]   --->   Operation 134 'shl' 'b_re_14' <Predicate = (!icmp_ln126 & !icmp_ln21_28 & !icmp_ln21_27)> <Delay = 3.67> <CoreInst = "Shifter">   --->   Core 75 'Shifter' <Latency = 0> <II = 1> <Delay = 3.67> <FuncUnit> <Opcode : 'shl' 'lshr' 'ashr'> <InPorts = 2> <OutPorts = 1>
ST_3 : Operation 135 [1/1] (0.00ns) (grouped into LUT with out node b_re_16)   --->   "%b_re_15 = select i1 %icmp_ln21_27, i16 %b_re_13, i16 %b_re_14" [serial_fft/fft_serial.cpp:21->serial_fft/fft_serial.cpp:141->serial_fft/fft_serial.cpp:234]   --->   Operation 135 'select' 'b_re_15' <Predicate = (!icmp_ln126 & !icmp_ln21_28)> <Delay = 0.00> <CoreInst = "Sel">   --->   Core 73 'Sel' <Latency = 0> <II = 1> <Delay = 1.29> <FuncUnit> <Opcode : 'select'> <InPorts = 3> <OutPorts = 1>
ST_3 : Operation 136 [1/1] (1.29ns) (out node of the LUT)   --->   "%b_re_16 = select i1 %icmp_ln21_28, i16 %b_re, i16 %b_re_15" [serial_fft/fft_serial.cpp:21->serial_fft/fft_serial.cpp:141->serial_fft/fft_serial.cpp:234]   --->   Operation 136 'select' 'b_re_16' <Predicate = (!icmp_ln126)> <Delay = 1.29> <CoreInst = "Sel">   --->   Core 73 'Sel' <Latency = 0> <II = 1> <Delay = 1.29> <FuncUnit> <Opcode : 'select'> <InPorts = 3> <OutPorts = 1>
ST_3 : Operation 137 [1/1] (0.00ns)   --->   "%sext_ln150 = sext i16 %b_re_16" [serial_fft/fft_serial.cpp:150->serial_fft/fft_serial.cpp:234]   --->   Operation 137 'sext' 'sext_ln150' <Predicate = (!icmp_ln126)> <Delay = 0.00>
ST_3 : Operation 138 [2/3] (1.45ns) (grouped into DSP with root node wb_re)   --->   "%mul_ln150_4 = mul i32 %sext_ln150_12, i32 %sext_ln150_11" [serial_fft/fft_serial.cpp:150->serial_fft/fft_serial.cpp:234]   --->   Operation 138 'mul' 'mul_ln150_4' <Predicate = (!icmp_ln126)> <Delay = 1.45> <CoreInst = "DSP48">   --->   Core 119 'DSP48' <Latency = 2> <II = 1> <Delay = 3.88> <IPBlock> <Opcode : '' 'add' 'sub' 'mul' 'select'> <InPorts = 0> <OutPorts = 1> <Sync> <CReg>
ST_3 : Operation 139 [1/1] (5.57ns)   --->   "%mul_ln151 = mul i32 %sext_ln150_12, i32 %sext_ln150" [serial_fft/fft_serial.cpp:151->serial_fft/fft_serial.cpp:234]   --->   Operation 139 'mul' 'mul_ln151' <Predicate = (!icmp_ln126)> <Delay = 5.57> <CoreInst = "Multiplier">   --->   Core 3 'Multiplier' <Latency = 0> <II = 1> <Delay = 5.57> <FuncUnit> <Opcode : 'mul'> <InPorts = 2> <OutPorts = 1>
ST_3 : Operation 140 [1/2] (0.00ns) (grouped into DSP with root node wb_im)   --->   "%mul_ln151_4 = mul i32 %sext_ln150_10, i32 %sext_ln150_11" [serial_fft/fft_serial.cpp:151->serial_fft/fft_serial.cpp:234]   --->   Operation 140 'mul' 'mul_ln151_4' <Predicate = (!icmp_ln126)> <Delay = 0.00> <CoreInst = "DSP48">   --->   Core 119 'DSP48' <Latency = 2> <II = 1> <Delay = 3.88> <IPBlock> <Opcode : '' 'add' 'sub' 'mul' 'select'> <InPorts = 0> <OutPorts = 1> <Sync> <CReg>
ST_3 : Operation 141 [1/1] (3.82ns) (root node of the DSP)   --->   "%wb_im = add i32 %mul_ln151, i32 %mul_ln151_4" [serial_fft/fft_serial.cpp:151->serial_fft/fft_serial.cpp:234]   --->   Operation 141 'add' 'wb_im' <Predicate = (!icmp_ln126)> <Delay = 3.82> <CoreInst = "DSP48">   --->   Core 119 'DSP48' <Latency = 2> <II = 1> <Delay = 3.88> <IPBlock> <Opcode : '' 'add' 'sub' 'mul' 'select'> <InPorts = 0> <OutPorts = 1> <Sync> <CReg>
ST_3 : Operation 142 [1/1] (0.00ns)   --->   "%wb_im_s = partselect i17 @_ssdm_op_PartSelect.i17.i32.i32.i32, i32 %wb_im, i32 15, i32 31" [serial_fft/fft_serial.cpp:153->serial_fft/fft_serial.cpp:234]   --->   Operation 142 'partselect' 'wb_im_s' <Predicate = (!icmp_ln126)> <Delay = 0.00>
ST_3 : Operation 143 [1/1] (0.00ns)   --->   "%sext_ln159 = sext i16 %a_im_16" [serial_fft/fft_serial.cpp:159->serial_fft/fft_serial.cpp:234]   --->   Operation 143 'sext' 'sext_ln159' <Predicate = (!icmp_ln126)> <Delay = 0.00>
ST_3 : Operation 144 [1/1] (2.18ns)   --->   "%v_26 = add i17 %wb_im_s, i17 %sext_ln159" [serial_fft/fft_serial.cpp:157->serial_fft/fft_serial.cpp:234]   --->   Operation 144 'add' 'v_26' <Predicate = (!icmp_ln126)> <Delay = 2.18> <CoreInst = "Adder">   --->   Core 1 'Adder' <Latency = 0> <II = 1> <Delay = 2.18> <FuncUnit> <Opcode : 'add' 'sub'> <InPorts = 2> <OutPorts = 1>
ST_3 : Operation 145 [1/1] (2.18ns)   --->   "%v_28 = sub i17 %sext_ln159, i17 %wb_im_s" [serial_fft/fft_serial.cpp:159->serial_fft/fft_serial.cpp:234]   --->   Operation 145 'sub' 'v_28' <Predicate = (!icmp_ln126)> <Delay = 2.18> <CoreInst = "Adder">   --->   Core 1 'Adder' <Latency = 0> <II = 1> <Delay = 2.18> <FuncUnit> <Opcode : 'add' 'sub'> <InPorts = 2> <OutPorts = 1>
ST_3 : Operation 146 [1/1] (3.25ns)   --->   "%store_ln162 = store i17 %v_26, i9 %im_addr" [serial_fft/fft_serial.cpp:162->serial_fft/fft_serial.cpp:234]   --->   Operation 146 'store' 'store_ln162' <Predicate = (!icmp_ln126 & !trunc_ln126)> <Delay = 3.25> <CoreInst = "RAM">   --->   Core 82 'RAM' <Latency = 1> <II = 1> <Delay = 3.25> <Storage> <Opcode : 'load' 'store'> <Ports = 2> <Width = 17> <Depth = 512> <RAM>
ST_3 : Operation 147 [1/1] (3.25ns)   --->   "%store_ln163 = store i17 %v_28, i9 %im_addr_4" [serial_fft/fft_serial.cpp:163->serial_fft/fft_serial.cpp:234]   --->   Operation 147 'store' 'store_ln163' <Predicate = (!icmp_ln126 & !trunc_ln126)> <Delay = 3.25> <CoreInst = "RAM">   --->   Core 82 'RAM' <Latency = 1> <II = 1> <Delay = 3.25> <Storage> <Opcode : 'load' 'store'> <Ports = 2> <Width = 17> <Depth = 512> <RAM>
ST_3 : Operation 148 [1/1] (3.25ns)   --->   "%store_ln162 = store i17 %v_26, i9 %im_1_addr" [serial_fft/fft_serial.cpp:162->serial_fft/fft_serial.cpp:234]   --->   Operation 148 'store' 'store_ln162' <Predicate = (!icmp_ln126 & trunc_ln126)> <Delay = 3.25> <CoreInst = "RAM">   --->   Core 82 'RAM' <Latency = 1> <II = 1> <Delay = 3.25> <Storage> <Opcode : 'load' 'store'> <Ports = 2> <Width = 17> <Depth = 512> <RAM>
ST_3 : Operation 149 [1/1] (3.25ns)   --->   "%store_ln163 = store i17 %v_28, i9 %im_1_addr_4" [serial_fft/fft_serial.cpp:163->serial_fft/fft_serial.cpp:234]   --->   Operation 149 'store' 'store_ln163' <Predicate = (!icmp_ln126 & trunc_ln126)> <Delay = 3.25> <CoreInst = "RAM">   --->   Core 82 'RAM' <Latency = 1> <II = 1> <Delay = 3.25> <Storage> <Opcode : 'load' 'store'> <Ports = 2> <Width = 17> <Depth = 512> <RAM>

State 4 <SV = 3> <Delay = 16.3>
ST_4 : Operation 150 [1/1] (0.00ns)   --->   "%specpipeline_ln127 = specpipeline void @_ssdm_op_SpecPipeline, i32 2, i32 0, i32 0, i32 0, void @empty_0" [serial_fft/fft_serial.cpp:127->serial_fft/fft_serial.cpp:234]   --->   Operation 150 'specpipeline' 'specpipeline_ln127' <Predicate = true> <Delay = 0.00>
ST_4 : Operation 151 [1/1] (0.00ns)   --->   "%speclooptripcount_ln124 = speclooptripcount void @_ssdm_op_SpecLoopTripCount, i64 512, i64 512, i64 512" [serial_fft/fft_serial.cpp:124->serial_fft/fft_serial.cpp:234]   --->   Operation 151 'speclooptripcount' 'speclooptripcount_ln124' <Predicate = true> <Delay = 0.00>
ST_4 : Operation 152 [1/1] (0.00ns)   --->   "%specloopname_ln126 = specloopname void @_ssdm_op_SpecLoopName, void @empty_15" [serial_fft/fft_serial.cpp:126->serial_fft/fft_serial.cpp:234]   --->   Operation 152 'specloopname' 'specloopname_ln126' <Predicate = true> <Delay = 0.00>
ST_4 : Operation 153 [1/1] (0.00ns)   --->   "%zext_ln24 = zext i1 %icmp_ln24" [serial_fft/fft_serial.cpp:24->serial_fft/fft_serial.cpp:139->serial_fft/fft_serial.cpp:234]   --->   Operation 153 'zext' 'zext_ln24' <Predicate = (icmp_ln21_28)> <Delay = 0.00>
ST_4 : Operation 154 [1/1] (2.18ns)   --->   "%rounded = add i17 %v, i17 %zext_ln24" [serial_fft/fft_serial.cpp:24->serial_fft/fft_serial.cpp:139->serial_fft/fft_serial.cpp:234]   --->   Operation 154 'add' 'rounded' <Predicate = (icmp_ln21_28)> <Delay = 2.18> <CoreInst = "Adder">   --->   Core 1 'Adder' <Latency = 0> <II = 1> <Delay = 2.18> <FuncUnit> <Opcode : 'add' 'sub'> <InPorts = 2> <OutPorts = 1>
ST_4 : Operation 155 [1/1] (0.00ns) (grouped into LUT with out node a_re_16)   --->   "%a_re = partselect i16 @_ssdm_op_PartSelect.i16.i17.i32.i32, i17 %rounded, i32 1, i32 16" [serial_fft/fft_serial.cpp:25->serial_fft/fft_serial.cpp:139->serial_fft/fft_serial.cpp:234]   --->   Operation 155 'partselect' 'a_re' <Predicate = (icmp_ln21_28)> <Delay = 0.00>
ST_4 : Operation 156 [1/1] (0.00ns) (grouped into LUT with out node a_re_16)   --->   "%a_re_15 = select i1 %icmp_ln21_27, i16 %a_re_13, i16 %a_re_14" [serial_fft/fft_serial.cpp:21->serial_fft/fft_serial.cpp:139->serial_fft/fft_serial.cpp:234]   --->   Operation 156 'select' 'a_re_15' <Predicate = (!icmp_ln21_28)> <Delay = 0.00> <CoreInst = "Sel">   --->   Core 73 'Sel' <Latency = 0> <II = 1> <Delay = 1.29> <FuncUnit> <Opcode : 'select'> <InPorts = 3> <OutPorts = 1>
ST_4 : Operation 157 [1/1] (1.29ns) (out node of the LUT)   --->   "%a_re_16 = select i1 %icmp_ln21_28, i16 %a_re, i16 %a_re_15" [serial_fft/fft_serial.cpp:21->serial_fft/fft_serial.cpp:139->serial_fft/fft_serial.cpp:234]   --->   Operation 157 'select' 'a_re_16' <Predicate = true> <Delay = 1.29> <CoreInst = "Sel">   --->   Core 73 'Sel' <Latency = 0> <II = 1> <Delay = 1.29> <FuncUnit> <Opcode : 'select'> <InPorts = 3> <OutPorts = 1>
ST_4 : Operation 158 [1/1] (5.57ns)   --->   "%mul_ln150 = mul i32 %sext_ln150_10, i32 %sext_ln150" [serial_fft/fft_serial.cpp:150->serial_fft/fft_serial.cpp:234]   --->   Operation 158 'mul' 'mul_ln150' <Predicate = true> <Delay = 5.57> <CoreInst = "Multiplier">   --->   Core 3 'Multiplier' <Latency = 0> <II = 1> <Delay = 5.57> <FuncUnit> <Opcode : 'mul'> <InPorts = 2> <OutPorts = 1>
ST_4 : Operation 159 [1/3] (0.00ns) (grouped into DSP with root node wb_re)   --->   "%mul_ln150_4 = mul i32 %sext_ln150_12, i32 %sext_ln150_11" [serial_fft/fft_serial.cpp:150->serial_fft/fft_serial.cpp:234]   --->   Operation 159 'mul' 'mul_ln150_4' <Predicate = true> <Delay = 0.00> <CoreInst = "DSP48">   --->   Core 119 'DSP48' <Latency = 2> <II = 1> <Delay = 3.88> <IPBlock> <Opcode : '' 'add' 'sub' 'mul' 'select'> <InPorts = 0> <OutPorts = 1> <Sync> <CReg>
ST_4 : Operation 160 [1/1] (3.82ns) (root node of the DSP)   --->   "%wb_re = sub i32 %mul_ln150, i32 %mul_ln150_4" [serial_fft/fft_serial.cpp:150->serial_fft/fft_serial.cpp:234]   --->   Operation 160 'sub' 'wb_re' <Predicate = true> <Delay = 3.82> <CoreInst = "DSP48">   --->   Core 119 'DSP48' <Latency = 2> <II = 1> <Delay = 3.88> <IPBlock> <Opcode : '' 'add' 'sub' 'mul' 'select'> <InPorts = 0> <OutPorts = 1> <Sync> <CReg>
ST_4 : Operation 161 [1/1] (0.00ns)   --->   "%wb_re_s = partselect i17 @_ssdm_op_PartSelect.i17.i32.i32.i32, i32 %wb_re, i32 15, i32 31" [serial_fft/fft_serial.cpp:152->serial_fft/fft_serial.cpp:234]   --->   Operation 161 'partselect' 'wb_re_s' <Predicate = true> <Delay = 0.00>
ST_4 : Operation 162 [1/1] (0.00ns)   --->   "%sext_ln158 = sext i16 %a_re_16" [serial_fft/fft_serial.cpp:158->serial_fft/fft_serial.cpp:234]   --->   Operation 162 'sext' 'sext_ln158' <Predicate = true> <Delay = 0.00>
ST_4 : Operation 163 [1/1] (2.18ns)   --->   "%v_25 = add i17 %wb_re_s, i17 %sext_ln158" [serial_fft/fft_serial.cpp:156->serial_fft/fft_serial.cpp:234]   --->   Operation 163 'add' 'v_25' <Predicate = true> <Delay = 2.18> <CoreInst = "Adder">   --->   Core 1 'Adder' <Latency = 0> <II = 1> <Delay = 2.18> <FuncUnit> <Opcode : 'add' 'sub'> <InPorts = 2> <OutPorts = 1>
ST_4 : Operation 164 [1/1] (2.18ns)   --->   "%v_27 = sub i17 %sext_ln158, i17 %wb_re_s" [serial_fft/fft_serial.cpp:158->serial_fft/fft_serial.cpp:234]   --->   Operation 164 'sub' 'v_27' <Predicate = true> <Delay = 2.18> <CoreInst = "Adder">   --->   Core 1 'Adder' <Latency = 0> <II = 1> <Delay = 2.18> <FuncUnit> <Opcode : 'add' 'sub'> <InPorts = 2> <OutPorts = 1>
ST_4 : Operation 165 [1/1] (3.25ns)   --->   "%store_ln162 = store i17 %v_25, i9 %re_addr" [serial_fft/fft_serial.cpp:162->serial_fft/fft_serial.cpp:234]   --->   Operation 165 'store' 'store_ln162' <Predicate = (!trunc_ln126)> <Delay = 3.25> <CoreInst = "RAM">   --->   Core 82 'RAM' <Latency = 1> <II = 1> <Delay = 3.25> <Storage> <Opcode : 'load' 'store'> <Ports = 2> <Width = 17> <Depth = 512> <RAM>
ST_4 : Operation 166 [1/1] (3.25ns)   --->   "%store_ln163 = store i17 %v_27, i9 %re_addr_4" [serial_fft/fft_serial.cpp:163->serial_fft/fft_serial.cpp:234]   --->   Operation 166 'store' 'store_ln163' <Predicate = (!trunc_ln126)> <Delay = 3.25> <CoreInst = "RAM">   --->   Core 82 'RAM' <Latency = 1> <II = 1> <Delay = 3.25> <Storage> <Opcode : 'load' 'store'> <Ports = 2> <Width = 17> <Depth = 512> <RAM>
ST_4 : Operation 167 [1/1] (0.00ns)   --->   "%br_ln163 = br void %arrayidx11.i430214590.exit" [serial_fft/fft_serial.cpp:163->serial_fft/fft_serial.cpp:234]   --->   Operation 167 'br' 'br_ln163' <Predicate = (!trunc_ln126)> <Delay = 0.00>
ST_4 : Operation 168 [1/1] (3.25ns)   --->   "%store_ln162 = store i17 %v_25, i9 %re_1_addr" [serial_fft/fft_serial.cpp:162->serial_fft/fft_serial.cpp:234]   --->   Operation 168 'store' 'store_ln162' <Predicate = (trunc_ln126)> <Delay = 3.25> <CoreInst = "RAM">   --->   Core 82 'RAM' <Latency = 1> <II = 1> <Delay = 3.25> <Storage> <Opcode : 'load' 'store'> <Ports = 2> <Width = 17> <Depth = 512> <RAM>
ST_4 : Operation 169 [1/1] (3.25ns)   --->   "%store_ln163 = store i17 %v_27, i9 %re_1_addr_4" [serial_fft/fft_serial.cpp:163->serial_fft/fft_serial.cpp:234]   --->   Operation 169 'store' 'store_ln163' <Predicate = (trunc_ln126)> <Delay = 3.25> <CoreInst = "RAM">   --->   Core 82 'RAM' <Latency = 1> <II = 1> <Delay = 3.25> <Storage> <Opcode : 'load' 'store'> <Ports = 2> <Width = 17> <Depth = 512> <RAM>
ST_4 : Operation 170 [1/1] (0.00ns)   --->   "%br_ln163 = br void %arrayidx11.i430214590.exit" [serial_fft/fft_serial.cpp:163->serial_fft/fft_serial.cpp:234]   --->   Operation 170 'br' 'br_ln163' <Predicate = (trunc_ln126)> <Delay = 0.00>
ST_4 : Operation 171 [1/1] (0.00ns)   --->   "%or_mask_load_4 = load i8 %or_mask" [serial_fft/fft_serial.cpp:166->serial_fft/fft_serial.cpp:234]   --->   Operation 171 'load' 'or_mask_load_4' <Predicate = true> <Delay = 0.00>
ST_4 : Operation 172 [1/1] (0.00ns)   --->   "%top8 = partselect i8 @_ssdm_op_PartSelect.i8.i17.i32.i32, i17 %v_25, i32 8, i32 15" [serial_fft/fft_serial.cpp:66->serial_fft/fft_serial.cpp:166->serial_fft/fft_serial.cpp:234]   --->   Operation 172 'partselect' 'top8' <Predicate = true> <Delay = 0.00>
ST_4 : Operation 173 [1/1] (0.00ns) (grouped into LUT with out node or_mask_4)   --->   "%tmp_14 = bitselect i1 @_ssdm_op_BitSelect.i1.i17.i32, i17 %v_25, i32 16" [serial_fft/fft_serial.cpp:67->serial_fft/fft_serial.cpp:166->serial_fft/fft_serial.cpp:234]   --->   Operation 173 'bitselect' 'tmp_14' <Predicate = true> <Delay = 0.00>
ST_4 : Operation 174 [1/1] (0.00ns) (grouped into LUT with out node or_mask_4)   --->   "%xor_ln67 = xor i8 %top8, i8 255" [serial_fft/fft_serial.cpp:67->serial_fft/fft_serial.cpp:166->serial_fft/fft_serial.cpp:234]   --->   Operation 174 'xor' 'xor_ln67' <Predicate = true> <Delay = 0.00> <CoreInst = "LogicGate">   --->   Core 74 'LogicGate' <Latency = 0> <II = 1> <Delay = 0.97> <FuncUnit> <Opcode : 'and' 'or' 'xor'> <InPorts = 2> <OutPorts = 1>
ST_4 : Operation 175 [1/1] (0.00ns) (grouped into LUT with out node or_mask_4)   --->   "%select_ln67 = select i1 %tmp_14, i8 %xor_ln67, i8 %top8" [serial_fft/fft_serial.cpp:67->serial_fft/fft_serial.cpp:166->serial_fft/fft_serial.cpp:234]   --->   Operation 175 'select' 'select_ln67' <Predicate = true> <Delay = 0.00> <CoreInst = "Sel">   --->   Core 73 'Sel' <Latency = 0> <II = 1> <Delay = 1.04> <FuncUnit> <Opcode : 'select'> <InPorts = 3> <OutPorts = 1>
ST_4 : Operation 176 [1/1] (0.00ns)   --->   "%top8_10 = partselect i8 @_ssdm_op_PartSelect.i8.i17.i32.i32, i17 %v_26, i32 8, i32 15" [serial_fft/fft_serial.cpp:66->serial_fft/fft_serial.cpp:166->serial_fft/fft_serial.cpp:234]   --->   Operation 176 'partselect' 'top8_10' <Predicate = true> <Delay = 0.00>
ST_4 : Operation 177 [1/1] (0.00ns) (grouped into LUT with out node or_ln166_10)   --->   "%tmp_15 = bitselect i1 @_ssdm_op_BitSelect.i1.i17.i32, i17 %v_26, i32 16" [serial_fft/fft_serial.cpp:67->serial_fft/fft_serial.cpp:166->serial_fft/fft_serial.cpp:234]   --->   Operation 177 'bitselect' 'tmp_15' <Predicate = true> <Delay = 0.00>
ST_4 : Operation 178 [1/1] (0.00ns) (grouped into LUT with out node or_ln166_10)   --->   "%xor_ln67_10 = xor i8 %top8_10, i8 255" [serial_fft/fft_serial.cpp:67->serial_fft/fft_serial.cpp:166->serial_fft/fft_serial.cpp:234]   --->   Operation 178 'xor' 'xor_ln67_10' <Predicate = true> <Delay = 0.00> <CoreInst = "LogicGate">   --->   Core 74 'LogicGate' <Latency = 0> <II = 1> <Delay = 0.97> <FuncUnit> <Opcode : 'and' 'or' 'xor'> <InPorts = 2> <OutPorts = 1>
ST_4 : Operation 179 [1/1] (0.00ns) (grouped into LUT with out node or_ln166_10)   --->   "%select_ln67_10 = select i1 %tmp_15, i8 %xor_ln67_10, i8 %top8_10" [serial_fft/fft_serial.cpp:67->serial_fft/fft_serial.cpp:166->serial_fft/fft_serial.cpp:234]   --->   Operation 179 'select' 'select_ln67_10' <Predicate = true> <Delay = 0.00> <CoreInst = "Sel">   --->   Core 73 'Sel' <Latency = 0> <II = 1> <Delay = 1.04> <FuncUnit> <Opcode : 'select'> <InPorts = 3> <OutPorts = 1>
ST_4 : Operation 180 [1/1] (0.00ns)   --->   "%top8_11 = partselect i8 @_ssdm_op_PartSelect.i8.i17.i32.i32, i17 %v_27, i32 8, i32 15" [serial_fft/fft_serial.cpp:66->serial_fft/fft_serial.cpp:167->serial_fft/fft_serial.cpp:234]   --->   Operation 180 'partselect' 'top8_11' <Predicate = true> <Delay = 0.00>
ST_4 : Operation 181 [1/1] (0.00ns) (grouped into LUT with out node or_ln166)   --->   "%tmp_16 = bitselect i1 @_ssdm_op_BitSelect.i1.i17.i32, i17 %v_27, i32 16" [serial_fft/fft_serial.cpp:67->serial_fft/fft_serial.cpp:167->serial_fft/fft_serial.cpp:234]   --->   Operation 181 'bitselect' 'tmp_16' <Predicate = true> <Delay = 0.00>
ST_4 : Operation 182 [1/1] (0.00ns) (grouped into LUT with out node or_ln166)   --->   "%xor_ln67_11 = xor i8 %top8_11, i8 255" [serial_fft/fft_serial.cpp:67->serial_fft/fft_serial.cpp:167->serial_fft/fft_serial.cpp:234]   --->   Operation 182 'xor' 'xor_ln67_11' <Predicate = true> <Delay = 0.00> <CoreInst = "LogicGate">   --->   Core 74 'LogicGate' <Latency = 0> <II = 1> <Delay = 0.97> <FuncUnit> <Opcode : 'and' 'or' 'xor'> <InPorts = 2> <OutPorts = 1>
ST_4 : Operation 183 [1/1] (0.00ns) (grouped into LUT with out node or_ln166)   --->   "%select_ln67_11 = select i1 %tmp_16, i8 %xor_ln67_11, i8 %top8_11" [serial_fft/fft_serial.cpp:67->serial_fft/fft_serial.cpp:167->serial_fft/fft_serial.cpp:234]   --->   Operation 183 'select' 'select_ln67_11' <Predicate = true> <Delay = 0.00> <CoreInst = "Sel">   --->   Core 73 'Sel' <Latency = 0> <II = 1> <Delay = 1.04> <FuncUnit> <Opcode : 'select'> <InPorts = 3> <OutPorts = 1>
ST_4 : Operation 184 [1/1] (0.00ns)   --->   "%top8_12 = partselect i8 @_ssdm_op_PartSelect.i8.i17.i32.i32, i17 %v_28, i32 8, i32 15" [serial_fft/fft_serial.cpp:66->serial_fft/fft_serial.cpp:167->serial_fft/fft_serial.cpp:234]   --->   Operation 184 'partselect' 'top8_12' <Predicate = true> <Delay = 0.00>
ST_4 : Operation 185 [1/1] (0.00ns) (grouped into LUT with out node or_ln166)   --->   "%tmp_17 = bitselect i1 @_ssdm_op_BitSelect.i1.i17.i32, i17 %v_28, i32 16" [serial_fft/fft_serial.cpp:67->serial_fft/fft_serial.cpp:167->serial_fft/fft_serial.cpp:234]   --->   Operation 185 'bitselect' 'tmp_17' <Predicate = true> <Delay = 0.00>
ST_4 : Operation 186 [1/1] (0.00ns) (grouped into LUT with out node or_ln166)   --->   "%xor_ln67_12 = xor i8 %top8_12, i8 255" [serial_fft/fft_serial.cpp:67->serial_fft/fft_serial.cpp:167->serial_fft/fft_serial.cpp:234]   --->   Operation 186 'xor' 'xor_ln67_12' <Predicate = true> <Delay = 0.00> <CoreInst = "LogicGate">   --->   Core 74 'LogicGate' <Latency = 0> <II = 1> <Delay = 0.97> <FuncUnit> <Opcode : 'and' 'or' 'xor'> <InPorts = 2> <OutPorts = 1>
ST_4 : Operation 187 [1/1] (0.00ns) (grouped into LUT with out node or_ln166)   --->   "%select_ln67_12 = select i1 %tmp_17, i8 %xor_ln67_12, i8 %top8_12" [serial_fft/fft_serial.cpp:67->serial_fft/fft_serial.cpp:167->serial_fft/fft_serial.cpp:234]   --->   Operation 187 'select' 'select_ln67_12' <Predicate = true> <Delay = 0.00> <CoreInst = "Sel">   --->   Core 73 'Sel' <Latency = 0> <II = 1> <Delay = 1.04> <FuncUnit> <Opcode : 'select'> <InPorts = 3> <OutPorts = 1>
ST_4 : Operation 188 [1/1] (1.04ns) (out node of the LUT)   --->   "%or_ln166 = or i8 %select_ln67_11, i8 %select_ln67_12" [serial_fft/fft_serial.cpp:166->serial_fft/fft_serial.cpp:234]   --->   Operation 188 'or' 'or_ln166' <Predicate = true> <Delay = 1.04> <CoreInst = "LogicGate">   --->   Core 74 'LogicGate' <Latency = 0> <II = 1> <Delay = 0.97> <FuncUnit> <Opcode : 'and' 'or' 'xor'> <InPorts = 2> <OutPorts = 1>
ST_4 : Operation 189 [1/1] (1.04ns) (out node of the LUT)   --->   "%or_ln166_10 = or i8 %or_ln166, i8 %select_ln67_10" [serial_fft/fft_serial.cpp:166->serial_fft/fft_serial.cpp:234]   --->   Operation 189 'or' 'or_ln166_10' <Predicate = true> <Delay = 1.04> <CoreInst = "LogicGate">   --->   Core 74 'LogicGate' <Latency = 0> <II = 1> <Delay = 0.97> <FuncUnit> <Opcode : 'and' 'or' 'xor'> <InPorts = 2> <OutPorts = 1>
ST_4 : Operation 190 [1/1] (0.00ns) (grouped into LUT with out node or_mask_4)   --->   "%or_ln166_11 = or i8 %or_ln166_10, i8 %select_ln67" [serial_fft/fft_serial.cpp:166->serial_fft/fft_serial.cpp:234]   --->   Operation 190 'or' 'or_ln166_11' <Predicate = true> <Delay = 0.00> <CoreInst = "LogicGate">   --->   Core 74 'LogicGate' <Latency = 0> <II = 1> <Delay = 0.97> <FuncUnit> <Opcode : 'and' 'or' 'xor'> <InPorts = 2> <OutPorts = 1>
ST_4 : Operation 191 [1/1] (1.04ns) (out node of the LUT)   --->   "%or_mask_4 = or i8 %or_ln166_11, i8 %or_mask_load_4" [serial_fft/fft_serial.cpp:166->serial_fft/fft_serial.cpp:234]   --->   Operation 191 'or' 'or_mask_4' <Predicate = true> <Delay = 1.04> <CoreInst = "LogicGate">   --->   Core 74 'LogicGate' <Latency = 0> <II = 1> <Delay = 0.97> <FuncUnit> <Opcode : 'and' 'or' 'xor'> <InPorts = 2> <OutPorts = 1>
ST_4 : Operation 192 [1/1] (1.61ns)   --->   "%store_ln124 = store i8 %or_mask_4, i8 %or_mask" [serial_fft/fft_serial.cpp:124->serial_fft/fft_serial.cpp:234]   --->   Operation 192 'store' 'store_ln124' <Predicate = true> <Delay = 1.61>
ST_4 : Operation 193 [1/1] (0.00ns)   --->   "%br_ln126 = br void %for.body.i3712" [serial_fft/fft_serial.cpp:126->serial_fft/fft_serial.cpp:234]   --->   Operation 193 'br' 'br_ln126' <Predicate = true> <Delay = 0.00>


============================================================
+ Verbose Summary: Timing violations
============================================================
Target clock period: 10.000ns, clock uncertainty: 2.700ns.

 <State 1>: 8.023ns
The critical path consists of the following:
	'store' operation 0 bit ('store_ln126', serial_fft/fft_serial.cpp:126->serial_fft/fft_serial.cpp:234) of constant 0 on local variable 'bfly', serial_fft/fft_serial.cpp:126->serial_fft/fft_serial.cpp:234 [12]  (1.610 ns)
	'load' operation 10 bit ('bfly', serial_fft/fft_serial.cpp:136->serial_fft/fft_serial.cpp:234) on local variable 'bfly', serial_fft/fft_serial.cpp:126->serial_fft/fft_serial.cpp:234 [16]  (0.000 ns)
	'sub' operation 8 bit ('sub_ln23', ./serial_fft/../twiddle_rom.h:23->serial_fft/fft_serial.cpp:146->serial_fft/fft_serial.cpp:234) [111]  (2.115 ns)
	'select' operation 8 bit ('rom_addr', ./serial_fft/../twiddle_rom.h:23->serial_fft/fft_serial.cpp:146->serial_fft/fft_serial.cpp:234) [112]  (1.041 ns)
	'getelementptr' operation 8 bit ('TW_COS_LUT_addr', ./serial_fft/../twiddle_rom.h:25->serial_fft/fft_serial.cpp:146->serial_fft/fft_serial.cpp:234) [114]  (0.000 ns)
	'load' operation 15 bit ('w_re', ./serial_fft/../twiddle_rom.h:25->serial_fft/fft_serial.cpp:146->serial_fft/fft_serial.cpp:234) on array 'TW_COS_LUT' [115]  (3.257 ns)

 <State 2>: 13.923ns
The critical path consists of the following:
	'load' operation 17 bit ('im_load_4', serial_fft/fft_serial.cpp:142->serial_fft/fft_serial.cpp:234) on array 'im' [96]  (3.257 ns)
	'select' operation 17 bit ('v', serial_fft/fft_serial.cpp:126->serial_fft/fft_serial.cpp:234) [98]  (1.319 ns)
	'icmp' operation 1 bit ('icmp_ln24_12', serial_fft/fft_serial.cpp:24->serial_fft/fft_serial.cpp:142->serial_fft/fft_serial.cpp:234) [101]  (1.584 ns)
	'add' operation 17 bit ('rounded', serial_fft/fft_serial.cpp:24->serial_fft/fft_serial.cpp:142->serial_fft/fft_serial.cpp:234) [103]  (2.181 ns)
	'select' operation 16 bit ('b_im', serial_fft/fft_serial.cpp:21->serial_fft/fft_serial.cpp:142->serial_fft/fft_serial.cpp:234) [107]  (1.293 ns)
	'mul' operation 32 bit of DSP[141] ('mul_ln151_4', serial_fft/fft_serial.cpp:151->serial_fft/fft_serial.cpp:234) [140]  (4.290 ns)

 <State 3>: 24.461ns
The critical path consists of the following:
	'load' operation 17 bit ('re_load_4', serial_fft/fft_serial.cpp:141->serial_fft/fft_serial.cpp:234) on array 're' [82]  (3.257 ns)
	'select' operation 17 bit ('v', serial_fft/fft_serial.cpp:126->serial_fft/fft_serial.cpp:234) [84]  (1.319 ns)
	'icmp' operation 1 bit ('icmp_ln24_11', serial_fft/fft_serial.cpp:24->serial_fft/fft_serial.cpp:141->serial_fft/fft_serial.cpp:234) [87]  (1.584 ns)
	'add' operation 17 bit ('rounded', serial_fft/fft_serial.cpp:24->serial_fft/fft_serial.cpp:141->serial_fft/fft_serial.cpp:234) [89]  (2.181 ns)
	'select' operation 16 bit ('b_re', serial_fft/fft_serial.cpp:21->serial_fft/fft_serial.cpp:141->serial_fft/fft_serial.cpp:234) [93]  (1.293 ns)
	'mul' operation 32 bit ('mul_ln151', serial_fft/fft_serial.cpp:151->serial_fft/fft_serial.cpp:234) [139]  (5.570 ns)
	'add' operation 32 bit of DSP[141] ('wb_im', serial_fft/fft_serial.cpp:151->serial_fft/fft_serial.cpp:234) [141]  (3.820 ns)
	'add' operation 17 bit ('a_im_out', serial_fft/fft_serial.cpp:157->serial_fft/fft_serial.cpp:234) [147]  (2.181 ns)
	'store' operation 0 bit ('store_ln162', serial_fft/fft_serial.cpp:162->serial_fft/fft_serial.cpp:234) of variable 'a_im_out', serial_fft/fft_serial.cpp:157->serial_fft/fft_serial.cpp:234 on array 'im' [154]  (3.257 ns)

 <State 4>: 16.304ns
The critical path consists of the following:
	'mul' operation 32 bit ('mul_ln150', serial_fft/fft_serial.cpp:150->serial_fft/fft_serial.cpp:234) [136]  (5.570 ns)
	'sub' operation 32 bit of DSP[138] ('wb_re', serial_fft/fft_serial.cpp:150->serial_fft/fft_serial.cpp:234) [138]  (3.820 ns)
	'sub' operation 17 bit ('b_re_out', serial_fft/fft_serial.cpp:158->serial_fft/fft_serial.cpp:234) [148]  (2.181 ns)
	'select' operation 8 bit ('select_ln67_11', serial_fft/fft_serial.cpp:67->serial_fft/fft_serial.cpp:167->serial_fft/fft_serial.cpp:234) [176]  (0.000 ns)
	'or' operation 8 bit ('or_ln166', serial_fft/fft_serial.cpp:166->serial_fft/fft_serial.cpp:234) [181]  (1.041 ns)
	'or' operation 8 bit ('or_ln166_10', serial_fft/fft_serial.cpp:166->serial_fft/fft_serial.cpp:234) [182]  (1.041 ns)
	'or' operation 8 bit ('or_ln166_11', serial_fft/fft_serial.cpp:166->serial_fft/fft_serial.cpp:234) [183]  (0.000 ns)
	'or' operation 8 bit ('or_mask', serial_fft/fft_serial.cpp:166->serial_fft/fft_serial.cpp:234) [184]  (1.041 ns)
	'store' operation 0 bit ('store_ln124', serial_fft/fft_serial.cpp:124->serial_fft/fft_serial.cpp:234) of variable 'or_mask', serial_fft/fft_serial.cpp:166->serial_fft/fft_serial.cpp:234 on local variable 'or_mask', serial_fft/fft_serial.cpp:124->serial_fft/fft_serial.cpp:234 [186]  (1.610 ns)


============================================================
+ Verbose Summary: Binding
============================================================
N/A
* FSMD analyzer results:
  - Output states:
 - Input state : 
  - Chain level:
	State 1
	State 2
	State 3
	State 4


============================================================
+ Verbose Summary: Datapath Resource usage 
============================================================
N/A
