

================================================================
== Vitis HLS Report for 'fft_serial_Pipeline_store_loop'
================================================================
* Date:           Tue Jun 30 20:48:41 2026

* Version:        2023.2 (Build 4023990 on Oct 11 2023)
* Project:        serial_fft_hls
* Solution:       solution1 (Vivado IP Flow Target)
* Product family: artix7
* Target device:  xc7a200t-fbg676-2


================================================================
== Performance Estimates
================================================================
+ Timing: 
    * Summary: 
    +--------+----------+----------+------------+
    |  Clock |  Target  | Estimated| Uncertainty|
    +--------+----------+----------+------------+
    |ap_clk  |  10.00 ns|  7.300 ns|     2.70 ns|
    +--------+----------+----------+------------+

+ Latency: 
    * Summary: 
    +---------+---------+-----------+-----------+------+------+---------+
    |  Latency (cycles) |   Latency (absolute)  |   Interval  | Pipeline|
    |   min   |   max   |    min    |    max    |  min |  max |   Type  |
    +---------+---------+-----------+-----------+------+------+---------+
    |     2056|     2056|  20.560 us|  20.560 us|  2056|  2056|       no|
    +---------+---------+-----------+-----------+------+------+---------+

    + Detail: 
        * Instance: 
        N/A

        * Loop: 
        +--------------+---------+---------+----------+-----------+-----------+------+----------+
        |              |  Latency (cycles) | Iteration|  Initiation Interval  | Trip |          |
        |   Loop Name  |   min   |   max   |  Latency |  achieved |   target  | Count| Pipelined|
        +--------------+---------+---------+----------+-----------+-----------+------+----------+
        |- store_loop  |     2054|     2054|         9|          2|          1|  1024|       yes|
        +--------------+---------+---------+----------+-----------+-----------+------+----------+

============================================================
+ Verbose Summary: Synthesis Manager
============================================================
InlineROM: 1
ExposeGlobal: 0
============================================================
+ Verbose Summary: CDFG Model
============================================================
IsTopModel: 0
ResetActiveHigh: 1
IsCombinational: 0
IsDatapathOnly: 0
HasWiredReturn: 1
HasMFsm: 2
HasVarLatency: 1
IsPipeline: 0
IsRtlPipelined: 0
IsInstanceOverlapped: 0
IsDontTouch: 0
HasImplIP: 0
IsGatedGlobalClock: 0

+ Individual pipeline summary: 
  * Pipeline-0: initiation interval (II) = 2, depth = 9


============================================================
+ Verbose Summary: Schedule
============================================================
* Number of FSM states : 9
* Pipeline : 1
  Pipeline-0 : II = 2, D = 9, States = { 1 2 3 4 5 6 7 8 9 }
* Dataflow Pipeline: 0

* FSM state transitions: 
1 --> 2 
2 --> 3 
3 --> 4 
4 --> 5 
5 --> 6 
6 --> 7 
7 --> 8 
8 --> 9 
9 --> 

* FSM state operations: 

State 1 <SV = 0> <Delay = 4.41>
ST_1 : Operation 12 [1/1] (0.00ns)   --->   "%i = alloca i32 1" [serial_fft/fft_serial.cpp:273]   --->   Operation 12 'alloca' 'i' <Predicate = true> <Delay = 0.00>
ST_1 : Operation 13 [1/1] (0.00ns)   --->   "%sext_ln273_1_read = read i63 @_ssdm_op_Read.ap_auto.i63, i63 %sext_ln273_1"   --->   Operation 13 'read' 'sext_ln273_1_read' <Predicate = true> <Delay = 0.00>
ST_1 : Operation 14 [1/1] (0.00ns)   --->   "%sext_ln273_read = read i63 @_ssdm_op_Read.ap_auto.i63, i63 %sext_ln273"   --->   Operation 14 'read' 'sext_ln273_read' <Predicate = true> <Delay = 0.00>
ST_1 : Operation 15 [1/1] (0.00ns)   --->   "%sext_ln273_1_cast = sext i63 %sext_ln273_1_read"   --->   Operation 15 'sext' 'sext_ln273_1_cast' <Predicate = true> <Delay = 0.00>
ST_1 : Operation 16 [1/1] (0.00ns)   --->   "%sext_ln273_cast = sext i63 %sext_ln273_read"   --->   Operation 16 'sext' 'sext_ln273_cast' <Predicate = true> <Delay = 0.00>
ST_1 : Operation 17 [1/1] (0.00ns)   --->   "%specinterface_ln0 = specinterface void @_ssdm_op_SpecInterface, i16 %AXI_OUT, void @empty_35, i32 0, i32 0, void @empty_36, i32 0, i32 0, void @empty_46, void @empty_38, void @empty_36, i32 16, i32 16, i32 16, i32 16, void @empty_36, void @empty_36, i32 4294967295, i32 0"   --->   Operation 17 'specinterface' 'specinterface_ln0' <Predicate = true> <Delay = 0.00>
ST_1 : Operation 18 [1/1] (1.32ns)   --->   "%store_ln273 = store i11 0, i11 %i" [serial_fft/fft_serial.cpp:273]   --->   Operation 18 'store' 'store_ln273' <Predicate = true> <Delay = 1.32>
ST_1 : Operation 19 [1/1] (0.00ns)   --->   "%br_ln0 = br void %for.inc92"   --->   Operation 19 'br' 'br_ln0' <Predicate = true> <Delay = 0.00>
ST_1 : Operation 20 [1/1] (0.00ns)   --->   "%i_1 = load i11 %i" [serial_fft/fft_serial.cpp:273]   --->   Operation 20 'load' 'i_1' <Predicate = true> <Delay = 0.00>
ST_1 : Operation 21 [1/1] (0.00ns)   --->   "%specbitsmap_ln0 = specbitsmap void @_ssdm_op_SpecBitsMap, i16 %AXI_OUT"   --->   Operation 21 'specbitsmap' 'specbitsmap_ln0' <Predicate = true> <Delay = 0.00>
ST_1 : Operation 22 [1/1] (1.76ns)   --->   "%icmp_ln273 = icmp_eq  i11 %i_1, i11 1024" [serial_fft/fft_serial.cpp:273]   --->   Operation 22 'icmp' 'icmp_ln273' <Predicate = true> <Delay = 1.76> <CoreInst = "Cmp">   --->   Core 9 'Cmp' <Latency = 0> <II = 1> <Delay = 1.76> <FuncUnit> <Opcode : 'icmp'> <InPorts = 2> <OutPorts = 1>
ST_1 : Operation 23 [1/1] (1.76ns)   --->   "%add_ln273 = add i11 %i_1, i11 1" [serial_fft/fft_serial.cpp:273]   --->   Operation 23 'add' 'add_ln273' <Predicate = true> <Delay = 1.76> <CoreInst = "Adder">   --->   Core 1 'Adder' <Latency = 0> <II = 1> <Delay = 1.76> <FuncUnit> <Opcode : 'add' 'sub'> <InPorts = 2> <OutPorts = 1>
ST_1 : Operation 24 [1/1] (0.00ns)   --->   "%br_ln273 = br i1 %icmp_ln273, void %for.inc92.split, void %for.end94.exitStub" [serial_fft/fft_serial.cpp:273]   --->   Operation 24 'br' 'br_ln273' <Predicate = true> <Delay = 0.00>
ST_1 : Operation 25 [1/1] (0.00ns)   --->   "%zext_ln273 = zext i11 %i_1" [serial_fft/fft_serial.cpp:273]   --->   Operation 25 'zext' 'zext_ln273' <Predicate = (!icmp_ln273)> <Delay = 0.00>
ST_1 : Operation 26 [1/1] (0.00ns)   --->   "%trunc_ln273 = trunc i11 %i_1" [serial_fft/fft_serial.cpp:273]   --->   Operation 26 'trunc' 'trunc_ln273' <Predicate = (!icmp_ln273)> <Delay = 0.00>
ST_1 : Operation 27 [1/1] (0.00ns)   --->   "%lshr_ln3 = partselect i9 @_ssdm_op_PartSelect.i9.i11.i32.i32, i11 %i_1, i32 1, i32 9" [serial_fft/fft_serial.cpp:273]   --->   Operation 27 'partselect' 'lshr_ln3' <Predicate = (!icmp_ln273)> <Delay = 0.00>
ST_1 : Operation 28 [1/1] (0.00ns)   --->   "%zext_ln273_1 = zext i9 %lshr_ln3" [serial_fft/fft_serial.cpp:273]   --->   Operation 28 'zext' 'zext_ln273_1' <Predicate = (!icmp_ln273)> <Delay = 0.00>
ST_1 : Operation 29 [1/1] (0.00ns)   --->   "%re_addr = getelementptr i17 %re, i64 0, i64 %zext_ln273_1" [serial_fft/fft_serial.cpp:275]   --->   Operation 29 'getelementptr' 're_addr' <Predicate = (!icmp_ln273)> <Delay = 0.00>
ST_1 : Operation 30 [1/1] (0.00ns)   --->   "%re_1_addr = getelementptr i17 %re_1, i64 0, i64 %zext_ln273_1" [serial_fft/fft_serial.cpp:275]   --->   Operation 30 'getelementptr' 're_1_addr' <Predicate = (!icmp_ln273)> <Delay = 0.00>
ST_1 : Operation 31 [2/2] (2.77ns)   --->   "%re_load = load i9 %re_addr" [serial_fft/fft_serial.cpp:275]   --->   Operation 31 'load' 're_load' <Predicate = (!icmp_ln273)> <Delay = 2.77> <CoreInst = "RAM">   --->   Core 82 'RAM' <Latency = 1> <II = 1> <Delay = 2.77> <Storage> <Opcode : 'load' 'store'> <Ports = 2> <Width = 17> <Depth = 512> <RAM>
ST_1 : Operation 32 [2/2] (2.77ns)   --->   "%re_1_load = load i9 %re_1_addr" [serial_fft/fft_serial.cpp:275]   --->   Operation 32 'load' 're_1_load' <Predicate = (!icmp_ln273)> <Delay = 2.77> <CoreInst = "RAM">   --->   Core 82 'RAM' <Latency = 1> <II = 1> <Delay = 2.77> <Storage> <Opcode : 'load' 'store'> <Ports = 2> <Width = 17> <Depth = 512> <RAM>
ST_1 : Operation 33 [1/1] (2.97ns)   --->   "%add_ln275 = add i64 %zext_ln273, i64 %sext_ln273_cast" [serial_fft/fft_serial.cpp:275]   --->   Operation 33 'add' 'add_ln275' <Predicate = (!icmp_ln273)> <Delay = 2.97> <CoreInst = "Adder">   --->   Core 1 'Adder' <Latency = 0> <II = 1> <Delay = 2.97> <FuncUnit> <Opcode : 'add' 'sub'> <InPorts = 2> <OutPorts = 1>
ST_1 : Operation 34 [1/1] (0.00ns)   --->   "%AXI_OUT_addr = getelementptr i16 %AXI_OUT, i64 %add_ln275" [serial_fft/fft_serial.cpp:275]   --->   Operation 34 'getelementptr' 'AXI_OUT_addr' <Predicate = (!icmp_ln273)> <Delay = 0.00>
ST_1 : Operation 35 [1/1] (0.00ns)   --->   "%im_addr = getelementptr i17 %im, i64 0, i64 %zext_ln273_1" [serial_fft/fft_serial.cpp:276]   --->   Operation 35 'getelementptr' 'im_addr' <Predicate = (!icmp_ln273)> <Delay = 0.00>
ST_1 : Operation 36 [1/1] (0.00ns)   --->   "%im_1_addr = getelementptr i17 %im_1, i64 0, i64 %zext_ln273_1" [serial_fft/fft_serial.cpp:276]   --->   Operation 36 'getelementptr' 'im_1_addr' <Predicate = (!icmp_ln273)> <Delay = 0.00>
ST_1 : Operation 37 [2/2] (2.77ns)   --->   "%im_load = load i9 %im_addr" [serial_fft/fft_serial.cpp:276]   --->   Operation 37 'load' 'im_load' <Predicate = (!icmp_ln273)> <Delay = 2.77> <CoreInst = "RAM">   --->   Core 82 'RAM' <Latency = 1> <II = 1> <Delay = 2.77> <Storage> <Opcode : 'load' 'store'> <Ports = 2> <Width = 17> <Depth = 512> <RAM>
ST_1 : Operation 38 [2/2] (2.77ns)   --->   "%im_1_load = load i9 %im_1_addr" [serial_fft/fft_serial.cpp:276]   --->   Operation 38 'load' 'im_1_load' <Predicate = (!icmp_ln273)> <Delay = 2.77> <CoreInst = "RAM">   --->   Core 82 'RAM' <Latency = 1> <II = 1> <Delay = 2.77> <Storage> <Opcode : 'load' 'store'> <Ports = 2> <Width = 17> <Depth = 512> <RAM>
ST_1 : Operation 39 [1/1] (2.97ns)   --->   "%add_ln276 = add i64 %zext_ln273, i64 %sext_ln273_1_cast" [serial_fft/fft_serial.cpp:276]   --->   Operation 39 'add' 'add_ln276' <Predicate = (!icmp_ln273)> <Delay = 2.97> <CoreInst = "Adder">   --->   Core 1 'Adder' <Latency = 0> <II = 1> <Delay = 2.97> <FuncUnit> <Opcode : 'add' 'sub'> <InPorts = 2> <OutPorts = 1>
ST_1 : Operation 40 [1/1] (0.00ns)   --->   "%AXI_OUT_addr_1 = getelementptr i16 %AXI_OUT, i64 %add_ln276" [serial_fft/fft_serial.cpp:276]   --->   Operation 40 'getelementptr' 'AXI_OUT_addr_1' <Predicate = (!icmp_ln273)> <Delay = 0.00>
ST_1 : Operation 41 [1/1] (1.32ns)   --->   "%store_ln273 = store i11 %add_ln273, i11 %i" [serial_fft/fft_serial.cpp:273]   --->   Operation 41 'store' 'store_ln273' <Predicate = (!icmp_ln273)> <Delay = 1.32>

State 2 <SV = 1> <Delay = 7.30>
ST_2 : Operation 42 [1/2] (2.77ns)   --->   "%re_load = load i9 %re_addr" [serial_fft/fft_serial.cpp:275]   --->   Operation 42 'load' 're_load' <Predicate = (!icmp_ln273)> <Delay = 2.77> <CoreInst = "RAM">   --->   Core 82 'RAM' <Latency = 1> <II = 1> <Delay = 2.77> <Storage> <Opcode : 'load' 'store'> <Ports = 2> <Width = 17> <Depth = 512> <RAM>
ST_2 : Operation 43 [1/2] (2.77ns)   --->   "%re_1_load = load i9 %re_1_addr" [serial_fft/fft_serial.cpp:275]   --->   Operation 43 'load' 're_1_load' <Predicate = (!icmp_ln273)> <Delay = 2.77> <CoreInst = "RAM">   --->   Core 82 'RAM' <Latency = 1> <II = 1> <Delay = 2.77> <Storage> <Opcode : 'load' 'store'> <Ports = 2> <Width = 17> <Depth = 512> <RAM>
ST_2 : Operation 44 [1/1] (0.00ns)   --->   "%trunc_ln275 = trunc i17 %re_1_load" [serial_fft/fft_serial.cpp:275]   --->   Operation 44 'trunc' 'trunc_ln275' <Predicate = (!icmp_ln273 & trunc_ln273)> <Delay = 0.00>
ST_2 : Operation 45 [1/1] (0.00ns)   --->   "%trunc_ln275_1 = trunc i17 %re_load" [serial_fft/fft_serial.cpp:275]   --->   Operation 45 'trunc' 'trunc_ln275_1' <Predicate = (!icmp_ln273 & !trunc_ln273)> <Delay = 0.00>
ST_2 : Operation 46 [1/1] (1.06ns)   --->   "%select_ln275 = select i1 %trunc_ln273, i16 %trunc_ln275, i16 %trunc_ln275_1" [serial_fft/fft_serial.cpp:275]   --->   Operation 46 'select' 'select_ln275' <Predicate = (!icmp_ln273)> <Delay = 1.06> <CoreInst = "Sel">   --->   Core 73 'Sel' <Latency = 0> <II = 1> <Delay = 1.06> <FuncUnit> <Opcode : 'select'> <InPorts = 3> <OutPorts = 1>
ST_2 : Operation 47 [1/1] (7.30ns)   --->   "%AXI_OUT_addr_req = writereq i1 @_ssdm_op_WriteReq.m_axi.i16P1A, i16 %AXI_OUT_addr, i32 1" [serial_fft/fft_serial.cpp:275]   --->   Operation 47 'writereq' 'AXI_OUT_addr_req' <Predicate = (!icmp_ln273)> <Delay = 7.30> <CoreInst = "m_axi">   --->   Core 113 'm_axi' <Latency = 0> <II = 1> <Delay = 1.00> <Adapter> <Opcode : 'read' 'write' 'readreq' 'writereq' 'writeresp'>
ST_2 : Operation 48 [1/2] (2.77ns)   --->   "%im_load = load i9 %im_addr" [serial_fft/fft_serial.cpp:276]   --->   Operation 48 'load' 'im_load' <Predicate = (!icmp_ln273)> <Delay = 2.77> <CoreInst = "RAM">   --->   Core 82 'RAM' <Latency = 1> <II = 1> <Delay = 2.77> <Storage> <Opcode : 'load' 'store'> <Ports = 2> <Width = 17> <Depth = 512> <RAM>
ST_2 : Operation 49 [1/2] (2.77ns)   --->   "%im_1_load = load i9 %im_1_addr" [serial_fft/fft_serial.cpp:276]   --->   Operation 49 'load' 'im_1_load' <Predicate = (!icmp_ln273)> <Delay = 2.77> <CoreInst = "RAM">   --->   Core 82 'RAM' <Latency = 1> <II = 1> <Delay = 2.77> <Storage> <Opcode : 'load' 'store'> <Ports = 2> <Width = 17> <Depth = 512> <RAM>
ST_2 : Operation 50 [1/1] (0.00ns)   --->   "%trunc_ln276 = trunc i17 %im_1_load" [serial_fft/fft_serial.cpp:276]   --->   Operation 50 'trunc' 'trunc_ln276' <Predicate = (!icmp_ln273 & trunc_ln273)> <Delay = 0.00>
ST_2 : Operation 51 [1/1] (0.00ns)   --->   "%trunc_ln276_1 = trunc i17 %im_load" [serial_fft/fft_serial.cpp:276]   --->   Operation 51 'trunc' 'trunc_ln276_1' <Predicate = (!icmp_ln273 & !trunc_ln273)> <Delay = 0.00>
ST_2 : Operation 52 [1/1] (1.06ns)   --->   "%select_ln276 = select i1 %trunc_ln273, i16 %trunc_ln276, i16 %trunc_ln276_1" [serial_fft/fft_serial.cpp:276]   --->   Operation 52 'select' 'select_ln276' <Predicate = (!icmp_ln273)> <Delay = 1.06> <CoreInst = "Sel">   --->   Core 73 'Sel' <Latency = 0> <II = 1> <Delay = 1.06> <FuncUnit> <Opcode : 'select'> <InPorts = 3> <OutPorts = 1>

State 3 <SV = 2> <Delay = 7.30>
ST_3 : Operation 53 [1/1] (7.30ns)   --->   "%write_ln275 = write void @_ssdm_op_Write.m_axi.i16P1A, i16 %AXI_OUT_addr, i16 %select_ln275, i2 3" [serial_fft/fft_serial.cpp:275]   --->   Operation 53 'write' 'write_ln275' <Predicate = true> <Delay = 7.30> <CoreInst = "m_axi">   --->   Core 113 'm_axi' <Latency = 0> <II = 1> <Delay = 1.00> <Adapter> <Opcode : 'read' 'write' 'readreq' 'writereq' 'writeresp'>
ST_3 : Operation 54 [1/1] (7.30ns)   --->   "%AXI_OUT_addr_1_req = writereq i1 @_ssdm_op_WriteReq.m_axi.i16P1A, i16 %AXI_OUT_addr_1, i32 1" [serial_fft/fft_serial.cpp:276]   --->   Operation 54 'writereq' 'AXI_OUT_addr_1_req' <Predicate = true> <Delay = 7.30> <CoreInst = "m_axi">   --->   Core 113 'm_axi' <Latency = 0> <II = 1> <Delay = 1.00> <Adapter> <Opcode : 'read' 'write' 'readreq' 'writereq' 'writeresp'>

State 4 <SV = 3> <Delay = 7.30>
ST_4 : Operation 55 [5/5] (7.30ns)   --->   "%AXI_OUT_addr_resp = writeresp i1 @_ssdm_op_WriteResp.m_axi.i16P1A, i16 %AXI_OUT_addr" [serial_fft/fft_serial.cpp:275]   --->   Operation 55 'writeresp' 'AXI_OUT_addr_resp' <Predicate = true> <Delay = 7.30> <CoreInst = "m_axi">   --->   Core 113 'm_axi' <Latency = 0> <II = 1> <Delay = 1.00> <Adapter> <Opcode : 'read' 'write' 'readreq' 'writereq' 'writeresp'>
ST_4 : Operation 56 [1/1] (7.30ns)   --->   "%write_ln276 = write void @_ssdm_op_Write.m_axi.i16P1A, i16 %AXI_OUT_addr_1, i16 %select_ln276, i2 3" [serial_fft/fft_serial.cpp:276]   --->   Operation 56 'write' 'write_ln276' <Predicate = true> <Delay = 7.30> <CoreInst = "m_axi">   --->   Core 113 'm_axi' <Latency = 0> <II = 1> <Delay = 1.00> <Adapter> <Opcode : 'read' 'write' 'readreq' 'writereq' 'writeresp'>

State 5 <SV = 4> <Delay = 7.30>
ST_5 : Operation 57 [4/5] (7.30ns)   --->   "%AXI_OUT_addr_resp = writeresp i1 @_ssdm_op_WriteResp.m_axi.i16P1A, i16 %AXI_OUT_addr" [serial_fft/fft_serial.cpp:275]   --->   Operation 57 'writeresp' 'AXI_OUT_addr_resp' <Predicate = true> <Delay = 7.30> <CoreInst = "m_axi">   --->   Core 113 'm_axi' <Latency = 0> <II = 1> <Delay = 1.00> <Adapter> <Opcode : 'read' 'write' 'readreq' 'writereq' 'writeresp'>
ST_5 : Operation 58 [5/5] (7.30ns)   --->   "%AXI_OUT_addr_1_resp = writeresp i1 @_ssdm_op_WriteResp.m_axi.i16P1A, i16 %AXI_OUT_addr_1" [serial_fft/fft_serial.cpp:276]   --->   Operation 58 'writeresp' 'AXI_OUT_addr_1_resp' <Predicate = true> <Delay = 7.30> <CoreInst = "m_axi">   --->   Core 113 'm_axi' <Latency = 0> <II = 1> <Delay = 1.00> <Adapter> <Opcode : 'read' 'write' 'readreq' 'writereq' 'writeresp'>

State 6 <SV = 5> <Delay = 7.30>
ST_6 : Operation 59 [3/5] (7.30ns)   --->   "%AXI_OUT_addr_resp = writeresp i1 @_ssdm_op_WriteResp.m_axi.i16P1A, i16 %AXI_OUT_addr" [serial_fft/fft_serial.cpp:275]   --->   Operation 59 'writeresp' 'AXI_OUT_addr_resp' <Predicate = true> <Delay = 7.30> <CoreInst = "m_axi">   --->   Core 113 'm_axi' <Latency = 0> <II = 1> <Delay = 1.00> <Adapter> <Opcode : 'read' 'write' 'readreq' 'writereq' 'writeresp'>
ST_6 : Operation 60 [4/5] (7.30ns)   --->   "%AXI_OUT_addr_1_resp = writeresp i1 @_ssdm_op_WriteResp.m_axi.i16P1A, i16 %AXI_OUT_addr_1" [serial_fft/fft_serial.cpp:276]   --->   Operation 60 'writeresp' 'AXI_OUT_addr_1_resp' <Predicate = true> <Delay = 7.30> <CoreInst = "m_axi">   --->   Core 113 'm_axi' <Latency = 0> <II = 1> <Delay = 1.00> <Adapter> <Opcode : 'read' 'write' 'readreq' 'writereq' 'writeresp'>

State 7 <SV = 6> <Delay = 7.30>
ST_7 : Operation 61 [2/5] (7.30ns)   --->   "%AXI_OUT_addr_resp = writeresp i1 @_ssdm_op_WriteResp.m_axi.i16P1A, i16 %AXI_OUT_addr" [serial_fft/fft_serial.cpp:275]   --->   Operation 61 'writeresp' 'AXI_OUT_addr_resp' <Predicate = true> <Delay = 7.30> <CoreInst = "m_axi">   --->   Core 113 'm_axi' <Latency = 0> <II = 1> <Delay = 1.00> <Adapter> <Opcode : 'read' 'write' 'readreq' 'writereq' 'writeresp'>
ST_7 : Operation 62 [3/5] (7.30ns)   --->   "%AXI_OUT_addr_1_resp = writeresp i1 @_ssdm_op_WriteResp.m_axi.i16P1A, i16 %AXI_OUT_addr_1" [serial_fft/fft_serial.cpp:276]   --->   Operation 62 'writeresp' 'AXI_OUT_addr_1_resp' <Predicate = true> <Delay = 7.30> <CoreInst = "m_axi">   --->   Core 113 'm_axi' <Latency = 0> <II = 1> <Delay = 1.00> <Adapter> <Opcode : 'read' 'write' 'readreq' 'writereq' 'writeresp'>
ST_7 : Operation 70 [1/1] (0.00ns)   --->   "%ret_ln0 = ret"   --->   Operation 70 'ret' 'ret_ln0' <Predicate = (icmp_ln273)> <Delay = 0.00>

State 8 <SV = 7> <Delay = 7.30>
ST_8 : Operation 63 [1/5] (7.30ns)   --->   "%AXI_OUT_addr_resp = writeresp i1 @_ssdm_op_WriteResp.m_axi.i16P1A, i16 %AXI_OUT_addr" [serial_fft/fft_serial.cpp:275]   --->   Operation 63 'writeresp' 'AXI_OUT_addr_resp' <Predicate = true> <Delay = 7.30> <CoreInst = "m_axi">   --->   Core 113 'm_axi' <Latency = 0> <II = 1> <Delay = 1.00> <Adapter> <Opcode : 'read' 'write' 'readreq' 'writereq' 'writeresp'>
ST_8 : Operation 64 [2/5] (7.30ns)   --->   "%AXI_OUT_addr_1_resp = writeresp i1 @_ssdm_op_WriteResp.m_axi.i16P1A, i16 %AXI_OUT_addr_1" [serial_fft/fft_serial.cpp:276]   --->   Operation 64 'writeresp' 'AXI_OUT_addr_1_resp' <Predicate = true> <Delay = 7.30> <CoreInst = "m_axi">   --->   Core 113 'm_axi' <Latency = 0> <II = 1> <Delay = 1.00> <Adapter> <Opcode : 'read' 'write' 'readreq' 'writereq' 'writeresp'>

State 9 <SV = 8> <Delay = 7.30>
ST_9 : Operation 65 [1/1] (0.00ns)   --->   "%specpipeline_ln274 = specpipeline void @_ssdm_op_SpecPipeline, i32 1, i32 0, i32 0, i32 0, void @empty_36" [serial_fft/fft_serial.cpp:274]   --->   Operation 65 'specpipeline' 'specpipeline_ln274' <Predicate = true> <Delay = 0.00>
ST_9 : Operation 66 [1/1] (0.00ns)   --->   "%speclooptripcount_ln273 = speclooptripcount void @_ssdm_op_SpecLoopTripCount, i64 1024, i64 1024, i64 1024" [serial_fft/fft_serial.cpp:273]   --->   Operation 66 'speclooptripcount' 'speclooptripcount_ln273' <Predicate = true> <Delay = 0.00>
ST_9 : Operation 67 [1/1] (0.00ns)   --->   "%specloopname_ln273 = specloopname void @_ssdm_op_SpecLoopName, void @empty_50" [serial_fft/fft_serial.cpp:273]   --->   Operation 67 'specloopname' 'specloopname_ln273' <Predicate = true> <Delay = 0.00>
ST_9 : Operation 68 [1/5] (7.30ns)   --->   "%AXI_OUT_addr_1_resp = writeresp i1 @_ssdm_op_WriteResp.m_axi.i16P1A, i16 %AXI_OUT_addr_1" [serial_fft/fft_serial.cpp:276]   --->   Operation 68 'writeresp' 'AXI_OUT_addr_1_resp' <Predicate = true> <Delay = 7.30> <CoreInst = "m_axi">   --->   Core 113 'm_axi' <Latency = 0> <II = 1> <Delay = 1.00> <Adapter> <Opcode : 'read' 'write' 'readreq' 'writereq' 'writeresp'>
ST_9 : Operation 69 [1/1] (0.00ns)   --->   "%br_ln273 = br void %for.inc92" [serial_fft/fft_serial.cpp:273]   --->   Operation 69 'br' 'br_ln273' <Predicate = true> <Delay = 0.00>


============================================================
+ Verbose Summary: Binding
============================================================
STG Binding: 
---------------- STG Properties BEGIN ----------------
- Is combinational: 0
- Is one-state seq: 0
- Is datapath-only: 0
- Is pipelined: 0
- Is top level: 0
Port [ Return ] is wired: 1; IO mode=ap_ctrl_hs:ce=0
Port [ AXI_OUT]:  wired=1; compound=1; hidden=0; nouse=0; global=0; static=0; extern=0; dir=1; type=4; pingpong=0; private_global=0; IO mode=m_axi:ce=0
Port [ re]:  wired=1; compound=1; hidden=0; nouse=0; global=0; static=0; extern=0; dir=0; type=1; pingpong=0; private_global=0; MemPort=[13]; IO mode=ap_memory:ce=0
Port [ re_1]:  wired=1; compound=1; hidden=0; nouse=0; global=0; static=0; extern=0; dir=0; type=1; pingpong=0; private_global=0; MemPort=[13]; IO mode=ap_memory:ce=0
Port [ sext_ln273]:  wired=1; compound=0; hidden=0; nouse=0; global=0; static=0; extern=0; dir=0; type=0; pingpong=0; private_global=0; IO mode=ap_none:ce=0
Port [ im]:  wired=1; compound=1; hidden=0; nouse=0; global=0; static=0; extern=0; dir=0; type=1; pingpong=0; private_global=0; MemPort=[13]; IO mode=ap_memory:ce=0
Port [ im_1]:  wired=1; compound=1; hidden=0; nouse=0; global=0; static=0; extern=0; dir=0; type=1; pingpong=0; private_global=0; MemPort=[13]; IO mode=ap_memory:ce=0
Port [ sext_ln273_1]:  wired=1; compound=0; hidden=0; nouse=0; global=0; static=0; extern=0; dir=0; type=0; pingpong=0; private_global=0; IO mode=ap_none:ce=0
---------------- STG Properties END ------------------

---------------- Datapath Model BEGIN ----------------

<LifeTime>
<method=bitvector/>
i                       (alloca           ) [ 0100000000]
sext_ln273_1_read       (read             ) [ 0000000000]
sext_ln273_read         (read             ) [ 0000000000]
sext_ln273_1_cast       (sext             ) [ 0000000000]
sext_ln273_cast         (sext             ) [ 0000000000]
specinterface_ln0       (specinterface    ) [ 0000000000]
store_ln273             (store            ) [ 0000000000]
br_ln0                  (br               ) [ 0000000000]
i_1                     (load             ) [ 0000000000]
specbitsmap_ln0         (specbitsmap      ) [ 0000000000]
icmp_ln273              (icmp             ) [ 0111111100]
add_ln273               (add              ) [ 0000000000]
br_ln273                (br               ) [ 0000000000]
zext_ln273              (zext             ) [ 0000000000]
trunc_ln273             (trunc            ) [ 0010000000]
lshr_ln3                (partselect       ) [ 0000000000]
zext_ln273_1            (zext             ) [ 0000000000]
re_addr                 (getelementptr    ) [ 0010000000]
re_1_addr               (getelementptr    ) [ 0010000000]
add_ln275               (add              ) [ 0000000000]
AXI_OUT_addr            (getelementptr    ) [ 0111111110]
im_addr                 (getelementptr    ) [ 0010000000]
im_1_addr               (getelementptr    ) [ 0010000000]
add_ln276               (add              ) [ 0000000000]
AXI_OUT_addr_1          (getelementptr    ) [ 0111111111]
store_ln273             (store            ) [ 0000000000]
re_load                 (load             ) [ 0000000000]
re_1_load               (load             ) [ 0000000000]
trunc_ln275             (trunc            ) [ 0000000000]
trunc_ln275_1           (trunc            ) [ 0000000000]
select_ln275            (select           ) [ 0101000000]
AXI_OUT_addr_req        (writereq         ) [ 0000000000]
im_load                 (load             ) [ 0000000000]
im_1_load               (load             ) [ 0000000000]
trunc_ln276             (trunc            ) [ 0000000000]
trunc_ln276_1           (trunc            ) [ 0000000000]
select_ln276            (select           ) [ 0111100000]
write_ln275             (write            ) [ 0000000000]
AXI_OUT_addr_1_req      (writereq         ) [ 0000000000]
write_ln276             (write            ) [ 0000000000]
AXI_OUT_addr_resp       (writeresp        ) [ 0000000000]
specpipeline_ln274      (specpipeline     ) [ 0000000000]
speclooptripcount_ln273 (speclooptripcount) [ 0000000000]
specloopname_ln273      (specloopname     ) [ 0000000000]
AXI_OUT_addr_1_resp     (writeresp        ) [ 0000000000]
br_ln273                (br               ) [ 0000000000]
ret_ln0                 (ret              ) [ 0000000000]
</LifeTime>

<model>

<comp_list>
<comp id="0" class="1000" name="AXI_OUT">
<pin_list>
<pin id="1" dir="1" index="0" bw="1" slack="0"/>
</pin_list>
<bind>
<StgValue><ssdm name="AXI_OUT"/></StgValue>
</bind>
</comp>

<comp id="2" class="1000" name="re">
<pin_list>
<pin id="3" dir="1" index="0" bw="1" slack="0"/>
</pin_list>
<bind>
<StgValue><ssdm name="re"/><MemPortTyVec>1 3 </MemPortTyVec>
</StgValue>
</bind>
</comp>

<comp id="4" class="1000" name="re_1">
<pin_list>
<pin id="5" dir="1" index="0" bw="1" slack="0"/>
</pin_list>
<bind>
<StgValue><ssdm name="re_1"/><MemPortTyVec>1 3 </MemPortTyVec>
</StgValue>
</bind>
</comp>

<comp id="6" class="1000" name="sext_ln273">
<pin_list>
<pin id="7" dir="1" index="0" bw="1" slack="0"/>
</pin_list>
<bind>
<StgValue><ssdm name="sext_ln273"/></StgValue>
</bind>
</comp>

<comp id="8" class="1000" name="im">
<pin_list>
<pin id="9" dir="1" index="0" bw="1" slack="0"/>
</pin_list>
<bind>
<StgValue><ssdm name="im"/><MemPortTyVec>1 3 </MemPortTyVec>
</StgValue>
</bind>
</comp>

<comp id="10" class="1000" name="im_1">
<pin_list>
<pin id="11" dir="1" index="0" bw="1" slack="0"/>
</pin_list>
<bind>
<StgValue><ssdm name="im_1"/><MemPortTyVec>1 3 </MemPortTyVec>
</StgValue>
</bind>
</comp>

<comp id="12" class="1000" name="sext_ln273_1">
<pin_list>
<pin id="13" dir="1" index="0" bw="1" slack="0"/>
</pin_list>
<bind>
<StgValue><ssdm name="sext_ln273_1"/></StgValue>
</bind>
</comp>

<comp id="14" class="1001" name="const_14">
<pin_list>
<pin id="15" dir="1" index="0" bw="1" slack="0"/>
</pin_list>
<bind>
<StgValue><ssdm name=""/></StgValue>
</bind>
</comp>

<comp id="16" class="1001" name="const_16">
<pin_list>
<pin id="17" dir="1" index="0" bw="1" slack="0"/>
</pin_list>
<bind>
<StgValue><ssdm name="_ssdm_op_Read.ap_auto.i63"/></StgValue>
</bind>
</comp>

<comp id="18" class="1001" name="const_18">
<pin_list>
<pin id="19" dir="1" index="0" bw="1" slack="2147483647"/>
</pin_list>
<bind>
<StgValue><ssdm name="_ssdm_op_SpecInterface"/></StgValue>
</bind>
</comp>

<comp id="20" class="1001" name="const_20">
<pin_list>
<pin id="21" dir="1" index="0" bw="1" slack="2147483647"/>
</pin_list>
<bind>
<StgValue><ssdm name="empty_35"/></StgValue>
</bind>
</comp>

<comp id="22" class="1001" name="const_22">
<pin_list>
<pin id="23" dir="1" index="0" bw="1" slack="2147483647"/>
</pin_list>
<bind>
<StgValue><ssdm name=""/></StgValue>
</bind>
</comp>

<comp id="24" class="1001" name="const_24">
<pin_list>
<pin id="25" dir="1" index="0" bw="1" slack="2147483647"/>
</pin_list>
<bind>
<StgValue><ssdm name="empty_36"/></StgValue>
</bind>
</comp>

<comp id="26" class="1001" name="const_26">
<pin_list>
<pin id="27" dir="1" index="0" bw="1" slack="2147483647"/>
</pin_list>
<bind>
<StgValue><ssdm name="empty_46"/></StgValue>
</bind>
</comp>

<comp id="28" class="1001" name="const_28">
<pin_list>
<pin id="29" dir="1" index="0" bw="1" slack="2147483647"/>
</pin_list>
<bind>
<StgValue><ssdm name="empty_38"/></StgValue>
</bind>
</comp>

<comp id="30" class="1001" name="const_30">
<pin_list>
<pin id="31" dir="1" index="0" bw="1" slack="2147483647"/>
</pin_list>
<bind>
<StgValue><ssdm name=""/></StgValue>
</bind>
</comp>

<comp id="32" class="1001" name="const_32">
<pin_list>
<pin id="33" dir="1" index="0" bw="1" slack="2147483647"/>
</pin_list>
<bind>
<StgValue><ssdm name=""/></StgValue>
</bind>
</comp>

<comp id="34" class="1001" name="const_34">
<pin_list>
<pin id="35" dir="1" index="0" bw="1" slack="0"/>
</pin_list>
<bind>
<StgValue><ssdm name=""/></StgValue>
</bind>
</comp>

<comp id="36" class="1001" name="const_36">
<pin_list>
<pin id="37" dir="1" index="0" bw="1" slack="2147483647"/>
</pin_list>
<bind>
<StgValue><ssdm name="_ssdm_op_SpecBitsMap"/></StgValue>
</bind>
</comp>

<comp id="38" class="1001" name="const_38">
<pin_list>
<pin id="39" dir="1" index="0" bw="1" slack="0"/>
</pin_list>
<bind>
<StgValue><ssdm name=""/></StgValue>
</bind>
</comp>

<comp id="40" class="1001" name="const_40">
<pin_list>
<pin id="41" dir="1" index="0" bw="1" slack="0"/>
</pin_list>
<bind>
<StgValue><ssdm name=""/></StgValue>
</bind>
</comp>

<comp id="42" class="1001" name="const_42">
<pin_list>
<pin id="43" dir="1" index="0" bw="1" slack="0"/>
</pin_list>
<bind>
<StgValue><ssdm name="_ssdm_op_PartSelect.i9.i11.i32.i32"/></StgValue>
</bind>
</comp>

<comp id="44" class="1001" name="const_44">
<pin_list>
<pin id="45" dir="1" index="0" bw="1" slack="0"/>
</pin_list>
<bind>
<StgValue><ssdm name=""/></StgValue>
</bind>
</comp>

<comp id="46" class="1001" name="const_46">
<pin_list>
<pin id="47" dir="1" index="0" bw="1" slack="0"/>
</pin_list>
<bind>
<StgValue><ssdm name=""/></StgValue>
</bind>
</comp>

<comp id="48" class="1001" name="const_48">
<pin_list>
<pin id="49" dir="1" index="0" bw="1" slack="0"/>
</pin_list>
<bind>
<StgValue><ssdm name="_ssdm_op_WriteReq.m_axi.i16P1A"/></StgValue>
</bind>
</comp>

<comp id="50" class="1001" name="const_50">
<pin_list>
<pin id="51" dir="1" index="0" bw="1" slack="0"/>
</pin_list>
<bind>
<StgValue><ssdm name="_ssdm_op_Write.m_axi.i16P1A"/></StgValue>
</bind>
</comp>

<comp id="52" class="1001" name="const_52">
<pin_list>
<pin id="53" dir="1" index="0" bw="1" slack="0"/>
</pin_list>
<bind>
<StgValue><ssdm name=""/></StgValue>
</bind>
</comp>

<comp id="54" class="1001" name="const_54">
<pin_list>
<pin id="55" dir="1" index="0" bw="1" slack="0"/>
</pin_list>
<bind>
<StgValue><ssdm name="_ssdm_op_WriteResp.m_axi.i16P1A"/></StgValue>
</bind>
</comp>

<comp id="56" class="1001" name="const_56">
<pin_list>
<pin id="57" dir="1" index="0" bw="1" slack="2147483647"/>
</pin_list>
<bind>
<StgValue><ssdm name="_ssdm_op_SpecPipeline"/></StgValue>
</bind>
</comp>

<comp id="58" class="1001" name="const_58">
<pin_list>
<pin id="59" dir="1" index="0" bw="1" slack="2147483647"/>
</pin_list>
<bind>
<StgValue><ssdm name="_ssdm_op_SpecLoopTripCount"/></StgValue>
</bind>
</comp>

<comp id="60" class="1001" name="const_60">
<pin_list>
<pin id="61" dir="1" index="0" bw="1" slack="2147483647"/>
</pin_list>
<bind>
<StgValue><ssdm name=""/></StgValue>
</bind>
</comp>

<comp id="62" class="1001" name="const_62">
<pin_list>
<pin id="63" dir="1" index="0" bw="1" slack="2147483647"/>
</pin_list>
<bind>
<StgValue><ssdm name="_ssdm_op_SpecLoopName"/></StgValue>
</bind>
</comp>

<comp id="64" class="1001" name="const_64">
<pin_list>
<pin id="65" dir="1" index="0" bw="1" slack="2147483647"/>
</pin_list>
<bind>
<StgValue><ssdm name="empty_50"/></StgValue>
</bind>
</comp>

<comp id="66" class="1004" name="i_fu_66">
<pin_list>
<pin id="67" dir="0" index="0" bw="1" slack="0"/>
<pin id="68" dir="1" index="1" bw="11" slack="0"/>
</pin_list>
<bind>
<opcode="alloca(26) " fcode="alloca"/>
<opset="i/1 "/>
</bind>
</comp>

<comp id="70" class="1004" name="sext_ln273_1_read_read_fu_70">
<pin_list>
<pin id="71" dir="0" index="0" bw="63" slack="0"/>
<pin id="72" dir="0" index="1" bw="63" slack="0"/>
<pin id="73" dir="1" index="2" bw="63" slack="0"/>
</pin_list>
<bind>
<opcode="read(1150) " fcode="read"/>
<opset="sext_ln273_1_read/1 "/>
</bind>
</comp>

<comp id="76" class="1004" name="sext_ln273_read_read_fu_76">
<pin_list>
<pin id="77" dir="0" index="0" bw="63" slack="0"/>
<pin id="78" dir="0" index="1" bw="63" slack="0"/>
<pin id="79" dir="1" index="2" bw="63" slack="0"/>
</pin_list>
<bind>
<opcode="read(1150) " fcode="read"/>
<opset="sext_ln273_read/1 "/>
</bind>
</comp>

<comp id="82" class="1004" name="grp_writeresp_fu_82">
<pin_list>
<pin id="83" dir="0" index="0" bw="1" slack="0"/>
<pin id="84" dir="0" index="1" bw="16" slack="1"/>
<pin id="85" dir="0" index="2" bw="1" slack="0"/>
<pin id="86" dir="1" index="3" bw="1" slack="2147483647"/>
</pin_list>
<bind>
<opcode="writereq(1155) writeresp(1158) " fcode="writeresp"/>
<opset="AXI_OUT_addr_req/2 AXI_OUT_addr_resp/4 "/>
</bind>
</comp>

<comp id="89" class="1004" name="write_ln275_write_fu_89">
<pin_list>
<pin id="90" dir="0" index="0" bw="0" slack="0"/>
<pin id="91" dir="0" index="1" bw="16" slack="2"/>
<pin id="92" dir="0" index="2" bw="16" slack="1"/>
<pin id="93" dir="0" index="3" bw="1" slack="0"/>
<pin id="94" dir="1" index="4" bw="0" slack="2147483647"/>
</pin_list>
<bind>
<opcode="write(1151) " fcode="write"/>
<opset="write_ln275/3 "/>
</bind>
</comp>

<comp id="97" class="1004" name="grp_writeresp_fu_97">
<pin_list>
<pin id="98" dir="0" index="0" bw="1" slack="0"/>
<pin id="99" dir="0" index="1" bw="16" slack="2"/>
<pin id="100" dir="0" index="2" bw="1" slack="0"/>
<pin id="101" dir="1" index="3" bw="1" slack="2147483647"/>
</pin_list>
<bind>
<opcode="writereq(1155) writeresp(1158) " fcode="writeresp"/>
<opset="AXI_OUT_addr_1_req/3 AXI_OUT_addr_1_resp/5 "/>
</bind>
</comp>

<comp id="105" class="1004" name="write_ln276_write_fu_105">
<pin_list>
<pin id="106" dir="0" index="0" bw="0" slack="0"/>
<pin id="107" dir="0" index="1" bw="16" slack="3"/>
<pin id="108" dir="0" index="2" bw="16" slack="2"/>
<pin id="109" dir="0" index="3" bw="1" slack="0"/>
<pin id="110" dir="1" index="4" bw="0" slack="2147483647"/>
</pin_list>
<bind>
<opcode="write(1151) " fcode="write"/>
<opset="write_ln276/4 "/>
</bind>
</comp>

<comp id="114" class="1004" name="re_addr_gep_fu_114">
<pin_list>
<pin id="115" dir="0" index="0" bw="17" slack="0"/>
<pin id="116" dir="0" index="1" bw="1" slack="0"/>
<pin id="117" dir="0" index="2" bw="9" slack="0"/>
<pin id="118" dir="1" index="3" bw="9" slack="0"/>
</pin_list>
<bind>
<opcode="getelementptr(29) " fcode="getelementptr"/>
<opset="re_addr/1 "/>
</bind>
</comp>

<comp id="121" class="1004" name="re_1_addr_gep_fu_121">
<pin_list>
<pin id="122" dir="0" index="0" bw="17" slack="0"/>
<pin id="123" dir="0" index="1" bw="1" slack="0"/>
<pin id="124" dir="0" index="2" bw="9" slack="0"/>
<pin id="125" dir="1" index="3" bw="9" slack="0"/>
</pin_list>
<bind>
<opcode="getelementptr(29) " fcode="getelementptr"/>
<opset="re_1_addr/1 "/>
</bind>
</comp>

<comp id="128" class="1004" name="grp_access_fu_128">
<pin_list>
<pin id="129" dir="0" index="0" bw="9" slack="0"/>
<pin id="130" dir="0" index="1" bw="17" slack="2147483647"/>
<pin id="131" dir="0" index="2" bw="0" slack="2147483647"/>
<pin id="132" dir="1" index="3" bw="17" slack="0"/>
</pin_list>
<bind>
<opcode="load(27) " fcode="load"/>
<opset="re_load/1 "/>
</bind>
</comp>

<comp id="134" class="1004" name="grp_access_fu_134">
<pin_list>
<pin id="135" dir="0" index="0" bw="9" slack="0"/>
<pin id="136" dir="0" index="1" bw="17" slack="2147483647"/>
<pin id="137" dir="0" index="2" bw="0" slack="2147483647"/>
<pin id="138" dir="1" index="3" bw="17" slack="0"/>
</pin_list>
<bind>
<opcode="load(27) " fcode="load"/>
<opset="re_1_load/1 "/>
</bind>
</comp>

<comp id="140" class="1004" name="im_addr_gep_fu_140">
<pin_list>
<pin id="141" dir="0" index="0" bw="17" slack="0"/>
<pin id="142" dir="0" index="1" bw="1" slack="0"/>
<pin id="143" dir="0" index="2" bw="9" slack="0"/>
<pin id="144" dir="1" index="3" bw="9" slack="0"/>
</pin_list>
<bind>
<opcode="getelementptr(29) " fcode="getelementptr"/>
<opset="im_addr/1 "/>
</bind>
</comp>

<comp id="147" class="1004" name="im_1_addr_gep_fu_147">
<pin_list>
<pin id="148" dir="0" index="0" bw="17" slack="0"/>
<pin id="149" dir="0" index="1" bw="1" slack="0"/>
<pin id="150" dir="0" index="2" bw="9" slack="0"/>
<pin id="151" dir="1" index="3" bw="9" slack="0"/>
</pin_list>
<bind>
<opcode="getelementptr(29) " fcode="getelementptr"/>
<opset="im_1_addr/1 "/>
</bind>
</comp>

<comp id="154" class="1004" name="grp_access_fu_154">
<pin_list>
<pin id="155" dir="0" index="0" bw="9" slack="0"/>
<pin id="156" dir="0" index="1" bw="17" slack="2147483647"/>
<pin id="157" dir="0" index="2" bw="0" slack="2147483647"/>
<pin id="158" dir="1" index="3" bw="17" slack="0"/>
</pin_list>
<bind>
<opcode="load(27) " fcode="load"/>
<opset="im_load/1 "/>
</bind>
</comp>

<comp id="160" class="1004" name="grp_access_fu_160">
<pin_list>
<pin id="161" dir="0" index="0" bw="9" slack="0"/>
<pin id="162" dir="0" index="1" bw="17" slack="2147483647"/>
<pin id="163" dir="0" index="2" bw="0" slack="2147483647"/>
<pin id="164" dir="1" index="3" bw="17" slack="0"/>
</pin_list>
<bind>
<opcode="load(27) " fcode="load"/>
<opset="im_1_load/1 "/>
</bind>
</comp>

<comp id="166" class="1004" name="sext_ln273_1_cast_fu_166">
<pin_list>
<pin id="167" dir="0" index="0" bw="63" slack="0"/>
<pin id="168" dir="1" index="1" bw="64" slack="0"/>
</pin_list>
<bind>
<opcode="sext(35) " fcode="sext"/>
<opset="sext_ln273_1_cast/1 "/>
</bind>
</comp>

<comp id="170" class="1004" name="sext_ln273_cast_fu_170">
<pin_list>
<pin id="171" dir="0" index="0" bw="63" slack="0"/>
<pin id="172" dir="1" index="1" bw="64" slack="0"/>
</pin_list>
<bind>
<opcode="sext(35) " fcode="sext"/>
<opset="sext_ln273_cast/1 "/>
</bind>
</comp>

<comp id="174" class="1004" name="store_ln273_store_fu_174">
<pin_list>
<pin id="175" dir="0" index="0" bw="1" slack="0"/>
<pin id="176" dir="0" index="1" bw="11" slack="0"/>
<pin id="177" dir="1" index="2" bw="0" slack="2147483647"/>
</pin_list>
<bind>
<opcode="store(28) " fcode="store"/>
<opset="store_ln273/1 "/>
</bind>
</comp>

<comp id="179" class="1004" name="i_1_load_fu_179">
<pin_list>
<pin id="180" dir="0" index="0" bw="11" slack="0"/>
<pin id="181" dir="1" index="1" bw="11" slack="0"/>
</pin_list>
<bind>
<opcode="load(27) " fcode="load"/>
<opset="i_1/1 "/>
</bind>
</comp>

<comp id="182" class="1004" name="icmp_ln273_fu_182">
<pin_list>
<pin id="183" dir="0" index="0" bw="11" slack="0"/>
<pin id="184" dir="0" index="1" bw="11" slack="0"/>
<pin id="185" dir="1" index="2" bw="1" slack="1"/>
</pin_list>
<bind>
<opcode="icmp(45) " fcode="icmp"/>
<opset="icmp_ln273/1 "/>
</bind>
</comp>

<comp id="188" class="1004" name="add_ln273_fu_188">
<pin_list>
<pin id="189" dir="0" index="0" bw="11" slack="0"/>
<pin id="190" dir="0" index="1" bw="1" slack="0"/>
<pin id="191" dir="1" index="2" bw="11" slack="0"/>
</pin_list>
<bind>
<opcode="add(8) " fcode="add"/>
<opset="add_ln273/1 "/>
</bind>
</comp>

<comp id="194" class="1004" name="zext_ln273_fu_194">
<pin_list>
<pin id="195" dir="0" index="0" bw="11" slack="0"/>
<pin id="196" dir="1" index="1" bw="64" slack="0"/>
</pin_list>
<bind>
<opcode="zext(34) " fcode="zext"/>
<opset="zext_ln273/1 "/>
</bind>
</comp>

<comp id="198" class="1004" name="trunc_ln273_fu_198">
<pin_list>
<pin id="199" dir="0" index="0" bw="11" slack="0"/>
<pin id="200" dir="1" index="1" bw="1" slack="1"/>
</pin_list>
<bind>
<opcode="trunc(33) " fcode="trunc"/>
<opset="trunc_ln273/1 "/>
</bind>
</comp>

<comp id="202" class="1004" name="lshr_ln3_fu_202">
<pin_list>
<pin id="203" dir="0" index="0" bw="9" slack="0"/>
<pin id="204" dir="0" index="1" bw="11" slack="0"/>
<pin id="205" dir="0" index="2" bw="1" slack="0"/>
<pin id="206" dir="0" index="3" bw="5" slack="0"/>
<pin id="207" dir="1" index="4" bw="9" slack="0"/>
</pin_list>
<bind>
<opcode="partselect(1002) " fcode="partselect"/>
<opset="lshr_ln3/1 "/>
</bind>
</comp>

<comp id="212" class="1004" name="zext_ln273_1_fu_212">
<pin_list>
<pin id="213" dir="0" index="0" bw="9" slack="0"/>
<pin id="214" dir="1" index="1" bw="64" slack="0"/>
</pin_list>
<bind>
<opcode="zext(34) " fcode="zext"/>
<opset="zext_ln273_1/1 "/>
</bind>
</comp>

<comp id="220" class="1004" name="add_ln275_fu_220">
<pin_list>
<pin id="221" dir="0" index="0" bw="11" slack="0"/>
<pin id="222" dir="0" index="1" bw="63" slack="0"/>
<pin id="223" dir="1" index="2" bw="64" slack="0"/>
</pin_list>
<bind>
<opcode="add(8) " fcode="add"/>
<opset="add_ln275/1 "/>
</bind>
</comp>

<comp id="226" class="1004" name="AXI_OUT_addr_fu_226">
<pin_list>
<pin id="227" dir="0" index="0" bw="16" slack="0"/>
<pin id="228" dir="0" index="1" bw="64" slack="0"/>
<pin id="229" dir="1" index="2" bw="16" slack="1"/>
</pin_list>
<bind>
<opcode="getelementptr(29) " fcode="getelementptr"/>
<opset="AXI_OUT_addr/1 "/>
</bind>
</comp>

<comp id="232" class="1004" name="add_ln276_fu_232">
<pin_list>
<pin id="233" dir="0" index="0" bw="11" slack="0"/>
<pin id="234" dir="0" index="1" bw="63" slack="0"/>
<pin id="235" dir="1" index="2" bw="64" slack="0"/>
</pin_list>
<bind>
<opcode="add(8) " fcode="add"/>
<opset="add_ln276/1 "/>
</bind>
</comp>

<comp id="238" class="1004" name="AXI_OUT_addr_1_fu_238">
<pin_list>
<pin id="239" dir="0" index="0" bw="16" slack="0"/>
<pin id="240" dir="0" index="1" bw="64" slack="0"/>
<pin id="241" dir="1" index="2" bw="16" slack="2"/>
</pin_list>
<bind>
<opcode="getelementptr(29) " fcode="getelementptr"/>
<opset="AXI_OUT_addr_1/1 "/>
</bind>
</comp>

<comp id="244" class="1004" name="store_ln273_store_fu_244">
<pin_list>
<pin id="245" dir="0" index="0" bw="11" slack="0"/>
<pin id="246" dir="0" index="1" bw="11" slack="0"/>
<pin id="247" dir="1" index="2" bw="0" slack="2147483647"/>
</pin_list>
<bind>
<opcode="store(28) " fcode="store"/>
<opset="store_ln273/1 "/>
</bind>
</comp>

<comp id="249" class="1004" name="trunc_ln275_fu_249">
<pin_list>
<pin id="250" dir="0" index="0" bw="17" slack="0"/>
<pin id="251" dir="1" index="1" bw="16" slack="0"/>
</pin_list>
<bind>
<opcode="trunc(33) " fcode="trunc"/>
<opset="trunc_ln275/2 "/>
</bind>
</comp>

<comp id="253" class="1004" name="trunc_ln275_1_fu_253">
<pin_list>
<pin id="254" dir="0" index="0" bw="17" slack="0"/>
<pin id="255" dir="1" index="1" bw="16" slack="0"/>
</pin_list>
<bind>
<opcode="trunc(33) " fcode="trunc"/>
<opset="trunc_ln275_1/2 "/>
</bind>
</comp>

<comp id="257" class="1004" name="select_ln275_fu_257">
<pin_list>
<pin id="258" dir="0" index="0" bw="1" slack="1"/>
<pin id="259" dir="0" index="1" bw="16" slack="0"/>
<pin id="260" dir="0" index="2" bw="16" slack="0"/>
<pin id="261" dir="1" index="3" bw="16" slack="1"/>
</pin_list>
<bind>
<opcode="select(49) " fcode="select"/>
<opset="select_ln275/2 "/>
</bind>
</comp>

<comp id="264" class="1004" name="trunc_ln276_fu_264">
<pin_list>
<pin id="265" dir="0" index="0" bw="17" slack="0"/>
<pin id="266" dir="1" index="1" bw="16" slack="0"/>
</pin_list>
<bind>
<opcode="trunc(33) " fcode="trunc"/>
<opset="trunc_ln276/2 "/>
</bind>
</comp>

<comp id="268" class="1004" name="trunc_ln276_1_fu_268">
<pin_list>
<pin id="269" dir="0" index="0" bw="17" slack="0"/>
<pin id="270" dir="1" index="1" bw="16" slack="0"/>
</pin_list>
<bind>
<opcode="trunc(33) " fcode="trunc"/>
<opset="trunc_ln276_1/2 "/>
</bind>
</comp>

<comp id="272" class="1004" name="select_ln276_fu_272">
<pin_list>
<pin id="273" dir="0" index="0" bw="1" slack="1"/>
<pin id="274" dir="0" index="1" bw="16" slack="0"/>
<pin id="275" dir="0" index="2" bw="16" slack="0"/>
<pin id="276" dir="1" index="3" bw="16" slack="2"/>
</pin_list>
<bind>
<opcode="select(49) " fcode="select"/>
<opset="select_ln276/2 "/>
</bind>
</comp>

<comp id="279" class="1005" name="i_reg_279">
<pin_list>
<pin id="280" dir="0" index="0" bw="11" slack="0"/>
<pin id="281" dir="1" index="1" bw="11" slack="0"/>
</pin_list>
<bind>
<opset="i "/>
</bind>
</comp>

<comp id="286" class="1005" name="icmp_ln273_reg_286">
<pin_list>
<pin id="287" dir="0" index="0" bw="1" slack="1"/>
<pin id="288" dir="1" index="1" bw="1" slack="2147483647"/>
</pin_list>
<bind>
<opset="icmp_ln273 "/>
</bind>
</comp>

<comp id="290" class="1005" name="trunc_ln273_reg_290">
<pin_list>
<pin id="291" dir="0" index="0" bw="1" slack="1"/>
<pin id="292" dir="1" index="1" bw="1" slack="1"/>
</pin_list>
<bind>
<opset="trunc_ln273 "/>
</bind>
</comp>

<comp id="296" class="1005" name="re_addr_reg_296">
<pin_list>
<pin id="297" dir="0" index="0" bw="9" slack="1"/>
<pin id="298" dir="1" index="1" bw="9" slack="1"/>
</pin_list>
<bind>
<opset="re_addr "/>
</bind>
</comp>

<comp id="301" class="1005" name="re_1_addr_reg_301">
<pin_list>
<pin id="302" dir="0" index="0" bw="9" slack="1"/>
<pin id="303" dir="1" index="1" bw="9" slack="1"/>
</pin_list>
<bind>
<opset="re_1_addr "/>
</bind>
</comp>

<comp id="306" class="1005" name="AXI_OUT_addr_reg_306">
<pin_list>
<pin id="307" dir="0" index="0" bw="16" slack="1"/>
<pin id="308" dir="1" index="1" bw="16" slack="1"/>
</pin_list>
<bind>
<opset="AXI_OUT_addr "/>
</bind>
</comp>

<comp id="312" class="1005" name="im_addr_reg_312">
<pin_list>
<pin id="313" dir="0" index="0" bw="9" slack="1"/>
<pin id="314" dir="1" index="1" bw="9" slack="1"/>
</pin_list>
<bind>
<opset="im_addr "/>
</bind>
</comp>

<comp id="317" class="1005" name="im_1_addr_reg_317">
<pin_list>
<pin id="318" dir="0" index="0" bw="9" slack="1"/>
<pin id="319" dir="1" index="1" bw="9" slack="1"/>
</pin_list>
<bind>
<opset="im_1_addr "/>
</bind>
</comp>

<comp id="322" class="1005" name="AXI_OUT_addr_1_reg_322">
<pin_list>
<pin id="323" dir="0" index="0" bw="16" slack="2"/>
<pin id="324" dir="1" index="1" bw="16" slack="2"/>
</pin_list>
<bind>
<opset="AXI_OUT_addr_1 "/>
</bind>
</comp>

<comp id="328" class="1005" name="select_ln275_reg_328">
<pin_list>
<pin id="329" dir="0" index="0" bw="16" slack="1"/>
<pin id="330" dir="1" index="1" bw="16" slack="1"/>
</pin_list>
<bind>
<opset="select_ln275 "/>
</bind>
</comp>

<comp id="333" class="1005" name="select_ln276_reg_333">
<pin_list>
<pin id="334" dir="0" index="0" bw="16" slack="2"/>
<pin id="335" dir="1" index="1" bw="16" slack="2"/>
</pin_list>
<bind>
<opset="select_ln276 "/>
</bind>
</comp>

</comp_list>

<net_list>
<net id="69"><net_src comp="14" pin="0"/><net_sink comp="66" pin=0"/></net>

<net id="74"><net_src comp="16" pin="0"/><net_sink comp="70" pin=0"/></net>

<net id="75"><net_src comp="12" pin="0"/><net_sink comp="70" pin=1"/></net>

<net id="80"><net_src comp="16" pin="0"/><net_sink comp="76" pin=0"/></net>

<net id="81"><net_src comp="6" pin="0"/><net_sink comp="76" pin=1"/></net>

<net id="87"><net_src comp="48" pin="0"/><net_sink comp="82" pin=0"/></net>

<net id="88"><net_src comp="14" pin="0"/><net_sink comp="82" pin=2"/></net>

<net id="95"><net_src comp="50" pin="0"/><net_sink comp="89" pin=0"/></net>

<net id="96"><net_src comp="52" pin="0"/><net_sink comp="89" pin=3"/></net>

<net id="102"><net_src comp="48" pin="0"/><net_sink comp="97" pin=0"/></net>

<net id="103"><net_src comp="14" pin="0"/><net_sink comp="97" pin=2"/></net>

<net id="104"><net_src comp="54" pin="0"/><net_sink comp="82" pin=0"/></net>

<net id="111"><net_src comp="50" pin="0"/><net_sink comp="105" pin=0"/></net>

<net id="112"><net_src comp="52" pin="0"/><net_sink comp="105" pin=3"/></net>

<net id="113"><net_src comp="54" pin="0"/><net_sink comp="97" pin=0"/></net>

<net id="119"><net_src comp="2" pin="0"/><net_sink comp="114" pin=0"/></net>

<net id="120"><net_src comp="46" pin="0"/><net_sink comp="114" pin=1"/></net>

<net id="126"><net_src comp="4" pin="0"/><net_sink comp="121" pin=0"/></net>

<net id="127"><net_src comp="46" pin="0"/><net_sink comp="121" pin=1"/></net>

<net id="133"><net_src comp="114" pin="3"/><net_sink comp="128" pin=0"/></net>

<net id="139"><net_src comp="121" pin="3"/><net_sink comp="134" pin=0"/></net>

<net id="145"><net_src comp="8" pin="0"/><net_sink comp="140" pin=0"/></net>

<net id="146"><net_src comp="46" pin="0"/><net_sink comp="140" pin=1"/></net>

<net id="152"><net_src comp="10" pin="0"/><net_sink comp="147" pin=0"/></net>

<net id="153"><net_src comp="46" pin="0"/><net_sink comp="147" pin=1"/></net>

<net id="159"><net_src comp="140" pin="3"/><net_sink comp="154" pin=0"/></net>

<net id="165"><net_src comp="147" pin="3"/><net_sink comp="160" pin=0"/></net>

<net id="169"><net_src comp="70" pin="2"/><net_sink comp="166" pin=0"/></net>

<net id="173"><net_src comp="76" pin="2"/><net_sink comp="170" pin=0"/></net>

<net id="178"><net_src comp="34" pin="0"/><net_sink comp="174" pin=0"/></net>

<net id="186"><net_src comp="179" pin="1"/><net_sink comp="182" pin=0"/></net>

<net id="187"><net_src comp="38" pin="0"/><net_sink comp="182" pin=1"/></net>

<net id="192"><net_src comp="179" pin="1"/><net_sink comp="188" pin=0"/></net>

<net id="193"><net_src comp="40" pin="0"/><net_sink comp="188" pin=1"/></net>

<net id="197"><net_src comp="179" pin="1"/><net_sink comp="194" pin=0"/></net>

<net id="201"><net_src comp="179" pin="1"/><net_sink comp="198" pin=0"/></net>

<net id="208"><net_src comp="42" pin="0"/><net_sink comp="202" pin=0"/></net>

<net id="209"><net_src comp="179" pin="1"/><net_sink comp="202" pin=1"/></net>

<net id="210"><net_src comp="14" pin="0"/><net_sink comp="202" pin=2"/></net>

<net id="211"><net_src comp="44" pin="0"/><net_sink comp="202" pin=3"/></net>

<net id="215"><net_src comp="202" pin="4"/><net_sink comp="212" pin=0"/></net>

<net id="216"><net_src comp="212" pin="1"/><net_sink comp="114" pin=2"/></net>

<net id="217"><net_src comp="212" pin="1"/><net_sink comp="121" pin=2"/></net>

<net id="218"><net_src comp="212" pin="1"/><net_sink comp="140" pin=2"/></net>

<net id="219"><net_src comp="212" pin="1"/><net_sink comp="147" pin=2"/></net>

<net id="224"><net_src comp="194" pin="1"/><net_sink comp="220" pin=0"/></net>

<net id="225"><net_src comp="170" pin="1"/><net_sink comp="220" pin=1"/></net>

<net id="230"><net_src comp="0" pin="0"/><net_sink comp="226" pin=0"/></net>

<net id="231"><net_src comp="220" pin="2"/><net_sink comp="226" pin=1"/></net>

<net id="236"><net_src comp="194" pin="1"/><net_sink comp="232" pin=0"/></net>

<net id="237"><net_src comp="166" pin="1"/><net_sink comp="232" pin=1"/></net>

<net id="242"><net_src comp="0" pin="0"/><net_sink comp="238" pin=0"/></net>

<net id="243"><net_src comp="232" pin="2"/><net_sink comp="238" pin=1"/></net>

<net id="248"><net_src comp="188" pin="2"/><net_sink comp="244" pin=0"/></net>

<net id="252"><net_src comp="134" pin="3"/><net_sink comp="249" pin=0"/></net>

<net id="256"><net_src comp="128" pin="3"/><net_sink comp="253" pin=0"/></net>

<net id="262"><net_src comp="249" pin="1"/><net_sink comp="257" pin=1"/></net>

<net id="263"><net_src comp="253" pin="1"/><net_sink comp="257" pin=2"/></net>

<net id="267"><net_src comp="160" pin="3"/><net_sink comp="264" pin=0"/></net>

<net id="271"><net_src comp="154" pin="3"/><net_sink comp="268" pin=0"/></net>

<net id="277"><net_src comp="264" pin="1"/><net_sink comp="272" pin=1"/></net>

<net id="278"><net_src comp="268" pin="1"/><net_sink comp="272" pin=2"/></net>

<net id="282"><net_src comp="66" pin="1"/><net_sink comp="279" pin=0"/></net>

<net id="283"><net_src comp="279" pin="1"/><net_sink comp="174" pin=1"/></net>

<net id="284"><net_src comp="279" pin="1"/><net_sink comp="179" pin=0"/></net>

<net id="285"><net_src comp="279" pin="1"/><net_sink comp="244" pin=1"/></net>

<net id="289"><net_src comp="182" pin="2"/><net_sink comp="286" pin=0"/></net>

<net id="293"><net_src comp="198" pin="1"/><net_sink comp="290" pin=0"/></net>

<net id="294"><net_src comp="290" pin="1"/><net_sink comp="257" pin=0"/></net>

<net id="295"><net_src comp="290" pin="1"/><net_sink comp="272" pin=0"/></net>

<net id="299"><net_src comp="114" pin="3"/><net_sink comp="296" pin=0"/></net>

<net id="300"><net_src comp="296" pin="1"/><net_sink comp="128" pin=0"/></net>

<net id="304"><net_src comp="121" pin="3"/><net_sink comp="301" pin=0"/></net>

<net id="305"><net_src comp="301" pin="1"/><net_sink comp="134" pin=0"/></net>

<net id="309"><net_src comp="226" pin="2"/><net_sink comp="306" pin=0"/></net>

<net id="310"><net_src comp="306" pin="1"/><net_sink comp="82" pin=1"/></net>

<net id="311"><net_src comp="306" pin="1"/><net_sink comp="89" pin=1"/></net>

<net id="315"><net_src comp="140" pin="3"/><net_sink comp="312" pin=0"/></net>

<net id="316"><net_src comp="312" pin="1"/><net_sink comp="154" pin=0"/></net>

<net id="320"><net_src comp="147" pin="3"/><net_sink comp="317" pin=0"/></net>

<net id="321"><net_src comp="317" pin="1"/><net_sink comp="160" pin=0"/></net>

<net id="325"><net_src comp="238" pin="2"/><net_sink comp="322" pin=0"/></net>

<net id="326"><net_src comp="322" pin="1"/><net_sink comp="97" pin=1"/></net>

<net id="327"><net_src comp="322" pin="1"/><net_sink comp="105" pin=1"/></net>

<net id="331"><net_src comp="257" pin="3"/><net_sink comp="328" pin=0"/></net>

<net id="332"><net_src comp="328" pin="1"/><net_sink comp="89" pin=2"/></net>

<net id="336"><net_src comp="272" pin="3"/><net_sink comp="333" pin=0"/></net>

<net id="337"><net_src comp="333" pin="1"/><net_sink comp="105" pin=2"/></net>

</net_list>

</model> 
---------------- Datapath Model END ------------------

* FSMD analyzer results:
  - Output states:
	Port: AXI_OUT | {2 3 4 5 6 7 8 9 }
 - Input state : 
	Port: fft_serial_Pipeline_store_loop : re | {1 2 }
	Port: fft_serial_Pipeline_store_loop : re_1 | {1 2 }
	Port: fft_serial_Pipeline_store_loop : sext_ln273 | {1 }
	Port: fft_serial_Pipeline_store_loop : im | {1 2 }
	Port: fft_serial_Pipeline_store_loop : im_1 | {1 2 }
	Port: fft_serial_Pipeline_store_loop : sext_ln273_1 | {1 }
  - Chain level:
	State 1
		store_ln273 : 1
		i_1 : 1
		icmp_ln273 : 2
		add_ln273 : 2
		br_ln273 : 3
		zext_ln273 : 2
		trunc_ln273 : 2
		lshr_ln3 : 2
		zext_ln273_1 : 3
		re_addr : 4
		re_1_addr : 4
		re_load : 5
		re_1_load : 5
		add_ln275 : 3
		AXI_OUT_addr : 4
		im_addr : 4
		im_1_addr : 4
		im_load : 5
		im_1_load : 5
		add_ln276 : 3
		AXI_OUT_addr_1 : 4
		store_ln273 : 3
	State 2
		trunc_ln275 : 1
		trunc_ln275_1 : 1
		select_ln275 : 2
		trunc_ln276 : 1
		trunc_ln276_1 : 1
		select_ln276 : 2
	State 3
	State 4
	State 5
	State 6
	State 7
	State 8
	State 9


============================================================
+ Verbose Summary: Datapath Resource usage 
============================================================

* Functional unit list:
|----------|------------------------------|---------|---------|
| Operation|        Functional Unit       |    FF   |   LUT   |
|----------|------------------------------|---------|---------|
|          |       add_ln273_fu_188       |    0    |    18   |
|    add   |       add_ln275_fu_220       |    0    |    70   |
|          |       add_ln276_fu_232       |    0    |    70   |
|----------|------------------------------|---------|---------|
|  select  |      select_ln275_fu_257     |    0    |    16   |
|          |      select_ln276_fu_272     |    0    |    16   |
|----------|------------------------------|---------|---------|
|   icmp   |       icmp_ln273_fu_182      |    0    |    18   |
|----------|------------------------------|---------|---------|
|   read   | sext_ln273_1_read_read_fu_70 |    0    |    0    |
|          |  sext_ln273_read_read_fu_76  |    0    |    0    |
|----------|------------------------------|---------|---------|
| writeresp|      grp_writeresp_fu_82     |    0    |    0    |
|          |      grp_writeresp_fu_97     |    0    |    0    |
|----------|------------------------------|---------|---------|
|   write  |    write_ln275_write_fu_89   |    0    |    0    |
|          |   write_ln276_write_fu_105   |    0    |    0    |
|----------|------------------------------|---------|---------|
|   sext   |   sext_ln273_1_cast_fu_166   |    0    |    0    |
|          |    sext_ln273_cast_fu_170    |    0    |    0    |
|----------|------------------------------|---------|---------|
|   zext   |       zext_ln273_fu_194      |    0    |    0    |
|          |      zext_ln273_1_fu_212     |    0    |    0    |
|----------|------------------------------|---------|---------|
|          |      trunc_ln273_fu_198      |    0    |    0    |
|          |      trunc_ln275_fu_249      |    0    |    0    |
|   trunc  |     trunc_ln275_1_fu_253     |    0    |    0    |
|          |      trunc_ln276_fu_264      |    0    |    0    |
|          |     trunc_ln276_1_fu_268     |    0    |    0    |
|----------|------------------------------|---------|---------|
|partselect|        lshr_ln3_fu_202       |    0    |    0    |
|----------|------------------------------|---------|---------|
|   Total  |                              |    0    |   208   |
|----------|------------------------------|---------|---------|

Memories:
N/A

* Register list:
+----------------------+--------+
|                      |   FF   |
+----------------------+--------+
|AXI_OUT_addr_1_reg_322|   16   |
| AXI_OUT_addr_reg_306 |   16   |
|       i_reg_279      |   11   |
|  icmp_ln273_reg_286  |    1   |
|   im_1_addr_reg_317  |    9   |
|    im_addr_reg_312   |    9   |
|   re_1_addr_reg_301  |    9   |
|    re_addr_reg_296   |    9   |
| select_ln275_reg_328 |   16   |
| select_ln276_reg_333 |   16   |
|  trunc_ln273_reg_290 |    1   |
+----------------------+--------+
|         Total        |   113  |
+----------------------+--------+

* Multiplexer (MUX) list: 
|---------------------|------|------|------|--------||---------||---------|
|         Comp        |  Pin | Size |  BW  | S x BW ||  Delay  ||   LUT   |
|---------------------|------|------|------|--------||---------||---------|
| grp_writeresp_fu_82 |  p0  |   2  |   1  |    2   |
| grp_writeresp_fu_97 |  p0  |   2  |   1  |    2   |
|  grp_access_fu_128  |  p0  |   2  |   9  |   18   ||    9    |
|  grp_access_fu_134  |  p0  |   2  |   9  |   18   ||    9    |
|  grp_access_fu_154  |  p0  |   2  |   9  |   18   ||    9    |
|  grp_access_fu_160  |  p0  |   2  |   9  |   18   ||    9    |
|---------------------|------|------|------|--------||---------||---------|
|        Total        |      |      |      |   76   ||  7.944  ||    36   |
|---------------------|------|------|------|--------||---------||---------|



* Summary:
+-----------+--------+--------+--------+
|           |  Delay |   FF   |   LUT  |
+-----------+--------+--------+--------+
|  Function |    -   |    0   |   208  |
|   Memory  |    -   |    -   |    -   |
|Multiplexer|    7   |    -   |   36   |
|  Register |    -   |   113  |    -   |
+-----------+--------+--------+--------+
|   Total   |    7   |   113  |   244  |
+-----------+--------+--------+--------+
