

================================================================
== Vitis HLS Report for 'fft_serial_Pipeline_store_loop'
================================================================
* Date:           Tue Jun 30 20:48:41 2026

* Version:        2023.2 (Build 4023990 on Oct 11 2023)
* Project:        serial_fft_hls
* Solution:       solution1 (Vivado IP Flow Target)
* Product family: artix7
* Target device:  xc7a200t-fbg676-2


================================================================
== Performance Estimates
================================================================
+ Timing: 
    * Summary: 
    +--------+----------+----------+------------+
    |  Clock |  Target  | Estimated| Uncertainty|
    +--------+----------+----------+------------+
    |ap_clk  |  10.00 ns|  7.300 ns|     2.70 ns|
    +--------+----------+----------+------------+

+ Latency: 
    * Summary: 
    +---------+---------+-----------+-----------+------+------+---------+
    |  Latency (cycles) |   Latency (absolute)  |   Interval  | Pipeline|
    |   min   |   max   |    min    |    max    |  min |  max |   Type  |
    +---------+---------+-----------+-----------+------+------+---------+
    |     2056|     2056|  20.560 us|  20.560 us|  2056|  2056|       no|
    +---------+---------+-----------+-----------+------+------+---------+

    + Detail: 
        * Instance: 
        N/A

        * Loop: 
        +--------------+---------+---------+----------+-----------+-----------+------+----------+
        |              |  Latency (cycles) | Iteration|  Initiation Interval  | Trip |          |
        |   Loop Name  |   min   |   max   |  Latency |  achieved |   target  | Count| Pipelined|
        +--------------+---------+---------+----------+-----------+-----------+------+----------+
        |- store_loop  |     2054|     2054|         9|          2|          1|  1024|       yes|
        +--------------+---------+---------+----------+-----------+-----------+------+----------+

============================================================
+ Verbose Summary: Synthesis Manager
============================================================
InlineROM: 1
ExposeGlobal: 0
============================================================
+ Verbose Summary: CDFG Model
============================================================
IsTopModel: 0
ResetActiveHigh: 1
IsCombinational: 0
IsDatapathOnly: 0
HasWiredReturn: 1
HasMFsm: 2
HasVarLatency: 1
IsPipeline: 0
IsRtlPipelined: 0
IsInstanceOverlapped: 0
IsDontTouch: 0
HasImplIP: 0
IsGatedGlobalClock: 0

+ Individual pipeline summary: 
  * Pipeline-0: initiation interval (II) = 2, depth = 9


============================================================
+ Verbose Summary: Schedule
============================================================
* Number of FSM states : 9
* Pipeline : 1
  Pipeline-0 : II = 2, D = 9, States = { 1 2 3 4 5 6 7 8 9 }
* Dataflow Pipeline: 0

* FSM state transitions: 
1 --> 2 
2 --> 3 
3 --> 4 
4 --> 5 
5 --> 6 
6 --> 7 
7 --> 8 
8 --> 9 
9 --> 

* FSM state operations: 

State 1 <SV = 0> <Delay = 4.41>
ST_1 : Operation 12 [1/1] (0.00ns)   --->   "%i = alloca i32 1" [serial_fft/fft_serial.cpp:273]   --->   Operation 12 'alloca' 'i' <Predicate = true> <Delay = 0.00>
ST_1 : Operation 13 [1/1] (0.00ns)   --->   "%sext_ln273_1_read = read i63 @_ssdm_op_Read.ap_auto.i63, i63 %sext_ln273_1"   --->   Operation 13 'read' 'sext_ln273_1_read' <Predicate = true> <Delay = 0.00>
ST_1 : Operation 14 [1/1] (0.00ns)   --->   "%sext_ln273_read = read i63 @_ssdm_op_Read.ap_auto.i63, i63 %sext_ln273"   --->   Operation 14 'read' 'sext_ln273_read' <Predicate = true> <Delay = 0.00>
ST_1 : Operation 15 [1/1] (0.00ns)   --->   "%sext_ln273_1_cast = sext i63 %sext_ln273_1_read"   --->   Operation 15 'sext' 'sext_ln273_1_cast' <Predicate = true> <Delay = 0.00>
ST_1 : Operation 16 [1/1] (0.00ns)   --->   "%sext_ln273_cast = sext i63 %sext_ln273_read"   --->   Operation 16 'sext' 'sext_ln273_cast' <Predicate = true> <Delay = 0.00>
ST_1 : Operation 17 [1/1] (0.00ns)   --->   "%specinterface_ln0 = specinterface void @_ssdm_op_SpecInterface, i16 %AXI_OUT, void @empty_35, i32 0, i32 0, void @empty_36, i32 0, i32 0, void @empty_46, void @empty_38, void @empty_36, i32 16, i32 16, i32 16, i32 16, void @empty_36, void @empty_36, i32 4294967295, i32 0"   --->   Operation 17 'specinterface' 'specinterface_ln0' <Predicate = true> <Delay = 0.00>
ST_1 : Operation 18 [1/1] (1.32ns)   --->   "%store_ln273 = store i11 0, i11 %i" [serial_fft/fft_serial.cpp:273]   --->   Operation 18 'store' 'store_ln273' <Predicate = true> <Delay = 1.32>
ST_1 : Operation 19 [1/1] (0.00ns)   --->   "%br_ln0 = br void %for.inc92"   --->   Operation 19 'br' 'br_ln0' <Predicate = true> <Delay = 0.00>
ST_1 : Operation 20 [1/1] (0.00ns)   --->   "%i_1 = load i11 %i" [serial_fft/fft_serial.cpp:273]   --->   Operation 20 'load' 'i_1' <Predicate = true> <Delay = 0.00>
ST_1 : Operation 21 [1/1] (0.00ns)   --->   "%specbitsmap_ln0 = specbitsmap void @_ssdm_op_SpecBitsMap, i16 %AXI_OUT"   --->   Operation 21 'specbitsmap' 'specbitsmap_ln0' <Predicate = true> <Delay = 0.00>
ST_1 : Operation 22 [1/1] (1.76ns)   --->   "%icmp_ln273 = icmp_eq  i11 %i_1, i11 1024" [serial_fft/fft_serial.cpp:273]   --->   Operation 22 'icmp' 'icmp_ln273' <Predicate = true> <Delay = 1.76> <CoreInst = "Cmp">   --->   Core 9 'Cmp' <Latency = 0> <II = 1> <Delay = 1.76> <FuncUnit> <Opcode : 'icmp'> <InPorts = 2> <OutPorts = 1>
ST_1 : Operation 23 [1/1] (1.76ns)   --->   "%add_ln273 = add i11 %i_1, i11 1" [serial_fft/fft_serial.cpp:273]   --->   Operation 23 'add' 'add_ln273' <Predicate = true> <Delay = 1.76> <CoreInst = "Adder">   --->   Core 1 'Adder' <Latency = 0> <II = 1> <Delay = 1.76> <FuncUnit> <Opcode : 'add' 'sub'> <InPorts = 2> <OutPorts = 1>
ST_1 : Operation 24 [1/1] (0.00ns)   --->   "%br_ln273 = br i1 %icmp_ln273, void %for.inc92.split, void %for.end94.exitStub" [serial_fft/fft_serial.cpp:273]   --->   Operation 24 'br' 'br_ln273' <Predicate = true> <Delay = 0.00>
ST_1 : Operation 25 [1/1] (0.00ns)   --->   "%zext_ln273 = zext i11 %i_1" [serial_fft/fft_serial.cpp:273]   --->   Operation 25 'zext' 'zext_ln273' <Predicate = (!icmp_ln273)> <Delay = 0.00>
ST_1 : Operation 26 [1/1] (0.00ns)   --->   "%trunc_ln273 = trunc i11 %i_1" [serial_fft/fft_serial.cpp:273]   --->   Operation 26 'trunc' 'trunc_ln273' <Predicate = (!icmp_ln273)> <Delay = 0.00>
ST_1 : Operation 27 [1/1] (0.00ns)   --->   "%lshr_ln3 = partselect i9 @_ssdm_op_PartSelect.i9.i11.i32.i32, i11 %i_1, i32 1, i32 9" [serial_fft/fft_serial.cpp:273]   --->   Operation 27 'partselect' 'lshr_ln3' <Predicate = (!icmp_ln273)> <Delay = 0.00>
ST_1 : Operation 28 [1/1] (0.00ns)   --->   "%zext_ln273_1 = zext i9 %lshr_ln3" [serial_fft/fft_serial.cpp:273]   --->   Operation 28 'zext' 'zext_ln273_1' <Predicate = (!icmp_ln273)> <Delay = 0.00>
ST_1 : Operation 29 [1/1] (0.00ns)   --->   "%re_addr = getelementptr i17 %re, i64 0, i64 %zext_ln273_1" [serial_fft/fft_serial.cpp:275]   --->   Operation 29 'getelementptr' 're_addr' <Predicate = (!icmp_ln273)> <Delay = 0.00>
ST_1 : Operation 30 [1/1] (0.00ns)   --->   "%re_1_addr = getelementptr i17 %re_1, i64 0, i64 %zext_ln273_1" [serial_fft/fft_serial.cpp:275]   --->   Operation 30 'getelementptr' 're_1_addr' <Predicate = (!icmp_ln273)> <Delay = 0.00>
ST_1 : Operation 31 [2/2] (2.77ns)   --->   "%re_load = load i9 %re_addr" [serial_fft/fft_serial.cpp:275]   --->   Operation 31 'load' 're_load' <Predicate = (!icmp_ln273)> <Delay = 2.77> <CoreInst = "RAM">   --->   Core 82 'RAM' <Latency = 1> <II = 1> <Delay = 2.77> <Storage> <Opcode : 'load' 'store'> <Ports = 2> <Width = 17> <Depth = 512> <RAM>
ST_1 : Operation 32 [2/2] (2.77ns)   --->   "%re_1_load = load i9 %re_1_addr" [serial_fft/fft_serial.cpp:275]   --->   Operation 32 'load' 're_1_load' <Predicate = (!icmp_ln273)> <Delay = 2.77> <CoreInst = "RAM">   --->   Core 82 'RAM' <Latency = 1> <II = 1> <Delay = 2.77> <Storage> <Opcode : 'load' 'store'> <Ports = 2> <Width = 17> <Depth = 512> <RAM>
ST_1 : Operation 33 [1/1] (2.97ns)   --->   "%add_ln275 = add i64 %zext_ln273, i64 %sext_ln273_cast" [serial_fft/fft_serial.cpp:275]   --->   Operation 33 'add' 'add_ln275' <Predicate = (!icmp_ln273)> <Delay = 2.97> <CoreInst = "Adder">   --->   Core 1 'Adder' <Latency = 0> <II = 1> <Delay = 2.97> <FuncUnit> <Opcode : 'add' 'sub'> <InPorts = 2> <OutPorts = 1>
ST_1 : Operation 34 [1/1] (0.00ns)   --->   "%AXI_OUT_addr = getelementptr i16 %AXI_OUT, i64 %add_ln275" [serial_fft/fft_serial.cpp:275]   --->   Operation 34 'getelementptr' 'AXI_OUT_addr' <Predicate = (!icmp_ln273)> <Delay = 0.00>
ST_1 : Operation 35 [1/1] (0.00ns)   --->   "%im_addr = getelementptr i17 %im, i64 0, i64 %zext_ln273_1" [serial_fft/fft_serial.cpp:276]   --->   Operation 35 'getelementptr' 'im_addr' <Predicate = (!icmp_ln273)> <Delay = 0.00>
ST_1 : Operation 36 [1/1] (0.00ns)   --->   "%im_1_addr = getelementptr i17 %im_1, i64 0, i64 %zext_ln273_1" [serial_fft/fft_serial.cpp:276]   --->   Operation 36 'getelementptr' 'im_1_addr' <Predicate = (!icmp_ln273)> <Delay = 0.00>
ST_1 : Operation 37 [2/2] (2.77ns)   --->   "%im_load = load i9 %im_addr" [serial_fft/fft_serial.cpp:276]   --->   Operation 37 'load' 'im_load' <Predicate = (!icmp_ln273)> <Delay = 2.77> <CoreInst = "RAM">   --->   Core 82 'RAM' <Latency = 1> <II = 1> <Delay = 2.77> <Storage> <Opcode : 'load' 'store'> <Ports = 2> <Width = 17> <Depth = 512> <RAM>
ST_1 : Operation 38 [2/2] (2.77ns)   --->   "%im_1_load = load i9 %im_1_addr" [serial_fft/fft_serial.cpp:276]   --->   Operation 38 'load' 'im_1_load' <Predicate = (!icmp_ln273)> <Delay = 2.77> <CoreInst = "RAM">   --->   Core 82 'RAM' <Latency = 1> <II = 1> <Delay = 2.77> <Storage> <Opcode : 'load' 'store'> <Ports = 2> <Width = 17> <Depth = 512> <RAM>
ST_1 : Operation 39 [1/1] (2.97ns)   --->   "%add_ln276 = add i64 %zext_ln273, i64 %sext_ln273_1_cast" [serial_fft/fft_serial.cpp:276]   --->   Operation 39 'add' 'add_ln276' <Predicate = (!icmp_ln273)> <Delay = 2.97> <CoreInst = "Adder">   --->   Core 1 'Adder' <Latency = 0> <II = 1> <Delay = 2.97> <FuncUnit> <Opcode : 'add' 'sub'> <InPorts = 2> <OutPorts = 1>
ST_1 : Operation 40 [1/1] (0.00ns)   --->   "%AXI_OUT_addr_1 = getelementptr i16 %AXI_OUT, i64 %add_ln276" [serial_fft/fft_serial.cpp:276]   --->   Operation 40 'getelementptr' 'AXI_OUT_addr_1' <Predicate = (!icmp_ln273)> <Delay = 0.00>
ST_1 : Operation 41 [1/1] (1.32ns)   --->   "%store_ln273 = store i11 %add_ln273, i11 %i" [serial_fft/fft_serial.cpp:273]   --->   Operation 41 'store' 'store_ln273' <Predicate = (!icmp_ln273)> <Delay = 1.32>

State 2 <SV = 1> <Delay = 7.30>
ST_2 : Operation 42 [1/2] (2.77ns)   --->   "%re_load = load i9 %re_addr" [serial_fft/fft_serial.cpp:275]   --->   Operation 42 'load' 're_load' <Predicate = (!icmp_ln273)> <Delay = 2.77> <CoreInst = "RAM">   --->   Core 82 'RAM' <Latency = 1> <II = 1> <Delay = 2.77> <Storage> <Opcode : 'load' 'store'> <Ports = 2> <Width = 17> <Depth = 512> <RAM>
ST_2 : Operation 43 [1/2] (2.77ns)   --->   "%re_1_load = load i9 %re_1_addr" [serial_fft/fft_serial.cpp:275]   --->   Operation 43 'load' 're_1_load' <Predicate = (!icmp_ln273)> <Delay = 2.77> <CoreInst = "RAM">   --->   Core 82 'RAM' <Latency = 1> <II = 1> <Delay = 2.77> <Storage> <Opcode : 'load' 'store'> <Ports = 2> <Width = 17> <Depth = 512> <RAM>
ST_2 : Operation 44 [1/1] (0.00ns)   --->   "%trunc_ln275 = trunc i17 %re_1_load" [serial_fft/fft_serial.cpp:275]   --->   Operation 44 'trunc' 'trunc_ln275' <Predicate = (!icmp_ln273 & trunc_ln273)> <Delay = 0.00>
ST_2 : Operation 45 [1/1] (0.00ns)   --->   "%trunc_ln275_1 = trunc i17 %re_load" [serial_fft/fft_serial.cpp:275]   --->   Operation 45 'trunc' 'trunc_ln275_1' <Predicate = (!icmp_ln273 & !trunc_ln273)> <Delay = 0.00>
ST_2 : Operation 46 [1/1] (1.06ns)   --->   "%select_ln275 = select i1 %trunc_ln273, i16 %trunc_ln275, i16 %trunc_ln275_1" [serial_fft/fft_serial.cpp:275]   --->   Operation 46 'select' 'select_ln275' <Predicate = (!icmp_ln273)> <Delay = 1.06> <CoreInst = "Sel">   --->   Core 73 'Sel' <Latency = 0> <II = 1> <Delay = 1.06> <FuncUnit> <Opcode : 'select'> <InPorts = 3> <OutPorts = 1>
ST_2 : Operation 47 [1/1] (7.30ns)   --->   "%AXI_OUT_addr_req = writereq i1 @_ssdm_op_WriteReq.m_axi.i16P1A, i16 %AXI_OUT_addr, i32 1" [serial_fft/fft_serial.cpp:275]   --->   Operation 47 'writereq' 'AXI_OUT_addr_req' <Predicate = (!icmp_ln273)> <Delay = 7.30> <CoreInst = "m_axi">   --->   Core 113 'm_axi' <Latency = 0> <II = 1> <Delay = 1.00> <Adapter> <Opcode : 'read' 'write' 'readreq' 'writereq' 'writeresp'>
ST_2 : Operation 48 [1/2] (2.77ns)   --->   "%im_load = load i9 %im_addr" [serial_fft/fft_serial.cpp:276]   --->   Operation 48 'load' 'im_load' <Predicate = (!icmp_ln273)> <Delay = 2.77> <CoreInst = "RAM">   --->   Core 82 'RAM' <Latency = 1> <II = 1> <Delay = 2.77> <Storage> <Opcode : 'load' 'store'> <Ports = 2> <Width = 17> <Depth = 512> <RAM>
ST_2 : Operation 49 [1/2] (2.77ns)   --->   "%im_1_load = load i9 %im_1_addr" [serial_fft/fft_serial.cpp:276]   --->   Operation 49 'load' 'im_1_load' <Predicate = (!icmp_ln273)> <Delay = 2.77> <CoreInst = "RAM">   --->   Core 82 'RAM' <Latency = 1> <II = 1> <Delay = 2.77> <Storage> <Opcode : 'load' 'store'> <Ports = 2> <Width = 17> <Depth = 512> <RAM>
ST_2 : Operation 50 [1/1] (0.00ns)   --->   "%trunc_ln276 = trunc i17 %im_1_load" [serial_fft/fft_serial.cpp:276]   --->   Operation 50 'trunc' 'trunc_ln276' <Predicate = (!icmp_ln273 & trunc_ln273)> <Delay = 0.00>
ST_2 : Operation 51 [1/1] (0.00ns)   --->   "%trunc_ln276_1 = trunc i17 %im_load" [serial_fft/fft_serial.cpp:276]   --->   Operation 51 'trunc' 'trunc_ln276_1' <Predicate = (!icmp_ln273 & !trunc_ln273)> <Delay = 0.00>
ST_2 : Operation 52 [1/1] (1.06ns)   --->   "%select_ln276 = select i1 %trunc_ln273, i16 %trunc_ln276, i16 %trunc_ln276_1" [serial_fft/fft_serial.cpp:276]   --->   Operation 52 'select' 'select_ln276' <Predicate = (!icmp_ln273)> <Delay = 1.06> <CoreInst = "Sel">   --->   Core 73 'Sel' <Latency = 0> <II = 1> <Delay = 1.06> <FuncUnit> <Opcode : 'select'> <InPorts = 3> <OutPorts = 1>

State 3 <SV = 2> <Delay = 7.30>
ST_3 : Operation 53 [1/1] (7.30ns)   --->   "%write_ln275 = write void @_ssdm_op_Write.m_axi.i16P1A, i16 %AXI_OUT_addr, i16 %select_ln275, i2 3" [serial_fft/fft_serial.cpp:275]   --->   Operation 53 'write' 'write_ln275' <Predicate = true> <Delay = 7.30> <CoreInst = "m_axi">   --->   Core 113 'm_axi' <Latency = 0> <II = 1> <Delay = 1.00> <Adapter> <Opcode : 'read' 'write' 'readreq' 'writereq' 'writeresp'>
ST_3 : Operation 54 [1/1] (7.30ns)   --->   "%AXI_OUT_addr_1_req = writereq i1 @_ssdm_op_WriteReq.m_axi.i16P1A, i16 %AXI_OUT_addr_1, i32 1" [serial_fft/fft_serial.cpp:276]   --->   Operation 54 'writereq' 'AXI_OUT_addr_1_req' <Predicate = true> <Delay = 7.30> <CoreInst = "m_axi">   --->   Core 113 'm_axi' <Latency = 0> <II = 1> <Delay = 1.00> <Adapter> <Opcode : 'read' 'write' 'readreq' 'writereq' 'writeresp'>

State 4 <SV = 3> <Delay = 7.30>
ST_4 : Operation 55 [5/5] (7.30ns)   --->   "%AXI_OUT_addr_resp = writeresp i1 @_ssdm_op_WriteResp.m_axi.i16P1A, i16 %AXI_OUT_addr" [serial_fft/fft_serial.cpp:275]   --->   Operation 55 'writeresp' 'AXI_OUT_addr_resp' <Predicate = true> <Delay = 7.30> <CoreInst = "m_axi">   --->   Core 113 'm_axi' <Latency = 0> <II = 1> <Delay = 1.00> <Adapter> <Opcode : 'read' 'write' 'readreq' 'writereq' 'writeresp'>
ST_4 : Operation 56 [1/1] (7.30ns)   --->   "%write_ln276 = write void @_ssdm_op_Write.m_axi.i16P1A, i16 %AXI_OUT_addr_1, i16 %select_ln276, i2 3" [serial_fft/fft_serial.cpp:276]   --->   Operation 56 'write' 'write_ln276' <Predicate = true> <Delay = 7.30> <CoreInst = "m_axi">   --->   Core 113 'm_axi' <Latency = 0> <II = 1> <Delay = 1.00> <Adapter> <Opcode : 'read' 'write' 'readreq' 'writereq' 'writeresp'>

State 5 <SV = 4> <Delay = 7.30>
ST_5 : Operation 57 [4/5] (7.30ns)   --->   "%AXI_OUT_addr_resp = writeresp i1 @_ssdm_op_WriteResp.m_axi.i16P1A, i16 %AXI_OUT_addr" [serial_fft/fft_serial.cpp:275]   --->   Operation 57 'writeresp' 'AXI_OUT_addr_resp' <Predicate = true> <Delay = 7.30> <CoreInst = "m_axi">   --->   Core 113 'm_axi' <Latency = 0> <II = 1> <Delay = 1.00> <Adapter> <Opcode : 'read' 'write' 'readreq' 'writereq' 'writeresp'>
ST_5 : Operation 58 [5/5] (7.30ns)   --->   "%AXI_OUT_addr_1_resp = writeresp i1 @_ssdm_op_WriteResp.m_axi.i16P1A, i16 %AXI_OUT_addr_1" [serial_fft/fft_serial.cpp:276]   --->   Operation 58 'writeresp' 'AXI_OUT_addr_1_resp' <Predicate = true> <Delay = 7.30> <CoreInst = "m_axi">   --->   Core 113 'm_axi' <Latency = 0> <II = 1> <Delay = 1.00> <Adapter> <Opcode : 'read' 'write' 'readreq' 'writereq' 'writeresp'>

State 6 <SV = 5> <Delay = 7.30>
ST_6 : Operation 59 [3/5] (7.30ns)   --->   "%AXI_OUT_addr_resp = writeresp i1 @_ssdm_op_WriteResp.m_axi.i16P1A, i16 %AXI_OUT_addr" [serial_fft/fft_serial.cpp:275]   --->   Operation 59 'writeresp' 'AXI_OUT_addr_resp' <Predicate = true> <Delay = 7.30> <CoreInst = "m_axi">   --->   Core 113 'm_axi' <Latency = 0> <II = 1> <Delay = 1.00> <Adapter> <Opcode : 'read' 'write' 'readreq' 'writereq' 'writeresp'>
ST_6 : Operation 60 [4/5] (7.30ns)   --->   "%AXI_OUT_addr_1_resp = writeresp i1 @_ssdm_op_WriteResp.m_axi.i16P1A, i16 %AXI_OUT_addr_1" [serial_fft/fft_serial.cpp:276]   --->   Operation 60 'writeresp' 'AXI_OUT_addr_1_resp' <Predicate = true> <Delay = 7.30> <CoreInst = "m_axi">   --->   Core 113 'm_axi' <Latency = 0> <II = 1> <Delay = 1.00> <Adapter> <Opcode : 'read' 'write' 'readreq' 'writereq' 'writeresp'>

State 7 <SV = 6> <Delay = 7.30>
ST_7 : Operation 61 [2/5] (7.30ns)   --->   "%AXI_OUT_addr_resp = writeresp i1 @_ssdm_op_WriteResp.m_axi.i16P1A, i16 %AXI_OUT_addr" [serial_fft/fft_serial.cpp:275]   --->   Operation 61 'writeresp' 'AXI_OUT_addr_resp' <Predicate = true> <Delay = 7.30> <CoreInst = "m_axi">   --->   Core 113 'm_axi' <Latency = 0> <II = 1> <Delay = 1.00> <Adapter> <Opcode : 'read' 'write' 'readreq' 'writereq' 'writeresp'>
ST_7 : Operation 62 [3/5] (7.30ns)   --->   "%AXI_OUT_addr_1_resp = writeresp i1 @_ssdm_op_WriteResp.m_axi.i16P1A, i16 %AXI_OUT_addr_1" [serial_fft/fft_serial.cpp:276]   --->   Operation 62 'writeresp' 'AXI_OUT_addr_1_resp' <Predicate = true> <Delay = 7.30> <CoreInst = "m_axi">   --->   Core 113 'm_axi' <Latency = 0> <II = 1> <Delay = 1.00> <Adapter> <Opcode : 'read' 'write' 'readreq' 'writereq' 'writeresp'>
ST_7 : Operation 70 [1/1] (0.00ns)   --->   "%ret_ln0 = ret"   --->   Operation 70 'ret' 'ret_ln0' <Predicate = (icmp_ln273)> <Delay = 0.00>

State 8 <SV = 7> <Delay = 7.30>
ST_8 : Operation 63 [1/5] (7.30ns)   --->   "%AXI_OUT_addr_resp = writeresp i1 @_ssdm_op_WriteResp.m_axi.i16P1A, i16 %AXI_OUT_addr" [serial_fft/fft_serial.cpp:275]   --->   Operation 63 'writeresp' 'AXI_OUT_addr_resp' <Predicate = true> <Delay = 7.30> <CoreInst = "m_axi">   --->   Core 113 'm_axi' <Latency = 0> <II = 1> <Delay = 1.00> <Adapter> <Opcode : 'read' 'write' 'readreq' 'writereq' 'writeresp'>
ST_8 : Operation 64 [2/5] (7.30ns)   --->   "%AXI_OUT_addr_1_resp = writeresp i1 @_ssdm_op_WriteResp.m_axi.i16P1A, i16 %AXI_OUT_addr_1" [serial_fft/fft_serial.cpp:276]   --->   Operation 64 'writeresp' 'AXI_OUT_addr_1_resp' <Predicate = true> <Delay = 7.30> <CoreInst = "m_axi">   --->   Core 113 'm_axi' <Latency = 0> <II = 1> <Delay = 1.00> <Adapter> <Opcode : 'read' 'write' 'readreq' 'writereq' 'writeresp'>

State 9 <SV = 8> <Delay = 7.30>
ST_9 : Operation 65 [1/1] (0.00ns)   --->   "%specpipeline_ln274 = specpipeline void @_ssdm_op_SpecPipeline, i32 1, i32 0, i32 0, i32 0, void @empty_36" [serial_fft/fft_serial.cpp:274]   --->   Operation 65 'specpipeline' 'specpipeline_ln274' <Predicate = true> <Delay = 0.00>
ST_9 : Operation 66 [1/1] (0.00ns)   --->   "%speclooptripcount_ln273 = speclooptripcount void @_ssdm_op_SpecLoopTripCount, i64 1024, i64 1024, i64 1024" [serial_fft/fft_serial.cpp:273]   --->   Operation 66 'speclooptripcount' 'speclooptripcount_ln273' <Predicate = true> <Delay = 0.00>
ST_9 : Operation 67 [1/1] (0.00ns)   --->   "%specloopname_ln273 = specloopname void @_ssdm_op_SpecLoopName, void @empty_50" [serial_fft/fft_serial.cpp:273]   --->   Operation 67 'specloopname' 'specloopname_ln273' <Predicate = true> <Delay = 0.00>
ST_9 : Operation 68 [1/5] (7.30ns)   --->   "%AXI_OUT_addr_1_resp = writeresp i1 @_ssdm_op_WriteResp.m_axi.i16P1A, i16 %AXI_OUT_addr_1" [serial_fft/fft_serial.cpp:276]   --->   Operation 68 'writeresp' 'AXI_OUT_addr_1_resp' <Predicate = true> <Delay = 7.30> <CoreInst = "m_axi">   --->   Core 113 'm_axi' <Latency = 0> <II = 1> <Delay = 1.00> <Adapter> <Opcode : 'read' 'write' 'readreq' 'writereq' 'writeresp'>
ST_9 : Operation 69 [1/1] (0.00ns)   --->   "%br_ln273 = br void %for.inc92" [serial_fft/fft_serial.cpp:273]   --->   Operation 69 'br' 'br_ln273' <Predicate = true> <Delay = 0.00>


============================================================
+ Verbose Summary: Timing violations
============================================================
Target clock period: 10.000ns, clock uncertainty: 2.700ns.

 <State 1>: 4.412ns
The critical path consists of the following:
	'store' operation 0 bit ('store_ln273', serial_fft/fft_serial.cpp:273) of constant 0 on local variable 'i', serial_fft/fft_serial.cpp:273 [14]  (1.324 ns)
	'load' operation 11 bit ('i', serial_fft/fft_serial.cpp:273) on local variable 'i', serial_fft/fft_serial.cpp:273 [17]  (0.000 ns)
	'icmp' operation 1 bit ('icmp_ln273', serial_fft/fft_serial.cpp:273) [19]  (1.764 ns)
	'store' operation 0 bit ('store_ln273', serial_fft/fft_serial.cpp:273) of variable 'add_ln273', serial_fft/fft_serial.cpp:273 on local variable 'i', serial_fft/fft_serial.cpp:273 [54]  (1.324 ns)

 <State 2>: 7.300ns
The critical path consists of the following:
	bus request operation ('AXI_OUT_addr_req', serial_fft/fft_serial.cpp:275) on port 'AXI_OUT' (serial_fft/fft_serial.cpp:275) [39]  (7.300 ns)

 <State 3>: 7.300ns
The critical path consists of the following:
	bus write operation ('write_ln275', serial_fft/fft_serial.cpp:275) on port 'AXI_OUT' (serial_fft/fft_serial.cpp:275) [40]  (7.300 ns)

 <State 4>: 7.300ns
The critical path consists of the following:
	bus response operation ('AXI_OUT_addr_resp', serial_fft/fft_serial.cpp:275) on port 'AXI_OUT' (serial_fft/fft_serial.cpp:275) [41]  (7.300 ns)

 <State 5>: 7.300ns
The critical path consists of the following:
	bus response operation ('AXI_OUT_addr_resp', serial_fft/fft_serial.cpp:275) on port 'AXI_OUT' (serial_fft/fft_serial.cpp:275) [41]  (7.300 ns)

 <State 6>: 7.300ns
The critical path consists of the following:
	bus response operation ('AXI_OUT_addr_resp', serial_fft/fft_serial.cpp:275) on port 'AXI_OUT' (serial_fft/fft_serial.cpp:275) [41]  (7.300 ns)

 <State 7>: 7.300ns
The critical path consists of the following:
	bus response operation ('AXI_OUT_addr_resp', serial_fft/fft_serial.cpp:275) on port 'AXI_OUT' (serial_fft/fft_serial.cpp:275) [41]  (7.300 ns)

 <State 8>: 7.300ns
The critical path consists of the following:
	bus response operation ('AXI_OUT_addr_resp', serial_fft/fft_serial.cpp:275) on port 'AXI_OUT' (serial_fft/fft_serial.cpp:275) [41]  (7.300 ns)

 <State 9>: 7.300ns
The critical path consists of the following:
	bus response operation ('AXI_OUT_addr_1_resp', serial_fft/fft_serial.cpp:276) on port 'AXI_OUT' (serial_fft/fft_serial.cpp:276) [53]  (7.300 ns)


============================================================
+ Verbose Summary: Binding
============================================================
N/A
* FSMD analyzer results:
  - Output states:
 - Input state : 
  - Chain level:
	State 1
	State 2
	State 3
	State 4
	State 5
	State 6
	State 7
	State 8
	State 9


============================================================
+ Verbose Summary: Datapath Resource usage 
============================================================
N/A
