

================================================================
== Vitis HLS Report for 'fft_serial_Pipeline_load_loop'
================================================================
* Date:           Tue Jun 30 20:48:42 2026

* Version:        2023.2 (Build 4023990 on Oct 11 2023)
* Project:        serial_fft_hls
* Solution:       solution1 (Vivado IP Flow Target)
* Product family: artix7
* Target device:  xc7a200t-fbg676-2


================================================================
== Performance Estimates
================================================================
+ Timing: 
    * Summary: 
    +--------+----------+----------+------------+
    |  Clock |  Target  | Estimated| Uncertainty|
    +--------+----------+----------+------------+
    |ap_clk  |  10.00 ns|  7.300 ns|     2.70 ns|
    +--------+----------+----------+------------+

+ Latency: 
    * Summary: 
    +---------+---------+-----------+-----------+------+------+---------+
    |  Latency (cycles) |   Latency (absolute)  |   Interval  | Pipeline|
    |   min   |   max   |    min    |    max    |  min |  max |   Type  |
    +---------+---------+-----------+-----------+------+------+---------+
    |     2059|     2059|  20.590 us|  20.590 us|  2059|  2059|       no|
    +---------+---------+-----------+-----------+------+------+---------+

    + Detail: 
        * Instance: 
        N/A

        * Loop: 
        +-------------+---------+---------+----------+-----------+-----------+------+----------+
        |             |  Latency (cycles) | Iteration|  Initiation Interval  | Trip |          |
        |  Loop Name  |   min   |   max   |  Latency |  achieved |   target  | Count| Pipelined|
        +-------------+---------+---------+----------+-----------+-----------+------+----------+
        |- load_loop  |     2057|     2057|        12|          2|          1|  1024|       yes|
        +-------------+---------+---------+----------+-----------+-----------+------+----------+



================================================================
== Utilization Estimates
================================================================
* Summary: 
+-----------------+---------+-----+--------+--------+-----+
|       Name      | BRAM_18K| DSP |   FF   |   LUT  | URAM|
+-----------------+---------+-----+--------+--------+-----+
|DSP              |        -|    -|       -|       -|    -|
|Expression       |        -|    -|       0|     187|    -|
|FIFO             |        -|    -|       -|       -|    -|
|Instance         |        -|    -|       -|       -|    -|
|Memory           |        -|    -|       -|       -|    -|
|Multiplexer      |        -|    -|       -|      89|    -|
|Register         |        -|    -|     341|      64|    -|
+-----------------+---------+-----+--------+--------+-----+
|Total            |        0|    0|     341|     340|    0|
+-----------------+---------+-----+--------+--------+-----+
|Available        |      730|  740|  269200|  134600|    0|
+-----------------+---------+-----+--------+--------+-----+
|Utilization (%)  |        0|    0|      ~0|      ~0|    0|
+-----------------+---------+-----+--------+--------+-----+

+ Detail: 
    * Instance: 
    N/A

    * DSP: 
    N/A

    * Memory: 
    N/A

    * FIFO: 
    N/A

    * Expression: 
    +---------------------------+----------+----+---+----+------------+------------+
    |       Variable Name       | Operation| DSP| FF| LUT| Bitwidth P0| Bitwidth P1|
    +---------------------------+----------+----+---+----+------------+------------+
    |add_ln219_fu_178_p2        |         +|   0|  0|  18|          11|           1|
    |add_ln222_fu_198_p2        |         +|   0|  0|  71|          64|          64|
    |add_ln223_fu_218_p2        |         +|   0|  0|  71|          64|          64|
    |ap_block_state2_io         |       and|   0|  0|   2|           1|           1|
    |icmp_ln219_fu_172_p2       |      icmp|   0|  0|  19|          11|          12|
    |ap_block_pp0_stage0_11001  |        or|   0|  0|   2|           1|           1|
    |ap_block_pp0_stage1_11001  |        or|   0|  0|   2|           1|           1|
    |ap_enable_pp0              |       xor|   0|  0|   2|           1|           2|
    +---------------------------+----------+----+---+----+------------+------------+
    |Total                      |          |   0|  0| 187|         154|         146|
    +---------------------------+----------+----+---+----+------------+------------+

    * Multiplexer: 
    +-------------------------+----+-----------+-----+-----------+
    |           Name          | LUT| Input Size| Bits| Total Bits|
    +-------------------------+----+-----------+-----+-----------+
    |AXI_IN_blk_n_AR          |   9|          2|    1|          2|
    |AXI_IN_blk_n_R           |   9|          2|    1|          2|
    |ap_NS_fsm                |  13|          3|    1|          3|
    |ap_done_int              |   9|          2|    1|          2|
    |ap_enable_reg_pp0_iter0  |   9|          2|    1|          2|
    |ap_enable_reg_pp0_iter1  |   9|          2|    1|          2|
    |ap_sig_allocacmp_i_8     |   9|          2|   11|         22|
    |i_fu_66                  |   9|          2|   11|         22|
    |m_axi_AXI_IN_ARADDR      |  13|          3|   64|        192|
    +-------------------------+----+-----------+-----+-----------+
    |Total                    |  89|         20|   92|        249|
    +-------------------------+----+-----------+-----+-----------+

    * Register: 
    +----------------------------------+----+----+-----+-----------+
    |               Name               | FF | LUT| Bits| Const Bits|
    +----------------------------------+----+----+-----+-----------+
    |AXI_IN_addr_1_read_reg_289        |  16|   0|   16|          0|
    |AXI_IN_addr_1_reg_278             |  64|   0|   64|          0|
    |AXI_IN_addr_read_reg_284          |  16|   0|   16|          0|
    |AXI_IN_addr_reg_268               |  64|   0|   64|          0|
    |ap_CS_fsm                         |   2|   0|    2|          0|
    |ap_done_reg                       |   1|   0|    1|          0|
    |ap_enable_reg_pp0_iter0_reg       |   1|   0|    1|          0|
    |ap_enable_reg_pp0_iter1           |   1|   0|    1|          0|
    |ap_enable_reg_pp0_iter2           |   1|   0|    1|          0|
    |ap_enable_reg_pp0_iter3           |   1|   0|    1|          0|
    |ap_enable_reg_pp0_iter4           |   1|   0|    1|          0|
    |ap_enable_reg_pp0_iter5           |   1|   0|    1|          0|
    |ap_loop_exit_ready_pp0_iter1_reg  |   1|   0|    1|          0|
    |ap_loop_exit_ready_pp0_iter2_reg  |   1|   0|    1|          0|
    |ap_loop_exit_ready_pp0_iter3_reg  |   1|   0|    1|          0|
    |ap_loop_exit_ready_pp0_iter4_reg  |   1|   0|    1|          0|
    |i_fu_66                           |  11|   0|   11|          0|
    |icmp_ln219_reg_259                |   1|   0|    1|          0|
    |im_1_addr_reg_299                 |   9|   0|    9|          0|
    |im_addr_reg_294                   |   9|   0|    9|          0|
    |or_ln_reg_263                     |   9|   0|    9|          0|
    |tmp_reg_274                       |   1|   0|    1|          0|
    |or_ln_reg_263                     |  64|  32|    9|          0|
    |tmp_reg_274                       |  64|  32|    1|          0|
    +----------------------------------+----+----+-----+-----------+
    |Total                             | 341|  64|  223|          0|
    +----------------------------------+----+----+-----+-----------+



================================================================
== Interface
================================================================
* Summary: 
+-----------------------+-----+-----+------------+-------------------------------+--------------+
|       RTL Ports       | Dir | Bits|  Protocol  |         Source Object         |    C Type    |
+-----------------------+-----+-----+------------+-------------------------------+--------------+
|ap_clk                 |   in|    1|  ap_ctrl_hs|  fft_serial_Pipeline_load_loop|  return value|
|ap_rst                 |   in|    1|  ap_ctrl_hs|  fft_serial_Pipeline_load_loop|  return value|
|ap_start               |   in|    1|  ap_ctrl_hs|  fft_serial_Pipeline_load_loop|  return value|
|ap_done                |  out|    1|  ap_ctrl_hs|  fft_serial_Pipeline_load_loop|  return value|
|ap_idle                |  out|    1|  ap_ctrl_hs|  fft_serial_Pipeline_load_loop|  return value|
|ap_ready               |  out|    1|  ap_ctrl_hs|  fft_serial_Pipeline_load_loop|  return value|
|m_axi_AXI_IN_AWVALID   |  out|    1|       m_axi|                         AXI_IN|       pointer|
|m_axi_AXI_IN_AWREADY   |   in|    1|       m_axi|                         AXI_IN|       pointer|
|m_axi_AXI_IN_AWADDR    |  out|   64|       m_axi|                         AXI_IN|       pointer|
|m_axi_AXI_IN_AWID      |  out|    1|       m_axi|                         AXI_IN|       pointer|
|m_axi_AXI_IN_AWLEN     |  out|   32|       m_axi|                         AXI_IN|       pointer|
|m_axi_AXI_IN_AWSIZE    |  out|    3|       m_axi|                         AXI_IN|       pointer|
|m_axi_AXI_IN_AWBURST   |  out|    2|       m_axi|                         AXI_IN|       pointer|
|m_axi_AXI_IN_AWLOCK    |  out|    2|       m_axi|                         AXI_IN|       pointer|
|m_axi_AXI_IN_AWCACHE   |  out|    4|       m_axi|                         AXI_IN|       pointer|
|m_axi_AXI_IN_AWPROT    |  out|    3|       m_axi|                         AXI_IN|       pointer|
|m_axi_AXI_IN_AWQOS     |  out|    4|       m_axi|                         AXI_IN|       pointer|
|m_axi_AXI_IN_AWREGION  |  out|    4|       m_axi|                         AXI_IN|       pointer|
|m_axi_AXI_IN_AWUSER    |  out|    1|       m_axi|                         AXI_IN|       pointer|
|m_axi_AXI_IN_WVALID    |  out|    1|       m_axi|                         AXI_IN|       pointer|
|m_axi_AXI_IN_WREADY    |   in|    1|       m_axi|                         AXI_IN|       pointer|
|m_axi_AXI_IN_WDATA     |  out|   16|       m_axi|                         AXI_IN|       pointer|
|m_axi_AXI_IN_WSTRB     |  out|    2|       m_axi|                         AXI_IN|       pointer|
|m_axi_AXI_IN_WLAST     |  out|    1|       m_axi|                         AXI_IN|       pointer|
|m_axi_AXI_IN_WID       |  out|    1|       m_axi|                         AXI_IN|       pointer|
|m_axi_AXI_IN_WUSER     |  out|    1|       m_axi|                         AXI_IN|       pointer|
|m_axi_AXI_IN_ARVALID   |  out|    1|       m_axi|                         AXI_IN|       pointer|
|m_axi_AXI_IN_ARREADY   |   in|    1|       m_axi|                         AXI_IN|       pointer|
|m_axi_AXI_IN_ARADDR    |  out|   64|       m_axi|                         AXI_IN|       pointer|
|m_axi_AXI_IN_ARID      |  out|    1|       m_axi|                         AXI_IN|       pointer|
|m_axi_AXI_IN_ARLEN     |  out|   32|       m_axi|                         AXI_IN|       pointer|
|m_axi_AXI_IN_ARSIZE    |  out|    3|       m_axi|                         AXI_IN|       pointer|
|m_axi_AXI_IN_ARBURST   |  out|    2|       m_axi|                         AXI_IN|       pointer|
|m_axi_AXI_IN_ARLOCK    |  out|    2|       m_axi|                         AXI_IN|       pointer|
|m_axi_AXI_IN_ARCACHE   |  out|    4|       m_axi|                         AXI_IN|       pointer|
|m_axi_AXI_IN_ARPROT    |  out|    3|       m_axi|                         AXI_IN|       pointer|
|m_axi_AXI_IN_ARQOS     |  out|    4|       m_axi|                         AXI_IN|       pointer|
|m_axi_AXI_IN_ARREGION  |  out|    4|       m_axi|                         AXI_IN|       pointer|
|m_axi_AXI_IN_ARUSER    |  out|    1|       m_axi|                         AXI_IN|       pointer|
|m_axi_AXI_IN_RVALID    |   in|    1|       m_axi|                         AXI_IN|       pointer|
|m_axi_AXI_IN_RREADY    |  out|    1|       m_axi|                         AXI_IN|       pointer|
|m_axi_AXI_IN_RDATA     |   in|   16|       m_axi|                         AXI_IN|       pointer|
|m_axi_AXI_IN_RLAST     |   in|    1|       m_axi|                         AXI_IN|       pointer|
|m_axi_AXI_IN_RID       |   in|    1|       m_axi|                         AXI_IN|       pointer|
|m_axi_AXI_IN_RFIFONUM  |   in|   10|       m_axi|                         AXI_IN|       pointer|
|m_axi_AXI_IN_RUSER     |   in|    1|       m_axi|                         AXI_IN|       pointer|
|m_axi_AXI_IN_RRESP     |   in|    2|       m_axi|                         AXI_IN|       pointer|
|m_axi_AXI_IN_BVALID    |   in|    1|       m_axi|                         AXI_IN|       pointer|
|m_axi_AXI_IN_BREADY    |  out|    1|       m_axi|                         AXI_IN|       pointer|
|m_axi_AXI_IN_BRESP     |   in|    2|       m_axi|                         AXI_IN|       pointer|
|m_axi_AXI_IN_BID       |   in|    1|       m_axi|                         AXI_IN|       pointer|
|m_axi_AXI_IN_BUSER     |   in|    1|       m_axi|                         AXI_IN|       pointer|
|im_1_address0          |  out|    9|   ap_memory|                           im_1|         array|
|im_1_ce0               |  out|    1|   ap_memory|                           im_1|         array|
|im_1_we0               |  out|    1|   ap_memory|                           im_1|         array|
|im_1_d0                |  out|   17|   ap_memory|                           im_1|         array|
|im_address0            |  out|    9|   ap_memory|                             im|         array|
|im_ce0                 |  out|    1|   ap_memory|                             im|         array|
|im_we0                 |  out|    1|   ap_memory|                             im|         array|
|im_d0                  |  out|   17|   ap_memory|                             im|         array|
|re_1_address0          |  out|    9|   ap_memory|                           re_1|         array|
|re_1_ce0               |  out|    1|   ap_memory|                           re_1|         array|
|re_1_we0               |  out|    1|   ap_memory|                           re_1|         array|
|re_1_d0                |  out|   17|   ap_memory|                           re_1|         array|
|re_address0            |  out|    9|   ap_memory|                             re|         array|
|re_ce0                 |  out|    1|   ap_memory|                             re|         array|
|re_we0                 |  out|    1|   ap_memory|                             re|         array|
|re_d0                  |  out|   17|   ap_memory|                             re|         array|
|sext_ln219             |   in|   63|     ap_none|                     sext_ln219|        scalar|
|sext_ln219_1           |   in|   63|     ap_none|                   sext_ln219_1|        scalar|
+-----------------------+-----+-----+------------+-------------------------------+--------------+

============================================================
+ Verbose Summary: Synthesis Manager
============================================================
InlineROM: 1
ExposeGlobal: 0
============================================================
+ Verbose Summary: CDFG Model
============================================================
IsTopModel: 0
ResetActiveHigh: 1
IsCombinational: 2
IsDatapathOnly: 2
HasWiredReturn: 1
HasMFsm: 2
HasVarLatency: 1
IsPipeline: 0
IsRtlPipelined: 0
IsInstanceOverlapped: 0
IsDontTouch: 0
HasImplIP: 0
IsGatedGlobalClock: 0

+ Individual pipeline summary: 
  * Pipeline-0: initiation interval (II) = 2, depth = 12


============================================================
+ Verbose Summary: Schedule
============================================================
* Number of FSM states : 12
* Pipeline : 1
  Pipeline-0 : II = 2, D = 12, States = { 1 2 3 4 5 6 7 8 9 10 11 12 }
* Dataflow Pipeline: 0

* FSM state transitions: 
1 --> 2 
2 --> 3 
3 --> 4 
4 --> 5 
5 --> 6 
6 --> 7 
7 --> 8 
8 --> 9 
9 --> 10 
10 --> 11 
11 --> 12 
12 --> 

* FSM state operations: 

State 1 <SV = 0> <Delay = 4.41>
ST_1 : Operation 15 [1/1] (0.00ns)   --->   "%i = alloca i32 1" [serial_fft/fft_serial.cpp:219]   --->   Operation 15 'alloca' 'i' <Predicate = true> <Delay = 0.00>
ST_1 : Operation 16 [1/1] (0.00ns)   --->   "%sext_ln219_1_read = read i63 @_ssdm_op_Read.ap_auto.i63, i63 %sext_ln219_1"   --->   Operation 16 'read' 'sext_ln219_1_read' <Predicate = true> <Delay = 0.00>
ST_1 : Operation 17 [1/1] (0.00ns)   --->   "%sext_ln219_read = read i63 @_ssdm_op_Read.ap_auto.i63, i63 %sext_ln219"   --->   Operation 17 'read' 'sext_ln219_read' <Predicate = true> <Delay = 0.00>
ST_1 : Operation 18 [1/1] (0.00ns)   --->   "%sext_ln219_1_cast = sext i63 %sext_ln219_1_read"   --->   Operation 18 'sext' 'sext_ln219_1_cast' <Predicate = true> <Delay = 0.00>
ST_1 : Operation 19 [1/1] (0.00ns)   --->   "%sext_ln219_cast = sext i63 %sext_ln219_read"   --->   Operation 19 'sext' 'sext_ln219_cast' <Predicate = true> <Delay = 0.00>
ST_1 : Operation 20 [1/1] (0.00ns)   --->   "%specinterface_ln0 = specinterface void @_ssdm_op_SpecInterface, i16 %AXI_IN, void @empty_35, i32 0, i32 0, void @empty_36, i32 0, i32 0, void @empty_37, void @empty_38, void @empty_36, i32 16, i32 16, i32 16, i32 16, void @empty_36, void @empty_36, i32 4294967295, i32 0"   --->   Operation 20 'specinterface' 'specinterface_ln0' <Predicate = true> <Delay = 0.00>
ST_1 : Operation 21 [1/1] (1.32ns)   --->   "%store_ln219 = store i11 0, i11 %i" [serial_fft/fft_serial.cpp:219]   --->   Operation 21 'store' 'store_ln219' <Predicate = true> <Delay = 1.32>
ST_1 : Operation 22 [1/1] (0.00ns)   --->   "%br_ln0 = br void %for.body"   --->   Operation 22 'br' 'br_ln0' <Predicate = true> <Delay = 0.00>
ST_1 : Operation 23 [1/1] (0.00ns)   --->   "%i_8 = load i11 %i" [serial_fft/fft_serial.cpp:219]   --->   Operation 23 'load' 'i_8' <Predicate = true> <Delay = 0.00>
ST_1 : Operation 24 [1/1] (0.00ns)   --->   "%specbitsmap_ln0 = specbitsmap void @_ssdm_op_SpecBitsMap, i16 %AXI_IN"   --->   Operation 24 'specbitsmap' 'specbitsmap_ln0' <Predicate = true> <Delay = 0.00>
ST_1 : Operation 25 [1/1] (1.76ns)   --->   "%icmp_ln219 = icmp_eq  i11 %i_8, i11 1024" [serial_fft/fft_serial.cpp:219]   --->   Operation 25 'icmp' 'icmp_ln219' <Predicate = true> <Delay = 1.76> <CoreInst = "Cmp">   --->   Core 9 'Cmp' <Latency = 0> <II = 1> <Delay = 1.77> <FuncUnit> <Opcode : 'icmp'> <InPorts = 2> <OutPorts = 1>
ST_1 : Operation 26 [1/1] (1.76ns)   --->   "%add_ln219 = add i11 %i_8, i11 1" [serial_fft/fft_serial.cpp:219]   --->   Operation 26 'add' 'add_ln219' <Predicate = true> <Delay = 1.76> <CoreInst = "Adder">   --->   Core 1 'Adder' <Latency = 0> <II = 1> <Delay = 1.76> <FuncUnit> <Opcode : 'add' 'sub'> <InPorts = 2> <OutPorts = 1>
ST_1 : Operation 27 [1/1] (0.00ns)   --->   "%br_ln219 = br i1 %icmp_ln219, void %for.body.split, void %for.body.i12683.preheader.exitStub" [serial_fft/fft_serial.cpp:219]   --->   Operation 27 'br' 'br_ln219' <Predicate = true> <Delay = 0.00>
ST_1 : Operation 28 [1/1] (0.00ns)   --->   "%zext_ln219 = zext i11 %i_8" [serial_fft/fft_serial.cpp:219]   --->   Operation 28 'zext' 'zext_ln219' <Predicate = (!icmp_ln219)> <Delay = 0.00>
ST_1 : Operation 29 [1/1] (0.00ns)   --->   "%or_ln = partselect i9 @_ssdm_op_PartSelect.i9.i11.i32.i32, i11 %i_8, i32 8, i32 0" [serial_fft/fft_serial.cpp:94->serial_fft/fft_serial.cpp:221]   --->   Operation 29 'partselect' 'or_ln' <Predicate = (!icmp_ln219)> <Delay = 0.00>
ST_1 : Operation 30 [1/1] (2.97ns)   --->   "%add_ln222 = add i64 %zext_ln219, i64 %sext_ln219_cast" [serial_fft/fft_serial.cpp:222]   --->   Operation 30 'add' 'add_ln222' <Predicate = (!icmp_ln219)> <Delay = 2.97> <CoreInst = "Adder">   --->   Core 1 'Adder' <Latency = 0> <II = 1> <Delay = 2.99> <FuncUnit> <Opcode : 'add' 'sub'> <InPorts = 2> <OutPorts = 1>
ST_1 : Operation 31 [1/1] (0.00ns)   --->   "%AXI_IN_addr = getelementptr i16 %AXI_IN, i64 %add_ln222" [serial_fft/fft_serial.cpp:222]   --->   Operation 31 'getelementptr' 'AXI_IN_addr' <Predicate = (!icmp_ln219)> <Delay = 0.00>
ST_1 : Operation 32 [1/1] (0.00ns)   --->   "%tmp = bitselect i1 @_ssdm_op_BitSelect.i1.i11.i32, i11 %i_8, i32 9" [serial_fft/fft_serial.cpp:222]   --->   Operation 32 'bitselect' 'tmp' <Predicate = (!icmp_ln219)> <Delay = 0.00>
ST_1 : Operation 33 [1/1] (2.97ns)   --->   "%add_ln223 = add i64 %zext_ln219, i64 %sext_ln219_1_cast" [serial_fft/fft_serial.cpp:223]   --->   Operation 33 'add' 'add_ln223' <Predicate = (!icmp_ln219)> <Delay = 2.97> <CoreInst = "Adder">   --->   Core 1 'Adder' <Latency = 0> <II = 1> <Delay = 2.99> <FuncUnit> <Opcode : 'add' 'sub'> <InPorts = 2> <OutPorts = 1>
ST_1 : Operation 34 [1/1] (0.00ns)   --->   "%AXI_IN_addr_1 = getelementptr i16 %AXI_IN, i64 %add_ln223" [serial_fft/fft_serial.cpp:223]   --->   Operation 34 'getelementptr' 'AXI_IN_addr_1' <Predicate = (!icmp_ln219)> <Delay = 0.00>
ST_1 : Operation 35 [1/1] (0.00ns)   --->   "%br_ln222 = br i1 %tmp, void %arrayidx7.case.0, void %arrayidx7.case.1" [serial_fft/fft_serial.cpp:222]   --->   Operation 35 'br' 'br_ln222' <Predicate = (!icmp_ln219)> <Delay = 0.00>
ST_1 : Operation 36 [1/1] (1.32ns)   --->   "%store_ln219 = store i11 %add_ln219, i11 %i" [serial_fft/fft_serial.cpp:219]   --->   Operation 36 'store' 'store_ln219' <Predicate = (!icmp_ln219)> <Delay = 1.32>
ST_1 : Operation 37 [1/1] (0.00ns)   --->   "%br_ln219 = br void %for.body" [serial_fft/fft_serial.cpp:219]   --->   Operation 37 'br' 'br_ln219' <Predicate = (!icmp_ln219)> <Delay = 0.00>

State 2 <SV = 1> <Delay = 7.30>
ST_2 : Operation 38 [8/8] (7.30ns)   --->   "%AXI_IN_load_req = readreq i1 @_ssdm_op_ReadReq.m_axi.i16P1A, i64 %AXI_IN_addr, i32 1" [serial_fft/fft_serial.cpp:222]   --->   Operation 38 'readreq' 'AXI_IN_load_req' <Predicate = (!icmp_ln219)> <Delay = 7.30> <CoreInst = "m_axi">   --->   Core 113 'm_axi' <Latency = 0> <II = 1> <Delay = 1.00> <Adapter> <Opcode : 'read' 'write' 'readreq' 'writereq' 'writeresp'>

State 3 <SV = 2> <Delay = 7.30>
ST_3 : Operation 39 [7/8] (7.30ns)   --->   "%AXI_IN_load_req = readreq i1 @_ssdm_op_ReadReq.m_axi.i16P1A, i64 %AXI_IN_addr, i32 1" [serial_fft/fft_serial.cpp:222]   --->   Operation 39 'readreq' 'AXI_IN_load_req' <Predicate = true> <Delay = 7.30> <CoreInst = "m_axi">   --->   Core 113 'm_axi' <Latency = 0> <II = 1> <Delay = 1.00> <Adapter> <Opcode : 'read' 'write' 'readreq' 'writereq' 'writeresp'>
ST_3 : Operation 40 [8/8] (7.30ns)   --->   "%AXI_IN_load_1_req = readreq i1 @_ssdm_op_ReadReq.m_axi.i16P1A, i64 %AXI_IN_addr_1, i32 1" [serial_fft/fft_serial.cpp:223]   --->   Operation 40 'readreq' 'AXI_IN_load_1_req' <Predicate = true> <Delay = 7.30> <CoreInst = "m_axi">   --->   Core 113 'm_axi' <Latency = 0> <II = 1> <Delay = 1.00> <Adapter> <Opcode : 'read' 'write' 'readreq' 'writereq' 'writeresp'>

State 4 <SV = 3> <Delay = 7.30>
ST_4 : Operation 41 [6/8] (7.30ns)   --->   "%AXI_IN_load_req = readreq i1 @_ssdm_op_ReadReq.m_axi.i16P1A, i64 %AXI_IN_addr, i32 1" [serial_fft/fft_serial.cpp:222]   --->   Operation 41 'readreq' 'AXI_IN_load_req' <Predicate = true> <Delay = 7.30> <CoreInst = "m_axi">   --->   Core 113 'm_axi' <Latency = 0> <II = 1> <Delay = 1.00> <Adapter> <Opcode : 'read' 'write' 'readreq' 'writereq' 'writeresp'>
ST_4 : Operation 42 [7/8] (7.30ns)   --->   "%AXI_IN_load_1_req = readreq i1 @_ssdm_op_ReadReq.m_axi.i16P1A, i64 %AXI_IN_addr_1, i32 1" [serial_fft/fft_serial.cpp:223]   --->   Operation 42 'readreq' 'AXI_IN_load_1_req' <Predicate = true> <Delay = 7.30> <CoreInst = "m_axi">   --->   Core 113 'm_axi' <Latency = 0> <II = 1> <Delay = 1.00> <Adapter> <Opcode : 'read' 'write' 'readreq' 'writereq' 'writeresp'>

State 5 <SV = 4> <Delay = 7.30>
ST_5 : Operation 43 [5/8] (7.30ns)   --->   "%AXI_IN_load_req = readreq i1 @_ssdm_op_ReadReq.m_axi.i16P1A, i64 %AXI_IN_addr, i32 1" [serial_fft/fft_serial.cpp:222]   --->   Operation 43 'readreq' 'AXI_IN_load_req' <Predicate = true> <Delay = 7.30> <CoreInst = "m_axi">   --->   Core 113 'm_axi' <Latency = 0> <II = 1> <Delay = 1.00> <Adapter> <Opcode : 'read' 'write' 'readreq' 'writereq' 'writeresp'>
ST_5 : Operation 44 [6/8] (7.30ns)   --->   "%AXI_IN_load_1_req = readreq i1 @_ssdm_op_ReadReq.m_axi.i16P1A, i64 %AXI_IN_addr_1, i32 1" [serial_fft/fft_serial.cpp:223]   --->   Operation 44 'readreq' 'AXI_IN_load_1_req' <Predicate = true> <Delay = 7.30> <CoreInst = "m_axi">   --->   Core 113 'm_axi' <Latency = 0> <II = 1> <Delay = 1.00> <Adapter> <Opcode : 'read' 'write' 'readreq' 'writereq' 'writeresp'>

State 6 <SV = 5> <Delay = 7.30>
ST_6 : Operation 45 [4/8] (7.30ns)   --->   "%AXI_IN_load_req = readreq i1 @_ssdm_op_ReadReq.m_axi.i16P1A, i64 %AXI_IN_addr, i32 1" [serial_fft/fft_serial.cpp:222]   --->   Operation 45 'readreq' 'AXI_IN_load_req' <Predicate = true> <Delay = 7.30> <CoreInst = "m_axi">   --->   Core 113 'm_axi' <Latency = 0> <II = 1> <Delay = 1.00> <Adapter> <Opcode : 'read' 'write' 'readreq' 'writereq' 'writeresp'>
ST_6 : Operation 46 [5/8] (7.30ns)   --->   "%AXI_IN_load_1_req = readreq i1 @_ssdm_op_ReadReq.m_axi.i16P1A, i64 %AXI_IN_addr_1, i32 1" [serial_fft/fft_serial.cpp:223]   --->   Operation 46 'readreq' 'AXI_IN_load_1_req' <Predicate = true> <Delay = 7.30> <CoreInst = "m_axi">   --->   Core 113 'm_axi' <Latency = 0> <II = 1> <Delay = 1.00> <Adapter> <Opcode : 'read' 'write' 'readreq' 'writereq' 'writeresp'>

State 7 <SV = 6> <Delay = 7.30>
ST_7 : Operation 47 [3/8] (7.30ns)   --->   "%AXI_IN_load_req = readreq i1 @_ssdm_op_ReadReq.m_axi.i16P1A, i64 %AXI_IN_addr, i32 1" [serial_fft/fft_serial.cpp:222]   --->   Operation 47 'readreq' 'AXI_IN_load_req' <Predicate = true> <Delay = 7.30> <CoreInst = "m_axi">   --->   Core 113 'm_axi' <Latency = 0> <II = 1> <Delay = 1.00> <Adapter> <Opcode : 'read' 'write' 'readreq' 'writereq' 'writeresp'>
ST_7 : Operation 48 [4/8] (7.30ns)   --->   "%AXI_IN_load_1_req = readreq i1 @_ssdm_op_ReadReq.m_axi.i16P1A, i64 %AXI_IN_addr_1, i32 1" [serial_fft/fft_serial.cpp:223]   --->   Operation 48 'readreq' 'AXI_IN_load_1_req' <Predicate = true> <Delay = 7.30> <CoreInst = "m_axi">   --->   Core 113 'm_axi' <Latency = 0> <II = 1> <Delay = 1.00> <Adapter> <Opcode : 'read' 'write' 'readreq' 'writereq' 'writeresp'>

State 8 <SV = 7> <Delay = 7.30>
ST_8 : Operation 49 [2/8] (7.30ns)   --->   "%AXI_IN_load_req = readreq i1 @_ssdm_op_ReadReq.m_axi.i16P1A, i64 %AXI_IN_addr, i32 1" [serial_fft/fft_serial.cpp:222]   --->   Operation 49 'readreq' 'AXI_IN_load_req' <Predicate = true> <Delay = 7.30> <CoreInst = "m_axi">   --->   Core 113 'm_axi' <Latency = 0> <II = 1> <Delay = 1.00> <Adapter> <Opcode : 'read' 'write' 'readreq' 'writereq' 'writeresp'>
ST_8 : Operation 50 [3/8] (7.30ns)   --->   "%AXI_IN_load_1_req = readreq i1 @_ssdm_op_ReadReq.m_axi.i16P1A, i64 %AXI_IN_addr_1, i32 1" [serial_fft/fft_serial.cpp:223]   --->   Operation 50 'readreq' 'AXI_IN_load_1_req' <Predicate = true> <Delay = 7.30> <CoreInst = "m_axi">   --->   Core 113 'm_axi' <Latency = 0> <II = 1> <Delay = 1.00> <Adapter> <Opcode : 'read' 'write' 'readreq' 'writereq' 'writeresp'>

State 9 <SV = 8> <Delay = 7.30>
ST_9 : Operation 51 [1/8] (7.30ns)   --->   "%AXI_IN_load_req = readreq i1 @_ssdm_op_ReadReq.m_axi.i16P1A, i64 %AXI_IN_addr, i32 1" [serial_fft/fft_serial.cpp:222]   --->   Operation 51 'readreq' 'AXI_IN_load_req' <Predicate = true> <Delay = 7.30> <CoreInst = "m_axi">   --->   Core 113 'm_axi' <Latency = 0> <II = 1> <Delay = 1.00> <Adapter> <Opcode : 'read' 'write' 'readreq' 'writereq' 'writeresp'>
ST_9 : Operation 52 [2/8] (7.30ns)   --->   "%AXI_IN_load_1_req = readreq i1 @_ssdm_op_ReadReq.m_axi.i16P1A, i64 %AXI_IN_addr_1, i32 1" [serial_fft/fft_serial.cpp:223]   --->   Operation 52 'readreq' 'AXI_IN_load_1_req' <Predicate = true> <Delay = 7.30> <CoreInst = "m_axi">   --->   Core 113 'm_axi' <Latency = 0> <II = 1> <Delay = 1.00> <Adapter> <Opcode : 'read' 'write' 'readreq' 'writereq' 'writeresp'>

State 10 <SV = 9> <Delay = 7.30>
ST_10 : Operation 53 [1/1] (7.30ns)   --->   "%AXI_IN_addr_read = read i16 @_ssdm_op_Read.m_axi.i16P1A, i64 %AXI_IN_addr" [serial_fft/fft_serial.cpp:222]   --->   Operation 53 'read' 'AXI_IN_addr_read' <Predicate = true> <Delay = 7.30> <CoreInst = "m_axi">   --->   Core 113 'm_axi' <Latency = 0> <II = 1> <Delay = 1.00> <Adapter> <Opcode : 'read' 'write' 'readreq' 'writereq' 'writeresp'>
ST_10 : Operation 54 [1/8] (7.30ns)   --->   "%AXI_IN_load_1_req = readreq i1 @_ssdm_op_ReadReq.m_axi.i16P1A, i64 %AXI_IN_addr_1, i32 1" [serial_fft/fft_serial.cpp:223]   --->   Operation 54 'readreq' 'AXI_IN_load_1_req' <Predicate = true> <Delay = 7.30> <CoreInst = "m_axi">   --->   Core 113 'm_axi' <Latency = 0> <II = 1> <Delay = 1.00> <Adapter> <Opcode : 'read' 'write' 'readreq' 'writereq' 'writeresp'>
ST_10 : Operation 72 [1/1] (0.00ns)   --->   "%ret_ln0 = ret"   --->   Operation 72 'ret' 'ret_ln0' <Predicate = (icmp_ln219)> <Delay = 0.00>

State 11 <SV = 10> <Delay = 7.30>
ST_11 : Operation 55 [1/1] (0.00ns)   --->   "%zext_ln94 = zext i9 %or_ln" [serial_fft/fft_serial.cpp:94->serial_fft/fft_serial.cpp:221]   --->   Operation 55 'zext' 'zext_ln94' <Predicate = true> <Delay = 0.00>
ST_11 : Operation 56 [1/1] (0.00ns)   --->   "%sext_ln222 = sext i16 %AXI_IN_addr_read" [serial_fft/fft_serial.cpp:222]   --->   Operation 56 'sext' 'sext_ln222' <Predicate = true> <Delay = 0.00>
ST_11 : Operation 57 [1/1] (0.00ns)   --->   "%re_addr = getelementptr i17 %re, i64 0, i64 %zext_ln94" [serial_fft/fft_serial.cpp:222]   --->   Operation 57 'getelementptr' 're_addr' <Predicate = true> <Delay = 0.00>
ST_11 : Operation 58 [1/1] (0.00ns)   --->   "%re_1_addr = getelementptr i17 %re_1, i64 0, i64 %zext_ln94" [serial_fft/fft_serial.cpp:222]   --->   Operation 58 'getelementptr' 're_1_addr' <Predicate = true> <Delay = 0.00>
ST_11 : Operation 59 [1/1] (7.30ns)   --->   "%AXI_IN_addr_1_read = read i16 @_ssdm_op_Read.m_axi.i16P1A, i64 %AXI_IN_addr_1" [serial_fft/fft_serial.cpp:223]   --->   Operation 59 'read' 'AXI_IN_addr_1_read' <Predicate = true> <Delay = 7.30> <CoreInst = "m_axi">   --->   Core 113 'm_axi' <Latency = 0> <II = 1> <Delay = 1.00> <Adapter> <Opcode : 'read' 'write' 'readreq' 'writereq' 'writeresp'>
ST_11 : Operation 60 [1/1] (0.00ns)   --->   "%im_addr = getelementptr i17 %im, i64 0, i64 %zext_ln94" [serial_fft/fft_serial.cpp:223]   --->   Operation 60 'getelementptr' 'im_addr' <Predicate = true> <Delay = 0.00>
ST_11 : Operation 61 [1/1] (0.00ns)   --->   "%im_1_addr = getelementptr i17 %im_1, i64 0, i64 %zext_ln94" [serial_fft/fft_serial.cpp:223]   --->   Operation 61 'getelementptr' 'im_1_addr' <Predicate = true> <Delay = 0.00>
ST_11 : Operation 62 [1/1] (2.77ns)   --->   "%store_ln222 = store i17 %sext_ln222, i9 %re_addr" [serial_fft/fft_serial.cpp:222]   --->   Operation 62 'store' 'store_ln222' <Predicate = (!tmp)> <Delay = 2.77> <CoreInst = "RAM">   --->   Core 82 'RAM' <Latency = 1> <II = 1> <Delay = 2.77> <Storage> <Opcode : 'load' 'store'> <Ports = 2> <Width = 17> <Depth = 512> <RAM>
ST_11 : Operation 63 [1/1] (2.77ns)   --->   "%store_ln222 = store i17 %sext_ln222, i9 %re_1_addr" [serial_fft/fft_serial.cpp:222]   --->   Operation 63 'store' 'store_ln222' <Predicate = (tmp)> <Delay = 2.77> <CoreInst = "RAM">   --->   Core 82 'RAM' <Latency = 1> <II = 1> <Delay = 2.77> <Storage> <Opcode : 'load' 'store'> <Ports = 2> <Width = 17> <Depth = 512> <RAM>

State 12 <SV = 11> <Delay = 2.77>
ST_12 : Operation 64 [1/1] (0.00ns)   --->   "%specpipeline_ln220 = specpipeline void @_ssdm_op_SpecPipeline, i32 1, i32 0, i32 0, i32 0, void @empty_36" [serial_fft/fft_serial.cpp:220]   --->   Operation 64 'specpipeline' 'specpipeline_ln220' <Predicate = true> <Delay = 0.00>
ST_12 : Operation 65 [1/1] (0.00ns)   --->   "%speclooptripcount_ln92 = speclooptripcount void @_ssdm_op_SpecLoopTripCount, i64 1024, i64 1024, i64 1024" [serial_fft/fft_serial.cpp:92->serial_fft/fft_serial.cpp:221]   --->   Operation 65 'speclooptripcount' 'speclooptripcount_ln92' <Predicate = true> <Delay = 0.00>
ST_12 : Operation 66 [1/1] (0.00ns)   --->   "%specloopname_ln219 = specloopname void @_ssdm_op_SpecLoopName, void @empty_39" [serial_fft/fft_serial.cpp:219]   --->   Operation 66 'specloopname' 'specloopname_ln219' <Predicate = true> <Delay = 0.00>
ST_12 : Operation 67 [1/1] (0.00ns)   --->   "%sext_ln223 = sext i16 %AXI_IN_addr_1_read" [serial_fft/fft_serial.cpp:223]   --->   Operation 67 'sext' 'sext_ln223' <Predicate = true> <Delay = 0.00>
ST_12 : Operation 68 [1/1] (2.77ns)   --->   "%store_ln223 = store i17 %sext_ln223, i9 %im_addr" [serial_fft/fft_serial.cpp:223]   --->   Operation 68 'store' 'store_ln223' <Predicate = (!tmp)> <Delay = 2.77> <CoreInst = "RAM">   --->   Core 82 'RAM' <Latency = 1> <II = 1> <Delay = 2.77> <Storage> <Opcode : 'load' 'store'> <Ports = 2> <Width = 17> <Depth = 512> <RAM>
ST_12 : Operation 69 [1/1] (0.00ns)   --->   "%br_ln223 = br void %arrayidx7.exit" [serial_fft/fft_serial.cpp:223]   --->   Operation 69 'br' 'br_ln223' <Predicate = (!tmp)> <Delay = 0.00>
ST_12 : Operation 70 [1/1] (2.77ns)   --->   "%store_ln223 = store i17 %sext_ln223, i9 %im_1_addr" [serial_fft/fft_serial.cpp:223]   --->   Operation 70 'store' 'store_ln223' <Predicate = (tmp)> <Delay = 2.77> <CoreInst = "RAM">   --->   Core 82 'RAM' <Latency = 1> <II = 1> <Delay = 2.77> <Storage> <Opcode : 'load' 'store'> <Ports = 2> <Width = 17> <Depth = 512> <RAM>
ST_12 : Operation 71 [1/1] (0.00ns)   --->   "%br_ln223 = br void %arrayidx7.exit" [serial_fft/fft_serial.cpp:223]   --->   Operation 71 'br' 'br_ln223' <Predicate = (tmp)> <Delay = 0.00>


============================================================
+ Verbose Summary: Binding
============================================================
STG Binding: 
---------------- STG Properties BEGIN ----------------
- Is combinational: 0
- Is one-state seq: 0
- Is datapath-only: 0
- Is pipelined: 0
- Is top level: 0
Port [ Return ] is wired: 1; IO mode=ap_ctrl_hs:ce=0
Port [ AXI_IN]:  wired=1; compound=1; hidden=0; nouse=0; global=0; static=0; extern=0; dir=0; type=4; pingpong=0; private_global=0; IO mode=m_axi:ce=0
Port [ im_1]:  wired=1; compound=1; hidden=0; nouse=0; global=0; static=0; extern=0; dir=1; type=1; pingpong=0; private_global=0; MemPort=[03]; IO mode=ap_memory:ce=0
Port [ im]:  wired=1; compound=1; hidden=0; nouse=0; global=0; static=0; extern=0; dir=1; type=1; pingpong=0; private_global=0; MemPort=[03]; IO mode=ap_memory:ce=0
Port [ re_1]:  wired=1; compound=1; hidden=0; nouse=0; global=0; static=0; extern=0; dir=1; type=1; pingpong=0; private_global=0; MemPort=[03]; IO mode=ap_memory:ce=0
Port [ re]:  wired=1; compound=1; hidden=0; nouse=0; global=0; static=0; extern=0; dir=1; type=1; pingpong=0; private_global=0; MemPort=[03]; IO mode=ap_memory:ce=0
Port [ sext_ln219]:  wired=1; compound=0; hidden=0; nouse=0; global=0; static=0; extern=0; dir=0; type=0; pingpong=0; private_global=0; IO mode=ap_none:ce=0
Port [ sext_ln219_1]:  wired=1; compound=0; hidden=0; nouse=0; global=0; static=0; extern=0; dir=0; type=0; pingpong=0; private_global=0; IO mode=ap_none:ce=0
---------------- STG Properties END ------------------

---------------- Datapath Model BEGIN ----------------

<LifeTime>
<method=bitvector/>
i                      (alloca           ) [ 0100000000000]
sext_ln219_1_read      (read             ) [ 0000000000000]
sext_ln219_read        (read             ) [ 0000000000000]
sext_ln219_1_cast      (sext             ) [ 0000000000000]
sext_ln219_cast        (sext             ) [ 0000000000000]
specinterface_ln0      (specinterface    ) [ 0000000000000]
store_ln219            (store            ) [ 0000000000000]
br_ln0                 (br               ) [ 0000000000000]
i_8                    (load             ) [ 0000000000000]
specbitsmap_ln0        (specbitsmap      ) [ 0000000000000]
icmp_ln219             (icmp             ) [ 0111111111100]
add_ln219              (add              ) [ 0000000000000]
br_ln219               (br               ) [ 0000000000000]
zext_ln219             (zext             ) [ 0000000000000]
or_ln                  (partselect       ) [ 0111111111110]
add_ln222              (add              ) [ 0000000000000]
AXI_IN_addr            (getelementptr    ) [ 0111111111100]
tmp                    (bitselect        ) [ 0111111111111]
add_ln223              (add              ) [ 0000000000000]
AXI_IN_addr_1          (getelementptr    ) [ 0111111111110]
br_ln222               (br               ) [ 0000000000000]
store_ln219            (store            ) [ 0000000000000]
br_ln219               (br               ) [ 0000000000000]
AXI_IN_load_req        (readreq          ) [ 0000000000000]
AXI_IN_addr_read       (read             ) [ 0100000000010]
AXI_IN_load_1_req      (readreq          ) [ 0000000000000]
zext_ln94              (zext             ) [ 0000000000000]
sext_ln222             (sext             ) [ 0000000000000]
re_addr                (getelementptr    ) [ 0000000000000]
re_1_addr              (getelementptr    ) [ 0000000000000]
AXI_IN_addr_1_read     (read             ) [ 0010000000001]
im_addr                (getelementptr    ) [ 0010000000001]
im_1_addr              (getelementptr    ) [ 0010000000001]
store_ln222            (store            ) [ 0000000000000]
store_ln222            (store            ) [ 0000000000000]
specpipeline_ln220     (specpipeline     ) [ 0000000000000]
speclooptripcount_ln92 (speclooptripcount) [ 0000000000000]
specloopname_ln219     (specloopname     ) [ 0000000000000]
sext_ln223             (sext             ) [ 0000000000000]
store_ln223            (store            ) [ 0000000000000]
br_ln223               (br               ) [ 0000000000000]
store_ln223            (store            ) [ 0000000000000]
br_ln223               (br               ) [ 0000000000000]
ret_ln0                (ret              ) [ 0000000000000]
</LifeTime>

<model>

<comp_list>
<comp id="0" class="1000" name="AXI_IN">
<pin_list>
<pin id="1" dir="1" index="0" bw="1" slack="0"/>
</pin_list>
<bind>
<StgValue><ssdm name="AXI_IN"/></StgValue>
</bind>
</comp>

<comp id="2" class="1000" name="im_1">
<pin_list>
<pin id="3" dir="1" index="0" bw="1" slack="0"/>
</pin_list>
<bind>
<StgValue><ssdm name="im_1"/><MemPortTyVec>0 3 </MemPortTyVec>
</StgValue>
</bind>
</comp>

<comp id="4" class="1000" name="im">
<pin_list>
<pin id="5" dir="1" index="0" bw="1" slack="0"/>
</pin_list>
<bind>
<StgValue><ssdm name="im"/><MemPortTyVec>0 3 </MemPortTyVec>
</StgValue>
</bind>
</comp>

<comp id="6" class="1000" name="re_1">
<pin_list>
<pin id="7" dir="1" index="0" bw="1" slack="0"/>
</pin_list>
<bind>
<StgValue><ssdm name="re_1"/><MemPortTyVec>0 3 </MemPortTyVec>
</StgValue>
</bind>
</comp>

<comp id="8" class="1000" name="re">
<pin_list>
<pin id="9" dir="1" index="0" bw="1" slack="0"/>
</pin_list>
<bind>
<StgValue><ssdm name="re"/><MemPortTyVec>0 3 </MemPortTyVec>
</StgValue>
</bind>
</comp>

<comp id="10" class="1000" name="sext_ln219">
<pin_list>
<pin id="11" dir="1" index="0" bw="1" slack="0"/>
</pin_list>
<bind>
<StgValue><ssdm name="sext_ln219"/></StgValue>
</bind>
</comp>

<comp id="12" class="1000" name="sext_ln219_1">
<pin_list>
<pin id="13" dir="1" index="0" bw="1" slack="0"/>
</pin_list>
<bind>
<StgValue><ssdm name="sext_ln219_1"/></StgValue>
</bind>
</comp>

<comp id="14" class="1001" name="const_14">
<pin_list>
<pin id="15" dir="1" index="0" bw="1" slack="0"/>
</pin_list>
<bind>
<StgValue><ssdm name=""/></StgValue>
</bind>
</comp>

<comp id="16" class="1001" name="const_16">
<pin_list>
<pin id="17" dir="1" index="0" bw="1" slack="0"/>
</pin_list>
<bind>
<StgValue><ssdm name="_ssdm_op_Read.ap_auto.i63"/></StgValue>
</bind>
</comp>

<comp id="18" class="1001" name="const_18">
<pin_list>
<pin id="19" dir="1" index="0" bw="1" slack="2147483647"/>
</pin_list>
<bind>
<StgValue><ssdm name="_ssdm_op_SpecInterface"/></StgValue>
</bind>
</comp>

<comp id="20" class="1001" name="const_20">
<pin_list>
<pin id="21" dir="1" index="0" bw="1" slack="2147483647"/>
</pin_list>
<bind>
<StgValue><ssdm name="empty_35"/></StgValue>
</bind>
</comp>

<comp id="22" class="1001" name="const_22">
<pin_list>
<pin id="23" dir="1" index="0" bw="1" slack="0"/>
</pin_list>
<bind>
<StgValue><ssdm name=""/></StgValue>
</bind>
</comp>

<comp id="24" class="1001" name="const_24">
<pin_list>
<pin id="25" dir="1" index="0" bw="1" slack="2147483647"/>
</pin_list>
<bind>
<StgValue><ssdm name="empty_36"/></StgValue>
</bind>
</comp>

<comp id="26" class="1001" name="const_26">
<pin_list>
<pin id="27" dir="1" index="0" bw="1" slack="2147483647"/>
</pin_list>
<bind>
<StgValue><ssdm name="empty_37"/></StgValue>
</bind>
</comp>

<comp id="28" class="1001" name="const_28">
<pin_list>
<pin id="29" dir="1" index="0" bw="1" slack="2147483647"/>
</pin_list>
<bind>
<StgValue><ssdm name="empty_38"/></StgValue>
</bind>
</comp>

<comp id="30" class="1001" name="const_30">
<pin_list>
<pin id="31" dir="1" index="0" bw="1" slack="2147483647"/>
</pin_list>
<bind>
<StgValue><ssdm name=""/></StgValue>
</bind>
</comp>

<comp id="32" class="1001" name="const_32">
<pin_list>
<pin id="33" dir="1" index="0" bw="1" slack="2147483647"/>
</pin_list>
<bind>
<StgValue><ssdm name=""/></StgValue>
</bind>
</comp>

<comp id="34" class="1001" name="const_34">
<pin_list>
<pin id="35" dir="1" index="0" bw="1" slack="0"/>
</pin_list>
<bind>
<StgValue><ssdm name=""/></StgValue>
</bind>
</comp>

<comp id="36" class="1001" name="const_36">
<pin_list>
<pin id="37" dir="1" index="0" bw="1" slack="2147483647"/>
</pin_list>
<bind>
<StgValue><ssdm name="_ssdm_op_SpecBitsMap"/></StgValue>
</bind>
</comp>

<comp id="38" class="1001" name="const_38">
<pin_list>
<pin id="39" dir="1" index="0" bw="1" slack="0"/>
</pin_list>
<bind>
<StgValue><ssdm name=""/></StgValue>
</bind>
</comp>

<comp id="40" class="1001" name="const_40">
<pin_list>
<pin id="41" dir="1" index="0" bw="1" slack="0"/>
</pin_list>
<bind>
<StgValue><ssdm name=""/></StgValue>
</bind>
</comp>

<comp id="42" class="1001" name="const_42">
<pin_list>
<pin id="43" dir="1" index="0" bw="1" slack="0"/>
</pin_list>
<bind>
<StgValue><ssdm name="_ssdm_op_PartSelect.i9.i11.i32.i32"/></StgValue>
</bind>
</comp>

<comp id="44" class="1001" name="const_44">
<pin_list>
<pin id="45" dir="1" index="0" bw="1" slack="0"/>
</pin_list>
<bind>
<StgValue><ssdm name=""/></StgValue>
</bind>
</comp>

<comp id="46" class="1001" name="const_46">
<pin_list>
<pin id="47" dir="1" index="0" bw="1" slack="0"/>
</pin_list>
<bind>
<StgValue><ssdm name="_ssdm_op_BitSelect.i1.i11.i32"/></StgValue>
</bind>
</comp>

<comp id="48" class="1001" name="const_48">
<pin_list>
<pin id="49" dir="1" index="0" bw="1" slack="0"/>
</pin_list>
<bind>
<StgValue><ssdm name=""/></StgValue>
</bind>
</comp>

<comp id="50" class="1001" name="const_50">
<pin_list>
<pin id="51" dir="1" index="0" bw="1" slack="0"/>
</pin_list>
<bind>
<StgValue><ssdm name="_ssdm_op_ReadReq.m_axi.i16P1A"/></StgValue>
</bind>
</comp>

<comp id="52" class="1001" name="const_52">
<pin_list>
<pin id="53" dir="1" index="0" bw="1" slack="0"/>
</pin_list>
<bind>
<StgValue><ssdm name="_ssdm_op_Read.m_axi.i16P1A"/></StgValue>
</bind>
</comp>

<comp id="54" class="1001" name="const_54">
<pin_list>
<pin id="55" dir="1" index="0" bw="1" slack="0"/>
</pin_list>
<bind>
<StgValue><ssdm name=""/></StgValue>
</bind>
</comp>

<comp id="56" class="1001" name="const_56">
<pin_list>
<pin id="57" dir="1" index="0" bw="1" slack="2147483647"/>
</pin_list>
<bind>
<StgValue><ssdm name="_ssdm_op_SpecPipeline"/></StgValue>
</bind>
</comp>

<comp id="58" class="1001" name="const_58">
<pin_list>
<pin id="59" dir="1" index="0" bw="1" slack="2147483647"/>
</pin_list>
<bind>
<StgValue><ssdm name="_ssdm_op_SpecLoopTripCount"/></StgValue>
</bind>
</comp>

<comp id="60" class="1001" name="const_60">
<pin_list>
<pin id="61" dir="1" index="0" bw="1" slack="2147483647"/>
</pin_list>
<bind>
<StgValue><ssdm name=""/></StgValue>
</bind>
</comp>

<comp id="62" class="1001" name="const_62">
<pin_list>
<pin id="63" dir="1" index="0" bw="1" slack="2147483647"/>
</pin_list>
<bind>
<StgValue><ssdm name="_ssdm_op_SpecLoopName"/></StgValue>
</bind>
</comp>

<comp id="64" class="1001" name="const_64">
<pin_list>
<pin id="65" dir="1" index="0" bw="1" slack="2147483647"/>
</pin_list>
<bind>
<StgValue><ssdm name="empty_39"/></StgValue>
</bind>
</comp>

<comp id="66" class="1004" name="i_fu_66">
<pin_list>
<pin id="67" dir="0" index="0" bw="1" slack="0"/>
<pin id="68" dir="1" index="1" bw="11" slack="0"/>
</pin_list>
<bind>
<opcode="alloca(26) " fcode="alloca"/>
<opset="i/1 "/>
</bind>
</comp>

<comp id="70" class="1004" name="sext_ln219_1_read_read_fu_70">
<pin_list>
<pin id="71" dir="0" index="0" bw="63" slack="0"/>
<pin id="72" dir="0" index="1" bw="63" slack="0"/>
<pin id="73" dir="1" index="2" bw="63" slack="0"/>
</pin_list>
<bind>
<opcode="read(1150) " fcode="read"/>
<opset="sext_ln219_1_read/1 "/>
</bind>
</comp>

<comp id="76" class="1004" name="sext_ln219_read_read_fu_76">
<pin_list>
<pin id="77" dir="0" index="0" bw="63" slack="0"/>
<pin id="78" dir="0" index="1" bw="63" slack="0"/>
<pin id="79" dir="1" index="2" bw="63" slack="0"/>
</pin_list>
<bind>
<opcode="read(1150) " fcode="read"/>
<opset="sext_ln219_read/1 "/>
</bind>
</comp>

<comp id="82" class="1004" name="grp_readreq_fu_82">
<pin_list>
<pin id="83" dir="0" index="0" bw="1" slack="0"/>
<pin id="84" dir="0" index="1" bw="16" slack="1"/>
<pin id="85" dir="0" index="2" bw="1" slack="0"/>
<pin id="86" dir="1" index="3" bw="1" slack="2147483647"/>
</pin_list>
<bind>
<opcode="readreq(1154) " fcode="readreq"/>
<opset="AXI_IN_load_req/2 "/>
</bind>
</comp>

<comp id="89" class="1004" name="grp_readreq_fu_89">
<pin_list>
<pin id="90" dir="0" index="0" bw="1" slack="0"/>
<pin id="91" dir="0" index="1" bw="16" slack="2"/>
<pin id="92" dir="0" index="2" bw="1" slack="0"/>
<pin id="93" dir="1" index="3" bw="1" slack="2147483647"/>
</pin_list>
<bind>
<opcode="readreq(1154) " fcode="readreq"/>
<opset="AXI_IN_load_1_req/3 "/>
</bind>
</comp>

<comp id="96" class="1004" name="AXI_IN_addr_read_read_fu_96">
<pin_list>
<pin id="97" dir="0" index="0" bw="16" slack="0"/>
<pin id="98" dir="0" index="1" bw="16" slack="9"/>
<pin id="99" dir="1" index="2" bw="16" slack="1"/>
</pin_list>
<bind>
<opcode="read(1150) " fcode="read"/>
<opset="AXI_IN_addr_read/10 "/>
</bind>
</comp>

<comp id="101" class="1004" name="AXI_IN_addr_1_read_read_fu_101">
<pin_list>
<pin id="102" dir="0" index="0" bw="16" slack="0"/>
<pin id="103" dir="0" index="1" bw="16" slack="10"/>
<pin id="104" dir="1" index="2" bw="16" slack="1"/>
</pin_list>
<bind>
<opcode="read(1150) " fcode="read"/>
<opset="AXI_IN_addr_1_read/11 "/>
</bind>
</comp>

<comp id="106" class="1004" name="re_addr_gep_fu_106">
<pin_list>
<pin id="107" dir="0" index="0" bw="17" slack="0"/>
<pin id="108" dir="0" index="1" bw="1" slack="0"/>
<pin id="109" dir="0" index="2" bw="9" slack="0"/>
<pin id="110" dir="1" index="3" bw="9" slack="0"/>
</pin_list>
<bind>
<opcode="getelementptr(29) " fcode="getelementptr"/>
<opset="re_addr/11 "/>
</bind>
</comp>

<comp id="113" class="1004" name="re_1_addr_gep_fu_113">
<pin_list>
<pin id="114" dir="0" index="0" bw="17" slack="0"/>
<pin id="115" dir="0" index="1" bw="1" slack="0"/>
<pin id="116" dir="0" index="2" bw="9" slack="0"/>
<pin id="117" dir="1" index="3" bw="9" slack="0"/>
</pin_list>
<bind>
<opcode="getelementptr(29) " fcode="getelementptr"/>
<opset="re_1_addr/11 "/>
</bind>
</comp>

<comp id="120" class="1004" name="im_addr_gep_fu_120">
<pin_list>
<pin id="121" dir="0" index="0" bw="17" slack="0"/>
<pin id="122" dir="0" index="1" bw="1" slack="0"/>
<pin id="123" dir="0" index="2" bw="9" slack="0"/>
<pin id="124" dir="1" index="3" bw="9" slack="1"/>
</pin_list>
<bind>
<opcode="getelementptr(29) " fcode="getelementptr"/>
<opset="im_addr/11 "/>
</bind>
</comp>

<comp id="127" class="1004" name="im_1_addr_gep_fu_127">
<pin_list>
<pin id="128" dir="0" index="0" bw="17" slack="0"/>
<pin id="129" dir="0" index="1" bw="1" slack="0"/>
<pin id="130" dir="0" index="2" bw="9" slack="0"/>
<pin id="131" dir="1" index="3" bw="9" slack="1"/>
</pin_list>
<bind>
<opcode="getelementptr(29) " fcode="getelementptr"/>
<opset="im_1_addr/11 "/>
</bind>
</comp>

<comp id="134" class="1004" name="store_ln222_access_fu_134">
<pin_list>
<pin id="135" dir="0" index="0" bw="9" slack="0"/>
<pin id="136" dir="0" index="1" bw="17" slack="0"/>
<pin id="137" dir="0" index="2" bw="0" slack="2147483647"/>
<pin id="138" dir="1" index="3" bw="17" slack="2147483647"/>
</pin_list>
<bind>
<opcode="store(28) " fcode="store"/>
<opset="store_ln222/11 "/>
</bind>
</comp>

<comp id="140" class="1004" name="store_ln222_access_fu_140">
<pin_list>
<pin id="141" dir="0" index="0" bw="9" slack="0"/>
<pin id="142" dir="0" index="1" bw="17" slack="0"/>
<pin id="143" dir="0" index="2" bw="0" slack="2147483647"/>
<pin id="144" dir="1" index="3" bw="17" slack="2147483647"/>
</pin_list>
<bind>
<opcode="store(28) " fcode="store"/>
<opset="store_ln222/11 "/>
</bind>
</comp>

<comp id="146" class="1004" name="store_ln223_access_fu_146">
<pin_list>
<pin id="147" dir="0" index="0" bw="9" slack="1"/>
<pin id="148" dir="0" index="1" bw="17" slack="0"/>
<pin id="149" dir="0" index="2" bw="0" slack="2147483647"/>
<pin id="150" dir="1" index="3" bw="17" slack="2147483647"/>
</pin_list>
<bind>
<opcode="store(28) " fcode="store"/>
<opset="store_ln223/12 "/>
</bind>
</comp>

<comp id="151" class="1004" name="store_ln223_access_fu_151">
<pin_list>
<pin id="152" dir="0" index="0" bw="9" slack="1"/>
<pin id="153" dir="0" index="1" bw="17" slack="0"/>
<pin id="154" dir="0" index="2" bw="0" slack="2147483647"/>
<pin id="155" dir="1" index="3" bw="17" slack="2147483647"/>
</pin_list>
<bind>
<opcode="store(28) " fcode="store"/>
<opset="store_ln223/12 "/>
</bind>
</comp>

<comp id="156" class="1004" name="sext_ln219_1_cast_fu_156">
<pin_list>
<pin id="157" dir="0" index="0" bw="63" slack="0"/>
<pin id="158" dir="1" index="1" bw="64" slack="0"/>
</pin_list>
<bind>
<opcode="sext(35) " fcode="sext"/>
<opset="sext_ln219_1_cast/1 "/>
</bind>
</comp>

<comp id="160" class="1004" name="sext_ln219_cast_fu_160">
<pin_list>
<pin id="161" dir="0" index="0" bw="63" slack="0"/>
<pin id="162" dir="1" index="1" bw="64" slack="0"/>
</pin_list>
<bind>
<opcode="sext(35) " fcode="sext"/>
<opset="sext_ln219_cast/1 "/>
</bind>
</comp>

<comp id="164" class="1004" name="store_ln219_store_fu_164">
<pin_list>
<pin id="165" dir="0" index="0" bw="1" slack="0"/>
<pin id="166" dir="0" index="1" bw="11" slack="0"/>
<pin id="167" dir="1" index="2" bw="0" slack="2147483647"/>
</pin_list>
<bind>
<opcode="store(28) " fcode="store"/>
<opset="store_ln219/1 "/>
</bind>
</comp>

<comp id="169" class="1004" name="i_8_load_fu_169">
<pin_list>
<pin id="170" dir="0" index="0" bw="11" slack="0"/>
<pin id="171" dir="1" index="1" bw="11" slack="0"/>
</pin_list>
<bind>
<opcode="load(27) " fcode="load"/>
<opset="i_8/1 "/>
</bind>
</comp>

<comp id="172" class="1004" name="icmp_ln219_fu_172">
<pin_list>
<pin id="173" dir="0" index="0" bw="11" slack="0"/>
<pin id="174" dir="0" index="1" bw="11" slack="0"/>
<pin id="175" dir="1" index="2" bw="1" slack="1"/>
</pin_list>
<bind>
<opcode="icmp(45) " fcode="icmp"/>
<opset="icmp_ln219/1 "/>
</bind>
</comp>

<comp id="178" class="1004" name="add_ln219_fu_178">
<pin_list>
<pin id="179" dir="0" index="0" bw="11" slack="0"/>
<pin id="180" dir="0" index="1" bw="1" slack="0"/>
<pin id="181" dir="1" index="2" bw="11" slack="0"/>
</pin_list>
<bind>
<opcode="add(8) " fcode="add"/>
<opset="add_ln219/1 "/>
</bind>
</comp>

<comp id="184" class="1004" name="zext_ln219_fu_184">
<pin_list>
<pin id="185" dir="0" index="0" bw="11" slack="0"/>
<pin id="186" dir="1" index="1" bw="64" slack="0"/>
</pin_list>
<bind>
<opcode="zext(34) " fcode="zext"/>
<opset="zext_ln219/1 "/>
</bind>
</comp>

<comp id="188" class="1004" name="or_ln_fu_188">
<pin_list>
<pin id="189" dir="0" index="0" bw="9" slack="0"/>
<pin id="190" dir="0" index="1" bw="11" slack="0"/>
<pin id="191" dir="0" index="2" bw="5" slack="0"/>
<pin id="192" dir="0" index="3" bw="1" slack="0"/>
<pin id="193" dir="1" index="4" bw="9" slack="10"/>
</pin_list>
<bind>
<opcode="partselect(1002) " fcode="partselect"/>
<opset="or_ln/1 "/>
</bind>
</comp>

<comp id="198" class="1004" name="add_ln222_fu_198">
<pin_list>
<pin id="199" dir="0" index="0" bw="11" slack="0"/>
<pin id="200" dir="0" index="1" bw="63" slack="0"/>
<pin id="201" dir="1" index="2" bw="64" slack="0"/>
</pin_list>
<bind>
<opcode="add(8) " fcode="add"/>
<opset="add_ln222/1 "/>
</bind>
</comp>

<comp id="204" class="1004" name="AXI_IN_addr_fu_204">
<pin_list>
<pin id="205" dir="0" index="0" bw="64" slack="0"/>
<pin id="206" dir="0" index="1" bw="64" slack="0"/>
<pin id="207" dir="1" index="2" bw="64" slack="1"/>
</pin_list>
<bind>
<opcode="getelementptr(29) " fcode="getelementptr"/>
<opset="AXI_IN_addr/1 "/>
</bind>
</comp>

<comp id="210" class="1004" name="tmp_fu_210">
<pin_list>
<pin id="211" dir="0" index="0" bw="1" slack="0"/>
<pin id="212" dir="0" index="1" bw="11" slack="0"/>
<pin id="213" dir="0" index="2" bw="5" slack="0"/>
<pin id="214" dir="1" index="3" bw="1" slack="10"/>
</pin_list>
<bind>
<opcode="bitselect(1000) " fcode="bitselect"/>
<opset="tmp/1 "/>
</bind>
</comp>

<comp id="218" class="1004" name="add_ln223_fu_218">
<pin_list>
<pin id="219" dir="0" index="0" bw="11" slack="0"/>
<pin id="220" dir="0" index="1" bw="63" slack="0"/>
<pin id="221" dir="1" index="2" bw="64" slack="0"/>
</pin_list>
<bind>
<opcode="add(8) " fcode="add"/>
<opset="add_ln223/1 "/>
</bind>
</comp>

<comp id="224" class="1004" name="AXI_IN_addr_1_fu_224">
<pin_list>
<pin id="225" dir="0" index="0" bw="64" slack="0"/>
<pin id="226" dir="0" index="1" bw="64" slack="0"/>
<pin id="227" dir="1" index="2" bw="64" slack="2"/>
</pin_list>
<bind>
<opcode="getelementptr(29) " fcode="getelementptr"/>
<opset="AXI_IN_addr_1/1 "/>
</bind>
</comp>

<comp id="230" class="1004" name="store_ln219_store_fu_230">
<pin_list>
<pin id="231" dir="0" index="0" bw="11" slack="0"/>
<pin id="232" dir="0" index="1" bw="11" slack="0"/>
<pin id="233" dir="1" index="2" bw="0" slack="2147483647"/>
</pin_list>
<bind>
<opcode="store(28) " fcode="store"/>
<opset="store_ln219/1 "/>
</bind>
</comp>

<comp id="235" class="1004" name="zext_ln94_fu_235">
<pin_list>
<pin id="236" dir="0" index="0" bw="9" slack="10"/>
<pin id="237" dir="1" index="1" bw="64" slack="0"/>
</pin_list>
<bind>
<opcode="zext(34) " fcode="zext"/>
<opset="zext_ln94/11 "/>
</bind>
</comp>

<comp id="242" class="1004" name="sext_ln222_fu_242">
<pin_list>
<pin id="243" dir="0" index="0" bw="16" slack="1"/>
<pin id="244" dir="1" index="1" bw="17" slack="0"/>
</pin_list>
<bind>
<opcode="sext(35) " fcode="sext"/>
<opset="sext_ln222/11 "/>
</bind>
</comp>

<comp id="247" class="1004" name="sext_ln223_fu_247">
<pin_list>
<pin id="248" dir="0" index="0" bw="16" slack="1"/>
<pin id="249" dir="1" index="1" bw="17" slack="0"/>
</pin_list>
<bind>
<opcode="sext(35) " fcode="sext"/>
<opset="sext_ln223/12 "/>
</bind>
</comp>

<comp id="252" class="1005" name="i_reg_252">
<pin_list>
<pin id="253" dir="0" index="0" bw="11" slack="0"/>
<pin id="254" dir="1" index="1" bw="11" slack="0"/>
</pin_list>
<bind>
<opset="i "/>
</bind>
</comp>

<comp id="259" class="1005" name="icmp_ln219_reg_259">
<pin_list>
<pin id="260" dir="0" index="0" bw="1" slack="1"/>
<pin id="261" dir="1" index="1" bw="1" slack="2147483647"/>
</pin_list>
<bind>
<opset="icmp_ln219 "/>
</bind>
</comp>

<comp id="263" class="1005" name="or_ln_reg_263">
<pin_list>
<pin id="264" dir="0" index="0" bw="9" slack="10"/>
<pin id="265" dir="1" index="1" bw="9" slack="10"/>
</pin_list>
<bind>
<opset="or_ln "/>
</bind>
</comp>

<comp id="268" class="1005" name="AXI_IN_addr_reg_268">
<pin_list>
<pin id="269" dir="0" index="0" bw="16" slack="1"/>
<pin id="270" dir="1" index="1" bw="16" slack="1"/>
</pin_list>
<bind>
<opset="AXI_IN_addr "/>
</bind>
</comp>

<comp id="274" class="1005" name="tmp_reg_274">
<pin_list>
<pin id="275" dir="0" index="0" bw="1" slack="10"/>
<pin id="276" dir="1" index="1" bw="1" slack="2147483647"/>
</pin_list>
<bind>
<opset="tmp "/>
</bind>
</comp>

<comp id="278" class="1005" name="AXI_IN_addr_1_reg_278">
<pin_list>
<pin id="279" dir="0" index="0" bw="16" slack="2"/>
<pin id="280" dir="1" index="1" bw="16" slack="2"/>
</pin_list>
<bind>
<opset="AXI_IN_addr_1 "/>
</bind>
</comp>

<comp id="284" class="1005" name="AXI_IN_addr_read_reg_284">
<pin_list>
<pin id="285" dir="0" index="0" bw="16" slack="1"/>
<pin id="286" dir="1" index="1" bw="16" slack="1"/>
</pin_list>
<bind>
<opset="AXI_IN_addr_read "/>
</bind>
</comp>

<comp id="289" class="1005" name="AXI_IN_addr_1_read_reg_289">
<pin_list>
<pin id="290" dir="0" index="0" bw="16" slack="1"/>
<pin id="291" dir="1" index="1" bw="16" slack="1"/>
</pin_list>
<bind>
<opset="AXI_IN_addr_1_read "/>
</bind>
</comp>

<comp id="294" class="1005" name="im_addr_reg_294">
<pin_list>
<pin id="295" dir="0" index="0" bw="9" slack="1"/>
<pin id="296" dir="1" index="1" bw="9" slack="1"/>
</pin_list>
<bind>
<opset="im_addr "/>
</bind>
</comp>

<comp id="299" class="1005" name="im_1_addr_reg_299">
<pin_list>
<pin id="300" dir="0" index="0" bw="9" slack="1"/>
<pin id="301" dir="1" index="1" bw="9" slack="1"/>
</pin_list>
<bind>
<opset="im_1_addr "/>
</bind>
</comp>

</comp_list>

<net_list>
<net id="69"><net_src comp="14" pin="0"/><net_sink comp="66" pin=0"/></net>

<net id="74"><net_src comp="16" pin="0"/><net_sink comp="70" pin=0"/></net>

<net id="75"><net_src comp="12" pin="0"/><net_sink comp="70" pin=1"/></net>

<net id="80"><net_src comp="16" pin="0"/><net_sink comp="76" pin=0"/></net>

<net id="81"><net_src comp="10" pin="0"/><net_sink comp="76" pin=1"/></net>

<net id="87"><net_src comp="50" pin="0"/><net_sink comp="82" pin=0"/></net>

<net id="88"><net_src comp="14" pin="0"/><net_sink comp="82" pin=2"/></net>

<net id="94"><net_src comp="50" pin="0"/><net_sink comp="89" pin=0"/></net>

<net id="95"><net_src comp="14" pin="0"/><net_sink comp="89" pin=2"/></net>

<net id="100"><net_src comp="52" pin="0"/><net_sink comp="96" pin=0"/></net>

<net id="105"><net_src comp="52" pin="0"/><net_sink comp="101" pin=0"/></net>

<net id="111"><net_src comp="8" pin="0"/><net_sink comp="106" pin=0"/></net>

<net id="112"><net_src comp="54" pin="0"/><net_sink comp="106" pin=1"/></net>

<net id="118"><net_src comp="6" pin="0"/><net_sink comp="113" pin=0"/></net>

<net id="119"><net_src comp="54" pin="0"/><net_sink comp="113" pin=1"/></net>

<net id="125"><net_src comp="4" pin="0"/><net_sink comp="120" pin=0"/></net>

<net id="126"><net_src comp="54" pin="0"/><net_sink comp="120" pin=1"/></net>

<net id="132"><net_src comp="2" pin="0"/><net_sink comp="127" pin=0"/></net>

<net id="133"><net_src comp="54" pin="0"/><net_sink comp="127" pin=1"/></net>

<net id="139"><net_src comp="106" pin="3"/><net_sink comp="134" pin=0"/></net>

<net id="145"><net_src comp="113" pin="3"/><net_sink comp="140" pin=0"/></net>

<net id="159"><net_src comp="70" pin="2"/><net_sink comp="156" pin=0"/></net>

<net id="163"><net_src comp="76" pin="2"/><net_sink comp="160" pin=0"/></net>

<net id="168"><net_src comp="34" pin="0"/><net_sink comp="164" pin=0"/></net>

<net id="176"><net_src comp="169" pin="1"/><net_sink comp="172" pin=0"/></net>

<net id="177"><net_src comp="38" pin="0"/><net_sink comp="172" pin=1"/></net>

<net id="182"><net_src comp="169" pin="1"/><net_sink comp="178" pin=0"/></net>

<net id="183"><net_src comp="40" pin="0"/><net_sink comp="178" pin=1"/></net>

<net id="187"><net_src comp="169" pin="1"/><net_sink comp="184" pin=0"/></net>

<net id="194"><net_src comp="42" pin="0"/><net_sink comp="188" pin=0"/></net>

<net id="195"><net_src comp="169" pin="1"/><net_sink comp="188" pin=1"/></net>

<net id="196"><net_src comp="44" pin="0"/><net_sink comp="188" pin=2"/></net>

<net id="197"><net_src comp="22" pin="0"/><net_sink comp="188" pin=3"/></net>

<net id="202"><net_src comp="184" pin="1"/><net_sink comp="198" pin=0"/></net>

<net id="203"><net_src comp="160" pin="1"/><net_sink comp="198" pin=1"/></net>

<net id="208"><net_src comp="0" pin="0"/><net_sink comp="204" pin=0"/></net>

<net id="209"><net_src comp="198" pin="2"/><net_sink comp="204" pin=1"/></net>

<net id="215"><net_src comp="46" pin="0"/><net_sink comp="210" pin=0"/></net>

<net id="216"><net_src comp="169" pin="1"/><net_sink comp="210" pin=1"/></net>

<net id="217"><net_src comp="48" pin="0"/><net_sink comp="210" pin=2"/></net>

<net id="222"><net_src comp="184" pin="1"/><net_sink comp="218" pin=0"/></net>

<net id="223"><net_src comp="156" pin="1"/><net_sink comp="218" pin=1"/></net>

<net id="228"><net_src comp="0" pin="0"/><net_sink comp="224" pin=0"/></net>

<net id="229"><net_src comp="218" pin="2"/><net_sink comp="224" pin=1"/></net>

<net id="234"><net_src comp="178" pin="2"/><net_sink comp="230" pin=0"/></net>

<net id="238"><net_src comp="235" pin="1"/><net_sink comp="106" pin=2"/></net>

<net id="239"><net_src comp="235" pin="1"/><net_sink comp="113" pin=2"/></net>

<net id="240"><net_src comp="235" pin="1"/><net_sink comp="120" pin=2"/></net>

<net id="241"><net_src comp="235" pin="1"/><net_sink comp="127" pin=2"/></net>

<net id="245"><net_src comp="242" pin="1"/><net_sink comp="134" pin=1"/></net>

<net id="246"><net_src comp="242" pin="1"/><net_sink comp="140" pin=1"/></net>

<net id="250"><net_src comp="247" pin="1"/><net_sink comp="146" pin=1"/></net>

<net id="251"><net_src comp="247" pin="1"/><net_sink comp="151" pin=1"/></net>

<net id="255"><net_src comp="66" pin="1"/><net_sink comp="252" pin=0"/></net>

<net id="256"><net_src comp="252" pin="1"/><net_sink comp="164" pin=1"/></net>

<net id="257"><net_src comp="252" pin="1"/><net_sink comp="169" pin=0"/></net>

<net id="258"><net_src comp="252" pin="1"/><net_sink comp="230" pin=1"/></net>

<net id="262"><net_src comp="172" pin="2"/><net_sink comp="259" pin=0"/></net>

<net id="266"><net_src comp="188" pin="4"/><net_sink comp="263" pin=0"/></net>

<net id="267"><net_src comp="263" pin="1"/><net_sink comp="235" pin=0"/></net>

<net id="271"><net_src comp="204" pin="2"/><net_sink comp="268" pin=0"/></net>

<net id="272"><net_src comp="268" pin="1"/><net_sink comp="82" pin=1"/></net>

<net id="273"><net_src comp="268" pin="1"/><net_sink comp="96" pin=1"/></net>

<net id="277"><net_src comp="210" pin="3"/><net_sink comp="274" pin=0"/></net>

<net id="281"><net_src comp="224" pin="2"/><net_sink comp="278" pin=0"/></net>

<net id="282"><net_src comp="278" pin="1"/><net_sink comp="89" pin=1"/></net>

<net id="283"><net_src comp="278" pin="1"/><net_sink comp="101" pin=1"/></net>

<net id="287"><net_src comp="96" pin="2"/><net_sink comp="284" pin=0"/></net>

<net id="288"><net_src comp="284" pin="1"/><net_sink comp="242" pin=0"/></net>

<net id="292"><net_src comp="101" pin="2"/><net_sink comp="289" pin=0"/></net>

<net id="293"><net_src comp="289" pin="1"/><net_sink comp="247" pin=0"/></net>

<net id="297"><net_src comp="120" pin="3"/><net_sink comp="294" pin=0"/></net>

<net id="298"><net_src comp="294" pin="1"/><net_sink comp="146" pin=0"/></net>

<net id="302"><net_src comp="127" pin="3"/><net_sink comp="299" pin=0"/></net>

<net id="303"><net_src comp="299" pin="1"/><net_sink comp="151" pin=0"/></net>

</net_list>

</model> 
---------------- Datapath Model END ------------------

* FSMD analyzer results:
  - Output states:
	Port: AXI_IN | {}
	Port: im_1 | {12 }
	Port: im | {12 }
	Port: re_1 | {11 }
	Port: re | {11 }
 - Input state : 
	Port: fft_serial_Pipeline_load_loop : AXI_IN | {2 3 4 5 6 7 8 9 10 11 }
	Port: fft_serial_Pipeline_load_loop : sext_ln219 | {1 }
	Port: fft_serial_Pipeline_load_loop : sext_ln219_1 | {1 }
  - Chain level:
	State 1
		store_ln219 : 1
		i_8 : 1
		icmp_ln219 : 2
		add_ln219 : 2
		br_ln219 : 3
		zext_ln219 : 2
		or_ln : 2
		add_ln222 : 3
		AXI_IN_addr : 4
		tmp : 2
		add_ln223 : 3
		AXI_IN_addr_1 : 4
		br_ln222 : 3
		store_ln219 : 3
	State 2
	State 3
	State 4
	State 5
	State 6
	State 7
	State 8
	State 9
	State 10
	State 11
		re_addr : 1
		re_1_addr : 1
		im_addr : 1
		im_1_addr : 1
		store_ln222 : 2
		store_ln222 : 2
	State 12
		store_ln223 : 1
		store_ln223 : 1


============================================================
+ Verbose Summary: Datapath Resource usage 
============================================================

* Functional unit list:
|----------|--------------------------------|---------|---------|
| Operation|         Functional Unit        |    FF   |   LUT   |
|----------|--------------------------------|---------|---------|
|          |        add_ln219_fu_178        |    0    |    18   |
|    add   |        add_ln222_fu_198        |    0    |    70   |
|          |        add_ln223_fu_218        |    0    |    70   |
|----------|--------------------------------|---------|---------|
|   icmp   |        icmp_ln219_fu_172       |    0    |    18   |
|----------|--------------------------------|---------|---------|
|          |  sext_ln219_1_read_read_fu_70  |    0    |    0    |
|   read   |   sext_ln219_read_read_fu_76   |    0    |    0    |
|          |   AXI_IN_addr_read_read_fu_96  |    0    |    0    |
|          | AXI_IN_addr_1_read_read_fu_101 |    0    |    0    |
|----------|--------------------------------|---------|---------|
|  readreq |        grp_readreq_fu_82       |    0    |    0    |
|          |        grp_readreq_fu_89       |    0    |    0    |
|----------|--------------------------------|---------|---------|
|          |    sext_ln219_1_cast_fu_156    |    0    |    0    |
|   sext   |     sext_ln219_cast_fu_160     |    0    |    0    |
|          |        sext_ln222_fu_242       |    0    |    0    |
|          |        sext_ln223_fu_247       |    0    |    0    |
|----------|--------------------------------|---------|---------|
|   zext   |        zext_ln219_fu_184       |    0    |    0    |
|          |        zext_ln94_fu_235        |    0    |    0    |
|----------|--------------------------------|---------|---------|
|partselect|          or_ln_fu_188          |    0    |    0    |
|----------|--------------------------------|---------|---------|
| bitselect|           tmp_fu_210           |    0    |    0    |
|----------|--------------------------------|---------|---------|
|   Total  |                                |    0    |   176   |
|----------|--------------------------------|---------|---------|

Memories:
N/A

* Register list:
+--------------------------+--------+
|                          |   FF   |
+--------------------------+--------+
|AXI_IN_addr_1_read_reg_289|   16   |
|   AXI_IN_addr_1_reg_278  |   16   |
| AXI_IN_addr_read_reg_284 |   16   |
|    AXI_IN_addr_reg_268   |   16   |
|         i_reg_252        |   11   |
|    icmp_ln219_reg_259    |    1   |
|     im_1_addr_reg_299    |    9   |
|      im_addr_reg_294     |    9   |
|       or_ln_reg_263      |    9   |
|        tmp_reg_274       |    1   |
+--------------------------+--------+
|           Total          |   104  |
+--------------------------+--------+

* Multiplexer (MUX) list: 
|--------|------|------|------|--------|
|  Comp  |  Pin | Size |  BW  | S x BW |
|--------|------|------|------|--------|
|  Total |      |      |      |    0   |
|--------|------|------|------|--------|



* Summary:
+-----------+--------+--------+
|           |   FF   |   LUT  |
+-----------+--------+--------+
|  Function |    0   |   176  |
|   Memory  |    -   |    -   |
|Multiplexer|    -   |    -   |
|  Register |   104  |    -   |
+-----------+--------+--------+
|   Total   |   104  |   176  |
+-----------+--------+--------+
