

Implementation tool: Xilinx Vivado v.2023.2
Project:             serial_fft_hls
Solution:            solution1
Device target:       xc7a200t-fbg676-2
Report date:         Tue Jun 30 20:57:31 +0300 2026

#=== Post-Implementation Resource usage ===
SLICE:         2445
LUT:           6754
FF:            4958
DSP:             38
BRAM:             8
URAM:             0
LATCH:            0
SRL:            161
CLB:              0

#=== Final timing ===
CP required:                     10.000
CP achieved post-synthesis:      7.669
CP achieved post-implementation: 9.097
Timing met
